0.0 22963
0.01 22962.0
0.01 22961.0
0.01 22960.0
0.01 22959.0
0.01 22958.0
0.01 22957.0
0.01 22956.0
0.01 22955.0
0.01 22954.0
0.02 22953.0
0.02 22952.0
0.02 22951.0
0.02 22950.0
0.02 22949.0
0.02 22948.0
0.02 22947.0
0.02 22946.0
0.02 22945.0
0.03 22944.0
0.03 22943.0
0.03 22942.0
0.03 22941.0
0.03 22940.0
0.03 22939.0
0.03 22938.0
0.03 22937.0
0.03 22936.0
0.03 22935.0
0.04 22934.0
0.04 22933.0
0.04 22932.0
0.04 22931.0
0.04 22930.0
0.04 22929.0
0.04 22928.0
0.04 22927.0
0.04 22926.0
0.04 22925.0
0.05 22924.0
0.05 22923.0
0.05 22922.0
0.05 22921.0
0.05 22920.0
0.05 22919.0
0.05 22918.0
0.05 22917.0
0.05 22916.0
0.05 22915.0
0.05 22914.0
0.06 22913.0
0.06 22912.0
0.06 22911.0
0.06 22910.0
0.06 22909.0
0.06 22908.0
0.06 22907.0
0.06 22906.0
0.07 22905.0
0.07 22904.0
0.07 22903.0
0.07 22902.0
0.07 22901.0
0.07 22900.0
0.07 22899.0
0.07 22898.0
0.07 22897.0
0.08 22896.0
0.08 22895.0
0.08 22894.0
0.08 22893.0
0.08 22892.0
0.08 22891.0
0.08 22890.0
0.08 22889.0
0.08 22888.0
0.08 22887.0
0.09 22886.0
0.09 22885.0
0.09 22884.0
0.09 22883.0
0.09 22882.0
0.09 22881.0
0.09 22880.0
0.09 22879.0
0.09 22878.0
0.09 22877.0
0.1 22876.0
0.1 22875.0
0.1 22874.0
0.1 22873.0
0.1 22872.0
0.1 22871.0
0.1 22870.0
0.1 22869.0
0.1 22868.0
0.11 22867.0
0.11 22866.0
0.11 22865.0
0.11 22864.0
0.11 22863.0
0.11 22862.0
0.11 22861.0
0.11 22860.0
0.11 22859.0
0.11 22858.0
0.11 22857.0
0.12 22856.0
0.12 22855.0
0.12 22854.0
0.12 22853.0
0.12 22852.0
0.12 22851.0
0.12 22850.0
0.12 22849.0
0.12 22848.0
0.12 22847.0
0.13 22846.0
0.13 22845.0
0.13 22844.0
0.13 22843.0
0.13 22842.0
0.13 22841.0
0.13 22840.0
0.13 22839.0
0.14 22838.0
0.14 22837.0
0.14 22836.0
0.14 22835.0
0.14 22834.0
0.14 22833.0
0.14 22832.0
0.14 22831.0
0.14 22830.0
0.14 22829.0
0.15 22828.0
0.15 22827.0
0.15 22826.0
0.15 22825.0
0.15 22824.0
0.15 22823.0
0.15 22822.0
0.15 22821.0
0.15 22820.0
0.15 22819.0
0.16 22818.0
0.16 22817.0
0.16 22816.0
0.16 22815.0
0.16 22814.0
0.16 22813.0
0.16 22812.0
0.16 22811.0
0.16 22810.0
0.17 22809.0
0.17 22808.0
0.17 22807.0
0.17 22806.0
0.17 22805.0
0.17 22804.0
0.17 22803.0
0.17 22802.0
0.17 22801.0
0.18 22800.0
0.18 22799.0
0.18 22798.0
0.18 22797.0
0.18 22796.0
0.18 22795.0
0.18 22794.0
0.18 22793.0
0.18 22792.0
0.18 22791.0
0.19 22790.0
0.19 22789.0
0.19 22788.0
0.19 22787.0
0.19 22786.0
0.19 22785.0
0.19 22784.0
0.19 22783.0
0.19 22782.0
0.2 22781.0
0.2 22780.0
0.2 22779.0
0.2 22778.0
0.2 22777.0
0.2 22776.0
0.2 22775.0
0.2 22774.0
0.2 22773.0
0.2 22772.0
0.21 22771.0
0.21 22770.0
18.82 7079.0
47.88 4277.0
66.76 4167.0
93.88 4079.0
126.96 3988.0
150.03 3978.0
172.49 3966.0
202.53 3879.0
231.76 3872.0
257.5 3871.0
257.75 3870.0
282.25 3869.0
282.51 3868.0
305.88 3850.0
332.16 3822.0
353.09 3799.0
376.01 3779.0
404.91 3754.0
432.76 3753.0
432.91 3752.0
463.19 3747.0
497.87 3708.0
518.45 3707.0
518.76 3706.0
540.69 3694.0
560.22 3693.0
560.24 3692.0
578.25 3691.0
578.31 3690.0
598.49 3669.0
