0.03 2
0.05 3
0.06 4
0.07 5
0.08 6
0.09 7
0.1 8
0.11 9
0.11 10
0.12 11
0.12 12
0.13 13
0.13 14
0.14 15
0.14 16
0.15 17
0.15 18
0.16 19
0.16 20
0.16 21
0.17 22
0.17 23
0.17 24
0.18 25
0.18 26
0.19 27
0.19 28
0.19 29
0.2 30
0.2 31
0.2 32
0.21 33
0.21 34
0.21 35
0.22 36
0.22 37
0.22 38
0.23 39
0.23 40
0.23 41
0.24 42
0.24 43
0.24 44
0.25 45
0.25 46
0.25 47
0.26 48
0.26 49
0.26 50
0.27 51
0.27 52
0.27 53
0.28 54
0.28 55
0.28 56
0.29 57
0.29 58
0.29 59
0.3 60
0.3 61
0.3 62
0.3 63
0.31 64
0.31 65
0.31 66
0.32 67
0.32 68
0.32 69
0.33 70
0.33 71
0.33 72
0.33 73
0.34 74
0.34 75
0.34 76
0.35 77
0.35 78
0.35 79
0.36 80
0.36 81
0.36 82
0.37 83
0.37 84
0.37 85
0.38 86
0.38 87
0.38 88
0.39 89
0.39 90
0.39 91
0.4 92
0.4 93
0.4 94
0.4 95
0.41 96
0.41 97
0.41 98
0.42 99
0.42 100
0.42 101
0.43 102
0.43 103
0.43 104
0.43 105
0.44 106
0.44 107
0.44 108
0.45 109
0.45 110
0.45 111
0.46 112
0.46 113
0.46 114
0.46 115
0.47 116
0.47 117
0.47 118
0.48 119
0.48 120
0.48 121
0.49 122
0.49 123
0.49 124
0.49 125
0.5 126
0.5 127
0.5 128
0.51 129
0.51 130
0.51 131
0.52 132
0.52 133
0.52 134
0.53 135
0.53 136
0.53 137
0.54 138
0.54 139
0.55 140
0.55 141
0.55 142
0.56 143
0.56 144
0.56 145
0.57 146
0.57 147
0.57 148
0.57 149
0.58 150
0.58 151
0.58 152
0.59 153
0.59 154
0.59 155
0.6 156
0.6 157
0.6 158
0.61 159
0.61 160
0.61 161
0.61 162
0.62 163
0.62 164
0.62 165
0.63 166
0.63 167
0.63 168
0.64 169
0.64 170
0.64 171
0.65 172
0.65 173
0.65 174
0.66 175
0.66 176
0.66 177
0.67 178
0.67 179
0.67 180
0.68 181
0.68 182
0.68 183
0.69 184
0.69 185
0.69 186
0.7 187
0.7 188
0.7 189
0.71 190
0.71 191
0.71 192
0.71 193
0.72 194
0.72 195
0.73 196
0.73 197
0.73 198
0.73 199
0.74 200
0.74 201
0.74 202
0.75 203
0.75 204
0.75 205
0.76 206
0.76 207
0.76 208
0.77 209
0.77 210
0.77 211
0.78 212
0.78 213
0.78 214
0.79 215
0.79 216
0.79 217
0.8 218
0.8 219
0.8 220
0.81 221
0.81 222
0.81 223
0.81 224
0.82 225
0.82 226
0.82 227
0.83 228
0.83 229
0.83 230
0.84 231
0.84 232
0.84 233
0.84 234
0.85 235
0.85 236
0.85 237
0.86 238
0.86 239
0.86 240
0.87 241
0.87 242
0.87 243
0.87 244
0.88 245
0.88 246
0.88 247
0.89 248
0.89 249
0.89 250
0.9 251
0.9 252
0.9 253
0.91 254
0.91 255
0.91 256
0.92 257
0.92 258
0.92 259
0.93 260
0.93 261
0.93 262
0.93 263
0.94 264
0.94 265
0.94 266
0.95 267
0.95 268
0.95 269
0.95 270
0.96 271
0.96 272
0.96 273
0.97 274
0.97 275
0.97 276
0.97 277
0.98 278
0.98 279
0.98 280
0.99 281
0.99 282
0.99 283
1.0 284
1.0 285
1.0 286
1.0 287
1.01 288
1.01 289
1.01 290
1.02 291
1.02 292
1.02 293
1.02 294
1.03 295
1.03 296
1.03 297
1.04 298
1.04 299
1.04 300
1.05 301
1.05 302
1.05 303
1.06 304
1.06 305
1.06 306
1.07 307
1.07 308
1.07 309
1.08 310
1.08 311
1.08 312
1.09 313
1.09 314
1.09 315
1.1 316
1.1 317
1.1 318
1.1 319
1.11 320
1.11 321
1.11 322
1.12 323
1.12 324
1.12 325
1.13 326
1.13 327
1.13 328
1.14 329
1.14 330
1.14 331
1.14 332
1.15 333
1.15 334
1.15 335
1.16 336
1.16 337
1.16 338
1.17 339
1.17 340
1.18 341
1.18 342
1.18 343
1.19 344
1.19 345
1.19 346
1.19 347
1.2 348
1.2 349
1.2 350
1.21 351
1.21 352
1.21 353
1.22 354
1.22 355
1.22 356
1.23 357
1.23 358
1.23 359
1.24 360
1.24 361
1.24 362
1.24 363
1.25 364
1.25 365
1.25 366
1.26 367
1.26 368
1.26 369
1.27 370
1.27 371
1.27 372
1.27 373
1.28 374
1.28 375
1.28 376
1.29 377
1.29 378
1.29 379
1.29 380
1.3 381
1.3 382
1.3 383
1.31 384
1.31 385
1.31 386
1.32 387
1.32 388
1.32 389
1.33 390
1.33 391
1.33 392
1.34 393
1.34 394
1.34 395
1.34 396
1.35 397
1.35 398
1.35 399
1.36 400
1.36 401
1.36 402
1.37 403
1.37 404
1.37 405
1.37 406
1.38 407
1.38 408
1.38 409
1.39 410
1.39 411
1.39 412
1.39 413
1.4 414
1.4 415
1.4 416
1.41 417
1.41 418
1.41 419
1.42 420
1.42 421
1.42 422
1.42 423
1.43 424
1.43 425
1.43 426
1.44 427
1.44 428
1.44 429
1.45 430
1.45 431
1.45 432
1.46 433
1.46 434
1.46 435
1.47 436
1.47 437
1.47 438
1.47 439
1.48 440
1.48 441
1.48 442
1.49 443
1.49 444
1.49 445
1.5 446
1.5 447
1.5 448
1.5 449
1.51 450
1.51 451
1.51 452
1.52 453
1.52 454
1.52 455
1.52 456
1.53 457
1.53 458
1.53 459
1.54 460
1.54 461
1.54 462
1.55 463
1.55 464
1.55 465
1.56 466
1.56 467
1.56 468
1.56 469
1.57 470
1.57 471
1.57 472
1.58 473
1.58 474
1.58 475
1.59 476
1.59 477
1.59 478
1.6 479
1.6 480
1.6 481
1.61 482
1.61 483
1.61 484
1.61 485
1.62 486
1.62 487
1.62 488
1.63 489
1.63 490
1.63 491
1.64 492
1.64 493
1.64 494
1.64 495
1.65 496
1.65 497
1.65 498
1.66 499
1.66 500
1.66 501
1.66 502
1.67 503
1.67 504
1.67 505
1.68 506
1.68 507
1.68 508
1.68 509
1.69 510
1.69 511
1.69 512
1.7 513
1.7 514
1.7 515
1.71 516
1.71 517
1.71 518
1.72 519
1.72 520
1.72 521
1.73 522
1.73 523
1.73 524
1.73 525
1.74 526
1.74 527
1.74 528
1.75 529
1.75 530
1.75 531
1.76 532
1.76 533
1.76 534
1.76 535
1.77 536
1.77 537
1.77 538
1.78 539
1.78 540
1.78 541
1.78 542
1.79 543
1.79 544
1.79 545
1.8 546
1.8 547
1.8 548
1.8 549
1.81 550
1.81 551
1.81 552
1.82 553
1.82 554
1.82 555
1.83 556
1.83 557
1.83 558
1.83 559
1.84 560
1.84 561
1.84 562
1.85 563
1.85 564
1.85 565
1.86 566
1.86 567
1.86 568
1.87 569
1.87 570
1.87 571
1.88 572
1.88 573
1.88 574
1.88 575
1.89 576
1.89 577
1.89 578
1.9 579
1.9 580
1.9 581
1.9 582
1.91 583
1.91 584
1.91 585
1.92 586
1.92 587
1.92 588
1.92 589
1.93 590
1.93 591
1.93 592
1.94 593
1.94 594
1.94 595
1.94 596
1.95 597
1.95 598
1.95 599
1.96 600
1.96 601
1.96 602
1.97 603
1.97 604
1.97 605
1.98 606
1.98 607
1.98 608
1.99 609
1.99 610
1.99 611
2.0 612
2.0 613
2.0 614
2.0 615
2.01 616
2.01 617
2.01 618
2.02 619
2.02 620
2.02 621
2.02 622
2.03 623
2.03 624
2.03 625
2.04 626
2.04 627
2.04 628
2.05 629
2.05 630
2.05 631
2.05 632
2.06 633
2.06 634
2.06 635
2.07 636
2.07 637
2.07 638
2.07 639
2.08 640
2.08 641
2.08 642
2.09 643
2.09 644
2.09 645
2.1 646
2.1 647
2.1 648
2.1 649
2.11 650
2.11 651
2.11 652
2.12 653
2.12 654
2.12 655
2.13 656
2.13 657
2.13 658
2.14 659
2.14 660
2.14 661
2.15 662
2.15 663
2.15 664
2.15 665
2.16 666
2.16 667
2.16 668
2.17 669
2.17 670
2.17 671
2.18 672
2.18 673
2.18 674
2.18 675
2.19 676
2.19 677
2.19 678
2.2 679
2.2 680
2.2 681
2.2 682
2.21 683
2.21 684
2.21 685
2.22 686
2.22 687
2.22 688
2.22 689
2.23 690
2.23 691
2.23 692
2.24 693
2.24 694
2.24 695
2.25 696
2.25 697
2.25 698
2.26 699
2.26 700
2.26 701
2.27 702
2.27 703
2.27 704
2.27 705
2.28 706
2.28 707
2.28 708
2.29 709
2.29 710
2.29 711
2.3 712
2.3 713
2.3 714
2.3 715
2.31 716
2.31 717
2.31 718
2.32 719
2.32 720
2.32 721
2.33 722
2.33 723
2.33 724
2.33 725
2.34 726
2.34 727
2.34 728
2.35 729
2.35 730
2.35 731
2.35 732
2.36 733
2.36 734
2.36 735
2.37 736
2.37 737
2.37 738
2.37 739
2.38 740
2.38 741
2.38 742
2.39 743
2.39 744
2.39 745
2.4 746
2.4 747
2.4 748
2.41 749
2.41 750
2.41 751
2.41 752
2.42 753
2.42 754
2.42 755
2.43 756
2.43 757
2.43 758
2.44 759
2.44 760
2.44 761
2.44 762
2.45 763
2.45 764
2.45 765
2.46 766
2.46 767
2.46 768
2.46 769
2.47 770
2.47 771
2.47 772
2.48 773
2.48 774
2.48 775
2.48 776
2.49 777
2.49 778
2.49 779
2.5 780
2.5 781
2.5 782
2.51 783
2.51 784
2.51 785
2.52 786
2.52 787
2.52 788
2.53 789
2.53 790
2.53 791
2.53 792
2.54 793
2.54 794
2.54 795
2.55 796
2.55 797
2.55 798
2.56 799
2.56 800
2.56 801
2.56 802
2.57 803
2.57 804
2.57 805
2.58 806
2.58 807
2.58 808
2.58 809
2.59 810
2.59 811
2.59 812
2.6 813
2.6 814
2.6 815
2.6 816
2.61 817
2.61 818
2.61 819
2.62 820
2.62 821
2.62 822
2.62 823
2.63 824
2.63 825
2.63 826
2.64 827
2.64 828
2.64 829
2.65 830
2.65 831
2.65 832
2.66 833
2.66 834
2.66 835
2.67 836
2.67 837
2.67 838
2.67 839
2.68 840
2.68 841
2.68 842
2.69 843
2.69 844
2.69 845
2.69 846
2.7 847
2.7 848
2.7 849
2.71 850
2.71 851
2.71 852
2.71 853
2.72 854
2.72 855
2.72 856
2.73 857
2.73 858
2.73 859
2.73 860
2.74 861
2.74 862
2.74 863
2.75 864
2.75 865
2.75 866
2.75 867
2.76 868
2.76 869
2.76 870
2.77 871
2.77 872
2.77 873
2.78 874
2.78 875
2.78 876
2.78 877
2.79 878
2.79 879
2.79 880
2.8 881
2.8 882
2.8 883
2.81 884
2.81 885
2.81 886
2.81 887
2.82 888
2.82 889
2.82 890
2.83 891
2.83 892
2.83 893
2.84 894
2.84 895
2.84 896
2.84 897
2.85 898
2.85 899
2.85 900
2.86 901
2.86 902
2.86 903
2.86 904
2.87 905
2.87 906
2.87 907
2.88 908
2.88 909
2.88 910
2.88 911
2.89 912
2.89 913
2.89 914
2.9 915
2.9 916
2.9 917
2.91 918
2.91 919
2.91 920
2.92 921
2.92 922
2.92 923
2.92 924
2.93 925
2.93 926
2.93 927
2.94 928
2.94 929
2.94 930
2.94 931
2.95 932
2.95 933
2.95 934
2.96 935
2.96 936
2.96 937
2.97 938
2.97 939
2.97 940
2.97 941
2.98 942
2.98 943
2.98 944
2.98 945
2.99 946
2.99 947
2.99 948
3.0 949
3.0 950
3.0 951
