0.0 22963
0.04 22962.0
0.05 22961.0
0.05 22960.0
0.06 22959.0
0.07 22958.0
0.07 22957.0
0.08 22956.0
0.08 22955.0
0.09 22954.0
0.1 22953.0
0.1 22952.0
0.11 22951.0
0.11 22950.0
0.12 22949.0
0.12 22948.0
0.13 22947.0
0.13 22946.0
0.13 22945.0
0.14 22944.0
0.14 22943.0
0.14 22942.0
0.15 22941.0
0.16 22940.0
0.16 22939.0
0.17 22938.0
0.17 22937.0
0.17 22936.0
0.18 22935.0
0.18 22934.0
0.18 22933.0
0.19 22932.0
0.19 22931.0
0.2 22930.0
0.2 22929.0
0.21 22928.0
0.21 22927.0
0.21 22926.0
0.22 22925.0
0.22 22924.0
0.23 22923.0
0.23 22922.0
0.24 22921.0
0.24 22920.0
0.24 22919.0
0.25 22918.0
0.25 22917.0
0.25 22916.0
0.26 22915.0
0.26 22914.0
0.27 22913.0
0.27 22912.0
0.27 22911.0
0.28 22910.0
0.28 22909.0
0.28 22908.0
0.29 22907.0
0.29 22906.0
0.3 22905.0
0.3 22904.0
0.3 22903.0
0.31 22902.0
0.31 22901.0
0.31 22900.0
0.31 22899.0
0.32 22898.0
0.32 22897.0
0.32 22896.0
0.33 22895.0
0.33 22894.0
0.34 22893.0
0.34 22892.0
0.35 22891.0
0.35 22890.0
0.36 22889.0
0.36 22888.0
0.36 22887.0
0.37 22886.0
0.37 22885.0
0.38 22884.0
0.38 22883.0
0.39 22882.0
0.39 22881.0
0.4 22880.0
0.4 22879.0
0.41 22878.0
0.41 22877.0
0.41 22876.0
0.42 22875.0
0.42 22874.0
0.43 22873.0
0.43 22872.0
0.44 22871.0
0.44 22870.0
0.44 22869.0
0.45 22868.0
0.45 22867.0
0.45 22866.0
0.46 22865.0
0.46 22864.0
0.46 22863.0
0.47 22862.0
0.47 22861.0
0.48 22860.0
0.48 22859.0
0.48 22858.0
0.49 22857.0
0.49 22856.0
0.49 22855.0
0.5 22854.0
0.5 22853.0
0.5 22852.0
0.51 22851.0
0.51 22850.0
0.51 22849.0
0.51 22848.0
0.52 22847.0
0.52 22846.0
0.53 22845.0
0.53 22844.0
0.54 22843.0
0.54 22842.0
0.54 22841.0
0.55 22840.0
0.55 22839.0
0.55 22838.0
0.56 22837.0
0.56 22836.0
0.56 22835.0
0.57 22834.0
0.57 22833.0
0.58 22832.0
0.58 22831.0
0.58 22830.0
0.59 22829.0
0.59 22828.0
0.59 22827.0
0.6 22826.0
0.61 22825.0
0.61 22824.0
0.61 22823.0
0.61 22822.0
0.62 22821.0
0.62 22820.0
0.62 22819.0
0.63 22818.0
0.63 22817.0
0.64 22816.0
0.64 22815.0
0.64 22814.0
0.65 22813.0
0.65 22812.0
0.66 22811.0
0.66 22810.0
0.67 22809.0
0.67 22808.0
0.68 22807.0
0.68 22806.0
0.68 22805.0
0.69 22804.0
0.69 22803.0
0.7 22802.0
0.71 22801.0
0.71 22800.0
0.71 22799.0
0.72 22798.0
0.72 22797.0
0.72 22796.0
0.73 22795.0
0.73 22794.0
0.74 22793.0
0.74 22792.0
0.75 22791.0
0.75 22790.0
0.76 22789.0
0.76 22788.0
0.76 22787.0
0.77 22786.0
0.77 22785.0
0.77 22784.0
0.78 22783.0
0.78 22782.0
0.78 22781.0
0.79 22780.0
0.79 22779.0
0.79 22778.0
0.8 22777.0
0.8 22776.0
0.81 22775.0
0.81 22774.0
0.81 22773.0
0.82 22772.0
0.82 22771.0
0.82 22770.0
