0.03 2
0.05 3
0.07 4
0.08 5
0.09 6
0.1 7
0.11 8
0.12 9
0.12 10
0.13 11
0.13 12
0.14 13
0.14 14
0.15 15
0.15 16
0.16 17
0.16 18
0.17 19
0.17 20
0.17 21
0.18 22
0.18 23
0.19 24
0.19 25
0.19 26
0.2 27
0.2 28
0.21 29
0.21 30
0.21 31
0.22 32
0.22 33
0.23 34
0.23 35
0.23 36
0.24 37
0.24 38
0.24 39
0.25 40
0.25 41
0.26 42
0.26 43
0.26 44
0.27 45
0.27 46
0.27 47
0.28 48
0.28 49
0.28 50
0.29 51
0.29 52
0.29 53
0.3 54
0.3 55
0.3 56
0.31 57
0.31 58
0.31 59
0.32 60
0.32 61
0.32 62
0.33 63
0.33 64
0.33 65
0.34 66
0.34 67
0.35 68
0.35 69
0.35 70
0.36 71
0.36 72
0.36 73
0.37 74
0.37 75
0.37 76
0.38 77
0.38 78
0.38 79
0.39 80
0.39 81
0.39 82
0.4 83
0.4 84
0.4 85
0.41 86
0.41 87
0.41 88
0.42 89
0.42 90
0.42 91
0.43 92
0.43 93
0.43 94
0.44 95
0.44 96
0.44 97
0.45 98
0.45 99
0.46 100
0.46 101
0.46 102
0.47 103
0.47 104
0.47 105
0.48 106
0.48 107
0.48 108
0.49 109
0.49 110
0.49 111
0.5 112
0.5 113
0.5 114
0.51 115
0.51 116
0.51 117
0.52 118
0.52 119
0.52 120
0.53 121
0.53 122
0.53 123
0.53 124
0.54 125
0.54 126
0.54 127
0.55 128
0.55 129
0.55 130
0.56 131
0.56 132
0.56 133
0.56 134
0.57 135
0.57 136
0.57 137
0.58 138
0.58 139
0.58 140
0.59 141
0.59 142
0.59 143
0.6 144
0.6 145
0.6 146
0.61 147
0.61 148
0.61 149
0.62 150
0.62 151
0.62 152
0.63 153
0.63 154
0.63 155
0.63 156
0.64 157
0.64 158
0.64 159
0.65 160
0.65 161
0.65 162
0.66 163
0.66 164
0.66 165
0.67 166
0.67 167
0.67 168
0.67 169
0.68 170
0.68 171
0.68 172
0.69 173
0.69 174
0.69 175
0.7 176
0.7 177
0.7 178
0.71 179
0.71 180
0.71 181
0.72 182
0.72 183
0.72 184
0.73 185
0.73 186
0.73 187
0.73 188
0.74 189
0.74 190
0.74 191
0.75 192
0.75 193
0.75 194
0.76 195
0.76 196
0.76 197
0.77 198
0.77 199
0.77 200
0.78 201
0.78 202
0.78 203
0.79 204
0.79 205
0.79 206
0.8 207
0.8 208
0.8 209
0.81 210
0.81 211
0.81 212
0.82 213
0.82 214
0.82 215
0.83 216
0.83 217
0.83 218
0.84 219
0.84 220
0.85 221
0.85 222
0.85 223
0.86 224
0.86 225
0.86 226
0.87 227
0.87 228
0.87 229
0.88 230
0.88 231
0.89 232
0.89 233
0.89 234
0.9 235
0.9 236
0.9 237
0.91 238
0.91 239
0.91 240
0.92 241
0.92 242
0.92 243
0.93 244
0.93 245
0.93 246
0.93 247
0.94 248
0.94 249
0.94 250
0.95 251
0.95 252
0.95 253
0.96 254
0.96 255
0.96 256
0.97 257
0.97 258
0.97 259
0.97 260
0.98 261
0.98 262
0.98 263
0.99 264
0.99 265
0.99 266
1.0 267
1.0 268
1.0 269
1.0 270
1.01 271
1.01 272
1.01 273
1.02 274
1.02 275
1.02 276
1.03 277
1.03 278
1.03 279
1.04 280
1.04 281
1.04 282
1.05 283
1.05 284
1.05 285
1.06 286
1.06 287
1.06 288
1.07 289
1.07 290
1.07 291
1.07 292
1.08 293
1.08 294
1.08 295
1.09 296
1.09 297
1.09 298
1.1 299
1.1 300
1.1 301
1.11 302
1.11 303
1.11 304
1.11 305
1.12 306
1.12 307
1.12 308
1.13 309
1.13 310
1.13 311
1.14 312
1.14 313
1.14 314
1.15 315
1.15 316
1.15 317
1.16 318
1.16 319
1.16 320
1.17 321
1.17 322
1.17 323
1.18 324
1.18 325
1.18 326
1.19 327
1.19 328
1.19 329
1.2 330
1.2 331
1.2 332
1.21 333
1.21 334
1.21 335
1.22 336
1.22 337
1.22 338
1.23 339
1.23 340
1.23 341
1.24 342
1.24 343
1.25 344
1.25 345
1.25 346
1.26 347
1.26 348
1.26 349
1.26 350
1.27 351
1.27 352
1.27 353
1.28 354
1.28 355
1.28 356
1.29 357
1.29 358
1.29 359
1.3 360
1.3 361
1.3 362
1.31 363
1.31 364
1.31 365
1.32 366
1.32 367
1.32 368
1.33 369
1.33 370
1.33 371
1.34 372
1.34 373
1.34 374
1.35 375
1.35 376
1.35 377
1.36 378
1.36 379
1.36 380
1.36 381
1.37 382
1.37 383
1.37 384
1.38 385
1.38 386
1.38 387
1.39 388
1.39 389
1.39 390
1.4 391
1.4 392
1.4 393
1.41 394
1.41 395
1.41 396
1.42 397
1.42 398
1.42 399
1.43 400
1.43 401
1.43 402
1.44 403
1.44 404
1.44 405
1.44 406
1.45 407
1.45 408
1.45 409
1.46 410
1.46 411
1.46 412
1.46 413
1.47 414
1.47 415
1.47 416
1.48 417
1.48 418
1.48 419
1.49 420
1.49 421
1.49 422
1.49 423
1.5 424
1.5 425
1.5 426
1.51 427
1.51 428
1.51 429
1.52 430
1.52 431
1.52 432
1.52 433
1.53 434
1.53 435
1.53 436
1.54 437
1.54 438
1.54 439
1.55 440
1.55 441
1.55 442
1.55 443
1.56 444
1.56 445
1.56 446
1.57 447
1.57 448
1.58 449
1.58 450
1.58 451
1.58 452
1.59 453
1.59 454
1.59 455
1.6 456
1.6 457
1.6 458
1.61 459
1.61 460
1.61 461
1.61 462
1.62 463
1.62 464
1.62 465
1.63 466
1.63 467
1.63 468
1.64 469
1.64 470
1.64 471
1.64 472
1.65 473
1.65 474
1.65 475
1.66 476
1.66 477
1.66 478
1.67 479
1.67 480
1.67 481
1.68 482
1.68 483
1.68 484
1.69 485
1.69 486
1.7 487
1.7 488
1.7 489
1.7 490
1.71 491
1.71 492
1.71 493
1.72 494
1.72 495
1.72 496
1.73 497
1.73 498
1.73 499
1.73 500
1.74 501
1.74 502
1.74 503
1.75 504
1.75 505
1.75 506
1.76 507
1.76 508
1.76 509
1.76 510
1.77 511
1.77 512
1.77 513
1.78 514
1.78 515
1.78 516
1.78 517
1.79 518
1.79 519
1.79 520
1.8 521
1.8 522
1.8 523
1.81 524
1.81 525
1.81 526
1.81 527
1.82 528
1.82 529
1.82 530
1.83 531
1.83 532
1.83 533
1.84 534
1.84 535
1.85 536
1.85 537
1.85 538
1.85 539
1.86 540
1.86 541
1.86 542
1.87 543
1.87 544
1.87 545
1.87 546
1.88 547
1.88 548
1.88 549
1.89 550
1.89 551
1.89 552
1.9 553
1.9 554
1.9 555
1.9 556
1.91 557
1.91 558
1.91 559
1.92 560
1.92 561
1.92 562
1.93 563
1.93 564
1.93 565
1.93 566
1.94 567
1.94 568
1.94 569
1.95 570
1.95 571
1.96 572
1.96 573
1.96 574
1.96 575
1.97 576
1.97 577
1.97 578
1.98 579
1.98 580
1.98 581
1.99 582
1.99 583
1.99 584
2.0 585
2.0 586
2.0 587
2.0 588
2.01 589
2.01 590
2.01 591
2.02 592
2.02 593
2.02 594
2.03 595
2.03 596
2.03 597
2.03 598
2.04 599
2.04 600
2.04 601
2.05 602
2.05 603
2.05 604
2.05 605
2.06 606
2.06 607
2.06 608
2.07 609
2.07 610
2.07 611
2.08 612
2.08 613
2.08 614
2.08 615
2.09 616
2.09 617
2.09 618
2.1 619
2.1 620
2.1 621
2.11 622
2.11 623
2.11 624
2.12 625
2.12 626
2.12 627
2.13 628
2.13 629
2.13 630
2.14 631
2.14 632
2.14 633
2.14 634
2.15 635
2.15 636
2.15 637
2.16 638
2.16 639
2.16 640
2.17 641
2.17 642
2.17 643
2.17 644
2.18 645
2.18 646
2.18 647
2.19 648
2.19 649
2.19 650
2.2 651
2.2 652
2.2 653
2.21 654
2.21 655
2.21 656
2.21 657
2.22 658
2.22 659
2.22 660
2.23 661
2.23 662
2.23 663
2.24 664
2.24 665
2.24 666
2.25 667
2.25 668
2.25 669
2.26 670
2.26 671
2.26 672
2.27 673
2.27 674
2.27 675
2.27 676
2.28 677
2.28 678
2.28 679
2.29 680
2.29 681
2.29 682
2.29 683
2.3 684
2.3 685
2.3 686
2.31 687
2.31 688
2.31 689
2.32 690
2.32 691
2.32 692
2.32 693
2.33 694
2.33 695
2.33 696
2.34 697
2.34 698
2.34 699
2.35 700
2.35 701
2.35 702
2.35 703
2.36 704
2.36 705
2.36 706
2.37 707
2.37 708
2.37 709
2.38 710
2.38 711
2.38 712
2.39 713
2.39 714
2.39 715
2.4 716
2.4 717
2.4 718
2.41 719
2.41 720
2.41 721
2.41 722
2.42 723
2.42 724
2.42 725
2.43 726
2.43 727
2.43 728
2.43 729
2.44 730
2.44 731
2.44 732
2.45 733
2.45 734
2.45 735
2.46 736
2.46 737
2.46 738
2.46 739
2.47 740
2.47 741
2.47 742
2.48 743
2.48 744
2.48 745
2.49 746
2.49 747
2.49 748
2.49 749
2.5 750
2.5 751
2.5 752
2.51 753
2.51 754
2.52 755
2.52 756
2.52 757
2.52 758
2.53 759
2.53 760
2.53 761
2.54 762
2.54 763
2.54 764
2.54 765
2.55 766
2.55 767
2.55 768
2.56 769
2.56 770
2.56 771
2.56 772
2.57 773
2.57 774
2.57 775
2.58 776
2.58 777
2.58 778
2.59 779
2.59 780
2.59 781
2.59 782
2.6 783
2.6 784
2.6 785
2.61 786
2.61 787
2.61 788
2.61 789
2.62 790
2.62 791
2.62 792
2.63 793
2.63 794
2.63 795
2.64 796
2.64 797
2.64 798
2.65 799
2.65 800
2.65 801
2.66 802
2.66 803
2.66 804
2.67 805
2.67 806
2.67 807
2.67 808
2.68 809
2.68 810
2.68 811
2.69 812
2.69 813
2.69 814
2.7 815
2.7 816
2.7 817
2.7 818
2.71 819
2.71 820
2.71 821
2.72 822
2.72 823
2.72 824
2.72 825
2.73 826
2.73 827
2.73 828
2.74 829
2.74 830
2.74 831
2.75 832
2.75 833
2.75 834
2.76 835
2.76 836
2.76 837
2.76 838
2.77 839
2.77 840
2.77 841
2.78 842
2.78 843
2.78 844
2.79 845
2.79 846
2.79 847
2.8 848
2.8 849
2.8 850
2.8 851
2.81 852
2.81 853
2.81 854
2.82 855
2.82 856
2.82 857
2.83 858
2.83 859
2.83 860
2.84 861
2.84 862
2.84 863
2.85 864
2.85 865
2.85 866
2.85 867
2.86 868
2.86 869
2.86 870
2.87 871
2.87 872
2.87 873
2.88 874
2.88 875
2.88 876
2.88 877
2.89 878
2.89 879
2.89 880
2.9 881
2.9 882
2.9 883
2.91 884
2.91 885
2.91 886
2.92 887
2.92 888
2.92 889
2.93 890
2.93 891
2.93 892
2.94 893
2.94 894
2.94 895
2.94 896
2.95 897
2.95 898
2.95 899
2.96 900
2.96 901
2.96 902
2.97 903
2.97 904
2.97 905
2.97 906
2.98 907
2.98 908
2.98 909
2.99 910
2.99 911
2.99 912
2.99 913
3.0 914
3.0 915
3.0 916
3.01 917
3.01 918
3.01 919
3.02 920
3.02 921
3.02 922
3.02 923
3.03 924
3.03 925
3.03 926
3.04 927
3.04 928
3.04 929
3.05 930
3.05 931
3.05 932
3.06 933
3.06 934
3.06 935
3.07 936
3.07 937
3.07 938
3.08 939
3.08 940
3.08 941
3.08 942
3.09 943
3.09 944
3.09 945
3.1 946
3.1 947
3.1 948
3.1 949
3.11 950
3.11 951
3.11 952
3.12 953
3.12 954
3.12 955
3.12 956
3.13 957
3.13 958
3.13 959
3.14 960
3.14 961
3.14 962
3.15 963
3.15 964
3.15 965
3.16 966
3.16 967
3.16 968
3.17 969
3.17 970
3.17 971
3.17 972
3.18 973
3.18 974
3.18 975
3.19 976
3.19 977
3.19 978
3.2 979
3.2 980
3.2 981
3.21 982
3.21 983
3.21 984
3.22 985
3.22 986
3.22 987
3.22 988
3.23 989
3.23 990
3.23 991
3.24 992
3.24 993
3.24 994
3.25 995
3.25 996
3.25 997
3.25 998
3.26 999
3.26 1000
3.26 1001
3.27 1002
3.27 1003
3.27 1004
3.27 1005
3.28 1006
3.28 1007
3.28 1008
3.29 1009
3.29 1010
3.29 1011
3.3 1012
3.3 1013
3.3 1014
3.31 1015
3.31 1016
3.31 1017
3.32 1018
3.32 1019
3.32 1020
3.33 1021
3.33 1022
3.33 1023
3.34 1024
3.34 1025
3.34 1026
3.34 1027
3.35 1028
3.35 1029
3.35 1030
3.36 1031
3.36 1032
3.36 1033
3.37 1034
3.37 1035
3.37 1036
3.37 1037
3.38 1038
3.38 1039
3.38 1040
3.39 1041
3.39 1042
3.39 1043
3.39 1044
3.4 1045
3.4 1046
3.4 1047
3.41 1048
3.41 1049
3.41 1050
3.42 1051
3.42 1052
3.42 1053
3.42 1054
3.43 1055
3.43 1056
3.43 1057
3.44 1058
3.44 1059
3.44 1060
3.45 1061
3.45 1062
3.45 1063
3.46 1064
3.46 1065
3.46 1066
3.47 1067
3.47 1068
3.47 1069
3.47 1070
3.48 1071
3.48 1072
3.48 1073
3.49 1074
3.49 1075
3.49 1076
3.49 1077
3.5 1078
3.5 1079
3.5 1080
3.51 1081
3.51 1082
3.51 1083
3.51 1084
3.52 1085
3.52 1086
3.52 1087
3.53 1088
3.53 1089
3.53 1090
3.54 1091
3.54 1092
3.54 1093
3.54 1094
3.55 1095
3.55 1096
3.55 1097
3.56 1098
3.56 1099
3.56 1100
3.57 1101
3.57 1102
3.57 1103
3.58 1104
3.58 1105
3.58 1106
3.59 1107
3.59 1108
3.59 1109
3.6 1110
3.6 1111
3.6 1112
3.6 1113
3.61 1114
3.61 1115
3.61 1116
3.62 1117
3.62 1118
3.62 1119
3.62 1120
3.63 1121
3.63 1122
3.63 1123
3.64 1124
3.64 1125
3.64 1126
3.64 1127
3.65 1128
3.65 1129
3.65 1130
3.66 1131
3.66 1132
3.66 1133
3.67 1134
3.67 1135
3.67 1136
3.67 1137
3.68 1138
3.68 1139
3.68 1140
3.69 1141
3.69 1142
3.69 1143
3.7 1144
3.7 1145
3.7 1146
3.7 1147
3.71 1148
3.71 1149
3.71 1150
3.72 1151
3.72 1152
3.72 1153
3.73 1154
3.73 1155
3.73 1156
3.74 1157
3.74 1158
3.74 1159
3.74 1160
3.75 1161
3.75 1162
3.75 1163
3.76 1164
3.76 1165
3.76 1166
3.76 1167
3.77 1168
3.77 1169
3.77 1170
3.78 1171
3.78 1172
3.78 1173
3.79 1174
3.79 1175
3.79 1176
3.79 1177
3.8 1178
3.8 1179
3.8 1180
3.81 1181
3.81 1182
3.81 1183
3.82 1184
3.82 1185
3.82 1186
3.82 1187
3.83 1188
3.83 1189
3.83 1190
3.84 1191
3.84 1192
3.84 1193
3.85 1194
3.85 1195
3.85 1196
3.86 1197
3.86 1198
3.86 1199
3.86 1200
3.87 1201
3.87 1202
3.87 1203
3.88 1204
3.88 1205
3.88 1206
3.89 1207
3.89 1208
3.89 1209
3.9 1210
3.9 1211
3.9 1212
3.91 1213
3.91 1214
3.91 1215
3.91 1216
3.92 1217
3.92 1218
3.92 1219
3.93 1220
3.93 1221
3.93 1222
3.93 1223
3.94 1224
3.94 1225
3.94 1226
3.95 1227
3.95 1228
3.95 1229
3.96 1230
3.96 1231
3.96 1232
3.97 1233
3.97 1234
3.97 1235
3.98 1236
3.98 1237
3.98 1238
3.98 1239
3.99 1240
3.99 1241
3.99 1242
4.0 1243
4.0 1244
4.0 1245
4.01 1246
4.01 1247
4.01 1248
4.01 1249
4.02 1250
4.02 1251
4.02 1252
4.03 1253
4.03 1254
4.03 1255
4.03 1256
4.04 1257
4.04 1258
4.04 1259
4.05 1260
4.05 1261
4.05 1262
4.05 1263
4.06 1264
4.06 1265
4.06 1266
4.07 1267
4.07 1268
4.07 1269
4.08 1270
4.08 1271
4.08 1272
4.08 1273
4.09 1274
4.09 1275
4.09 1276
4.1 1277
4.1 1278
4.1 1279
4.1 1280
4.11 1281
4.11 1282
4.11 1283
4.12 1284
4.12 1285
4.12 1286
4.13 1287
4.13 1288
4.13 1289
4.14 1290
4.14 1291
4.14 1292
4.15 1293
4.15 1294
4.15 1295
4.15 1296
4.16 1297
4.16 1298
4.16 1299
4.17 1300
4.17 1301
4.17 1302
4.17 1303
4.18 1304
4.18 1305
4.18 1306
4.19 1307
4.19 1308
4.19 1309
4.2 1310
4.2 1311
4.2 1312
4.21 1313
4.21 1314
4.21 1315
4.22 1316
4.22 1317
4.22 1318
4.22 1319
4.23 1320
4.23 1321
4.23 1322
4.24 1323
4.24 1324
4.24 1325
4.24 1326
4.25 1327
4.25 1328
4.25 1329
4.26 1330
4.26 1331
4.26 1332
4.27 1333
4.27 1334
4.27 1335
4.27 1336
4.28 1337
4.28 1338
4.28 1339
4.29 1340
4.29 1341
4.29 1342
4.29 1343
4.3 1344
4.3 1345
4.3 1346
4.31 1347
4.31 1348
4.31 1349
4.31 1350
4.32 1351
4.32 1352
4.32 1353
4.33 1354
4.33 1355
4.33 1356
4.33 1357
4.34 1358
4.34 1359
4.34 1360
4.35 1361
4.35 1362
4.35 1363
4.35 1364
4.36 1365
4.36 1366
4.36 1367
4.37 1368
4.37 1369
4.37 1370
4.37 1371
4.38 1372
4.38 1373
4.38 1374
4.39 1375
4.39 1376
4.39 1377
4.4 1378
4.4 1379
4.4 1380
4.4 1381
4.41 1382
4.41 1383
4.41 1384
4.42 1385
4.42 1386
4.42 1387
4.43 1388
4.43 1389
4.43 1390
4.44 1391
4.44 1392
4.44 1393
4.45 1394
4.45 1395
4.45 1396
4.45 1397
4.46 1398
4.46 1399
4.46 1400
4.47 1401
4.47 1402
4.47 1403
4.48 1404
4.48 1405
4.48 1406
4.49 1407
4.49 1408
4.49 1409
4.5 1410
4.5 1411
4.5 1412
4.5 1413
4.51 1414
4.51 1415
4.51 1416
4.52 1417
4.52 1418
4.52 1419
4.52 1420
4.53 1421
4.53 1422
4.53 1423
4.54 1424
4.54 1425
4.54 1426
4.54 1427
4.55 1428
4.55 1429
4.55 1430
4.56 1431
4.56 1432
4.56 1433
4.56 1434
4.57 1435
4.57 1436
4.57 1437
4.58 1438
4.58 1439
4.58 1440
4.58 1441
4.59 1442
4.59 1443
4.59 1444
4.6 1445
4.6 1446
4.6 1447
4.6 1448
4.61 1449
4.61 1450
4.61 1451
4.62 1452
4.62 1453
4.62 1454
4.63 1455
4.63 1456
4.63 1457
4.63 1458
4.64 1459
4.64 1460
4.64 1461
4.65 1462
4.65 1463
4.65 1464
4.65 1465
4.66 1466
4.66 1467
4.66 1468
4.67 1469
4.67 1470
4.67 1471
4.67 1472
4.68 1473
4.68 1474
4.68 1475
4.69 1476
4.69 1477
4.69 1478
4.7 1479
4.7 1480
4.7 1481
4.7 1482
4.71 1483
4.71 1484
4.71 1485
4.72 1486
4.72 1487
4.72 1488
4.73 1489
4.73 1490
4.73 1491
4.74 1492
4.74 1493
4.74 1494
4.75 1495
4.75 1496
4.75 1497
4.76 1498
4.76 1499
4.76 1500
4.76 1501
4.77 1502
4.77 1503
4.77 1504
4.78 1505
4.78 1506
4.78 1507
4.78 1508
4.79 1509
4.79 1510
4.79 1511
4.8 1512
4.8 1513
4.8 1514
4.8 1515
4.81 1516
4.81 1517
4.81 1518
4.82 1519
4.82 1520
4.82 1521
4.83 1522
4.83 1523
4.83 1524
4.83 1525
4.84 1526
4.84 1527
4.84 1528
4.85 1529
4.85 1530
4.85 1531
4.85 1532
4.86 1533
4.86 1534
4.86 1535
4.87 1536
4.87 1537
4.87 1538
4.87 1539
4.88 1540
4.88 1541
4.88 1542
4.89 1543
4.89 1544
4.89 1545
4.89 1546
4.9 1547
4.9 1548
4.9 1549
4.91 1550
4.91 1551
4.91 1552
4.92 1553
4.92 1554
4.92 1555
4.92 1556
4.93 1557
4.93 1558
4.93 1559
4.94 1560
4.94 1561
4.94 1562
4.94 1563
4.95 1564
4.95 1565
4.95 1566
4.96 1567
4.96 1568
4.96 1569
4.97 1570
4.97 1571
4.97 1572
4.98 1573
4.98 1574
4.98 1575
4.99 1576
4.99 1577
4.99 1578
5.0 1579
5.0 1580
5.0 1581
5.01 1582
5.01 1583
5.01 1584
5.02 1585
5.02 1586
5.02 1587
5.02 1588
5.03 1589
5.03 1590
5.03 1591
5.04 1592
5.04 1593
5.04 1594
5.04 1595
5.05 1596
5.05 1597
5.05 1598
5.06 1599
5.06 1600
5.06 1601
5.07 1602
5.07 1603
5.07 1604
5.07 1605
5.08 1606
5.08 1607
5.08 1608
5.09 1609
5.09 1610
5.09 1611
5.09 1612
5.1 1613
5.1 1614
5.1 1615
5.11 1616
5.11 1617
5.11 1618
5.11 1619
5.12 1620
5.12 1621
5.12 1622
5.13 1623
5.13 1624
5.13 1625
5.13 1626
5.14 1627
5.14 1628
5.14 1629
5.15 1630
5.15 1631
5.15 1632
5.15 1633
5.16 1634
5.16 1635
5.16 1636
5.17 1637
5.17 1638
5.17 1639
5.17 1640
5.18 1641
5.18 1642
5.18 1643
5.19 1644
5.19 1645
5.19 1646
5.2 1647
5.2 1648
5.2 1649
5.2 1650
5.21 1651
5.21 1652
5.21 1653
5.22 1654
5.22 1655
5.22 1656
5.23 1657
5.23 1658
5.23 1659
5.24 1660
5.24 1661
5.24 1662
5.25 1663
5.25 1664
5.25 1665
5.26 1666
5.26 1667
5.26 1668
5.26 1669
5.27 1670
5.27 1671
5.27 1672
5.28 1673
5.28 1674
5.28 1675
5.29 1676
5.29 1677
5.29 1678
5.3 1679
5.3 1680
5.3 1681
5.3 1682
5.31 1683
5.31 1684
5.31 1685
5.32 1686
5.32 1687
5.32 1688
5.32 1689
5.33 1690
5.33 1691
5.33 1692
5.34 1693
5.34 1694
5.34 1695
5.34 1696
5.35 1697
5.35 1698
5.35 1699
5.36 1700
5.36 1701
5.36 1702
5.36 1703
5.37 1704
5.37 1705
5.37 1706
5.38 1707
5.38 1708
5.38 1709
5.38 1710
5.39 1711
5.39 1712
5.39 1713
5.4 1714
5.4 1715
5.4 1716
5.4 1717
5.41 1718
5.41 1719
5.41 1720
5.42 1721
5.42 1722
5.42 1723
5.42 1724
5.43 1725
5.43 1726
5.43 1727
5.44 1728
5.44 1729
5.44 1730
5.44 1731
5.45 1732
5.45 1733
5.45 1734
5.46 1735
5.46 1736
5.46 1737
5.46 1738
5.47 1739
5.47 1740
5.47 1741
5.48 1742
5.48 1743
5.48 1744
5.48 1745
5.49 1746
5.49 1747
5.49 1748
5.5 1749
5.5 1750
5.5 1751
5.51 1752
5.51 1753
5.51 1754
5.52 1755
5.52 1756
5.52 1757
5.53 1758
5.53 1759
5.53 1760
5.54 1761
5.54 1762
5.54 1763
5.55 1764
5.55 1765
5.55 1766
5.56 1767
5.56 1768
5.56 1769
5.56 1770
5.57 1771
5.57 1772
5.57 1773
5.57 1774
5.58 1775
5.58 1776
5.58 1777
5.59 1778
5.59 1779
5.59 1780
5.6 1781
5.6 1782
5.6 1783
5.6 1784
5.61 1785
5.61 1786
5.61 1787
5.62 1788
5.62 1789
5.62 1790
5.62 1791
5.63 1792
5.63 1793
5.63 1794
5.64 1795
5.64 1796
5.64 1797
5.64 1798
5.65 1799
5.65 1800
5.65 1801
5.66 1802
5.66 1803
5.66 1804
5.66 1805
5.67 1806
5.67 1807
5.67 1808
5.68 1809
5.68 1810
5.68 1811
5.68 1812
5.69 1813
5.69 1814
5.69 1815
5.7 1816
5.7 1817
5.7 1818
5.7 1819
5.71 1820
5.71 1821
5.71 1822
5.72 1823
5.72 1824
5.72 1825
5.73 1826
5.73 1827
5.73 1828
5.73 1829
5.74 1830
5.74 1831
5.74 1832
5.75 1833
5.75 1834
5.75 1835
5.76 1836
5.76 1837
5.76 1838
5.76 1839
5.77 1840
5.77 1841
5.77 1842
5.78 1843
5.78 1844
5.78 1845
5.79 1846
5.79 1847
5.79 1848
5.8 1849
5.8 1850
5.8 1851
5.81 1852
5.81 1853
5.81 1854
5.82 1855
5.82 1856
5.82 1857
5.82 1858
5.83 1859
5.83 1860
5.83 1861
5.84 1862
5.84 1863
5.84 1864
5.84 1865
5.85 1866
5.85 1867
5.85 1868
5.86 1869
5.86 1870
5.86 1871
5.87 1872
5.87 1873
5.87 1874
5.87 1875
5.88 1876
5.88 1877
5.88 1878
5.89 1879
5.89 1880
5.89 1881
5.89 1882
5.9 1883
5.9 1884
5.9 1885
5.91 1886
5.91 1887
5.91 1888
5.91 1889
5.92 1890
5.92 1891
5.92 1892
5.93 1893
5.93 1894
5.93 1895
5.93 1896
5.94 1897
5.94 1898
5.94 1899
5.95 1900
5.95 1901
5.95 1902
5.95 1903
5.96 1904
5.96 1905
5.96 1906
5.97 1907
5.97 1908
5.97 1909
5.97 1910
5.98 1911
5.98 1912
5.98 1913
5.99 1914
5.99 1915
5.99 1916
5.99 1917
6.0 1918
6.0 1919
6.0 1920
6.01 1921
6.01 1922
6.01 1923
6.02 1924
6.02 1925
6.02 1926
6.02 1927
6.03 1928
6.03 1929
6.03 1930
6.04 1931
6.04 1932
6.04 1933
6.05 1934
6.05 1935
6.05 1936
6.05 1937
6.06 1938
6.06 1939
6.06 1940
6.07 1941
6.07 1942
6.07 1943
6.08 1944
6.08 1945
6.08 1946
6.09 1947
6.09 1948
6.09 1949
6.1 1950
6.1 1951
6.1 1952
6.1 1953
6.11 1954
6.11 1955
6.11 1956
6.12 1957
6.12 1958
6.12 1959
6.12 1960
6.13 1961
6.13 1962
6.13 1963
6.14 1964
6.14 1965
6.14 1966
6.14 1967
6.15 1968
6.15 1969
6.15 1970
6.16 1971
6.16 1972
6.16 1973
6.17 1974
6.17 1975
6.17 1976
6.17 1977
6.18 1978
6.18 1979
6.18 1980
6.19 1981
6.19 1982
6.19 1983
6.19 1984
6.2 1985
6.2 1986
6.2 1987
6.21 1988
6.21 1989
6.21 1990
6.21 1991
6.22 1992
6.22 1993
6.22 1994
6.23 1995
6.23 1996
6.23 1997
6.24 1998
6.24 1999
6.24 2000
6.24 2001
6.25 2002
6.25 2003
6.25 2004
6.26 2005
6.26 2006
6.26 2007
6.26 2008
6.27 2009
6.27 2010
6.27 2011
6.28 2012
6.28 2013
6.28 2014
6.28 2015
6.29 2016
6.29 2017
6.29 2018
6.3 2019
6.3 2020
6.3 2021
6.31 2022
6.31 2023
6.31 2024
6.32 2025
6.32 2026
6.32 2027
6.32 2028
6.33 2029
6.33 2030
6.33 2031
6.34 2032
6.34 2033
6.34 2034
6.35 2035
6.35 2036
6.35 2037
6.36 2038
6.36 2039
6.36 2040
6.36 2041
6.37 2042
6.37 2043
6.37 2044
6.38 2045
6.38 2046
6.38 2047
6.38 2048
6.39 2049
6.39 2050
6.39 2051
6.4 2052
6.4 2053
6.4 2054
6.4 2055
6.41 2056
6.41 2057
6.41 2058
6.42 2059
6.42 2060
6.42 2061
6.42 2062
6.43 2063
6.43 2064
6.43 2065
6.44 2066
6.44 2067
6.44 2068
6.44 2069
6.45 2070
6.45 2071
6.45 2072
6.46 2073
6.46 2074
6.46 2075
6.46 2076
6.47 2077
6.47 2078
6.47 2079
6.48 2080
6.48 2081
6.48 2082
6.48 2083
6.49 2084
6.49 2085
6.49 2086
6.5 2087
6.5 2088
6.5 2089
6.5 2090
6.51 2091
6.51 2092
6.51 2093
6.52 2094
6.52 2095
6.52 2096
6.52 2097
6.53 2098
6.53 2099
6.53 2100
6.54 2101
6.54 2102
6.54 2103
6.54 2104
6.55 2105
6.55 2106
6.55 2107
6.56 2108
6.56 2109
6.56 2110
6.56 2111
6.57 2112
6.57 2113
6.57 2114
6.58 2115
6.58 2116
6.58 2117
6.59 2118
6.59 2119
6.59 2120
6.6 2121
6.6 2122
6.6 2123
6.61 2124
6.61 2125
6.61 2126
6.62 2127
6.62 2128
6.62 2129
6.63 2130
6.63 2131
6.63 2132
6.63 2133
6.64 2134
6.64 2135
6.64 2136
6.65 2137
6.65 2138
6.65 2139
6.66 2140
6.66 2141
6.66 2142
6.66 2143
6.67 2144
6.67 2145
6.67 2146
6.68 2147
6.68 2148
6.68 2149
6.69 2150
6.69 2151
6.69 2152
6.69 2153
6.7 2154
6.7 2155
6.7 2156
6.71 2157
6.71 2158
6.71 2159
6.72 2160
6.72 2161
6.72 2162
6.72 2163
6.73 2164
6.73 2165
6.73 2166
6.74 2167
6.74 2168
6.74 2169
6.74 2170
6.75 2171
6.75 2172
6.75 2173
6.76 2174
6.76 2175
6.76 2176
6.77 2177
6.77 2178
6.77 2179
6.77 2180
6.78 2181
6.78 2182
6.78 2183
6.79 2184
6.79 2185
6.79 2186
6.79 2187
6.8 2188
6.8 2189
6.8 2190
6.81 2191
6.81 2192
6.81 2193
6.82 2194
6.82 2195
6.82 2196
6.82 2197
6.83 2198
6.83 2199
6.83 2200
6.84 2201
6.84 2202
6.84 2203
6.85 2204
6.85 2205
6.85 2206
6.85 2207
6.86 2208
6.86 2209
6.86 2210
6.87 2211
6.87 2212
6.87 2213
6.88 2214
6.88 2215
6.88 2216
6.89 2217
6.89 2218
6.89 2219
6.9 2220
6.9 2221
6.9 2222
6.91 2223
6.91 2224
6.91 2225
6.92 2226
6.92 2227
6.92 2228
6.93 2229
6.93 2230
6.93 2231
6.93 2232
6.94 2233
6.94 2234
6.94 2235
6.95 2236
6.95 2237
6.95 2238
6.96 2239
6.96 2240
6.96 2241
6.96 2242
6.97 2243
6.97 2244
6.97 2245
6.98 2246
6.98 2247
6.98 2248
6.99 2249
6.99 2250
6.99 2251
6.99 2252
7.0 2253
7.0 2254
7.0 2255
7.01 2256
7.01 2257
7.01 2258
7.02 2259
7.02 2260
7.02 2261
7.02 2262
7.03 2263
7.03 2264
7.03 2265
7.04 2266
7.04 2267
7.04 2268
7.04 2269
7.05 2270
7.05 2271
7.05 2272
7.06 2273
7.06 2274
7.06 2275
7.06 2276
7.07 2277
7.07 2278
7.07 2279
7.08 2280
7.08 2281
7.08 2282
7.09 2283
7.09 2284
7.09 2285
7.09 2286
7.1 2287
7.1 2288
7.1 2289
7.11 2290
7.11 2291
7.11 2292
7.12 2293
7.12 2294
7.12 2295
7.12 2296
7.13 2297
7.13 2298
7.13 2299
7.14 2300
7.14 2301
7.14 2302
7.15 2303
7.15 2304
7.15 2305
7.16 2306
7.16 2307
7.17 2308
7.17 2309
7.17 2310
7.18 2311
7.18 2312
7.18 2313
7.19 2314
7.19 2315
7.19 2316
7.19 2317
7.2 2318
7.2 2319
7.2 2320
7.21 2321
7.21 2322
7.21 2323
7.22 2324
7.22 2325
7.22 2326
7.22 2327
7.23 2328
7.23 2329
7.23 2330
7.24 2331
7.24 2332
7.24 2333
7.24 2334
7.25 2335
7.25 2336
7.25 2337
7.26 2338
7.26 2339
7.26 2340
7.27 2341
7.27 2342
7.27 2343
7.27 2344
7.28 2345
7.28 2346
7.28 2347
7.29 2348
7.29 2349
7.29 2350
7.3 2351
7.3 2352
7.3 2353
7.3 2354
7.31 2355
7.31 2356
7.31 2357
7.32 2358
7.32 2359
7.32 2360
7.32 2361
7.33 2362
7.33 2363
7.33 2364
7.34 2365
7.34 2366
7.34 2367
7.35 2368
7.35 2369
7.35 2370
7.35 2371
7.36 2372
7.36 2373
7.36 2374
7.37 2375
7.37 2376
7.37 2377
7.37 2378
7.38 2379
7.38 2380
7.38 2381
7.39 2382
7.39 2383
7.39 2384
7.4 2385
7.4 2386
7.4 2387
7.4 2388
7.41 2389
7.41 2390
7.41 2391
7.42 2392
7.42 2393
7.42 2394
7.43 2395
7.43 2396
7.43 2397
7.44 2398
7.44 2399
7.44 2400
7.45 2401
7.45 2402
7.45 2403
7.46 2404
7.46 2405
7.46 2406
7.47 2407
7.47 2408
7.47 2409
7.47 2410
7.48 2411
7.48 2412
7.48 2413
7.49 2414
7.49 2415
7.49 2416
7.49 2417
7.5 2418
7.5 2419
7.5 2420
7.51 2421
7.51 2422
7.51 2423
7.52 2424
7.52 2425
7.52 2426
7.52 2427
7.53 2428
7.53 2429
7.53 2430
7.54 2431
7.54 2432
7.54 2433
7.54 2434
7.55 2435
7.55 2436
7.55 2437
7.56 2438
7.56 2439
7.56 2440
7.57 2441
7.57 2442
7.57 2443
7.57 2444
7.58 2445
7.58 2446
7.58 2447
7.59 2448
7.59 2449
7.59 2450
7.59 2451
7.6 2452
7.6 2453
7.6 2454
7.61 2455
7.61 2456
7.61 2457
7.62 2458
7.62 2459
7.62 2460
7.62 2461
7.63 2462
7.63 2463
7.63 2464
7.64 2465
7.64 2466
7.64 2467
7.64 2468
7.65 2469
7.65 2470
7.65 2471
7.66 2472
7.66 2473
7.66 2474
7.67 2475
7.67 2476
7.67 2477
7.68 2478
7.68 2479
7.68 2480
7.69 2481
7.69 2482
7.69 2483
7.7 2484
7.7 2485
7.7 2486
7.71 2487
7.71 2488
7.71 2489
7.72 2490
7.72 2491
7.72 2492
7.73 2493
7.73 2494
7.73 2495
7.74 2496
7.74 2497
7.74 2498
7.74 2499
7.75 2500
7.75 2501
7.75 2502
7.76 2503
7.76 2504
7.76 2505
7.77 2506
7.77 2507
7.77 2508
7.77 2509
7.78 2510
7.78 2511
7.78 2512
7.79 2513
7.79 2514
7.79 2515
7.79 2516
7.8 2517
7.8 2518
7.8 2519
7.81 2520
7.81 2521
7.81 2522
7.82 2523
7.82 2524
7.82 2525
7.82 2526
7.83 2527
7.83 2528
7.83 2529
7.84 2530
7.84 2531
7.84 2532
7.84 2533
7.85 2534
7.85 2535
7.85 2536
7.86 2537
7.86 2538
7.86 2539
7.87 2540
7.87 2541
7.87 2542
7.87 2543
7.88 2544
7.88 2545
7.88 2546
7.89 2547
7.89 2548
7.89 2549
7.9 2550
7.9 2551
7.9 2552
7.9 2553
7.91 2554
7.91 2555
7.91 2556
7.92 2557
7.92 2558
7.92 2559
7.92 2560
7.93 2561
7.93 2562
7.93 2563
7.94 2564
7.94 2565
7.94 2566
7.95 2567
7.95 2568
7.95 2569
7.96 2570
7.96 2571
7.96 2572
7.97 2573
7.97 2574
7.97 2575
7.98 2576
7.98 2577
7.98 2578
7.99 2579
7.99 2580
7.99 2581
8.0 2582
8.0 2583
8.0 2584
8.01 2585
8.01 2586
8.01 2587
8.01 2588
8.02 2589
8.02 2590
8.02 2591
8.03 2592
8.03 2593
8.03 2594
8.03 2595
8.04 2596
8.04 2597
8.04 2598
8.05 2599
8.05 2600
8.05 2601
8.05 2602
8.06 2603
8.06 2604
8.06 2605
8.07 2606
8.07 2607
8.07 2608
8.07 2609
8.08 2610
8.08 2611
8.08 2612
8.09 2613
8.09 2614
8.09 2615
8.1 2616
8.1 2617
8.1 2618
8.1 2619
8.11 2620
8.11 2621
8.11 2622
8.12 2623
8.12 2624
8.12 2625
8.12 2626
8.13 2627
8.13 2628
8.13 2629
8.14 2630
8.14 2631
8.14 2632
8.14 2633
8.15 2634
8.15 2635
8.15 2636
8.16 2637
8.16 2638
8.16 2639
8.17 2640
8.17 2641
8.17 2642
8.17 2643
8.18 2644
8.18 2645
8.18 2646
8.19 2647
8.19 2648
8.19 2649
8.2 2650
8.2 2651
8.2 2652
8.21 2653
8.21 2654
8.21 2655
8.22 2656
8.22 2657
8.22 2658
8.23 2659
8.23 2660
8.23 2661
8.24 2662
8.24 2663
8.25 2664
8.25 2665
8.25 2666
8.26 2667
8.26 2668
8.26 2669
8.26 2670
8.27 2671
8.27 2672
8.27 2673
8.28 2674
8.28 2675
8.28 2676
8.28 2677
8.29 2678
8.29 2679
8.29 2680
8.3 2681
8.3 2682
8.3 2683
8.31 2684
8.31 2685
8.31 2686
8.31 2687
8.32 2688
8.32 2689
8.32 2690
8.33 2691
8.33 2692
8.33 2693
8.33 2694
8.34 2695
8.34 2696
8.34 2697
8.35 2698
8.35 2699
8.35 2700
8.35 2701
8.36 2702
8.36 2703
8.36 2704
8.37 2705
8.37 2706
8.37 2707
8.37 2708
8.38 2709
8.38 2710
8.38 2711
8.39 2712
8.39 2713
8.39 2714
8.4 2715
8.4 2716
8.4 2717
8.4 2718
8.41 2719
8.41 2720
8.41 2721
8.42 2722
8.42 2723
8.42 2724
8.42 2725
8.43 2726
8.43 2727
8.43 2728
8.44 2729
8.44 2730
8.44 2731
8.45 2732
8.45 2733
8.45 2734
8.45 2735
8.46 2736
8.46 2737
8.46 2738
8.47 2739
8.47 2740
8.47 2741
8.48 2742
8.48 2743
8.48 2744
8.49 2745
8.49 2746
8.49 2747
8.5 2748
8.5 2749
8.5 2750
8.51 2751
8.51 2752
8.51 2753
8.52 2754
8.52 2755
8.52 2756
8.52 2757
8.53 2758
8.53 2759
8.53 2760
8.54 2761
8.54 2762
8.54 2763
8.54 2764
8.55 2765
8.55 2766
8.55 2767
8.56 2768
8.56 2769
8.56 2770
8.57 2771
8.57 2772
8.57 2773
8.57 2774
8.58 2775
8.58 2776
8.58 2777
8.59 2778
8.59 2779
8.59 2780
8.59 2781
8.6 2782
8.6 2783
8.6 2784
8.61 2785
8.61 2786
8.61 2787
8.61 2788
8.62 2789
8.62 2790
8.62 2791
8.63 2792
8.63 2793
8.63 2794
8.64 2795
8.64 2796
8.64 2797
8.64 2798
8.65 2799
8.65 2800
8.65 2801
8.66 2802
8.66 2803
8.66 2804
8.66 2805
8.67 2806
8.67 2807
8.67 2808
8.68 2809
8.68 2810
8.68 2811
8.69 2812
8.69 2813
8.69 2814
8.69 2815
8.7 2816
8.7 2817
8.7 2818
8.71 2819
8.71 2820
8.71 2821
8.72 2822
8.72 2823
8.72 2824
8.72 2825
8.73 2826
8.73 2827
8.73 2828
8.74 2829
8.74 2830
8.74 2831
8.75 2832
8.75 2833
8.75 2834
8.76 2835
8.76 2836
8.76 2837
8.77 2838
8.77 2839
8.77 2840
8.78 2841
8.78 2842
8.78 2843
8.79 2844
8.79 2845
8.79 2846
8.8 2847
8.8 2848
8.8 2849
8.8 2850
8.81 2851
8.81 2852
8.81 2853
8.82 2854
8.82 2855
8.82 2856
8.83 2857
8.83 2858
8.83 2859
8.84 2860
8.84 2861
8.84 2862
8.85 2863
8.85 2864
8.85 2865
8.86 2866
8.86 2867
8.86 2868
8.87 2869
8.87 2870
8.87 2871
8.88 2872
8.88 2873
8.88 2874
8.89 2875
8.89 2876
8.89 2877
8.9 2878
8.9 2879
8.9 2880
8.91 2881
8.91 2882
8.91 2883
8.92 2884
8.92 2885
8.92 2886
8.93 2887
8.93 2888
8.93 2889
8.93 2890
8.94 2891
8.94 2892
8.94 2893
8.95 2894
8.95 2895
8.95 2896
8.95 2897
8.96 2898
8.96 2899
8.96 2900
8.97 2901
8.97 2902
8.97 2903
8.97 2904
8.98 2905
8.98 2906
8.98 2907
8.99 2908
8.99 2909
8.99 2910
9.0 2911
9.0 2912
9.0 2913
9.01 2914
9.01 2915
9.01 2916
9.02 2917
9.02 2918
9.02 2919
9.03 2920
9.03 2921
9.03 2922
9.04 2923
9.04 2924
9.04 2925
9.05 2926
9.05 2927
9.05 2928
9.06 2929
9.06 2930
9.06 2931
9.06 2932
9.07 2933
9.07 2934
9.07 2935
9.08 2936
9.08 2937
9.08 2938
9.08 2939
9.09 2940
9.09 2941
9.09 2942
9.1 2943
9.1 2944
9.1 2945
9.1 2946
9.11 2947
9.11 2948
9.11 2949
9.12 2950
9.12 2951
9.12 2952
9.13 2953
9.13 2954
9.13 2955
9.13 2956
9.14 2957
9.14 2958
9.14 2959
9.15 2960
9.15 2961
9.15 2962
9.15 2963
9.16 2964
9.16 2965
9.16 2966
9.17 2967
9.17 2968
9.17 2969
9.18 2970
9.18 2971
9.18 2972
9.18 2973
9.19 2974
9.19 2975
9.19 2976
9.2 2977
9.2 2978
9.2 2979
9.21 2980
9.21 2981
9.21 2982
9.21 2983
9.22 2984
9.22 2985
9.22 2986
9.23 2987
9.23 2988
9.23 2989
9.23 2990
9.24 2991
9.24 2992
9.24 2993
9.25 2994
9.25 2995
9.25 2996
9.26 2997
9.26 2998
9.26 2999
9.27 3000
9.27 3001
9.27 3002
9.28 3003
9.28 3004
9.28 3005
9.29 3006
9.29 3007
9.29 3008
9.3 3009
9.3 3010
9.3 3011
9.3 3012
9.31 3013
9.31 3014
9.31 3015
9.32 3016
9.32 3017
9.32 3018
9.33 3019
9.33 3020
9.33 3021
9.34 3022
9.34 3023
9.34 3024
9.34 3025
9.35 3026
9.35 3027
9.35 3028
9.36 3029
9.36 3030
9.36 3031
9.36 3032
9.37 3033
9.37 3034
9.37 3035
9.38 3036
9.38 3037
9.38 3038
9.38 3039
9.39 3040
9.39 3041
9.39 3042
9.4 3043
9.4 3044
9.4 3045
9.41 3046
9.41 3047
9.41 3048
9.41 3049
9.42 3050
9.42 3051
9.42 3052
9.43 3053
9.43 3054
9.43 3055
9.43 3056
9.44 3057
9.44 3058
9.44 3059
9.45 3060
9.45 3061
9.45 3062
9.45 3063
9.46 3064
9.46 3065
9.46 3066
9.47 3067
9.47 3068
9.47 3069
9.47 3070
9.48 3071
9.48 3072
9.48 3073
9.49 3074
9.49 3075
9.49 3076
9.49 3077
9.5 3078
9.5 3079
9.5 3080
9.51 3081
9.51 3082
9.51 3083
9.51 3084
9.52 3085
9.52 3086
9.52 3087
9.53 3088
9.53 3089
9.53 3090
9.54 3091
9.54 3092
9.54 3093
9.55 3094
9.55 3095
9.55 3096
9.56 3097
9.56 3098
9.56 3099
9.57 3100
9.57 3101
9.57 3102
9.57 3103
9.58 3104
9.58 3105
9.58 3106
9.59 3107
9.59 3108
9.59 3109
9.6 3110
9.6 3111
9.6 3112
9.61 3113
9.61 3114
9.61 3115
9.61 3116
9.62 3117
9.62 3118
9.62 3119
9.63 3120
9.63 3121
9.63 3122
9.64 3123
9.64 3124
9.64 3125
9.64 3126
9.65 3127
9.65 3128
9.65 3129
9.66 3130
9.66 3131
9.66 3132
9.66 3133
9.67 3134
9.67 3135
9.67 3136
9.68 3137
9.68 3138
9.68 3139
9.68 3140
9.69 3141
9.69 3142
9.69 3143
9.7 3144
9.7 3145
9.7 3146
9.7 3147
9.71 3148
9.71 3149
9.71 3150
9.72 3151
9.72 3152
9.72 3153
9.73 3154
9.73 3155
9.73 3156
9.73 3157
9.74 3158
9.74 3159
9.74 3160
9.75 3161
9.75 3162
9.75 3163
9.75 3164
9.76 3165
9.76 3166
9.76 3167
9.77 3168
9.77 3169
9.77 3170
9.77 3171
9.78 3172
9.78 3173
9.78 3174
9.79 3175
9.79 3176
9.79 3177
9.8 3178
9.8 3179
9.8 3180
9.81 3181
9.81 3182
9.81 3183
9.81 3184
9.82 3185
9.82 3186
9.82 3187
9.83 3188
9.83 3189
9.83 3190
9.84 3191
9.84 3192
9.84 3193
9.85 3194
9.85 3195
9.85 3196
9.86 3197
9.86 3198
9.86 3199
9.87 3200
9.87 3201
9.87 3202
9.87 3203
9.88 3204
9.88 3205
9.88 3206
9.89 3207
9.89 3208
9.89 3209
9.89 3210
9.9 3211
9.9 3212
9.9 3213
9.91 3214
9.91 3215
9.91 3216
9.91 3217
9.92 3218
9.92 3219
9.92 3220
9.93 3221
9.93 3222
9.93 3223
9.93 3224
9.94 3225
9.94 3226
9.94 3227
9.95 3228
9.95 3229
9.95 3230
9.95 3231
9.96 3232
9.96 3233
9.96 3234
9.97 3235
9.97 3236
9.97 3237
9.97 3238
9.98 3239
9.98 3240
9.98 3241
9.99 3242
9.99 3243
9.99 3244
10.0 3245
10.0 3246
10.0 3247
