0.03 2
0.05 3
0.07 4
0.09 5
0.1 6
0.11 7
0.11 8
0.12 9
0.13 10
0.14 11
0.14 12
0.15 13
0.15 14
0.16 15
0.16 16
0.17 17
0.17 18
0.18 19
0.18 20
0.19 21
0.19 22
0.19 23
0.2 24
0.2 25
0.21 26
0.21 27
0.22 28
0.22 29
0.22 30
0.23 31
0.23 32
0.24 33
0.24 34
0.24 35
0.25 36
0.25 37
0.25 38
0.26 39
0.26 40
0.27 41
0.27 42
0.27 43
0.28 44
0.28 45
0.29 46
0.29 47
0.29 48
0.3 49
0.3 50
0.3 51
0.31 52
0.31 53
0.32 54
0.32 55
0.32 56
0.33 57
0.33 58
0.33 59
0.34 60
0.34 61
0.34 62
0.35 63
0.35 64
0.35 65
0.36 66
0.36 67
0.36 68
0.37 69
0.37 70
0.38 71
0.38 72
0.38 73
0.39 74
0.39 75
0.39 76
0.4 77
0.4 78
0.4 79
0.41 80
0.41 81
0.41 82
0.42 83
0.42 84
0.42 85
0.43 86
0.43 87
0.43 88
0.44 89
0.44 90
0.44 91
0.45 92
0.45 93
0.46 94
0.46 95
0.46 96
0.47 97
0.47 98
0.47 99
0.48 100
0.48 101
0.48 102
0.49 103
0.49 104
0.49 105
0.5 106
0.5 107
0.5 108
0.51 109
0.51 110
0.51 111
0.52 112
0.52 113
0.52 114
0.53 115
0.53 116
0.53 117
0.54 118
0.54 119
0.54 120
0.55 121
0.55 122
0.55 123
0.56 124
0.56 125
0.56 126
0.57 127
0.57 128
0.57 129
0.58 130
0.58 131
0.59 132
0.59 133
0.59 134
0.6 135
0.6 136
0.6 137
0.61 138
0.61 139
0.61 140
0.62 141
0.62 142
0.62 143
0.63 144
0.63 145
0.63 146
0.64 147
0.64 148
0.64 149
0.64 150
0.65 151
0.65 152
0.66 153
0.66 154
0.66 155
0.67 156
0.67 157
0.67 158
0.68 159
0.68 160
0.68 161
0.69 162
0.69 163
0.69 164
0.7 165
0.7 166
0.7 167
0.71 168
0.71 169
0.71 170
0.72 171
0.72 172
0.72 173
0.73 174
0.73 175
0.73 176
0.74 177
0.74 178
0.74 179
0.75 180
0.75 181
0.75 182
0.76 183
0.76 184
0.76 185
0.76 186
0.77 187
0.77 188
0.77 189
0.78 190
0.78 191
0.78 192
0.79 193
0.79 194
0.79 195
0.8 196
0.8 197
0.8 198
0.81 199
0.81 200
0.81 201
0.82 202
0.82 203
0.82 204
0.83 205
0.83 206
0.83 207
0.84 208
0.84 209
0.85 210
0.85 211
0.85 212
0.86 213
0.86 214
0.86 215
0.87 216
0.87 217
0.87 218
0.88 219
0.88 220
0.88 221
0.89 222
0.89 223
0.89 224
0.89 225
0.9 226
0.9 227
0.9 228
0.91 229
0.91 230
0.91 231
0.92 232
0.92 233
0.92 234
0.93 235
0.93 236
0.93 237
0.94 238
0.94 239
0.95 240
0.95 241
0.95 242
0.96 243
0.96 244
0.96 245
0.96 246
0.97 247
0.97 248
0.97 249
0.98 250
0.98 251
0.98 252
0.99 253
0.99 254
0.99 255
1.0 256
1.0 257
1.0 258
1.01 259
1.01 260
1.01 261
1.02 262
1.02 263
1.02 264
1.03 265
1.03 266
1.03 267
1.03 268
1.04 269
1.04 270
1.05 271
1.05 272
1.05 273
1.06 274
1.06 275
1.06 276
1.07 277
1.07 278
1.07 279
1.08 280
1.08 281
1.09 282
1.09 283
1.09 284
1.1 285
1.1 286
1.1 287
1.11 288
1.11 289
1.12 290
1.12 291
1.12 292
1.13 293
1.13 294
1.13 295
1.14 296
1.14 297
1.14 298
1.15 299
1.15 300
1.15 301
1.16 302
1.16 303
1.16 304
1.17 305
1.17 306
1.17 307
1.18 308
1.18 309
1.18 310
1.19 311
1.19 312
1.19 313
1.2 314
1.2 315
1.2 316
1.21 317
1.21 318
1.21 319
1.22 320
1.22 321
1.22 322
1.23 323
1.23 324
1.23 325
1.24 326
1.24 327
1.24 328
1.25 329
1.25 330
1.25 331
1.26 332
1.26 333
1.26 334
1.27 335
1.27 336
1.27 337
1.28 338
1.28 339
1.28 340
1.29 341
1.29 342
1.29 343
1.29 344
1.3 345
1.3 346
1.3 347
1.31 348
1.31 349
1.31 350
1.32 351
1.32 352
1.32 353
1.33 354
1.33 355
1.33 356
1.34 357
1.34 358
1.34 359
1.35 360
1.35 361
1.35 362
1.36 363
1.36 364
1.36 365
1.37 366
1.37 367
1.37 368
1.38 369
1.38 370
1.38 371
1.39 372
1.39 373
1.39 374
1.4 375
1.4 376
1.4 377
1.41 378
1.41 379
1.41 380
1.42 381
1.42 382
1.42 383
1.43 384
1.43 385
1.43 386
1.44 387
1.44 388
1.44 389
1.44 390
1.45 391
1.45 392
1.46 393
1.46 394
1.46 395
1.47 396
1.47 397
1.47 398
1.48 399
1.48 400
1.48 401
1.49 402
1.49 403
1.49 404
1.5 405
1.5 406
1.5 407
1.51 408
1.51 409
1.51 410
1.51 411
1.52 412
1.52 413
1.52 414
1.53 415
1.53 416
1.53 417
1.54 418
1.54 419
1.54 420
1.55 421
1.55 422
1.55 423
1.56 424
1.56 425
1.57 426
1.57 427
1.57 428
1.58 429
1.58 430
1.58 431
1.59 432
1.59 433
1.6 434
1.6 435
1.6 436
1.61 437
1.61 438
1.61 439
1.62 440
1.62 441
1.62 442
1.63 443
1.63 444
1.63 445
1.64 446
1.64 447
1.65 448
1.65 449
1.65 450
1.66 451
1.66 452
1.66 453
1.67 454
1.67 455
1.67 456
1.68 457
1.68 458
1.68 459
1.69 460
1.69 461
1.7 462
1.7 463
1.7 464
1.71 465
1.71 466
1.71 467
1.72 468
1.72 469
1.72 470
1.73 471
1.73 472
1.73 473
1.74 474
1.74 475
1.74 476
1.75 477
1.75 478
1.75 479
1.76 480
1.76 481
1.76 482
1.77 483
1.77 484
1.77 485
1.78 486
1.78 487
1.78 488
1.79 489
1.79 490
1.79 491
1.8 492
1.8 493
1.8 494
1.81 495
1.81 496
1.81 497
1.82 498
1.82 499
1.82 500
1.83 501
1.83 502
1.83 503
1.83 504
1.84 505
1.84 506
1.84 507
1.85 508
1.85 509
1.85 510
1.86 511
1.86 512
1.86 513
1.87 514
1.87 515
1.87 516
1.88 517
1.88 518
1.88 519
1.89 520
1.89 521
1.89 522
1.9 523
1.9 524
1.9 525
1.91 526
1.91 527
1.91 528
1.92 529
1.92 530
1.92 531
1.93 532
1.93 533
1.93 534
1.94 535
1.94 536
1.94 537
1.95 538
1.95 539
1.95 540
1.96 541
1.96 542
1.96 543
1.97 544
1.97 545
1.97 546
1.98 547
1.98 548
1.98 549
1.99 550
1.99 551
1.99 552
2.0 553
2.0 554
2.01 555
2.01 556
2.01 557
2.02 558
2.02 559
2.02 560
2.03 561
2.03 562
2.03 563
2.04 564
2.04 565
2.04 566
2.05 567
2.05 568
2.05 569
2.06 570
2.06 571
2.06 572
2.07 573
2.07 574
2.07 575
2.08 576
2.08 577
2.08 578
2.09 579
2.09 580
2.1 581
2.1 582
2.1 583
2.11 584
2.11 585
2.11 586
2.12 587
2.12 588
2.12 589
2.13 590
2.13 591
2.13 592
2.14 593
2.14 594
2.14 595
2.15 596
2.15 597
2.15 598
2.16 599
2.16 600
2.16 601
2.17 602
2.17 603
2.18 604
2.18 605
2.18 606
2.19 607
2.19 608
2.19 609
2.2 610
2.2 611
2.2 612
2.21 613
2.21 614
2.21 615
2.21 616
2.22 617
2.22 618
2.22 619
2.23 620
2.23 621
2.23 622
2.24 623
2.24 624
2.24 625
2.25 626
2.25 627
2.25 628
2.26 629
2.26 630
2.26 631
2.27 632
2.27 633
2.27 634
2.28 635
2.28 636
2.28 637
2.29 638
2.29 639
2.29 640
2.3 641
2.3 642
2.3 643
2.31 644
2.31 645
2.31 646
2.31 647
2.32 648
2.32 649
2.32 650
2.33 651
2.33 652
2.33 653
2.34 654
2.34 655
2.34 656
2.35 657
2.35 658
2.35 659
2.36 660
2.36 661
2.36 662
2.37 663
2.37 664
2.37 665
2.37 666
2.38 667
2.38 668
2.38 669
2.39 670
2.39 671
2.39 672
2.4 673
2.4 674
2.4 675
2.41 676
2.41 677
2.41 678
2.42 679
2.42 680
2.42 681
2.42 682
2.43 683
2.43 684
2.43 685
2.44 686
2.44 687
2.44 688
2.45 689
2.45 690
2.45 691
2.46 692
2.46 693
2.46 694
2.47 695
2.47 696
2.47 697
2.48 698
2.48 699
2.48 700
2.49 701
2.49 702
2.49 703
2.5 704
2.5 705
2.5 706
2.51 707
2.51 708
2.51 709
2.52 710
2.52 711
2.52 712
2.53 713
2.53 714
2.54 715
2.54 716
2.54 717
2.55 718
2.55 719
2.55 720
2.56 721
2.56 722
2.56 723
2.57 724
2.57 725
2.57 726
2.58 727
2.58 728
2.58 729
2.59 730
2.59 731
2.59 732
2.6 733
2.6 734
2.6 735
2.61 736
2.61 737
2.61 738
2.61 739
2.62 740
2.62 741
2.62 742
2.63 743
2.63 744
2.63 745
2.64 746
2.64 747
2.64 748
2.65 749
2.65 750
2.65 751
2.66 752
2.66 753
2.66 754
2.67 755
2.67 756
2.67 757
2.67 758
2.68 759
2.68 760
2.68 761
2.69 762
2.69 763
2.69 764
2.7 765
2.7 766
2.7 767
2.71 768
2.71 769
2.71 770
2.72 771
2.72 772
2.72 773
2.73 774
2.73 775
2.73 776
2.74 777
2.74 778
2.74 779
2.75 780
2.75 781
2.75 782
2.76 783
2.76 784
2.76 785
2.76 786
2.77 787
2.77 788
2.77 789
2.78 790
2.78 791
2.78 792
2.79 793
2.79 794
2.79 795
2.8 796
2.8 797
2.8 798
2.81 799
2.81 800
2.81 801
2.82 802
2.82 803
2.82 804
2.83 805
2.83 806
2.83 807
2.84 808
2.84 809
2.84 810
2.85 811
2.85 812
2.85 813
2.86 814
2.86 815
2.86 816
2.87 817
2.87 818
2.87 819
2.88 820
2.88 821
2.88 822
2.88 823
2.89 824
2.89 825
2.89 826
2.9 827
2.9 828
2.9 829
2.91 830
2.91 831
2.91 832
2.92 833
2.92 834
2.92 835
2.92 836
2.93 837
2.93 838
2.93 839
2.94 840
2.94 841
2.94 842
2.95 843
2.95 844
2.95 845
2.96 846
2.96 847
2.96 848
2.97 849
2.97 850
2.97 851
2.98 852
2.98 853
2.98 854
2.99 855
2.99 856
2.99 857
3.0 858
3.0 859
3.0 860
3.01 861
3.01 862
3.01 863
3.02 864
3.02 865
3.02 866
3.03 867
3.03 868
3.03 869
3.03 870
3.04 871
3.04 872
3.04 873
3.05 874
3.05 875
3.05 876
3.06 877
3.06 878
3.06 879
3.07 880
3.07 881
3.07 882
3.08 883
3.08 884
3.08 885
3.09 886
3.09 887
3.09 888
3.1 889
3.1 890
3.1 891
3.11 892
3.11 893
3.11 894
3.11 895
3.12 896
3.12 897
3.12 898
3.13 899
3.13 900
3.13 901
3.14 902
3.14 903
3.14 904
3.15 905
3.15 906
3.15 907
3.15 908
3.16 909
3.16 910
3.16 911
3.17 912
3.17 913
3.17 914
3.18 915
3.18 916
3.18 917
3.19 918
3.19 919
3.19 920
3.19 921
3.2 922
3.2 923
3.2 924
3.21 925
3.21 926
3.21 927
3.22 928
3.22 929
3.22 930
3.23 931
3.23 932
3.23 933
3.24 934
3.24 935
3.24 936
3.25 937
3.25 938
3.25 939
3.26 940
3.26 941
3.26 942
3.27 943
3.27 944
3.27 945
3.28 946
3.28 947
3.28 948
3.28 949
3.29 950
3.29 951
3.29 952
3.3 953
3.3 954
3.3 955
3.31 956
3.31 957
3.31 958
3.32 959
3.32 960
3.32 961
3.33 962
3.33 963
3.33 964
3.34 965
3.34 966
3.34 967
3.35 968
3.35 969
3.35 970
3.36 971
3.36 972
3.36 973
3.37 974
3.37 975
3.37 976
3.38 977
3.38 978
3.38 979
3.39 980
3.39 981
3.39 982
3.4 983
3.4 984
3.4 985
3.4 986
3.41 987
3.41 988
3.41 989
3.42 990
3.42 991
3.42 992
3.43 993
3.43 994
3.43 995
3.44 996
3.44 997
3.44 998
3.44 999
3.45 1000
3.45 1001
3.45 1002
3.46 1003
3.46 1004
3.46 1005
3.47 1006
3.47 1007
3.47 1008
3.48 1009
3.48 1010
3.48 1011
3.49 1012
3.49 1013
3.49 1014
3.49 1015
3.5 1016
3.5 1017
3.5 1018
3.51 1019
3.51 1020
3.52 1021
3.52 1022
3.52 1023
3.53 1024
3.53 1025
3.53 1026
3.54 1027
3.54 1028
3.54 1029
3.54 1030
3.55 1031
3.55 1032
3.55 1033
3.56 1034
3.56 1035
3.56 1036
3.57 1037
3.57 1038
3.57 1039
3.58 1040
3.58 1041
3.58 1042
3.59 1043
3.59 1044
3.59 1045
3.6 1046
3.6 1047
3.6 1048
3.61 1049
3.61 1050
3.61 1051
3.62 1052
3.62 1053
3.62 1054
3.63 1055
3.63 1056
3.63 1057
3.64 1058
3.64 1059
3.64 1060
3.65 1061
3.65 1062
3.65 1063
3.65 1064
3.66 1065
3.66 1066
3.66 1067
3.67 1068
3.67 1069
3.67 1070
3.68 1071
3.68 1072
3.68 1073
3.69 1074
3.69 1075
3.69 1076
3.69 1077
3.7 1078
3.7 1079
3.7 1080
3.71 1081
3.71 1082
3.71 1083
3.72 1084
3.72 1085
3.72 1086
3.73 1087
3.73 1088
3.73 1089
3.74 1090
3.74 1091
3.74 1092
3.74 1093
3.75 1094
3.75 1095
3.75 1096
3.76 1097
3.76 1098
3.76 1099
3.77 1100
3.77 1101
3.77 1102
3.78 1103
3.78 1104
3.78 1105
3.79 1106
3.79 1107
3.79 1108
3.8 1109
3.8 1110
3.8 1111
3.81 1112
3.81 1113
3.81 1114
3.82 1115
3.82 1116
3.82 1117
3.83 1118
3.83 1119
3.83 1120
3.83 1121
3.84 1122
3.84 1123
3.84 1124
3.85 1125
3.85 1126
3.85 1127
3.86 1128
3.86 1129
3.86 1130
3.87 1131
3.87 1132
3.87 1133
3.88 1134
3.88 1135
3.88 1136
3.89 1137
3.89 1138
3.89 1139
3.9 1140
3.9 1141
3.9 1142
3.91 1143
3.91 1144
3.91 1145
3.92 1146
3.92 1147
3.92 1148
3.92 1149
3.93 1150
3.93 1151
3.93 1152
3.94 1153
3.94 1154
3.94 1155
3.95 1156
3.95 1157
3.95 1158
3.95 1159
3.96 1160
3.96 1161
3.96 1162
3.97 1163
3.97 1164
3.97 1165
3.98 1166
3.98 1167
3.98 1168
3.99 1169
3.99 1170
3.99 1171
4.0 1172
4.0 1173
4.0 1174
4.0 1175
4.01 1176
4.01 1177
4.01 1178
4.02 1179
4.02 1180
4.02 1181
4.03 1182
4.03 1183
4.03 1184
4.04 1185
4.04 1186
4.04 1187
4.05 1188
4.05 1189
4.05 1190
4.06 1191
4.06 1192
4.06 1193
4.07 1194
4.07 1195
4.07 1196
4.08 1197
4.08 1198
4.08 1199
4.09 1200
4.09 1201
4.09 1202
4.09 1203
4.1 1204
4.1 1205
4.1 1206
4.11 1207
4.11 1208
4.11 1209
4.12 1210
4.12 1211
4.12 1212
4.13 1213
4.13 1214
4.13 1215
4.14 1216
4.14 1217
4.14 1218
4.15 1219
4.15 1220
4.15 1221
4.16 1222
4.16 1223
4.16 1224
4.17 1225
4.17 1226
4.17 1227
4.17 1228
4.18 1229
4.18 1230
4.18 1231
4.19 1232
4.19 1233
4.19 1234
4.2 1235
4.2 1236
4.2 1237
4.2 1238
4.21 1239
4.21 1240
4.21 1241
4.22 1242
4.22 1243
4.22 1244
4.23 1245
4.23 1246
4.23 1247
4.24 1248
4.24 1249
4.24 1250
4.24 1251
4.25 1252
4.25 1253
4.25 1254
4.26 1255
4.26 1256
4.26 1257
4.27 1258
4.27 1259
4.27 1260
4.28 1261
4.28 1262
4.28 1263
4.29 1264
4.29 1265
4.29 1266
4.29 1267
4.3 1268
4.3 1269
4.3 1270
4.31 1271
4.31 1272
4.31 1273
4.32 1274
4.32 1275
4.32 1276
4.33 1277
4.33 1278
4.33 1279
4.34 1280
4.34 1281
4.34 1282
4.35 1283
4.35 1284
4.35 1285
4.36 1286
4.36 1287
4.36 1288
4.37 1289
4.37 1290
4.37 1291
4.37 1292
4.38 1293
4.38 1294
4.38 1295
4.39 1296
4.39 1297
4.39 1298
4.4 1299
4.4 1300
4.4 1301
4.41 1302
4.41 1303
4.41 1304
4.42 1305
4.42 1306
4.42 1307
4.43 1308
4.43 1309
4.43 1310
4.44 1311
4.44 1312
4.44 1313
4.45 1314
4.45 1315
4.45 1316
4.45 1317
4.46 1318
4.46 1319
4.46 1320
4.47 1321
4.47 1322
4.47 1323
4.48 1324
4.48 1325
4.48 1326
4.49 1327
4.49 1328
4.49 1329
4.5 1330
4.5 1331
4.5 1332
4.5 1333
4.51 1334
4.51 1335
4.51 1336
4.52 1337
4.52 1338
4.52 1339
4.53 1340
4.53 1341
4.53 1342
4.54 1343
4.54 1344
4.54 1345
4.55 1346
4.55 1347
4.55 1348
4.55 1349
4.56 1350
4.56 1351
4.56 1352
4.57 1353
4.57 1354
4.58 1355
4.58 1356
4.58 1357
4.59 1358
4.59 1359
4.59 1360
4.6 1361
4.6 1362
4.6 1363
4.6 1364
4.61 1365
4.61 1366
4.61 1367
4.62 1368
4.62 1369
4.62 1370
4.63 1371
4.63 1372
4.63 1373
4.64 1374
4.64 1375
4.64 1376
4.65 1377
4.65 1378
4.65 1379
4.65 1380
4.66 1381
4.66 1382
4.66 1383
4.67 1384
4.67 1385
4.68 1386
4.68 1387
4.68 1388
4.68 1389
4.69 1390
4.69 1391
4.69 1392
4.7 1393
4.7 1394
4.7 1395
4.71 1396
4.71 1397
4.71 1398
4.72 1399
4.72 1400
4.72 1401
4.72 1402
4.73 1403
4.73 1404
4.73 1405
4.74 1406
4.74 1407
4.74 1408
4.75 1409
4.75 1410
4.75 1411
4.76 1412
4.76 1413
4.76 1414
4.76 1415
4.77 1416
4.77 1417
4.77 1418
4.78 1419
4.78 1420
4.78 1421
4.79 1422
4.79 1423
4.79 1424
4.8 1425
4.8 1426
4.8 1427
4.8 1428
4.81 1429
4.81 1430
4.81 1431
4.82 1432
4.82 1433
4.82 1434
4.83 1435
4.83 1436
4.83 1437
4.84 1438
4.84 1439
4.84 1440
4.85 1441
4.85 1442
4.85 1443
4.86 1444
4.86 1445
4.86 1446
4.87 1447
4.87 1448
4.87 1449
4.88 1450
4.88 1451
4.88 1452
4.89 1453
4.89 1454
4.89 1455
4.9 1456
4.9 1457
4.9 1458
4.9 1459
4.91 1460
4.91 1461
4.91 1462
4.92 1463
4.92 1464
4.92 1465
4.93 1466
4.93 1467
4.93 1468
4.94 1469
4.94 1470
4.94 1471
4.95 1472
4.95 1473
4.95 1474
4.96 1475
4.96 1476
4.96 1477
4.97 1478
4.97 1479
4.97 1480
4.98 1481
4.98 1482
4.98 1483
4.99 1484
4.99 1485
4.99 1486
4.99 1487
5.0 1488
5.0 1489
