0.03 2
0.05 3
0.07 4
0.08 5
0.09 6
0.11 7
0.11 8
0.12 9
0.12 10
0.13 11
0.14 12
0.14 13
0.15 14
0.15 15
0.16 16
0.16 17
0.17 18
0.17 19
0.17 20
0.18 21
0.18 22
0.19 23
0.19 24
0.2 25
0.2 26
0.2 27
0.21 28
0.21 29
0.22 30
0.22 31
0.22 32
0.23 33
0.23 34
0.23 35
0.24 36
0.24 37
0.24 38
0.25 39
0.25 40
0.25 41
0.26 42
0.26 43
0.27 44
0.27 45
0.27 46
0.28 47
0.28 48
0.28 49
0.29 50
0.29 51
0.29 52
0.3 53
0.3 54
0.31 55
0.31 56
0.31 57
0.32 58
0.32 59
0.33 60
0.33 61
0.33 62
0.34 63
0.34 64
0.34 65
0.35 66
0.35 67
0.35 68
0.36 69
0.36 70
0.36 71
0.37 72
0.37 73
0.37 74
0.38 75
0.38 76
0.38 77
0.39 78
0.39 79
0.39 80
0.4 81
0.4 82
0.4 83
0.4 84
0.41 85
0.41 86
0.41 87
0.42 88
0.42 89
0.42 90
0.43 91
0.43 92
0.43 93
0.44 94
0.44 95
0.44 96
0.45 97
0.45 98
0.45 99
0.46 100
0.46 101
0.46 102
0.47 103
0.47 104
0.47 105
0.47 106
0.48 107
0.48 108
0.48 109
0.49 110
0.49 111
0.49 112
0.5 113
0.5 114
0.5 115
0.51 116
0.51 117
0.51 118
0.52 119
0.52 120
0.52 121
0.53 122
0.53 123
0.53 124
0.54 125
0.54 126
0.54 127
0.55 128
0.55 129
0.55 130
0.56 131
0.56 132
0.56 133
0.57 134
0.57 135
0.58 136
0.58 137
0.58 138
0.59 139
0.59 140
0.59 141
0.6 142
0.6 143
0.6 144
0.61 145
0.61 146
0.61 147
0.62 148
0.62 149
0.62 150
0.62 151
0.63 152
0.63 153
0.63 154
0.64 155
0.64 156
0.64 157
0.65 158
0.65 159
0.65 160
0.66 161
0.66 162
0.66 163
0.66 164
0.67 165
0.67 166
0.67 167
0.68 168
0.68 169
0.68 170
0.69 171
0.69 172
0.69 173
0.7 174
0.7 175
0.7 176
0.7 177
0.71 178
0.71 179
0.72 180
0.72 181
0.72 182
0.72 183
0.73 184
0.73 185
0.73 186
0.74 187
0.74 188
0.74 189
0.75 190
0.75 191
0.75 192
0.76 193
0.76 194
0.76 195
0.77 196
0.77 197
0.77 198
0.77 199
0.78 200
0.78 201
0.78 202
0.79 203
0.79 204
0.79 205
0.8 206
0.8 207
0.8 208
0.81 209
0.81 210
0.81 211
0.82 212
0.82 213
0.82 214
0.83 215
0.83 216
0.83 217
0.84 218
0.84 219
0.84 220
0.85 221
0.85 222
0.85 223
0.86 224
0.86 225
0.86 226
0.87 227
0.87 228
0.87 229
0.88 230
0.88 231
0.88 232
0.89 233
0.89 234
0.89 235
0.89 236
0.9 237
0.9 238
0.9 239
0.91 240
0.91 241
0.91 242
0.92 243
0.92 244
0.92 245
0.93 246
0.93 247
0.93 248
0.93 249
0.94 250
0.94 251
0.94 252
0.95 253
0.95 254
0.95 255
0.96 256
0.96 257
0.96 258
0.97 259
0.97 260
0.97 261
0.97 262
0.98 263
0.98 264
0.98 265
0.99 266
0.99 267
0.99 268
1.0 269
1.0 270
1.0 271
1.01 272
1.01 273
1.01 274
1.02 275
1.02 276
1.02 277
1.03 278
1.03 279
1.03 280
1.03 281
1.04 282
1.04 283
1.04 284
1.05 285
1.05 286
1.05 287
1.06 288
1.06 289
1.06 290
1.07 291
1.07 292
1.07 293
1.07 294
1.08 295
1.08 296
1.08 297
1.09 298
1.09 299
1.09 300
1.1 301
1.1 302
1.1 303
1.11 304
1.11 305
1.12 306
1.12 307
1.12 308
1.13 309
1.13 310
1.13 311
1.14 312
1.14 313
1.15 314
1.15 315
1.15 316
1.16 317
1.16 318
1.17 319
1.17 320
1.17 321
1.18 322
1.18 323
1.19 324
1.19 325
1.19 326
1.2 327
1.2 328
1.2 329
1.21 330
1.21 331
1.21 332
1.21 333
1.22 334
1.22 335
1.22 336
1.23 337
1.23 338
1.23 339
1.24 340
1.24 341
1.24 342
1.25 343
1.25 344
1.25 345
1.25 346
1.26 347
1.26 348
1.26 349
1.27 350
1.27 351
1.27 352
1.28 353
1.28 354
1.28 355
1.28 356
1.29 357
1.29 358
1.29 359
1.3 360
1.3 361
1.3 362
1.31 363
1.31 364
1.31 365
1.32 366
1.32 367
1.32 368
1.33 369
1.33 370
1.33 371
1.33 372
1.34 373
1.34 374
1.34 375
1.35 376
1.35 377
1.35 378
1.36 379
1.36 380
1.36 381
1.37 382
1.37 383
1.37 384
1.38 385
1.38 386
1.38 387
1.39 388
1.39 389
1.4 390
1.4 391
1.4 392
1.4 393
1.41 394
1.41 395
1.41 396
1.42 397
1.42 398
1.42 399
1.43 400
1.43 401
1.43 402
1.44 403
1.44 404
1.44 405
1.44 406
1.45 407
1.45 408
1.45 409
1.46 410
1.46 411
1.46 412
1.47 413
1.47 414
1.47 415
1.47 416
1.48 417
1.48 418
1.48 419
1.49 420
1.49 421
1.49 422
1.5 423
1.5 424
1.5 425
1.51 426
1.51 427
1.51 428
1.52 429
1.52 430
1.52 431
1.52 432
1.53 433
1.53 434
1.53 435
1.54 436
1.54 437
1.54 438
1.55 439
1.55 440
1.55 441
1.56 442
1.56 443
1.56 444
1.56 445
1.57 446
1.57 447
1.57 448
1.58 449
1.58 450
1.58 451
1.59 452
1.59 453
1.59 454
1.59 455
1.6 456
1.6 457
1.6 458
1.61 459
1.61 460
1.61 461
1.62 462
1.62 463
1.62 464
1.63 465
1.63 466
1.63 467
1.64 468
1.64 469
1.64 470
1.65 471
1.65 472
1.65 473
1.66 474
1.66 475
1.66 476
1.67 477
1.67 478
1.67 479
1.68 480
1.68 481
1.68 482
1.69 483
1.69 484
1.69 485
1.7 486
1.7 487
1.7 488
1.7 489
1.71 490
1.71 491
1.71 492
1.72 493
1.72 494
1.72 495
1.73 496
1.73 497
1.73 498
1.74 499
1.74 500
1.74 501
1.74 502
1.75 503
1.75 504
1.75 505
1.76 506
1.76 507
1.76 508
1.77 509
1.77 510
1.77 511
1.77 512
1.78 513
1.78 514
1.78 515
1.79 516
1.79 517
1.79 518
1.8 519
1.8 520
1.8 521
1.81 522
1.81 523
1.81 524
1.81 525
1.82 526
1.82 527
1.82 528
1.83 529
1.83 530
1.83 531
1.84 532
1.84 533
1.84 534
1.85 535
1.85 536
1.85 537
1.85 538
1.86 539
1.86 540
1.86 541
1.87 542
1.87 543
1.87 544
1.88 545
1.88 546
1.88 547
1.89 548
1.89 549
1.89 550
1.9 551
1.9 552
1.9 553
1.91 554
1.91 555
1.91 556
1.92 557
1.92 558
1.92 559
1.93 560
1.93 561
1.93 562
1.94 563
1.94 564
1.94 565
1.95 566
1.95 567
1.95 568
1.96 569
1.96 570
1.96 571
1.96 572
1.97 573
1.97 574
1.97 575
1.98 576
1.98 577
1.98 578
1.99 579
1.99 580
1.99 581
1.99 582
2.0 583
2.0 584
2.01 585
2.01 586
2.01 587
2.01 588
2.02 589
2.02 590
2.02 591
2.03 592
2.03 593
2.03 594
2.04 595
2.04 596
2.04 597
2.05 598
2.05 599
2.05 600
2.05 601
2.06 602
2.06 603
2.06 604
2.07 605
2.07 606
2.07 607
2.08 608
2.08 609
2.08 610
2.08 611
2.09 612
2.09 613
2.09 614
2.1 615
2.1 616
2.1 617
2.11 618
2.11 619
2.11 620
2.11 621
2.12 622
2.12 623
2.12 624
2.13 625
2.13 626
2.13 627
2.14 628
2.14 629
2.14 630
2.15 631
2.15 632
2.15 633
2.16 634
2.16 635
2.16 636
2.17 637
2.17 638
2.17 639
2.18 640
2.18 641
2.18 642
2.19 643
2.19 644
2.19 645
2.2 646
2.2 647
2.2 648
2.21 649
2.21 650
2.21 651
2.22 652
2.22 653
2.22 654
2.22 655
2.23 656
2.23 657
2.23 658
2.24 659
2.24 660
2.24 661
2.25 662
2.25 663
2.25 664
2.26 665
2.26 666
2.26 667
2.26 668
2.27 669
2.27 670
2.27 671
2.28 672
2.28 673
2.28 674
2.28 675
2.29 676
2.29 677
2.29 678
2.3 679
2.3 680
2.3 681
2.31 682
2.31 683
2.31 684
2.32 685
2.32 686
2.32 687
2.32 688
2.33 689
2.33 690
2.33 691
2.34 692
2.34 693
2.34 694
2.35 695
2.35 696
2.35 697
2.35 698
2.36 699
2.36 700
2.36 701
2.37 702
2.37 703
2.37 704
2.38 705
2.38 706
2.38 707
2.38 708
2.39 709
2.39 710
2.39 711
2.4 712
2.4 713
2.4 714
2.41 715
2.41 716
2.41 717
2.42 718
2.42 719
2.42 720
2.43 721
2.43 722
2.43 723
2.44 724
2.44 725
2.44 726
2.45 727
2.45 728
2.45 729
2.46 730
2.46 731
2.46 732
2.47 733
2.47 734
2.47 735
2.48 736
2.48 737
2.48 738
2.49 739
2.49 740
2.49 741
2.49 742
2.5 743
2.5 744
2.5 745
2.51 746
2.51 747
2.51 748
2.52 749
2.52 750
2.52 751
2.53 752
2.53 753
2.53 754
2.53 755
2.54 756
2.54 757
2.54 758
2.55 759
2.55 760
2.55 761
2.56 762
2.56 763
2.56 764
2.56 765
2.57 766
2.57 767
2.57 768
2.58 769
2.58 770
2.58 771
2.59 772
2.59 773
2.59 774
2.59 775
2.6 776
2.6 777
2.6 778
2.61 779
2.61 780
2.61 781
2.62 782
2.62 783
2.62 784
2.63 785
2.63 786
2.63 787
2.63 788
2.64 789
2.64 790
2.64 791
2.65 792
2.65 793
2.65 794
2.66 795
2.66 796
2.66 797
2.66 798
2.67 799
2.67 800
2.67 801
2.68 802
2.68 803
2.68 804
2.69 805
2.69 806
2.69 807
2.7 808
2.7 809
2.71 810
2.71 811
2.71 812
2.72 813
2.72 814
2.72 815
2.73 816
2.73 817
2.73 818
2.74 819
2.74 820
2.74 821
2.75 822
2.75 823
2.75 824
2.76 825
2.76 826
2.76 827
2.76 828
2.77 829
2.77 830
2.77 831
2.78 832
2.78 833
2.78 834
2.79 835
2.79 836
2.79 837
2.8 838
2.8 839
2.8 840
2.8 841
2.81 842
2.81 843
2.81 844
2.82 845
2.82 846
2.82 847
2.83 848
2.83 849
2.83 850
2.84 851
2.84 852
2.84 853
2.84 854
2.85 855
2.85 856
2.85 857
2.86 858
2.86 859
2.86 860
2.87 861
2.87 862
2.87 863
2.88 864
2.88 865
2.88 866
2.88 867
2.89 868
2.89 869
2.89 870
2.9 871
2.9 872
2.9 873
2.91 874
2.91 875
2.91 876
2.92 877
2.92 878
2.92 879
2.93 880
2.93 881
2.93 882
2.94 883
2.94 884
2.94 885
2.95 886
2.95 887
2.95 888
2.96 889
2.96 890
2.96 891
2.97 892
2.97 893
2.97 894
2.98 895
2.98 896
2.99 897
2.99 898
2.99 899
3.0 900
3.0 901
3.0 902
3.01 903
3.01 904
3.01 905
3.02 906
3.02 907
3.02 908
3.03 909
3.03 910
3.03 911
3.03 912
3.04 913
3.04 914
3.04 915
3.05 916
3.05 917
3.05 918
3.06 919
3.06 920
3.06 921
3.06 922
3.07 923
3.07 924
3.07 925
3.08 926
3.08 927
3.08 928
3.09 929
3.09 930
3.09 931
3.09 932
3.1 933
3.1 934
3.1 935
3.11 936
3.11 937
3.11 938
3.11 939
3.12 940
3.12 941
3.12 942
3.13 943
3.13 944
3.13 945
3.14 946
3.14 947
3.14 948
3.14 949
3.15 950
3.15 951
3.15 952
3.16 953
3.16 954
3.16 955
3.17 956
3.17 957
3.17 958
3.18 959
3.18 960
3.18 961
3.18 962
3.19 963
3.19 964
3.19 965
3.2 966
3.2 967
3.2 968
3.21 969
3.21 970
3.21 971
3.22 972
3.22 973
3.22 974
3.23 975
3.23 976
3.23 977
3.24 978
3.24 979
3.24 980
3.25 981
3.25 982
3.25 983
3.26 984
3.26 985
3.26 986
3.27 987
3.27 988
3.27 989
3.27 990
3.28 991
3.28 992
3.28 993
3.29 994
3.29 995
3.29 996
3.3 997
3.3 998
3.3 999
3.3 1000
3.31 1001
3.31 1002
3.31 1003
3.32 1004
3.32 1005
3.32 1006
3.33 1007
3.33 1008
3.33 1009
3.33 1010
3.34 1011
3.34 1012
3.34 1013
3.35 1014
3.35 1015
3.35 1016
3.36 1017
3.36 1018
3.36 1019
3.36 1020
3.37 1021
3.37 1022
3.37 1023
3.38 1024
3.38 1025
3.38 1026
3.39 1027
3.39 1028
3.39 1029
3.39 1030
3.4 1031
3.4 1032
3.4 1033
3.41 1034
3.41 1035
3.41 1036
3.42 1037
3.42 1038
3.42 1039
3.42 1040
3.43 1041
3.43 1042
3.43 1043
3.44 1044
3.44 1045
3.44 1046
3.45 1047
3.45 1048
3.45 1049
3.45 1050
3.46 1051
3.46 1052
3.46 1053
3.47 1054
3.47 1055
3.47 1056
3.48 1057
3.48 1058
3.48 1059
3.49 1060
3.49 1061
3.49 1062
3.5 1063
3.5 1064
3.5 1065
3.51 1066
3.51 1067
3.51 1068
3.52 1069
3.52 1070
3.52 1071
3.53 1072
3.53 1073
3.53 1074
3.54 1075
3.54 1076
3.54 1077
3.55 1078
3.55 1079
3.55 1080
3.55 1081
3.56 1082
3.56 1083
3.56 1084
3.57 1085
3.57 1086
3.57 1087
3.58 1088
3.58 1089
3.58 1090
3.59 1091
3.59 1092
3.59 1093
3.59 1094
3.6 1095
3.6 1096
3.6 1097
3.61 1098
3.61 1099
3.61 1100
3.61 1101
3.62 1102
3.62 1103
3.62 1104
3.63 1105
3.63 1106
3.63 1107
3.64 1108
3.64 1109
3.64 1110
3.65 1111
3.65 1112
3.65 1113
3.66 1114
3.66 1115
3.66 1116
3.67 1117
3.67 1118
3.68 1119
3.68 1120
3.68 1121
3.69 1122
3.69 1123
3.69 1124
3.7 1125
3.7 1126
3.71 1127
3.71 1128
3.71 1129
3.72 1130
3.72 1131
3.72 1132
3.73 1133
3.73 1134
3.73 1135
3.74 1136
3.74 1137
3.74 1138
3.75 1139
3.75 1140
3.75 1141
3.76 1142
3.76 1143
3.76 1144
3.77 1145
3.77 1146
3.77 1147
3.78 1148
3.78 1149
3.78 1150
3.79 1151
3.79 1152
3.79 1153
3.8 1154
3.8 1155
3.8 1156
3.81 1157
3.81 1158
3.81 1159
3.82 1160
3.82 1161
3.82 1162
3.83 1163
3.83 1164
3.83 1165
3.83 1166
3.84 1167
3.84 1168
3.84 1169
3.85 1170
3.85 1171
3.85 1172
3.86 1173
3.86 1174
3.86 1175
3.86 1176
3.87 1177
3.87 1178
3.87 1179
3.88 1180
3.88 1181
3.88 1182
3.89 1183
3.89 1184
3.89 1185
3.89 1186
3.9 1187
3.9 1188
3.9 1189
3.91 1190
3.91 1191
3.91 1192
3.92 1193
3.92 1194
3.92 1195
3.92 1196
3.93 1197
3.93 1198
3.93 1199
3.94 1200
3.94 1201
3.94 1202
3.95 1203
3.95 1204
3.95 1205
3.95 1206
3.96 1207
3.96 1208
3.96 1209
3.97 1210
3.97 1211
3.97 1212
3.98 1213
3.98 1214
3.98 1215
3.98 1216
3.99 1217
3.99 1218
3.99 1219
4.0 1220
4.0 1221
4.0 1222
4.01 1223
4.01 1224
4.01 1225
4.02 1226
4.02 1227
4.02 1228
4.03 1229
4.03 1230
4.03 1231
4.04 1232
4.04 1233
4.04 1234
4.05 1235
4.05 1236
4.05 1237
4.05 1238
4.06 1239
4.06 1240
4.07 1241
4.07 1242
4.07 1243
4.07 1244
4.08 1245
4.08 1246
4.08 1247
4.09 1248
4.09 1249
4.09 1250
4.1 1251
4.1 1252
4.1 1253
4.11 1254
4.11 1255
4.11 1256
4.11 1257
4.12 1258
4.12 1259
4.12 1260
4.13 1261
4.13 1262
4.13 1263
4.13 1264
4.14 1265
4.14 1266
4.14 1267
4.15 1268
4.15 1269
4.15 1270
4.16 1271
4.16 1272
4.16 1273
4.16 1274
4.17 1275
4.17 1276
4.17 1277
4.18 1278
4.18 1279
4.18 1280
4.19 1281
4.19 1282
4.19 1283
4.19 1284
4.2 1285
4.2 1286
4.2 1287
4.21 1288
4.21 1289
4.21 1290
4.21 1291
4.22 1292
4.22 1293
4.22 1294
4.23 1295
4.23 1296
4.23 1297
4.24 1298
4.24 1299
4.24 1300
4.24 1301
4.25 1302
4.25 1303
4.25 1304
4.26 1305
4.26 1306
4.26 1307
4.27 1308
4.27 1309
4.27 1310
4.27 1311
4.28 1312
4.28 1313
4.28 1314
4.29 1315
4.29 1316
4.29 1317
4.3 1318
4.3 1319
4.3 1320
4.31 1321
4.31 1322
4.31 1323
4.32 1324
4.32 1325
4.32 1326
4.33 1327
4.33 1328
4.33 1329
4.34 1330
4.34 1331
4.34 1332
4.35 1333
4.35 1334
4.35 1335
4.36 1336
4.36 1337
4.36 1338
4.36 1339
4.37 1340
4.37 1341
4.37 1342
4.38 1343
4.38 1344
4.38 1345
4.38 1346
4.39 1347
4.39 1348
4.39 1349
4.4 1350
4.4 1351
4.4 1352
4.41 1353
4.41 1354
4.41 1355
4.42 1356
4.42 1357
4.42 1358
4.42 1359
4.43 1360
4.43 1361
4.43 1362
4.44 1363
4.44 1364
4.44 1365
4.45 1366
4.45 1367
4.45 1368
4.45 1369
4.46 1370
4.46 1371
4.46 1372
4.47 1373
4.47 1374
4.47 1375
4.48 1376
4.48 1377
4.48 1378
4.48 1379
4.49 1380
4.49 1381
4.49 1382
4.5 1383
4.5 1384
4.5 1385
4.51 1386
4.51 1387
4.51 1388
4.52 1389
4.52 1390
4.52 1391
4.52 1392
4.53 1393
4.53 1394
4.53 1395
4.54 1396
4.54 1397
4.54 1398
4.55 1399
4.55 1400
4.55 1401
4.56 1402
4.56 1403
4.56 1404
4.57 1405
4.57 1406
4.57 1407
4.58 1408
4.58 1409
4.58 1410
4.59 1411
4.59 1412
4.59 1413
4.6 1414
4.6 1415
4.6 1416
4.6 1417
4.61 1418
4.61 1419
4.61 1420
4.62 1421
4.62 1422
4.62 1423
4.63 1424
4.63 1425
4.63 1426
4.63 1427
4.64 1428
4.64 1429
4.64 1430
4.65 1431
4.65 1432
4.65 1433
4.66 1434
4.66 1435
4.66 1436
4.67 1437
4.67 1438
4.67 1439
4.67 1440
4.68 1441
4.68 1442
4.68 1443
4.69 1444
4.69 1445
4.69 1446
4.7 1447
4.7 1448
4.7 1449
4.7 1450
4.71 1451
4.71 1452
4.71 1453
4.72 1454
4.72 1455
4.72 1456
4.73 1457
4.73 1458
4.73 1459
4.73 1460
4.74 1461
4.74 1462
4.74 1463
4.75 1464
4.75 1465
4.75 1466
4.76 1467
4.76 1468
4.76 1469
4.76 1470
4.77 1471
4.77 1472
4.77 1473
4.78 1474
4.78 1475
4.78 1476
4.78 1477
4.79 1478
4.79 1479
4.79 1480
4.8 1481
4.8 1482
4.8 1483
4.81 1484
4.81 1485
4.81 1486
4.81 1487
4.82 1488
4.82 1489
4.82 1490
4.83 1491
4.83 1492
4.83 1493
4.84 1494
4.84 1495
4.84 1496
4.85 1497
4.85 1498
4.85 1499
4.86 1500
4.86 1501
4.86 1502
4.87 1503
4.87 1504
4.87 1505
4.88 1506
4.88 1507
4.88 1508
4.89 1509
4.89 1510
4.89 1511
4.89 1512
4.9 1513
4.9 1514
4.9 1515
4.91 1516
4.91 1517
4.91 1518
4.92 1519
4.92 1520
4.92 1521
4.92 1522
4.93 1523
4.93 1524
4.93 1525
4.94 1526
4.94 1527
4.94 1528
4.95 1529
4.95 1530
4.95 1531
4.96 1532
4.96 1533
4.96 1534
4.96 1535
4.97 1536
4.97 1537
4.97 1538
4.98 1539
4.98 1540
4.98 1541
4.99 1542
4.99 1543
4.99 1544
5.0 1545
5.0 1546
5.0 1547
5.0 1548
5.01 1549
5.01 1550
5.01 1551
5.02 1552
5.02 1553
5.02 1554
5.03 1555
5.03 1556
5.03 1557
5.03 1558
5.04 1559
5.04 1560
5.04 1561
5.05 1562
5.05 1563
5.05 1564
5.06 1565
5.06 1566
5.06 1567
5.06 1568
5.07 1569
5.07 1570
5.07 1571
5.08 1572
5.08 1573
5.08 1574
5.09 1575
5.09 1576
5.09 1577
5.1 1578
5.1 1579
5.1 1580
5.11 1581
5.11 1582
5.11 1583
5.12 1584
5.12 1585
5.12 1586
5.13 1587
5.13 1588
5.13 1589
5.14 1590
5.14 1591
5.14 1592
5.14 1593
5.15 1594
5.15 1595
5.15 1596
5.16 1597
5.16 1598
5.16 1599
5.17 1600
5.17 1601
5.17 1602
5.18 1603
5.18 1604
5.18 1605
5.18 1606
5.19 1607
5.19 1608
5.19 1609
5.2 1610
5.2 1611
5.2 1612
5.2 1613
5.21 1614
5.21 1615
5.21 1616
5.22 1617
5.22 1618
5.22 1619
5.23 1620
5.23 1621
5.23 1622
5.23 1623
5.24 1624
5.24 1625
5.24 1626
5.25 1627
5.25 1628
5.25 1629
5.26 1630
5.26 1631
5.26 1632
5.26 1633
5.27 1634
5.27 1635
5.27 1636
5.28 1637
5.28 1638
5.28 1639
5.29 1640
5.29 1641
5.29 1642
5.29 1643
5.3 1644
5.3 1645
5.3 1646
5.31 1647
5.31 1648
5.31 1649
5.31 1650
5.32 1651
5.32 1652
5.32 1653
5.33 1654
5.33 1655
5.33 1656
5.34 1657
5.34 1658
5.34 1659
5.35 1660
5.35 1661
5.35 1662
5.36 1663
5.36 1664
5.36 1665
5.37 1666
5.37 1667
5.37 1668
5.38 1669
5.38 1670
5.38 1671
5.39 1672
5.39 1673
5.39 1674
5.4 1675
5.4 1676
5.4 1677
5.4 1678
5.41 1679
5.41 1680
5.41 1681
5.42 1682
5.42 1683
5.42 1684
5.42 1685
5.43 1686
5.43 1687
5.43 1688
5.44 1689
5.44 1690
5.44 1691
5.45 1692
5.45 1693
5.45 1694
5.45 1695
5.46 1696
5.46 1697
5.46 1698
5.47 1699
5.47 1700
5.47 1701
5.47 1702
5.48 1703
5.48 1704
5.48 1705
5.49 1706
5.49 1707
5.49 1708
5.5 1709
5.5 1710
5.5 1711
5.5 1712
5.51 1713
5.51 1714
5.51 1715
5.52 1716
5.52 1717
5.52 1718
5.53 1719
5.53 1720
5.53 1721
5.53 1722
5.54 1723
5.54 1724
5.54 1725
5.55 1726
5.55 1727
5.55 1728
5.56 1729
5.56 1730
5.56 1731
5.56 1732
5.57 1733
5.57 1734
5.57 1735
5.58 1736
5.58 1737
5.58 1738
5.59 1739
5.59 1740
5.59 1741
5.59 1742
5.6 1743
5.6 1744
5.6 1745
5.61 1746
5.61 1747
5.61 1748
5.62 1749
5.62 1750
5.62 1751
5.63 1752
5.63 1753
5.63 1754
5.64 1755
5.64 1756
5.64 1757
5.65 1758
5.65 1759
5.65 1760
5.66 1761
5.66 1762
5.66 1763
5.67 1764
5.67 1765
5.67 1766
5.68 1767
5.68 1768
5.68 1769
5.69 1770
5.69 1771
5.69 1772
5.69 1773
5.7 1774
5.7 1775
5.7 1776
5.71 1777
5.71 1778
5.71 1779
5.72 1780
5.72 1781
5.72 1782
5.72 1783
5.73 1784
5.73 1785
5.73 1786
5.74 1787
5.74 1788
5.74 1789
5.74 1790
5.75 1791
5.75 1792
5.75 1793
5.76 1794
5.76 1795
5.76 1796
5.77 1797
5.77 1798
5.77 1799
5.77 1800
5.78 1801
5.78 1802
5.78 1803
5.79 1804
5.79 1805
5.79 1806
5.8 1807
5.8 1808
5.8 1809
5.8 1810
5.81 1811
5.81 1812
5.81 1813
5.82 1814
5.82 1815
5.82 1816
5.83 1817
5.83 1818
5.83 1819
5.83 1820
5.84 1821
5.84 1822
5.84 1823
5.85 1824
5.85 1825
5.85 1826
5.85 1827
5.86 1828
5.86 1829
5.86 1830
5.87 1831
5.87 1832
5.87 1833
5.88 1834
5.88 1835
5.88 1836
5.88 1837
5.89 1838
5.89 1839
5.89 1840
5.9 1841
5.9 1842
5.9 1843
5.91 1844
5.91 1845
5.91 1846
5.92 1847
5.92 1848
5.92 1849
5.93 1850
5.93 1851
5.93 1852
5.94 1853
5.94 1854
5.94 1855
5.95 1856
5.95 1857
5.95 1858
5.96 1859
5.96 1860
5.96 1861
5.96 1862
5.97 1863
5.97 1864
5.97 1865
5.98 1866
5.98 1867
5.98 1868
5.98 1869
5.99 1870
5.99 1871
5.99 1872
6.0 1873
6.0 1874
6.0 1875
6.01 1876
6.01 1877
6.01 1878
6.02 1879
6.02 1880
6.02 1881
6.02 1882
6.03 1883
6.03 1884
6.03 1885
6.04 1886
6.04 1887
6.04 1888
6.04 1889
6.05 1890
6.05 1891
6.05 1892
6.06 1893
6.06 1894
6.06 1895
6.07 1896
6.07 1897
6.07 1898
6.07 1899
6.08 1900
6.08 1901
6.08 1902
6.09 1903
6.09 1904
6.09 1905
6.1 1906
6.1 1907
6.1 1908
6.1 1909
6.11 1910
6.11 1911
6.11 1912
6.12 1913
6.12 1914
6.12 1915
6.13 1916
6.13 1917
6.13 1918
6.13 1919
6.14 1920
6.14 1921
6.14 1922
6.15 1923
6.15 1924
6.15 1925
6.16 1926
6.16 1927
6.16 1928
6.17 1929
6.17 1930
6.17 1931
6.18 1932
6.18 1933
6.18 1934
6.19 1935
6.19 1936
6.19 1937
6.2 1938
6.2 1939
6.2 1940
6.2 1941
6.21 1942
6.21 1943
6.21 1944
6.22 1945
6.22 1946
6.22 1947
6.23 1948
6.23 1949
6.23 1950
6.23 1951
6.24 1952
6.24 1953
6.24 1954
6.25 1955
6.25 1956
6.25 1957
6.26 1958
6.26 1959
6.26 1960
6.26 1961
6.27 1962
6.27 1963
6.27 1964
6.28 1965
6.28 1966
6.28 1967
6.29 1968
6.29 1969
6.29 1970
6.29 1971
6.3 1972
6.3 1973
6.3 1974
6.31 1975
6.31 1976
6.31 1977
6.31 1978
6.32 1979
6.32 1980
6.32 1981
6.33 1982
6.33 1983
6.33 1984
6.34 1985
6.34 1986
6.34 1987
6.34 1988
6.35 1989
6.35 1990
6.35 1991
6.36 1992
6.36 1993
6.36 1994
6.36 1995
6.37 1996
6.37 1997
6.37 1998
6.38 1999
6.38 2000
6.38 2001
6.39 2002
6.39 2003
6.39 2004
6.4 2005
6.4 2006
6.4 2007
6.41 2008
6.41 2009
6.41 2010
6.42 2011
6.42 2012
6.42 2013
6.43 2014
6.43 2015
6.43 2016
6.44 2017
6.44 2018
6.45 2019
6.45 2020
6.45 2021
6.46 2022
6.46 2023
6.46 2024
6.47 2025
6.47 2026
6.47 2027
6.48 2028
6.48 2029
6.48 2030
6.49 2031
6.49 2032
6.49 2033
6.49 2034
6.5 2035
6.5 2036
6.5 2037
6.51 2038
6.51 2039
6.51 2040
6.52 2041
6.52 2042
6.52 2043
6.52 2044
6.53 2045
6.53 2046
6.53 2047
6.54 2048
6.54 2049
6.54 2050
6.55 2051
6.55 2052
6.55 2053
6.56 2054
6.56 2055
6.56 2056
6.56 2057
6.57 2058
6.57 2059
6.57 2060
6.58 2061
6.58 2062
6.58 2063
6.58 2064
6.59 2065
6.59 2066
6.59 2067
6.6 2068
6.6 2069
6.6 2070
6.61 2071
6.61 2072
6.61 2073
6.61 2074
6.62 2075
6.62 2076
6.62 2077
6.63 2078
6.63 2079
6.63 2080
6.63 2081
6.64 2082
6.64 2083
6.64 2084
6.65 2085
6.65 2086
6.65 2087
6.66 2088
6.66 2089
6.66 2090
6.67 2091
6.67 2092
6.67 2093
6.67 2094
6.68 2095
6.68 2096
6.68 2097
6.69 2098
6.69 2099
6.69 2100
6.7 2101
6.7 2102
6.7 2103
6.71 2104
6.71 2105
6.71 2106
6.72 2107
6.72 2108
6.72 2109
6.73 2110
6.73 2111
6.73 2112
6.74 2113
6.74 2114
6.74 2115
6.75 2116
6.75 2117
6.75 2118
6.75 2119
6.76 2120
6.76 2121
6.76 2122
6.77 2123
6.77 2124
6.77 2125
6.77 2126
6.78 2127
6.78 2128
6.78 2129
6.79 2130
6.79 2131
6.79 2132
6.8 2133
6.8 2134
6.8 2135
6.81 2136
6.81 2137
6.81 2138
6.81 2139
6.82 2140
6.82 2141
6.82 2142
6.83 2143
6.83 2144
6.83 2145
6.84 2146
6.84 2147
6.84 2148
6.85 2149
6.85 2150
6.85 2151
6.86 2152
6.86 2153
6.86 2154
6.87 2155
6.87 2156
6.87 2157
6.88 2158
6.88 2159
6.88 2160
6.89 2161
6.89 2162
6.89 2163
6.89 2164
6.9 2165
6.9 2166
6.9 2167
6.91 2168
6.91 2169
6.91 2170
6.92 2171
6.92 2172
6.92 2173
6.92 2174
6.93 2175
6.93 2176
6.93 2177
6.94 2178
6.94 2179
6.94 2180
6.94 2181
6.95 2182
6.95 2183
6.95 2184
6.96 2185
6.96 2186
6.96 2187
6.97 2188
6.97 2189
6.97 2190
6.98 2191
6.98 2192
6.98 2193
6.99 2194
6.99 2195
6.99 2196
7.0 2197
7.0 2198
7.0 2199
7.01 2200
7.01 2201
7.01 2202
7.02 2203
7.02 2204
7.02 2205
7.03 2206
7.03 2207
7.03 2208
7.04 2209
7.04 2210
7.04 2211
7.04 2212
7.05 2213
7.05 2214
7.05 2215
7.06 2216
7.06 2217
7.06 2218
7.07 2219
7.07 2220
7.07 2221
7.07 2222
7.08 2223
7.08 2224
7.08 2225
7.09 2226
7.09 2227
7.09 2228
7.09 2229
7.1 2230
7.1 2231
7.1 2232
7.11 2233
7.11 2234
7.11 2235
7.12 2236
7.12 2237
7.12 2238
7.12 2239
7.13 2240
7.13 2241
7.13 2242
7.14 2243
7.14 2244
7.14 2245
7.15 2246
7.15 2247
7.15 2248
7.15 2249
7.16 2250
7.16 2251
7.16 2252
7.17 2253
7.17 2254
7.17 2255
7.18 2256
7.18 2257
7.18 2258
7.19 2259
7.19 2260
7.19 2261
7.2 2262
7.2 2263
7.2 2264
7.2 2265
7.21 2266
7.21 2267
7.21 2268
7.22 2269
7.22 2270
7.22 2271
7.23 2272
7.23 2273
7.24 2274
7.24 2275
7.24 2276
7.25 2277
7.25 2278
7.25 2279
7.26 2280
7.26 2281
7.26 2282
7.27 2283
7.27 2284
7.27 2285
7.28 2286
7.28 2287
7.28 2288
7.28 2289
7.29 2290
7.29 2291
7.29 2292
7.3 2293
7.3 2294
7.3 2295
7.3 2296
7.31 2297
7.31 2298
7.31 2299
7.32 2300
7.32 2301
7.32 2302
7.33 2303
7.33 2304
7.33 2305
7.33 2306
7.34 2307
7.34 2308
7.34 2309
7.35 2310
7.35 2311
7.35 2312
7.36 2313
7.36 2314
7.36 2315
7.36 2316
7.37 2317
7.37 2318
7.37 2319
7.38 2320
7.38 2321
7.38 2322
7.38 2323
7.39 2324
7.39 2325
7.39 2326
7.4 2327
7.4 2328
7.4 2329
7.41 2330
7.41 2331
7.41 2332
7.41 2333
7.42 2334
7.42 2335
7.42 2336
7.43 2337
7.43 2338
7.43 2339
7.44 2340
7.44 2341
7.44 2342
7.44 2343
7.45 2344
7.45 2345
7.45 2346
7.46 2347
7.46 2348
7.46 2349
7.46 2350
7.47 2351
7.47 2352
7.47 2353
7.48 2354
7.48 2355
7.48 2356
7.49 2357
7.49 2358
7.49 2359
7.5 2360
7.5 2361
7.5 2362
7.51 2363
7.51 2364
7.51 2365
7.52 2366
7.52 2367
7.52 2368
7.53 2369
7.53 2370
7.53 2371
7.54 2372
7.54 2373
7.54 2374
7.54 2375
7.55 2376
7.55 2377
7.55 2378
7.56 2379
7.56 2380
7.56 2381
7.56 2382
7.57 2383
7.57 2384
7.57 2385
7.58 2386
7.58 2387
7.58 2388
7.59 2389
7.59 2390
7.59 2391
7.59 2392
7.6 2393
7.6 2394
7.6 2395
7.61 2396
7.61 2397
7.61 2398
7.61 2399
7.62 2400
7.62 2401
7.62 2402
7.63 2403
7.63 2404
7.63 2405
7.64 2406
7.64 2407
7.64 2408
7.64 2409
7.65 2410
7.65 2411
7.65 2412
7.66 2413
7.66 2414
7.66 2415
7.67 2416
7.67 2417
7.67 2418
7.67 2419
7.68 2420
7.68 2421
7.68 2422
7.69 2423
7.69 2424
7.69 2425
7.7 2426
7.7 2427
7.7 2428
7.71 2429
7.71 2430
7.71 2431
7.71 2432
7.72 2433
7.72 2434
7.72 2435
7.73 2436
7.73 2437
7.73 2438
7.74 2439
7.74 2440
7.74 2441
7.74 2442
7.75 2443
7.75 2444
7.75 2445
7.76 2446
7.76 2447
7.76 2448
7.77 2449
7.77 2450
7.77 2451
7.78 2452
7.78 2453
7.78 2454
7.79 2455
7.79 2456
7.79 2457
7.8 2458
7.8 2459
7.8 2460
7.81 2461
7.81 2462
7.81 2463
7.81 2464
7.82 2465
7.82 2466
7.82 2467
7.83 2468
7.83 2469
7.83 2470
7.84 2471
7.84 2472
7.84 2473
7.84 2474
7.85 2475
7.85 2476
7.85 2477
7.86 2478
7.86 2479
7.86 2480
7.86 2481
7.87 2482
7.87 2483
7.87 2484
7.88 2485
7.88 2486
7.88 2487
7.88 2488
7.89 2489
7.89 2490
7.89 2491
7.9 2492
7.9 2493
7.9 2494
7.91 2495
7.91 2496
7.91 2497
7.91 2498
7.92 2499
7.92 2500
7.92 2501
7.93 2502
7.93 2503
7.93 2504
7.93 2505
7.94 2506
7.94 2507
7.94 2508
7.95 2509
7.95 2510
7.95 2511
7.96 2512
7.96 2513
7.96 2514
7.97 2515
7.97 2516
7.97 2517
7.97 2518
7.98 2519
7.98 2520
7.98 2521
7.99 2522
7.99 2523
7.99 2524
7.99 2525
8.0 2526
8.0 2527
8.0 2528
8.01 2529
8.01 2530
8.01 2531
8.02 2532
8.02 2533
8.02 2534
8.03 2535
8.03 2536
8.03 2537
8.04 2538
8.04 2539
8.04 2540
8.05 2541
8.05 2542
8.05 2543
8.06 2544
8.06 2545
8.06 2546
8.07 2547
8.07 2548
8.07 2549
8.07 2550
8.08 2551
8.08 2552
8.08 2553
8.09 2554
8.09 2555
8.09 2556
8.1 2557
8.1 2558
8.1 2559
8.1 2560
8.11 2561
8.11 2562
8.11 2563
8.12 2564
8.12 2565
8.12 2566
8.12 2567
8.13 2568
8.13 2569
8.13 2570
8.14 2571
8.14 2572
8.14 2573
8.14 2574
8.15 2575
8.15 2576
8.15 2577
8.16 2578
8.16 2579
8.16 2580
8.17 2581
8.17 2582
8.17 2583
8.17 2584
8.18 2585
8.18 2586
8.18 2587
8.19 2588
8.19 2589
8.19 2590
8.19 2591
8.2 2592
8.2 2593
8.2 2594
8.21 2595
8.21 2596
8.21 2597
8.21 2598
8.22 2599
8.22 2600
8.22 2601
8.23 2602
8.23 2603
8.23 2604
8.24 2605
8.24 2606
8.24 2607
8.24 2608
8.25 2609
8.25 2610
8.25 2611
8.26 2612
8.26 2613
8.26 2614
8.26 2615
8.27 2616
8.27 2617
8.27 2618
8.28 2619
8.28 2620
8.28 2621
8.28 2622
8.29 2623
8.29 2624
8.29 2625
8.3 2626
8.3 2627
8.3 2628
8.31 2629
8.31 2630
8.31 2631
8.32 2632
8.32 2633
8.32 2634
8.33 2635
8.33 2636
8.33 2637
8.34 2638
8.34 2639
8.34 2640
8.35 2641
8.35 2642
8.35 2643
8.36 2644
8.36 2645
8.36 2646
8.36 2647
8.37 2648
8.37 2649
8.37 2650
8.38 2651
8.38 2652
8.38 2653
8.38 2654
8.39 2655
8.39 2656
8.39 2657
8.4 2658
8.4 2659
8.4 2660
8.41 2661
8.41 2662
8.41 2663
8.41 2664
8.42 2665
8.42 2666
8.42 2667
8.43 2668
8.43 2669
8.43 2670
8.44 2671
8.44 2672
8.44 2673
8.45 2674
8.45 2675
8.45 2676
8.46 2677
8.46 2678
8.46 2679
8.47 2680
8.47 2681
8.47 2682
8.48 2683
8.48 2684
8.48 2685
8.48 2686
8.49 2687
8.49 2688
8.49 2689
8.5 2690
8.5 2691
8.5 2692
8.51 2693
8.51 2694
8.51 2695
8.51 2696
8.52 2697
8.52 2698
8.52 2699
8.53 2700
8.53 2701
8.53 2702
8.54 2703
8.54 2704
8.54 2705
8.54 2706
8.55 2707
8.55 2708
8.55 2709
8.56 2710
8.56 2711
8.56 2712
8.57 2713
8.57 2714
8.57 2715
8.58 2716
8.58 2717
8.58 2718
8.59 2719
8.59 2720
8.59 2721
8.6 2722
8.6 2723
8.6 2724
8.61 2725
8.61 2726
8.61 2727
8.62 2728
8.62 2729
8.62 2730
8.62 2731
8.63 2732
8.63 2733
8.63 2734
8.64 2735
8.64 2736
8.64 2737
8.65 2738
8.65 2739
8.65 2740
8.66 2741
8.66 2742
8.66 2743
8.66 2744
8.67 2745
8.67 2746
8.67 2747
8.68 2748
8.68 2749
8.68 2750
8.69 2751
8.69 2752
8.69 2753
8.69 2754
8.7 2755
8.7 2756
8.7 2757
8.71 2758
8.71 2759
8.71 2760
8.71 2761
8.72 2762
8.72 2763
8.72 2764
8.73 2765
8.73 2766
8.73 2767
8.73 2768
8.74 2769
8.74 2770
8.74 2771
8.75 2772
8.75 2773
8.75 2774
8.76 2775
8.76 2776
8.76 2777
8.76 2778
8.77 2779
8.77 2780
8.77 2781
8.78 2782
8.78 2783
8.78 2784
8.78 2785
8.79 2786
8.79 2787
8.79 2788
8.8 2789
8.8 2790
8.8 2791
8.81 2792
8.81 2793
8.81 2794
8.81 2795
8.82 2796
8.82 2797
8.82 2798
8.83 2799
8.83 2800
8.83 2801
8.84 2802
8.84 2803
8.84 2804
8.85 2805
8.85 2806
8.85 2807
8.86 2808
8.86 2809
8.86 2810
8.87 2811
8.87 2812
8.87 2813
8.88 2814
8.88 2815
8.88 2816
8.88 2817
8.89 2818
8.89 2819
8.89 2820
8.9 2821
8.9 2822
8.9 2823
8.9 2824
8.91 2825
8.91 2826
8.91 2827
8.92 2828
8.92 2829
8.92 2830
8.93 2831
8.93 2832
8.93 2833
8.93 2834
8.94 2835
8.94 2836
8.94 2837
8.95 2838
8.95 2839
8.95 2840
8.95 2841
8.96 2842
8.96 2843
8.96 2844
8.97 2845
8.97 2846
8.97 2847
8.97 2848
8.98 2849
8.98 2850
8.98 2851
8.99 2852
8.99 2853
8.99 2854
9.0 2855
9.0 2856
9.0 2857
9.0 2858
9.01 2859
9.01 2860
9.01 2861
9.02 2862
9.02 2863
9.02 2864
9.02 2865
9.03 2866
9.03 2867
9.03 2868
9.04 2869
9.04 2870
9.04 2871
9.05 2872
9.05 2873
9.05 2874
9.05 2875
9.06 2876
9.06 2877
9.06 2878
9.07 2879
9.07 2880
9.07 2881
9.07 2882
9.08 2883
9.08 2884
9.08 2885
9.09 2886
9.09 2887
9.09 2888
9.1 2889
9.1 2890
9.1 2891
9.11 2892
9.11 2893
9.11 2894
9.12 2895
9.12 2896
9.12 2897
9.13 2898
9.13 2899
9.13 2900
9.14 2901
9.14 2902
9.14 2903
9.15 2904
9.15 2905
9.15 2906
9.16 2907
9.16 2908
9.16 2909
9.16 2910
9.17 2911
9.17 2912
9.17 2913
9.18 2914
9.18 2915
9.18 2916
9.19 2917
9.19 2918
9.19 2919
9.19 2920
9.2 2921
9.2 2922
9.2 2923
9.21 2924
9.21 2925
9.21 2926
9.21 2927
9.22 2928
9.22 2929
9.22 2930
9.23 2931
9.23 2932
9.23 2933
9.23 2934
9.24 2935
9.24 2936
9.24 2937
9.25 2938
9.25 2939
9.25 2940
9.26 2941
9.26 2942
9.26 2943
9.26 2944
9.27 2945
9.27 2946
9.27 2947
9.28 2948
9.28 2949
9.28 2950
9.29 2951
9.29 2952
9.29 2953
9.29 2954
9.3 2955
9.3 2956
9.3 2957
9.31 2958
9.31 2959
9.31 2960
9.31 2961
9.32 2962
9.32 2963
9.32 2964
9.33 2965
9.33 2966
9.33 2967
9.34 2968
9.34 2969
9.34 2970
9.34 2971
9.35 2972
9.35 2973
9.35 2974
9.36 2975
9.36 2976
9.36 2977
9.37 2978
9.37 2979
9.37 2980
9.38 2981
9.38 2982
9.38 2983
9.39 2984
9.39 2985
9.39 2986
9.4 2987
9.4 2988
9.4 2989
9.41 2990
9.41 2991
9.41 2992
9.41 2993
9.42 2994
9.42 2995
9.42 2996
9.43 2997
9.43 2998
9.43 2999
9.43 3000
9.44 3001
9.44 3002
9.44 3003
9.45 3004
9.45 3005
9.45 3006
9.46 3007
9.46 3008
9.46 3009
9.46 3010
9.47 3011
9.47 3012
9.47 3013
9.48 3014
9.48 3015
9.48 3016
9.48 3017
9.49 3018
9.49 3019
9.49 3020
9.5 3021
9.5 3022
9.5 3023
9.51 3024
9.51 3025
9.51 3026
9.51 3027
9.52 3028
9.52 3029
9.52 3030
9.53 3031
9.53 3032
9.53 3033
9.53 3034
9.54 3035
9.54 3036
9.54 3037
9.55 3038
9.55 3039
9.55 3040
9.55 3041
9.56 3042
9.56 3043
9.56 3044
9.57 3045
9.57 3046
9.57 3047
9.58 3048
9.58 3049
9.58 3050
9.58 3051
9.59 3052
9.59 3053
9.59 3054
9.6 3055
9.6 3056
9.6 3057
9.6 3058
9.61 3059
9.61 3060
9.61 3061
9.62 3062
9.62 3063
9.62 3064
9.62 3065
9.63 3066
9.63 3067
9.63 3068
9.64 3069
9.64 3070
9.64 3071
9.65 3072
9.65 3073
9.65 3074
9.66 3075
9.66 3076
9.66 3077
9.67 3078
9.67 3079
9.68 3080
9.68 3081
9.68 3082
9.69 3083
9.69 3084
9.69 3085
9.7 3086
9.7 3087
9.7 3088
9.7 3089
9.71 3090
9.71 3091
9.71 3092
9.72 3093
9.72 3094
9.72 3095
9.73 3096
9.73 3097
9.73 3098
9.74 3099
9.74 3100
9.74 3101
9.75 3102
9.75 3103
9.75 3104
9.76 3105
9.76 3106
9.76 3107
9.77 3108
9.77 3109
9.77 3110
9.77 3111
9.78 3112
9.78 3113
9.78 3114
9.79 3115
9.79 3116
9.79 3117
9.8 3118
9.8 3119
9.8 3120
9.81 3121
9.81 3122
9.81 3123
9.81 3124
9.82 3125
9.82 3126
9.82 3127
9.83 3128
9.83 3129
9.83 3130
9.83 3131
9.84 3132
9.84 3133
9.84 3134
9.85 3135
9.85 3136
9.85 3137
9.86 3138
9.86 3139
9.86 3140
9.87 3141
9.87 3142
9.87 3143
9.88 3144
9.88 3145
9.88 3146
9.88 3147
9.89 3148
9.89 3149
9.89 3150
9.9 3151
9.9 3152
9.9 3153
9.91 3154
9.91 3155
9.91 3156
9.92 3157
9.92 3158
9.92 3159
9.93 3160
9.93 3161
9.93 3162
9.94 3163
9.94 3164
9.94 3165
9.94 3166
9.95 3167
9.95 3168
9.95 3169
9.96 3170
9.96 3171
9.96 3172
9.97 3173
9.97 3174
9.97 3175
9.97 3176
9.98 3177
9.98 3178
9.98 3179
9.99 3180
9.99 3181
9.99 3182
10.0 3183
10.0 3184
10.0 3185
10.0 3186
10.01 3187
10.01 3188
10.01 3189
10.02 3190
10.02 3191
10.02 3192
10.03 3193
10.03 3194
10.03 3195
10.03 3196
10.04 3197
10.04 3198
10.04 3199
10.05 3200
10.05 3201
10.05 3202
10.06 3203
10.06 3204
10.06 3205
10.06 3206
10.07 3207
10.07 3208
10.07 3209
10.08 3210
10.08 3211
10.08 3212
10.09 3213
10.09 3214
10.09 3215
10.09 3216
10.1 3217
10.1 3218
10.1 3219
10.11 3220
10.11 3221
10.11 3222
10.11 3223
10.12 3224
10.12 3225
10.12 3226
10.13 3227
10.13 3228
10.13 3229
10.13 3230
10.14 3231
10.14 3232
10.14 3233
10.15 3234
10.15 3235
10.15 3236
10.16 3237
10.16 3238
10.16 3239
10.17 3240
10.17 3241
10.17 3242
10.18 3243
10.18 3244
10.18 3245
10.19 3246
10.19 3247
10.19 3248
10.2 3249
10.2 3250
10.2 3251
10.2 3252
10.21 3253
10.21 3254
10.21 3255
10.22 3256
10.22 3257
10.22 3258
10.22 3259
10.23 3260
10.23 3261
10.23 3262
10.24 3263
10.24 3264
10.24 3265
10.24 3266
10.25 3267
10.25 3268
10.25 3269
10.26 3270
10.26 3271
10.26 3272
10.27 3273
10.27 3274
10.27 3275
10.27 3276
10.28 3277
10.28 3278
10.28 3279
10.29 3280
10.29 3281
10.29 3282
10.3 3283
10.3 3284
10.3 3285
10.3 3286
10.31 3287
10.31 3288
10.31 3289
10.32 3290
10.32 3291
10.32 3292
10.32 3293
10.33 3294
10.33 3295
10.33 3296
10.34 3297
10.34 3298
10.34 3299
10.35 3300
10.35 3301
10.35 3302
10.35 3303
10.36 3304
10.36 3305
10.36 3306
10.37 3307
