0.0 1
0.0 1
0.0 1
0.0 1
0.0 1
0.0 1
0.0 1
0.0 1
0.0 1
0.0 1
0.0 1
0.0 1
0.0 2
0.0 2
0.0 2
0.0 2
0.0 2
0.0 2
0.0 2
0.0 2
0.0 2
0.0 2
0.0 2
0.0 2
0.0 3
0.0 3
0.0 3
0.0 3
0.0 3
0.0 3
0.0 3
0.0 3
0.0 3
0.0 3
0.0 3
0.0 4
0.0 4
0.0 4
0.0 4
0.0 4
0.0 4
0.0 4
0.0 4
0.0 4
0.0 4
0.0 4
0.0 5
0.0 5
0.0 5
0.0 5
0.0 5
0.0 5
0.0 5
0.0 5
0.0 5
0.0 5
0.0 6
0.0 6
0.0 6
0.0 6
0.0 6
0.0 6
0.0 6
0.0 6
0.0 6
0.0 6
0.0 7
0.0 7
0.0 7
0.0 7
0.0 7
0.0 7
0.0 7
0.0 7
0.0 7
0.0 8
0.0 8
0.0 8
0.0 8
0.0 8
0.0 8
0.0 8
0.0 8
0.0 8
0.0 9
0.0 9
0.0 9
0.0 9
0.0 9
0.0 9
0.0 9
0.0 9
0.0 9
0.0 10
0.0 10
0.0 10
0.0 10
0.0 10
0.0 10
0.0 10
0.0 10
0.0 10
0.0 11
0.0 11
0.0 11
0.0 11
0.0 11
0.0 11
0.0 11
0.0 11
0.0 11
0.0 12
0.0 12
0.0 12
0.0 12
0.0 12
0.0 12
0.0 12
0.0 12
0.0 12
0.0 13
0.0 13
0.0 13
0.0 13
0.0 13
0.0 13
0.0 13
0.0 13
0.0 13
0.0 14
0.0 14
0.0 14
0.0 14
0.0 14
0.0 14
0.0 14
0.0 14
0.0 14
0.0 15
0.0 15
0.0 15
0.0 15
0.0 15
0.0 15
0.0 15
0.0 15
0.0 15
0.0 16
0.0 16
0.0 16
0.0 16
0.0 16
0.0 16
0.0 16
0.0 16
0.0 16
0.0 17
0.0 17
0.0 17
0.0 17
0.0 17
0.0 17
0.0 17
0.0 17
0.0 17
0.0 18
0.0 18
0.0 18
0.0 18
0.0 18
0.0 18
0.0 18
0.0 18
0.0 18
0.0 19
0.0 19
0.0 19
0.0 19
0.0 19
0.0 19
0.0 19
0.0 19
0.0 19
0.0 20
0.0 20
0.0 20
0.0 20
0.0 20
0.0 20
0.0 20
0.0 20
0.0 20
0.0 21
0.0 21
0.0 21
0.0 21
0.0 21
0.0 21
0.0 21
0.0 21
0.0 21
0.0 22
0.0 22
0.0 22
0.0 22
0.0 22
0.0 22
0.0 22
0.0 22
0.0 22
0.0 23
0.0 23
0.0 23
0.0 23
0.0 23
0.0 23
0.0 23
0.0 23
0.0 23
0.0 24
0.0 24
0.0 24
0.0 24
0.0 24
0.0 24
0.0 24
0.0 24
0.0 24
0.0 25
0.0 25
0.0 25
0.0 25
0.0 25
0.0 25
0.0 25
0.0 25
0.0 25
0.0 26
0.0 26
0.0 26
0.0 26
0.0 26
0.0 26
0.0 26
0.0 26
0.0 26
0.0 27
0.0 27
0.0 27
0.0 27
0.0 27
0.0 27
0.0 27
0.0 27
0.0 27
0.0 28
0.0 28
0.0 28
0.0 28
0.0 28
0.0 28
0.0 28
0.0 28
0.0 28
0.0 29
0.0 29
0.0 29
0.0 29
0.0 29
0.0 29
0.0 29
0.0 29
0.0 29
0.0 30
0.0 30
0.0 30
0.0 30
0.0 30
0.0 30
0.0 30
0.0 30
0.0 30
0.0 31
0.0 31
0.0 31
0.0 31
0.0 31
0.0 31
0.0 31
0.0 31
0.0 31
0.0 32
0.0 32
0.0 32
0.0 32
0.0 32
0.0 32
0.0 32
0.0 32
0.0 33
0.0 33
0.0 33
0.0 33
0.0 33
0.0 33
0.0 33
0.0 33
0.0 34
0.0 34
0.0 34
0.0 34
0.0 34
0.0 34
0.0 34
0.0 34
0.01 35
0.01 35
0.01 35
0.01 35
0.01 35
0.01 35
0.01 35
0.01 35
0.01 36
0.01 36
0.01 36
0.01 36
0.01 36
0.01 36
0.01 36
0.01 36
0.01 37
0.01 37
0.01 37
0.01 37
0.01 37
0.01 37
0.01 37
0.01 37
0.01 38
0.01 38
0.01 38
0.01 38
0.01 38
0.01 38
0.01 38
0.01 38
0.01 39
0.01 39
0.01 39
0.01 39
0.01 39
0.01 39
0.01 39
0.01 39
0.01 40
0.01 40
0.01 40
0.01 40
0.01 40
0.01 40
0.01 40
0.01 40
0.01 41
0.01 41
0.01 41
0.01 41
0.01 41
0.01 41
0.01 41
0.01 41
0.01 42
0.01 42
0.01 42
0.01 42
0.01 42
0.01 42
0.01 42
0.01 42
0.01 43
0.01 43
0.01 43
0.01 43
0.01 43
0.01 43
0.01 43
0.01 43
0.01 44
0.01 44
0.01 44
0.01 44
0.01 44
0.01 44
0.01 44
0.01 44
0.01 45
0.01 45
0.01 45
0.01 45
0.01 45
0.01 45
0.01 45
0.01 45
0.01 46
0.01 46
0.01 46
0.01 46
0.01 46
0.01 46
0.01 46
0.01 46
0.01 47
0.01 47
0.01 47
0.01 47
0.01 47
0.01 47
0.01 47
0.01 47
0.01 48
0.01 48
0.01 48
0.01 48
0.01 48
0.01 48
0.01 48
0.01 48
0.01 49
0.01 49
0.01 49
0.01 49
0.01 49
0.01 49
0.01 49
0.01 49
0.01 50
0.01 50
0.01 50
0.01 50
0.01 50
0.01 50
0.01 50
0.01 50
0.01 51
0.01 51
0.01 51
0.01 51
0.01 51
0.01 51
0.01 51
0.01 51
0.01 52
0.01 52
0.01 52
0.01 52
0.01 52
0.01 52
0.01 52
0.01 52
0.01 53
0.01 53
0.01 53
0.01 53
0.01 53
0.01 53
0.01 53
0.01 53
0.01 54
0.01 54
0.01 54
0.01 54
0.01 54
0.01 54
0.01 54
0.01 54
0.01 55
0.01 55
0.01 55
0.01 55
0.01 55
0.01 55
0.01 55
0.01 55
0.01 56
0.01 56
0.01 56
0.01 56
0.01 56
0.01 56
0.01 56
0.01 56
0.01 57
0.01 57
0.01 57
0.01 57
0.01 57
0.01 57
0.01 57
0.01 57
0.01 58
0.01 58
0.01 58
0.01 58
0.01 58
0.01 58
0.01 58
0.01 58
0.01 59
0.01 59
0.01 59
0.01 59
0.01 59
0.01 59
0.01 59
0.01 59
0.01 60
0.01 60
0.01 60
0.01 60
0.01 60
0.01 60
0.01 60
0.01 60
0.01 61
0.01 61
0.01 61
0.01 61
0.01 61
0.01 61
0.01 61
0.01 61
0.01 62
0.01 62
0.01 62
0.01 62
0.01 62
0.01 62
0.01 62
0.01 62
0.01 63
0.01 63
0.01 63
0.01 63
0.01 63
0.01 63
0.01 63
0.01 63
0.01 64
0.01 64
0.01 64
0.01 64
0.01 64
0.01 64
0.01 64
0.01 64
0.01 65
0.01 65
0.01 65
0.01 65
0.01 65
0.01 65
0.01 65
0.01 65
0.01 66
0.01 66
0.01 66
0.01 66
0.01 66
0.01 66
0.01 66
0.01 66
0.01 67
0.01 67
0.01 67
0.01 67
0.01 67
0.01 67
0.01 67
0.01 67
0.01 68
0.01 68
0.01 68
0.01 68
0.01 68
0.01 68
0.01 68
0.01 68
0.01 69
0.01 69
0.01 69
0.01 69
0.01 69
0.01 69
0.01 69
0.01 69
0.01 70
0.01 70
0.01 70
0.01 70
0.01 70
0.01 70
0.01 70
0.01 70
0.01 71
0.01 71
0.01 71
0.01 71
0.01 71
0.01 71
0.01 71
0.01 71
0.01 72
0.01 72
0.01 72
0.01 72
0.01 72
0.01 72
0.01 72
0.01 72
0.01 73
0.01 73
0.01 73
0.01 73
0.01 73
0.01 73
0.01 73
0.01 73
0.01 74
0.01 74
0.01 74
0.01 74
0.01 74
0.01 74
0.01 74
0.01 74
0.01 75
0.01 75
0.01 75
0.01 75
0.01 75
0.01 75
0.01 75
0.01 75
0.01 76
0.01 76
0.01 76
0.01 76
0.01 76
0.01 76
0.01 76
0.01 76
0.01 77
0.01 77
0.01 77
0.01 77
0.01 77
0.01 77
0.01 77
0.01 77
0.01 78
0.01 78
0.01 78
0.01 78
0.01 78
0.01 78
0.01 78
0.01 78
0.01 79
0.01 79
0.01 79
0.01 79
0.01 79
0.01 79
0.01 79
0.01 79
0.01 80
0.01 80
0.01 80
0.01 80
0.01 80
0.01 80
0.01 80
0.01 80
0.01 81
0.01 81
0.01 81
0.01 81
0.01 81
0.01 81
0.01 81
0.01 81
0.01 82
0.01 82
0.01 82
0.01 82
0.01 82
0.01 82
0.01 82
0.01 82
0.01 83
0.01 83
0.01 83
0.01 83
0.01 83
0.01 83
0.01 83
0.01 84
0.01 84
0.01 84
0.01 84
0.01 84
0.01 84
0.01 84
0.01 85
0.01 85
0.01 85
0.01 85
0.01 85
0.01 85
0.01 85
0.01 86
0.01 86
0.01 86
0.01 86
0.01 86
0.01 86
0.01 86
0.01 87
0.01 87
0.01 87
0.01 87
0.01 87
0.01 87
0.01 87
0.01 88
0.01 88
0.01 88
0.01 88
0.01 88
0.01 88
0.01 88
0.01 89
0.01 89
0.01 89
0.01 89
0.01 89
0.01 89
0.01 89
0.01 90
0.01 90
0.01 90
0.01 90
0.01 90
0.01 90
0.01 90
0.01 91
0.01 91
0.01 91
0.01 91
0.01 91
0.01 91
0.01 91
0.01 92
0.01 92
0.01 92
0.01 92
0.01 92
0.01 92
0.01 92
0.01 93
0.01 93
0.01 93
0.01 93
0.01 93
0.01 93
0.01 93
0.01 94
0.01 94
0.01 94
0.01 94
0.01 94
0.01 94
0.01 94
0.01 95
0.01 95
0.01 95
0.01 95
0.01 95
0.01 95
0.01 95
0.01 96
0.01 96
0.01 96
0.01 96
0.01 96
0.01 96
0.01 96
0.01 97
0.01 97
0.01 97
0.01 97
0.01 97
0.01 97
0.01 97
0.01 98
0.01 98
0.01 98
0.01 98
0.01 98
0.01 98
0.01 98
0.01 99
0.01 99
0.01 99
0.01 99
0.01 99
0.01 99
0.01 99
0.01 100
0.01 100
0.01 100
0.01 100
0.01 100
0.01 100
0.01 100
0.01 101
0.01 101
0.01 101
0.01 101
0.01 101
0.01 101
0.01 101
0.01 102
0.01 102
0.01 102
0.01 102
0.01 102
0.01 102
0.01 102
0.01 103
0.01 103
0.01 103
0.01 103
0.01 103
0.01 103
0.01 103
0.01 104
0.01 104
0.01 104
0.01 104
0.01 104
0.01 104
0.01 104
0.01 105
0.01 105
0.01 105
0.01 105
0.01 105
0.01 105
0.01 105
0.01 106
0.01 106
0.01 106
0.01 106
0.01 106
0.01 106
0.01 106
0.01 107
0.01 107
0.01 107
0.01 107
0.01 107
0.01 107
0.01 107
0.01 108
0.01 108
0.01 108
0.01 108
0.01 108
0.01 108
0.01 108
0.01 109
0.01 109
0.01 109
0.01 109
0.01 109
0.01 109
0.01 109
0.02 110
0.02 110
0.02 110
0.02 110
0.02 110
0.02 110
0.02 110
0.02 111
0.02 111
0.02 111
0.02 111
0.02 111
0.02 111
0.02 111
0.02 112
0.02 112
0.02 112
0.02 112
0.02 112
0.02 112
0.02 112
0.02 113
0.02 113
0.02 113
0.02 113
0.02 113
0.02 113
0.02 113
0.02 114
0.02 114
0.02 114
0.02 114
0.02 114
0.02 114
0.02 114
0.02 115
0.02 115
0.02 115
0.02 115
0.02 115
0.02 115
0.02 115
0.02 116
0.02 116
0.02 116
0.02 116
0.02 116
0.02 116
0.02 116
0.02 117
0.02 117
0.02 117
0.02 117
0.02 117
0.02 117
0.02 117
0.02 118
0.02 118
0.02 118
0.02 118
0.02 118
0.02 118
0.02 118
0.02 119
0.02 119
0.02 119
0.02 119
0.02 119
0.02 119
0.02 119
0.02 120
0.02 120
0.02 120
0.02 120
0.02 120
0.02 120
0.02 120
0.02 121
0.02 121
0.02 121
0.02 121
0.02 121
0.02 121
0.02 121
0.02 122
0.02 122
0.02 122
0.02 122
0.02 122
0.02 122
0.02 122
0.02 123
0.02 123
0.02 123
0.02 123
0.02 123
0.02 123
0.02 123
0.02 124
0.02 124
0.02 124
0.02 124
0.02 124
0.02 124
0.02 124
0.02 125
0.02 125
0.02 125
0.02 125
0.02 125
0.02 125
0.02 125
0.02 126
0.02 126
0.02 126
0.02 126
0.02 126
0.02 126
0.02 126
0.02 127
0.02 127
0.02 127
0.02 127
0.02 127
0.02 127
0.02 127
0.02 128
0.02 128
0.02 128
0.02 128
0.02 128
0.02 128
0.02 128
0.02 129
0.02 129
0.02 129
0.02 129
0.02 129
0.02 129
0.02 129
0.02 130
0.02 130
0.02 130
0.02 130
0.02 130
0.02 130
0.02 130
0.02 131
0.02 131
0.02 131
0.02 131
0.02 131
0.02 131
0.02 131
0.02 132
0.02 132
0.02 132
0.02 132
0.02 132
0.02 132
0.02 132
0.02 133
0.02 133
0.02 133
0.02 133
0.02 133
0.02 133
0.02 133
0.02 134
0.02 134
0.02 134
0.02 134
0.02 134
0.02 134
0.02 134
0.02 135
0.02 135
0.02 135
0.02 135
0.02 135
0.02 135
0.02 135
0.02 136
0.02 136
0.02 136
0.02 136
0.02 136
0.02 136
0.02 136
0.02 137
0.02 137
0.02 137
0.02 137
0.02 137
0.02 137
0.02 137
0.02 138
0.02 138
0.02 138
0.02 138
0.02 138
0.02 138
0.02 138
0.02 139
0.02 139
0.02 139
0.02 139
0.02 139
0.02 139
0.02 139
0.02 140
0.02 140
0.02 140
0.02 140
0.02 140
0.02 140
0.02 140
0.02 141
0.02 141
0.02 141
0.02 141
0.02 141
0.02 141
0.02 141
0.02 142
0.02 142
0.02 142
0.02 142
0.02 142
0.02 142
0.02 142
0.02 143
0.02 143
0.02 143
0.02 143
0.02 143
0.02 143
0.02 143
0.02 144
0.02 144
0.02 144
0.02 144
0.02 144
0.02 144
0.02 144
0.02 145
0.02 145
0.02 145
0.02 145
0.02 145
0.02 145
0.02 145
0.02 146
0.02 146
0.02 146
0.02 146
0.02 146
0.02 146
0.02 146
0.02 147
0.02 147
0.02 147
0.02 147
0.02 147
0.02 147
0.02 147
0.02 148
0.02 148
0.02 148
0.02 148
0.02 148
0.02 148
0.02 148
0.02 149
0.02 149
0.02 149
0.02 149
0.02 149
0.02 149
0.02 149
0.02 150
0.02 150
0.02 150
0.02 150
0.02 150
0.02 150
0.02 150
0.02 151
0.02 151
0.02 151
0.02 151
0.02 151
0.02 151
0.02 151
0.02 152
0.02 152
0.02 152
0.02 152
0.02 152
0.02 152
0.02 153
0.02 153
0.02 153
0.02 153
0.02 153
0.02 153
0.02 154
0.02 154
0.02 154
0.02 154
0.02 154
0.02 154
0.02 155
0.02 155
0.02 155
0.02 155
0.02 155
0.02 155
0.02 156
0.02 156
0.02 156
0.02 156
0.02 156
0.02 156
0.02 157
0.02 157
0.02 157
0.02 157
0.02 157
0.02 157
0.02 158
0.02 158
0.02 158
0.02 158
0.02 158
0.02 158
0.02 159
0.02 159
0.02 159
0.02 159
0.02 159
0.02 159
0.02 160
0.02 160
0.02 160
0.02 160
0.02 160
0.02 160
0.02 161
0.02 161
0.02 161
0.02 161
0.02 161
0.02 161
0.02 162
0.02 162
0.02 162
0.02 162
0.02 162
0.02 162
0.02 163
0.02 163
0.02 163
0.02 163
0.02 163
0.02 163
0.02 164
0.02 164
0.02 164
0.02 164
0.02 164
0.02 164
0.02 165
0.02 165
0.02 165
0.02 165
0.02 165
0.02 165
0.02 166
0.02 166
0.02 166
0.02 166
0.02 166
0.02 166
0.02 167
0.02 167
0.02 167
0.02 167
0.02 167
0.02 167
0.02 168
0.02 168
0.02 168
0.02 168
0.02 168
0.02 168
0.02 169
0.02 169
0.02 169
0.02 169
0.02 169
0.02 169
0.02 170
0.02 170
0.02 170
0.02 170
0.02 170
0.02 170
0.02 171
0.02 171
0.02 171
0.02 171
0.02 171
0.02 171
0.02 172
0.02 172
0.02 172
0.02 172
0.02 172
0.02 172
0.02 173
0.02 173
0.02 173
0.02 173
0.02 173
0.02 173
0.02 174
0.02 174
0.02 174
0.02 174
0.02 174
0.02 174
0.02 175
0.02 175
0.02 175
0.02 175
0.02 175
0.02 175
0.02 176
0.02 176
0.02 176
0.02 176
0.02 176
0.02 176
0.02 177
0.02 177
0.02 177
0.02 177
0.02 177
0.02 177
0.02 178
0.02 178
0.02 178
0.02 178
0.02 178
0.02 178
0.02 179
0.02 179
0.02 179
0.02 179
0.02 179
0.02 179
0.02 180
0.02 180
0.02 180
0.02 180
0.02 180
0.02 180
0.02 181
0.02 181
0.02 181
0.02 181
0.02 181
0.02 181
0.02 182
0.02 182
0.02 182
0.02 182
0.02 182
0.02 182
0.02 183
0.02 183
0.02 183
0.02 183
0.02 183
0.02 183
0.02 184
0.02 184
0.02 184
0.02 184
0.02 184
0.02 184
0.03 185
0.03 185
0.03 185
0.03 185
0.03 185
0.03 185
0.03 186
0.03 186
0.03 186
0.03 186
0.03 186
0.03 186
0.03 187
0.03 187
0.03 187
0.03 187
0.03 187
0.03 187
0.03 188
0.03 188
0.03 188
0.03 188
0.03 188
0.03 188
0.03 189
0.03 189
0.03 189
0.03 189
0.03 189
0.03 189
0.03 190
0.03 190
0.03 190
0.03 190
0.03 190
0.03 190
0.03 191
0.03 191
0.03 191
0.03 191
0.03 191
0.03 191
0.03 192
0.03 192
0.03 192
0.03 192
0.03 192
0.03 192
0.03 193
0.03 193
0.03 193
0.03 193
0.03 193
0.03 193
0.03 194
0.03 194
0.03 194
0.03 194
0.03 194
0.03 194
0.03 195
0.03 195
0.03 195
0.03 195
0.03 195
0.03 195
0.03 196
0.03 196
0.03 196
0.03 196
0.03 196
0.03 196
0.03 197
0.03 197
0.03 197
0.03 197
0.03 197
0.03 197
0.03 198
0.03 198
0.03 198
0.03 198
0.03 198
0.03 198
0.03 199
0.03 199
0.03 199
0.03 199
0.03 199
0.03 199
0.03 200
0.03 200
0.03 200
0.03 200
0.03 200
0.03 200
0.03 201
0.03 201
0.03 201
0.03 201
0.03 201
0.03 201
0.03 202
0.03 202
0.03 202
0.03 202
0.03 202
0.03 202
0.03 203
0.03 203
0.03 203
0.03 203
0.03 203
0.03 203
0.03 204
0.03 204
0.03 204
0.03 204
0.03 204
0.03 204
0.03 205
0.03 205
0.03 205
0.03 205
0.03 205
0.03 205
0.03 206
0.03 206
0.03 206
0.03 206
0.03 206
0.03 206
0.03 207
0.03 207
0.03 207
0.03 207
0.03 207
0.03 207
0.03 208
0.03 208
0.03 208
0.03 208
0.03 208
0.03 208
0.03 209
0.03 209
0.03 209
0.03 209
0.03 209
0.03 209
0.03 210
0.03 210
0.03 210
0.03 210
0.03 210
0.03 210
0.03 211
0.03 211
0.03 211
0.03 211
0.03 211
0.03 211
0.03 212
0.03 212
0.03 212
0.03 212
0.03 212
0.03 212
0.03 213
0.03 213
0.03 213
0.03 213
0.03 213
0.03 213
0.03 214
0.03 214
0.03 214
0.03 214
0.03 214
0.03 214
0.03 215
0.03 215
0.03 215
0.03 215
0.03 215
0.03 215
0.03 216
0.03 216
0.03 216
0.03 216
0.03 216
0.03 216
0.03 217
0.03 217
0.03 217
0.03 217
0.03 217
0.03 217
0.03 218
0.03 218
0.03 218
0.03 218
0.03 218
0.03 218
0.03 219
0.03 219
0.03 219
0.03 219
0.03 219
0.03 220
0.03 220
0.03 220
0.03 220
0.03 220
0.03 221
0.03 221
0.03 221
0.03 221
0.03 221
0.03 222
0.03 222
0.03 222
0.03 222
0.03 222
0.03 223
0.03 223
0.03 223
0.03 223
0.03 223
0.03 224
0.03 224
0.03 224
0.03 224
0.03 224
0.03 225
0.03 225
0.03 225
0.03 225
0.03 225
0.03 226
0.03 226
0.03 226
0.03 226
0.03 226
0.03 227
0.03 227
0.03 227
0.03 227
0.03 227
0.03 228
0.03 228
0.03 228
0.03 228
0.03 228
0.03 229
0.03 229
0.03 229
0.03 229
0.03 229
0.03 230
0.03 230
0.03 230
0.03 230
0.03 230
0.03 231
0.03 231
0.03 231
0.03 231
0.03 231
0.03 232
0.03 232
0.03 232
0.03 232
0.03 232
0.03 233
0.03 233
0.03 233
0.03 233
0.03 233
0.03 234
0.03 234
0.03 234
0.03 234
0.03 234
0.03 235
0.03 235
0.03 235
0.03 235
0.03 235
0.03 236
0.03 236
0.03 236
0.03 236
0.03 236
0.03 237
0.03 237
0.03 237
0.03 237
0.03 237
0.03 238
0.03 238
0.03 238
0.03 238
0.03 238
0.03 239
0.03 239
0.03 239
0.03 239
0.03 239
0.03 240
0.03 240
0.03 240
0.03 240
0.03 240
0.03 241
0.03 241
0.03 241
0.03 241
0.03 241
0.03 242
0.03 242
0.03 242
0.03 242
0.03 242
0.03 243
0.03 243
0.03 243
0.03 243
0.03 243
0.03 244
0.03 244
0.03 244
0.03 244
0.03 244
0.03 245
0.03 245
0.03 245
0.03 245
0.03 245
0.03 246
0.03 246
0.03 246
0.03 246
0.03 246
0.03 247
0.03 247
0.03 247
0.03 247
0.03 247
0.03 248
0.03 248
0.03 248
0.03 248
0.03 248
0.03 249
0.03 249
0.03 249
0.03 249
0.03 249
0.03 250
0.03 250
0.03 250
0.03 250
0.03 250
0.03 251
0.03 251
0.03 251
0.03 251
0.03 251
0.03 252
0.03 252
0.03 252
0.03 252
0.03 252
0.03 253
0.03 253
0.03 253
0.03 253
0.03 253
0.03 254
0.03 254
0.03 254
0.03 254
0.03 254
0.03 255
0.03 255
0.03 255
0.03 255
0.03 255
0.03 256
0.03 256
0.03 256
0.03 256
0.03 256
0.03 257
0.03 257
0.03 257
0.03 257
0.03 257
0.04 258
0.04 258
0.04 258
0.04 258
0.04 258
0.04 259
0.04 259
0.04 259
0.04 259
0.04 259
0.04 260
0.04 260
0.04 260
0.04 260
0.04 260
0.04 261
0.04 261
0.04 261
0.04 261
0.04 261
0.04 262
0.04 262
0.04 262
0.04 262
0.04 262
0.04 263
0.04 263
0.04 263
0.04 263
0.04 263
0.04 264
0.04 264
0.04 264
0.04 264
0.04 264
0.04 265
0.04 265
0.04 265
0.04 265
0.04 265
0.04 266
0.04 266
0.04 266
0.04 266
0.04 266
0.04 267
0.04 267
0.04 267
0.04 267
0.04 267
0.04 268
0.04 268
0.04 268
0.04 268
0.04 268
0.04 269
0.04 269
0.04 269
0.04 269
0.04 269
0.04 270
0.04 270
0.04 270
0.04 270
0.04 270
0.04 271
0.04 271
0.04 271
0.04 271
0.04 271
0.04 272
0.04 272
0.04 272
0.04 272
0.04 272
0.04 273
0.04 273
0.04 273
0.04 273
0.04 273
0.04 274
0.04 274
0.04 274
0.04 274
0.04 274
0.04 275
0.04 275
0.04 275
0.04 275
0.04 275
0.04 276
0.04 276
0.04 276
0.04 276
0.04 276
0.04 277
0.04 277
0.04 277
0.04 277
0.04 277
0.04 278
0.04 278
0.04 278
0.04 278
0.04 278
0.04 279
0.04 279
0.04 279
0.04 279
0.04 279
0.04 280
0.04 280
0.04 280
0.04 280
0.04 280
0.04 281
0.04 281
0.04 281
0.04 281
0.04 281
0.04 282
0.04 282
0.04 282
0.04 282
0.04 282
0.04 283
0.04 283
0.04 283
0.04 283
0.04 283
0.04 284
0.04 284
0.04 284
0.04 284
0.04 284
0.04 285
0.04 285
0.04 285
0.04 285
0.04 285
0.04 286
0.04 286
0.04 286
0.04 286
0.04 286
0.04 287
0.04 287
0.04 287
0.04 287
0.04 287
0.04 288
0.04 288
0.04 288
0.04 288
0.04 288
0.04 289
0.04 289
0.04 289
0.04 289
0.04 289
0.04 290
0.04 290
0.04 290
0.04 290
0.04 290
0.04 291
0.04 291
0.04 291
0.04 291
0.04 291
0.04 292
0.04 292
0.04 292
0.04 292
0.04 292
0.04 293
0.04 293
0.04 293
0.04 293
0.04 293
0.04 294
0.04 294
0.04 294
0.04 294
0.04 294
0.04 295
0.04 295
0.04 295
0.04 295
0.04 295
0.04 296
0.04 296
0.04 296
0.04 296
0.04 296
0.04 297
0.04 297
0.04 297
0.04 297
0.04 297
0.04 298
0.04 298
0.04 298
0.04 298
0.04 298
0.04 299
0.04 299
0.04 299
0.04 299
0.04 299
0.04 300
0.04 300
0.04 300
0.04 300
0.04 300
0.04 301
0.04 301
0.04 301
0.04 301
0.04 301
0.04 302
0.04 302
0.04 302
0.04 302
0.04 303
0.04 303
0.04 303
0.04 303
0.04 304
0.04 304
0.04 304
0.04 304
0.04 305
0.04 305
0.04 305
0.04 305
0.04 306
0.04 306
0.04 306
0.04 306
0.04 307
0.04 307
0.04 307
0.04 307
0.04 308
0.04 308
0.04 308
0.04 308
0.04 309
0.04 309
0.04 309
0.04 309
0.04 310
0.04 310
0.04 310
0.04 310
0.04 311
0.04 311
0.04 311
0.04 311
0.04 312
0.04 312
0.04 312
0.04 312
0.04 313
0.04 313
0.04 313
0.04 313
0.04 314
0.04 314
0.04 314
0.04 314
0.04 315
0.04 315
0.04 315
0.04 315
0.04 316
0.04 316
0.04 316
0.04 316
0.04 317
0.04 317
0.04 317
0.04 317
0.04 318
0.04 318
0.04 318
0.04 318
0.04 319
0.04 319
0.04 319
0.04 319
0.04 320
0.04 320
0.04 320
0.04 320
0.04 321
0.04 321
0.04 321
0.04 321
0.04 322
0.04 322
0.04 322
0.04 322
0.04 323
0.04 323
0.04 323
0.04 323
0.04 324
0.04 324
0.04 324
0.04 324
0.04 325
0.04 325
0.04 325
0.04 325
0.04 326
0.04 326
0.04 326
0.04 326
0.04 327
0.04 327
0.04 327
0.04 327
0.04 328
0.04 328
0.04 328
0.04 328
0.04 329
0.04 329
0.04 329
0.04 329
0.04 330
0.04 330
0.04 330
0.04 330
0.04 331
0.04 331
0.04 331
0.04 331
0.04 332
0.04 332
0.04 332
0.04 332
0.04 333
0.04 333
0.04 333
0.04 333
0.05 334
0.05 334
0.05 334
0.05 334
0.05 335
0.05 335
0.05 335
0.05 335
0.05 336
0.05 336
0.05 336
0.05 336
0.05 337
0.05 337
0.05 337
0.05 337
0.05 338
0.05 338
0.05 338
0.05 338
0.05 339
0.05 339
0.05 339
0.05 339
0.05 340
0.05 340
0.05 340
0.05 340
0.05 341
0.05 341
0.05 341
0.05 341
0.05 342
0.05 342
0.05 342
0.05 342
0.05 343
0.05 343
0.05 343
0.05 343
0.05 344
0.05 344
0.05 344
0.05 344
0.05 345
0.05 345
0.05 345
0.05 345
0.05 346
0.05 346
0.05 346
0.05 346
0.05 347
0.05 347
0.05 347
0.05 347
0.05 348
0.05 348
0.05 348
0.05 348
0.05 349
0.05 349
0.05 349
0.05 349
0.05 350
0.05 350
0.05 350
0.05 350
0.05 351
0.05 351
0.05 351
0.05 351
0.05 352
0.05 352
0.05 352
0.05 352
0.05 353
0.05 353
0.05 353
0.05 353
0.05 354
0.05 354
0.05 354
0.05 354
0.05 355
0.05 355
0.05 355
0.05 355
0.05 356
0.05 356
0.05 356
0.05 356
0.05 357
0.05 357
0.05 357
0.05 357
0.05 358
0.05 358
0.05 358
0.05 358
0.05 359
0.05 359
0.05 359
0.05 359
0.05 360
0.05 360
0.05 360
0.05 360
0.05 361
0.05 361
0.05 361
0.05 361
0.05 362
0.05 362
0.05 362
0.05 362
0.05 363
0.05 363
0.05 363
0.05 363
0.05 364
0.05 364
0.05 364
0.05 364
0.05 365
0.05 365
0.05 365
0.05 365
0.05 366
0.05 366
0.05 366
0.05 366
0.05 367
0.05 367
0.05 367
0.05 367
0.05 368
0.05 368
0.05 368
0.05 368
0.05 369
0.05 369
0.05 369
0.05 369
0.05 370
0.05 370
0.05 370
0.05 370
0.05 371
0.05 371
0.05 371
0.05 371
0.05 372
0.05 372
0.05 372
0.05 372
0.05 373
0.05 373
0.05 373
0.05 373
0.05 374
0.05 374
0.05 374
0.05 374
0.05 375
0.05 375
0.05 375
0.05 375
0.05 376
0.05 376
0.05 376
0.05 376
0.05 377
0.05 377
0.05 377
0.05 377
0.05 378
0.05 378
0.05 378
0.05 378
0.05 379
0.05 379
0.05 379
0.05 379
0.05 380
0.05 380
0.05 380
0.05 380
0.05 381
0.05 381
0.05 381
0.05 381
0.05 382
0.05 382
0.05 382
0.05 382
0.05 383
0.05 383
0.05 383
0.05 383
0.05 384
0.05 384
0.05 384
0.05 384
0.05 385
0.05 385
0.05 385
0.05 385
0.05 386
0.05 386
0.05 386
0.05 386
0.05 387
0.05 387
0.05 387
0.05 387
0.05 388
0.05 388
0.05 388
0.05 388
0.05 389
0.05 389
0.05 389
0.05 389
0.05 390
0.05 390
0.05 390
0.05 390
0.05 391
0.05 391
0.05 391
0.05 391
0.05 392
0.05 392
0.05 392
0.05 392
0.05 393
0.05 393
0.05 393
0.05 393
0.05 394
0.05 394
0.05 394
0.05 394
0.05 395
0.05 395
0.05 395
0.05 396
0.05 396
0.05 396
0.05 397
0.05 397
0.05 397
0.05 398
0.05 398
0.05 398
0.05 399
0.05 399
0.05 399
0.05 400
0.05 400
0.05 400
0.05 401
0.05 401
0.05 401
0.05 402
0.05 402
0.05 402
0.05 403
0.05 403
0.05 403
0.05 404
0.05 404
0.05 404
0.05 405
0.05 405
0.05 405
0.05 406
0.05 406
0.05 406
0.05 407
0.05 407
0.05 407
0.05 408
0.05 408
0.05 408
0.05 409
0.05 409
0.05 409
0.05 410
0.05 410
0.05 410
0.05 411
0.05 411
0.05 411
0.05 412
0.05 412
0.05 412
0.05 413
0.05 413
0.05 413
0.05 414
0.05 414
0.05 414
0.05 415
0.05 415
0.05 415
0.05 416
0.05 416
0.05 416
0.06 417
0.06 417
0.06 417
0.06 418
0.06 418
0.06 418
0.06 419
0.06 419
0.06 419
0.06 420
0.06 420
0.06 420
0.06 421
0.06 421
0.06 421
0.06 422
0.06 422
0.06 422
0.06 423
0.06 423
0.06 423
0.06 424
0.06 424
0.06 424
0.06 425
0.06 425
0.06 425
0.06 426
0.06 426
0.06 426
0.06 427
0.06 427
0.06 427
0.06 428
0.06 428
0.06 428
0.06 429
0.06 429
0.06 429
0.06 430
0.06 430
0.06 430
0.06 431
0.06 431
0.06 431
0.06 432
0.06 432
0.06 432
0.06 433
0.06 433
0.06 433
0.06 434
0.06 434
0.06 434
0.06 435
0.06 435
0.06 435
0.06 436
0.06 436
0.06 436
0.06 437
0.06 437
0.06 437
0.06 438
0.06 438
0.06 438
0.06 439
0.06 439
0.06 439
0.06 440
0.06 440
0.06 440
0.06 441
0.06 441
0.06 441
0.06 442
0.06 442
0.06 442
0.06 443
0.06 443
0.06 443
0.06 444
0.06 444
0.06 444
0.06 445
0.06 445
0.06 445
0.06 446
0.06 446
0.06 446
0.06 447
0.06 447
0.06 447
0.06 448
0.06 448
0.06 448
0.06 449
0.06 449
0.06 449
0.06 450
0.06 450
0.06 450
0.06 451
0.06 451
0.06 451
0.06 452
0.06 452
0.06 452
0.06 453
0.06 453
0.06 453
0.06 454
0.06 454
0.06 454
0.06 455
0.06 455
0.06 455
0.06 456
0.06 456
0.06 456
0.06 457
0.06 457
0.06 457
0.06 458
0.06 458
0.06 458
0.06 459
0.06 459
0.06 459
0.06 460
0.06 460
0.06 460
0.06 461
0.06 461
0.06 461
0.06 462
0.06 462
0.06 462
0.06 463
0.06 463
0.06 463
0.06 464
0.06 464
0.06 464
0.06 465
0.06 465
0.06 465
0.06 466
0.06 466
0.06 466
0.06 467
0.06 467
0.06 467
0.06 468
0.06 468
0.06 468
0.06 469
0.06 469
0.06 469
0.06 470
0.06 470
0.06 470
0.06 471
0.06 471
0.06 471
0.06 472
0.06 472
0.06 472
0.06 473
0.06 473
0.06 473
0.06 474
0.06 474
0.06 474
0.06 475
0.06 475
0.06 475
0.06 476
0.06 476
0.06 476
0.06 477
0.06 477
0.06 477
0.06 478
0.06 478
0.06 478
0.06 479
0.06 479
0.06 479
0.06 480
0.06 480
0.06 480
0.06 481
0.06 481
0.06 481
0.06 482
0.06 482
0.06 482
0.06 483
0.06 483
0.06 483
0.06 484
0.06 484
0.06 484
0.06 485
0.06 485
0.06 485
0.06 486
0.06 486
0.06 486
0.06 487
0.06 487
0.06 487
0.06 488
0.06 488
0.06 488
0.06 489
0.06 489
0.06 489
0.06 490
0.06 490
0.06 490
0.06 491
0.06 491
0.06 492
0.06 492
0.06 493
0.06 493
0.06 494
0.06 494
0.06 495
0.06 495
0.07 496
0.07 496
0.07 497
0.07 497
0.07 498
0.07 498
0.07 499
0.07 499
0.07 500
0.07 500
0.07 501
0.07 501
0.07 502
0.07 502
0.07 503
0.07 503
0.07 504
0.07 504
0.07 505
0.07 505
0.07 506
0.07 506
0.07 507
0.07 507
0.07 508
0.07 508
0.07 509
0.07 509
0.07 510
0.07 510
0.07 511
0.07 511
0.07 512
0.07 512
0.07 513
0.07 513
0.07 514
0.07 514
0.07 515
0.07 515
0.07 516
0.07 516
0.07 517
0.07 517
0.07 518
0.07 518
0.07 519
0.07 519
0.07 520
0.07 520
0.07 521
0.07 521
0.07 522
0.07 522
0.07 523
0.07 523
0.07 524
0.07 524
0.07 525
0.07 525
0.07 526
0.07 526
0.07 527
0.07 527
0.07 528
0.07 528
0.07 529
0.07 529
0.07 530
0.07 530
0.07 531
0.07 531
0.07 532
0.07 532
0.07 533
0.07 533
0.07 534
0.07 534
0.07 535
0.07 535
0.07 536
0.07 536
0.07 537
0.07 537
0.07 538
0.07 538
0.07 539
0.07 539
0.07 540
0.07 540
0.07 541
0.07 541
0.07 542
0.07 542
0.07 543
0.07 543
0.07 544
0.07 544
0.07 545
0.07 545
0.07 546
0.07 546
0.07 547
0.07 547
0.07 548
0.07 548
0.07 549
0.07 549
0.07 550
0.07 550
0.07 551
0.07 551
0.07 552
0.07 552
0.07 553
0.07 553
0.07 554
0.07 554
0.07 555
0.07 555
0.07 556
0.07 556
0.07 557
0.07 557
0.07 558
0.07 558
0.07 559
0.07 559
0.07 560
0.07 560
0.07 561
0.07 561
0.07 562
0.07 562
0.07 563
0.07 563
0.07 564
0.07 564
0.07 565
0.07 565
0.07 566
0.07 566
0.07 567
0.07 567
0.07 568
0.07 568
0.07 569
0.07 569
0.07 570
0.07 570
0.07 571
0.07 571
0.07 572
0.07 572
0.07 573
0.07 573
0.07 574
0.07 574
0.07 575
0.07 575
0.07 576
0.07 576
0.07 577
0.07 577
0.07 578
0.07 578
0.07 579
0.07 579
0.07 580
0.07 580
0.07 581
0.07 581
0.07 582
0.07 582
0.08 583
0.08 583
0.08 584
0.08 584
0.08 585
0.08 585
0.08 586
0.08 586
0.08 587
0.08 587
0.08 588
0.08 588
0.08 589
0.08 589
0.08 590
0.08 590
0.08 591
0.08 591
0.08 592
0.08 592
0.08 593
0.08 593
0.08 594
0.08 594
0.08 595
0.08 595
0.08 596
0.08 596
0.08 597
0.08 597
0.08 598
0.08 598
0.08 599
0.08 599
0.08 600
0.08 600
0.08 601
0.08 601
0.08 602
0.08 602
0.08 603
0.08 603
0.08 604
0.08 604
0.08 605
0.08 605
0.08 606
0.08 606
0.08 607
0.08 607
0.08 608
0.08 608
0.08 609
0.08 609
0.08 610
0.08 610
0.08 611
0.08 611
0.08 612
0.08 612
0.08 613
0.08 613
0.08 614
0.08 614
0.08 615
0.08 615
0.08 616
0.08 616
0.08 617
0.08 617
0.08 618
0.08 618
0.08 619
0.08 619
0.08 620
0.08 620
0.08 621
0.08 621
0.08 622
0.08 622
0.08 623
0.08 623
0.08 624
0.08 624
0.08 625
0.08 625
0.08 626
0.08 626
0.08 627
0.08 627
0.08 628
0.08 628
0.08 629
0.08 629
0.08 630
0.08 630
0.08 631
0.08 631
0.08 632
0.08 632
0.08 633
0.08 633
0.08 634
0.08 634
0.08 635
0.08 635
0.08 636
0.08 636
0.08 637
0.08 637
0.08 638
0.08 638
0.08 639
0.08 639
0.08 640
0.08 640
0.08 641
0.08 642
0.08 643
0.08 644
0.08 645
0.08 646
0.08 647
0.08 648
0.08 649
0.08 650
0.08 651
0.08 652
0.08 653
0.08 654
0.08 655
0.08 656
0.08 657
0.08 658
0.08 659
0.08 660
0.08 661
0.08 662
0.08 663
0.08 664
0.08 665
0.08 666
0.09 667
0.09 668
0.09 669
0.09 670
0.09 671
0.09 672
0.09 673
0.09 674
0.09 675
0.09 676
0.09 677
0.09 678
0.09 679
0.09 680
0.09 681
0.09 682
0.09 683
0.09 684
0.09 685
0.09 686
0.09 687
0.09 688
0.09 689
0.09 690
0.09 691
0.09 692
0.09 693
0.09 694
0.09 695
0.09 696
0.09 697
0.09 698
0.09 699
0.09 700
0.09 701
0.09 702
0.09 703
0.09 704
0.09 705
0.09 706
0.09 707
0.09 708
0.09 709
0.09 710
0.09 711
0.09 712
0.09 713
0.09 714
0.09 715
0.09 716
0.09 717
0.09 718
0.09 719
0.09 720
0.09 721
0.09 722
0.09 723
0.09 724
0.09 725
0.09 726
0.09 727
0.09 728
0.09 729
0.09 730
0.09 731
0.09 732
0.09 733
0.09 734
0.09 735
0.09 736
0.09 737
