0.0 1024
0.0 1023
0.0 1022
0.0 1021
0.0 1020
0.0 1019
0.0 1018
0.0 1017
0.0 1016
0.0 1015
0.0 1014
0.0 1013
0.0 1012
0.0 1011
0.0 1010
0.0 1009
0.0 1008
0.0 1007
0.0 1006
0.0 1005
0.0 1004
0.0 1003
0.0 1002
0.0 1001
0.0 1000
0.0 999
0.0 998
0.01 997
0.01 996
0.01 995
0.01 994
0.01 993
0.01 992
0.01 991
0.01 990
0.01 989
0.01 988
0.01 987
0.01 986
0.01 985
0.01 984
0.01 983
0.01 982
0.01 981
0.01 980
0.01 979
0.01 978
0.01 977
0.01 976
0.01 975
0.01 974
0.01 973
0.01 972
0.01 971
0.01 970
0.01 969
0.01 968
0.01 967
0.01 966
0.01 965
0.01 964
0.01 963
0.01 962
0.01 961
0.01 960
0.01 959
0.01 958
0.01 957
0.01 956
0.01 955
0.01 954
0.01 953
0.01 952
0.01 951
0.01 950
0.01 949
0.01 948
0.01 947
0.01 946
0.01 945
0.01 944
0.01 943
0.01 942
0.01 941
0.01 940
0.01 939
0.01 938
0.01 937
0.01 936
0.01 935
0.01 934
0.01 933
0.01 932
0.01 931
0.01 930
0.01 929
0.01 928
0.01 927
0.01 926
0.01 925
0.01 924
0.01 923
0.01 922
0.01 921
0.01 920
0.01 919
0.01 918
0.01 917
0.01 916
0.01 915
0.01 914
0.01 913
0.01 912
0.01 911
0.01 910
0.01 909
0.01 908
0.01 907
0.01 906
0.01 905
0.01 904
0.01 903
0.01 902
0.01 901
0.01 900
0.01 899
0.01 898
0.01 897
0.01 896
0.01 895
0.01 894
0.01 893
0.01 892
0.01 891
0.01 890
0.01 889
0.01 888
0.01 887
0.01 886
0.01 885
0.01 884
0.01 883
0.01 882
0.01 881
0.01 880
0.01 879
0.01 878
0.01 877
0.01 876
0.01 875
0.01 874
0.01 873
0.01 872
0.01 871
0.01 870
0.01 869
0.01 868
0.01 867
0.01 866
0.01 865
0.01 864
0.01 863
0.01 862
0.01 861
0.01 860
0.01 859
0.01 858
0.01 857
0.01 856
0.01 855
0.01 854
0.01 853
0.01 852
0.01 851
0.01 850
0.01 849
0.01 848
0.01 847
0.01 846
0.01 845
0.01 844
0.01 843
0.01 842
0.01 841
0.01 840
0.01 839
0.01 838
0.01 837
0.01 836
0.01 835
0.02 834
0.02 833
0.02 832
0.02 831
0.02 830
0.02 829
0.02 828
0.02 827
0.02 826
0.02 825
0.02 824
0.02 823
0.02 822
0.02 821
0.02 820
0.02 819
0.02 818
0.02 817
0.02 816
0.02 815
0.02 814
0.02 813
0.02 812
0.02 811
0.02 810
0.02 809
0.02 808
0.02 807
0.02 806
0.02 805
0.02 804
0.02 803
0.02 802
0.02 801
0.02 800
0.02 799
0.02 798
0.02 797
0.02 796
0.02 795
0.02 794
0.02 793
0.02 792
0.02 791
0.02 790
0.02 789
0.02 788
0.02 787
0.02 786
0.02 785
0.02 784
0.02 783
0.02 782
0.02 781
0.02 780
0.02 779
0.02 778
0.02 777
0.02 776
0.02 775
0.02 774
0.02 773
0.02 772
0.02 771
0.02 770
0.02 769
0.02 768
0.03 767
0.03 766
0.03 765
0.03 764
0.03 763
0.03 762
0.03 761
0.03 760
0.03 759
0.03 758
0.03 757
0.04 756
0.04 755
0.04 754
0.04 753
0.04 752
0.04 751
0.04 750
0.04 749
0.05 748
0.05 747
0.05 746
