0.0 1133
0.0 1132
0.0 1131
0.0 1130
0.0 1129
0.0 1128
0.0 1127
0.0 1126
0.0 1125
0.0 1124
0.0 1123
0.0 1122
0.0 1121
0.0 1120
0.0 1119
0.0 1118
0.0 1117
0.0 1116
0.0 1115
0.0 1114
0.0 1113
0.0 1112
0.0 1111
0.0 1110
0.0 1109
0.0 1108
0.0 1107
0.0 1106
0.0 1105
0.01 1104
0.01 1103
0.01 1102
0.01 1101
0.01 1100
0.01 1099
0.01 1098
0.01 1097
0.01 1096
0.01 1095
0.01 1094
0.01 1093
0.01 1092
0.01 1091
0.01 1090
0.01 1089
0.01 1088
0.01 1087
0.01 1086
0.01 1085
0.01 1084
0.01 1083
0.01 1082
0.01 1081
0.01 1080
0.01 1079
0.01 1078
0.01 1077
0.01 1076
0.01 1075
0.01 1074
0.01 1073
0.01 1072
0.01 1071
0.01 1070
0.01 1069
0.01 1068
0.01 1067
0.01 1066
0.01 1065
0.01 1064
0.01 1063
0.01 1062
0.01 1061
0.01 1060
0.01 1059
0.01 1058
0.01 1057
0.01 1056
0.01 1055
0.01 1054
0.01 1053
0.01 1052
0.01 1051
0.01 1050
0.01 1049
0.01 1048
0.01 1047
0.01 1046
0.01 1045
0.01 1044
0.01 1043
0.01 1042
0.01 1041
0.01 1040
0.01 1039
0.01 1038
0.01 1037
0.01 1036
0.01 1035
0.01 1034
0.01 1033
0.01 1032
0.01 1031
0.01 1030
0.01 1029
0.01 1028
0.01 1027
0.01 1026
0.01 1025
0.01 1024
0.01 1023
0.01 1022
0.01 1021
0.01 1020
0.01 1019
0.01 1018
0.01 1017
0.01 1016
0.01 1015
0.01 1014
0.01 1013
0.01 1012
0.01 1011
0.01 1010
0.01 1009
0.01 1008
0.01 1007
0.01 1006
0.01 1005
0.01 1004
0.01 1003
0.01 1002
0.01 1001
0.01 1000
0.01 999
0.01 998
0.01 997
0.01 996
0.01 995
0.01 994
0.01 993
0.01 992
0.01 991
0.01 990
0.01 989
0.01 988
0.01 987
0.01 986
0.01 985
0.01 984
0.01 983
0.01 982
0.01 981
0.01 980
0.01 979
0.01 978
0.01 977
0.01 976
0.01 975
0.01 974
0.01 973
0.01 972
0.01 971
0.01 970
0.01 969
0.01 968
0.01 967
0.01 966
0.01 965
0.01 964
0.01 963
0.01 962
0.01 961
0.01 960
0.01 959
0.01 958
0.01 957
0.01 956
0.01 955
0.01 954
0.01 953
0.01 952
0.01 951
0.01 950
0.01 949
0.01 948
0.01 947
0.01 946
0.01 945
0.01 944
0.01 943
0.01 942
0.01 941
0.01 940
0.01 939
0.01 938
0.01 937
0.01 936
0.01 935
0.01 934
0.01 933
0.01 932
0.01 931
0.01 930
0.01 929
0.01 928
0.01 927
0.01 926
0.01 925
0.01 924
0.01 923
0.01 922
0.01 921
0.01 920
0.01 919
0.01 918
0.01 917
0.01 916
0.01 915
0.01 914
0.01 913
0.01 912
0.01 911
0.01 910
0.01 909
0.01 908
0.01 907
0.01 906
0.01 905
0.01 904
0.01 903
0.01 902
0.01 901
0.01 900
0.01 899
0.01 898
0.01 897
0.01 896
0.01 895
0.01 894
0.01 893
0.01 892
0.01 891
0.01 890
0.01 889
0.01 888
0.01 887
0.01 886
0.01 885
0.01 884
0.01 883
0.01 882
0.01 881
0.01 880
0.01 879
0.01 878
0.01 877
0.01 876
0.01 875
0.01 874
0.01 873
0.01 872
0.01 871
0.01 870
0.01 869
0.01 868
0.01 867
0.01 866
0.01 865
0.01 864
0.01 863
0.01 862
0.01 861
0.01 860
0.01 859
0.01 858
0.01 857
0.01 856
0.01 855
0.01 854
0.01 853
0.01 852
0.01 851
0.01 850
0.01 849
0.01 848
0.01 847
0.01 846
0.01 845
0.01 844
0.01 843
0.01 842
0.01 841
0.01 840
0.01 839
0.01 838
0.01 837
0.01 836
0.01 835
0.01 834
0.01 833
0.01 832
0.01 831
0.01 830
0.01 829
0.01 828
0.01 827
0.01 826
0.01 825
0.01 824
0.01 823
0.01 822
0.01 821
0.01 820
0.01 819
0.01 818
0.01 817
0.01 816
0.01 815
0.01 814
0.01 813
0.01 812
0.01 811
0.01 810
0.01 809
0.01 808
0.01 807
0.01 806
0.01 805
0.01 804
0.01 803
0.01 802
0.01 801
0.01 800
0.01 799
0.01 798
0.01 797
0.01 796
0.01 795
0.01 794
0.01 793
0.01 792
0.01 791
0.01 790
0.01 789
0.01 788
0.01 787
0.01 786
0.01 785
0.01 784
0.01 783
0.01 782
0.01 781
0.01 780
0.01 779
0.01 778
0.01 777
0.01 776
0.01 775
0.01 774
0.01 773
0.01 772
0.01 771
0.01 770
0.01 769
0.01 768
0.01 767
0.01 766
0.01 765
0.01 764
0.01 763
0.01 762
0.01 761
0.01 760
0.01 759
0.01 758
0.01 757
0.01 756
0.02 755
0.02 754
0.02 753
0.02 752
0.02 751
0.02 750
0.02 749
0.02 748
0.02 747
0.02 746
0.02 745
0.02 744
0.02 743
0.02 742
0.02 741
0.02 740
0.02 739
0.02 738
0.02 737
0.02 736
0.02 735
0.02 734
0.02 733
0.02 732
0.02 731
0.02 730
0.02 729
0.02 728
0.02 727
0.02 726
0.02 725
0.02 724
0.02 723
0.02 722
0.02 721
0.02 720
0.02 719
0.02 718
0.02 717
0.02 716
0.02 715
0.02 714
0.02 713
0.02 712
0.02 711
0.02 710
0.02 709
0.02 708
0.02 707
0.02 706
0.02 705
0.02 704
0.02 703
0.02 702
0.02 701
0.02 700
0.02 699
0.02 698
0.02 697
0.02 696
0.02 695
0.02 694
0.02 693
0.02 692
0.02 691
0.02 690
0.02 689
0.02 688
0.02 687
0.02 686
0.02 685
0.02 684
0.02 683
0.02 682
0.02 681
0.02 680
0.02 679
0.02 678
0.02 677
0.02 676
0.02 675
0.02 674
0.02 673
0.02 672
0.02 671
0.02 670
0.02 669
0.02 668
0.02 667
0.02 666
0.02 665
0.02 664
0.02 663
0.02 662
0.02 661
0.02 660
0.02 659
0.02 658
0.02 657
0.02 656
0.02 655
0.02 654
0.02 653
0.02 652
0.03 651
0.03 650
0.03 649
0.03 648
0.03 647
0.03 646
0.03 645
0.03 644
0.03 643
0.03 642
0.03 641
0.03 640
0.03 639
0.03 638
0.03 637
0.03 636
0.03 635
0.03 634
0.03 633
0.03 632
0.03 631
0.03 630
0.03 629
0.04 628
0.04 627
0.04 626
0.04 625
0.04 624
0.04 623
0.04 622
0.04 621
0.04 620
0.04 619
0.04 618
0.04 617
0.05 616
0.05 615
0.06 614
