0.0 2
0.0 3
0.0 4
0.0 5
0.0 6
0.0 7
0.0 8
0.0 9
0.0 10
0.0 11
0.0 12
0.0 13
0.0 14
0.0 15
0.0 16
0.0 17
0.0 18
0.0 19
0.0 20
0.0 21
0.01 22
0.01 23
0.01 24
0.01 25
0.01 26
0.01 27
0.01 28
0.01 29
0.01 30
0.01 31
0.01 32
0.01 33
0.01 34
0.01 35
0.01 36
0.01 37
0.01 38
0.01 39
0.01 40
0.01 41
0.01 42
0.01 43
0.01 44
0.01 45
0.01 46
0.01 47
0.01 48
0.01 49
0.01 50
0.01 51
0.01 52
0.01 53
0.01 54
0.01 55
0.01 56
0.01 57
0.01 58
0.01 59
0.01 60
0.01 61
0.01 62
0.01 63
0.01 64
0.01 65
0.01 66
0.01 67
0.01 68
0.01 69
0.01 70
0.01 71
0.01 72
0.02 73
0.02 74
0.02 75
0.02 76
0.02 77
0.02 78
0.02 79
0.02 80
0.02 81
0.02 82
0.02 83
0.02 84
0.02 85
0.02 86
0.02 87
0.02 88
0.02 89
0.02 90
0.02 91
0.02 92
0.02 93
0.02 94
0.02 95
0.02 96
0.02 97
0.02 98
0.02 99
0.02 100
0.02 101
0.02 102
0.02 103
0.02 104
0.02 105
0.02 106
0.02 107
0.02 108
0.02 109
0.02 110
0.02 111
0.02 112
0.02 113
0.02 114
0.02 115
0.02 116
0.02 117
0.02 118
0.02 119
0.02 120
0.02 121
0.02 122
0.02 123
0.02 124
0.02 125
0.02 126
0.02 127
0.02 128
0.02 129
0.03 130
0.03 131
0.03 132
0.03 133
0.03 134
0.03 135
0.03 136
0.03 137
0.03 138
0.03 139
0.03 140
0.03 141
0.03 142
0.03 143
0.03 144
0.03 145
0.03 146
0.03 147
0.03 148
0.03 149
0.03 150
0.03 151
0.03 152
0.03 153
0.03 154
0.03 155
0.03 156
0.03 157
0.03 158
0.03 159
0.03 160
0.03 161
0.03 162
0.03 163
0.03 164
0.03 165
0.03 166
0.03 167
0.03 168
0.03 169
0.03 170
0.03 171
0.03 172
0.03 173
0.03 174
0.03 175
0.03 176
0.03 177
0.03 178
0.03 179
0.03 180
0.03 181
0.03 182
0.03 183
0.03 184
0.03 185
0.03 186
0.03 187
0.04 188
0.04 189
0.04 190
0.04 191
0.04 192
0.04 193
0.04 194
0.04 195
0.04 196
0.04 197
0.04 198
0.04 199
0.04 200
0.04 201
0.04 202
0.04 203
0.04 204
0.04 205
0.04 206
0.04 207
0.04 208
0.04 209
0.04 210
0.04 211
0.04 212
0.04 213
0.04 214
0.04 215
0.04 216
0.04 217
0.04 218
0.04 219
0.04 220
0.04 221
0.04 222
0.04 223
0.04 224
0.04 225
0.04 226
0.04 227
0.04 228
0.04 229
0.04 230
0.04 231
0.04 232
0.04 233
0.04 234
0.04 235
0.04 236
0.04 237
0.04 238
0.04 239
0.04 240
0.04 241
0.04 242
0.04 243
0.04 244
0.04 245
0.04 246
0.04 247
0.04 248
0.05 249
0.05 250
0.05 251
0.05 252
0.05 253
0.05 254
0.05 255
0.05 256
0.05 257
0.05 258
0.05 259
0.05 260
0.05 261
0.05 262
0.05 263
0.05 264
0.05 265
0.05 266
0.05 267
0.05 268
0.05 269
0.05 270
0.05 271
0.05 272
0.05 273
0.05 274
0.05 275
0.05 276
0.05 277
0.05 278
0.05 279
0.05 280
0.05 281
0.05 282
0.05 283
0.05 284
0.05 285
0.05 286
0.05 287
0.05 288
0.05 289
0.05 290
0.05 291
0.05 292
0.05 293
0.05 294
0.05 295
0.05 296
0.05 297
0.05 298
0.05 299
0.05 300
0.05 301
0.05 302
0.05 303
0.05 304
0.05 305
0.05 306
0.05 307
0.05 308
0.05 309
0.05 310
0.05 311
0.06 312
0.06 313
0.06 314
0.06 315
0.06 316
0.06 317
0.06 318
0.06 319
0.06 320
0.06 321
0.06 322
0.06 323
0.06 324
0.06 325
0.06 326
0.06 327
0.06 328
0.06 329
0.06 330
0.06 331
0.06 332
0.06 333
0.06 334
0.06 335
0.06 336
0.06 337
0.06 338
0.06 339
0.06 340
0.06 341
0.06 342
0.06 343
0.06 344
0.06 345
0.06 346
0.06 347
0.06 348
0.06 349
0.06 350
0.06 351
0.06 352
0.06 353
0.06 354
0.06 355
0.06 356
0.06 357
0.06 358
0.06 359
0.06 360
0.06 361
0.06 362
0.06 363
0.06 364
0.06 365
0.06 366
0.06 367
0.06 368
0.06 369
0.06 370
0.06 371
0.06 372
0.06 373
0.06 374
0.06 375
0.07 376
0.07 377
0.07 378
0.07 379
0.07 380
0.07 381
0.07 382
0.07 383
0.07 384
0.07 385
0.07 386
0.07 387
0.07 388
0.07 389
0.07 390
0.07 391
0.07 392
0.07 393
0.07 394
0.07 395
0.07 396
0.07 397
0.07 398
0.07 399
0.07 400
0.07 401
0.07 402
0.07 403
0.07 404
0.07 405
0.07 406
0.07 407
0.07 408
0.07 409
0.07 410
0.07 411
0.07 412
0.07 413
0.07 414
0.07 415
0.07 416
0.07 417
0.07 418
0.07 419
0.07 420
0.07 421
0.07 422
0.07 423
0.07 424
0.07 425
0.07 426
0.07 427
0.07 428
0.07 429
0.07 430
0.07 431
0.07 432
0.07 433
0.07 434
0.07 435
0.07 436
0.07 437
0.07 438
0.07 439
0.07 440
0.07 441
0.08 442
0.08 443
0.08 444
0.08 445
0.08 446
0.08 447
0.08 448
0.08 449
0.08 450
0.08 451
0.08 452
0.08 453
0.08 454
0.08 455
0.08 456
0.08 457
0.08 458
0.08 459
0.08 460
0.08 461
0.08 462
0.08 463
0.08 464
0.08 465
0.08 466
0.08 467
0.08 468
0.08 469
0.08 470
0.08 471
0.08 472
0.08 473
0.08 474
0.08 475
0.08 476
0.08 477
0.08 478
0.08 479
0.08 480
0.08 481
0.08 482
0.08 483
0.08 484
0.08 485
0.08 486
0.08 487
0.08 488
0.08 489
0.08 490
0.08 491
0.08 492
0.08 493
0.08 494
0.08 495
0.08 496
0.08 497
0.08 498
0.08 499
0.08 500
0.08 501
0.08 502
0.08 503
0.08 504
0.08 505
0.08 506
0.08 507
0.09 508
0.09 509
0.09 510
0.09 511
0.09 512
0.09 513
0.09 514
0.09 515
0.09 516
0.09 517
0.09 518
0.09 519
0.09 520
0.09 521
0.09 522
0.09 523
0.09 524
0.09 525
0.09 526
0.09 527
0.09 528
0.09 529
0.09 530
0.09 531
0.09 532
0.09 533
0.09 534
0.09 535
0.09 536
0.09 537
0.09 538
0.09 539
0.09 540
0.09 541
0.09 542
0.09 543
0.09 544
0.09 545
0.09 546
0.09 547
0.09 548
0.09 549
0.09 550
0.09 551
0.09 552
0.09 553
0.09 554
0.09 555
0.09 556
0.09 557
0.09 558
0.09 559
0.09 560
0.09 561
0.09 562
0.09 563
0.09 564
0.09 565
0.09 566
0.09 567
0.09 568
0.09 569
0.09 570
0.09 571
0.09 572
0.09 573
0.09 574
0.1 575
0.1 576
0.1 577
0.1 578
0.1 579
0.1 580
0.1 581
0.1 582
0.1 583
0.1 584
0.1 585
0.1 586
0.1 587
0.1 588
0.1 589
0.1 590
0.1 591
0.1 592
0.1 593
0.1 594
0.1 595
0.1 596
0.1 597
0.1 598
0.1 599
0.1 600
0.1 601
0.1 602
0.1 603
0.1 604
0.1 605
