0.0 1
0.0 1
0.0 1
0.0 1
0.0 1
0.0 1
0.0 1
0.0 1
0.0 1
0.0 1
0.0 1
0.0 1
0.0 1
0.0 1
0.0 1
0.0 1
0.0 1
0.0 1
0.0 1
0.0 1
0.0 1
0.0 1
0.0 1
0.0 1
0.0 1
0.0 1
0.0 1
0.0 1
0.0 1
0.0 1
0.0 1
0.0 1
0.0 1
0.0 1
0.0 1
0.0 1
0.0 1
0.0 1
0.0 1
0.0 1
0.0 1
0.0 1
0.0 1
0.0 1
0.0 1
0.0 1
0.0 1
0.0 1
0.0 1
0.0 1
0.0 1
0.0 1
0.0 1
0.0 1
0.0 1
0.0 1
0.0 1
0.0 1
0.0 1
0.0 1
0.0 1
0.0 1
0.0 1
0.0 1
0.0 1
0.0 1
0.0 1
0.0 1
0.0 1
0.0 1
0.0 1
0.0 2
0.0 2
0.0 2
0.0 2
0.0 2
0.0 2
0.0 2
0.0 2
0.0 2
0.0 2
0.0 2
0.0 2
0.0 2
0.0 2
0.0 2
0.0 2
0.0 2
0.0 2
0.0 2
0.0 2
0.0 2
0.0 2
0.0 2
0.0 2
0.0 2
0.0 2
0.0 2
0.0 2
0.0 2
0.0 2
0.0 2
0.0 2
0.0 2
0.0 2
0.0 2
0.0 2
0.0 2
0.0 2
0.0 2
0.0 2
0.0 2
0.0 2
0.0 2
0.0 2
0.0 2
0.0 2
0.0 2
0.0 2
0.0 2
0.0 2
0.0 2
0.0 3
0.0 3
0.0 3
0.0 3
0.0 3
0.0 3
0.0 3
0.0 3
0.0 3
0.0 3
0.0 3
0.0 3
0.0 3
0.0 3
0.0 3
0.0 3
0.0 3
0.0 3
0.0 3
0.0 3
0.0 3
0.0 3
0.0 3
0.0 3
0.0 3
0.0 3
0.0 3
0.0 3
0.0 3
0.0 3
0.0 3
0.0 3
0.0 3
0.0 3
0.0 3
0.0 3
0.0 3
0.0 3
0.0 3
0.0 3
0.0 3
0.0 3
0.0 3
0.0 3
0.0 3
0.0 3
0.0 3
0.0 3
0.0 3
0.0 3
0.0 3
0.0 4
0.0 4
0.0 4
0.0 4
0.0 4
0.0 4
0.0 4
0.0 4
0.0 4
0.0 4
0.0 4
0.0 4
0.0 4
0.0 4
0.0 4
0.0 4
0.0 4
0.0 4
0.0 4
0.0 4
0.0 4
0.0 4
0.0 4
0.0 4
0.0 4
0.0 4
0.0 4
0.0 4
0.0 4
0.0 4
0.0 4
0.0 4
0.0 4
0.0 4
0.0 4
0.0 4
0.0 4
0.0 4
0.0 4
0.0 4
0.0 4
0.0 4
0.0 4
0.0 4
0.0 4
0.0 4
0.0 4
0.0 4
0.0 4
0.0 4
0.0 5
0.0 5
0.0 5
0.0 5
0.0 5
0.0 5
0.0 5
0.0 5
0.0 5
0.0 5
0.0 5
0.0 5
0.0 5
0.0 5
0.0 5
0.0 5
0.0 5
0.0 5
0.0 5
0.0 5
0.0 5
0.0 5
0.0 5
0.0 5
0.0 5
0.0 5
0.0 5
0.0 5
0.0 5
0.0 5
0.0 5
0.0 5
0.0 5
0.0 5
0.0 5
0.0 5
0.0 5
0.0 5
0.0 5
0.0 5
0.0 5
0.0 5
0.0 5
0.0 5
0.0 5
0.0 5
0.0 5
0.0 5
0.0 5
0.0 6
0.0 6
0.0 6
0.0 6
0.0 6
0.0 6
0.0 6
0.0 6
0.0 6
0.0 6
0.0 6
0.0 6
0.0 6
0.0 6
0.0 6
0.0 6
0.0 6
0.0 6
0.0 6
0.0 6
0.0 6
0.0 6
0.0 6
0.0 6
0.0 6
0.0 6
0.0 6
0.0 6
0.0 6
0.0 6
0.0 6
0.0 6
0.0 6
0.0 6
0.0 6
0.0 6
0.0 6
0.0 6
0.0 6
0.0 6
0.0 6
0.0 6
0.0 6
0.0 6
0.0 6
0.0 6
0.0 6
0.0 6
0.0 7
0.0 7
0.0 7
0.0 7
0.0 7
0.0 7
0.0 7
0.0 7
0.0 7
0.0 7
0.0 7
0.0 7
0.0 7
0.0 7
0.0 7
0.0 7
0.0 7
0.0 7
0.0 7
0.0 7
0.0 7
0.0 7
0.0 7
0.0 7
0.0 7
0.0 7
0.0 7
0.0 7
0.0 7
0.0 7
0.0 7
0.0 7
0.0 7
0.0 7
0.0 7
0.0 7
0.0 7
0.0 7
0.0 7
0.0 7
0.0 7
0.0 7
0.0 7
0.0 7
0.0 7
0.0 8
0.0 8
0.0 8
0.0 8
0.0 8
0.0 8
0.0 8
0.0 8
0.0 8
0.0 8
0.0 8
0.0 8
0.0 8
0.0 8
0.0 8
0.0 8
0.0 8
0.0 8
0.0 8
0.0 8
0.0 8
0.0 8
0.0 8
0.0 8
0.0 8
0.0 8
0.0 8
0.0 8
0.0 8
0.0 8
0.0 8
0.0 8
0.0 8
0.0 8
0.0 8
0.0 8
0.0 8
0.0 8
0.0 8
0.0 8
0.0 8
0.0 8
0.0 8
0.0 9
0.0 9
0.0 9
0.0 9
0.0 9
0.0 9
0.0 9
0.0 9
0.0 9
0.0 9
0.0 9
0.0 9
0.0 9
0.0 9
0.0 9
0.0 9
0.0 9
0.0 9
0.0 9
0.0 9
0.0 9
0.0 9
0.0 9
0.0 9
0.0 9
0.0 9
0.0 9
0.0 9
0.0 9
0.0 9
0.0 9
0.0 9
0.0 9
0.0 9
0.0 9
0.0 9
0.0 9
0.0 9
0.0 9
0.0 9
0.0 9
0.0 10
0.0 10
0.0 10
0.0 10
0.0 10
0.0 10
0.0 10
0.0 10
0.0 10
0.0 10
0.0 10
0.0 10
0.0 10
0.0 10
0.0 10
0.0 10
0.0 10
0.0 10
0.0 10
0.0 10
0.0 10
0.0 10
0.0 10
0.0 10
0.0 10
0.0 10
0.0 10
0.0 10
0.0 10
0.0 10
0.0 10
0.0 10
0.0 10
0.0 10
0.0 10
0.0 10
0.0 10
0.0 10
0.0 10
0.0 10
0.0 10
0.0 11
0.0 11
0.0 11
0.0 11
0.0 11
0.0 11
0.0 11
0.0 11
0.0 11
0.0 11
0.0 11
0.0 11
0.0 11
0.0 11
0.0 11
0.0 11
0.0 11
0.0 11
0.0 11
0.0 11
0.0 11
0.0 11
0.0 11
0.0 11
0.0 11
0.0 11
0.0 11
0.0 11
0.0 11
0.0 11
0.0 11
0.0 11
0.0 11
0.0 11
0.0 11
0.0 11
0.0 11
0.0 11
0.0 11
0.0 11
0.0 12
0.0 12
0.0 12
0.0 12
0.0 12
0.0 12
0.0 12
0.0 12
0.0 12
0.0 12
0.0 12
0.0 12
0.0 12
0.0 12
0.0 12
0.0 12
0.0 12
0.0 12
0.0 12
0.0 12
0.0 12
0.0 12
0.0 12
0.0 12
0.0 12
0.0 12
0.0 12
0.0 12
0.0 12
0.0 12
0.0 12
0.0 12
0.0 12
0.0 12
0.0 12
0.0 12
0.0 12
0.0 12
0.0 13
0.0 13
0.0 13
0.0 13
0.0 13
0.0 13
0.0 13
0.0 13
0.0 13
0.0 13
0.0 13
0.0 13
0.0 13
0.0 13
0.0 13
0.0 13
0.0 13
0.0 13
0.0 13
0.0 13
0.0 13
0.0 13
0.0 13
0.0 13
0.0 13
0.0 13
0.0 13
0.0 13
0.0 13
0.0 13
0.0 13
0.0 13
0.0 13
0.0 13
0.0 13
0.0 13
0.0 13
0.0 13
0.0 14
0.0 14
0.0 14
0.0 14
0.0 14
0.0 14
0.0 14
0.0 14
0.0 14
0.0 14
0.0 14
0.0 14
0.0 14
0.0 14
0.0 14
0.0 14
0.0 14
0.0 14
0.0 14
0.0 14
0.0 14
0.0 14
0.0 14
0.0 14
0.0 14
0.0 14
0.0 14
0.0 14
0.0 14
0.0 14
0.0 14
0.0 14
0.0 14
0.0 14
0.0 14
0.0 14
0.0 14
0.0 14
0.0 15
0.0 15
0.0 15
0.0 15
0.0 15
0.0 15
0.0 15
0.0 15
0.0 15
0.0 15
0.0 15
0.0 15
0.0 15
0.0 15
0.0 15
0.0 15
0.0 15
0.0 15
0.0 15
0.0 15
0.0 15
0.0 15
0.0 15
0.0 15
0.0 15
0.0 15
0.0 15
0.0 15
0.0 15
0.0 15
0.0 15
0.0 15
0.0 15
0.0 15
0.0 15
0.0 15
0.0 15
0.0 16
0.0 16
0.0 16
0.0 16
0.0 16
0.0 16
0.0 16
0.0 16
0.0 16
0.0 16
0.0 16
0.0 16
0.0 16
0.0 16
0.0 16
0.0 16
0.0 16
0.0 16
0.0 16
0.0 16
0.0 16
0.0 16
0.0 16
0.0 16
0.0 16
0.0 16
0.0 16
0.0 16
0.0 16
0.0 16
0.0 16
0.0 16
0.0 16
0.0 16
0.0 16
0.0 16
0.0 16
0.0 17
0.0 17
0.0 17
0.0 17
0.0 17
0.0 17
0.0 17
0.0 17
0.0 17
0.0 17
0.0 17
0.0 17
0.0 17
0.0 17
0.0 17
0.0 17
0.0 17
0.0 17
0.0 17
0.0 17
0.0 17
0.0 17
0.0 17
0.0 17
0.0 17
0.0 17
0.0 17
0.0 17
0.0 17
0.0 17
0.0 17
0.0 17
0.0 17
0.0 17
0.0 17
0.0 17
0.0 17
0.0 18
0.0 18
0.0 18
0.0 18
0.0 18
0.0 18
0.0 18
0.0 18
0.0 18
0.0 18
0.0 18
0.0 18
0.0 18
0.0 18
0.0 18
0.0 18
0.0 18
0.0 18
0.0 18
0.0 18
0.0 18
0.0 18
0.0 18
0.0 18
0.0 18
0.0 18
0.0 18
0.0 18
0.0 18
0.0 18
0.0 18
0.0 18
0.0 18
0.0 18
0.0 18
0.0 18
0.0 19
0.0 19
0.0 19
0.0 19
0.0 19
0.0 19
0.0 19
0.0 19
0.0 19
0.0 19
0.0 19
0.0 19
0.0 19
0.0 19
0.0 19
0.0 19
0.0 19
0.0 19
0.0 19
0.0 19
0.0 19
0.0 19
0.0 19
0.0 19
0.0 19
0.0 19
0.0 19
0.0 19
0.0 19
0.0 19
0.0 19
0.0 19
0.0 19
0.0 19
0.0 19
0.0 19
0.0 20
0.0 20
0.0 20
0.0 20
0.0 20
0.0 20
0.0 20
0.0 20
0.0 20
0.0 20
0.0 20
0.0 20
0.0 20
0.0 20
0.0 20
0.0 20
0.0 20
0.0 20
0.0 20
0.0 20
0.0 20
0.0 20
0.0 20
0.0 20
0.0 20
0.0 20
0.0 20
0.0 20
0.0 20
0.0 20
0.0 20
0.0 20
0.0 20
0.0 20
0.0 20
0.0 21
0.0 21
0.0 21
0.0 21
0.0 21
0.0 21
0.0 21
0.0 21
0.0 21
0.0 21
0.0 21
0.0 21
0.0 21
0.0 21
0.0 21
0.0 21
0.0 21
0.0 21
0.0 21
0.0 21
0.0 21
0.0 21
0.0 21
0.0 21
0.0 21
0.0 21
0.0 21
0.0 21
0.0 21
0.0 21
0.0 21
0.0 21
0.0 21
0.0 21
0.01 22
0.01 22
0.01 22
0.01 22
0.01 22
0.01 22
0.01 22
0.01 22
0.01 22
0.01 22
0.01 22
0.01 22
0.01 22
0.01 22
0.01 22
0.01 22
0.01 22
0.01 22
0.01 22
0.01 22
0.01 22
0.01 22
0.01 22
0.01 22
0.01 22
0.01 22
0.01 22
0.01 22
0.01 22
0.01 22
0.01 22
0.01 22
0.01 22
0.01 22
0.01 23
0.01 23
0.01 23
0.01 23
0.01 23
0.01 23
0.01 23
0.01 23
0.01 23
0.01 23
0.01 23
0.01 23
0.01 23
0.01 23
0.01 23
0.01 23
0.01 23
0.01 23
0.01 23
0.01 23
0.01 23
0.01 23
0.01 23
0.01 23
0.01 23
0.01 23
0.01 23
0.01 23
0.01 23
0.01 23
0.01 23
0.01 23
0.01 23
0.01 23
0.01 24
0.01 24
0.01 24
0.01 24
0.01 24
0.01 24
0.01 24
0.01 24
0.01 24
0.01 24
0.01 24
0.01 24
0.01 24
0.01 24
0.01 24
0.01 24
0.01 24
0.01 24
0.01 24
0.01 24
0.01 24
0.01 24
0.01 24
0.01 24
0.01 24
0.01 24
0.01 24
0.01 24
0.01 24
0.01 24
0.01 24
0.01 24
0.01 24
0.01 25
0.01 25
0.01 25
0.01 25
0.01 25
0.01 25
0.01 25
0.01 25
0.01 25
0.01 25
0.01 25
0.01 25
0.01 25
0.01 25
0.01 25
0.01 25
0.01 25
0.01 25
0.01 25
0.01 25
0.01 25
0.01 25
0.01 25
0.01 25
0.01 25
0.01 25
0.01 25
0.01 25
0.01 25
0.01 25
0.01 25
0.01 25
0.01 25
0.01 26
0.01 26
0.01 26
0.01 26
0.01 26
0.01 26
0.01 26
0.01 26
0.01 26
0.01 26
0.01 26
0.01 26
0.01 26
0.01 26
0.01 26
0.01 26
0.01 26
0.01 26
0.01 26
0.01 26
0.01 26
0.01 26
0.01 26
0.01 26
0.01 26
0.01 26
0.01 26
0.01 26
0.01 26
0.01 26
0.01 26
0.01 26
0.01 27
0.01 27
0.01 27
0.01 27
0.01 27
0.01 27
0.01 27
0.01 27
0.01 27
0.01 27
0.01 27
0.01 27
0.01 27
0.01 27
0.01 27
0.01 27
0.01 27
0.01 27
0.01 27
0.01 27
0.01 27
0.01 27
0.01 27
0.01 27
0.01 27
0.01 27
0.01 27
0.01 27
0.01 27
0.01 27
0.01 27
0.01 27
0.01 28
0.01 28
0.01 28
0.01 28
0.01 28
0.01 28
0.01 28
0.01 28
0.01 28
0.01 28
0.01 28
0.01 28
0.01 28
0.01 28
0.01 28
0.01 28
0.01 28
0.01 28
0.01 28
0.01 28
0.01 28
0.01 28
0.01 28
0.01 28
0.01 28
0.01 28
0.01 28
0.01 28
0.01 28
0.01 28
0.01 28
0.01 28
0.01 29
0.01 29
0.01 29
0.01 29
0.01 29
0.01 29
0.01 29
0.01 29
0.01 29
0.01 29
0.01 29
0.01 29
0.01 29
0.01 29
0.01 29
0.01 29
0.01 29
0.01 29
0.01 29
0.01 29
0.01 29
0.01 29
0.01 29
0.01 29
0.01 29
0.01 29
0.01 29
0.01 29
0.01 29
0.01 29
0.01 29
0.01 30
0.01 30
0.01 30
0.01 30
0.01 30
0.01 30
0.01 30
0.01 30
0.01 30
0.01 30
0.01 30
0.01 30
0.01 30
0.01 30
0.01 30
0.01 30
0.01 30
0.01 30
0.01 30
0.01 30
0.01 30
0.01 30
0.01 30
0.01 30
0.01 30
0.01 30
0.01 30
0.01 30
0.01 30
0.01 30
0.01 30
0.01 31
0.01 31
0.01 31
0.01 31
0.01 31
0.01 31
0.01 31
0.01 31
0.01 31
0.01 31
0.01 31
0.01 31
0.01 31
0.01 31
0.01 31
0.01 31
0.01 31
0.01 31
0.01 31
0.01 31
0.01 31
0.01 31
0.01 31
0.01 31
0.01 31
0.01 31
0.01 31
0.01 31
0.01 31
0.01 31
0.01 31
0.01 32
0.01 32
0.01 32
0.01 32
0.01 32
0.01 32
0.01 32
0.01 32
0.01 32
0.01 32
0.01 32
0.01 32
0.01 32
0.01 32
0.01 32
0.01 32
0.01 32
0.01 32
0.01 32
0.01 32
0.01 32
0.01 32
0.01 32
0.01 32
0.01 32
0.01 32
0.01 32
0.01 32
0.01 32
0.01 32
0.01 33
0.01 33
0.01 33
0.01 33
0.01 33
0.01 33
0.01 33
0.01 33
0.01 33
0.01 33
0.01 33
0.01 33
0.01 33
0.01 33
0.01 33
0.01 33
0.01 33
0.01 33
0.01 33
0.01 33
0.01 33
0.01 33
0.01 33
0.01 33
0.01 33
0.01 33
0.01 33
0.01 33
0.01 33
0.01 33
0.01 34
0.01 34
0.01 34
0.01 34
0.01 34
0.01 34
0.01 34
0.01 34
0.01 34
0.01 34
0.01 34
0.01 34
0.01 34
0.01 34
0.01 34
0.01 34
0.01 34
0.01 34
0.01 34
0.01 34
0.01 34
0.01 34
0.01 34
0.01 34
0.01 34
0.01 34
0.01 34
0.01 34
0.01 34
0.01 35
0.01 35
0.01 35
0.01 35
0.01 35
0.01 35
0.01 35
0.01 35
0.01 35
0.01 35
0.01 35
0.01 35
0.01 35
0.01 35
0.01 35
0.01 35
0.01 35
0.01 35
0.01 35
0.01 35
0.01 35
0.01 35
0.01 35
0.01 35
0.01 35
0.01 35
0.01 35
0.01 35
0.01 35
0.01 36
0.01 36
0.01 36
0.01 36
0.01 36
0.01 36
0.01 36
0.01 36
0.01 36
0.01 36
0.01 36
0.01 36
0.01 36
0.01 36
0.01 36
0.01 36
0.01 36
0.01 36
0.01 36
0.01 36
0.01 36
0.01 36
0.01 36
0.01 36
0.01 36
0.01 36
0.01 36
0.01 36
0.01 36
0.01 37
0.01 37
0.01 37
0.01 37
0.01 37
0.01 37
0.01 37
0.01 37
0.01 37
0.01 37
0.01 37
0.01 37
0.01 37
0.01 37
0.01 37
0.01 37
0.01 37
0.01 37
0.01 37
0.01 37
0.01 37
0.01 37
0.01 37
0.01 37
0.01 37
0.01 37
0.01 37
0.01 37
0.01 37
0.01 38
0.01 38
0.01 38
0.01 38
0.01 38
0.01 38
0.01 38
0.01 38
0.01 38
0.01 38
0.01 38
0.01 38
0.01 38
0.01 38
0.01 38
0.01 38
0.01 38
0.01 38
0.01 38
0.01 38
0.01 38
0.01 38
0.01 38
0.01 38
0.01 38
0.01 38
0.01 38
0.01 38
0.01 39
0.01 39
0.01 39
0.01 39
0.01 39
0.01 39
0.01 39
0.01 39
0.01 39
0.01 39
0.01 39
0.01 39
0.01 39
0.01 39
0.01 39
0.01 39
0.01 39
0.01 39
0.01 39
0.01 39
0.01 39
0.01 39
0.01 39
0.01 39
0.01 39
0.01 39
0.01 39
0.01 39
0.01 40
0.01 40
0.01 40
0.01 40
0.01 40
0.01 40
0.01 40
0.01 40
0.01 40
0.01 40
0.01 40
0.01 40
0.01 40
0.01 40
0.01 40
0.01 40
0.01 40
0.01 40
0.01 40
0.01 40
0.01 40
0.01 40
0.01 40
0.01 40
0.01 40
0.01 40
0.01 40
0.01 40
0.01 41
0.01 41
0.01 41
0.01 41
0.01 41
0.01 41
0.01 41
0.01 41
0.01 41
0.01 41
0.01 41
0.01 41
0.01 41
0.01 41
0.01 41
0.01 41
0.01 41
0.01 41
0.01 41
0.01 41
0.01 41
0.01 41
0.01 41
0.01 41
0.01 41
0.01 41
0.01 41
0.01 41
0.01 42
0.01 42
0.01 42
0.01 42
0.01 42
0.01 42
0.01 42
0.01 42
0.01 42
0.01 42
0.01 42
0.01 42
0.01 42
0.01 42
0.01 42
0.01 42
0.01 42
0.01 42
0.01 42
0.01 42
0.01 42
0.01 42
0.01 42
0.01 42
0.01 42
0.01 42
0.01 42
0.01 43
0.01 43
0.01 43
0.01 43
0.01 43
0.01 43
0.01 43
0.01 43
0.01 43
0.01 43
0.01 43
0.01 43
0.01 43
0.01 43
0.01 43
0.01 43
0.01 43
0.01 43
0.01 43
0.01 43
0.01 43
0.01 43
0.01 43
0.01 43
0.01 43
0.01 43
0.01 43
0.01 44
0.01 44
0.01 44
0.01 44
0.01 44
0.01 44
0.01 44
0.01 44
0.01 44
0.01 44
0.01 44
0.01 44
0.01 44
0.01 44
0.01 44
0.01 44
0.01 44
0.01 44
0.01 44
0.01 44
0.01 44
0.01 44
0.01 44
0.01 44
0.01 44
0.01 44
0.01 44
0.01 45
0.01 45
0.01 45
0.01 45
0.01 45
0.01 45
0.01 45
0.01 45
0.01 45
0.01 45
0.01 45
0.01 45
0.01 45
0.01 45
0.01 45
0.01 45
0.01 45
0.01 45
0.01 45
0.01 45
0.01 45
0.01 45
0.01 45
0.01 45
0.01 45
0.01 45
0.01 46
0.01 46
0.01 46
0.01 46
0.01 46
0.01 46
0.01 46
0.01 46
0.01 46
0.01 46
0.01 46
0.01 46
0.01 46
0.01 46
0.01 46
0.01 46
0.01 46
0.01 46
0.01 46
0.01 46
0.01 46
0.01 46
0.01 46
0.01 46
0.01 46
0.01 46
0.01 47
0.01 47
0.01 47
0.01 47
0.01 47
0.01 47
0.01 47
0.01 47
0.01 47
0.01 47
0.01 47
0.01 47
0.01 47
0.01 47
0.01 47
0.01 47
0.01 47
0.01 47
0.01 47
0.01 47
0.01 47
0.01 47
0.01 47
0.01 47
0.01 47
0.01 47
0.01 48
0.01 48
0.01 48
0.01 48
0.01 48
0.01 48
0.01 48
0.01 48
0.01 48
0.01 48
0.01 48
0.01 48
0.01 48
0.01 48
0.01 48
0.01 48
0.01 48
0.01 48
0.01 48
0.01 48
0.01 48
0.01 48
0.01 48
0.01 48
0.01 48
0.01 48
0.01 49
0.01 49
0.01 49
0.01 49
0.01 49
0.01 49
0.01 49
0.01 49
0.01 49
0.01 49
0.01 49
0.01 49
0.01 49
0.01 49
0.01 49
0.01 49
0.01 49
0.01 49
0.01 49
0.01 49
0.01 49
0.01 49
0.01 49
0.01 49
0.01 49
0.01 49
0.01 50
0.01 50
0.01 50
0.01 50
0.01 50
0.01 50
0.01 50
0.01 50
0.01 50
0.01 50
0.01 50
0.01 50
0.01 50
0.01 50
0.01 50
0.01 50
0.01 50
0.01 50
0.01 50
0.01 50
0.01 50
0.01 50
0.01 50
0.01 50
0.01 50
0.01 50
0.01 51
0.01 51
0.01 51
0.01 51
0.01 51
0.01 51
0.01 51
0.01 51
0.01 51
0.01 51
0.01 51
0.01 51
0.01 51
0.01 51
0.01 51
0.01 51
0.01 51
0.01 51
0.01 51
0.01 51
0.01 51
0.01 51
0.01 51
0.01 51
0.01 51
0.01 51
0.01 52
0.01 52
0.01 52
0.01 52
0.01 52
0.01 52
0.01 52
0.01 52
0.01 52
0.01 52
0.01 52
0.01 52
0.01 52
0.01 52
0.01 52
0.01 52
0.01 52
0.01 52
0.01 52
0.01 52
0.01 52
0.01 52
0.01 52
0.01 52
0.01 52
0.01 53
0.01 53
0.01 53
0.01 53
0.01 53
0.01 53
0.01 53
0.01 53
0.01 53
0.01 53
0.01 53
0.01 53
0.01 53
0.01 53
0.01 53
0.01 53
0.01 53
0.01 53
0.01 53
0.01 53
0.01 53
0.01 53
0.01 53
0.01 53
0.01 53
0.01 54
0.01 54
0.01 54
0.01 54
0.01 54
0.01 54
0.01 54
0.01 54
0.01 54
0.01 54
0.01 54
0.01 54
0.01 54
0.01 54
0.01 54
0.01 54
0.01 54
0.01 54
0.01 54
0.01 54
0.01 54
0.01 54
0.01 54
0.01 54
0.01 55
0.01 55
0.01 55
0.01 55
0.01 55
0.01 55
0.01 55
0.01 55
0.01 55
0.01 55
0.01 55
0.01 55
0.01 55
0.01 55
0.01 55
0.01 55
0.01 55
0.01 55
0.01 55
0.01 55
0.01 55
0.01 55
0.01 55
0.01 55
0.01 56
0.01 56
0.01 56
0.01 56
0.01 56
0.01 56
0.01 56
0.01 56
0.01 56
0.01 56
0.01 56
0.01 56
0.01 56
0.01 56
0.01 56
0.01 56
0.01 56
0.01 56
0.01 56
0.01 56
0.01 56
0.01 56
0.01 56
0.01 56
0.01 57
0.01 57
0.01 57
0.01 57
0.01 57
0.01 57
0.01 57
0.01 57
0.01 57
0.01 57
0.01 57
0.01 57
0.01 57
0.01 57
0.01 57
0.01 57
0.01 57
0.01 57
0.01 57
0.01 57
0.01 57
0.01 57
0.01 57
0.01 57
0.01 58
0.01 58
0.01 58
0.01 58
0.01 58
0.01 58
0.01 58
0.01 58
0.01 58
0.01 58
0.01 58
0.01 58
0.01 58
0.01 58
0.01 58
0.01 58
0.01 58
0.01 58
0.01 58
0.01 58
0.01 58
0.01 58
0.01 58
0.01 59
0.01 59
0.01 59
0.01 59
0.01 59
0.01 59
0.01 59
0.01 59
0.01 59
0.01 59
0.01 59
0.01 59
0.01 59
0.01 59
0.01 59
0.01 59
0.01 59
0.01 59
0.01 59
0.01 59
0.01 59
0.01 59
0.01 59
0.01 60
0.01 60
0.01 60
0.01 60
0.01 60
0.01 60
0.01 60
0.01 60
0.01 60
0.01 60
0.01 60
0.01 60
0.01 60
0.01 60
0.01 60
0.01 60
0.01 60
0.01 60
0.01 60
0.01 60
0.01 60
0.01 60
0.01 60
0.01 61
0.01 61
0.01 61
0.01 61
0.01 61
0.01 61
0.01 61
0.01 61
0.01 61
0.01 61
0.01 61
0.01 61
0.01 61
0.01 61
0.01 61
0.01 61
0.01 61
0.01 61
0.01 61
0.01 61
0.01 61
0.01 61
0.01 61
0.01 62
0.01 62
0.01 62
0.01 62
0.01 62
0.01 62
0.01 62
0.01 62
0.01 62
0.01 62
0.01 62
0.01 62
0.01 62
0.01 62
0.01 62
0.01 62
0.01 62
0.01 62
0.01 62
0.01 62
0.01 62
0.01 62
0.01 62
0.01 63
0.01 63
0.01 63
0.01 63
0.01 63
0.01 63
0.01 63
0.01 63
0.01 63
0.01 63
0.01 63
0.01 63
0.01 63
0.01 63
0.01 63
0.01 63
0.01 63
0.01 63
0.01 63
0.01 63
0.01 63
0.01 63
0.01 64
0.01 64
0.01 64
0.01 64
0.01 64
0.01 64
0.01 64
0.01 64
0.01 64
0.01 64
0.01 64
0.01 64
0.01 64
0.01 64
0.01 64
0.01 64
0.01 64
0.01 64
0.01 64
0.01 64
0.01 64
0.01 64
0.01 65
0.01 65
0.01 65
0.01 65
0.01 65
0.01 65
0.01 65
0.01 65
0.01 65
0.01 65
0.01 65
0.01 65
0.01 65
0.01 65
0.01 65
0.01 65
0.01 65
0.01 65
0.01 65
0.01 65
0.01 65
0.01 65
0.01 66
0.01 66
0.01 66
0.01 66
0.01 66
0.01 66
0.01 66
0.01 66
0.01 66
0.01 66
0.01 66
0.01 66
0.01 66
0.01 66
0.01 66
0.01 66
0.01 66
0.01 66
0.01 66
0.01 66
0.01 66
0.01 67
0.01 67
0.01 67
0.01 67
0.01 67
0.01 67
0.01 67
0.01 67
0.01 67
0.01 67
0.01 67
0.01 67
0.01 67
0.01 67
0.01 67
0.01 67
0.01 67
0.01 67
0.01 67
0.01 67
0.01 67
0.01 68
0.01 68
0.01 68
0.01 68
0.01 68
0.01 68
0.01 68
0.01 68
0.01 68
0.01 68
0.01 68
0.01 68
0.01 68
0.01 68
0.01 68
0.01 68
0.01 68
0.01 68
0.01 68
0.01 68
0.01 68
0.01 69
0.01 69
0.01 69
0.01 69
0.01 69
0.01 69
0.01 69
0.01 69
0.01 69
0.01 69
0.01 69
0.01 69
0.01 69
0.01 69
0.01 69
0.01 69
0.01 69
0.01 69
0.01 69
0.01 69
0.01 69
0.01 70
0.01 70
0.01 70
0.01 70
0.01 70
0.01 70
0.01 70
0.01 70
0.01 70
0.01 70
0.01 70
0.01 70
0.01 70
0.01 70
0.01 70
0.01 70
0.01 70
0.01 70
0.01 70
0.01 70
0.01 71
0.01 71
0.01 71
0.01 71
0.01 71
0.01 71
0.01 71
0.01 71
0.01 71
0.01 71
0.01 71
0.01 71
0.01 71
0.01 71
0.01 71
0.01 71
0.01 71
0.01 71
0.01 71
0.01 71
0.01 72
0.01 72
0.01 72
0.01 72
0.01 72
0.01 72
0.01 72
0.01 72
0.01 72
0.01 72
0.01 72
0.01 72
0.01 72
0.01 72
0.01 72
0.01 72
0.01 72
0.01 72
0.01 72
0.01 72
0.01 73
0.01 73
0.01 73
0.01 73
0.01 73
0.01 73
0.01 73
0.01 73
0.01 73
0.01 73
0.01 73
0.01 73
0.01 73
0.01 73
0.01 73
0.01 73
0.01 73
0.01 73
0.01 73
0.01 73
0.01 74
0.01 74
0.01 74
0.01 74
0.01 74
0.01 74
0.01 74
0.01 74
0.01 74
0.01 74
0.01 74
0.01 74
0.01 74
0.01 74
0.01 74
0.01 74
0.01 74
0.01 74
0.01 74
0.01 74
0.02 75
0.02 75
0.02 75
0.02 75
0.02 75
0.02 75
0.02 75
0.02 75
0.02 75
0.02 75
0.02 75
0.02 75
0.02 75
0.02 75
0.02 75
0.02 75
0.02 75
0.02 75
0.02 75
0.02 75
0.02 76
0.02 76
0.02 76
0.02 76
0.02 76
0.02 76
0.02 76
0.02 76
0.02 76
0.02 76
0.02 76
0.02 76
0.02 76
0.02 76
0.02 76
0.02 76
0.02 76
0.02 76
0.02 76
0.02 76
0.02 77
0.02 77
0.02 77
0.02 77
0.02 77
0.02 77
0.02 77
0.02 77
0.02 77
0.02 77
0.02 77
0.02 77
0.02 77
0.02 77
0.02 77
0.02 77
0.02 77
0.02 77
0.02 77
0.02 77
0.02 78
0.02 78
0.02 78
0.02 78
0.02 78
0.02 78
0.02 78
0.02 78
0.02 78
0.02 78
0.02 78
0.02 78
0.02 78
0.02 78
0.02 78
0.02 78
0.02 78
0.02 78
0.02 78
0.02 79
0.02 79
0.02 79
0.02 79
0.02 79
0.02 79
0.02 79
0.02 79
0.02 79
0.02 79
0.02 79
0.02 79
0.02 79
0.02 79
0.02 79
0.02 79
0.02 79
0.02 79
0.02 79
0.02 80
0.02 80
0.02 80
0.02 80
0.02 80
0.02 80
0.02 80
0.02 80
0.02 80
0.02 80
0.02 80
0.02 80
0.02 80
0.02 80
0.02 80
0.02 80
0.02 80
0.02 80
0.02 80
0.02 81
0.02 81
0.02 81
0.02 81
0.02 81
0.02 81
0.02 81
0.02 81
0.02 81
0.02 81
0.02 81
0.02 81
0.02 81
0.02 81
0.02 81
0.02 81
0.02 81
0.02 81
0.02 81
0.02 82
0.02 82
0.02 82
0.02 82
0.02 82
0.02 82
0.02 82
0.02 82
0.02 82
0.02 82
0.02 82
0.02 82
0.02 82
0.02 82
0.02 82
0.02 82
0.02 82
0.02 82
0.02 82
0.02 83
0.02 83
0.02 83
0.02 83
0.02 83
0.02 83
0.02 83
0.02 83
0.02 83
0.02 83
0.02 83
0.02 83
0.02 83
0.02 83
0.02 83
0.02 83
0.02 83
0.02 83
0.02 83
0.02 84
0.02 84
0.02 84
0.02 84
0.02 84
0.02 84
0.02 84
0.02 84
0.02 84
0.02 84
0.02 84
0.02 84
0.02 84
0.02 84
0.02 84
0.02 84
0.02 84
0.02 84
0.02 85
0.02 85
0.02 85
0.02 85
0.02 85
0.02 85
0.02 85
0.02 85
0.02 85
0.02 85
0.02 85
0.02 85
0.02 85
0.02 85
0.02 85
0.02 85
0.02 85
0.02 85
0.02 86
0.02 86
0.02 86
0.02 86
0.02 86
0.02 86
0.02 86
0.02 86
0.02 86
0.02 86
0.02 86
0.02 86
0.02 86
0.02 86
0.02 86
0.02 86
0.02 86
0.02 86
0.02 87
0.02 87
0.02 87
0.02 87
0.02 87
0.02 87
0.02 87
0.02 87
0.02 87
0.02 87
0.02 87
0.02 87
0.02 87
0.02 87
0.02 87
0.02 87
0.02 87
0.02 87
0.02 88
0.02 88
0.02 88
0.02 88
0.02 88
0.02 88
0.02 88
0.02 88
0.02 88
0.02 88
0.02 88
0.02 88
0.02 88
0.02 88
0.02 88
0.02 88
0.02 88
0.02 88
0.02 89
0.02 89
0.02 89
0.02 89
0.02 89
0.02 89
0.02 89
0.02 89
0.02 89
0.02 89
0.02 89
0.02 89
0.02 89
0.02 89
0.02 89
0.02 89
0.02 89
0.02 89
0.02 90
0.02 90
0.02 90
0.02 90
0.02 90
0.02 90
0.02 90
0.02 90
0.02 90
0.02 90
0.02 90
0.02 90
0.02 90
0.02 90
0.02 90
0.02 90
0.02 90
0.02 90
0.02 91
0.02 91
0.02 91
0.02 91
0.02 91
0.02 91
0.02 91
0.02 91
0.02 91
0.02 91
0.02 91
0.02 91
0.02 91
0.02 91
0.02 91
0.02 91
0.02 91
0.02 91
0.02 92
0.02 92
0.02 92
0.02 92
0.02 92
0.02 92
0.02 92
0.02 92
0.02 92
0.02 92
0.02 92
0.02 92
0.02 92
0.02 92
0.02 92
0.02 92
0.02 92
0.02 92
0.02 93
0.02 93
0.02 93
0.02 93
0.02 93
0.02 93
0.02 93
0.02 93
0.02 93
0.02 93
0.02 93
0.02 93
0.02 93
0.02 93
0.02 93
0.02 93
0.02 93
0.02 93
0.02 94
0.02 94
0.02 94
0.02 94
0.02 94
0.02 94
0.02 94
0.02 94
0.02 94
0.02 94
0.02 94
0.02 94
0.02 94
0.02 94
0.02 94
0.02 94
0.02 94
0.02 94
0.02 95
0.02 95
0.02 95
0.02 95
0.02 95
0.02 95
0.02 95
0.02 95
0.02 95
0.02 95
0.02 95
0.02 95
0.02 95
0.02 95
0.02 95
0.02 95
0.02 95
0.02 96
0.02 96
0.02 96
0.02 96
0.02 96
0.02 96
0.02 96
0.02 96
0.02 96
0.02 96
0.02 96
0.02 96
0.02 96
0.02 96
0.02 96
0.02 96
0.02 96
0.02 97
0.02 97
0.02 97
0.02 97
0.02 97
0.02 97
0.02 97
0.02 97
0.02 97
0.02 97
0.02 97
0.02 97
0.02 97
0.02 97
0.02 97
0.02 97
0.02 97
0.02 98
0.02 98
0.02 98
0.02 98
0.02 98
0.02 98
0.02 98
0.02 98
0.02 98
0.02 98
0.02 98
0.02 98
0.02 98
0.02 98
0.02 98
0.02 98
0.02 98
0.02 99
0.02 99
0.02 99
0.02 99
0.02 99
0.02 99
0.02 99
0.02 99
0.02 99
0.02 99
0.02 99
0.02 99
0.02 99
0.02 99
0.02 99
0.02 99
0.02 99
0.02 100
0.02 100
0.02 100
0.02 100
0.02 100
0.02 100
0.02 100
0.02 100
0.02 100
0.02 100
0.02 100
0.02 100
0.02 100
0.02 100
0.02 100
0.02 100
0.02 100
0.02 101
0.02 101
0.02 101
0.02 101
0.02 101
0.02 101
0.02 101
0.02 101
0.02 101
0.02 101
0.02 101
0.02 101
0.02 101
0.02 101
0.02 101
0.02 101
0.02 101
0.02 102
0.02 102
0.02 102
0.02 102
0.02 102
0.02 102
0.02 102
0.02 102
0.02 102
0.02 102
0.02 102
0.02 102
0.02 102
0.02 102
0.02 102
0.02 102
0.02 102
0.02 103
0.02 103
0.02 103
0.02 103
0.02 103
0.02 103
0.02 103
0.02 103
0.02 103
0.02 103
0.02 103
0.02 103
0.02 103
0.02 103
0.02 103
0.02 103
0.02 103
0.02 104
0.02 104
0.02 104
0.02 104
0.02 104
0.02 104
0.02 104
0.02 104
0.02 104
0.02 104
0.02 104
0.02 104
0.02 104
0.02 104
0.02 104
0.02 104
0.02 104
0.02 105
0.02 105
0.02 105
0.02 105
0.02 105
0.02 105
0.02 105
0.02 105
0.02 105
0.02 105
0.02 105
0.02 105
0.02 105
0.02 105
0.02 105
0.02 105
0.02 106
0.02 106
0.02 106
0.02 106
0.02 106
0.02 106
0.02 106
0.02 106
0.02 106
0.02 106
0.02 106
0.02 106
0.02 106
0.02 106
0.02 106
0.02 106
0.02 107
0.02 107
0.02 107
0.02 107
0.02 107
0.02 107
0.02 107
0.02 107
0.02 107
0.02 107
0.02 107
0.02 107
0.02 107
0.02 107
0.02 107
0.02 107
0.02 108
0.02 108
0.02 108
0.02 108
0.02 108
0.02 108
0.02 108
0.02 108
0.02 108
0.02 108
0.02 108
0.02 108
0.02 108
0.02 108
0.02 108
0.02 108
0.02 109
0.02 109
0.02 109
0.02 109
0.02 109
0.02 109
0.02 109
0.02 109
0.02 109
0.02 109
0.02 109
0.02 109
0.02 109
0.02 109
0.02 109
0.02 109
0.02 110
0.02 110
0.02 110
0.02 110
0.02 110
0.02 110
0.02 110
0.02 110
0.02 110
0.02 110
0.02 110
0.02 110
0.02 110
0.02 110
0.02 110
0.02 110
0.02 111
0.02 111
0.02 111
0.02 111
0.02 111
0.02 111
0.02 111
0.02 111
0.02 111
0.02 111
0.02 111
0.02 111
0.02 111
0.02 111
0.02 111
0.02 112
0.02 112
0.02 112
0.02 112
0.02 112
0.02 112
0.02 112
0.02 112
0.02 112
0.02 112
0.02 112
0.02 112
0.02 112
0.02 112
0.02 112
0.02 113
0.02 113
0.02 113
0.02 113
0.02 113
0.02 113
0.02 113
0.02 113
0.02 113
0.02 113
0.02 113
0.02 113
0.02 113
0.02 113
0.02 113
0.02 114
0.02 114
0.02 114
0.02 114
0.02 114
0.02 114
0.02 114
0.02 114
0.02 114
0.02 114
0.02 114
0.02 114
0.02 114
0.02 114
0.02 114
0.02 115
0.02 115
0.02 115
0.02 115
0.02 115
0.02 115
0.02 115
0.02 115
0.02 115
0.02 115
0.02 115
0.02 115
0.02 115
0.02 115
0.02 115
0.02 116
0.02 116
0.02 116
0.02 116
0.02 116
0.02 116
0.02 116
0.02 116
0.02 116
0.02 116
0.02 116
0.02 116
0.02 116
0.02 116
0.02 116
0.02 117
0.02 117
0.02 117
0.02 117
0.02 117
0.02 117
0.02 117
0.02 117
0.02 117
0.02 117
0.02 117
0.02 117
0.02 117
0.02 117
0.02 117
0.02 118
0.02 118
0.02 118
0.02 118
0.02 118
0.02 118
0.02 118
0.02 118
0.02 118
0.02 118
0.02 118
0.02 118
0.02 118
0.02 118
0.02 118
0.02 119
0.02 119
0.02 119
0.02 119
0.02 119
0.02 119
0.02 119
0.02 119
0.02 119
0.02 119
0.02 119
0.02 119
0.02 119
0.02 119
0.02 119
0.02 120
0.02 120
0.02 120
0.02 120
0.02 120
0.02 120
0.02 120
0.02 120
0.02 120
0.02 120
0.02 120
0.02 120
0.02 120
0.02 120
0.02 121
0.02 121
0.02 121
0.02 121
0.02 121
0.02 121
0.02 121
0.02 121
0.02 121
0.02 121
0.02 121
0.02 121
0.02 121
0.02 121
0.02 122
0.02 122
0.02 122
0.02 122
0.02 122
0.02 122
0.02 122
0.02 122
0.02 122
0.02 122
0.02 122
0.02 122
0.02 122
0.02 122
0.02 123
0.02 123
0.02 123
0.02 123
0.02 123
0.02 123
0.02 123
0.02 123
0.02 123
0.02 123
0.02 123
0.02 123
0.02 123
0.02 123
0.02 124
0.02 124
0.02 124
0.02 124
0.02 124
0.02 124
0.02 124
0.02 124
0.02 124
0.02 124
0.02 124
0.02 124
0.02 124
0.02 124
0.02 125
0.02 125
0.02 125
0.02 125
0.02 125
0.02 125
0.02 125
0.02 125
0.02 125
0.02 125
0.02 125
0.02 125
0.02 125
0.02 125
0.02 126
0.02 126
0.02 126
0.02 126
0.02 126
0.02 126
0.02 126
0.02 126
0.02 126
0.02 126
0.02 126
0.02 126
0.02 126
0.02 126
0.02 127
0.02 127
0.02 127
0.02 127
0.02 127
0.02 127
0.02 127
0.02 127
0.02 127
0.02 127
0.02 127
0.02 127
0.02 127
0.02 127
0.02 128
0.02 128
0.02 128
0.02 128
0.02 128
0.02 128
0.02 128
0.02 128
0.02 128
0.02 128
0.02 128
0.02 128
0.02 128
0.02 128
0.02 129
0.02 129
0.02 129
0.02 129
0.02 129
0.02 129
0.02 129
0.02 129
0.02 129
0.02 129
0.02 129
0.02 129
0.02 129
0.02 129
0.02 130
0.02 130
0.02 130
0.02 130
0.02 130
0.02 130
0.02 130
0.02 130
0.02 130
0.02 130
0.02 130
0.02 130
0.02 130
0.02 130
0.02 131
0.02 131
0.02 131
0.02 131
0.02 131
0.02 131
0.02 131
0.02 131
0.02 131
0.02 131
0.02 131
0.02 131
0.02 131
0.02 131
0.02 132
0.02 132
0.02 132
0.02 132
0.02 132
0.02 132
0.02 132
0.02 132
0.02 132
0.02 132
0.02 132
0.02 132
0.02 132
0.02 132
0.02 133
0.02 133
0.02 133
0.02 133
0.02 133
0.02 133
0.03 133
0.03 133
0.03 133
0.03 133
0.03 133
0.03 133
0.03 133
0.03 133
0.03 134
0.03 134
0.03 134
0.03 134
0.03 134
0.03 134
0.03 134
0.03 134
0.03 134
0.03 134
0.03 134
0.03 134
0.03 134
0.03 134
0.03 135
0.03 135
0.03 135
0.03 135
0.03 135
0.03 135
0.03 135
0.03 135
0.03 135
0.03 135
0.03 135
0.03 135
0.03 135
0.03 136
0.03 136
0.03 136
0.03 136
0.03 136
0.03 136
0.03 136
0.03 136
0.03 136
0.03 136
0.03 136
0.03 136
0.03 136
0.03 137
0.03 137
0.03 137
0.03 137
0.03 137
0.03 137
0.03 137
0.03 137
0.03 137
0.03 137
0.03 137
0.03 137
0.03 137
0.03 138
0.03 138
0.03 138
0.03 138
0.03 138
0.03 138
0.03 138
0.03 138
0.03 138
0.03 138
0.03 138
0.03 138
0.03 138
0.03 139
0.03 139
0.03 139
0.03 139
0.03 139
0.03 139
0.03 139
0.03 139
0.03 139
0.03 139
0.03 139
0.03 139
0.03 139
0.03 140
0.03 140
0.03 140
0.03 140
0.03 140
0.03 140
0.03 140
0.03 140
0.03 140
0.03 140
0.03 140
0.03 140
0.03 140
0.03 141
0.03 141
0.03 141
0.03 141
0.03 141
0.03 141
0.03 141
0.03 141
0.03 141
0.03 141
0.03 141
0.03 141
0.03 141
0.03 142
0.03 142
0.03 142
0.03 142
0.03 142
0.03 142
0.03 142
0.03 142
0.03 142
0.03 142
0.03 142
0.03 142
0.03 142
0.03 143
0.03 143
0.03 143
0.03 143
0.03 143
0.03 143
0.03 143
0.03 143
0.03 143
0.03 143
0.03 143
0.03 143
0.03 144
0.03 144
0.03 144
0.03 144
0.03 144
0.03 144
0.03 144
0.03 144
0.03 144
0.03 144
0.03 144
0.03 144
0.03 145
0.03 145
0.03 145
0.03 145
0.03 145
0.03 145
0.03 145
0.03 145
0.03 145
0.03 145
0.03 145
0.03 145
0.03 146
0.03 146
0.03 146
0.03 146
0.03 146
0.03 146
0.03 146
0.03 146
0.03 146
0.03 146
0.03 146
0.03 146
0.03 147
0.03 147
0.03 147
0.03 147
0.03 147
0.03 147
0.03 147
0.03 147
0.03 147
0.03 147
0.03 147
0.03 147
0.03 148
0.03 148
0.03 148
0.03 148
0.03 148
0.03 148
0.03 148
0.03 148
0.03 148
0.03 148
0.03 148
0.03 148
0.03 149
0.03 149
0.03 149
0.03 149
0.03 149
0.03 149
0.03 149
0.03 149
0.03 149
0.03 149
0.03 149
0.03 149
0.03 150
0.03 150
0.03 150
0.03 150
0.03 150
0.03 150
0.03 150
0.03 150
0.03 150
0.03 150
0.03 150
0.03 150
0.03 151
0.03 151
0.03 151
0.03 151
0.03 151
0.03 151
0.03 151
0.03 151
0.03 151
0.03 151
0.03 151
0.03 151
0.03 152
0.03 152
0.03 152
0.03 152
0.03 152
0.03 152
0.03 152
0.03 152
0.03 152
0.03 152
0.03 152
0.03 152
0.03 153
0.03 153
0.03 153
0.03 153
0.03 153
0.03 153
0.03 153
0.03 153
0.03 153
0.03 153
0.03 153
0.03 154
0.03 154
0.03 154
0.03 154
0.03 154
0.03 154
0.03 154
0.03 154
0.03 154
0.03 154
0.03 154
0.03 155
0.03 155
0.03 155
0.03 155
0.03 155
0.03 155
0.03 155
0.03 155
0.03 155
0.03 155
0.03 155
0.03 156
0.03 156
0.03 156
0.03 156
0.03 156
0.03 156
0.03 156
0.03 156
0.03 156
0.03 156
0.03 156
0.03 157
0.03 157
0.03 157
0.03 157
0.03 157
0.03 157
0.03 157
0.03 157
0.03 157
0.03 157
0.03 157
0.03 158
0.03 158
0.03 158
0.03 158
0.03 158
0.03 158
0.03 158
0.03 158
0.03 158
0.03 158
0.03 158
0.03 159
0.03 159
0.03 159
0.03 159
0.03 159
0.03 159
0.03 159
0.03 159
0.03 159
0.03 159
0.03 159
0.03 160
0.03 160
0.03 160
0.03 160
0.03 160
0.03 160
0.03 160
0.03 160
0.03 160
0.03 160
0.03 160
0.03 161
0.03 161
0.03 161
0.03 161
0.03 161
0.03 161
0.03 161
0.03 161
0.03 161
0.03 161
0.03 161
0.03 162
0.03 162
0.03 162
0.03 162
0.03 162
0.03 162
0.03 162
0.03 162
0.03 162
0.03 162
0.03 162
0.03 163
0.03 163
0.03 163
0.03 163
0.03 163
0.03 163
0.03 163
0.03 163
0.03 163
0.03 163
0.03 163
0.03 164
0.03 164
0.03 164
0.03 164
0.03 164
0.03 164
0.03 164
0.03 164
0.03 164
0.03 164
0.03 164
0.03 165
0.03 165
0.03 165
0.03 165
0.03 165
0.03 165
0.03 165
0.03 165
0.03 165
0.03 165
0.03 165
0.03 166
0.03 166
0.03 166
0.03 166
0.03 166
0.03 166
0.03 166
0.03 166
0.03 166
0.03 166
0.03 166
0.03 167
0.03 167
0.03 167
0.03 167
0.03 167
0.03 167
0.03 167
0.03 167
0.03 167
0.03 167
0.03 167
0.03 168
0.03 168
0.03 168
0.03 168
0.03 168
0.03 168
0.03 168
0.03 168
0.03 168
0.03 168
0.03 168
0.03 169
0.03 169
0.03 169
0.03 169
0.03 169
0.03 169
0.03 169
0.03 169
0.03 169
0.03 169
0.03 169
0.03 170
0.03 170
0.03 170
0.03 170
0.03 170
0.03 170
0.03 170
0.03 170
0.03 170
0.03 170
0.03 170
0.03 171
0.03 171
0.03 171
0.03 171
0.03 171
0.03 171
0.03 171
0.03 171
0.03 171
0.03 171
0.03 171
0.03 172
0.03 172
0.03 172
0.03 172
0.03 172
0.03 172
0.03 172
0.03 172
0.03 172
0.03 172
0.03 172
0.03 173
0.03 173
0.03 173
0.03 173
0.03 173
0.03 173
0.03 173
0.03 173
0.03 173
0.03 173
0.03 174
0.03 174
0.03 174
0.03 174
0.03 174
0.03 174
0.03 174
0.03 174
0.03 174
0.03 174
0.03 175
0.03 175
0.03 175
0.03 175
0.03 175
0.03 175
0.03 175
0.03 175
0.03 175
0.03 175
0.03 176
0.03 176
0.03 176
0.03 176
0.03 176
0.03 176
0.03 176
0.03 176
0.03 176
0.03 176
0.03 177
0.03 177
0.03 177
0.03 177
0.03 177
0.03 177
0.03 177
0.03 177
0.03 177
0.03 177
0.03 178
0.03 178
0.03 178
0.03 178
0.03 178
0.03 178
0.03 178
0.03 178
0.03 178
0.03 178
0.03 179
0.03 179
0.03 179
0.03 179
0.03 179
0.03 179
0.03 179
0.03 179
0.03 179
0.03 179
0.03 180
0.03 180
0.03 180
0.03 180
0.03 180
0.03 180
0.03 180
0.03 180
0.03 180
0.03 180
0.03 181
0.03 181
0.03 181
0.03 181
0.03 181
0.03 181
0.03 181
0.03 181
0.03 181
0.03 181
0.03 182
0.03 182
0.03 182
0.03 182
0.03 182
0.03 182
0.03 182
0.03 182
0.03 182
0.03 182
0.03 183
0.03 183
0.03 183
0.03 183
0.03 183
0.03 183
0.03 183
0.03 183
0.03 183
0.03 183
0.03 184
0.03 184
0.03 184
0.03 184
0.03 184
0.03 184
0.03 184
0.03 184
0.03 184
0.03 184
0.03 185
0.03 185
0.03 185
0.03 185
0.03 185
0.03 185
0.03 185
0.03 185
0.03 185
0.03 185
0.03 186
0.03 186
0.03 186
0.03 186
0.03 186
0.03 186
0.03 186
0.03 186
0.03 186
0.03 186
0.03 187
0.03 187
0.03 187
0.03 187
0.03 187
0.03 187
0.03 187
0.03 187
0.03 187
0.03 187
0.03 188
0.03 188
0.03 188
0.03 188
0.03 188
0.03 188
0.03 188
0.03 188
0.03 188
0.03 188
0.03 189
0.03 189
0.03 189
0.03 189
0.03 189
0.03 189
0.03 189
0.03 189
0.03 189
0.03 189
0.03 190
0.03 190
0.03 190
0.03 190
0.03 190
0.03 190
0.03 190
0.03 190
0.03 190
0.03 190
0.03 191
0.03 191
0.03 191
0.03 191
0.03 191
0.03 191
0.03 191
0.03 191
0.03 191
0.03 191
0.03 192
0.03 192
0.03 192
0.03 192
0.03 192
0.03 192
0.03 192
0.03 192
0.03 192
0.03 192
0.03 193
0.03 193
0.03 193
0.03 193
0.03 193
0.03 193
0.03 193
0.03 193
0.03 193
0.03 193
0.03 194
0.03 194
0.03 194
0.03 194
0.03 194
0.03 194
0.03 194
0.03 194
0.03 194
0.03 195
0.03 195
0.03 195
0.03 195
0.03 195
0.03 195
0.03 195
0.03 195
0.03 195
0.03 196
0.03 196
0.03 196
0.03 196
0.03 196
0.03 196
0.03 196
0.03 196
0.03 196
0.04 197
0.04 197
0.04 197
0.04 197
0.04 197
0.04 197
0.04 197
0.04 197
0.04 197
0.04 198
0.04 198
0.04 198
0.04 198
0.04 198
0.04 198
0.04 198
0.04 198
0.04 198
0.04 199
0.04 199
0.04 199
0.04 199
0.04 199
0.04 199
0.04 199
0.04 199
0.04 199
0.04 200
0.04 200
0.04 200
0.04 200
0.04 200
0.04 200
0.04 200
0.04 200
0.04 200
0.04 201
0.04 201
0.04 201
0.04 201
0.04 201
0.04 201
0.04 201
0.04 201
0.04 201
0.04 202
0.04 202
0.04 202
0.04 202
0.04 202
0.04 202
0.04 202
0.04 202
0.04 202
0.04 203
0.04 203
0.04 203
0.04 203
0.04 203
0.04 203
0.04 203
0.04 203
0.04 203
0.04 204
0.04 204
0.04 204
0.04 204
0.04 204
0.04 204
0.04 204
0.04 204
0.04 204
0.04 205
0.04 205
0.04 205
0.04 205
0.04 205
0.04 205
0.04 205
0.04 205
0.04 205
0.04 206
0.04 206
0.04 206
0.04 206
0.04 206
0.04 206
0.04 206
0.04 206
0.04 206
0.04 207
0.04 207
0.04 207
0.04 207
0.04 207
0.04 207
0.04 207
0.04 207
0.04 207
0.04 208
0.04 208
0.04 208
0.04 208
0.04 208
0.04 208
0.04 208
0.04 208
0.04 208
0.04 209
0.04 209
0.04 209
0.04 209
0.04 209
0.04 209
0.04 209
0.04 209
0.04 209
0.04 210
0.04 210
0.04 210
0.04 210
0.04 210
0.04 210
0.04 210
0.04 210
0.04 210
0.04 211
0.04 211
0.04 211
0.04 211
0.04 211
0.04 211
0.04 211
0.04 211
0.04 211
0.04 212
0.04 212
0.04 212
0.04 212
0.04 212
0.04 212
0.04 212
0.04 212
0.04 212
0.04 213
0.04 213
0.04 213
0.04 213
0.04 213
0.04 213
0.04 213
0.04 213
0.04 213
0.04 214
0.04 214
0.04 214
0.04 214
0.04 214
0.04 214
0.04 214
0.04 214
0.04 214
0.04 215
0.04 215
0.04 215
0.04 215
0.04 215
0.04 215
0.04 215
0.04 215
0.04 216
0.04 216
0.04 216
0.04 216
0.04 216
0.04 216
0.04 216
0.04 216
0.04 217
0.04 217
0.04 217
0.04 217
0.04 217
0.04 217
0.04 217
0.04 217
0.04 218
0.04 218
0.04 218
0.04 218
0.04 218
0.04 218
0.04 218
0.04 218
0.04 219
0.04 219
0.04 219
0.04 219
0.04 219
0.04 219
0.04 219
0.04 219
0.04 220
0.04 220
0.04 220
0.04 220
0.04 220
0.04 220
0.04 220
0.04 220
0.04 221
0.04 221
0.04 221
0.04 221
0.04 221
0.04 221
0.04 221
0.04 221
0.04 222
0.04 222
0.04 222
0.04 222
0.04 222
0.04 222
0.04 222
0.04 222
0.04 223
0.04 223
0.04 223
0.04 223
0.04 223
0.04 223
0.04 223
0.04 223
0.04 224
0.04 224
0.04 224
0.04 224
0.04 224
0.04 224
0.04 224
0.04 224
0.04 225
0.04 225
0.04 225
0.04 225
0.04 225
0.04 225
0.04 225
0.04 225
0.04 226
0.04 226
0.04 226
0.04 226
0.04 226
0.04 226
0.04 226
0.04 226
0.04 227
0.04 227
0.04 227
0.04 227
0.04 227
0.04 227
0.04 227
0.04 227
0.04 228
0.04 228
0.04 228
0.04 228
0.04 228
0.04 228
0.04 228
0.04 228
0.04 229
0.04 229
0.04 229
0.04 229
0.04 229
0.04 229
0.04 229
0.04 229
0.04 230
0.04 230
0.04 230
0.04 230
0.04 230
0.04 230
0.04 230
0.04 230
0.04 231
0.04 231
0.04 231
0.04 231
0.04 231
0.04 231
0.04 231
0.04 231
0.04 232
0.04 232
0.04 232
0.04 232
0.04 232
0.04 232
0.04 232
0.04 232
0.04 233
0.04 233
0.04 233
0.04 233
0.04 233
0.04 233
0.04 233
0.04 233
0.04 234
0.04 234
0.04 234
0.04 234
0.04 234
0.04 234
0.04 234
0.04 234
0.04 235
0.04 235
0.04 235
0.04 235
0.04 235
0.04 235
0.04 235
0.04 235
0.04 236
0.04 236
0.04 236
0.04 236
0.04 236
0.04 236
0.04 236
0.04 236
0.04 237
0.04 237
0.04 237
0.04 237
0.04 237
0.04 237
0.04 237
0.04 237
0.04 238
0.04 238
0.04 238
0.04 238
0.04 238
0.04 238
0.04 238
0.04 238
0.04 239
0.04 239
0.04 239
0.04 239
0.04 239
0.04 239
0.04 239
0.04 240
0.04 240
0.04 240
0.04 240
0.04 240
0.04 240
0.04 240
0.04 241
0.04 241
0.04 241
0.04 241
0.04 241
0.04 241
0.04 241
0.04 242
0.04 242
0.04 242
0.04 242
0.04 242
0.04 242
0.04 242
0.04 243
0.04 243
0.04 243
0.04 243
0.04 243
0.04 243
0.04 243
0.04 244
0.04 244
0.04 244
0.04 244
0.04 244
0.04 244
0.04 244
0.04 245
0.04 245
0.04 245
0.04 245
0.04 245
0.04 245
0.04 245
0.04 246
0.04 246
0.04 246
0.04 246
0.04 246
0.04 246
0.04 246
0.04 247
0.04 247
0.04 247
0.04 247
0.04 247
0.04 247
0.04 247
0.04 248
0.04 248
0.04 248
0.04 248
0.04 248
0.04 248
0.04 248
0.04 249
0.04 249
0.04 249
0.04 249
0.04 249
0.04 249
0.04 249
0.04 250
0.04 250
0.04 250
0.04 250
0.04 250
0.04 250
0.04 250
0.04 251
0.04 251
0.04 251
0.04 251
0.04 251
0.04 251
0.04 251
0.04 252
0.04 252
0.04 252
0.04 252
0.04 252
0.04 252
0.04 252
0.04 253
0.04 253
0.04 253
0.04 253
0.04 253
0.04 253
0.04 253
0.04 254
0.04 254
0.04 254
0.04 254
0.04 254
0.04 254
0.04 254
0.04 255
0.04 255
0.04 255
0.04 255
0.04 255
0.04 255
0.04 255
0.04 256
0.04 256
0.04 256
0.04 256
0.04 256
0.04 256
0.04 256
0.04 257
0.04 257
0.04 257
0.04 257
0.04 257
0.04 257
0.04 257
0.04 258
0.04 258
0.04 258
0.04 258
0.04 258
0.04 258
0.04 258
0.04 259
0.04 259
0.04 259
0.04 259
0.04 259
0.04 259
0.04 259
0.04 260
0.04 260
0.04 260
0.04 260
0.04 260
0.04 260
0.04 260
0.04 261
0.04 261
0.04 261
0.04 261
0.04 261
0.04 261
0.04 261
0.04 262
0.04 262
0.04 262
0.04 262
0.04 262
0.04 262
0.04 262
0.04 263
0.04 263
0.04 263
0.04 263
0.04 263
0.04 263
0.04 263
0.05 264
0.05 264
0.05 264
0.05 264
0.05 264
0.05 264
0.05 265
0.05 265
0.05 265
0.05 265
0.05 265
0.05 265
0.05 266
0.05 266
0.05 266
0.05 266
0.05 266
0.05 266
0.05 267
0.05 267
0.05 267
0.05 267
0.05 267
0.05 267
0.05 268
0.05 268
0.05 268
0.05 268
0.05 268
0.05 268
0.05 269
0.05 269
0.05 269
0.05 269
0.05 269
0.05 269
0.05 270
0.05 270
0.05 270
0.05 270
0.05 270
0.05 270
0.05 271
0.05 271
0.05 271
0.05 271
0.05 271
0.05 271
0.05 272
0.05 272
0.05 272
0.05 272
0.05 272
0.05 272
0.05 273
0.05 273
0.05 273
0.05 273
0.05 273
0.05 273
0.05 274
0.05 274
0.05 274
0.05 274
0.05 274
0.05 274
0.05 275
0.05 275
0.05 275
0.05 275
0.05 275
0.05 275
0.05 276
0.05 276
0.05 276
0.05 276
0.05 276
0.05 276
0.05 277
0.05 277
0.05 277
0.05 277
0.05 277
0.05 277
0.05 278
0.05 278
0.05 278
0.05 278
0.05 278
0.05 278
0.05 279
0.05 279
0.05 279
0.05 279
0.05 279
0.05 279
0.05 280
0.05 280
0.05 280
0.05 280
0.05 280
0.05 280
0.05 281
0.05 281
0.05 281
0.05 281
0.05 281
0.05 281
0.05 282
0.05 282
0.05 282
0.05 282
0.05 282
0.05 282
0.05 283
0.05 283
0.05 283
0.05 283
0.05 283
0.05 283
0.05 284
0.05 284
0.05 284
0.05 284
0.05 284
0.05 284
0.05 285
0.05 285
0.05 285
0.05 285
0.05 285
0.05 285
0.05 286
0.05 286
0.05 286
0.05 286
0.05 286
0.05 286
0.05 287
0.05 287
0.05 287
0.05 287
0.05 287
0.05 287
0.05 288
0.05 288
0.05 288
0.05 288
0.05 288
0.05 289
0.05 289
0.05 289
0.05 289
0.05 289
0.05 290
0.05 290
0.05 290
0.05 290
0.05 290
0.05 291
0.05 291
0.05 291
0.05 291
0.05 291
0.05 292
0.05 292
0.05 292
0.05 292
0.05 292
0.05 293
0.05 293
0.05 293
0.05 293
0.05 293
0.05 294
0.05 294
0.05 294
0.05 294
0.05 294
0.05 295
0.05 295
0.05 295
0.05 295
0.05 295
0.05 296
0.05 296
0.05 296
0.05 296
0.05 296
0.05 297
0.05 297
0.05 297
0.05 297
0.05 297
0.05 298
0.05 298
0.05 298
0.05 298
0.05 298
0.05 299
0.05 299
0.05 299
0.05 299
0.05 299
0.05 300
0.05 300
0.05 300
0.05 300
0.05 300
0.05 301
0.05 301
0.05 301
0.05 301
0.05 301
0.05 302
0.05 302
0.05 302
0.05 302
0.05 302
0.05 303
0.05 303
0.05 303
0.05 303
0.05 303
0.05 304
0.05 304
0.05 304
0.05 304
0.05 304
0.05 305
0.05 305
0.05 305
0.05 305
0.05 305
0.05 306
0.05 306
0.05 306
0.05 306
0.05 306
0.05 307
0.05 307
0.05 307
0.05 307
0.05 307
0.05 308
0.05 308
0.05 308
0.05 308
0.05 308
0.05 309
0.05 309
0.05 309
0.05 309
0.05 309
0.05 310
0.05 310
0.05 310
0.05 310
0.05 310
0.05 311
0.05 311
0.05 311
0.05 311
0.05 311
0.05 312
0.05 312
0.05 312
0.05 312
0.05 312
0.05 313
0.05 313
0.05 313
0.05 313
0.05 313
0.05 314
0.05 314
0.05 314
0.05 314
0.05 314
0.05 315
0.05 315
0.05 315
0.05 315
0.05 315
0.05 316
0.05 316
0.05 316
0.05 316
0.05 316
0.05 317
0.05 317
0.05 317
0.05 317
0.05 317
0.05 318
0.05 318
0.05 318
0.05 318
0.05 318
0.05 319
0.05 319
0.05 319
0.05 319
0.05 319
0.05 320
0.05 320
0.05 320
0.05 320
0.05 320
0.05 321
0.05 321
0.05 321
0.05 321
0.05 321
0.05 322
0.05 322
0.05 322
0.05 322
0.05 322
0.05 323
0.05 323
0.05 323
0.05 323
0.05 323
0.05 324
0.05 324
0.05 324
0.05 324
0.05 324
0.05 325
0.05 325
0.05 325
0.05 325
0.05 325
0.05 326
0.05 326
0.05 326
0.05 326
0.05 326
0.05 327
0.05 327
0.05 327
0.05 327
0.05 327
0.05 328
0.05 328
0.05 328
0.05 328
0.05 328
0.06 329
0.06 329
0.06 329
0.06 329
0.06 330
0.06 330
0.06 330
0.06 330
0.06 331
0.06 331
0.06 331
0.06 331
0.06 332
0.06 332
0.06 332
0.06 332
0.06 333
0.06 333
0.06 333
0.06 333
0.06 334
0.06 334
0.06 334
0.06 334
0.06 335
0.06 335
0.06 335
0.06 335
0.06 336
0.06 336
0.06 336
0.06 336
0.06 337
0.06 337
0.06 337
0.06 337
0.06 338
0.06 338
0.06 338
0.06 338
0.06 339
0.06 339
0.06 339
0.06 339
0.06 340
0.06 340
0.06 340
0.06 340
0.06 341
0.06 341
0.06 341
0.06 341
0.06 342
0.06 342
0.06 342
0.06 342
0.06 343
0.06 343
0.06 343
0.06 343
0.06 344
0.06 344
0.06 344
0.06 344
0.06 345
0.06 345
0.06 345
0.06 345
0.06 346
0.06 346
0.06 346
0.06 346
0.06 347
0.06 347
0.06 347
0.06 347
0.06 348
0.06 348
0.06 348
0.06 348
0.06 349
0.06 349
0.06 349
0.06 349
0.06 350
0.06 350
0.06 350
0.06 350
0.06 351
0.06 351
0.06 351
0.06 351
0.06 352
0.06 352
0.06 352
0.06 352
0.06 353
0.06 353
0.06 353
0.06 353
0.06 354
0.06 354
0.06 354
0.06 354
0.06 355
0.06 355
0.06 355
0.06 355
0.06 356
0.06 356
0.06 356
0.06 356
0.06 357
0.06 357
0.06 357
0.06 357
0.06 358
0.06 358
0.06 358
0.06 358
0.06 359
0.06 359
0.06 359
0.06 359
0.06 360
0.06 360
0.06 360
0.06 360
0.06 361
0.06 361
0.06 361
0.06 361
0.06 362
0.06 362
0.06 362
0.06 362
0.06 363
0.06 363
0.06 363
0.06 363
0.06 364
0.06 364
0.06 364
0.06 364
0.06 365
0.06 365
0.06 365
0.06 365
0.06 366
0.06 366
0.06 366
0.06 366
0.06 367
0.06 367
0.06 367
0.06 367
0.06 368
0.06 368
0.06 368
0.06 368
0.06 369
0.06 369
0.06 369
0.06 369
0.06 370
0.06 370
0.06 370
0.06 370
0.06 371
0.06 371
0.06 371
0.06 371
0.06 372
0.06 372
0.06 372
0.06 372
0.06 373
0.06 373
0.06 373
0.06 373
0.06 374
0.06 374
0.06 374
0.06 374
0.06 375
0.06 375
0.06 375
0.06 375
0.06 376
0.06 376
0.06 376
0.06 376
0.06 377
0.06 377
0.06 377
0.06 377
0.06 378
0.06 378
0.06 378
0.06 378
0.06 379
0.06 379
0.06 379
0.06 379
0.06 380
0.06 380
0.06 380
0.06 381
0.06 381
0.06 381
0.06 382
0.06 382
0.06 382
0.06 383
0.06 383
0.06 383
0.06 384
0.06 384
0.06 384
0.06 385
0.06 385
0.06 385
0.06 386
0.06 386
0.06 386
0.06 387
0.06 387
0.06 387
0.06 388
0.06 388
0.06 388
0.06 389
0.06 389
0.06 389
0.06 390
0.06 390
0.06 390
0.06 391
0.06 391
0.06 391
0.06 392
0.06 392
0.06 392
0.06 393
0.06 393
0.06 393
0.06 394
0.06 394
0.06 394
0.06 395
0.06 395
0.06 395
0.07 396
0.07 396
0.07 396
0.07 397
0.07 397
0.07 397
0.07 398
0.07 398
0.07 398
0.07 399
0.07 399
0.07 399
0.07 400
0.07 400
0.07 400
0.07 401
0.07 401
0.07 401
0.07 402
0.07 402
0.07 402
0.07 403
0.07 403
0.07 403
0.07 404
0.07 404
0.07 404
0.07 405
0.07 405
0.07 405
0.07 406
0.07 406
0.07 406
0.07 407
0.07 407
0.07 407
0.07 408
0.07 408
0.07 408
0.07 409
0.07 409
0.07 409
0.07 410
0.07 410
0.07 410
0.07 411
0.07 411
0.07 411
0.07 412
0.07 412
0.07 412
0.07 413
0.07 413
0.07 413
0.07 414
0.07 414
0.07 414
0.07 415
0.07 415
0.07 415
0.07 416
0.07 416
0.07 416
0.07 417
0.07 417
0.07 417
0.07 418
0.07 418
0.07 418
0.07 419
0.07 419
0.07 419
0.07 420
0.07 420
0.07 420
0.07 421
0.07 421
0.07 421
0.07 422
0.07 422
0.07 422
0.07 423
0.07 423
0.07 423
0.07 424
0.07 424
0.07 424
0.07 425
0.07 425
0.07 425
0.07 426
0.07 426
0.07 426
0.07 427
0.07 427
0.07 427
0.07 428
0.07 428
0.07 428
0.07 429
0.07 429
0.07 429
0.07 430
0.07 430
0.07 430
0.07 431
0.07 431
0.07 431
0.07 432
0.07 432
0.07 432
0.07 433
0.07 433
0.07 433
0.07 434
0.07 434
0.07 434
0.07 435
0.07 435
0.07 435
0.07 436
0.07 436
0.07 436
0.07 437
0.07 437
0.07 437
0.07 438
0.07 438
0.07 439
0.07 439
0.07 440
0.07 440
0.07 441
0.07 441
0.07 442
0.07 442
0.07 443
0.07 443
0.07 444
0.07 444
0.07 445
0.07 445
0.07 446
0.07 446
0.07 447
0.07 447
0.07 448
0.07 448
0.07 449
0.07 449
0.07 450
0.07 450
0.07 451
0.07 451
0.07 452
0.07 452
0.07 453
0.07 453
0.07 454
0.07 454
0.07 455
0.07 455
0.07 456
0.07 456
0.07 457
0.07 457
0.07 458
0.07 458
0.07 459
0.07 459
0.07 460
0.07 460
0.07 461
0.07 461
0.07 462
0.07 462
0.07 463
0.07 463
0.07 464
0.07 464
0.07 465
0.07 465
0.07 466
0.07 466
0.08 467
0.08 467
0.08 468
0.08 468
0.08 469
0.08 469
0.08 470
0.08 470
0.08 471
0.08 471
0.08 472
0.08 472
0.08 473
0.08 473
0.08 474
0.08 474
0.08 475
0.08 475
0.08 476
0.08 476
0.08 477
0.08 477
0.08 478
0.08 478
0.08 479
0.08 479
0.08 480
0.08 480
0.08 481
0.08 481
0.08 482
0.08 482
0.08 483
0.08 483
0.08 484
0.08 484
0.08 485
0.08 485
0.08 486
0.08 486
0.08 487
0.08 487
0.08 488
0.08 488
0.08 489
0.08 489
0.08 490
0.08 490
0.08 491
0.08 491
0.08 492
0.08 492
0.08 493
0.08 493
0.08 494
0.08 494
0.08 495
0.08 495
0.08 496
0.08 496
0.08 497
0.08 497
0.08 498
0.08 498
0.08 499
0.08 499
0.08 500
0.08 500
0.08 501
0.08 501
0.08 502
0.08 502
0.08 503
0.08 503
0.08 504
0.08 504
0.08 505
0.08 505
0.08 506
0.08 506
0.08 507
0.08 507
0.08 508
0.08 508
0.08 509
0.08 509
0.08 510
0.08 510
0.08 511
0.08 511
0.08 512
0.08 512
0.08 513
0.08 513
0.08 514
0.08 514
0.08 515
0.08 515
0.08 516
0.08 516
0.08 517
0.08 517
0.08 518
0.08 518
0.08 519
0.08 519
0.08 520
0.08 521
0.08 522
0.08 523
0.08 524
0.08 525
0.08 526
0.08 527
0.08 528
0.08 529
0.08 530
0.08 531
0.08 532
0.08 533
0.08 534
0.08 535
0.08 536
0.08 537
0.08 538
0.08 539
0.08 540
0.08 541
0.08 542
0.08 543
0.08 544
0.09 545
0.09 546
0.09 547
0.09 548
0.09 549
0.09 550
0.09 551
0.09 552
0.09 553
0.09 554
0.09 555
0.09 556
0.09 557
0.09 558
0.09 559
0.09 560
0.09 561
0.09 562
0.09 563
0.09 564
0.09 565
0.09 566
0.09 567
0.09 568
0.09 569
0.09 570
0.09 571
0.09 572
0.09 573
0.09 574
0.09 575
0.09 576
0.09 577
0.09 578
0.09 579
0.09 580
0.09 581
0.09 582
0.09 583
0.09 584
0.09 585
0.09 586
0.09 587
0.09 588
0.09 589
0.09 590
0.09 591
0.09 592
0.09 593
0.09 594
0.09 595
0.09 596
0.09 597
0.09 598
0.09 599
0.09 600
0.09 601
0.09 602
0.09 603
0.09 604
0.09 605
