0.0 2
0.0 3
0.01 4
0.01 5
0.01 6
0.01 7
0.01 8
0.01 9
0.01 10
0.02 11
0.02 12
0.02 13
0.02 14
0.02 15
0.02 16
0.02 17
0.03 18
0.03 19
0.03 20
0.03 21
0.03 22
0.03 23
0.03 24
0.04 25
0.04 26
0.04 27
0.04 28
0.04 29
0.04 30
0.04 31
0.05 32
0.05 33
0.05 34
0.05 35
0.05 36
0.05 37
0.05 38
0.05 39
0.05 40
0.06 41
0.06 42
0.06 43
0.06 44
0.06 45
0.06 46
0.06 47
0.06 48
0.07 49
0.07 50
0.07 51
0.07 52
0.07 53
0.07 54
0.07 55
0.08 56
0.08 57
0.08 58
0.08 59
0.08 60
0.08 61
0.08 62
0.08 63
0.09 64
0.09 65
0.09 66
0.09 67
0.09 68
0.09 69
0.09 70
0.09 71
0.09 72
0.1 73
0.1 74
0.1 75
0.1 76
0.1 77
0.11 78
0.11 79
0.11 80
0.11 81
0.11 82
0.11 83
0.12 84
0.12 85
0.12 86
0.12 87
0.12 88
0.12 89
0.12 90
0.12 91
0.12 92
0.13 93
0.13 94
0.13 95
0.13 96
0.13 97
0.13 98
0.13 99
0.13 100
0.13 101
0.14 102
0.14 103
0.14 104
0.14 105
0.14 106
0.14 107
0.14 108
0.14 109
0.14 110
0.15 111
0.15 112
0.15 113
0.15 114
0.15 115
0.15 116
0.15 117
0.15 118
0.16 119
0.16 120
0.16 121
0.16 122
0.16 123
0.16 124
0.16 125
0.16 126
0.16 127
0.17 128
0.17 129
0.17 130
0.17 131
0.17 132
0.17 133
0.17 134
0.17 135
0.18 136
0.18 137
0.18 138
0.18 139
0.18 140
0.18 141
0.18 142
0.18 143
0.19 144
0.19 145
0.19 146
0.19 147
0.19 148
0.19 149
0.19 150
0.19 151
0.2 152
0.2 153
0.2 154
0.2 155
0.2 156
0.2 157
0.21 158
0.21 159
0.21 160
0.21 161
0.21 162
0.21 163
0.21 164
0.22 165
0.22 166
0.22 167
0.22 168
0.22 169
0.22 170
0.22 171
0.22 172
0.23 173
0.23 174
0.23 175
0.23 176
0.23 177
0.23 178
0.23 179
0.23 180
0.24 181
0.24 182
0.24 183
0.24 184
0.24 185
0.24 186
0.24 187
0.24 188
0.24 189
0.25 190
0.25 191
0.25 192
0.25 193
0.25 194
0.25 195
0.25 196
0.25 197
0.25 198
0.26 199
0.26 200
0.26 201
0.26 202
0.26 203
0.26 204
0.26 205
0.26 206
0.26 207
0.27 208
0.27 209
0.27 210
0.27 211
0.27 212
0.27 213
0.27 214
0.27 215
0.28 216
0.28 217
0.28 218
0.28 219
0.28 220
0.28 221
0.28 222
0.28 223
0.28 224
0.29 225
0.29 226
0.29 227
0.29 228
0.29 229
0.29 230
0.29 231
0.29 232
0.29 233
0.3 234
0.3 235
0.3 236
0.3 237
0.3 238
0.3 239
0.3 240
0.3 241
0.3 242
0.31 243
0.31 244
0.31 245
0.31 246
0.31 247
0.31 248
0.31 249
0.31 250
0.31 251
0.32 252
0.32 253
0.32 254
0.32 255
0.32 256
0.32 257
0.32 258
0.32 259
0.32 260
0.33 261
0.33 262
0.33 263
0.33 264
0.33 265
0.33 266
0.33 267
0.33 268
0.33 269
0.34 270
0.34 271
0.34 272
0.34 273
0.34 274
0.34 275
0.34 276
0.34 277
0.34 278
0.35 279
0.35 280
0.35 281
0.35 282
0.35 283
0.35 284
0.35 285
0.35 286
0.35 287
0.36 288
0.36 289
0.36 290
0.36 291
0.36 292
0.36 293
0.36 294
0.36 295
0.36 296
0.37 297
0.37 298
0.37 299
0.37 300
0.37 301
0.37 302
0.37 303
0.37 304
0.37 305
0.38 306
0.38 307
0.38 308
0.38 309
0.38 310
0.38 311
0.38 312
0.38 313
0.38 314
0.39 315
0.39 316
0.39 317
0.39 318
0.39 319
0.39 320
0.39 321
0.39 322
0.4 323
0.4 324
0.4 325
0.4 326
0.4 327
0.4 328
0.4 329
0.4 330
0.41 331
0.41 332
0.41 333
0.41 334
0.41 335
0.41 336
0.41 337
0.41 338
0.42 339
0.42 340
0.42 341
0.42 342
0.42 343
0.42 344
0.42 345
0.42 346
0.42 347
0.43 348
0.43 349
0.43 350
0.43 351
0.43 352
0.43 353
0.43 354
0.43 355
0.43 356
0.44 357
0.44 358
0.44 359
0.44 360
0.44 361
0.44 362
0.44 363
0.44 364
0.45 365
0.45 366
0.45 367
0.45 368
0.45 369
0.45 370
0.45 371
0.45 372
0.46 373
0.46 374
0.46 375
0.46 376
0.46 377
0.46 378
0.46 379
0.46 380
0.47 381
0.47 382
0.47 383
0.47 384
0.47 385
0.47 386
0.47 387
0.47 388
0.48 389
0.48 390
0.48 391
0.48 392
0.48 393
0.48 394
0.48 395
0.49 396
0.49 397
0.49 398
0.49 399
0.49 400
0.49 401
0.49 402
0.5 403
0.5 404
0.5 405
0.5 406
0.5 407
0.5 408
0.51 409
0.51 410
0.51 411
0.51 412
0.51 413
0.51 414
0.51 415
0.51 416
0.52 417
0.52 418
0.52 419
0.52 420
0.52 421
0.52 422
0.52 423
0.52 424
0.53 425
0.53 426
0.53 427
0.53 428
0.53 429
0.53 430
0.53 431
0.53 432
0.53 433
0.54 434
0.54 435
0.54 436
0.54 437
0.54 438
0.54 439
0.54 440
0.54 441
0.55 442
0.55 443
0.55 444
0.55 445
0.55 446
0.55 447
0.55 448
0.55 449
0.56 450
0.56 451
0.56 452
0.56 453
0.56 454
0.56 455
0.56 456
0.56 457
0.56 458
0.57 459
0.57 460
0.57 461
0.57 462
0.57 463
0.57 464
0.57 465
0.57 466
0.58 467
0.58 468
0.58 469
0.58 470
0.58 471
0.58 472
0.58 473
0.58 474
0.58 475
0.59 476
0.59 477
0.59 478
0.59 479
0.59 480
0.59 481
0.59 482
0.59 483
0.59 484
0.6 485
0.6 486
0.6 487
0.6 488
0.6 489
0.6 490
0.6 491
0.6 492
0.61 493
0.61 494
0.61 495
0.61 496
0.61 497
0.61 498
0.61 499
0.61 500
0.61 501
0.61 502
0.62 503
0.62 504
0.62 505
0.62 506
0.62 507
0.62 508
0.62 509
0.62 510
0.62 511
0.63 512
0.63 513
0.63 514
0.63 515
0.63 516
0.63 517
0.63 518
0.63 519
0.63 520
0.64 521
0.64 522
0.64 523
0.64 524
0.64 525
0.64 526
0.64 527
0.64 528
0.64 529
0.65 530
0.65 531
0.65 532
0.65 533
0.65 534
0.65 535
0.65 536
0.65 537
0.65 538
0.66 539
0.66 540
0.66 541
0.66 542
0.66 543
0.66 544
0.66 545
0.66 546
0.66 547
0.67 548
0.67 549
0.67 550
0.67 551
0.67 552
0.67 553
0.67 554
0.67 555
0.67 556
0.68 557
0.68 558
0.68 559
0.68 560
0.68 561
0.68 562
0.68 563
0.68 564
0.68 565
0.69 566
0.69 567
0.69 568
0.69 569
0.69 570
0.69 571
0.69 572
0.69 573
0.69 574
0.7 575
0.7 576
0.7 577
0.7 578
0.7 579
0.7 580
0.7 581
0.7 582
0.71 583
0.71 584
0.71 585
0.71 586
0.71 587
0.71 588
0.71 589
0.71 590
0.72 591
0.72 592
0.72 593
0.72 594
0.72 595
0.72 596
0.72 597
0.72 598
0.73 599
0.73 600
0.73 601
0.73 602
0.73 603
0.73 604
0.73 605
0.73 606
0.74 607
0.74 608
0.74 609
0.74 610
0.74 611
0.74 612
0.74 613
0.74 614
0.75 615
0.75 616
0.75 617
0.75 618
0.75 619
0.75 620
0.75 621
0.75 622
0.76 623
0.76 624
0.76 625
0.76 626
0.76 627
0.76 628
0.76 629
0.77 630
0.77 631
0.77 632
0.77 633
0.77 634
0.77 635
0.77 636
0.77 637
0.78 638
0.78 639
0.78 640
0.78 641
0.78 642
0.78 643
0.78 644
0.78 645
0.79 646
0.79 647
0.79 648
0.79 649
0.79 650
0.79 651
0.79 652
0.79 653
0.8 654
0.8 655
0.8 656
0.8 657
0.8 658
0.8 659
0.8 660
0.8 661
0.81 662
0.81 663
0.81 664
0.81 665
0.81 666
0.81 667
0.81 668
0.81 669
0.82 670
0.82 671
0.82 672
0.82 673
0.82 674
0.82 675
0.82 676
0.82 677
0.83 678
0.83 679
0.83 680
0.83 681
0.83 682
0.83 683
0.83 684
0.83 685
0.84 686
0.84 687
0.84 688
0.84 689
0.84 690
0.84 691
0.84 692
0.84 693
0.85 694
0.85 695
0.85 696
0.85 697
0.85 698
0.85 699
0.85 700
0.85 701
0.86 702
0.86 703
0.86 704
0.86 705
0.86 706
0.86 707
0.86 708
0.86 709
0.87 710
0.87 711
0.87 712
0.87 713
0.87 714
0.87 715
0.87 716
0.88 717
0.88 718
0.88 719
0.88 720
0.88 721
0.89 722
0.89 723
0.89 724
0.89 725
0.89 726
0.89 727
0.89 728
0.9 729
0.9 730
0.9 731
0.9 732
0.9 733
0.9 734
0.91 735
0.91 736
0.91 737
0.91 738
0.91 739
0.91 740
0.91 741
0.91 742
0.92 743
0.92 744
0.92 745
0.92 746
0.92 747
0.92 748
0.92 749
0.92 750
0.93 751
0.93 752
0.93 753
0.93 754
0.93 755
0.93 756
0.93 757
0.93 758
0.94 759
0.94 760
0.94 761
0.94 762
0.94 763
0.94 764
0.94 765
0.94 766
0.94 767
0.95 768
0.95 769
0.95 770
0.95 771
0.95 772
0.95 773
0.95 774
0.96 775
0.96 776
0.96 777
0.96 778
0.96 779
0.96 780
0.96 781
0.96 782
0.96 783
0.97 784
0.97 785
0.97 786
0.97 787
0.97 788
0.97 789
0.97 790
0.97 791
0.98 792
0.98 793
0.98 794
0.98 795
0.98 796
0.98 797
0.98 798
0.99 799
0.99 800
0.99 801
0.99 802
0.99 803
0.99 804
0.99 805
0.99 806
1.0 807
1.0 808
1.0 809
1.0 810
1.0 811
1.0 812
1.01 813
1.01 814
1.01 815
1.01 816
1.01 817
1.01 818
1.01 819
1.02 820
1.02 821
1.02 822
1.02 823
1.02 824
1.02 825
1.02 826
1.03 827
1.03 828
1.03 829
1.03 830
1.03 831
1.03 832
1.03 833
1.03 834
1.04 835
1.04 836
1.04 837
1.04 838
1.04 839
1.04 840
1.04 841
1.04 842
1.04 843
1.05 844
1.05 845
1.05 846
1.05 847
1.05 848
1.05 849
1.05 850
1.05 851
1.05 852
1.06 853
1.06 854
1.06 855
1.06 856
1.06 857
1.06 858
1.06 859
1.06 860
1.06 861
1.07 862
1.07 863
1.07 864
1.07 865
1.07 866
1.07 867
1.07 868
1.07 869
1.08 870
1.08 871
1.08 872
1.08 873
1.08 874
1.08 875
1.08 876
1.08 877
1.08 878
1.09 879
1.09 880
1.09 881
1.09 882
1.09 883
1.09 884
1.09 885
1.09 886
1.1 887
1.1 888
1.1 889
1.1 890
1.1 891
1.1 892
1.1 893
1.1 894
1.1 895
1.11 896
1.11 897
1.11 898
1.11 899
1.11 900
1.11 901
1.11 902
1.11 903
1.12 904
1.12 905
1.12 906
1.12 907
1.12 908
1.12 909
1.12 910
1.12 911
1.12 912
1.13 913
1.13 914
1.13 915
1.13 916
1.13 917
1.13 918
1.13 919
1.13 920
1.13 921
1.14 922
1.14 923
1.14 924
1.14 925
1.14 926
1.14 927
1.14 928
1.14 929
1.14 930
1.15 931
1.15 932
1.15 933
1.15 934
1.15 935
1.15 936
1.15 937
1.15 938
1.16 939
1.16 940
1.16 941
1.16 942
1.16 943
1.16 944
1.16 945
1.16 946
1.17 947
1.17 948
1.17 949
1.17 950
1.17 951
1.17 952
1.17 953
1.17 954
1.17 955
1.18 956
1.18 957
1.18 958
1.18 959
1.18 960
1.18 961
1.18 962
1.18 963
1.19 964
1.19 965
1.19 966
1.19 967
1.19 968
1.19 969
1.19 970
1.19 971
1.2 972
1.2 973
1.2 974
1.2 975
1.2 976
1.2 977
1.2 978
1.2 979
1.2 980
1.21 981
1.21 982
1.21 983
1.21 984
1.21 985
1.21 986
1.21 987
1.21 988
1.22 989
1.22 990
1.22 991
1.22 992
1.22 993
1.22 994
1.22 995
1.22 996
1.22 997
1.23 998
1.23 999
1.23 1000
1.23 1001
1.23 1002
1.23 1003
1.23 1004
1.23 1005
1.24 1006
1.24 1007
1.24 1008
1.24 1009
1.24 1010
1.24 1011
1.24 1012
1.24 1013
1.24 1014
1.25 1015
1.25 1016
1.25 1017
1.25 1018
1.25 1019
1.25 1020
1.25 1021
1.26 1022
1.26 1023
1.26 1024
1.26 1025
1.26 1026
1.26 1027
1.26 1028
1.26 1029
1.26 1030
1.27 1031
1.27 1032
1.27 1033
1.27 1034
1.27 1035
1.27 1036
1.27 1037
1.28 1038
1.28 1039
1.28 1040
1.28 1041
1.28 1042
1.28 1043
1.28 1044
1.28 1045
1.29 1046
1.29 1047
1.29 1048
1.29 1049
1.29 1050
1.29 1051
1.29 1052
1.29 1053
1.3 1054
1.3 1055
1.3 1056
1.3 1057
1.3 1058
1.3 1059
1.3 1060
1.31 1061
1.31 1062
1.31 1063
1.31 1064
1.31 1065
1.31 1066
1.31 1067
1.31 1068
1.32 1069
1.32 1070
1.32 1071
1.32 1072
1.32 1073
1.32 1074
1.32 1075
1.32 1076
1.33 1077
1.33 1078
1.33 1079
1.33 1080
1.33 1081
1.33 1082
1.33 1083
1.33 1084
1.34 1085
1.34 1086
1.34 1087
1.34 1088
1.34 1089
1.34 1090
1.34 1091
1.34 1092
1.35 1093
1.35 1094
1.35 1095
1.35 1096
1.35 1097
1.35 1098
1.35 1099
1.35 1100
1.36 1101
1.36 1102
1.36 1103
1.36 1104
1.36 1105
1.36 1106
1.36 1107
1.36 1108
1.37 1109
1.37 1110
1.37 1111
1.37 1112
1.37 1113
1.37 1114
1.37 1115
1.37 1116
1.38 1117
1.38 1118
1.38 1119
1.38 1120
1.38 1121
1.38 1122
1.38 1123
1.38 1124
1.39 1125
1.39 1126
1.39 1127
1.39 1128
1.39 1129
1.39 1130
1.39 1131
1.39 1132
1.4 1133
1.4 1134
1.4 1135
1.4 1136
1.4 1137
1.4 1138
1.4 1139
1.4 1140
1.41 1141
1.41 1142
1.41 1143
1.41 1144
1.41 1145
1.41 1146
1.41 1147
1.41 1148
1.41 1149
1.42 1150
1.42 1151
1.42 1152
1.42 1153
1.42 1154
1.42 1155
1.42 1156
1.42 1157
1.42 1158
1.43 1159
1.43 1160
1.43 1161
1.43 1162
1.43 1163
1.43 1164
1.43 1165
1.43 1166
1.43 1167
1.44 1168
1.44 1169
1.44 1170
1.44 1171
1.44 1172
1.44 1173
1.44 1174
1.44 1175
1.45 1176
1.45 1177
1.45 1178
1.45 1179
1.45 1180
1.45 1181
1.45 1182
1.45 1183
1.46 1184
1.46 1185
1.46 1186
1.46 1187
1.46 1188
1.46 1189
1.46 1190
1.46 1191
1.46 1192
1.47 1193
1.47 1194
1.47 1195
1.47 1196
1.47 1197
1.47 1198
1.47 1199
1.47 1200
1.48 1201
1.48 1202
1.48 1203
1.48 1204
1.48 1205
1.48 1206
1.48 1207
1.48 1208
1.49 1209
1.49 1210
1.49 1211
1.49 1212
1.49 1213
1.49 1214
1.49 1215
1.49 1216
1.49 1217
1.5 1218
1.5 1219
1.5 1220
1.5 1221
1.5 1222
1.5 1223
1.5 1224
1.51 1225
1.51 1226
1.51 1227
1.51 1228
1.51 1229
1.51 1230
1.51 1231
1.51 1232
1.52 1233
1.52 1234
1.52 1235
1.52 1236
1.52 1237
1.52 1238
1.52 1239
1.52 1240
1.53 1241
1.53 1242
1.53 1243
1.53 1244
1.53 1245
1.53 1246
1.53 1247
1.54 1248
1.54 1249
1.54 1250
1.54 1251
1.54 1252
1.54 1253
1.54 1254
1.55 1255
1.55 1256
1.55 1257
1.55 1258
1.55 1259
1.55 1260
1.55 1261
1.56 1262
1.56 1263
1.56 1264
1.56 1265
1.56 1266
1.56 1267
1.56 1268
1.56 1269
1.57 1270
1.57 1271
1.57 1272
1.57 1273
1.57 1274
1.57 1275
1.58 1276
1.58 1277
1.58 1278
1.58 1279
1.58 1280
1.58 1281
1.58 1282
1.58 1283
1.59 1284
1.59 1285
1.59 1286
1.59 1287
1.59 1288
1.59 1289
1.59 1290
1.59 1291
1.6 1292
1.6 1293
1.6 1294
1.6 1295
1.6 1296
1.6 1297
1.6 1298
1.61 1299
1.61 1300
1.61 1301
1.61 1302
1.61 1303
1.61 1304
1.61 1305
1.61 1306
1.62 1307
1.62 1308
1.62 1309
1.62 1310
1.62 1311
1.62 1312
1.62 1313
1.62 1314
1.63 1315
1.63 1316
1.63 1317
1.63 1318
1.63 1319
1.63 1320
1.63 1321
1.63 1322
1.64 1323
1.64 1324
1.64 1325
1.64 1326
1.64 1327
1.64 1328
1.64 1329
1.64 1330
1.65 1331
1.65 1332
1.65 1333
1.65 1334
1.65 1335
1.65 1336
1.65 1337
1.65 1338
1.66 1339
1.66 1340
1.66 1341
1.66 1342
1.66 1343
1.66 1344
1.66 1345
1.66 1346
1.67 1347
1.67 1348
1.67 1349
1.67 1350
1.67 1351
1.67 1352
1.67 1353
1.67 1354
1.68 1355
1.68 1356
1.68 1357
1.68 1358
1.68 1359
1.68 1360
1.68 1361
1.68 1362
1.69 1363
1.69 1364
1.69 1365
1.69 1366
1.69 1367
1.69 1368
1.69 1369
1.69 1370
1.69 1371
1.7 1372
1.7 1373
1.7 1374
1.7 1375
1.7 1376
1.7 1377
1.7 1378
1.71 1379
1.71 1380
1.71 1381
1.71 1382
1.71 1383
1.71 1384
1.71 1385
1.71 1386
1.72 1387
1.72 1388
1.72 1389
1.72 1390
1.72 1391
1.72 1392
1.72 1393
1.72 1394
1.73 1395
1.73 1396
1.73 1397
1.73 1398
1.73 1399
1.73 1400
1.73 1401
1.73 1402
1.74 1403
1.74 1404
1.74 1405
1.74 1406
1.74 1407
1.74 1408
1.74 1409
1.74 1410
1.75 1411
1.75 1412
1.75 1413
1.75 1414
1.75 1415
1.75 1416
1.75 1417
1.75 1418
1.76 1419
1.76 1420
1.76 1421
1.76 1422
1.76 1423
1.76 1424
1.76 1425
1.76 1426
1.76 1427
1.77 1428
1.77 1429
1.77 1430
1.77 1431
1.77 1432
1.77 1433
1.77 1434
1.78 1435
1.78 1436
1.78 1437
1.78 1438
1.78 1439
1.78 1440
1.78 1441
1.79 1442
1.79 1443
1.79 1444
1.79 1445
1.79 1446
1.79 1447
1.79 1448
1.79 1449
1.8 1450
1.8 1451
1.8 1452
1.8 1453
1.8 1454
1.8 1455
1.8 1456
1.81 1457
1.81 1458
1.81 1459
1.81 1460
1.81 1461
1.81 1462
1.81 1463
1.81 1464
1.82 1465
1.82 1466
1.82 1467
1.82 1468
1.82 1469
1.82 1470
1.82 1471
1.83 1472
1.83 1473
1.83 1474
1.83 1475
1.83 1476
1.83 1477
1.83 1478
1.83 1479
1.84 1480
1.84 1481
1.84 1482
1.84 1483
1.84 1484
1.84 1485
1.84 1486
1.84 1487
1.84 1488
1.85 1489
1.85 1490
1.85 1491
1.85 1492
1.85 1493
1.85 1494
1.85 1495
1.85 1496
1.86 1497
1.86 1498
1.86 1499
1.86 1500
1.86 1501
1.86 1502
1.86 1503
1.86 1504
1.87 1505
1.87 1506
1.87 1507
1.87 1508
1.87 1509
1.87 1510
1.87 1511
1.87 1512
1.88 1513
1.88 1514
1.88 1515
1.88 1516
1.88 1517
1.88 1518
1.88 1519
1.88 1520
1.89 1521
1.89 1522
1.89 1523
1.89 1524
1.89 1525
1.89 1526
1.89 1527
1.89 1528
1.89 1529
1.9 1530
1.9 1531
1.9 1532
1.9 1533
1.9 1534
1.9 1535
1.9 1536
1.9 1537
1.91 1538
1.91 1539
1.91 1540
1.91 1541
1.91 1542
1.91 1543
1.91 1544
1.91 1545
1.92 1546
1.92 1547
1.92 1548
1.92 1549
1.92 1550
1.92 1551
1.92 1552
1.92 1553
1.92 1554
1.93 1555
1.93 1556
1.93 1557
1.93 1558
1.93 1559
1.93 1560
1.93 1561
1.93 1562
1.94 1563
1.94 1564
1.94 1565
1.94 1566
1.94 1567
1.94 1568
1.94 1569
1.94 1570
1.95 1571
1.95 1572
1.95 1573
1.95 1574
1.95 1575
1.95 1576
1.95 1577
1.95 1578
1.96 1579
1.96 1580
1.96 1581
1.96 1582
1.96 1583
1.96 1584
1.96 1585
1.96 1586
1.96 1587
1.97 1588
1.97 1589
1.97 1590
1.97 1591
1.97 1592
1.97 1593
1.97 1594
1.97 1595
1.98 1596
1.98 1597
1.98 1598
1.98 1599
1.98 1600
1.98 1601
1.98 1602
1.98 1603
1.98 1604
1.99 1605
1.99 1606
1.99 1607
1.99 1608
1.99 1609
1.99 1610
1.99 1611
1.99 1612
1.99 1613
2.0 1614
2.0 1615
2.0 1616
2.0 1617
2.0 1618
2.0 1619
2.0 1620
2.0 1621
2.01 1622
2.01 1623
2.01 1624
2.01 1625
2.01 1626
2.01 1627
2.01 1628
2.01 1629
2.02 1630
2.02 1631
2.02 1632
2.02 1633
2.02 1634
2.02 1635
2.02 1636
2.02 1637
2.03 1638
2.03 1639
2.03 1640
2.03 1641
2.03 1642
2.03 1643
2.03 1644
2.03 1645
2.03 1646
2.04 1647
2.04 1648
2.04 1649
2.04 1650
2.04 1651
2.04 1652
2.04 1653
2.04 1654
2.05 1655
2.05 1656
2.05 1657
2.05 1658
2.05 1659
2.05 1660
2.05 1661
2.05 1662
2.06 1663
2.06 1664
2.06 1665
2.06 1666
2.06 1667
2.06 1668
2.06 1669
2.06 1670
2.07 1671
2.07 1672
2.07 1673
2.07 1674
2.07 1675
2.07 1676
2.07 1677
2.08 1678
2.08 1679
2.08 1680
2.08 1681
2.08 1682
2.08 1683
2.08 1684
2.09 1685
2.09 1686
2.09 1687
2.09 1688
2.09 1689
2.09 1690
2.09 1691
2.09 1692
2.1 1693
2.1 1694
2.1 1695
2.1 1696
2.1 1697
2.1 1698
2.1 1699
2.11 1700
2.11 1701
2.11 1702
2.11 1703
2.11 1704
2.11 1705
2.11 1706
2.11 1707
2.11 1708
2.12 1709
2.12 1710
2.12 1711
2.12 1712
2.12 1713
2.12 1714
2.12 1715
2.12 1716
2.13 1717
2.13 1718
2.13 1719
2.13 1720
2.13 1721
2.13 1722
2.13 1723
2.13 1724
2.14 1725
2.14 1726
2.14 1727
2.14 1728
2.14 1729
2.14 1730
2.14 1731
2.14 1732
2.14 1733
2.15 1734
2.15 1735
2.15 1736
2.15 1737
2.15 1738
2.16 1739
2.16 1740
2.16 1741
2.16 1742
2.16 1743
2.16 1744
2.16 1745
2.16 1746
2.17 1747
2.17 1748
2.17 1749
2.17 1750
2.17 1751
2.17 1752
2.17 1753
2.18 1754
2.18 1755
2.18 1756
2.18 1757
2.18 1758
2.18 1759
2.18 1760
2.19 1761
2.19 1762
2.19 1763
2.19 1764
2.19 1765
2.19 1766
2.19 1767
2.19 1768
2.2 1769
2.2 1770
2.2 1771
2.2 1772
2.2 1773
2.2 1774
2.2 1775
2.2 1776
2.21 1777
2.21 1778
2.21 1779
2.21 1780
2.21 1781
2.21 1782
2.21 1783
2.21 1784
2.22 1785
2.22 1786
2.22 1787
2.22 1788
2.22 1789
2.22 1790
2.22 1791
2.22 1792
2.23 1793
2.23 1794
2.23 1795
2.23 1796
2.23 1797
2.23 1798
2.23 1799
2.24 1800
2.24 1801
2.24 1802
2.24 1803
2.24 1804
2.24 1805
2.24 1806
2.24 1807
2.24 1808
2.25 1809
2.25 1810
2.25 1811
2.25 1812
2.25 1813
2.25 1814
2.25 1815
2.25 1816
2.26 1817
2.26 1818
2.26 1819
2.26 1820
2.26 1821
2.26 1822
2.26 1823
2.26 1824
2.27 1825
2.27 1826
2.27 1827
2.27 1828
2.27 1829
2.27 1830
2.27 1831
2.27 1832
2.28 1833
2.28 1834
2.28 1835
2.28 1836
2.28 1837
2.28 1838
2.28 1839
2.28 1840
2.29 1841
2.29 1842
2.29 1843
2.29 1844
2.29 1845
2.29 1846
2.29 1847
2.29 1848
2.3 1849
2.3 1850
2.3 1851
2.3 1852
2.3 1853
2.3 1854
2.3 1855
2.3 1856
2.31 1857
2.31 1858
2.31 1859
2.31 1860
2.31 1861
2.31 1862
2.31 1863
2.32 1864
2.32 1865
2.32 1866
2.32 1867
2.32 1868
2.32 1869
2.32 1870
2.32 1871
2.33 1872
2.33 1873
2.33 1874
2.33 1875
2.33 1876
2.33 1877
2.33 1878
2.34 1879
2.34 1880
2.34 1881
2.34 1882
2.34 1883
2.34 1884
2.34 1885
2.34 1886
2.35 1887
2.35 1888
2.35 1889
2.35 1890
2.35 1891
2.35 1892
2.35 1893
2.36 1894
2.36 1895
2.36 1896
2.36 1897
2.36 1898
2.36 1899
2.36 1900
2.36 1901
2.37 1902
2.37 1903
2.37 1904
2.37 1905
2.37 1906
2.37 1907
2.37 1908
2.37 1909
2.37 1910
2.38 1911
2.38 1912
2.38 1913
2.38 1914
2.38 1915
2.38 1916
2.38 1917
2.38 1918
2.38 1919
2.39 1920
2.39 1921
2.39 1922
2.39 1923
2.39 1924
2.39 1925
2.39 1926
2.39 1927
2.4 1928
2.4 1929
2.4 1930
2.4 1931
2.4 1932
2.4 1933
2.4 1934
2.4 1935
2.4 1936
2.41 1937
2.41 1938
2.41 1939
2.41 1940
2.41 1941
2.41 1942
2.41 1943
2.41 1944
2.42 1945
2.42 1946
2.42 1947
2.42 1948
2.42 1949
2.42 1950
2.42 1951
2.42 1952
2.42 1953
2.43 1954
2.43 1955
2.43 1956
2.43 1957
2.43 1958
2.43 1959
2.43 1960
2.43 1961
2.43 1962
2.44 1963
2.44 1964
2.44 1965
2.44 1966
2.44 1967
2.44 1968
2.44 1969
2.44 1970
2.45 1971
2.45 1972
2.45 1973
2.45 1974
2.45 1975
2.45 1976
2.45 1977
2.45 1978
2.45 1979
2.46 1980
2.46 1981
2.46 1982
2.46 1983
2.46 1984
2.46 1985
2.46 1986
2.46 1987
2.46 1988
2.47 1989
2.47 1990
2.47 1991
2.47 1992
2.47 1993
2.47 1994
2.47 1995
2.47 1996
2.47 1997
2.48 1998
2.48 1999
2.48 2000
2.48 2001
2.48 2002
2.48 2003
2.48 2004
2.48 2005
2.49 2006
2.49 2007
2.49 2008
2.49 2009
2.49 2010
2.49 2011
2.49 2012
2.49 2013
2.49 2014
2.5 2015
2.5 2016
2.5 2017
2.5 2018
2.5 2019
2.5 2020
2.5 2021
2.5 2022
2.51 2023
2.51 2024
2.51 2025
2.51 2026
2.51 2027
2.51 2028
2.51 2029
2.51 2030
2.51 2031
2.52 2032
2.52 2033
2.52 2034
2.52 2035
2.52 2036
2.52 2037
2.52 2038
2.52 2039
2.52 2040
2.53 2041
2.53 2042
2.53 2043
2.53 2044
2.53 2045
2.53 2046
2.53 2047
2.53 2048
2.54 2049
2.54 2050
2.54 2051
2.54 2052
2.54 2053
2.54 2054
2.54 2055
2.54 2056
2.54 2057
2.55 2058
2.55 2059
2.55 2060
2.55 2061
2.55 2062
2.55 2063
2.55 2064
2.55 2065
2.55 2066
2.56 2067
2.56 2068
2.56 2069
2.56 2070
2.56 2071
2.56 2072
2.56 2073
2.56 2074
2.56 2075
2.57 2076
2.57 2077
2.57 2078
2.57 2079
2.57 2080
2.57 2081
2.57 2082
2.57 2083
2.58 2084
2.58 2085
2.58 2086
2.58 2087
2.58 2088
2.58 2089
2.58 2090
2.58 2091
2.59 2092
2.59 2093
2.59 2094
2.59 2095
2.59 2096
2.59 2097
2.59 2098
2.59 2099
2.59 2100
2.6 2101
2.6 2102
2.6 2103
2.6 2104
2.6 2105
2.6 2106
2.6 2107
2.6 2108
2.61 2109
2.61 2110
2.61 2111
2.61 2112
2.61 2113
2.61 2114
2.61 2115
2.61 2116
2.62 2117
2.62 2118
2.62 2119
2.62 2120
2.62 2121
2.62 2122
2.62 2123
2.62 2124
2.63 2125
2.63 2126
2.63 2127
2.63 2128
2.63 2129
2.63 2130
2.63 2131
2.64 2132
2.64 2133
2.64 2134
2.64 2135
2.64 2136
2.64 2137
2.64 2138
2.64 2139
2.65 2140
2.65 2141
2.65 2142
2.65 2143
2.65 2144
2.65 2145
2.65 2146
2.65 2147
2.65 2148
2.66 2149
2.66 2150
2.66 2151
2.66 2152
2.66 2153
2.66 2154
2.66 2155
2.66 2156
2.67 2157
2.67 2158
2.67 2159
2.67 2160
2.67 2161
2.67 2162
2.67 2163
2.67 2164
2.67 2165
2.68 2166
2.68 2167
2.68 2168
2.68 2169
2.68 2170
2.68 2171
2.68 2172
2.68 2173
2.69 2174
2.69 2175
2.69 2176
2.69 2177
2.69 2178
2.69 2179
2.69 2180
2.69 2181
2.69 2182
2.7 2183
2.7 2184
2.7 2185
2.7 2186
2.7 2187
2.7 2188
2.7 2189
2.7 2190
2.71 2191
2.71 2192
2.71 2193
2.71 2194
2.71 2195
2.71 2196
2.71 2197
2.71 2198
2.71 2199
2.72 2200
2.72 2201
2.72 2202
2.72 2203
2.72 2204
2.72 2205
2.72 2206
2.72 2207
2.72 2208
2.73 2209
2.73 2210
2.73 2211
2.73 2212
2.73 2213
2.73 2214
2.73 2215
2.73 2216
2.74 2217
2.74 2218
2.74 2219
2.74 2220
2.74 2221
2.74 2222
2.74 2223
2.74 2224
2.74 2225
2.75 2226
2.75 2227
2.75 2228
2.75 2229
2.75 2230
2.75 2231
2.75 2232
2.75 2233
2.75 2234
2.76 2235
2.76 2236
2.76 2237
2.76 2238
2.76 2239
2.76 2240
2.76 2241
2.76 2242
2.76 2243
2.77 2244
2.77 2245
2.77 2246
2.77 2247
2.77 2248
2.77 2249
2.77 2250
2.77 2251
2.78 2252
2.78 2253
2.78 2254
2.78 2255
2.78 2256
2.78 2257
2.78 2258
2.78 2259
2.78 2260
2.79 2261
2.79 2262
2.79 2263
2.79 2264
2.79 2265
2.79 2266
2.79 2267
2.79 2268
2.79 2269
2.8 2270
2.8 2271
2.8 2272
2.8 2273
2.8 2274
2.8 2275
2.8 2276
2.8 2277
2.8 2278
2.81 2279
2.81 2280
2.81 2281
2.81 2282
2.81 2283
2.81 2284
2.81 2285
2.81 2286
2.82 2287
2.82 2288
2.82 2289
2.82 2290
2.82 2291
2.82 2292
2.82 2293
2.82 2294
2.82 2295
2.83 2296
2.83 2297
2.83 2298
2.83 2299
2.83 2300
2.83 2301
2.83 2302
2.83 2303
2.83 2304
2.84 2305
2.84 2306
2.84 2307
2.84 2308
2.84 2309
2.84 2310
2.84 2311
2.84 2312
2.85 2313
2.85 2314
2.85 2315
2.85 2316
2.85 2317
2.85 2318
2.85 2319
2.85 2320
2.85 2321
2.86 2322
2.86 2323
2.86 2324
2.86 2325
2.86 2326
2.86 2327
2.86 2328
2.86 2329
2.87 2330
2.87 2331
2.87 2332
2.87 2333
2.87 2334
2.87 2335
2.87 2336
2.87 2337
2.88 2338
2.88 2339
2.88 2340
2.88 2341
2.88 2342
2.88 2343
2.88 2344
2.88 2345
2.89 2346
2.89 2347
2.89 2348
2.89 2349
2.89 2350
2.89 2351
2.89 2352
2.89 2353
2.89 2354
2.9 2355
2.9 2356
2.9 2357
2.9 2358
2.9 2359
2.9 2360
2.9 2361
2.9 2362
2.91 2363
2.91 2364
2.91 2365
2.91 2366
2.91 2367
2.91 2368
2.91 2369
2.91 2370
2.91 2371
2.92 2372
2.92 2373
2.92 2374
2.92 2375
2.92 2376
2.92 2377
2.92 2378
2.92 2379
2.92 2380
2.93 2381
2.93 2382
2.93 2383
2.93 2384
2.93 2385
2.93 2386
2.93 2387
2.93 2388
2.93 2389
2.94 2390
2.94 2391
2.94 2392
2.94 2393
2.94 2394
2.94 2395
2.94 2396
2.94 2397
2.95 2398
2.95 2399
2.95 2400
2.95 2401
2.95 2402
2.95 2403
2.95 2404
2.95 2405
2.95 2406
2.96 2407
2.96 2408
2.96 2409
2.96 2410
2.96 2411
2.96 2412
2.96 2413
2.96 2414
2.96 2415
2.97 2416
2.97 2417
2.97 2418
2.97 2419
2.97 2420
2.97 2421
2.97 2422
2.97 2423
2.97 2424
2.98 2425
2.98 2426
2.98 2427
2.98 2428
2.98 2429
2.98 2430
2.98 2431
2.98 2432
2.99 2433
2.99 2434
2.99 2435
2.99 2436
2.99 2437
2.99 2438
2.99 2439
2.99 2440
2.99 2441
3.0 2442
3.0 2443
3.0 2444
3.0 2445
3.0 2446
3.0 2447
