0.0 7610
0.0 7609.0
0.0 7608.0
0.0 7607.0
0.0 7606.0
0.0 7605.0
0.0 7604.0
0.0 7603.0
0.0 7602.0
0.0 7601.0
0.0 7600.0
0.0 7599.0
0.0 7598.0
0.0 7597.0
0.0 7596.0
0.0 7595.0
0.01 7594.0
0.01 7593.0
0.01 7592.0
0.01 7591.0
0.01 7590.0
0.01 7589.0
0.01 7588.0
0.01 7587.0
0.01 7586.0
0.01 7585.0
0.01 7584.0
0.01 7583.0
0.01 7582.0
0.01 7581.0
0.01 7580.0
0.01 7579.0
0.01 7578.0
0.01 7577.0
0.01 7576.0
0.01 7575.0
0.01 7574.0
0.01 7573.0
0.01 7572.0
0.01 7571.0
0.01 7570.0
0.01 7569.0
0.01 7568.0
0.01 7567.0
0.01 7566.0
0.01 7565.0
0.01 7564.0
0.01 7563.0
0.01 7562.0
0.01 7561.0
0.01 7560.0
0.01 7559.0
0.01 7558.0
0.01 7557.0
0.01 7556.0
0.01 7555.0
0.01 7554.0
0.01 7553.0
0.01 7552.0
0.01 7551.0
0.01 7550.0
0.02 7549.0
0.02 7548.0
0.02 7547.0
0.02 7546.0
0.02 7545.0
0.02 7544.0
0.02 7543.0
0.02 7542.0
0.02 7541.0
0.02 7540.0
0.02 7539.0
0.02 7538.0
0.02 7537.0
0.02 7536.0
0.02 7535.0
0.02 7534.0
0.02 7533.0
0.02 7532.0
0.02 7531.0
0.02 7530.0
0.02 7529.0
0.02 7528.0
0.02 7527.0
2.26 4607.0
5.1 4393.0
8.85 4323.0
11.89 4267.0
15.48 4237.0
17.8 4235.0
20.86 4208.0
23.59 4202.0
26.02 4201.0
26.03 4200.0
29.56 4181.0
32.72 4151.0
35.5 4144.0
38.35 4143.0
38.38 4142.0
41.3 4140.0
45.23 4106.0
48.61 4104.0
52.93 4103.0
54.63 4102.0
58.91 4101.0
58.99 4100.0
65.0 4099.0
