0.0 7610
0.01 7609.0
0.01 7608.0
0.01 7607.0
0.01 7606.0
0.01 7605.0
0.01 7604.0
0.01 7603.0
0.01 7602.0
0.02 7601.0
0.02 7600.0
0.02 7599.0
0.02 7598.0
0.02 7597.0
0.02 7596.0
0.02 7595.0
0.02 7594.0
0.02 7593.0
0.02 7592.0
0.02 7591.0
0.03 7590.0
0.03 7589.0
0.03 7588.0
0.03 7587.0
0.03 7586.0
0.03 7585.0
0.03 7584.0
0.03 7583.0
0.03 7582.0
0.03 7581.0
0.03 7580.0
0.03 7579.0
0.03 7578.0
0.03 7577.0
0.03 7576.0
0.04 7575.0
0.04 7574.0
0.04 7573.0
0.04 7572.0
0.04 7571.0
0.04 7570.0
0.04 7569.0
0.04 7568.0
0.05 7567.0
0.05 7566.0
0.05 7565.0
0.05 7564.0
0.05 7563.0
0.05 7562.0
0.05 7561.0
0.05 7560.0
0.05 7559.0
0.05 7558.0
0.05 7557.0
0.05 7556.0
0.05 7555.0
0.06 7554.0
0.06 7553.0
0.06 7552.0
0.06 7551.0
0.06 7550.0
0.06 7549.0
0.06 7548.0
0.06 7547.0
0.06 7546.0
0.06 7545.0
0.06 7544.0
0.06 7543.0
0.06 7542.0
0.06 7541.0
0.06 7540.0
0.06 7539.0
0.07 7538.0
0.07 7537.0
0.07 7536.0
0.07 7535.0
0.07 7534.0
0.07 7533.0
0.07 7532.0
0.07 7531.0
0.07 7530.0
0.07 7529.0
0.07 7528.0
0.07 7527.0
4.33 4607.0
9.97 4393.0
17.16 4323.0
23.14 4267.0
