0.0 2
0.0 3
0.0 4
0.0 5
0.01 6
0.01 7
0.01 8
0.01 9
0.01 10
0.01 11
0.01 12
0.01 13
0.01 14
0.01 15
0.02 16
0.02 17
0.02 18
0.02 19
0.02 20
0.02 21
0.02 22
0.02 23
0.02 24
0.02 25
0.02 26
0.03 27
0.03 28
0.03 29
0.03 30
0.03 31
0.03 32
0.03 33
0.03 34
0.03 35
0.03 36
0.04 37
0.04 38
0.04 39
0.04 40
0.04 41
0.04 42
0.04 43
0.04 44
0.04 45
0.04 46
0.04 47
0.05 48
0.05 49
0.05 50
0.05 51
0.05 52
0.05 53
0.05 54
0.05 55
0.05 56
0.05 57
0.06 58
0.06 59
0.06 60
0.06 61
0.06 62
0.06 63
0.06 64
0.06 65
0.06 66
0.06 67
0.06 68
0.07 69
0.07 70
0.07 71
0.07 72
0.07 73
0.07 74
0.07 75
0.07 76
0.07 77
0.07 78
0.07 79
0.08 80
0.08 81
0.08 82
0.08 83
0.08 84
0.08 85
0.08 86
0.08 87
0.08 88
0.08 89
0.09 90
0.09 91
0.09 92
0.09 93
0.09 94
0.09 95
0.09 96
0.09 97
0.09 98
0.09 99
0.09 100
0.1 101
0.1 102
0.1 103
0.1 104
0.1 105
0.1 106
0.1 107
0.1 108
0.1 109
0.1 110
0.11 111
0.11 112
0.11 113
0.11 114
0.11 115
0.11 116
0.11 117
0.11 118
0.11 119
0.11 120
0.11 121
0.12 122
0.12 123
0.12 124
0.12 125
0.12 126
0.12 127
0.12 128
0.12 129
0.12 130
0.12 131
0.13 132
0.13 133
0.13 134
0.13 135
0.13 136
0.13 137
0.13 138
0.13 139
0.13 140
0.13 141
0.14 142
0.14 143
0.14 144
0.14 145
0.14 146
0.14 147
0.14 148
0.14 149
0.14 150
0.14 151
0.15 152
0.15 153
0.15 154
0.15 155
0.15 156
0.15 157
0.15 158
0.15 159
0.15 160
0.15 161
0.16 162
0.16 163
0.16 164
0.16 165
0.16 166
0.16 167
0.16 168
0.16 169
0.16 170
0.16 171
0.16 172
0.17 173
0.17 174
0.17 175
0.17 176
0.17 177
0.17 178
0.17 179
0.17 180
0.17 181
0.17 182
0.17 183
0.18 184
0.18 185
0.18 186
0.18 187
0.18 188
0.18 189
0.18 190
0.18 191
0.18 192
0.18 193
0.18 194
0.19 195
0.19 196
0.19 197
0.19 198
0.19 199
0.19 200
0.19 201
0.19 202
0.19 203
0.19 204
0.2 205
0.2 206
0.2 207
0.2 208
0.2 209
0.2 210
0.2 211
0.2 212
0.2 213
0.2 214
0.2 215
0.21 216
0.21 217
0.21 218
0.21 219
0.21 220
0.21 221
0.21 222
0.21 223
0.21 224
0.21 225
0.21 226
0.22 227
0.22 228
0.22 229
0.22 230
0.22 231
0.22 232
0.22 233
0.22 234
0.22 235
0.22 236
0.23 237
0.23 238
0.23 239
0.23 240
0.23 241
0.23 242
0.23 243
0.23 244
0.23 245
0.23 246
0.23 247
0.24 248
0.24 249
0.24 250
0.24 251
0.24 252
0.24 253
0.24 254
0.24 255
0.24 256
0.24 257
0.24 258
0.25 259
0.25 260
0.25 261
0.25 262
0.25 263
0.25 264
0.25 265
0.25 266
0.25 267
0.25 268
0.25 269
0.26 270
0.26 271
0.26 272
0.26 273
0.26 274
0.26 275
0.26 276
0.26 277
0.26 278
0.26 279
0.27 280
0.27 281
0.27 282
0.27 283
0.27 284
0.27 285
0.27 286
0.27 287
0.27 288
0.27 289
0.27 290
0.28 291
0.28 292
0.28 293
0.28 294
0.28 295
0.28 296
0.28 297
0.28 298
0.28 299
0.28 300
0.28 301
0.29 302
0.29 303
0.29 304
0.29 305
0.29 306
0.29 307
0.29 308
0.29 309
0.29 310
0.29 311
0.29 312
0.3 313
0.3 314
0.3 315
0.3 316
0.3 317
0.3 318
0.3 319
0.3 320
0.3 321
0.3 322
0.31 323
0.31 324
0.31 325
0.31 326
0.31 327
0.31 328
0.31 329
0.31 330
0.31 331
0.31 332
0.31 333
0.32 334
0.32 335
0.32 336
0.32 337
0.32 338
0.32 339
0.32 340
0.32 341
0.32 342
0.32 343
0.32 344
0.33 345
0.33 346
0.33 347
0.33 348
0.33 349
0.33 350
0.33 351
0.33 352
0.33 353
0.33 354
0.33 355
0.34 356
0.34 357
0.34 358
0.34 359
0.34 360
0.34 361
0.34 362
0.34 363
0.34 364
0.34 365
0.34 366
0.35 367
0.35 368
0.35 369
0.35 370
0.35 371
0.35 372
0.35 373
0.35 374
0.35 375
0.35 376
0.36 377
0.36 378
0.36 379
0.36 380
0.36 381
0.36 382
0.36 383
0.36 384
0.36 385
0.36 386
0.37 387
0.37 388
0.37 389
0.37 390
0.37 391
0.37 392
0.37 393
0.37 394
0.37 395
0.37 396
0.37 397
0.38 398
0.38 399
0.38 400
0.38 401
0.38 402
0.38 403
0.38 404
0.38 405
0.38 406
0.38 407
0.39 408
0.39 409
0.39 410
0.39 411
0.39 412
0.39 413
0.39 414
0.39 415
0.39 416
0.39 417
0.4 418
0.4 419
0.4 420
0.4 421
0.4 422
0.4 423
0.4 424
0.4 425
0.41 426
0.41 427
0.41 428
0.41 429
0.41 430
0.41 431
0.41 432
0.41 433
0.41 434
0.41 435
0.42 436
0.42 437
0.42 438
0.42 439
0.42 440
0.42 441
0.42 442
0.42 443
0.42 444
0.42 445
0.43 446
0.43 447
0.43 448
0.43 449
0.43 450
0.43 451
0.43 452
0.43 453
0.43 454
0.43 455
0.44 456
0.44 457
0.44 458
0.44 459
0.44 460
0.44 461
0.44 462
0.44 463
0.44 464
0.44 465
0.44 466
0.45 467
0.45 468
0.45 469
0.45 470
0.45 471
0.45 472
0.45 473
0.45 474
0.45 475
0.45 476
0.45 477
0.46 478
0.46 479
0.46 480
0.46 481
0.46 482
0.46 483
0.46 484
0.46 485
0.46 486
0.46 487
0.47 488
0.47 489
0.47 490
0.47 491
0.47 492
0.47 493
0.47 494
0.47 495
0.47 496
0.47 497
0.47 498
0.48 499
0.48 500
0.48 501
0.48 502
0.48 503
0.48 504
0.48 505
0.48 506
0.48 507
0.48 508
0.49 509
0.49 510
0.49 511
0.49 512
0.49 513
0.49 514
0.49 515
0.49 516
0.49 517
0.49 518
0.5 519
0.5 520
0.5 521
0.5 522
0.5 523
0.5 524
0.5 525
0.5 526
0.5 527
0.5 528
0.5 529
0.51 530
0.51 531
0.51 532
0.51 533
0.51 534
0.51 535
0.51 536
0.51 537
0.51 538
0.51 539
0.52 540
0.52 541
0.52 542
0.52 543
0.52 544
0.52 545
0.52 546
0.52 547
0.52 548
0.52 549
0.52 550
0.53 551
0.53 552
0.53 553
0.53 554
0.53 555
0.53 556
0.53 557
0.53 558
0.53 559
0.53 560
0.54 561
0.54 562
0.54 563
0.54 564
0.54 565
0.54 566
0.54 567
0.54 568
0.54 569
0.54 570
0.54 571
0.55 572
0.55 573
0.55 574
0.55 575
0.55 576
0.55 577
0.55 578
0.55 579
0.55 580
0.55 581
0.56 582
0.56 583
0.56 584
0.56 585
0.56 586
0.56 587
0.56 588
0.56 589
0.56 590
0.56 591
0.57 592
0.57 593
0.57 594
0.57 595
0.57 596
0.57 597
0.57 598
0.57 599
0.57 600
0.58 601
0.58 602
0.58 603
0.58 604
0.58 605
0.58 606
0.58 607
0.58 608
0.58 609
0.58 610
0.58 611
0.59 612
0.59 613
0.59 614
0.59 615
0.59 616
0.59 617
0.59 618
0.59 619
0.59 620
0.59 621
0.6 622
0.6 623
0.6 624
0.6 625
0.6 626
0.6 627
0.6 628
0.6 629
0.6 630
0.6 631
0.61 632
0.61 633
0.61 634
0.61 635
0.61 636
0.61 637
0.61 638
0.61 639
0.61 640
0.61 641
0.62 642
0.62 643
0.62 644
0.62 645
0.62 646
0.62 647
0.62 648
0.62 649
0.62 650
0.62 651
0.63 652
0.63 653
0.63 654
0.63 655
0.63 656
0.63 657
0.63 658
0.63 659
0.63 660
0.63 661
0.64 662
0.64 663
0.64 664
0.64 665
0.64 666
0.64 667
0.64 668
0.64 669
0.64 670
0.64 671
0.65 672
0.65 673
0.65 674
0.65 675
0.65 676
0.65 677
0.65 678
0.65 679
0.65 680
0.65 681
0.66 682
0.66 683
0.66 684
0.66 685
0.66 686
0.66 687
0.66 688
0.66 689
0.66 690
0.66 691
0.67 692
0.67 693
0.67 694
0.67 695
0.67 696
0.67 697
0.67 698
0.67 699
0.67 700
0.67 701
0.68 702
0.68 703
0.68 704
0.68 705
0.68 706
0.68 707
0.68 708
0.68 709
0.68 710
0.68 711
0.69 712
0.69 713
0.69 714
0.69 715
0.69 716
0.69 717
0.69 718
0.69 719
0.69 720
0.69 721
0.69 722
0.7 723
0.7 724
0.7 725
0.7 726
0.7 727
0.7 728
0.7 729
0.7 730
0.7 731
0.7 732
0.7 733
0.71 734
0.71 735
0.71 736
0.71 737
0.71 738
0.71 739
0.71 740
0.71 741
0.71 742
0.71 743
0.72 744
0.72 745
0.72 746
0.72 747
0.72 748
0.72 749
0.72 750
0.72 751
0.72 752
0.72 753
0.72 754
0.73 755
0.73 756
0.73 757
0.73 758
0.73 759
0.73 760
0.73 761
0.73 762
0.73 763
0.73 764
0.74 765
0.74 766
0.74 767
0.74 768
0.74 769
0.74 770
0.74 771
0.74 772
0.74 773
0.74 774
0.75 775
0.75 776
0.75 777
0.75 778
0.75 779
0.75 780
0.75 781
0.75 782
0.75 783
0.75 784
0.75 785
0.76 786
0.76 787
0.76 788
0.76 789
0.76 790
0.76 791
0.76 792
0.76 793
0.76 794
0.76 795
0.77 796
0.77 797
0.77 798
0.77 799
0.77 800
0.77 801
0.77 802
0.77 803
0.77 804
0.77 805
0.78 806
0.78 807
0.78 808
0.78 809
0.78 810
0.78 811
0.78 812
0.78 813
0.78 814
0.78 815
0.78 816
0.79 817
0.79 818
0.79 819
0.79 820
0.79 821
0.79 822
0.79 823
0.79 824
0.79 825
0.79 826
0.8 827
0.8 828
0.8 829
0.8 830
0.8 831
0.8 832
0.8 833
0.8 834
0.8 835
0.8 836
0.81 837
0.81 838
0.81 839
0.81 840
0.81 841
0.81 842
0.81 843
0.81 844
0.81 845
0.81 846
0.81 847
0.82 848
0.82 849
0.82 850
0.82 851
0.82 852
0.82 853
0.82 854
0.82 855
0.82 856
0.82 857
0.83 858
0.83 859
0.83 860
0.83 861
0.83 862
0.83 863
0.83 864
0.83 865
0.83 866
0.83 867
0.84 868
0.84 869
0.84 870
0.84 871
0.84 872
0.84 873
0.84 874
0.84 875
0.84 876
0.84 877
0.84 878
0.85 879
0.85 880
0.85 881
0.85 882
0.85 883
0.85 884
0.85 885
0.85 886
0.85 887
0.85 888
0.86 889
0.86 890
0.86 891
0.86 892
0.86 893
0.86 894
0.86 895
0.86 896
0.86 897
0.86 898
0.87 899
0.87 900
0.87 901
0.87 902
0.87 903
0.87 904
0.87 905
0.87 906
0.87 907
0.87 908
0.87 909
0.88 910
0.88 911
0.88 912
0.88 913
0.88 914
0.88 915
0.88 916
0.88 917
0.88 918
0.88 919
0.89 920
0.89 921
0.89 922
0.89 923
0.89 924
0.89 925
0.89 926
0.89 927
0.89 928
0.9 929
0.9 930
0.9 931
0.9 932
0.9 933
0.9 934
0.9 935
0.9 936
0.9 937
0.9 938
0.91 939
0.91 940
0.91 941
0.91 942
0.91 943
0.91 944
0.91 945
0.91 946
0.91 947
0.91 948
0.92 949
0.92 950
0.92 951
0.92 952
0.92 953
0.92 954
0.92 955
0.92 956
0.92 957
0.92 958
0.93 959
0.93 960
0.93 961
0.93 962
0.93 963
0.93 964
0.93 965
0.93 966
0.93 967
0.94 968
0.94 969
0.94 970
0.94 971
0.94 972
0.94 973
0.94 974
0.94 975
0.94 976
0.94 977
0.95 978
0.95 979
0.95 980
0.95 981
0.95 982
0.95 983
0.95 984
0.95 985
0.95 986
0.95 987
0.96 988
0.96 989
0.96 990
0.96 991
0.96 992
0.96 993
0.96 994
0.96 995
0.96 996
0.96 997
0.96 998
0.97 999
0.97 1000
0.97 1001
0.97 1002
0.97 1003
0.97 1004
0.97 1005
0.97 1006
0.97 1007
0.97 1008
0.98 1009
0.98 1010
0.98 1011
0.98 1012
0.98 1013
0.98 1014
0.98 1015
0.98 1016
0.98 1017
0.98 1018
0.99 1019
0.99 1020
0.99 1021
0.99 1022
0.99 1023
0.99 1024
0.99 1025
0.99 1026
0.99 1027
0.99 1028
0.99 1029
1.0 1030
1.0 1031
1.0 1032
1.0 1033
1.0 1034
1.0 1035
1.0 1036
1.0 1037
1.0 1038
1.0 1039
1.01 1040
1.01 1041
1.01 1042
1.01 1043
1.01 1044
1.01 1045
1.01 1046
1.01 1047
1.01 1048
1.01 1049
1.01 1050
1.02 1051
1.02 1052
1.02 1053
1.02 1054
1.02 1055
1.02 1056
1.02 1057
1.02 1058
1.02 1059
1.02 1060
1.03 1061
1.03 1062
1.03 1063
1.03 1064
1.03 1065
1.03 1066
1.03 1067
1.03 1068
1.03 1069
1.03 1070
1.04 1071
1.04 1072
1.04 1073
1.04 1074
1.04 1075
1.04 1076
1.04 1077
1.04 1078
1.04 1079
1.04 1080
1.05 1081
1.05 1082
1.05 1083
1.05 1084
1.05 1085
1.05 1086
1.05 1087
1.05 1088
1.05 1089
1.05 1090
1.05 1091
1.06 1092
1.06 1093
1.06 1094
1.06 1095
1.06 1096
1.06 1097
1.06 1098
1.06 1099
1.06 1100
1.06 1101
1.07 1102
1.07 1103
1.07 1104
1.07 1105
1.07 1106
1.07 1107
1.07 1108
1.07 1109
1.07 1110
1.07 1111
1.08 1112
1.08 1113
1.08 1114
1.08 1115
1.08 1116
1.08 1117
1.08 1118
1.08 1119
1.08 1120
1.08 1121
1.09 1122
1.09 1123
1.09 1124
1.09 1125
1.09 1126
1.09 1127
1.09 1128
1.09 1129
1.09 1130
1.09 1131
1.1 1132
1.1 1133
1.1 1134
1.1 1135
1.1 1136
1.1 1137
1.1 1138
1.1 1139
1.1 1140
1.1 1141
1.1 1142
1.11 1143
1.11 1144
1.11 1145
1.11 1146
1.11 1147
1.11 1148
1.11 1149
1.11 1150
1.11 1151
1.11 1152
1.12 1153
1.12 1154
1.12 1155
1.12 1156
1.12 1157
1.12 1158
1.12 1159
1.12 1160
1.12 1161
1.12 1162
1.12 1163
1.13 1164
1.13 1165
1.13 1166
1.13 1167
1.13 1168
1.13 1169
1.13 1170
1.13 1171
1.13 1172
1.13 1173
1.14 1174
1.14 1175
1.14 1176
1.14 1177
1.14 1178
1.14 1179
1.14 1180
1.14 1181
1.14 1182
1.14 1183
1.15 1184
1.15 1185
1.15 1186
1.15 1187
1.15 1188
1.15 1189
1.15 1190
1.15 1191
1.15 1192
1.16 1193
1.16 1194
1.16 1195
1.16 1196
1.16 1197
1.16 1198
1.16 1199
1.16 1200
1.16 1201
1.16 1202
1.17 1203
1.17 1204
1.17 1205
1.17 1206
1.17 1207
1.17 1208
1.17 1209
1.17 1210
1.17 1211
1.17 1212
1.18 1213
1.18 1214
1.18 1215
1.18 1216
1.18 1217
1.18 1218
1.18 1219
1.18 1220
1.18 1221
1.19 1222
1.19 1223
1.19 1224
1.19 1225
1.19 1226
1.19 1227
1.19 1228
1.19 1229
1.19 1230
1.19 1231
1.2 1232
1.2 1233
1.2 1234
1.2 1235
1.2 1236
1.2 1237
1.2 1238
1.2 1239
1.2 1240
1.2 1241
1.21 1242
1.21 1243
1.21 1244
1.21 1245
1.21 1246
1.21 1247
1.21 1248
1.21 1249
1.21 1250
1.22 1251
1.22 1252
1.22 1253
1.22 1254
1.22 1255
1.22 1256
1.22 1257
1.22 1258
1.22 1259
1.22 1260
1.22 1261
1.23 1262
1.23 1263
1.23 1264
1.23 1265
1.23 1266
1.23 1267
1.23 1268
1.23 1269
1.23 1270
1.23 1271
1.24 1272
1.24 1273
1.24 1274
1.24 1275
1.24 1276
1.24 1277
1.24 1278
1.24 1279
1.24 1280
1.24 1281
1.25 1282
1.25 1283
1.25 1284
1.25 1285
1.25 1286
1.25 1287
1.25 1288
1.25 1289
1.25 1290
1.25 1291
1.26 1292
1.26 1293
1.26 1294
1.26 1295
1.26 1296
1.26 1297
1.26 1298
1.26 1299
1.26 1300
1.26 1301
1.27 1302
1.27 1303
1.27 1304
1.27 1305
1.27 1306
1.27 1307
1.27 1308
1.27 1309
1.27 1310
1.27 1311
1.27 1312
1.28 1313
1.28 1314
1.28 1315
1.28 1316
1.28 1317
1.28 1318
1.28 1319
1.28 1320
1.28 1321
1.28 1322
1.29 1323
1.29 1324
1.29 1325
1.29 1326
1.29 1327
1.29 1328
1.29 1329
1.29 1330
1.29 1331
1.29 1332
1.3 1333
1.3 1334
1.3 1335
1.3 1336
1.3 1337
1.3 1338
1.3 1339
1.3 1340
1.3 1341
1.3 1342
1.31 1343
1.31 1344
1.31 1345
1.31 1346
1.31 1347
1.31 1348
1.31 1349
1.31 1350
1.31 1351
1.31 1352
1.32 1353
1.32 1354
1.32 1355
1.32 1356
1.32 1357
1.32 1358
1.32 1359
1.32 1360
1.32 1361
1.32 1362
1.33 1363
1.33 1364
1.33 1365
1.33 1366
1.33 1367
1.33 1368
1.33 1369
1.33 1370
1.33 1371
1.33 1372
1.33 1373
1.34 1374
1.34 1375
1.34 1376
1.34 1377
1.34 1378
1.34 1379
1.34 1380
1.34 1381
1.34 1382
1.34 1383
1.35 1384
1.35 1385
1.35 1386
1.35 1387
1.35 1388
1.35 1389
1.35 1390
1.35 1391
1.35 1392
1.35 1393
1.36 1394
1.36 1395
1.36 1396
1.36 1397
1.36 1398
1.36 1399
1.36 1400
1.36 1401
1.36 1402
1.36 1403
1.36 1404
1.37 1405
1.37 1406
1.37 1407
1.37 1408
1.37 1409
1.37 1410
1.37 1411
1.37 1412
1.37 1413
1.37 1414
1.38 1415
1.38 1416
1.38 1417
1.38 1418
1.38 1419
1.38 1420
1.38 1421
1.38 1422
1.38 1423
1.38 1424
1.39 1425
1.39 1426
1.39 1427
1.39 1428
1.39 1429
1.39 1430
1.39 1431
1.39 1432
1.39 1433
1.39 1434
1.4 1435
1.4 1436
1.4 1437
1.4 1438
1.4 1439
1.4 1440
1.4 1441
1.4 1442
1.4 1443
1.4 1444
1.41 1445
1.41 1446
1.41 1447
1.41 1448
1.41 1449
1.41 1450
1.41 1451
1.41 1452
1.41 1453
1.41 1454
1.41 1455
1.42 1456
1.42 1457
1.42 1458
1.42 1459
1.42 1460
1.42 1461
1.42 1462
1.42 1463
1.42 1464
1.42 1465
1.43 1466
1.43 1467
1.43 1468
1.43 1469
1.43 1470
1.43 1471
1.43 1472
1.43 1473
1.43 1474
1.43 1475
1.44 1476
1.44 1477
1.44 1478
1.44 1479
1.44 1480
1.44 1481
1.44 1482
1.44 1483
1.44 1484
1.44 1485
1.45 1486
1.45 1487
1.45 1488
1.45 1489
1.45 1490
1.45 1491
1.45 1492
1.45 1493
1.45 1494
1.45 1495
1.46 1496
1.46 1497
1.46 1498
1.46 1499
1.46 1500
1.46 1501
1.46 1502
1.46 1503
1.46 1504
1.46 1505
1.47 1506
1.47 1507
1.47 1508
1.47 1509
1.47 1510
1.47 1511
1.47 1512
1.47 1513
1.47 1514
1.47 1515
1.48 1516
1.48 1517
1.48 1518
1.48 1519
1.48 1520
1.48 1521
1.48 1522
1.48 1523
1.48 1524
1.48 1525
1.49 1526
1.49 1527
1.49 1528
1.49 1529
1.49 1530
1.49 1531
1.49 1532
1.49 1533
1.49 1534
1.49 1535
1.49 1536
1.5 1537
1.5 1538
1.5 1539
1.5 1540
1.5 1541
1.5 1542
1.5 1543
1.5 1544
1.5 1545
1.5 1546
1.51 1547
1.51 1548
1.51 1549
1.51 1550
1.51 1551
1.51 1552
1.51 1553
1.51 1554
1.51 1555
1.51 1556
1.52 1557
1.52 1558
1.52 1559
1.52 1560
1.52 1561
1.52 1562
1.52 1563
1.52 1564
1.52 1565
1.52 1566
1.52 1567
1.53 1568
1.53 1569
1.53 1570
1.53 1571
1.53 1572
1.53 1573
1.53 1574
1.53 1575
1.54 1576
1.54 1577
1.54 1578
1.54 1579
1.54 1580
1.54 1581
1.54 1582
1.54 1583
1.54 1584
1.54 1585
1.54 1586
1.55 1587
1.55 1588
1.55 1589
1.55 1590
1.55 1591
1.55 1592
1.55 1593
1.55 1594
1.55 1595
1.55 1596
1.56 1597
1.56 1598
1.56 1599
1.56 1600
1.56 1601
1.56 1602
1.56 1603
1.56 1604
1.56 1605
1.56 1606
1.56 1607
1.57 1608
1.57 1609
1.57 1610
1.57 1611
1.57 1612
1.57 1613
1.57 1614
1.57 1615
1.57 1616
1.57 1617
1.58 1618
1.58 1619
1.58 1620
1.58 1621
1.58 1622
1.58 1623
1.58 1624
1.58 1625
1.58 1626
1.58 1627
1.58 1628
1.59 1629
1.59 1630
1.59 1631
1.59 1632
1.59 1633
1.59 1634
1.59 1635
1.59 1636
1.59 1637
1.59 1638
1.59 1639
1.6 1640
1.6 1641
1.6 1642
1.6 1643
1.6 1644
1.6 1645
1.6 1646
1.6 1647
1.6 1648
1.6 1649
1.61 1650
1.61 1651
1.61 1652
1.61 1653
1.61 1654
1.61 1655
1.61 1656
1.61 1657
1.61 1658
1.61 1659
1.62 1660
1.62 1661
1.62 1662
1.62 1663
1.62 1664
1.62 1665
1.62 1666
1.62 1667
1.62 1668
1.62 1669
1.62 1670
1.63 1671
1.63 1672
1.63 1673
1.63 1674
1.63 1675
1.63 1676
1.63 1677
1.63 1678
1.63 1679
1.63 1680
1.64 1681
1.64 1682
1.64 1683
1.64 1684
1.64 1685
1.64 1686
1.64 1687
1.64 1688
1.64 1689
1.64 1690
1.65 1691
1.65 1692
1.65 1693
1.65 1694
1.65 1695
1.65 1696
1.65 1697
1.65 1698
1.65 1699
1.65 1700
1.65 1701
1.66 1702
1.66 1703
1.66 1704
1.66 1705
1.66 1706
1.66 1707
1.66 1708
1.66 1709
1.66 1710
1.66 1711
1.67 1712
1.67 1713
1.67 1714
1.67 1715
1.67 1716
1.67 1717
1.67 1718
1.67 1719
1.67 1720
1.67 1721
1.67 1722
1.68 1723
1.68 1724
1.68 1725
1.68 1726
1.68 1727
1.68 1728
1.68 1729
1.68 1730
1.68 1731
1.68 1732
1.69 1733
1.69 1734
1.69 1735
1.69 1736
1.69 1737
1.69 1738
1.69 1739
1.69 1740
1.69 1741
1.69 1742
1.7 1743
1.7 1744
1.7 1745
1.7 1746
1.7 1747
1.7 1748
1.7 1749
1.7 1750
1.7 1751
1.7 1752
1.71 1753
1.71 1754
1.71 1755
1.71 1756
1.71 1757
1.71 1758
1.71 1759
1.71 1760
1.71 1761
1.71 1762
1.72 1763
1.72 1764
1.72 1765
1.72 1766
1.72 1767
1.72 1768
1.72 1769
1.72 1770
1.72 1771
1.72 1772
1.73 1773
1.73 1774
1.73 1775
1.73 1776
1.73 1777
1.73 1778
1.73 1779
1.73 1780
1.73 1781
1.74 1782
1.74 1783
1.74 1784
1.74 1785
1.74 1786
1.74 1787
1.74 1788
1.74 1789
1.74 1790
1.74 1791
1.75 1792
1.75 1793
1.75 1794
1.75 1795
1.75 1796
1.75 1797
1.75 1798
1.75 1799
1.75 1800
1.75 1801
1.76 1802
1.76 1803
1.76 1804
1.76 1805
1.76 1806
1.76 1807
1.76 1808
1.76 1809
1.76 1810
1.76 1811
1.76 1812
1.77 1813
1.77 1814
1.77 1815
1.77 1816
1.77 1817
1.77 1818
1.77 1819
1.77 1820
1.77 1821
1.77 1822
1.78 1823
1.78 1824
1.78 1825
1.78 1826
1.78 1827
1.78 1828
1.78 1829
1.78 1830
1.78 1831
1.78 1832
1.78 1833
1.79 1834
1.79 1835
1.79 1836
1.79 1837
1.79 1838
1.79 1839
1.79 1840
1.79 1841
1.79 1842
1.79 1843
1.8 1844
1.8 1845
1.8 1846
1.8 1847
1.8 1848
1.8 1849
1.8 1850
1.8 1851
1.8 1852
1.8 1853
1.8 1854
1.81 1855
1.81 1856
1.81 1857
1.81 1858
1.81 1859
1.81 1860
1.81 1861
1.81 1862
1.81 1863
1.81 1864
1.82 1865
1.82 1866
1.82 1867
1.82 1868
1.82 1869
1.82 1870
1.82 1871
1.82 1872
1.82 1873
1.82 1874
1.82 1875
1.83 1876
1.83 1877
1.83 1878
1.83 1879
1.83 1880
1.83 1881
1.83 1882
1.83 1883
1.83 1884
1.83 1885
1.84 1886
1.84 1887
1.84 1888
1.84 1889
1.84 1890
1.84 1891
1.84 1892
1.84 1893
1.84 1894
1.84 1895
1.85 1896
1.85 1897
1.85 1898
1.85 1899
1.85 1900
1.85 1901
1.85 1902
1.85 1903
1.85 1904
1.85 1905
1.85 1906
1.86 1907
1.86 1908
1.86 1909
1.86 1910
1.86 1911
1.86 1912
1.86 1913
1.86 1914
1.86 1915
1.86 1916
1.87 1917
1.87 1918
1.87 1919
1.87 1920
1.87 1921
1.87 1922
1.87 1923
1.87 1924
1.87 1925
1.87 1926
1.87 1927
1.88 1928
1.88 1929
1.88 1930
1.88 1931
1.88 1932
1.88 1933
1.88 1934
1.88 1935
1.88 1936
1.88 1937
1.89 1938
1.89 1939
1.89 1940
1.89 1941
1.89 1942
1.89 1943
1.89 1944
1.89 1945
1.89 1946
1.89 1947
1.89 1948
1.9 1949
1.9 1950
1.9 1951
1.9 1952
1.9 1953
1.9 1954
1.9 1955
1.9 1956
1.9 1957
1.9 1958
1.91 1959
1.91 1960
1.91 1961
1.91 1962
1.91 1963
1.91 1964
1.91 1965
1.91 1966
1.91 1967
1.91 1968
1.91 1969
1.92 1970
1.92 1971
1.92 1972
1.92 1973
1.92 1974
1.92 1975
1.92 1976
1.92 1977
1.92 1978
1.92 1979
1.93 1980
1.93 1981
1.93 1982
1.93 1983
1.93 1984
1.93 1985
1.93 1986
1.93 1987
1.93 1988
1.93 1989
1.93 1990
1.94 1991
1.94 1992
1.94 1993
1.94 1994
1.94 1995
1.94 1996
1.94 1997
1.94 1998
1.94 1999
1.94 2000
1.94 2001
1.95 2002
1.95 2003
1.95 2004
1.95 2005
1.95 2006
1.95 2007
1.95 2008
1.95 2009
1.95 2010
1.95 2011
1.96 2012
1.96 2013
1.96 2014
1.96 2015
1.96 2016
1.96 2017
1.96 2018
1.96 2019
1.96 2020
1.96 2021
1.97 2022
1.97 2023
1.97 2024
1.97 2025
1.97 2026
1.97 2027
1.97 2028
1.97 2029
1.97 2030
1.97 2031
1.97 2032
1.98 2033
1.98 2034
1.98 2035
1.98 2036
1.98 2037
1.98 2038
1.98 2039
1.98 2040
1.98 2041
1.98 2042
1.99 2043
1.99 2044
1.99 2045
1.99 2046
1.99 2047
1.99 2048
1.99 2049
1.99 2050
1.99 2051
1.99 2052
1.99 2053
2.0 2054
2.0 2055
2.0 2056
2.0 2057
2.0 2058
2.0 2059
2.0 2060
2.0 2061
2.0 2062
2.0 2063
2.01 2064
2.01 2065
2.01 2066
2.01 2067
2.01 2068
2.01 2069
2.01 2070
2.01 2071
2.01 2072
2.01 2073
2.02 2074
2.02 2075
2.02 2076
2.02 2077
2.02 2078
2.02 2079
2.02 2080
2.02 2081
2.02 2082
2.02 2083
2.02 2084
2.03 2085
2.03 2086
2.03 2087
2.03 2088
2.03 2089
2.03 2090
2.03 2091
2.03 2092
2.03 2093
2.03 2094
2.03 2095
2.04 2096
2.04 2097
2.04 2098
2.04 2099
2.04 2100
2.04 2101
2.04 2102
2.04 2103
2.04 2104
2.04 2105
2.05 2106
2.05 2107
2.05 2108
2.05 2109
2.05 2110
2.05 2111
2.05 2112
2.05 2113
2.05 2114
2.05 2115
2.05 2116
2.06 2117
2.06 2118
2.06 2119
2.06 2120
2.06 2121
2.06 2122
2.06 2123
2.06 2124
2.06 2125
2.06 2126
2.07 2127
2.07 2128
2.07 2129
2.07 2130
2.07 2131
2.07 2132
2.07 2133
2.07 2134
2.07 2135
2.07 2136
2.07 2137
2.08 2138
2.08 2139
2.08 2140
2.08 2141
2.08 2142
2.08 2143
2.08 2144
2.08 2145
2.08 2146
2.08 2147
2.09 2148
2.09 2149
2.09 2150
2.09 2151
2.09 2152
2.09 2153
2.09 2154
2.09 2155
2.09 2156
2.09 2157
2.1 2158
2.1 2159
2.1 2160
2.1 2161
2.1 2162
2.1 2163
2.1 2164
2.1 2165
2.1 2166
2.1 2167
2.1 2168
2.11 2169
2.11 2170
2.11 2171
2.11 2172
2.11 2173
2.11 2174
2.11 2175
2.11 2176
2.11 2177
2.11 2178
2.12 2179
2.12 2180
2.12 2181
2.12 2182
2.12 2183
2.12 2184
2.12 2185
2.12 2186
2.12 2187
2.12 2188
2.13 2189
2.13 2190
2.13 2191
2.13 2192
2.13 2193
2.13 2194
2.13 2195
2.13 2196
2.13 2197
2.13 2198
2.13 2199
2.14 2200
2.14 2201
2.14 2202
2.14 2203
2.14 2204
2.14 2205
2.14 2206
2.14 2207
2.14 2208
2.15 2209
2.15 2210
2.15 2211
2.15 2212
2.15 2213
2.15 2214
2.15 2215
2.15 2216
2.15 2217
2.15 2218
2.16 2219
2.16 2220
2.16 2221
2.16 2222
2.16 2223
2.16 2224
2.16 2225
2.16 2226
2.16 2227
2.16 2228
2.17 2229
2.17 2230
2.17 2231
2.17 2232
2.17 2233
2.17 2234
2.17 2235
2.17 2236
2.17 2237
2.17 2238
2.18 2239
2.18 2240
2.18 2241
2.18 2242
2.18 2243
2.18 2244
2.18 2245
2.18 2246
2.18 2247
2.18 2248
2.19 2249
2.19 2250
2.19 2251
2.19 2252
2.19 2253
2.19 2254
2.19 2255
2.19 2256
2.19 2257
2.19 2258
2.19 2259
2.2 2260
2.2 2261
2.2 2262
2.2 2263
2.2 2264
2.2 2265
2.2 2266
2.2 2267
2.2 2268
2.2 2269
2.21 2270
2.21 2271
2.21 2272
2.21 2273
2.21 2274
2.21 2275
2.21 2276
2.21 2277
2.21 2278
2.21 2279
2.22 2280
2.22 2281
2.22 2282
2.22 2283
2.22 2284
2.22 2285
2.22 2286
2.22 2287
2.22 2288
2.22 2289
2.23 2290
2.23 2291
2.23 2292
2.23 2293
2.23 2294
2.23 2295
2.23 2296
2.23 2297
2.23 2298
2.23 2299
2.24 2300
2.24 2301
2.24 2302
2.24 2303
2.24 2304
2.24 2305
2.24 2306
2.24 2307
2.24 2308
2.24 2309
2.25 2310
2.25 2311
2.25 2312
2.25 2313
2.25 2314
2.25 2315
2.25 2316
2.25 2317
2.25 2318
2.25 2319
2.26 2320
2.26 2321
2.26 2322
2.26 2323
2.26 2324
2.26 2325
2.26 2326
2.26 2327
2.26 2328
2.26 2329
2.27 2330
2.27 2331
2.27 2332
2.27 2333
2.27 2334
2.27 2335
2.27 2336
2.27 2337
2.27 2338
2.27 2339
2.28 2340
2.28 2341
2.28 2342
2.28 2343
2.28 2344
2.28 2345
2.28 2346
2.28 2347
2.28 2348
2.28 2349
2.29 2350
2.29 2351
2.29 2352
2.29 2353
2.29 2354
2.29 2355
2.29 2356
2.29 2357
2.29 2358
2.29 2359
2.29 2360
2.3 2361
2.3 2362
2.3 2363
2.3 2364
2.3 2365
2.3 2366
2.3 2367
2.3 2368
2.3 2369
2.3 2370
2.31 2371
2.31 2372
2.31 2373
2.31 2374
2.31 2375
2.31 2376
2.31 2377
2.31 2378
2.31 2379
2.31 2380
2.31 2381
2.32 2382
2.32 2383
2.32 2384
2.32 2385
2.32 2386
2.32 2387
2.32 2388
2.32 2389
2.32 2390
2.32 2391
2.32 2392
2.33 2393
2.33 2394
2.33 2395
2.33 2396
2.33 2397
2.33 2398
2.33 2399
2.33 2400
2.33 2401
2.33 2402
2.33 2403
2.34 2404
2.34 2405
2.34 2406
2.34 2407
2.34 2408
2.34 2409
2.34 2410
2.34 2411
2.34 2412
2.34 2413
2.35 2414
2.35 2415
2.35 2416
2.35 2417
2.35 2418
2.35 2419
2.35 2420
2.35 2421
2.35 2422
2.35 2423
2.35 2424
2.36 2425
2.36 2426
2.36 2427
2.36 2428
2.36 2429
2.36 2430
2.36 2431
2.36 2432
2.36 2433
2.36 2434
2.36 2435
2.37 2436
2.37 2437
2.37 2438
2.37 2439
2.37 2440
2.37 2441
2.37 2442
2.37 2443
2.37 2444
2.37 2445
2.37 2446
2.38 2447
2.38 2448
2.38 2449
2.38 2450
2.38 2451
2.38 2452
2.38 2453
2.38 2454
2.38 2455
2.38 2456
2.39 2457
2.39 2458
2.39 2459
2.39 2460
2.39 2461
2.39 2462
2.39 2463
2.39 2464
2.39 2465
2.39 2466
2.39 2467
2.4 2468
2.4 2469
2.4 2470
2.4 2471
2.4 2472
2.4 2473
2.4 2474
2.4 2475
2.4 2476
2.4 2477
2.41 2478
2.41 2479
2.41 2480
2.41 2481
2.41 2482
2.41 2483
2.41 2484
2.41 2485
2.41 2486
2.41 2487
2.41 2488
2.42 2489
2.42 2490
2.42 2491
2.42 2492
2.42 2493
2.42 2494
2.42 2495
2.42 2496
2.42 2497
2.42 2498
2.43 2499
2.43 2500
2.43 2501
2.43 2502
2.43 2503
2.43 2504
2.43 2505
2.43 2506
2.43 2507
2.43 2508
2.44 2509
2.44 2510
2.44 2511
2.44 2512
2.44 2513
2.44 2514
2.44 2515
2.44 2516
2.44 2517
2.44 2518
2.44 2519
2.45 2520
2.45 2521
2.45 2522
2.45 2523
2.45 2524
2.45 2525
2.45 2526
2.45 2527
2.45 2528
2.45 2529
2.46 2530
2.46 2531
2.46 2532
2.46 2533
2.46 2534
2.46 2535
2.46 2536
2.46 2537
2.46 2538
2.46 2539
2.46 2540
2.47 2541
2.47 2542
2.47 2543
2.47 2544
2.47 2545
2.47 2546
2.47 2547
2.47 2548
2.47 2549
2.47 2550
2.48 2551
2.48 2552
2.48 2553
2.48 2554
2.48 2555
2.48 2556
2.48 2557
2.48 2558
2.48 2559
2.48 2560
2.49 2561
2.49 2562
2.49 2563
2.49 2564
2.49 2565
2.49 2566
2.49 2567
2.49 2568
2.49 2569
2.49 2570
2.5 2571
2.5 2572
2.5 2573
2.5 2574
2.5 2575
2.5 2576
2.5 2577
2.5 2578
2.5 2579
2.51 2580
2.51 2581
2.51 2582
2.51 2583
2.51 2584
2.51 2585
2.51 2586
2.51 2587
2.51 2588
2.51 2589
2.52 2590
2.52 2591
2.52 2592
2.52 2593
2.52 2594
2.52 2595
2.52 2596
2.52 2597
2.52 2598
2.52 2599
2.53 2600
2.53 2601
2.53 2602
2.53 2603
2.53 2604
2.53 2605
2.53 2606
2.53 2607
2.53 2608
2.54 2609
2.54 2610
2.54 2611
2.54 2612
2.54 2613
2.54 2614
2.54 2615
2.54 2616
2.54 2617
2.54 2618
2.55 2619
2.55 2620
2.55 2621
2.55 2622
2.55 2623
2.55 2624
2.55 2625
2.55 2626
2.55 2627
2.55 2628
2.56 2629
2.56 2630
2.56 2631
2.56 2632
2.56 2633
2.56 2634
2.56 2635
2.56 2636
2.56 2637
2.56 2638
2.57 2639
2.57 2640
2.57 2641
2.57 2642
2.57 2643
2.57 2644
2.57 2645
2.57 2646
2.57 2647
2.57 2648
2.58 2649
2.58 2650
2.58 2651
2.58 2652
2.58 2653
2.58 2654
2.58 2655
2.58 2656
2.58 2657
2.58 2658
2.58 2659
2.59 2660
2.59 2661
2.59 2662
2.59 2663
2.59 2664
2.59 2665
2.59 2666
2.59 2667
2.59 2668
2.59 2669
2.6 2670
2.6 2671
2.6 2672
2.6 2673
2.6 2674
2.6 2675
2.6 2676
2.6 2677
2.6 2678
2.6 2679
2.6 2680
2.61 2681
2.61 2682
2.61 2683
2.61 2684
2.61 2685
2.61 2686
2.61 2687
2.61 2688
2.61 2689
2.61 2690
2.62 2691
2.62 2692
2.62 2693
2.62 2694
2.62 2695
2.62 2696
2.62 2697
2.62 2698
2.62 2699
2.62 2700
2.63 2701
2.63 2702
2.63 2703
2.63 2704
2.63 2705
2.63 2706
2.63 2707
2.63 2708
2.63 2709
2.63 2710
2.63 2711
2.64 2712
2.64 2713
2.64 2714
2.64 2715
2.64 2716
2.64 2717
2.64 2718
2.64 2719
2.64 2720
2.64 2721
2.65 2722
2.65 2723
2.65 2724
2.65 2725
2.65 2726
2.65 2727
2.65 2728
2.65 2729
2.65 2730
2.65 2731
2.65 2732
2.66 2733
2.66 2734
2.66 2735
2.66 2736
2.66 2737
2.66 2738
2.66 2739
2.66 2740
2.66 2741
2.66 2742
2.67 2743
2.67 2744
2.67 2745
2.67 2746
2.67 2747
2.67 2748
2.67 2749
2.67 2750
2.67 2751
2.67 2752
2.67 2753
2.68 2754
2.68 2755
2.68 2756
2.68 2757
2.68 2758
2.68 2759
2.68 2760
2.68 2761
2.68 2762
2.68 2763
2.69 2764
2.69 2765
2.69 2766
2.69 2767
2.69 2768
2.69 2769
2.69 2770
2.69 2771
2.69 2772
2.69 2773
2.69 2774
2.7 2775
2.7 2776
2.7 2777
2.7 2778
2.7 2779
2.7 2780
2.7 2781
2.7 2782
2.7 2783
2.7 2784
2.7 2785
2.71 2786
2.71 2787
2.71 2788
2.71 2789
2.71 2790
2.71 2791
2.71 2792
2.71 2793
2.71 2794
2.71 2795
2.72 2796
2.72 2797
2.72 2798
2.72 2799
2.72 2800
2.72 2801
2.72 2802
2.72 2803
2.72 2804
2.72 2805
2.72 2806
2.73 2807
2.73 2808
2.73 2809
2.73 2810
2.73 2811
2.73 2812
2.73 2813
2.73 2814
2.73 2815
2.73 2816
2.74 2817
2.74 2818
2.74 2819
2.74 2820
2.74 2821
2.74 2822
2.74 2823
2.74 2824
2.74 2825
2.74 2826
2.74 2827
2.75 2828
2.75 2829
2.75 2830
2.75 2831
2.75 2832
2.75 2833
2.75 2834
2.75 2835
2.75 2836
2.75 2837
2.75 2838
2.76 2839
2.76 2840
2.76 2841
2.76 2842
2.76 2843
2.76 2844
2.76 2845
2.76 2846
2.76 2847
2.76 2848
2.77 2849
2.77 2850
2.77 2851
2.77 2852
2.77 2853
2.77 2854
2.77 2855
2.77 2856
2.77 2857
2.77 2858
2.78 2859
2.78 2860
2.78 2861
2.78 2862
2.78 2863
2.78 2864
2.78 2865
2.78 2866
2.78 2867
2.79 2868
2.79 2869
2.79 2870
2.79 2871
2.79 2872
2.79 2873
2.79 2874
2.79 2875
2.79 2876
2.79 2877
2.79 2878
2.8 2879
2.8 2880
2.8 2881
2.8 2882
2.8 2883
2.8 2884
2.8 2885
2.8 2886
2.8 2887
2.8 2888
2.81 2889
2.81 2890
2.81 2891
2.81 2892
2.81 2893
2.81 2894
2.81 2895
2.81 2896
2.81 2897
2.82 2898
2.82 2899
2.82 2900
2.82 2901
2.82 2902
2.82 2903
2.82 2904
2.82 2905
2.82 2906
2.82 2907
2.82 2908
2.83 2909
2.83 2910
2.83 2911
2.83 2912
2.83 2913
2.83 2914
2.83 2915
2.83 2916
2.83 2917
2.83 2918
2.83 2919
2.84 2920
2.84 2921
2.84 2922
2.84 2923
2.84 2924
2.84 2925
2.84 2926
2.84 2927
2.84 2928
2.84 2929
2.85 2930
2.85 2931
2.85 2932
2.85 2933
2.85 2934
2.85 2935
2.85 2936
2.85 2937
2.85 2938
2.85 2939
2.86 2940
2.86 2941
2.86 2942
2.86 2943
2.86 2944
2.86 2945
2.86 2946
2.86 2947
2.86 2948
2.86 2949
2.87 2950
2.87 2951
2.87 2952
2.87 2953
2.87 2954
2.87 2955
2.88 2956
2.88 2957
2.88 2958
2.88 2959
2.89 2960
2.89 2961
2.89 2962
2.89 2963
2.89 2964
2.89 2965
2.89 2966
2.89 2967
2.9 2968
2.9 2969
2.9 2970
2.9 2971
2.9 2972
2.9 2973
2.9 2974
2.9 2975
2.9 2976
2.9 2977
2.91 2978
2.91 2979
2.91 2980
2.91 2981
2.91 2982
2.91 2983
2.91 2984
2.91 2985
2.91 2986
2.92 2987
2.92 2988
2.92 2989
2.92 2990
2.92 2991
2.92 2992
2.92 2993
2.92 2994
2.92 2995
2.92 2996
2.93 2997
2.93 2998
2.93 2999
2.93 3000
2.93 3001
2.93 3002
2.93 3003
2.93 3004
2.93 3005
2.93 3006
2.93 3007
2.94 3008
2.94 3009
2.94 3010
2.94 3011
2.94 3012
2.94 3013
2.94 3014
2.94 3015
2.94 3016
2.94 3017
2.94 3018
2.95 3019
2.95 3020
2.95 3021
2.95 3022
2.95 3023
2.95 3024
2.95 3025
2.95 3026
2.95 3027
2.95 3028
2.95 3029
2.96 3030
2.96 3031
2.96 3032
2.96 3033
2.96 3034
2.96 3035
2.96 3036
2.96 3037
2.96 3038
2.96 3039
2.96 3040
2.97 3041
2.97 3042
2.97 3043
2.97 3044
2.97 3045
2.97 3046
2.97 3047
2.97 3048
2.97 3049
2.97 3050
2.98 3051
2.98 3052
2.98 3053
2.98 3054
2.98 3055
2.98 3056
2.98 3057
2.98 3058
2.98 3059
2.98 3060
2.98 3061
2.99 3062
2.99 3063
2.99 3064
2.99 3065
2.99 3066
2.99 3067
2.99 3068
2.99 3069
2.99 3070
2.99 3071
2.99 3072
3.0 3073
3.0 3074
3.0 3075
3.0 3076
3.0 3077
3.0 3078
3.0 3079
3.0 3080
3.0 3081
3.0 3082
3.0 3083
3.01 3084
3.01 3085
3.01 3086
3.01 3087
3.01 3088
3.01 3089
3.01 3090
3.01 3091
3.01 3092
3.01 3093
3.01 3094
3.02 3095
3.02 3096
3.02 3097
3.02 3098
3.02 3099
3.02 3100
3.02 3101
3.02 3102
3.02 3103
3.02 3104
3.03 3105
3.03 3106
3.03 3107
3.03 3108
3.03 3109
3.03 3110
3.03 3111
3.03 3112
3.03 3113
3.03 3114
3.04 3115
3.04 3116
3.04 3117
3.04 3118
3.04 3119
3.04 3120
3.04 3121
3.04 3122
3.04 3123
3.04 3124
3.04 3125
3.05 3126
3.05 3127
3.05 3128
3.05 3129
3.05 3130
3.05 3131
3.05 3132
3.05 3133
3.05 3134
3.05 3135
3.06 3136
3.06 3137
3.06 3138
3.06 3139
3.06 3140
3.06 3141
3.06 3142
3.06 3143
3.06 3144
3.06 3145
3.07 3146
3.07 3147
3.07 3148
3.07 3149
3.07 3150
3.07 3151
3.07 3152
3.07 3153
3.07 3154
3.07 3155
3.08 3156
3.08 3157
3.08 3158
3.08 3159
3.08 3160
3.08 3161
3.08 3162
3.08 3163
3.08 3164
3.08 3165
3.09 3166
3.09 3167
3.09 3168
3.09 3169
3.09 3170
3.09 3171
3.09 3172
3.09 3173
3.09 3174
3.09 3175
3.09 3176
3.1 3177
3.1 3178
3.1 3179
3.1 3180
3.1 3181
3.1 3182
3.1 3183
3.1 3184
3.1 3185
3.1 3186
3.1 3187
3.11 3188
3.11 3189
3.11 3190
3.11 3191
3.11 3192
3.11 3193
3.11 3194
3.11 3195
3.11 3196
3.11 3197
3.11 3198
3.12 3199
3.12 3200
3.12 3201
3.12 3202
3.12 3203
3.12 3204
3.12 3205
3.12 3206
3.12 3207
3.12 3208
3.13 3209
3.13 3210
3.13 3211
3.13 3212
3.13 3213
3.13 3214
3.13 3215
3.13 3216
3.13 3217
3.13 3218
3.13 3219
3.14 3220
3.14 3221
3.14 3222
3.14 3223
3.14 3224
3.14 3225
3.14 3226
3.14 3227
3.14 3228
3.14 3229
3.15 3230
3.15 3231
3.15 3232
3.15 3233
3.15 3234
3.15 3235
3.15 3236
3.15 3237
3.15 3238
3.15 3239
3.15 3240
3.16 3241
3.16 3242
3.16 3243
3.16 3244
3.16 3245
3.16 3246
3.16 3247
3.16 3248
3.16 3249
3.16 3250
3.16 3251
3.17 3252
3.17 3253
3.17 3254
3.17 3255
3.17 3256
3.17 3257
3.17 3258
3.17 3259
3.17 3260
3.17 3261
3.17 3262
3.18 3263
3.18 3264
3.18 3265
3.18 3266
3.18 3267
3.18 3268
3.18 3269
3.18 3270
3.18 3271
3.18 3272
3.19 3273
3.19 3274
3.19 3275
3.19 3276
3.19 3277
3.19 3278
3.19 3279
3.19 3280
3.19 3281
3.19 3282
3.19 3283
3.2 3284
3.2 3285
3.2 3286
3.2 3287
3.2 3288
3.2 3289
3.2 3290
3.2 3291
3.2 3292
3.2 3293
3.2 3294
3.21 3295
3.21 3296
3.21 3297
3.21 3298
3.21 3299
3.21 3300
3.21 3301
3.21 3302
3.21 3303
3.21 3304
3.21 3305
3.22 3306
3.22 3307
3.22 3308
3.22 3309
3.22 3310
3.22 3311
3.22 3312
3.22 3313
3.22 3314
3.22 3315
3.22 3316
3.23 3317
3.23 3318
3.23 3319
3.23 3320
3.23 3321
3.23 3322
3.23 3323
3.23 3324
3.23 3325
3.23 3326
3.23 3327
3.24 3328
3.24 3329
3.24 3330
3.24 3331
3.24 3332
3.24 3333
3.24 3334
3.24 3335
3.24 3336
3.24 3337
3.24 3338
3.25 3339
3.25 3340
3.25 3341
3.25 3342
3.25 3343
3.25 3344
3.25 3345
3.25 3346
3.25 3347
3.25 3348
3.25 3349
3.26 3350
3.26 3351
3.26 3352
3.26 3353
3.26 3354
3.26 3355
3.26 3356
3.26 3357
3.26 3358
3.26 3359
3.27 3360
3.27 3361
3.27 3362
3.27 3363
3.27 3364
3.27 3365
3.27 3366
3.27 3367
3.27 3368
3.27 3369
3.27 3370
3.28 3371
3.28 3372
3.28 3373
3.28 3374
3.28 3375
3.28 3376
3.28 3377
3.28 3378
3.28 3379
3.28 3380
3.28 3381
3.29 3382
3.29 3383
3.29 3384
3.29 3385
3.29 3386
3.29 3387
3.29 3388
3.29 3389
3.29 3390
3.29 3391
3.3 3392
3.3 3393
3.3 3394
3.3 3395
3.3 3396
3.3 3397
3.3 3398
3.3 3399
3.3 3400
3.3 3401
3.3 3402
3.31 3403
3.31 3404
3.31 3405
3.31 3406
3.31 3407
3.31 3408
3.31 3409
3.31 3410
3.31 3411
3.31 3412
3.32 3413
3.32 3414
3.32 3415
3.32 3416
3.32 3417
3.32 3418
3.32 3419
3.32 3420
3.32 3421
3.32 3422
3.33 3423
3.33 3424
3.33 3425
3.33 3426
3.33 3427
3.33 3428
3.33 3429
3.33 3430
3.33 3431
3.33 3432
3.34 3433
3.34 3434
3.34 3435
3.34 3436
3.34 3437
3.34 3438
3.34 3439
3.34 3440
3.34 3441
3.34 3442
3.34 3443
3.35 3444
3.35 3445
3.35 3446
3.35 3447
3.35 3448
3.35 3449
3.35 3450
3.35 3451
3.35 3452
3.35 3453
3.36 3454
3.36 3455
3.36 3456
3.36 3457
3.36 3458
3.36 3459
3.36 3460
3.36 3461
3.36 3462
3.36 3463
3.36 3464
3.37 3465
3.37 3466
3.37 3467
3.37 3468
3.37 3469
3.37 3470
3.37 3471
3.37 3472
3.37 3473
3.37 3474
3.37 3475
3.38 3476
3.38 3477
3.38 3478
3.38 3479
3.38 3480
3.38 3481
3.38 3482
3.38 3483
3.38 3484
3.38 3485
3.38 3486
3.39 3487
3.39 3488
3.39 3489
3.39 3490
3.39 3491
3.39 3492
3.39 3493
3.39 3494
3.39 3495
3.39 3496
3.39 3497
3.4 3498
3.4 3499
3.4 3500
3.4 3501
3.4 3502
3.4 3503
3.4 3504
3.4 3505
3.4 3506
3.4 3507
3.41 3508
3.41 3509
3.41 3510
3.41 3511
3.41 3512
3.41 3513
3.41 3514
3.41 3515
3.41 3516
3.41 3517
3.41 3518
3.42 3519
3.42 3520
3.42 3521
3.42 3522
3.42 3523
3.42 3524
3.42 3525
3.42 3526
3.42 3527
3.42 3528
3.42 3529
3.43 3530
3.43 3531
3.43 3532
3.43 3533
3.43 3534
3.43 3535
3.43 3536
3.43 3537
3.43 3538
3.43 3539
3.43 3540
3.44 3541
3.44 3542
3.44 3543
3.44 3544
3.44 3545
3.44 3546
3.44 3547
3.44 3548
3.44 3549
3.44 3550
3.44 3551
3.45 3552
3.45 3553
3.45 3554
3.45 3555
3.45 3556
3.45 3557
3.45 3558
3.45 3559
3.45 3560
3.45 3561
3.45 3562
3.46 3563
3.46 3564
3.46 3565
3.46 3566
3.46 3567
3.46 3568
3.46 3569
3.46 3570
3.46 3571
3.46 3572
3.46 3573
3.47 3574
3.47 3575
3.47 3576
3.47 3577
3.47 3578
3.47 3579
3.47 3580
3.47 3581
3.47 3582
3.47 3583
3.47 3584
3.48 3585
3.48 3586
3.48 3587
3.48 3588
3.48 3589
3.48 3590
3.48 3591
3.48 3592
3.48 3593
3.48 3594
3.49 3595
3.49 3596
3.49 3597
3.49 3598
3.49 3599
3.49 3600
3.49 3601
3.49 3602
3.49 3603
3.49 3604
3.49 3605
3.5 3606
3.5 3607
3.5 3608
3.5 3609
3.5 3610
3.5 3611
3.5 3612
3.5 3613
3.5 3614
3.5 3615
3.5 3616
3.51 3617
3.51 3618
3.51 3619
3.51 3620
3.51 3621
3.51 3622
3.51 3623
3.51 3624
3.51 3625
3.51 3626
3.51 3627
3.52 3628
3.52 3629
3.52 3630
3.52 3631
3.52 3632
3.52 3633
3.52 3634
3.52 3635
3.52 3636
3.52 3637
3.52 3638
3.53 3639
3.53 3640
3.53 3641
3.53 3642
3.53 3643
3.53 3644
3.53 3645
3.53 3646
3.53 3647
3.53 3648
3.53 3649
3.54 3650
3.54 3651
3.54 3652
3.54 3653
3.54 3654
3.54 3655
3.54 3656
3.54 3657
3.54 3658
3.54 3659
3.54 3660
3.55 3661
3.55 3662
3.55 3663
3.55 3664
3.55 3665
3.55 3666
3.55 3667
3.55 3668
3.55 3669
3.55 3670
3.55 3671
3.56 3672
3.56 3673
3.56 3674
3.56 3675
3.56 3676
3.56 3677
3.56 3678
3.56 3679
3.56 3680
3.56 3681
3.57 3682
3.57 3683
3.57 3684
3.57 3685
3.57 3686
3.57 3687
3.57 3688
3.57 3689
3.57 3690
3.57 3691
3.57 3692
3.58 3693
3.58 3694
3.58 3695
3.58 3696
3.58 3697
3.58 3698
3.58 3699
3.58 3700
3.58 3701
3.58 3702
3.59 3703
3.59 3704
3.59 3705
3.59 3706
3.59 3707
3.59 3708
3.59 3709
3.59 3710
3.59 3711
3.59 3712
3.59 3713
3.6 3714
3.6 3715
3.6 3716
3.6 3717
3.6 3718
3.6 3719
3.6 3720
3.6 3721
3.6 3722
3.6 3723
3.61 3724
3.61 3725
3.61 3726
3.61 3727
3.61 3728
3.61 3729
3.61 3730
3.61 3731
3.61 3732
3.61 3733
3.62 3734
3.62 3735
3.62 3736
3.62 3737
3.62 3738
3.62 3739
3.62 3740
3.62 3741
3.62 3742
3.62 3743
3.62 3744
3.63 3745
3.63 3746
3.63 3747
3.63 3748
3.63 3749
3.63 3750
3.63 3751
3.63 3752
3.63 3753
3.63 3754
3.63 3755
3.64 3756
3.64 3757
3.64 3758
3.64 3759
3.64 3760
3.64 3761
3.64 3762
3.64 3763
3.64 3764
3.64 3765
3.64 3766
3.65 3767
3.65 3768
3.65 3769
3.65 3770
3.65 3771
3.65 3772
3.65 3773
3.65 3774
3.65 3775
3.65 3776
3.65 3777
3.66 3778
3.66 3779
3.66 3780
3.66 3781
3.66 3782
3.66 3783
3.66 3784
3.66 3785
3.66 3786
3.66 3787
3.66 3788
3.67 3789
3.67 3790
3.67 3791
3.67 3792
3.67 3793
3.67 3794
3.67 3795
3.67 3796
3.67 3797
3.67 3798
3.67 3799
3.68 3800
3.68 3801
3.68 3802
3.68 3803
3.68 3804
3.68 3805
3.68 3806
3.68 3807
3.68 3808
3.68 3809
3.68 3810
3.69 3811
3.69 3812
3.69 3813
3.69 3814
3.69 3815
3.69 3816
3.69 3817
3.69 3818
3.69 3819
3.69 3820
3.69 3821
3.7 3822
3.7 3823
3.7 3824
3.7 3825
3.7 3826
3.7 3827
3.7 3828
3.7 3829
3.7 3830
3.7 3831
3.7 3832
3.71 3833
3.71 3834
3.71 3835
3.71 3836
3.71 3837
3.71 3838
3.71 3839
3.71 3840
3.71 3841
3.71 3842
3.71 3843
3.72 3844
3.72 3845
3.72 3846
3.72 3847
3.72 3848
3.72 3849
3.72 3850
3.72 3851
3.72 3852
3.72 3853
3.72 3854
3.73 3855
3.73 3856
3.73 3857
3.73 3858
3.73 3859
3.73 3860
3.73 3861
3.73 3862
3.73 3863
3.73 3864
3.73 3865
3.74 3866
3.74 3867
3.74 3868
3.74 3869
3.74 3870
3.74 3871
3.74 3872
3.74 3873
3.74 3874
3.74 3875
3.74 3876
3.75 3877
3.75 3878
3.75 3879
3.75 3880
3.75 3881
3.75 3882
3.75 3883
3.75 3884
3.75 3885
3.75 3886
3.75 3887
3.76 3888
3.76 3889
3.76 3890
3.76 3891
3.76 3892
3.76 3893
3.76 3894
3.76 3895
3.76 3896
3.76 3897
3.76 3898
3.77 3899
3.77 3900
3.77 3901
3.77 3902
3.77 3903
3.77 3904
3.77 3905
3.77 3906
3.77 3907
3.77 3908
3.77 3909
3.78 3910
3.78 3911
3.78 3912
3.78 3913
3.78 3914
3.78 3915
3.78 3916
3.78 3917
3.78 3918
3.78 3919
3.78 3920
3.79 3921
3.79 3922
3.79 3923
3.79 3924
3.79 3925
3.79 3926
3.79 3927
3.79 3928
3.79 3929
3.79 3930
3.79 3931
3.8 3932
3.8 3933
3.8 3934
3.8 3935
3.8 3936
3.8 3937
3.8 3938
3.8 3939
3.8 3940
3.8 3941
3.8 3942
3.8 3943
3.81 3944
