0.0 2
0.0 3
0.0 4
0.0 5
0.0 6
0.0 7
0.0 8
0.0 9
0.0 10
0.0 11
0.0 12
0.0 13
0.0 14
0.0 15
0.0 16
0.0 17
0.0 18
0.0 19
0.0 20
0.0 21
0.0 22
0.0 23
0.0 24
0.0 25
0.0 26
0.0 27
0.0 28
0.0 29
0.0 30
0.0 31
0.0 32
0.0 33
0.0 34
0.0 35
0.0 36
0.0 37
0.0 38
0.0 39
0.0 40
0.0 41
0.0 42
0.0 43
0.0 44
0.0 45
0.0 46
0.0 47
0.0 48
0.01 49
0.01 50
0.01 51
0.01 52
0.01 53
0.01 54
0.01 55
0.01 56
0.01 57
0.01 58
0.01 59
0.01 60
0.01 61
0.01 62
0.01 63
0.01 64
0.01 65
0.01 66
0.01 67
0.01 68
0.01 69
0.01 70
0.01 71
0.01 72
0.01 73
0.01 74
0.01 75
0.01 76
0.01 77
0.01 78
0.01 79
0.01 80
0.01 81
0.01 82
0.01 83
0.01 84
0.01 85
0.01 86
0.01 87
0.01 88
0.01 89
0.01 90
0.01 91
0.01 92
0.01 93
0.01 94
0.01 95
0.01 96
0.01 97
0.01 98
0.01 99
0.01 100
0.01 101
0.01 102
0.01 103
0.01 104
0.01 105
0.01 106
0.01 107
0.01 108
0.01 109
0.01 110
0.01 111
0.01 112
0.01 113
0.01 114
0.01 115
0.01 116
0.01 117
0.01 118
0.01 119
0.01 120
0.01 121
0.01 122
0.01 123
0.01 124
0.01 125
0.01 126
0.01 127
0.01 128
0.01 129
0.01 130
0.01 131
0.01 132
0.01 133
0.01 134
0.01 135
0.01 136
0.01 137
0.01 138
0.01 139
0.01 140
0.01 141
0.01 142
0.01 143
0.01 144
0.01 145
0.01 146
0.01 147
0.01 148
0.01 149
0.01 150
0.01 151
0.01 152
0.01 153
0.01 154
0.01 155
0.01 156
0.01 157
0.01 158
0.01 159
