0.0 2
0.0 3
0.0 4
0.0 5
0.0 6
0.0 7
0.0 8
0.0 9
0.0 10
0.0 11
0.0 12
0.0 13
0.0 14
0.0 15
0.0 16
0.0 17
0.0 18
0.0 19
0.0 20
0.01 21
0.01 22
0.01 23
0.01 24
0.01 25
0.01 26
0.01 27
0.01 28
0.01 29
0.01 30
0.01 31
0.01 32
0.01 33
0.01 34
0.01 35
0.01 36
0.01 37
0.01 38
0.01 39
0.01 40
0.01 41
0.01 42
0.01 43
0.01 44
0.01 45
0.01 46
0.01 47
0.01 48
0.01 49
0.01 50
0.01 51
0.01 52
0.01 53
0.01 54
0.01 55
0.01 56
0.01 57
0.01 58
0.01 59
0.01 60
0.01 61
0.01 62
0.01 63
0.01 64
0.01 65
0.01 66
0.01 67
0.02 68
0.02 69
0.02 70
0.02 71
0.02 72
0.02 73
0.02 74
0.02 75
0.02 76
0.02 77
0.02 78
0.02 79
0.02 80
0.02 81
0.02 82
0.02 83
0.02 84
0.02 85
0.02 86
0.02 87
0.02 88
0.02 89
0.02 90
0.02 91
0.02 92
0.02 93
0.02 94
0.02 95
0.02 96
0.02 97
0.02 98
0.02 99
0.02 100
0.02 101
0.02 102
0.02 103
0.02 104
0.02 105
0.02 106
0.02 107
0.02 108
0.02 109
0.02 110
0.02 111
0.02 112
0.02 113
0.02 114
0.02 115
0.02 116
0.03 117
0.03 118
0.03 119
0.03 120
0.03 121
0.03 122
0.03 123
0.03 124
0.03 125
0.03 126
0.03 127
0.03 128
0.03 129
0.03 130
0.03 131
0.03 132
0.03 133
0.03 134
0.03 135
0.03 136
0.03 137
0.03 138
0.03 139
0.03 140
0.03 141
0.03 142
0.03 143
0.03 144
0.03 145
0.03 146
0.03 147
0.03 148
0.03 149
0.03 150
0.03 151
0.03 152
0.03 153
0.03 154
0.03 155
0.03 156
0.03 157
0.03 158
0.03 159
0.03 160
0.03 161
0.03 162
0.03 163
0.03 164
0.03 165
0.03 166
0.04 167
0.04 168
0.04 169
0.04 170
0.04 171
0.04 172
0.04 173
0.04 174
0.04 175
0.04 176
0.04 177
0.04 178
0.04 179
0.04 180
0.04 181
0.04 182
0.04 183
0.04 184
0.04 185
0.04 186
0.04 187
0.04 188
0.04 189
0.04 190
0.04 191
0.04 192
0.04 193
0.04 194
0.04 195
0.04 196
0.04 197
0.04 198
0.04 199
0.04 200
0.04 201
0.04 202
0.04 203
0.04 204
0.04 205
0.04 206
0.04 207
0.04 208
0.04 209
0.04 210
0.04 211
0.04 212
0.04 213
0.04 214
0.04 215
0.04 216
0.04 217
0.04 218
0.05 219
0.05 220
0.05 221
0.05 222
0.05 223
0.05 224
0.05 225
0.05 226
0.05 227
0.05 228
0.05 229
0.05 230
0.05 231
0.05 232
0.05 233
0.05 234
0.05 235
0.05 236
0.05 237
0.05 238
0.05 239
0.05 240
0.05 241
0.05 242
0.05 243
0.05 244
0.05 245
0.05 246
0.05 247
0.05 248
0.05 249
0.05 250
0.05 251
0.05 252
0.05 253
0.05 254
0.05 255
0.05 256
0.05 257
0.05 258
0.05 259
0.05 260
0.05 261
0.05 262
0.05 263
0.05 264
0.05 265
0.05 266
0.05 267
0.05 268
0.05 269
0.06 270
0.06 271
0.06 272
0.06 273
0.06 274
0.06 275
0.06 276
0.06 277
0.06 278
0.06 279
0.06 280
0.06 281
0.06 282
0.06 283
0.06 284
0.06 285
0.06 286
0.06 287
0.06 288
0.06 289
0.06 290
0.06 291
0.06 292
0.06 293
0.06 294
0.06 295
0.06 296
0.06 297
0.06 298
0.06 299
0.06 300
0.06 301
0.06 302
0.06 303
0.06 304
0.06 305
0.06 306
0.06 307
0.06 308
0.06 309
0.06 310
0.06 311
0.06 312
0.06 313
0.06 314
0.06 315
0.06 316
0.06 317
0.06 318
0.06 319
0.07 320
0.07 321
0.07 322
0.07 323
0.07 324
0.07 325
0.07 326
0.07 327
0.07 328
0.07 329
0.07 330
0.07 331
0.07 332
0.07 333
0.07 334
0.07 335
0.07 336
0.07 337
0.07 338
0.07 339
0.07 340
0.07 341
0.07 342
0.07 343
0.07 344
0.07 345
0.07 346
0.07 347
0.07 348
0.07 349
0.07 350
0.07 351
0.07 352
0.07 353
0.07 354
0.07 355
0.07 356
0.07 357
0.07 358
0.07 359
0.07 360
0.07 361
0.07 362
0.07 363
0.07 364
0.07 365
0.07 366
0.07 367
0.07 368
0.07 369
0.07 370
0.07 371
0.08 372
0.08 373
0.08 374
0.08 375
0.08 376
0.08 377
0.08 378
0.08 379
0.08 380
0.08 381
0.08 382
0.08 383
0.08 384
0.08 385
0.08 386
0.08 387
0.08 388
0.08 389
0.08 390
0.08 391
0.08 392
0.08 393
0.08 394
0.08 395
0.08 396
0.08 397
0.08 398
0.08 399
0.08 400
0.08 401
0.08 402
0.08 403
0.08 404
0.08 405
0.08 406
0.08 407
0.08 408
0.08 409
0.08 410
0.08 411
0.08 412
0.08 413
0.08 414
0.08 415
0.08 416
0.08 417
0.08 418
0.08 419
0.08 420
0.08 421
0.09 422
0.09 423
0.09 424
0.09 425
0.09 426
0.09 427
0.09 428
0.09 429
0.09 430
0.09 431
0.09 432
0.09 433
0.09 434
0.09 435
0.09 436
0.09 437
0.09 438
0.09 439
0.09 440
0.09 441
0.09 442
0.09 443
0.09 444
0.09 445
0.09 446
0.09 447
0.09 448
0.09 449
0.09 450
0.09 451
0.09 452
0.09 453
0.09 454
0.09 455
0.09 456
0.09 457
0.09 458
0.09 459
0.09 460
0.09 461
0.09 462
0.09 463
0.09 464
0.09 465
0.09 466
0.09 467
0.09 468
0.09 469
0.09 470
0.09 471
0.09 472
0.09 473
0.1 474
0.1 475
0.1 476
0.1 477
0.1 478
0.1 479
0.1 480
0.1 481
0.1 482
0.1 483
0.1 484
0.1 485
0.1 486
0.1 487
0.1 488
0.1 489
0.1 490
0.1 491
0.1 492
0.1 493
0.1 494
0.1 495
0.1 496
0.1 497
0.1 498
0.1 499
0.1 500
0.1 501
0.1 502
0.1 503
0.1 504
0.1 505
0.1 506
0.1 507
0.1 508
0.1 509
0.1 510
0.1 511
0.1 512
0.1 513
0.1 514
0.1 515
0.1 516
0.1 517
0.1 518
0.1 519
0.1 520
0.1 521
0.1 522
0.1 523
0.1 524
0.11 525
0.11 526
0.11 527
0.11 528
0.11 529
0.11 530
0.11 531
0.11 532
0.11 533
0.11 534
0.11 535
0.11 536
0.11 537
0.11 538
0.11 539
0.11 540
0.11 541
0.11 542
0.11 543
0.11 544
0.11 545
0.11 546
0.11 547
0.11 548
0.11 549
0.11 550
0.11 551
0.11 552
0.11 553
0.11 554
0.11 555
0.11 556
0.11 557
0.11 558
0.11 559
0.11 560
0.11 561
0.11 562
0.11 563
0.11 564
0.11 565
0.11 566
0.11 567
0.11 568
0.11 569
0.11 570
0.11 571
0.11 572
0.11 573
0.11 574
0.11 575
0.12 576
0.12 577
0.12 578
0.12 579
0.12 580
0.12 581
0.12 582
0.12 583
0.12 584
0.12 585
0.12 586
0.12 587
0.12 588
0.12 589
0.12 590
0.12 591
0.12 592
0.12 593
0.12 594
0.12 595
0.12 596
0.12 597
0.12 598
0.12 599
0.12 600
0.12 601
0.12 602
0.12 603
0.12 604
0.12 605
0.12 606
0.12 607
0.12 608
0.12 609
0.12 610
0.12 611
0.12 612
0.12 613
0.12 614
0.12 615
0.12 616
0.12 617
0.12 618
0.12 619
0.12 620
0.12 621
0.12 622
0.12 623
0.12 624
0.12 625
0.12 626
0.12 627
0.13 628
0.13 629
0.13 630
0.13 631
0.13 632
0.13 633
0.13 634
0.13 635
0.13 636
0.13 637
0.13 638
0.13 639
0.13 640
0.13 641
0.13 642
0.13 643
0.13 644
0.13 645
0.13 646
0.13 647
0.13 648
0.13 649
0.13 650
0.13 651
0.13 652
0.13 653
0.13 654
0.13 655
0.13 656
0.13 657
0.13 658
0.13 659
0.13 660
0.13 661
0.13 662
0.13 663
0.13 664
0.13 665
0.13 666
0.13 667
0.13 668
0.13 669
0.13 670
0.13 671
0.13 672
0.13 673
0.13 674
0.13 675
0.13 676
0.13 677
0.13 678
0.13 679
0.13 680
0.14 681
0.14 682
0.14 683
0.14 684
0.14 685
0.14 686
0.14 687
0.14 688
0.14 689
0.14 690
0.14 691
0.14 692
0.14 693
0.14 694
0.14 695
0.14 696
0.14 697
0.14 698
0.14 699
0.14 700
0.14 701
0.14 702
0.14 703
0.14 704
0.14 705
0.14 706
0.14 707
0.14 708
0.14 709
0.14 710
0.14 711
0.14 712
0.14 713
0.14 714
0.14 715
0.14 716
0.14 717
0.14 718
0.14 719
0.14 720
0.14 721
0.14 722
0.14 723
0.14 724
0.14 725
0.14 726
0.14 727
0.14 728
0.14 729
0.14 730
0.14 731
0.14 732
0.15 733
0.15 734
0.15 735
0.15 736
0.15 737
0.15 738
0.15 739
0.15 740
0.15 741
0.15 742
0.15 743
0.15 744
0.15 745
0.15 746
0.15 747
0.15 748
0.15 749
0.15 750
0.15 751
0.15 752
0.15 753
0.15 754
0.15 755
0.15 756
0.15 757
0.15 758
0.15 759
0.15 760
0.15 761
0.15 762
0.15 763
0.15 764
0.15 765
0.15 766
0.15 767
0.15 768
0.15 769
0.15 770
0.15 771
0.15 772
0.15 773
0.15 774
0.15 775
0.15 776
0.15 777
0.15 778
0.15 779
0.15 780
0.15 781
0.15 782
0.15 783
0.15 784
0.15 785
0.16 786
0.16 787
0.16 788
0.16 789
0.16 790
0.16 791
0.16 792
0.16 793
0.16 794
0.16 795
0.16 796
0.16 797
0.16 798
0.16 799
0.16 800
0.16 801
0.16 802
0.16 803
0.16 804
0.16 805
0.16 806
0.16 807
0.16 808
0.16 809
0.16 810
0.16 811
0.16 812
0.16 813
0.16 814
0.16 815
0.16 816
0.16 817
0.16 818
0.16 819
0.16 820
0.16 821
0.16 822
0.16 823
0.16 824
0.16 825
0.16 826
0.16 827
0.16 828
0.16 829
0.16 830
0.16 831
0.16 832
0.16 833
0.16 834
0.16 835
0.16 836
0.16 837
0.17 838
0.17 839
0.17 840
0.17 841
0.17 842
0.17 843
0.17 844
0.17 845
0.17 846
0.17 847
0.17 848
0.17 849
0.17 850
0.17 851
0.17 852
0.17 853
0.17 854
0.17 855
0.17 856
0.17 857
0.17 858
0.17 859
0.17 860
0.17 861
0.17 862
0.17 863
0.17 864
0.17 865
0.17 866
0.17 867
0.17 868
0.17 869
0.17 870
0.17 871
0.17 872
0.17 873
0.17 874
0.17 875
0.17 876
0.17 877
0.17 878
0.17 879
0.17 880
0.17 881
0.17 882
0.17 883
0.17 884
0.17 885
0.17 886
0.17 887
0.17 888
0.17 889
0.17 890
0.17 891
0.18 892
0.18 893
0.18 894
0.18 895
0.18 896
0.18 897
0.18 898
0.18 899
