0.0 1461
0.0 1460.0
0.0 1459.0
0.0 1458.0
0.0 1457.0
0.0 1456.0
0.0 1455.0
0.0 1454.0
0.0 1453.0
0.0 1452.0
0.0 1451.0
0.0 1450.0
0.0 1449.0
0.0 1448.0
0.0 1447.0
0.0 1446.0
0.0 1445.0
0.0 1444.0
0.0 1443.0
0.0 1442.0
0.0 1441.0
0.0 1440.0
0.0 1439.0
0.0 1438.0
0.0 1437.0
0.0 1436.0
0.0 1435.0
0.0 1434.0
0.0 1433.0
0.0 1432.0
0.0 1431.0
0.0 1430.0
0.0 1429.0
0.0 1428.0
0.0 1427.0
0.0 1426.0
0.0 1425.0
0.0 1424.0
0.0 1423.0
0.0 1422.0
0.0 1421.0
0.0 1420.0
0.0 1419.0
0.0 1418.0
0.2 946.0
0.39 942.0
0.58 941.0
0.6 940.0
0.76 939.0
0.77 938.0
0.91 930.0
1.05 926.0
1.24 925.0
1.24 924.0
1.39 923.0
1.4 922.0
1.56 921.0
1.59 920.0
1.77 919.0
1.78 918.0
