0.0 1461
0.01 1460
0.01 1459
0.01 1458
0.01 1457
0.01 1456
0.01 1455
0.01 1454
0.01 1453
0.01 1452
0.01 1451
0.01 1450
0.01 1449
0.01 1448
0.01 1447
0.01 1446
0.01 1445
0.01 1444
0.01 1443
0.01 1442
0.01 1441
0.01 1440
0.01 1439
0.01 1438
0.01 1437
0.01 1436
0.01 1435
0.01 1434
0.01 1433
0.01 1432
0.01 1431
0.01 1430
0.01 1429
0.01 1428
0.01 1427
0.01 1426
0.01 1425
0.01 1424
0.01 1423
0.01 1422
0.01 1421
0.01 1420
0.01 1419
0.01 1418
0.01 1417
0.01 1416
0.01 1415
0.01 1414
0.01 1413
0.01 1412
0.01 1411
0.01 1410
0.01 1409
0.01 1408
0.01 1407
0.01 1406
0.01 1405
0.01 1404
0.01 1403
0.01 1402
0.01 1401
0.01 1400
0.01 1399
0.01 1398
0.01 1397
0.01 1396
0.01 1395
0.01 1394
0.01 1393
0.01 1392
0.01 1391
0.01 1390
0.01 1389
0.01 1388
0.01 1387
0.01 1386
0.01 1385
0.01 1384
0.01 1383
0.01 1382
0.01 1381
0.01 1380
0.01 1379
0.01 1378
0.01 1377
0.01 1376
0.01 1375
0.01 1374
0.01 1373
0.01 1372
0.01 1371
0.01 1370
0.01 1369
0.01 1368
0.01 1367
0.01 1366
0.01 1365
0.01 1364
0.01 1363
0.01 1362
0.01 1361
0.01 1360
0.01 1359
0.01 1358
0.01 1357
0.01 1356
0.01 1355
0.01 1354
0.01 1353
0.01 1352
0.01 1351
0.01 1350
0.01 1349
0.01 1348
0.01 1347
0.01 1346
0.01 1345
0.01 1344
0.01 1343
0.01 1342
0.01 1341
0.01 1340
0.01 1339
0.01 1338
0.01 1337
0.01 1336
0.01 1335
0.01 1334
0.01 1333
0.01 1332
0.01 1331
0.01 1330
0.01 1329
0.01 1328
0.01 1327
0.01 1326
0.01 1325
0.01 1324
0.01 1323
0.01 1322
0.01 1321
0.01 1320
0.01 1319
0.01 1318
0.01 1317
0.01 1316
0.01 1315
0.01 1314
0.01 1313
0.01 1312
0.01 1311
0.01 1310
0.01 1309
0.01 1308
0.01 1307
0.01 1306
0.01 1305
0.01 1304
0.01 1303
0.01 1302
0.01 1301
0.01 1300
0.01 1299
0.01 1298
0.01 1297
0.01 1296
0.01 1295
0.01 1294
0.01 1293
0.01 1292
0.01 1291
0.01 1290
0.01 1289
0.01 1288
0.01 1287
0.01 1286
0.01 1285
0.01 1284
0.01 1283
0.01 1282
0.01 1281
0.01 1280
0.01 1279
0.01 1278
0.01 1277
0.01 1276
0.01 1275
0.01 1274
0.01 1273
0.01 1272
0.01 1271
0.01 1270
0.01 1269
0.01 1268
0.01 1267
0.01 1266
0.01 1265
0.01 1264
0.01 1263
0.01 1262
0.01 1261
0.01 1260
0.01 1259
0.01 1258
0.01 1257
0.01 1256
0.01 1255
0.01 1254
0.01 1253
0.01 1252
0.01 1251
0.01 1250
0.01 1249
0.01 1248
0.01 1247
0.01 1246
0.01 1245
0.01 1244
0.01 1243
0.01 1242
0.02 1241
0.02 1240
0.02 1239
0.02 1238
0.02 1237
0.02 1236
0.02 1235
0.02 1234
0.02 1233
0.02 1232
0.02 1231
0.02 1230
0.02 1229
0.02 1228
0.02 1227
0.02 1226
0.02 1225
0.02 1224
0.02 1223
0.02 1222
0.02 1221
0.02 1220
0.02 1219
0.02 1218
0.02 1217
0.02 1216
0.02 1215
0.02 1214
0.02 1213
0.02 1212
0.02 1211
0.02 1210
0.02 1209
0.02 1208
0.02 1207
0.02 1206
0.02 1205
0.02 1204
0.02 1203
0.02 1202
0.02 1201
0.02 1200
0.02 1199
0.02 1198
0.02 1197
0.02 1196
0.02 1195
0.02 1194
0.02 1193
0.02 1192
0.02 1191
0.02 1190
0.02 1189
0.02 1188
0.02 1187
0.02 1186
0.02 1185
0.02 1184
0.02 1183
0.02 1182
0.02 1181
0.02 1180
0.02 1179
0.02 1178
0.02 1177
0.02 1176
0.02 1175
0.02 1174
0.02 1173
0.02 1172
0.02 1171
0.02 1170
0.02 1169
0.02 1168
0.02 1167
0.02 1166
0.02 1165
0.02 1164
0.02 1163
0.02 1162
0.02 1161
0.02 1160
0.02 1159
0.02 1158
0.02 1157
0.02 1156
0.02 1155
0.02 1154
0.02 1153
0.02 1152
0.02 1151
0.02 1150
0.02 1149
0.02 1148
0.02 1147
0.02 1146
0.02 1145
0.02 1144
0.02 1143
0.02 1142
0.02 1141
0.02 1140
0.02 1139
0.02 1138
0.02 1137
0.02 1136
0.02 1135
0.02 1134
0.02 1133
0.02 1132
0.02 1131
0.02 1130
0.02 1129
0.02 1128
0.02 1127
0.02 1126
0.02 1125
0.02 1124
0.02 1123
0.02 1122
0.02 1121
0.02 1120
0.02 1119
0.02 1118
0.02 1117
0.02 1116
0.02 1115
0.02 1114
0.02 1113
0.02 1112
0.02 1111
0.02 1110
0.02 1109
0.02 1108
0.02 1107
0.02 1106
0.02 1105
0.02 1104
0.02 1103
0.02 1102
0.02 1101
0.02 1100
0.02 1099
0.02 1098
0.02 1097
0.02 1096
0.02 1095
0.02 1094
0.02 1093
0.02 1092
0.03 1091
0.03 1090
0.03 1089
0.03 1088
0.03 1087
0.03 1086
0.03 1085
0.03 1084
0.03 1083
0.03 1082
0.03 1081
0.03 1080
0.03 1079
0.03 1078
0.03 1077
0.03 1076
0.03 1075
0.03 1074
0.03 1073
0.03 1072
0.03 1071
0.03 1070
0.03 1069
0.03 1068
0.03 1067
0.03 1066
0.03 1065
0.03 1064
0.03 1063
0.03 1062
0.03 1061
0.03 1060
0.03 1059
0.03 1058
0.03 1057
0.03 1056
0.03 1055
0.03 1054
0.03 1053
0.03 1052
0.03 1051
0.03 1050
0.03 1049
0.03 1048
0.03 1047
0.03 1046
0.03 1045
0.03 1044
0.03 1043
0.03 1042
0.03 1041
0.03 1040
0.03 1039
0.03 1038
0.03 1037
0.03 1036
0.03 1035
0.03 1034
0.03 1033
0.03 1032
0.03 1031
0.03 1030
0.03 1029
0.03 1028
0.03 1027
0.03 1026
0.03 1025
0.03 1024
0.03 1023
0.03 1022
0.03 1021
0.03 1020
0.03 1019
0.03 1018
0.03 1017
0.03 1016
0.03 1015
0.03 1014
0.03 1013
0.03 1012
0.03 1011
0.03 1010
0.03 1009
0.03 1008
0.03 1007
0.03 1006
0.03 1005
0.03 1004
0.03 1003
0.03 1002
0.03 1001
0.03 1000
0.03 999
0.03 998
0.03 997
0.03 996
0.03 995
0.03 994
0.03 993
0.03 992
0.03 991
0.03 990
0.03 989
0.03 988
0.03 987
0.03 986
0.03 985
0.03 984
0.04 983
0.04 982
0.04 981
0.04 980
0.04 979
0.04 978
0.04 977
0.04 976
0.04 975
0.04 974
0.04 973
0.04 972
0.04 971
0.04 970
0.04 969
0.04 968
0.04 967
0.04 966
0.04 965
0.04 964
0.04 963
0.04 962
0.04 961
0.04 960
0.04 959
0.04 958
0.04 957
0.04 956
0.04 955
0.04 954
0.04 953
0.04 952
0.04 951
0.04 950
0.04 949
0.04 948
0.04 947
0.04 946
0.04 945
0.04 944
0.04 943
0.04 942
0.04 941
0.04 940
0.04 939
0.04 938
0.04 937
0.04 936
0.04 935
0.04 934
0.04 933
0.04 932
0.04 931
0.04 930
0.04 929
0.04 928
0.04 927
0.04 926
0.04 925
0.04 924
0.04 923
0.05 922
0.05 921
0.05 920
0.05 919
0.05 918
0.05 917
0.05 916
0.05 915
0.05 914
0.05 913
0.05 912
0.05 911
0.05 910
0.05 909
0.05 908
0.05 907
0.05 906
0.05 905
0.05 904
0.05 903
0.05 902
0.06 901
0.06 900
0.06 899
