0.0 1
0.0 1
0.0 1
0.0 1
0.0 1
0.0 1
0.0 1
0.0 1
0.0 1
0.0 1
0.0 1
0.0 1
0.0 1
0.0 1
0.0 1
0.0 1
0.0 1
0.0 1
0.0 1
0.0 1
0.0 1
0.0 1
0.0 1
0.0 1
0.0 1
0.0 1
0.0 1
0.0 1
0.0 1
0.0 1
0.0 1
0.0 1
0.0 1
0.0 1
0.0 2
0.0 2
0.0 2
0.0 2
0.0 2
0.0 2
0.0 2
0.0 2
0.0 2
0.0 2
0.0 2
0.0 2
0.0 2
0.0 2
0.0 2
0.0 2
0.0 2
0.0 2
0.0 2
0.0 2
0.0 2
0.0 2
0.0 2
0.0 2
0.0 2
0.0 2
0.0 2
0.0 3
0.0 3
0.0 3
0.0 3
0.0 3
0.0 3
0.0 3
0.0 3
0.0 3
0.0 3
0.0 3
0.0 3
0.0 3
0.0 3
0.0 3
0.0 3
0.0 3
0.0 3
0.0 3
0.0 3
0.0 3
0.0 3
0.0 3
0.0 3
0.0 3
0.0 3
0.0 4
0.0 4
0.0 4
0.0 4
0.0 4
0.0 4
0.0 4
0.0 4
0.0 4
0.0 4
0.0 4
0.0 4
0.0 4
0.0 4
0.0 4
0.0 4
0.0 4
0.0 4
0.0 4
0.0 4
0.0 5
0.0 5
0.0 5
0.0 5
0.0 5
0.0 5
0.0 5
0.0 5
0.0 5
0.0 5
0.0 5
0.0 5
0.0 5
0.0 5
0.0 5
0.0 5
0.0 5
0.0 5
0.0 5
0.0 5
0.0 6
0.0 6
0.0 6
0.0 6
0.0 6
0.0 6
0.0 6
0.0 6
0.0 6
0.0 6
0.0 6
0.0 6
0.0 6
0.0 6
0.0 6
0.0 6
0.0 6
0.0 6
0.0 6
0.0 7
0.0 7
0.0 7
0.0 7
0.0 7
0.0 7
0.0 7
0.0 7
0.0 7
0.0 7
0.0 7
0.0 7
0.0 7
0.0 7
0.0 7
0.0 7
0.0 7
0.0 7
0.0 7
0.0 8
0.0 8
0.0 8
0.0 8
0.0 8
0.0 8
0.0 8
0.0 8
0.0 8
0.0 8
0.0 8
0.0 8
0.0 8
0.0 8
0.0 8
0.0 8
0.0 8
0.0 8
0.0 8
0.0 9
0.0 9
0.0 9
0.0 9
0.0 9
0.0 9
0.0 9
0.0 9
0.0 9
0.0 9
0.0 9
0.0 9
0.0 9
0.0 9
0.0 9
0.0 9
0.0 9
0.0 9
0.0 9
0.0 10
0.0 10
0.0 10
0.0 10
0.0 10
0.0 10
0.0 10
0.0 10
0.0 10
0.0 10
0.0 10
0.0 10
0.0 10
0.0 10
0.0 10
0.0 10
0.0 10
0.0 10
0.0 11
0.0 11
0.0 11
0.0 11
0.0 11
0.0 11
0.0 11
0.0 11
0.0 11
0.0 11
0.0 11
0.0 11
0.0 11
0.0 11
0.0 11
0.0 11
0.0 11
0.0 12
0.0 12
0.0 12
0.0 12
0.0 12
0.0 12
0.0 12
0.0 12
0.0 12
0.0 12
0.0 12
0.0 12
0.0 12
0.0 12
0.0 12
0.0 12
0.0 13
0.0 13
0.0 13
0.0 13
0.0 13
0.0 13
0.0 13
0.0 13
0.0 13
0.0 13
0.0 13
0.0 13
0.0 13
0.0 13
0.0 13
0.0 13
0.0 14
0.0 14
0.0 14
0.0 14
0.0 14
0.0 14
0.0 14
0.0 14
0.0 14
0.0 14
0.0 14
0.0 14
0.0 14
0.0 14
0.0 14
0.0 14
0.0 15
0.0 15
0.0 15
0.0 15
0.0 15
0.0 15
0.0 15
0.0 15
0.0 15
0.0 15
0.0 15
0.0 15
0.0 15
0.0 15
0.0 15
0.0 16
0.0 16
0.0 16
0.0 16
0.0 16
0.0 16
0.0 16
0.0 16
0.0 16
0.0 16
0.0 16
0.0 16
0.0 16
0.0 16
0.0 16
0.0 17
0.0 17
0.0 17
0.0 17
0.0 17
0.0 17
0.0 17
0.0 17
0.0 17
0.0 17
0.0 17
0.0 17
0.0 17
0.0 17
0.0 17
0.0 18
0.0 18
0.0 18
0.0 18
0.0 18
0.0 18
0.0 18
0.0 18
0.0 18
0.0 18
0.0 18
0.0 18
0.0 18
0.0 18
0.0 19
0.0 19
0.0 19
0.0 19
0.0 19
0.0 19
0.0 19
0.0 19
0.0 19
0.0 19
0.0 19
0.0 19
0.0 19
0.0 19
0.0 20
0.0 20
0.0 20
0.0 20
0.0 20
0.0 20
0.0 20
0.0 20
0.0 20
0.0 20
0.0 20
0.0 20
0.0 20
0.0 21
0.0 21
0.0 21
0.0 21
0.0 21
0.0 21
0.0 21
0.0 21
0.0 21
0.0 21
0.0 21
0.0 21
0.0 21
0.0 22
0.0 22
0.0 22
0.0 22
0.0 22
0.0 22
0.0 22
0.0 22
0.0 22
0.0 22
0.0 22
0.0 22
0.0 22
0.0 23
0.0 23
0.0 23
0.0 23
0.0 23
0.0 23
0.0 23
0.0 23
0.0 23
0.0 23
0.0 23
0.0 23
0.0 23
0.0 24
0.0 24
0.0 24
0.0 24
0.0 24
0.0 24
0.0 24
0.0 24
0.0 24
0.0 24
0.0 24
0.0 24
0.01 25
0.01 25
0.01 25
0.01 25
0.01 25
0.01 25
0.01 25
0.01 25
0.01 25
0.01 25
0.01 25
0.01 25
0.01 26
0.01 26
0.01 26
0.01 26
0.01 26
0.01 26
0.01 26
0.01 26
0.01 26
0.01 26
0.01 26
0.01 26
0.01 27
0.01 27
0.01 27
0.01 27
0.01 27
0.01 27
0.01 27
0.01 27
0.01 27
0.01 27
0.01 27
0.01 27
0.01 28
0.01 28
0.01 28
0.01 28
0.01 28
0.01 28
0.01 28
0.01 28
0.01 28
0.01 28
0.01 28
0.01 28
0.01 29
0.01 29
0.01 29
0.01 29
0.01 29
0.01 29
0.01 29
0.01 29
0.01 29
0.01 29
0.01 29
0.01 30
0.01 30
0.01 30
0.01 30
0.01 30
0.01 30
0.01 30
0.01 30
0.01 30
0.01 30
0.01 30
0.01 31
0.01 31
0.01 31
0.01 31
0.01 31
0.01 31
0.01 31
0.01 31
0.01 31
0.01 31
0.01 31
0.01 32
0.01 32
0.01 32
0.01 32
0.01 32
0.01 32
0.01 32
0.01 32
0.01 32
0.01 32
0.01 32
0.01 33
0.01 33
0.01 33
0.01 33
0.01 33
0.01 33
0.01 33
0.01 33
0.01 33
0.01 33
0.01 33
0.01 34
0.01 34
0.01 34
0.01 34
0.01 34
0.01 34
0.01 34
0.01 34
0.01 34
0.01 34
0.01 34
0.01 35
0.01 35
0.01 35
0.01 35
0.01 35
0.01 35
0.01 35
0.01 35
0.01 35
0.01 35
0.01 35
0.01 36
0.01 36
0.01 36
0.01 36
0.01 36
0.01 36
0.01 36
0.01 36
0.01 36
0.01 36
0.01 36
0.01 37
0.01 37
0.01 37
0.01 37
0.01 37
0.01 37
0.01 37
0.01 37
0.01 37
0.01 37
0.01 37
0.01 38
0.01 38
0.01 38
0.01 38
0.01 38
0.01 38
0.01 38
0.01 38
0.01 38
0.01 38
0.01 38
0.01 39
0.01 39
0.01 39
0.01 39
0.01 39
0.01 39
0.01 39
0.01 39
0.01 39
0.01 39
0.01 40
0.01 40
0.01 40
0.01 40
0.01 40
0.01 40
0.01 40
0.01 40
0.01 40
0.01 40
0.01 41
0.01 41
0.01 41
0.01 41
0.01 41
0.01 41
0.01 41
0.01 41
0.01 41
0.01 41
0.01 42
0.01 42
0.01 42
0.01 42
0.01 42
0.01 42
0.01 42
0.01 42
0.01 42
0.01 42
0.01 43
0.01 43
0.01 43
0.01 43
0.01 43
0.01 43
0.01 43
0.01 43
0.01 43
0.01 43
0.01 44
0.01 44
0.01 44
0.01 44
0.01 44
0.01 44
0.01 44
0.01 44
0.01 44
0.01 44
0.01 45
0.01 45
0.01 45
0.01 45
0.01 45
0.01 45
0.01 45
0.01 45
0.01 45
0.01 46
0.01 46
0.01 46
0.01 46
0.01 46
0.01 46
0.01 46
0.01 46
0.01 46
0.01 47
0.01 47
0.01 47
0.01 47
0.01 47
0.01 47
0.01 47
0.01 47
0.01 47
0.01 48
0.01 48
0.01 48
0.01 48
0.01 48
0.01 48
0.01 48
0.01 48
0.01 48
0.01 49
0.01 49
0.01 49
0.01 49
0.01 49
0.01 49
0.01 49
0.01 49
0.01 49
0.01 50
0.01 50
0.01 50
0.01 50
0.01 50
0.01 50
0.01 50
0.01 50
0.01 50
0.01 51
0.01 51
0.01 51
0.01 51
0.01 51
0.01 51
0.01 51
0.01 51
0.01 51
0.01 52
0.01 52
0.01 52
0.01 52
0.01 52
0.01 52
0.01 52
0.01 52
0.01 52
0.01 53
0.01 53
0.01 53
0.01 53
0.01 53
0.01 53
0.01 53
0.01 53
0.01 53
0.01 54
0.01 54
0.01 54
0.01 54
0.01 54
0.01 54
0.01 54
0.01 54
0.01 54
0.01 55
0.01 55
0.01 55
0.01 55
0.01 55
0.01 55
0.01 55
0.01 55
0.01 56
0.01 56
0.01 56
0.01 56
0.01 56
0.01 56
0.01 56
0.01 56
0.01 57
0.01 57
0.01 57
0.01 57
0.01 57
0.01 57
0.01 57
0.01 57
0.01 58
0.01 58
0.01 58
0.01 58
0.01 58
0.01 58
0.01 58
0.01 58
0.01 59
0.01 59
0.01 59
0.01 59
0.01 59
0.01 59
0.01 59
0.01 59
0.01 60
0.01 60
0.01 60
0.01 60
0.01 60
0.01 60
0.01 60
0.01 60
0.01 61
0.01 61
0.01 61
0.01 61
0.01 61
0.01 61
0.01 61
0.01 61
0.01 62
0.01 62
0.01 62
0.01 62
0.01 62
0.01 62
0.01 62
0.01 62
0.01 63
0.01 63
0.01 63
0.01 63
0.01 63
0.01 63
0.01 63
0.01 63
0.01 64
0.01 64
0.01 64
0.01 64
0.01 64
0.01 64
0.01 64
0.01 64
0.01 65
0.01 65
0.01 65
0.01 65
0.01 65
0.01 65
0.01 65
0.01 65
0.01 66
0.01 66
0.01 66
0.01 66
0.01 66
0.01 66
0.01 66
0.01 66
0.01 67
0.01 67
0.01 67
0.01 67
0.01 67
0.01 67
0.01 67
0.01 67
0.01 68
0.01 68
0.01 68
0.01 68
0.01 68
0.01 68
0.01 68
0.01 68
0.01 69
0.01 69
0.01 69
0.01 69
0.01 69
0.01 69
0.01 69
0.01 69
0.01 70
0.01 70
0.01 70
0.01 70
0.01 70
0.01 70
0.01 70
0.01 70
0.01 71
0.01 71
0.01 71
0.01 71
0.01 71
0.01 71
0.01 71
0.01 72
0.01 72
0.01 72
0.01 72
0.01 72
0.01 72
0.01 72
0.01 73
0.01 73
0.01 73
0.01 73
0.01 73
0.01 73
0.01 73
0.01 74
0.01 74
0.01 74
0.01 74
0.01 74
0.01 74
0.01 74
0.01 75
0.01 75
0.01 75
0.01 75
0.01 75
0.01 75
0.01 75
0.01 76
0.01 76
0.01 76
0.01 76
0.01 76
0.01 76
0.01 76
0.01 77
0.01 77
0.01 77
0.01 77
0.01 77
0.01 77
0.01 77
0.01 78
0.01 78
0.01 78
0.01 78
0.01 78
0.01 78
0.01 78
0.01 79
0.01 79
0.01 79
0.01 79
0.01 79
0.01 79
0.01 79
0.01 80
0.01 80
0.01 80
0.01 80
0.01 80
0.01 80
0.01 80
0.01 81
0.01 81
0.01 81
0.01 81
0.01 81
0.01 81
0.01 81
0.01 82
0.01 82
0.01 82
0.01 82
0.01 82
0.01 82
0.01 82
0.02 83
0.02 83
0.02 83
0.02 83
0.02 83
0.02 83
0.02 83
0.02 84
0.02 84
0.02 84
0.02 84
0.02 84
0.02 84
0.02 84
0.02 85
0.02 85
0.02 85
0.02 85
0.02 85
0.02 85
0.02 85
0.02 86
0.02 86
0.02 86
0.02 86
0.02 86
0.02 86
0.02 86
0.02 87
0.02 87
0.02 87
0.02 87
0.02 87
0.02 87
0.02 87
0.02 88
0.02 88
0.02 88
0.02 88
0.02 88
0.02 88
0.02 88
0.02 89
0.02 89
0.02 89
0.02 89
0.02 89
0.02 89
0.02 89
0.02 90
0.02 90
0.02 90
0.02 90
0.02 90
0.02 90
0.02 90
0.02 91
0.02 91
0.02 91
0.02 91
0.02 91
0.02 91
0.02 91
0.02 92
0.02 92
0.02 92
0.02 92
0.02 92
0.02 92
0.02 92
0.02 93
0.02 93
0.02 93
0.02 93
0.02 93
0.02 93
0.02 93
0.02 94
0.02 94
0.02 94
0.02 94
0.02 94
0.02 94
0.02 95
0.02 95
0.02 95
0.02 95
0.02 95
0.02 95
0.02 96
0.02 96
0.02 96
0.02 96
0.02 96
0.02 96
0.02 97
0.02 97
0.02 97
0.02 97
0.02 97
0.02 97
0.02 98
0.02 98
0.02 98
0.02 98
0.02 98
0.02 98
0.02 99
0.02 99
0.02 99
0.02 99
0.02 99
0.02 99
0.02 100
0.02 100
0.02 100
0.02 100
0.02 100
0.02 100
0.02 101
0.02 101
0.02 101
0.02 101
0.02 101
0.02 101
0.02 102
0.02 102
0.02 102
0.02 102
0.02 102
0.02 102
0.02 103
0.02 103
0.02 103
0.02 103
0.02 103
0.02 103
0.02 104
0.02 104
0.02 104
0.02 104
0.02 104
0.02 104
0.02 105
0.02 105
0.02 105
0.02 105
0.02 105
0.02 105
0.02 106
0.02 106
0.02 106
0.02 106
0.02 106
0.02 106
0.02 107
0.02 107
0.02 107
0.02 107
0.02 107
0.02 107
0.02 108
0.02 108
0.02 108
0.02 108
0.02 108
0.02 108
0.02 109
0.02 109
0.02 109
0.02 109
0.02 109
0.02 109
0.02 110
0.02 110
0.02 110
0.02 110
0.02 110
0.02 110
0.02 111
0.02 111
0.02 111
0.02 111
0.02 111
0.02 111
0.02 112
0.02 112
0.02 112
0.02 112
0.02 112
0.02 112
0.02 113
0.02 113
0.02 113
0.02 113
0.02 113
0.02 113
0.02 114
0.02 114
0.02 114
0.02 114
0.02 114
0.02 114
0.02 115
0.02 115
0.02 115
0.02 115
0.02 115
0.02 115
0.02 116
0.02 116
0.02 116
0.02 116
0.02 116
0.02 116
0.02 117
0.02 117
0.02 117
0.02 117
0.02 117
0.02 117
0.02 118
0.02 118
0.02 118
0.02 118
0.02 118
0.02 118
0.02 119
0.02 119
0.02 119
0.02 119
0.02 119
0.02 119
0.02 120
0.02 120
0.02 120
0.02 120
0.02 120
0.02 120
0.02 121
0.02 121
0.02 121
0.02 121
0.02 121
0.02 121
0.02 122
0.02 122
0.02 122
0.02 122
0.02 122
0.02 122
0.02 123
0.02 123
0.02 123
0.02 123
0.02 123
0.02 123
0.02 124
0.02 124
0.02 124
0.02 124
0.02 124
0.02 124
0.02 125
0.02 125
0.02 125
0.02 125
0.02 125
0.02 125
0.02 126
0.02 126
0.02 126
0.02 126
0.02 126
0.02 127
0.02 127
0.02 127
0.02 127
0.02 127
0.02 128
0.02 128
0.02 128
0.02 128
0.02 128
0.02 129
0.02 129
0.02 129
0.02 129
0.02 129
0.02 130
0.02 130
0.02 130
0.02 130
0.02 130
0.02 131
0.02 131
0.02 131
0.02 131
0.02 131
0.02 132
0.02 132
0.02 132
0.02 132
0.02 132
0.02 133
0.02 133
0.02 133
0.02 133
0.02 133
0.02 134
0.02 134
0.02 134
0.02 134
0.02 134
0.02 135
0.02 135
0.02 135
0.02 135
0.02 135
0.02 136
0.02 136
0.02 136
0.02 136
0.02 136
0.02 137
0.02 137
0.02 137
0.02 137
0.02 137
0.02 138
0.02 138
0.02 138
0.02 138
0.02 138
0.02 139
0.02 139
0.02 139
0.02 139
0.02 139
0.02 140
0.02 140
0.02 140
0.02 140
0.02 140
0.03 141
0.03 141
0.03 141
0.03 141
0.03 141
0.03 142
0.03 142
0.03 142
0.03 142
0.03 142
0.03 143
0.03 143
0.03 143
0.03 143
0.03 143
0.03 144
0.03 144
0.03 144
0.03 144
0.03 144
0.03 145
0.03 145
0.03 145
0.03 145
0.03 145
0.03 146
0.03 146
0.03 146
0.03 146
0.03 146
0.03 147
0.03 147
0.03 147
0.03 147
0.03 147
0.03 148
0.03 148
0.03 148
0.03 148
0.03 148
0.03 149
0.03 149
0.03 149
0.03 149
0.03 149
0.03 150
0.03 150
0.03 150
0.03 150
0.03 150
0.03 151
0.03 151
0.03 151
0.03 151
0.03 151
0.03 152
0.03 152
0.03 152
0.03 152
0.03 152
0.03 153
0.03 153
0.03 153
0.03 153
0.03 153
0.03 154
0.03 154
0.03 154
0.03 154
0.03 154
0.03 155
0.03 155
0.03 155
0.03 155
0.03 155
0.03 156
0.03 156
0.03 156
0.03 156
0.03 156
0.03 157
0.03 157
0.03 157
0.03 157
0.03 157
0.03 158
0.03 158
0.03 158
0.03 158
0.03 158
0.03 159
0.03 159
0.03 159
0.03 159
0.03 159
0.03 160
0.03 160
0.03 160
0.03 160
0.03 160
0.03 161
0.03 161
0.03 161
0.03 161
0.03 161
0.03 162
0.03 162
0.03 162
0.03 162
0.03 162
0.03 163
0.03 163
0.03 163
0.03 163
0.03 163
0.03 164
0.03 164
0.03 164
0.03 164
0.03 164
0.03 165
0.03 165
0.03 165
0.03 165
0.03 165
0.03 166
0.03 166
0.03 166
0.03 166
0.03 166
0.03 167
0.03 167
0.03 167
0.03 167
0.03 168
0.03 168
0.03 168
0.03 168
0.03 169
0.03 169
0.03 169
0.03 169
0.03 170
0.03 170
0.03 170
0.03 170
0.03 171
0.03 171
0.03 171
0.03 171
0.03 172
0.03 172
0.03 172
0.03 172
0.03 173
0.03 173
0.03 173
0.03 173
0.03 174
0.03 174
0.03 174
0.03 174
0.03 175
0.03 175
0.03 175
0.03 175
0.03 176
0.03 176
0.03 176
0.03 176
0.03 177
0.03 177
0.03 177
0.03 177
0.03 178
0.03 178
0.03 178
0.03 178
0.03 179
0.03 179
0.03 179
0.03 179
0.03 180
0.03 180
0.03 180
0.03 180
0.03 181
0.03 181
0.03 181
0.03 181
0.03 182
0.03 182
0.03 182
0.03 182
0.03 183
0.03 183
0.03 183
0.03 183
0.03 184
0.03 184
0.03 184
0.03 184
0.03 185
0.03 185
0.03 185
0.03 185
0.03 186
0.03 186
0.03 186
0.03 186
0.03 187
0.03 187
0.03 187
0.03 187
0.03 188
0.03 188
0.03 188
0.03 188
0.03 189
0.03 189
0.03 189
0.03 189
0.03 190
0.03 190
0.03 190
0.03 190
0.03 191
0.03 191
0.03 191
0.03 191
0.03 192
0.03 192
0.03 192
0.03 192
0.03 193
0.03 193
0.03 193
0.03 193
0.03 194
0.03 194
0.03 194
0.03 194
0.03 195
0.03 195
0.03 195
0.03 195
0.03 196
0.03 196
0.03 196
0.03 196
0.03 197
0.03 197
0.03 197
0.03 197
0.03 198
0.03 198
0.03 198
0.03 198
0.03 199
0.03 199
0.03 199
0.03 199
0.04 200
0.04 200
0.04 200
0.04 200
0.04 201
0.04 201
0.04 201
0.04 201
0.04 202
0.04 202
0.04 202
0.04 202
0.04 203
0.04 203
0.04 203
0.04 203
0.04 204
0.04 204
0.04 204
0.04 204
0.04 205
0.04 205
0.04 205
0.04 205
0.04 206
0.04 206
0.04 206
0.04 206
0.04 207
0.04 207
0.04 207
0.04 207
0.04 208
0.04 208
0.04 208
0.04 208
0.04 209
0.04 209
0.04 209
0.04 209
0.04 210
0.04 210
0.04 210
0.04 210
0.04 211
0.04 211
0.04 211
0.04 211
0.04 212
0.04 212
0.04 212
0.04 212
0.04 213
0.04 213
0.04 213
0.04 213
0.04 214
0.04 214
0.04 214
0.04 214
0.04 215
0.04 215
0.04 215
0.04 215
0.04 216
0.04 216
0.04 216
0.04 216
0.04 217
0.04 217
0.04 217
0.04 217
0.04 218
0.04 218
0.04 218
0.04 219
0.04 219
0.04 219
0.04 220
0.04 220
0.04 220
0.04 221
0.04 221
0.04 221
0.04 222
0.04 222
0.04 222
0.04 223
0.04 223
0.04 223
0.04 224
0.04 224
0.04 224
0.04 225
0.04 225
0.04 225
0.04 226
0.04 226
0.04 226
0.04 227
0.04 227
0.04 227
0.04 228
0.04 228
0.04 228
0.04 229
0.04 229
0.04 229
0.04 230
0.04 230
0.04 230
0.04 231
0.04 231
0.04 231
0.04 232
0.04 232
0.04 232
0.04 233
0.04 233
0.04 233
0.04 234
0.04 234
0.04 234
0.04 235
0.04 235
0.04 235
0.04 236
0.04 236
0.04 236
0.04 237
0.04 237
0.04 237
0.04 238
0.04 238
0.04 238
0.04 239
0.04 239
0.04 239
0.04 240
0.04 240
0.04 240
0.04 241
0.04 241
0.04 241
0.04 242
0.04 242
0.04 242
0.04 243
0.04 243
0.04 243
0.04 244
0.04 244
0.04 244
0.04 245
0.04 245
0.04 245
0.04 246
0.04 246
0.04 246
0.04 247
0.04 247
0.04 247
0.04 248
0.04 248
0.04 248
0.04 249
0.04 249
0.04 249
0.04 250
0.04 250
0.04 250
0.04 251
0.04 251
0.04 251
0.04 252
0.04 252
0.04 252
0.04 253
0.04 253
0.04 253
0.04 254
0.04 254
0.04 254
0.04 255
0.04 255
0.04 255
0.05 256
0.05 256
0.05 256
0.05 257
0.05 257
0.05 257
0.05 258
0.05 258
0.05 258
0.05 259
0.05 259
0.05 259
0.05 260
0.05 260
0.05 260
0.05 261
0.05 261
0.05 261
0.05 262
0.05 262
0.05 262
0.05 263
0.05 263
0.05 263
0.05 264
0.05 264
0.05 264
0.05 265
0.05 265
0.05 265
0.05 266
0.05 266
0.05 266
0.05 267
0.05 267
0.05 267
0.05 268
0.05 268
0.05 268
0.05 269
0.05 269
0.05 269
0.05 270
0.05 270
0.05 270
0.05 271
0.05 271
0.05 271
0.05 272
0.05 272
0.05 272
0.05 273
0.05 273
0.05 273
0.05 274
0.05 274
0.05 274
0.05 275
0.05 275
0.05 275
0.05 276
0.05 276
0.05 276
0.05 277
0.05 277
0.05 277
0.05 278
0.05 278
0.05 278
0.05 279
0.05 279
0.05 279
0.05 280
0.05 280
0.05 280
0.05 281
0.05 281
0.05 281
0.05 282
0.05 282
0.05 282
0.05 283
0.05 283
0.05 283
0.05 284
0.05 284
0.05 284
0.05 285
0.05 285
0.05 285
0.05 286
0.05 286
0.05 286
0.05 287
0.05 287
0.05 287
0.05 288
0.05 288
0.05 288
0.05 289
0.05 289
0.05 289
0.05 290
0.05 290
0.05 290
0.05 291
0.05 291
0.05 291
0.05 292
0.05 292
0.05 292
0.05 293
0.05 293
0.05 293
0.05 294
0.05 294
0.05 294
0.05 295
0.05 295
0.05 295
0.05 296
0.05 296
0.05 296
0.05 297
0.05 297
0.05 297
0.05 298
0.05 298
0.05 298
0.05 299
0.05 299
0.05 299
0.05 300
0.05 300
0.05 300
0.05 301
0.05 301
0.05 301
0.05 302
0.05 302
0.05 302
0.05 303
0.05 303
0.05 303
0.05 304
0.05 304
0.05 304
0.05 305
0.05 305
0.05 305
0.05 306
0.05 306
0.05 306
0.05 307
0.05 307
0.05 307
0.05 308
0.05 308
0.05 308
0.05 309
0.05 309
0.05 309
0.05 310
0.05 310
0.05 310
0.05 311
0.05 311
0.05 311
0.05 312
0.05 312
0.05 312
0.06 313
0.06 313
0.06 313
0.06 314
0.06 314
0.06 314
0.06 315
0.06 315
0.06 315
0.06 316
0.06 316
0.06 316
0.06 317
0.06 317
0.06 317
0.06 318
0.06 318
0.06 318
0.06 319
0.06 319
0.06 319
0.06 320
0.06 320
0.06 320
0.06 321
0.06 321
0.06 321
0.06 322
0.06 322
0.06 322
0.06 323
0.06 323
0.06 323
0.06 324
0.06 324
0.06 324
0.06 325
0.06 325
0.06 325
0.06 326
0.06 326
0.06 326
0.06 327
0.06 327
0.06 327
0.06 328
0.06 328
0.06 328
0.06 329
0.06 329
0.06 329
0.06 330
0.06 330
0.06 330
0.06 331
0.06 331
0.06 331
0.06 332
0.06 332
0.06 332
0.06 333
0.06 333
0.06 333
0.06 334
0.06 334
0.06 334
0.06 335
0.06 335
0.06 335
0.06 336
0.06 336
0.06 337
0.06 337
0.06 338
0.06 338
0.06 339
0.06 339
0.06 340
0.06 340
0.06 341
0.06 341
0.06 342
0.06 342
0.06 343
0.06 343
0.06 344
0.06 344
0.06 345
0.06 345
0.06 346
0.06 346
0.06 347
0.06 347
0.06 348
0.06 348
0.06 349
0.06 349
0.06 350
0.06 350
0.06 351
0.06 351
0.06 352
0.06 352
0.06 353
0.06 353
0.06 354
0.06 354
0.06 355
0.06 355
0.06 356
0.06 356
0.06 357
0.06 357
0.06 358
0.06 358
0.06 359
0.06 359
0.06 360
0.06 360
0.06 361
0.06 361
0.06 362
0.06 362
0.06 363
0.06 363
0.06 364
0.06 364
0.06 365
0.06 365
0.06 366
0.06 366
0.06 367
0.06 367
0.06 368
0.06 368
0.06 369
0.06 369
0.06 370
0.06 370
0.06 371
0.06 371
0.06 372
0.06 372
0.07 373
0.07 373
0.07 374
0.07 374
0.07 375
0.07 375
0.07 376
0.07 376
0.07 377
0.07 377
0.07 378
0.07 378
0.07 379
0.07 379
0.07 380
0.07 380
0.07 381
0.07 381
0.07 382
0.07 382
0.07 383
0.07 383
0.07 384
0.07 384
0.07 385
0.07 385
0.07 386
0.07 386
0.07 387
0.07 387
0.07 388
0.07 388
0.07 389
0.07 389
0.07 390
0.07 390
0.07 391
0.07 391
0.07 392
0.07 392
0.07 393
0.07 393
0.07 394
0.07 394
0.07 395
0.07 395
0.07 396
0.07 396
0.07 397
0.07 397
0.07 398
0.07 398
0.07 399
0.07 399
0.07 400
0.07 400
0.07 401
0.07 401
0.07 402
0.07 402
0.07 403
0.07 403
0.07 404
0.07 404
0.07 405
0.07 405
0.07 406
0.07 406
0.07 407
0.07 407
0.07 408
0.07 408
0.07 409
0.07 409
0.07 410
0.07 410
0.07 411
0.07 411
0.07 412
0.07 412
0.07 413
0.07 413
0.07 414
0.07 414
0.07 415
0.07 415
0.07 416
0.07 416
0.07 417
0.07 417
0.07 418
0.07 418
0.07 419
0.07 419
0.07 420
0.07 420
0.07 421
0.07 421
0.07 422
0.07 422
0.08 423
0.08 423
0.08 424
0.08 424
0.08 425
0.08 425
0.08 426
0.08 426
0.08 427
0.08 427
0.08 428
0.08 428
0.08 429
0.08 429
0.08 430
0.08 430
0.08 431
0.08 431
0.08 432
0.08 432
0.08 433
0.08 433
0.08 434
0.08 434
0.08 435
0.08 435
0.08 436
0.08 436
0.08 437
0.08 437
0.08 438
0.08 438
0.08 439
0.08 439
0.08 440
0.08 440
0.08 441
0.08 441
0.08 442
0.08 442
0.08 443
0.08 443
0.08 444
0.08 444
0.08 445
0.08 445
0.08 446
0.08 446
0.08 447
0.08 447
0.08 448
0.08 448
0.08 449
0.08 449
0.08 450
0.08 450
0.08 451
0.08 451
0.08 452
0.08 452
0.08 453
0.08 453
0.08 454
0.08 454
0.08 455
0.08 455
0.08 456
0.08 456
0.08 457
0.08 457
0.08 458
0.08 458
0.08 459
0.08 459
0.08 460
0.08 460
0.08 461
0.08 461
0.08 462
0.08 462
0.08 463
0.08 463
0.08 464
0.08 464
0.08 465
0.08 465
0.08 466
0.08 466
0.08 467
0.08 467
0.08 468
0.08 468
0.08 469
0.08 469
0.08 470
0.08 470
0.08 471
0.08 471
0.08 472
0.08 472
0.08 473
0.08 473
0.08 474
0.08 474
0.08 475
0.08 475
0.08 476
0.08 476
0.08 477
0.08 477
0.08 478
0.08 478
0.08 479
0.08 479
0.09 480
0.09 480
0.09 481
0.09 481
0.09 482
0.09 482
0.09 483
0.09 483
0.09 484
0.09 484
0.09 485
0.09 485
0.09 486
0.09 486
0.09 487
0.09 487
0.09 488
0.09 488
0.09 489
0.09 489
0.09 490
0.09 490
0.09 491
0.09 491
0.09 492
0.09 492
0.09 493
0.09 493
0.09 494
0.09 494
0.09 495
0.09 495
0.09 496
0.09 496
0.09 497
0.09 497
0.09 498
0.09 498
0.09 499
0.09 499
0.09 500
0.09 500
0.09 501
0.09 501
0.09 502
0.09 502
0.09 503
0.09 503
0.09 504
0.09 504
0.09 505
0.09 505
0.09 506
0.09 506
0.09 507
0.09 507
0.09 508
0.09 508
0.09 509
0.09 509
0.09 510
0.09 510
0.09 511
0.09 511
0.09 512
0.09 512
0.09 513
0.09 513
0.09 514
0.09 514
0.09 515
0.09 515
0.09 516
0.09 516
0.09 517
0.09 517
0.09 518
0.09 518
0.09 519
0.09 519
0.09 520
0.09 520
0.09 521
0.09 521
0.09 522
0.09 522
0.09 523
0.09 523
0.09 524
0.09 524
0.09 525
0.09 525
0.09 526
0.09 526
0.09 527
0.09 527
0.09 528
0.09 528
0.09 529
0.09 529
0.09 530
0.09 530
0.09 531
0.09 531
0.09 532
0.09 532
0.09 533
0.09 533
0.09 534
0.09 534
0.09 535
0.09 535
0.09 536
0.09 536
0.09 537
0.09 537
0.09 538
0.09 538
0.09 539
0.09 540
0.09 541
0.1 542
0.1 543
0.1 544
0.1 545
0.1 546
0.1 547
0.1 548
0.1 549
0.1 550
0.1 551
0.1 552
0.1 553
0.1 554
0.1 555
0.1 556
0.1 557
0.1 558
0.1 559
0.1 560
0.1 561
0.1 562
0.1 563
0.1 564
0.1 565
0.1 566
0.1 567
0.1 568
0.1 569
0.1 570
0.1 571
0.1 572
0.1 573
0.1 574
0.1 575
0.1 576
0.1 577
0.1 578
0.1 579
0.1 580
0.1 581
0.1 582
0.1 583
0.1 584
0.1 585
0.1 586
0.1 587
0.1 588
0.1 589
0.1 590
0.1 591
0.1 592
0.1 593
0.1 594
0.1 595
0.1 596
0.1 597
0.1 598
0.1 599
0.1 600
0.1 601
0.11 602
0.11 603
0.11 604
0.11 605
0.11 606
0.11 607
0.11 608
0.11 609
0.11 610
0.11 611
0.11 612
0.11 613
0.11 614
0.11 615
0.11 616
0.11 617
0.11 618
0.11 619
0.11 620
0.11 621
0.11 622
0.11 623
0.11 624
0.11 625
0.11 626
0.11 627
0.11 628
0.11 629
0.11 630
0.11 631
0.11 632
0.11 633
0.11 634
0.11 635
0.11 636
0.11 637
0.11 638
0.11 639
0.11 640
0.11 641
0.11 642
0.11 643
0.11 644
0.11 645
0.11 646
0.11 647
0.11 648
0.11 649
0.11 650
0.11 651
0.11 652
0.11 653
0.11 654
0.11 655
0.11 656
0.11 657
0.11 658
0.11 659
0.11 660
0.11 661
0.11 662
0.11 663
0.11 664
0.11 665
0.11 666
0.12 667
0.12 668
0.12 669
0.12 670
0.12 671
0.12 672
0.12 673
0.12 674
0.12 675
0.12 676
0.12 677
0.12 678
0.12 679
0.12 680
0.12 681
0.12 682
0.12 683
0.12 684
0.12 685
0.12 686
0.12 687
0.12 688
0.12 689
0.12 690
0.12 691
0.12 692
0.12 693
0.12 694
0.12 695
0.12 696
0.12 697
0.12 698
0.12 699
0.12 700
0.12 701
0.12 702
0.12 703
0.12 704
0.12 705
0.12 706
0.12 707
0.12 708
0.12 709
0.12 710
0.12 711
0.12 712
0.12 713
0.12 714
0.12 715
0.12 716
0.12 717
0.12 718
0.12 719
0.12 720
0.12 721
0.12 722
0.12 723
0.12 724
0.12 725
0.12 726
0.12 727
0.12 728
0.12 729
0.12 730
0.12 731
0.12 732
0.13 733
0.13 734
0.13 735
0.13 736
0.13 737
0.13 738
0.13 739
0.13 740
0.13 741
0.13 742
0.13 743
0.13 744
0.13 745
0.13 746
0.13 747
0.13 748
0.13 749
0.13 750
0.13 751
0.13 752
0.13 753
0.13 754
0.13 755
0.13 756
0.13 757
0.13 758
0.13 759
0.13 760
0.13 761
0.13 762
0.13 763
0.13 764
0.13 765
0.13 766
0.13 767
0.13 768
0.13 769
0.13 770
0.13 771
0.13 772
0.13 773
0.13 774
0.13 775
0.13 776
0.13 777
0.13 778
0.13 779
0.13 780
0.13 781
0.13 782
0.13 783
0.13 784
0.13 785
0.13 786
0.13 787
0.13 788
0.13 789
0.13 790
0.13 791
0.13 792
0.13 793
0.13 794
0.13 795
0.13 796
0.13 797
0.14 798
0.14 799
0.14 800
0.14 801
0.14 802
0.14 803
0.14 804
0.14 805
0.14 806
0.14 807
0.14 808
0.14 809
0.14 810
0.14 811
0.14 812
0.14 813
0.14 814
0.14 815
0.14 816
0.14 817
0.14 818
0.14 819
0.14 820
0.14 821
0.14 822
0.14 823
0.14 824
0.14 825
0.14 826
0.14 827
0.14 828
0.14 829
0.14 830
0.14 831
0.14 832
0.14 833
0.14 834
0.14 835
0.14 836
0.14 837
0.14 838
0.14 839
0.14 840
0.14 841
0.14 842
0.14 843
0.14 844
0.14 845
0.14 846
0.14 847
0.14 848
0.14 849
0.14 850
0.14 851
0.14 852
0.14 853
0.14 854
0.14 855
0.14 856
0.14 857
0.14 858
0.14 859
0.14 860
0.14 861
0.14 862
0.14 863
0.15 864
0.15 865
0.15 866
0.15 867
0.15 868
0.15 869
0.15 870
0.15 871
0.15 872
0.15 873
0.15 874
0.15 875
0.15 876
0.15 877
0.15 878
0.15 879
0.15 880
0.15 881
0.15 882
0.15 883
0.15 884
0.15 885
0.15 886
0.15 887
0.15 888
0.15 889
0.15 890
0.15 891
0.15 892
0.15 893
0.15 894
0.15 895
0.15 896
0.15 897
0.15 898
0.15 899
