0.0 4941
0.0 4940.0
0.0 4939.0
0.0 4938.0
0.0 4937.0
0.0 4936.0
0.0 4935.0
0.0 4934.0
0.0 4933.0
0.0 4932.0
0.0 4931.0
0.0 4930.0
0.0 4929.0
0.0 4928.0
0.0 4927.0
0.0 4926.0
0.0 4925.0
0.78 2842.0
1.9 2601.0
3.28 2553.0
5.11 2496.0
6.72 2476.0
7.94 2475.0
7.97 2474.0
9.27 2444.0
10.5 2443.0
10.56 2442.0
12.0 2424.0
13.59 2423.0
13.63 2422.0
14.82 2421.0
14.82 2420.0
16.78 2419.0
16.79 2418.0
18.4 2417.0
18.46 2416.0
19.71 2405.0
20.94 2403.0
22.59 2402.0
22.6 2401.0
24.18 2386.0
25.4 2385.0
25.42 2384.0
27.25 2382.0
29.23 2381.0
29.29 2380.0
30.81 2379.0
30.87 2378.0
33.19 2377.0
33.22 2376.0
