0.0 1
0.0 1
0.0 1
0.0 1
0.0 1
0.0 1
0.0 1
0.0 1
0.0 1
0.0 1
0.0 1
0.0 1
0.0 1
0.0 1
0.0 1
0.0 1
0.0 1
0.0 1
0.0 1
0.0 2
0.0 2
0.0 2
0.0 2
0.0 2
0.0 2
0.0 2
0.0 2
0.0 2
0.0 2
0.0 2
0.0 2
0.0 2
0.0 2
0.0 2
0.0 2
0.0 2
0.0 2
0.0 3
0.0 3
0.0 3
0.0 3
0.0 3
0.0 3
0.0 3
0.0 3
0.0 3
0.0 3
0.0 3
0.0 3
0.0 3
0.0 3
0.0 4
0.0 4
0.0 4
0.0 4
0.0 4
0.0 4
0.0 4
0.0 4
0.0 4
0.0 4
0.0 4
0.0 4
0.0 4
0.0 4
0.0 5
0.0 5
0.0 5
0.0 5
0.0 5
0.0 5
0.0 5
0.0 5
0.0 5
0.0 5
0.0 5
0.0 5
0.0 5
0.0 5
0.0 6
0.0 6
0.0 6
0.0 6
0.0 6
0.0 6
0.0 6
0.0 6
0.0 6
0.0 6
0.0 6
0.0 6
0.0 6
0.0 7
0.0 7
0.0 7
0.0 7
0.0 7
0.0 7
0.0 7
0.0 7
0.0 7
0.0 7
0.0 7
0.0 7
0.0 7
0.0 8
0.0 8
0.0 8
0.0 8
0.0 8
0.0 8
0.0 8
0.0 8
0.0 8
0.0 8
0.0 8
0.0 8
0.0 8
0.0 9
0.0 9
0.0 9
0.0 9
0.0 9
0.0 9
0.0 9
0.0 9
0.0 9
0.0 9
0.0 9
0.0 9
0.0 9
0.01 10
0.01 10
0.01 10
0.01 10
0.01 10
0.01 10
0.01 10
0.01 10
0.01 10
0.01 10
0.01 10
0.01 10
0.01 10
0.01 11
0.01 11
0.01 11
0.01 11
0.01 11
0.01 11
0.01 11
0.01 11
0.01 11
0.01 11
0.01 11
0.01 11
0.01 12
0.01 12
0.01 12
0.01 12
0.01 12
0.01 12
0.01 12
0.01 12
0.01 12
0.01 12
0.01 12
0.01 12
0.01 13
0.01 13
0.01 13
0.01 13
0.01 13
0.01 13
0.01 13
0.01 13
0.01 13
0.01 13
0.01 13
0.01 13
0.01 14
0.01 14
0.01 14
0.01 14
0.01 14
0.01 14
0.01 14
0.01 14
0.01 14
0.01 14
0.01 14
0.01 14
0.01 15
0.01 15
0.01 15
0.01 15
0.01 15
0.01 15
0.01 15
0.01 15
0.01 15
0.01 15
0.01 15
0.01 16
0.01 16
0.01 16
0.01 16
0.01 16
0.01 16
0.01 16
0.01 16
0.01 16
0.01 16
0.01 16
0.01 17
0.01 17
0.01 17
0.01 17
0.01 17
0.01 17
0.01 17
0.01 17
0.01 17
0.01 17
0.01 17
0.01 18
0.01 18
0.01 18
0.01 18
0.01 18
0.01 18
0.01 18
0.01 18
0.01 18
0.01 18
0.01 18
0.01 19
0.01 19
0.01 19
0.01 19
0.01 19
0.01 19
0.01 19
0.01 19
0.01 19
0.01 19
0.01 19
0.01 20
0.01 20
0.01 20
0.01 20
0.01 20
0.01 20
0.01 20
0.01 20
0.01 20
0.01 20
0.01 20
0.01 21
0.01 21
0.01 21
0.01 21
0.01 21
0.01 21
0.01 21
0.01 21
0.01 21
0.01 21
0.01 21
0.01 22
0.01 22
0.01 22
0.01 22
0.01 22
0.01 22
0.01 22
0.01 22
0.01 22
0.01 22
0.01 23
0.01 23
0.01 23
0.01 23
0.01 23
0.01 23
0.01 23
0.01 23
0.01 23
0.01 23
0.01 24
0.01 24
0.01 24
0.01 24
0.01 24
0.01 24
0.01 24
0.01 24
0.01 24
0.01 24
0.01 25
0.01 25
0.01 25
0.01 25
0.01 25
0.01 25
0.01 25
0.01 25
0.01 25
0.01 25
0.01 26
0.01 26
0.01 26
0.01 26
0.01 26
0.01 26
0.01 26
0.01 26
0.01 26
0.01 26
0.01 27
0.01 27
0.01 27
0.01 27
0.01 27
0.01 27
0.01 27
0.01 27
0.01 27
0.01 27
0.02 28
0.02 28
0.02 28
0.02 28
0.02 28
0.02 28
0.02 28
0.02 28
0.02 28
0.02 28
0.02 29
0.02 29
0.02 29
0.02 29
0.02 29
0.02 29
0.02 29
0.02 29
0.02 29
0.02 29
0.02 30
0.02 30
0.02 30
0.02 30
0.02 30
0.02 30
0.02 30
0.02 30
0.02 30
0.02 30
0.02 31
0.02 31
0.02 31
0.02 31
0.02 31
0.02 31
0.02 31
0.02 31
0.02 31
0.02 31
0.02 32
0.02 32
0.02 32
0.02 32
0.02 32
0.02 32
0.02 32
0.02 32
0.02 32
0.02 32
0.02 33
0.02 33
0.02 33
0.02 33
0.02 33
0.02 33
0.02 33
0.02 33
0.02 33
0.02 33
0.02 34
0.02 34
0.02 34
0.02 34
0.02 34
0.02 34
0.02 34
0.02 34
0.02 34
0.02 34
0.02 35
0.02 35
0.02 35
0.02 35
0.02 35
0.02 35
0.02 35
0.02 35
0.02 35
0.02 35
0.02 36
0.02 36
0.02 36
0.02 36
0.02 36
0.02 36
0.02 36
0.02 36
0.02 36
0.02 36
0.02 37
0.02 37
0.02 37
0.02 37
0.02 37
0.02 37
0.02 37
0.02 37
0.02 37
0.02 37
0.02 38
0.02 38
0.02 38
0.02 38
0.02 38
0.02 38
0.02 38
0.02 38
0.02 38
0.02 38
0.02 39
0.02 39
0.02 39
0.02 39
0.02 39
0.02 39
0.02 39
0.02 39
0.02 39
0.02 39
0.02 40
0.02 40
0.02 40
0.02 40
0.02 40
0.02 40
0.02 40
0.02 40
0.02 40
0.02 41
0.02 41
0.02 41
0.02 41
0.02 41
0.02 41
0.02 41
0.02 41
0.02 41
0.02 42
0.02 42
0.02 42
0.02 42
0.02 42
0.02 42
0.02 42
0.02 42
0.02 42
0.02 43
0.02 43
0.02 43
0.02 43
0.02 43
0.02 43
0.02 43
0.02 43
0.02 43
0.02 44
0.02 44
0.02 44
0.02 44
0.02 44
0.02 44
0.02 44
0.02 44
0.02 44
0.03 45
0.03 45
0.03 45
0.03 45
0.03 45
0.03 45
0.03 45
0.03 45
0.03 45
0.03 46
0.03 46
0.03 46
0.03 46
0.03 46
0.03 46
0.03 46
0.03 46
0.03 46
0.03 47
0.03 47
0.03 47
0.03 47
0.03 47
0.03 47
0.03 47
0.03 47
0.03 47
0.03 48
0.03 48
0.03 48
0.03 48
0.03 48
0.03 48
0.03 48
0.03 48
0.03 48
0.03 49
0.03 49
0.03 49
0.03 49
0.03 49
0.03 49
0.03 49
0.03 49
0.03 49
0.03 50
0.03 50
0.03 50
0.03 50
0.03 50
0.03 50
0.03 50
0.03 50
0.03 50
0.03 51
0.03 51
0.03 51
0.03 51
0.03 51
0.03 51
0.03 51
0.03 51
0.03 51
0.03 52
0.03 52
0.03 52
0.03 52
0.03 52
0.03 52
0.03 52
0.03 52
0.03 52
0.03 53
0.03 53
0.03 53
0.03 53
0.03 53
0.03 53
0.03 53
0.03 53
0.03 53
0.03 54
0.03 54
0.03 54
0.03 54
0.03 54
0.03 54
0.03 54
0.03 54
0.03 54
0.03 55
0.03 55
0.03 55
0.03 55
0.03 55
0.03 55
0.03 55
0.03 55
0.03 55
0.03 56
0.03 56
0.03 56
0.03 56
0.03 56
0.03 56
0.03 56
0.03 56
0.03 56
0.03 57
0.03 57
0.03 57
0.03 57
0.03 57
0.03 57
0.03 57
0.03 57
0.03 57
0.03 58
0.03 58
0.03 58
0.03 58
0.03 58
0.03 58
0.03 58
0.03 58
0.03 58
0.03 59
0.03 59
0.03 59
0.03 59
0.03 59
0.03 59
0.03 59
0.03 59
0.03 59
0.03 60
0.03 60
0.03 60
0.03 60
0.03 60
0.03 60
0.03 60
0.03 60
0.03 60
0.03 61
0.03 61
0.03 61
0.03 61
0.03 61
0.03 61
0.03 61
0.03 61
0.03 61
0.03 62
0.03 62
0.03 62
0.03 62
0.03 62
0.03 62
0.03 62
0.03 62
0.03 62
0.03 63
0.03 63
0.03 63
0.03 63
0.03 63
0.03 63
0.03 63
0.03 63
0.03 63
0.03 64
0.03 64
0.03 64
0.03 64
0.03 64
0.03 64
0.03 64
0.03 64
0.04 65
0.04 65
0.04 65
0.04 65
0.04 65
0.04 65
0.04 65
0.04 65
0.04 66
0.04 66
0.04 66
0.04 66
0.04 66
0.04 66
0.04 66
0.04 66
0.04 67
0.04 67
0.04 67
0.04 67
0.04 67
0.04 67
0.04 67
0.04 67
0.04 68
0.04 68
0.04 68
0.04 68
0.04 68
0.04 68
0.04 68
0.04 68
0.04 69
0.04 69
0.04 69
0.04 69
0.04 69
0.04 69
0.04 69
0.04 69
0.04 70
0.04 70
0.04 70
0.04 70
0.04 70
0.04 70
0.04 70
0.04 70
0.04 71
0.04 71
0.04 71
0.04 71
0.04 71
0.04 71
0.04 71
0.04 71
0.04 72
0.04 72
0.04 72
0.04 72
0.04 72
0.04 72
0.04 72
0.04 72
0.04 73
0.04 73
0.04 73
0.04 73
0.04 73
0.04 73
0.04 73
0.04 73
0.04 74
0.04 74
0.04 74
0.04 74
0.04 74
0.04 74
0.04 74
0.04 74
0.04 75
0.04 75
0.04 75
0.04 75
0.04 75
0.04 75
0.04 75
0.04 75
0.04 76
0.04 76
0.04 76
0.04 76
0.04 76
0.04 76
0.04 76
0.04 76
0.04 77
0.04 77
0.04 77
0.04 77
0.04 77
0.04 77
0.04 77
0.04 77
0.04 78
0.04 78
0.04 78
0.04 78
0.04 78
0.04 78
0.04 78
0.04 78
0.04 79
0.04 79
0.04 79
0.04 79
0.04 79
0.04 79
0.04 79
0.04 79
0.04 80
0.04 80
0.04 80
0.04 80
0.04 80
0.04 80
0.04 80
0.04 80
0.04 81
0.04 81
0.04 81
0.04 81
0.04 81
0.04 81
0.04 81
0.04 81
0.05 82
0.05 82
0.05 82
0.05 82
0.05 82
0.05 82
0.05 82
0.05 82
0.05 83
0.05 83
0.05 83
0.05 83
0.05 83
0.05 83
0.05 83
0.05 83
0.05 84
0.05 84
0.05 84
0.05 84
0.05 84
0.05 84
0.05 84
0.05 84
0.05 85
0.05 85
0.05 85
0.05 85
0.05 85
0.05 85
0.05 85
0.05 85
0.05 86
0.05 86
0.05 86
0.05 86
0.05 86
0.05 86
0.05 86
0.05 86
0.05 87
0.05 87
0.05 87
0.05 87
0.05 87
0.05 87
0.05 87
0.05 87
0.05 88
0.05 88
0.05 88
0.05 88
0.05 88
0.05 88
0.05 88
0.05 88
0.05 89
0.05 89
0.05 89
0.05 89
0.05 89
0.05 89
0.05 89
0.05 89
0.05 90
0.05 90
0.05 90
0.05 90
0.05 90
0.05 90
0.05 90
0.05 90
0.05 91
0.05 91
0.05 91
0.05 91
0.05 91
0.05 91
0.05 91
0.05 91
0.05 92
0.05 92
0.05 92
0.05 92
0.05 92
0.05 92
0.05 92
0.05 92
0.05 93
0.05 93
0.05 93
0.05 93
0.05 93
0.05 93
0.05 93
0.05 93
0.05 94
0.05 94
0.05 94
0.05 94
0.05 94
0.05 94
0.05 94
0.05 94
0.05 95
0.05 95
0.05 95
0.05 95
0.05 95
0.05 95
0.05 95
0.05 95
0.05 96
0.05 96
0.05 96
0.05 96
0.05 96
0.05 96
0.05 96
0.05 96
0.05 97
0.05 97
0.05 97
0.05 97
0.05 97
0.05 97
0.05 97
0.05 97
0.05 98
0.05 98
0.05 98
0.05 98
0.05 98
0.05 98
0.05 98
0.05 98
0.05 99
0.05 99
0.05 99
0.05 99
0.05 99
0.05 99
0.05 99
0.05 100
0.05 100
0.05 100
0.05 100
0.05 100
0.05 100
0.05 100
0.06 101
0.06 101
0.06 101
0.06 101
0.06 101
0.06 101
0.06 101
0.06 102
0.06 102
0.06 102
0.06 102
0.06 102
0.06 102
0.06 102
0.06 103
0.06 103
0.06 103
0.06 103
0.06 103
0.06 103
0.06 103
0.06 104
0.06 104
0.06 104
0.06 104
0.06 104
0.06 104
0.06 104
0.06 105
0.06 105
0.06 105
0.06 105
0.06 105
0.06 105
0.06 105
0.06 106
0.06 106
0.06 106
0.06 106
0.06 106
0.06 106
0.06 106
0.06 107
0.06 107
0.06 107
0.06 107
0.06 107
0.06 107
0.06 107
0.06 108
0.06 108
0.06 108
0.06 108
0.06 108
0.06 108
0.06 108
0.06 109
0.06 109
0.06 109
0.06 109
0.06 109
0.06 109
0.06 109
0.06 110
0.06 110
0.06 110
0.06 110
0.06 110
0.06 110
0.06 110
0.06 111
0.06 111
0.06 111
0.06 111
0.06 111
0.06 111
0.06 111
0.06 112
0.06 112
0.06 112
0.06 112
0.06 112
0.06 112
0.06 112
0.06 113
0.06 113
0.06 113
0.06 113
0.06 113
0.06 113
0.06 113
0.06 114
0.06 114
0.06 114
0.06 114
0.06 114
0.06 114
0.06 114
0.06 115
0.06 115
0.06 115
0.06 115
0.06 115
0.06 115
0.06 115
0.06 116
0.06 116
0.06 116
0.06 116
0.06 116
0.06 116
0.06 116
0.06 117
0.06 117
0.06 117
0.06 117
0.06 117
0.06 117
0.06 117
0.06 118
0.06 118
0.06 118
0.06 118
0.06 118
0.06 118
0.06 118
0.06 119
0.06 119
0.06 119
0.06 119
0.06 119
0.06 119
0.06 119
0.07 120
0.07 120
0.07 120
0.07 120
0.07 120
0.07 120
0.07 120
0.07 121
0.07 121
0.07 121
0.07 121
0.07 121
0.07 121
0.07 121
0.07 122
0.07 122
0.07 122
0.07 122
0.07 122
0.07 122
0.07 122
0.07 123
0.07 123
0.07 123
0.07 123
0.07 123
0.07 123
0.07 123
0.07 124
0.07 124
0.07 124
0.07 124
0.07 124
0.07 124
0.07 124
0.07 125
0.07 125
0.07 125
0.07 125
0.07 125
0.07 125
0.07 125
0.07 126
0.07 126
0.07 126
0.07 126
0.07 126
0.07 126
0.07 126
0.07 127
0.07 127
0.07 127
0.07 127
0.07 127
0.07 127
0.07 127
0.07 128
0.07 128
0.07 128
0.07 128
0.07 128
0.07 128
0.07 128
0.07 129
0.07 129
0.07 129
0.07 129
0.07 129
0.07 129
0.07 129
0.07 130
0.07 130
0.07 130
0.07 130
0.07 130
0.07 130
0.07 130
0.07 131
0.07 131
0.07 131
0.07 131
0.07 131
0.07 131
0.07 131
0.07 132
0.07 132
0.07 132
0.07 132
0.07 132
0.07 132
0.07 132
0.07 133
0.07 133
0.07 133
0.07 133
0.07 133
0.07 133
0.07 133
0.07 134
0.07 134
0.07 134
0.07 134
0.07 134
0.07 134
0.07 134
0.07 135
0.07 135
0.07 135
0.07 135
0.07 135
0.07 135
0.07 135
0.07 136
0.07 136
0.07 136
0.07 136
0.07 136
0.07 136
0.07 136
0.08 137
0.08 137
0.08 137
0.08 137
0.08 137
0.08 137
0.08 137
0.08 138
0.08 138
0.08 138
0.08 138
0.08 138
0.08 138
0.08 138
0.08 139
0.08 139
0.08 139
0.08 139
0.08 139
0.08 139
0.08 139
0.08 140
0.08 140
0.08 140
0.08 140
0.08 140
0.08 140
0.08 140
0.08 141
0.08 141
0.08 141
0.08 141
0.08 141
0.08 141
0.08 141
0.08 142
0.08 142
0.08 142
0.08 142
0.08 142
0.08 142
0.08 142
0.08 143
0.08 143
0.08 143
0.08 143
0.08 143
0.08 143
0.08 143
0.08 144
0.08 144
0.08 144
0.08 144
0.08 144
0.08 144
0.08 144
0.08 145
0.08 145
0.08 145
0.08 145
0.08 145
0.08 145
0.08 145
0.08 146
0.08 146
0.08 146
0.08 146
0.08 146
0.08 146
0.08 146
0.08 147
0.08 147
0.08 147
0.08 147
0.08 147
0.08 147
0.08 147
0.08 148
0.08 148
0.08 148
0.08 148
0.08 148
0.08 148
0.08 148
0.08 149
0.08 149
0.08 149
0.08 149
0.08 149
0.08 149
0.08 149
0.08 150
0.08 150
0.08 150
0.08 150
0.08 150
0.08 150
0.08 150
0.08 151
0.08 151
0.08 151
0.08 151
0.08 151
0.08 151
0.08 151
0.08 152
0.08 152
0.08 152
0.08 152
0.08 152
0.08 152
0.08 152
0.08 153
0.08 153
0.08 153
0.08 153
0.08 153
0.08 153
0.08 153
0.08 154
0.08 154
0.08 154
0.08 154
0.08 154
0.08 154
0.08 154
0.09 155
0.09 155
0.09 155
0.09 155
0.09 155
0.09 155
0.09 155
0.09 156
0.09 156
0.09 156
0.09 156
0.09 156
0.09 156
0.09 156
0.09 157
0.09 157
0.09 157
0.09 157
0.09 157
0.09 157
0.09 157
0.09 158
0.09 158
0.09 158
0.09 158
0.09 158
0.09 158
0.09 158
0.09 159
0.09 159
0.09 159
0.09 159
0.09 159
0.09 159
0.09 159
0.09 160
0.09 160
0.09 160
0.09 160
0.09 160
0.09 160
0.09 160
0.09 161
0.09 161
0.09 161
0.09 161
0.09 161
0.09 161
0.09 162
0.09 162
0.09 162
0.09 162
0.09 162
0.09 162
0.09 163
0.09 163
0.09 163
0.09 163
0.09 163
0.09 163
0.09 164
0.09 164
0.09 164
0.09 164
0.09 164
0.09 164
0.09 165
0.09 165
0.09 165
0.09 165
0.09 165
0.09 165
0.09 166
0.09 166
0.09 166
0.09 166
0.09 166
0.09 166
0.09 167
0.09 167
0.09 167
0.09 167
0.09 167
0.09 167
0.09 168
0.09 168
0.09 168
0.09 168
0.09 168
0.09 168
0.09 169
0.09 169
0.09 169
0.09 169
0.09 169
0.09 169
0.09 170
0.09 170
0.09 170
0.09 170
0.09 170
0.09 170
0.1 171
0.1 171
0.1 171
0.1 171
0.1 171
0.1 171
0.1 172
0.1 172
0.1 172
0.1 172
0.1 172
0.1 172
0.1 173
0.1 173
0.1 173
0.1 173
0.1 173
0.1 173
0.1 174
0.1 174
0.1 174
0.1 174
0.1 174
0.1 174
0.1 175
0.1 175
0.1 175
0.1 175
0.1 175
0.1 175
0.1 176
0.1 176
0.1 176
0.1 176
0.1 176
0.1 176
0.1 177
0.1 177
0.1 177
0.1 177
0.1 177
0.1 177
0.1 178
0.1 178
0.1 178
0.1 178
0.1 178
0.1 178
0.1 179
0.1 179
0.1 179
0.1 179
0.1 179
0.1 179
0.1 180
0.1 180
0.1 180
0.1 180
0.1 180
0.1 180
0.1 181
0.1 181
0.1 181
0.1 181
0.1 181
0.1 181
0.1 182
0.1 182
0.1 182
0.1 182
0.1 182
0.1 182
0.1 183
0.1 183
0.1 183
0.1 183
0.1 183
0.1 183
0.1 184
0.1 184
0.1 184
0.1 184
0.1 184
0.1 184
0.1 185
0.1 185
0.1 185
0.1 185
0.1 185
0.1 185
0.1 186
0.1 186
0.1 186
0.1 186
0.1 186
0.1 186
0.1 187
0.1 187
0.1 187
0.1 187
0.1 187
0.1 187
0.1 188
0.1 188
0.1 188
0.11 188
0.11 188
0.11 188
0.11 189
0.11 189
0.11 189
0.11 189
0.11 189
0.11 189
0.11 190
0.11 190
0.11 190
0.11 190
0.11 190
0.11 190
0.11 191
0.11 191
0.11 191
0.11 191
0.11 191
0.11 191
0.11 192
0.11 192
0.11 192
0.11 192
0.11 192
0.11 192
0.11 193
0.11 193
0.11 193
0.11 193
0.11 193
0.11 193
0.11 194
0.11 194
0.11 194
0.11 194
0.11 194
0.11 194
0.11 195
0.11 195
0.11 195
0.11 195
0.11 195
0.11 195
0.11 196
0.11 196
0.11 196
0.11 196
0.11 196
0.11 196
0.11 197
0.11 197
0.11 197
0.11 197
0.11 197
0.11 197
0.11 198
0.11 198
0.11 198
0.11 198
0.11 198
0.11 198
0.11 199
0.11 199
0.11 199
0.11 199
0.11 199
0.11 199
0.11 200
0.11 200
0.11 200
0.11 200
0.11 200
0.11 200
0.11 201
0.11 201
0.11 201
0.11 201
0.11 201
0.11 201
0.11 202
0.11 202
0.11 202
0.11 202
0.11 202
0.11 202
0.11 203
0.11 203
0.11 203
0.11 203
0.11 203
0.11 203
0.11 204
0.11 204
0.11 204
0.11 204
0.11 204
0.11 204
0.11 205
0.11 205
0.11 205
0.11 205
0.11 205
0.11 205
0.11 206
0.11 206
0.11 206
0.11 206
0.11 206
0.11 206
0.11 207
0.11 207
0.11 207
0.11 207
0.11 207
0.11 207
0.12 208
0.12 208
0.12 208
0.12 208
0.12 208
0.12 208
0.12 209
0.12 209
0.12 209
0.12 209
0.12 209
0.12 209
0.12 210
0.12 210
0.12 210
0.12 210
0.12 210
0.12 210
0.12 211
0.12 211
0.12 211
0.12 211
0.12 211
0.12 211
0.12 212
0.12 212
0.12 212
0.12 212
0.12 212
0.12 212
0.12 213
0.12 213
0.12 213
0.12 213
0.12 213
0.12 213
0.12 214
0.12 214
0.12 214
0.12 214
0.12 214
0.12 214
0.12 215
0.12 215
0.12 215
0.12 215
0.12 215
0.12 215
0.12 216
0.12 216
0.12 216
0.12 216
0.12 216
0.12 216
0.12 217
0.12 217
0.12 217
0.12 217
0.12 217
0.12 217
0.12 218
0.12 218
0.12 218
0.12 218
0.12 218
0.12 218
0.12 219
0.12 219
0.12 219
0.12 219
0.12 219
0.12 219
0.12 220
0.12 220
0.12 220
0.12 220
0.12 220
0.12 220
0.12 221
0.12 221
0.12 221
0.12 221
0.12 221
0.12 221
0.12 222
0.12 222
0.12 222
0.12 222
0.12 222
0.12 222
0.12 223
0.12 223
0.12 223
0.12 223
0.12 223
0.12 223
0.12 224
0.12 224
0.12 224
0.12 224
0.12 224
0.12 224
0.12 225
0.12 225
0.12 225
0.12 225
0.12 225
0.12 225
0.12 226
0.12 226
0.12 226
0.12 226
0.12 226
0.12 226
0.13 227
0.13 227
0.13 227
0.13 227
0.13 227
0.13 227
0.13 228
0.13 228
0.13 228
0.13 228
0.13 228
0.13 228
0.13 229
0.13 229
0.13 229
0.13 229
0.13 229
0.13 229
0.13 230
0.13 230
0.13 230
0.13 230
0.13 230
0.13 230
0.13 231
0.13 231
0.13 231
0.13 231
0.13 231
0.13 231
0.13 232
0.13 232
0.13 232
0.13 232
0.13 232
0.13 232
0.13 233
0.13 233
0.13 233
0.13 233
0.13 233
0.13 233
0.13 234
0.13 234
0.13 234
0.13 234
0.13 234
0.13 234
0.13 235
0.13 235
0.13 235
0.13 235
0.13 235
0.13 235
0.13 236
0.13 236
0.13 236
0.13 236
0.13 236
0.13 236
0.13 237
0.13 237
0.13 237
0.13 237
0.13 237
0.13 237
0.13 238
0.13 238
0.13 238
0.13 238
0.13 238
0.13 238
0.13 239
0.13 239
0.13 239
0.13 239
0.13 239
0.13 239
0.13 240
0.13 240
0.13 240
0.13 240
0.13 240
0.13 240
0.13 241
0.13 241
0.13 241
0.13 241
0.13 241
0.13 241
0.13 242
0.13 242
0.13 242
0.13 242
0.13 242
0.13 243
0.13 243
0.13 243
0.13 243
0.13 243
0.13 244
0.13 244
0.13 244
0.13 244
0.13 244
0.13 245
0.13 245
0.13 245
0.13 245
0.13 245
0.14 246
0.14 246
0.14 246
0.14 246
0.14 246
0.14 247
0.14 247
0.14 247
0.14 247
0.14 247
0.14 248
0.14 248
0.14 248
0.14 248
0.14 248
0.14 249
0.14 249
0.14 249
0.14 249
0.14 249
0.14 250
0.14 250
0.14 250
0.14 250
0.14 250
0.14 251
0.14 251
0.14 251
0.14 251
0.14 251
0.14 252
0.14 252
0.14 252
0.14 252
0.14 252
0.14 253
0.14 253
0.14 253
0.14 253
0.14 253
0.14 254
0.14 254
0.14 254
0.14 254
0.14 254
0.14 255
0.14 255
0.14 255
0.14 255
0.14 255
0.14 256
0.14 256
0.14 256
0.14 256
0.14 256
0.14 257
0.14 257
0.14 257
0.14 257
0.14 257
0.14 258
0.14 258
0.14 258
0.14 258
0.14 258
0.14 259
0.14 259
0.14 259
0.14 259
0.14 259
0.14 260
0.14 260
0.14 260
0.14 260
0.14 260
0.14 261
0.14 261
0.14 261
0.14 261
0.14 261
0.14 262
0.14 262
0.14 262
0.14 262
0.14 262
0.14 263
0.14 263
0.14 263
0.14 263
0.14 263
0.14 264
0.14 264
0.14 264
0.14 264
0.14 264
0.15 265
0.15 265
0.15 265
0.15 265
0.15 265
0.15 266
0.15 266
0.15 266
0.15 266
0.15 266
0.15 267
0.15 267
0.15 267
0.15 267
0.15 267
0.15 268
0.15 268
0.15 268
0.15 268
0.15 268
0.15 269
0.15 269
0.15 269
0.15 269
0.15 269
0.15 270
0.15 270
0.15 270
0.15 270
0.15 270
0.15 271
0.15 271
0.15 271
0.15 271
0.15 271
0.15 272
0.15 272
0.15 272
0.15 272
0.15 272
0.15 273
0.15 273
0.15 273
0.15 273
0.15 273
0.15 274
0.15 274
0.15 274
0.15 274
0.15 274
0.15 275
0.15 275
0.15 275
0.15 275
0.15 275
0.15 276
0.15 276
0.15 276
0.15 276
0.15 276
0.15 277
0.15 277
0.15 277
0.15 277
0.15 277
0.15 278
0.15 278
0.15 278
0.15 278
0.15 278
0.15 279
0.15 279
0.15 279
0.15 279
0.15 279
0.15 280
0.15 280
0.15 280
0.15 280
0.15 280
0.15 281
0.15 281
0.15 281
0.15 281
0.15 281
0.15 282
0.15 282
0.15 282
0.15 282
0.15 282
0.15 283
0.15 283
0.15 283
0.15 283
0.15 283
0.16 284
0.16 284
0.16 284
0.16 284
0.16 284
0.16 285
0.16 285
0.16 285
0.16 285
0.16 285
0.16 286
0.16 286
0.16 286
0.16 286
0.16 286
0.16 287
0.16 287
0.16 287
0.16 287
0.16 287
0.16 288
0.16 288
0.16 288
0.16 288
0.16 288
0.16 289
0.16 289
0.16 289
0.16 289
0.16 289
0.16 290
0.16 290
0.16 290
0.16 290
0.16 290
0.16 291
0.16 291
0.16 291
0.16 291
0.16 291
0.16 292
0.16 292
0.16 292
0.16 292
0.16 292
0.16 293
0.16 293
0.16 293
0.16 293
0.16 293
0.16 294
0.16 294
0.16 294
0.16 294
0.16 294
0.16 295
0.16 295
0.16 295
0.16 295
0.16 295
0.16 296
0.16 296
0.16 296
0.16 296
0.16 296
0.16 297
0.16 297
0.16 297
0.16 297
0.16 297
0.16 298
0.16 298
0.16 298
0.16 298
0.16 298
0.16 299
0.16 299
0.16 299
0.16 299
0.16 299
0.16 300
0.16 300
0.16 300
0.16 300
0.16 300
0.16 301
0.16 301
0.16 301
0.16 301
0.16 301
0.16 302
0.16 302
0.16 302
0.16 302
0.16 302
0.17 303
0.17 303
0.17 303
0.17 303
0.17 303
0.17 304
0.17 304
0.17 304
0.17 304
0.17 304
0.17 305
0.17 305
0.17 305
0.17 305
0.17 305
0.17 306
0.17 306
0.17 306
0.17 306
0.17 306
0.17 307
0.17 307
0.17 307
0.17 307
0.17 307
0.17 308
0.17 308
0.17 308
0.17 308
0.17 308
0.17 309
0.17 309
0.17 309
0.17 309
0.17 309
0.17 310
0.17 310
0.17 310
0.17 310
0.17 310
0.17 311
0.17 311
0.17 311
0.17 311
0.17 311
0.17 312
0.17 312
0.17 312
0.17 312
0.17 312
0.17 313
0.17 313
0.17 313
0.17 313
0.17 313
0.17 314
0.17 314
0.17 314
0.17 314
0.17 314
0.17 315
0.17 315
0.17 315
0.17 315
0.17 315
0.17 316
0.17 316
0.17 316
0.17 316
0.17 316
0.17 317
0.17 317
0.17 317
0.17 317
0.17 317
0.17 318
0.17 318
0.17 318
0.17 318
0.17 318
0.17 319
0.17 319
0.17 319
0.17 319
0.17 319
0.17 320
0.17 320
0.17 320
0.17 320
0.17 320
0.17 321
0.17 321
0.17 321
0.17 321
0.17 321
0.17 322
0.17 322
0.17 322
0.17 322
0.17 322
0.18 323
0.18 323
0.18 323
0.18 323
0.18 323
0.18 324
0.18 324
0.18 324
0.18 324
0.18 324
0.18 325
0.18 325
0.18 325
0.18 325
0.18 325
0.18 326
0.18 326
0.18 326
0.18 326
0.18 326
0.18 327
0.18 327
0.18 327
0.18 327
0.18 327
0.18 328
0.18 328
0.18 328
0.18 328
0.18 328
0.18 329
0.18 329
0.18 329
0.18 329
0.18 329
0.18 330
0.18 330
0.18 330
0.18 330
0.18 330
0.18 331
0.18 331
0.18 331
0.18 331
0.18 331
0.18 332
0.18 332
0.18 332
0.18 332
0.18 332
0.18 333
0.18 333
0.18 333
0.18 333
0.18 333
0.18 334
0.18 334
0.18 334
0.18 334
0.18 334
0.18 335
0.18 335
0.18 335
0.18 335
0.18 335
0.18 336
0.18 336
0.18 336
0.18 336
0.18 336
0.18 337
0.18 337
0.18 337
0.18 337
0.18 337
0.18 338
0.18 338
0.18 338
0.18 338
0.18 338
0.18 339
0.18 339
0.18 339
0.18 339
0.18 339
0.18 340
0.18 340
0.18 340
0.18 340
0.18 340
0.18 341
0.18 341
0.18 341
0.18 341
0.18 341
0.19 342
0.19 342
0.19 342
0.19 342
0.19 342
0.19 343
0.19 343
0.19 343
0.19 343
0.19 343
0.19 344
0.19 344
0.19 344
0.19 344
0.19 344
0.19 345
0.19 345
0.19 345
0.19 345
0.19 345
0.19 346
0.19 346
0.19 346
0.19 346
0.19 346
0.19 347
0.19 347
0.19 347
0.19 347
0.19 347
0.19 348
0.19 348
0.19 348
0.19 348
0.19 348
0.19 349
0.19 349
0.19 349
0.19 349
0.19 349
0.19 350
0.19 350
0.19 350
0.19 350
0.19 350
0.19 351
0.19 351
0.19 351
0.19 351
0.19 351
0.19 352
0.19 352
0.19 352
0.19 352
0.19 352
0.19 353
0.19 353
0.19 353
0.19 353
0.19 353
0.19 354
0.19 354
0.19 354
0.19 354
0.19 354
0.19 355
0.19 355
0.19 355
0.19 355
0.19 355
0.19 356
0.19 356
0.19 356
0.19 356
0.19 356
0.19 357
0.19 357
0.19 357
0.19 357
0.19 357
0.19 358
0.19 358
0.19 358
0.19 358
0.19 358
0.19 359
0.19 359
0.19 359
0.19 359
0.19 359
0.19 360
0.19 360
0.19 360
0.19 360
0.19 360
0.2 361
0.2 361
0.2 361
0.2 361
0.2 361
0.2 362
0.2 362
0.2 362
0.2 362
0.2 362
0.2 363
0.2 363
0.2 363
0.2 363
0.2 363
0.2 364
0.2 364
0.2 364
0.2 364
0.2 364
0.2 365
0.2 365
0.2 365
0.2 365
0.2 365
0.2 366
0.2 366
0.2 366
0.2 366
0.2 366
0.2 367
0.2 367
0.2 367
0.2 367
0.2 367
0.2 368
0.2 368
0.2 368
0.2 368
0.2 368
0.2 369
0.2 369
0.2 369
0.2 369
0.2 369
0.2 370
0.2 370
0.2 370
0.2 370
0.2 370
0.2 371
0.2 371
0.2 371
0.2 371
0.2 371
0.2 372
0.2 372
0.2 372
0.2 372
0.2 372
0.2 373
0.2 373
0.2 373
0.2 373
0.2 373
0.2 374
0.2 374
0.2 374
0.2 374
0.2 374
0.2 375
0.2 375
0.2 375
0.2 375
0.2 375
0.2 376
0.2 376
0.2 376
0.2 376
0.2 376
0.2 377
0.2 377
0.2 377
0.2 377
0.2 377
0.2 378
0.2 378
0.2 378
0.2 378
0.2 378
0.2 379
0.2 379
0.2 379
0.2 379
0.2 379
0.21 380
0.21 380
0.21 380
0.21 380
0.21 380
0.21 381
0.21 381
0.21 381
0.21 381
0.21 381
0.21 382
0.21 382
0.21 382
0.21 382
0.21 382
0.21 383
0.21 383
0.21 383
0.21 383
0.21 383
0.21 384
0.21 384
0.21 384
0.21 384
0.21 384
0.21 385
0.21 385
0.21 385
0.21 385
0.21 385
0.21 386
0.21 386
0.21 386
0.21 386
0.21 386
0.21 387
0.21 387
0.21 387
0.21 387
0.21 387
0.21 388
0.21 388
0.21 388
0.21 388
0.21 388
0.21 389
0.21 389
0.21 389
0.21 389
0.21 389
0.21 390
0.21 390
0.21 390
0.21 390
0.21 390
0.21 391
0.21 391
0.21 391
0.21 391
0.21 392
0.21 392
0.21 392
0.21 392
0.21 393
0.21 393
0.21 393
0.21 393
0.21 394
0.21 394
0.21 394
0.21 394
0.21 395
0.21 395
0.21 395
0.21 395
0.21 396
0.21 396
0.21 396
0.21 396
0.21 397
0.21 397
0.21 397
0.21 397
0.21 398
0.21 398
0.21 398
0.21 398
0.21 399
0.21 399
0.21 399
0.21 399
0.22 400
0.22 400
0.22 400
0.22 400
0.22 401
0.22 401
0.22 401
0.22 401
0.22 402
0.22 402
0.22 402
0.22 402
0.22 403
0.22 403
0.22 403
0.22 403
0.22 404
0.22 404
0.22 404
0.22 404
0.22 405
0.22 405
0.22 405
0.22 405
0.22 406
0.22 406
0.22 406
0.22 406
0.22 407
0.22 407
0.22 407
0.22 407
0.22 408
0.22 408
0.22 408
0.22 408
0.22 409
0.22 409
0.22 409
0.22 409
0.22 410
0.22 410
0.22 410
0.22 410
0.22 411
0.22 411
0.22 411
0.22 411
0.22 412
0.22 412
0.22 412
0.22 412
0.22 413
0.22 413
0.22 413
0.22 413
0.22 414
0.22 414
0.22 414
0.22 414
0.22 415
0.22 415
0.22 415
0.22 415
0.22 416
0.22 416
0.22 416
0.22 416
0.22 417
0.22 417
0.22 417
0.22 417
0.23 418
0.23 418
0.23 418
0.23 418
0.23 419
0.23 419
0.23 419
0.23 419
0.23 420
0.23 420
0.23 420
0.23 420
0.23 421
0.23 421
0.23 421
0.23 421
0.23 422
0.23 422
0.23 422
0.23 422
0.23 423
0.23 423
0.23 423
0.23 423
0.23 424
0.23 424
0.23 424
0.23 424
0.23 425
0.23 425
0.23 425
0.23 425
0.23 426
0.23 426
0.23 426
0.23 426
0.23 427
0.23 427
0.23 427
0.23 427
0.23 428
0.23 428
0.23 428
0.23 428
0.23 429
0.23 429
0.23 429
0.23 429
0.23 430
0.23 430
0.23 430
0.23 430
0.23 431
0.23 431
0.23 431
0.23 431
0.23 432
0.23 432
0.23 432
0.23 432
0.23 433
0.23 433
0.23 433
0.23 433
0.23 434
0.23 434
0.23 434
0.23 434
0.23 435
0.23 435
0.23 435
0.23 435
0.23 436
0.23 436
0.23 436
0.23 436
0.24 437
0.24 437
0.24 437
0.24 437
0.24 438
0.24 438
0.24 438
0.24 438
0.24 439
0.24 439
0.24 439
0.24 439
0.24 440
0.24 440
0.24 440
0.24 440
0.24 441
0.24 441
0.24 441
0.24 441
0.24 442
0.24 442
0.24 442
0.24 442
0.24 443
0.24 443
0.24 443
0.24 443
0.24 444
0.24 444
0.24 444
0.24 444
0.24 445
0.24 445
0.24 445
0.24 445
0.24 446
0.24 446
0.24 446
0.24 446
0.24 447
0.24 447
0.24 447
0.24 447
0.24 448
0.24 448
0.24 448
0.24 448
0.24 449
0.24 449
0.24 449
0.24 449
0.24 450
0.24 450
0.24 450
0.24 450
0.24 451
0.24 451
0.24 451
0.24 451
0.24 452
0.24 452
0.24 452
0.24 452
0.24 453
0.24 453
0.24 453
0.24 453
0.25 454
0.25 454
0.25 454
0.25 454
0.25 455
0.25 455
0.25 455
0.25 455
0.25 456
0.25 456
0.25 456
0.25 456
0.25 457
0.25 457
0.25 457
0.25 457
0.25 458
0.25 458
0.25 458
0.25 458
0.25 459
0.25 459
0.25 459
0.25 459
0.25 460
0.25 460
0.25 460
0.25 460
0.25 461
0.25 461
0.25 461
0.25 461
0.25 462
0.25 462
0.25 462
0.25 462
0.25 463
0.25 463
0.25 463
0.25 463
0.25 464
0.25 464
0.25 464
0.25 464
0.25 465
0.25 465
0.25 465
0.25 465
0.25 466
0.25 466
0.25 466
0.25 466
0.25 467
0.25 467
0.25 467
0.25 467
0.25 468
0.25 468
0.25 468
0.25 468
0.25 469
0.25 469
0.25 469
0.25 469
0.26 470
0.26 470
0.26 470
0.26 470
0.26 471
0.26 471
0.26 471
0.26 471
0.26 472
0.26 472
0.26 472
0.26 472
0.26 473
0.26 473
0.26 473
0.26 473
0.26 474
0.26 474
0.26 474
0.26 474
0.26 475
0.26 475
0.26 475
0.26 475
0.26 476
0.26 476
0.26 476
0.26 476
0.26 477
0.26 477
0.26 477
0.26 477
0.26 478
0.26 478
0.26 478
0.26 478
0.26 479
0.26 479
0.26 479
0.26 479
0.26 480
0.26 480
0.26 480
0.26 480
0.26 481
0.26 481
0.26 481
0.26 481
0.26 482
0.26 482
0.26 482
0.26 482
0.26 483
0.26 483
0.26 483
0.26 483
0.26 484
0.26 484
0.26 484
0.26 484
0.26 485
0.26 485
0.26 485
0.26 485
0.27 486
0.27 486
0.27 486
0.27 486
0.27 487
0.27 487
0.27 487
0.27 487
0.27 488
0.27 488
0.27 488
0.27 488
0.27 489
0.27 489
0.27 489
0.27 489
0.27 490
0.27 490
0.27 490
0.27 490
0.27 491
0.27 491
0.27 491
0.27 491
0.27 492
0.27 492
0.27 492
0.27 492
0.27 493
0.27 493
0.27 493
0.27 493
0.27 494
0.27 494
0.27 494
0.27 494
0.27 495
0.27 495
0.27 495
0.27 495
0.27 496
0.27 496
0.27 496
0.27 496
0.27 497
0.27 497
0.27 497
0.27 497
0.27 498
0.27 498
0.27 498
0.27 498
0.27 499
0.27 499
0.27 499
0.27 499
0.27 500
0.27 500
0.27 500
0.27 500
0.27 501
0.27 501
0.27 501
0.27 501
0.28 502
0.28 502
0.28 502
0.28 502
0.28 503
0.28 503
0.28 503
0.28 503
0.28 504
0.28 504
0.28 504
0.28 504
0.28 505
0.28 505
0.28 505
0.28 505
0.28 506
0.28 506
0.28 506
0.28 506
0.28 507
0.28 507
0.28 507
0.28 507
0.28 508
0.28 508
0.28 508
0.28 508
0.28 509
0.28 509
0.28 509
0.28 509
0.28 510
0.28 510
0.28 510
0.28 510
0.28 511
0.28 511
0.28 511
0.28 511
0.28 512
0.28 512
0.28 512
0.28 512
0.28 513
0.28 513
0.28 513
0.28 513
0.28 514
0.28 514
0.28 514
0.28 514
0.28 515
0.28 515
0.28 515
0.28 515
0.28 516
0.28 516
0.28 516
0.28 516
0.28 517
0.28 517
0.28 517
0.28 517
0.29 518
0.29 518
0.29 518
0.29 518
0.29 519
0.29 519
0.29 519
0.29 519
0.29 520
0.29 520
0.29 520
0.29 520
0.29 521
0.29 521
0.29 521
0.29 521
0.29 522
0.29 522
0.29 522
0.29 522
0.29 523
0.29 523
0.29 523
0.29 523
0.29 524
0.29 524
0.29 524
0.29 524
0.29 525
0.29 525
0.29 525
0.29 525
0.29 526
0.29 526
0.29 526
0.29 526
0.29 527
0.29 527
0.29 527
0.29 527
0.29 528
0.29 528
0.29 528
0.29 528
0.29 529
0.29 529
0.29 529
0.29 529
0.29 530
0.29 530
0.29 530
0.29 530
0.29 531
0.29 531
0.29 531
0.29 531
0.29 532
0.29 532
0.29 532
0.29 532
0.29 533
0.29 533
0.29 533
0.29 533
0.29 534
0.29 534
0.29 534
0.29 534
0.3 535
0.3 535
0.3 535
0.3 535
0.3 536
0.3 536
0.3 536
0.3 536
0.3 537
0.3 537
0.3 537
0.3 537
0.3 538
0.3 538
0.3 538
0.3 538
0.3 539
0.3 539
0.3 539
0.3 539
0.3 540
0.3 540
0.3 540
0.3 540
0.3 541
0.3 541
0.3 541
0.3 541
0.3 542
0.3 542
0.3 542
0.3 542
0.3 543
0.3 543
0.3 543
0.3 543
0.3 544
0.3 544
0.3 544
0.3 544
0.3 545
0.3 545
0.3 545
0.3 545
0.3 546
0.3 546
0.3 546
0.3 546
0.3 547
0.3 547
0.3 547
0.3 547
0.3 548
0.3 548
0.3 548
0.3 548
0.3 549
0.3 549
0.3 549
0.3 549
0.3 550
0.3 550
0.3 550
0.3 550
0.3 551
0.3 551
0.3 551
0.3 551
0.3 552
0.3 552
0.3 552
0.3 552
0.31 553
0.31 553
0.31 553
0.31 553
0.31 554
0.31 554
0.31 554
0.31 554
0.31 555
0.31 555
0.31 555
0.31 555
0.31 556
0.31 556
0.31 556
0.31 556
0.31 557
0.31 557
0.31 557
0.31 557
0.31 558
0.31 558
0.31 558
0.31 558
0.31 559
0.31 559
0.31 559
0.31 559
0.31 560
0.31 560
0.31 560
0.31 560
0.31 561
0.31 561
0.31 561
0.31 561
0.31 562
0.31 562
0.31 562
0.31 562
0.31 563
0.31 563
0.31 563
0.31 563
0.31 564
0.31 564
0.31 564
0.31 564
0.31 565
0.31 565
0.31 565
0.31 565
0.31 566
0.31 566
0.31 566
0.31 566
0.31 567
0.31 567
0.31 567
0.31 567
0.31 568
0.31 568
0.31 568
0.31 568
0.31 569
0.31 569
0.31 569
0.31 569
0.31 570
0.31 570
0.31 570
0.31 570
0.31 571
0.31 571
0.31 571
0.31 571
0.32 572
0.32 572
0.32 572
0.32 572
0.32 573
0.32 573
0.32 573
0.32 573
0.32 574
0.32 574
0.32 574
0.32 574
0.32 575
0.32 575
0.32 575
0.32 575
0.32 576
0.32 576
0.32 576
0.32 576
0.32 577
0.32 577
0.32 577
0.32 577
0.32 578
0.32 578
0.32 578
0.32 578
0.32 579
0.32 579
0.32 579
0.32 579
0.32 580
0.32 580
0.32 580
0.32 580
0.32 581
0.32 581
0.32 581
0.32 581
0.32 582
0.32 582
0.32 582
0.32 582
0.32 583
0.32 583
0.32 583
0.32 583
0.32 584
0.32 584
0.32 584
0.32 584
0.32 585
0.32 585
0.32 585
0.32 585
0.32 586
0.32 586
0.32 586
0.32 586
0.32 587
0.32 587
0.32 587
0.32 587
0.32 588
0.32 588
0.32 588
0.32 588
0.32 589
0.32 589
0.32 589
0.32 589
0.32 590
0.32 590
0.32 590
0.32 590
0.33 591
0.33 591
0.33 591
0.33 591
0.33 592
0.33 592
0.33 592
0.33 592
0.33 593
0.33 593
0.33 593
0.33 593
0.33 594
0.33 594
0.33 594
0.33 594
0.33 595
0.33 595
0.33 595
0.33 595
0.33 596
0.33 596
0.33 596
0.33 596
0.33 597
0.33 597
0.33 597
0.33 597
0.33 598
0.33 598
0.33 598
0.33 598
0.33 599
0.33 599
0.33 599
0.33 599
0.33 600
0.33 600
0.33 600
0.33 600
0.33 601
0.33 601
0.33 601
0.33 601
0.33 602
0.33 602
0.33 602
0.33 602
0.33 603
0.33 603
0.33 603
0.33 603
0.33 604
0.33 604
0.33 604
0.33 604
0.33 605
0.33 605
0.33 605
0.33 605
0.33 606
0.33 606
0.33 606
0.33 606
0.33 607
0.33 607
0.33 607
0.33 607
0.33 608
0.33 608
0.33 608
0.33 608
0.33 609
0.33 609
0.33 609
0.33 609
0.34 610
0.34 610
0.34 610
0.34 610
0.34 611
0.34 611
0.34 611
0.34 611
0.34 612
0.34 612
0.34 612
0.34 612
0.34 613
0.34 613
0.34 613
0.34 613
0.34 614
0.34 614
0.34 614
0.34 614
0.34 615
0.34 615
0.34 615
0.34 615
0.34 616
0.34 616
0.34 616
0.34 616
0.34 617
0.34 617
0.34 617
0.34 617
0.34 618
0.34 618
0.34 618
0.34 619
0.34 619
0.34 619
0.34 620
0.34 620
0.34 620
0.34 621
0.34 621
0.34 621
0.34 622
0.34 622
0.34 622
0.34 623
0.34 623
0.34 623
0.34 624
0.34 624
0.34 624
0.34 625
0.34 625
0.34 625
0.34 626
0.34 626
0.34 626
0.34 627
0.34 627
0.34 627
0.35 628
0.35 628
0.35 628
0.35 629
0.35 629
0.35 629
0.35 630
0.35 630
0.35 630
0.35 631
0.35 631
0.35 631
0.35 632
0.35 632
0.35 632
0.35 633
0.35 633
0.35 633
0.35 634
0.35 634
0.35 634
0.35 635
0.35 635
0.35 635
0.35 636
0.35 636
0.35 636
0.35 637
0.35 637
0.35 637
0.35 638
0.35 638
0.35 638
0.35 639
0.35 639
0.35 639
0.35 640
0.35 640
0.35 640
0.35 641
0.35 641
0.35 641
0.35 642
0.35 642
0.35 642
0.35 643
0.35 643
0.35 643
0.35 644
0.35 644
0.35 644
0.35 645
0.35 645
0.35 645
0.35 646
0.35 646
0.35 646
0.35 647
0.35 647
0.35 647
0.36 648
0.36 648
0.36 648
0.36 649
0.36 649
0.36 649
0.36 650
0.36 650
0.36 650
0.36 651
0.36 651
0.36 651
0.36 652
0.36 652
0.36 652
0.36 653
0.36 653
0.36 653
0.36 654
0.36 654
0.36 654
0.36 655
0.36 655
0.36 655
0.36 656
0.36 656
0.36 656
0.36 657
0.36 657
0.36 657
0.36 658
0.36 658
0.36 658
0.36 659
0.36 659
0.36 659
0.36 660
0.36 660
0.36 660
0.36 661
0.36 661
0.36 661
0.36 662
0.36 662
0.36 662
0.36 663
0.36 663
0.36 663
0.36 664
0.36 664
0.36 664
0.36 665
0.36 665
0.36 665
0.36 666
0.36 666
0.36 666
0.37 667
0.37 667
0.37 667
0.37 668
0.37 668
0.37 668
0.37 669
0.37 669
0.37 669
0.37 670
0.37 670
0.37 670
0.37 671
0.37 671
0.37 671
0.37 672
0.37 672
0.37 672
0.37 673
0.37 673
0.37 673
0.37 674
0.37 674
0.37 674
0.37 675
0.37 675
0.37 675
0.37 676
0.37 676
0.37 676
0.37 677
0.37 677
0.37 677
0.37 678
0.37 678
0.37 678
0.37 679
0.37 679
0.37 679
0.37 680
0.37 680
0.37 680
0.37 681
0.37 681
0.37 681
0.37 682
0.37 682
0.37 682
0.37 683
0.37 683
0.37 683
0.37 684
0.37 684
0.37 684
0.38 685
0.38 685
0.38 685
0.38 686
0.38 686
0.38 686
0.38 687
0.38 687
0.38 687
0.38 688
0.38 688
0.38 688
0.38 689
0.38 689
0.38 689
0.38 690
0.38 690
0.38 690
0.38 691
0.38 691
0.38 691
0.38 692
0.38 692
0.38 692
0.38 693
0.38 693
0.38 693
0.38 694
0.38 694
0.38 694
0.38 695
0.38 695
0.38 695
0.38 696
0.38 696
0.38 696
0.38 697
0.38 697
0.38 697
0.38 698
0.38 698
0.38 698
0.38 699
0.38 699
0.38 699
0.38 700
0.38 700
0.38 700
0.38 701
0.38 701
0.38 701
0.38 702
0.38 702
0.38 702
0.38 703
0.38 703
0.38 703
0.39 704
0.39 704
0.39 704
0.39 705
0.39 705
0.39 705
0.39 706
0.39 706
0.39 706
0.39 707
0.39 707
0.39 707
0.39 708
0.39 708
0.39 708
0.39 709
0.39 709
0.39 709
0.39 710
0.39 710
0.39 710
0.39 711
0.39 711
0.39 711
0.39 712
0.39 712
0.39 712
0.39 713
0.39 713
0.39 713
0.39 714
0.39 714
0.39 714
0.39 715
0.39 715
0.39 715
0.39 716
0.39 716
0.39 716
0.39 717
0.39 717
0.39 717
0.39 718
0.39 718
0.39 718
0.39 719
0.39 719
0.39 719
0.39 720
0.39 720
0.39 720
0.39 721
0.39 721
0.39 721
0.39 722
0.39 722
0.39 722
0.4 723
0.4 723
0.4 723
0.4 724
0.4 724
0.4 724
0.4 725
0.4 725
0.4 725
0.4 726
0.4 726
0.4 726
0.4 727
0.4 727
0.4 727
0.4 728
0.4 728
0.4 728
0.4 729
0.4 729
0.4 729
0.4 730
0.4 730
0.4 730
0.4 731
0.4 731
0.4 731
0.4 732
0.4 732
0.4 732
0.4 733
0.4 733
0.4 733
0.4 734
0.4 734
0.4 734
0.4 735
0.4 735
0.4 735
0.4 736
0.4 736
0.4 736
0.4 737
0.4 737
0.4 737
0.4 738
0.4 738
0.4 738
0.4 739
0.4 739
0.4 739
0.4 740
0.4 740
0.4 740
0.4 741
0.4 741
0.4 741
0.41 742
0.41 742
0.41 742
0.41 743
0.41 743
0.41 743
0.41 744
0.41 744
0.41 744
0.41 745
0.41 745
0.41 745
0.41 746
0.41 746
0.41 746
0.41 747
0.41 747
0.41 747
0.41 748
0.41 748
0.41 748
0.41 749
0.41 749
0.41 749
0.41 750
0.41 750
0.41 750
0.41 751
0.41 751
0.41 751
0.41 752
0.41 752
0.41 752
0.41 753
0.41 753
0.41 753
0.41 754
0.41 754
0.41 754
0.41 755
0.41 755
0.41 755
0.41 756
0.41 756
0.41 756
0.41 757
0.41 757
0.41 757
0.41 758
0.41 758
0.41 758
0.41 759
0.41 759
0.41 759
0.41 760
0.41 760
0.41 760
0.42 761
0.42 761
0.42 761
0.42 762
0.42 762
0.42 762
0.42 763
0.42 763
0.42 763
0.42 764
0.42 764
0.42 764
0.42 765
0.42 765
0.42 765
0.42 766
0.42 766
0.42 766
0.42 767
0.42 767
0.42 767
0.42 768
0.42 768
0.42 768
0.42 769
0.42 769
0.42 769
0.42 770
0.42 770
0.42 770
0.42 771
0.42 771
0.42 771
0.42 772
0.42 772
0.42 772
0.42 773
0.42 773
0.42 773
0.42 774
0.42 774
0.42 774
0.42 775
0.42 775
0.42 775
0.42 776
0.42 776
0.42 776
0.42 777
0.42 777
0.42 777
0.42 778
0.42 778
0.42 778
0.42 779
0.42 779
0.42 779
0.43 780
0.43 780
0.43 780
0.43 781
0.43 781
0.43 781
0.43 782
0.43 782
0.43 782
0.43 783
0.43 783
0.43 783
0.43 784
0.43 784
0.43 784
0.43 785
0.43 785
0.43 785
0.43 786
0.43 786
0.43 786
0.43 787
0.43 787
0.43 787
0.43 788
0.43 788
0.43 788
0.43 789
0.43 789
0.43 789
0.43 790
0.43 790
0.43 790
0.43 791
0.43 791
0.43 791
0.43 792
0.43 792
0.43 792
0.43 793
0.43 793
0.43 793
0.43 794
0.43 794
0.43 794
0.43 795
0.43 795
0.43 795
0.43 796
0.43 796
0.43 796
0.43 797
0.43 797
0.43 797
0.43 798
0.43 798
0.43 798
0.43 799
0.43 799
0.43 799
0.44 800
0.44 800
0.44 800
0.44 801
0.44 801
0.44 801
0.44 802
0.44 802
0.44 802
0.44 803
0.44 803
0.44 803
0.44 804
0.44 804
0.44 804
0.44 805
0.44 805
0.44 805
0.44 806
0.44 806
0.44 806
0.44 807
0.44 807
0.44 807
0.44 808
0.44 808
0.44 808
0.44 809
0.44 809
0.44 809
0.44 810
0.44 810
0.44 810
0.44 811
0.44 811
0.44 811
0.44 812
0.44 812
0.44 812
0.44 813
0.44 813
0.44 813
0.44 814
0.44 814
0.44 814
0.44 815
0.44 815
0.44 815
0.44 816
0.44 816
0.44 816
0.44 817
0.44 817
0.44 817
0.44 818
0.44 818
0.44 818
0.45 819
0.45 819
0.45 819
0.45 820
0.45 820
0.45 820
0.45 821
0.45 821
0.45 821
0.45 822
0.45 822
0.45 822
0.45 823
0.45 823
0.45 823
0.45 824
0.45 824
0.45 824
0.45 825
0.45 825
0.45 825
0.45 826
0.45 826
0.45 826
0.45 827
0.45 827
0.45 827
0.45 828
0.45 828
0.45 828
0.45 829
0.45 829
0.45 829
0.45 830
0.45 830
0.45 830
0.45 831
0.45 831
0.45 831
0.45 832
0.45 832
0.45 832
0.45 833
0.45 833
0.45 833
0.45 834
0.45 834
0.45 834
0.45 835
0.45 835
0.45 835
0.45 836
0.45 836
0.45 836
0.45 837
0.45 837
0.45 837
0.46 838
0.46 838
0.46 838
0.46 839
0.46 839
0.46 839
0.46 840
0.46 840
0.46 840
0.46 841
0.46 841
0.46 841
0.46 842
0.46 842
0.46 842
0.46 843
0.46 843
0.46 843
0.46 844
0.46 844
0.46 844
0.46 845
0.46 845
0.46 845
0.46 846
0.46 846
0.46 846
0.46 847
0.46 847
0.46 847
0.46 848
0.46 848
0.46 848
0.46 849
0.46 849
0.46 849
0.46 850
0.46 850
0.46 850
0.46 851
0.46 851
0.46 851
0.46 852
0.46 852
0.46 852
0.46 853
0.46 853
0.46 853
0.46 854
0.46 854
0.46 854
0.46 855
0.46 855
0.46 855
0.46 856
0.46 856
0.46 856
0.47 857
0.47 857
0.47 857
0.47 858
0.47 858
0.47 858
0.47 859
0.47 859
0.47 859
0.47 860
0.47 860
0.47 860
0.47 861
0.47 861
0.47 861
0.47 862
0.47 862
0.47 862
0.47 863
0.47 863
0.47 863
0.47 864
0.47 864
0.47 864
0.47 865
0.47 865
0.47 865
0.47 866
0.47 866
0.47 866
0.47 867
0.47 867
0.47 867
0.47 868
0.47 868
0.47 868
0.47 869
0.47 869
0.47 869
0.47 870
0.47 870
0.47 870
0.47 871
0.47 871
0.47 871
0.47 872
0.47 872
0.47 872
0.47 873
0.47 873
0.47 873
0.47 874
0.47 874
0.47 874
0.47 875
0.47 875
0.47 875
0.48 876
0.48 876
0.48 876
0.48 877
0.48 877
0.48 877
0.48 878
0.48 878
0.48 878
0.48 879
0.48 879
0.48 879
0.48 880
0.48 880
0.48 880
0.48 881
0.48 881
0.48 881
0.48 882
0.48 882
0.48 882
0.48 883
0.48 883
0.48 883
0.48 884
0.48 884
0.48 884
0.48 885
0.48 885
0.48 885
0.48 886
0.48 886
0.48 886
0.48 887
0.48 887
0.48 887
0.48 888
0.48 888
0.48 888
0.48 889
0.48 889
0.48 889
0.48 890
0.48 890
0.48 890
0.48 891
0.48 891
0.48 891
0.48 892
0.48 892
0.48 892
0.48 893
0.48 893
0.48 893
0.48 894
0.48 894
0.48 894
0.49 895
0.49 895
0.49 895
0.49 896
0.49 896
0.49 896
0.49 897
0.49 897
0.49 897
0.49 898
0.49 898
0.49 898
0.49 899
0.49 899
0.49 899
0.49 900
0.49 900
0.49 900
0.49 901
0.49 901
0.49 901
0.49 902
0.49 902
0.49 902
0.49 903
0.49 903
0.49 903
0.49 904
0.49 904
0.49 904
0.49 905
0.49 905
0.49 905
0.49 906
0.49 906
0.49 906
0.49 907
0.49 907
0.49 907
0.49 908
0.49 908
0.49 908
0.49 909
0.49 909
0.49 909
0.49 910
0.49 910
0.49 910
0.49 911
0.49 911
0.49 911
0.49 912
0.49 912
0.49 912
0.5 913
0.5 913
0.5 913
0.5 914
0.5 914
0.5 914
0.5 915
0.5 915
0.5 915
0.5 916
0.5 916
0.5 916
0.5 917
0.5 917
0.5 917
0.5 918
0.5 918
0.5 918
0.5 919
0.5 919
0.5 919
0.5 920
0.5 920
0.5 920
0.5 921
0.5 921
0.5 921
0.5 922
0.5 922
0.5 922
0.5 923
0.5 923
0.5 923
0.5 924
0.5 924
0.5 924
0.5 925
0.5 925
0.5 925
0.5 926
0.5 926
0.5 926
0.5 927
0.5 927
0.5 927
0.5 928
0.5 928
0.5 928
0.5 929
0.5 929
0.5 929
0.5 930
0.5 930
0.5 930
0.51 931
0.51 931
0.51 931
0.51 932
0.51 932
0.51 932
0.51 933
0.51 933
0.51 933
0.51 934
0.51 934
0.51 934
0.51 935
0.51 935
0.51 935
0.51 936
0.51 936
0.51 936
0.51 937
0.51 937
0.51 937
0.51 938
0.51 938
0.51 938
0.51 939
0.51 939
0.51 939
0.51 940
0.51 940
0.51 940
0.51 941
0.51 941
0.51 941
0.51 942
0.51 942
0.51 942
0.51 943
0.51 943
0.51 943
0.51 944
0.51 944
0.51 944
0.51 945
0.51 945
0.51 945
0.51 946
0.51 946
0.51 946
0.51 947
0.51 947
0.51 947
0.51 948
0.51 948
0.51 948
0.52 949
0.52 949
0.52 949
0.52 950
0.52 950
0.52 950
0.52 951
0.52 951
0.52 951
0.52 952
0.52 952
0.52 952
0.52 953
0.52 953
0.52 953
0.52 954
0.52 954
0.52 954
0.52 955
0.52 955
0.52 955
0.52 956
0.52 956
0.52 956
0.52 957
0.52 957
0.52 957
0.52 958
0.52 958
0.52 958
0.52 959
0.52 959
0.52 959
0.52 960
0.52 960
0.52 960
0.52 961
0.52 961
0.52 961
0.52 962
0.52 962
0.52 962
0.52 963
0.52 963
0.52 963
0.52 964
0.52 964
0.52 964
0.52 965
0.52 965
0.52 965
0.52 966
0.52 966
0.52 966
0.53 967
0.53 967
0.53 967
0.53 968
0.53 968
0.53 968
0.53 969
0.53 969
0.53 969
0.53 970
0.53 970
0.53 970
0.53 971
0.53 971
0.53 971
0.53 972
0.53 972
0.53 972
0.53 973
0.53 973
0.53 973
0.53 974
0.53 974
0.53 974
0.53 975
0.53 975
0.53 975
0.53 976
0.53 976
0.53 976
0.53 977
0.53 977
0.53 977
0.53 978
0.53 978
0.53 978
0.53 979
0.53 979
0.53 979
0.53 980
0.53 980
0.53 980
0.53 981
0.53 981
0.53 981
0.53 982
0.53 982
0.53 982
0.53 983
0.53 983
0.53 983
0.54 984
0.54 984
0.54 984
0.54 985
0.54 985
0.54 985
0.54 986
0.54 986
0.54 986
0.54 987
0.54 987
0.54 987
0.54 988
0.54 988
0.54 988
0.54 989
0.54 989
0.54 989
0.54 990
0.54 990
0.54 990
0.54 991
0.54 991
0.54 991
0.54 992
0.54 992
0.54 992
0.54 993
0.54 993
0.54 993
0.54 994
0.54 994
0.54 994
0.54 995
0.54 995
0.54 995
0.54 996
0.54 996
0.54 996
0.54 997
0.54 997
0.54 997
0.54 998
0.54 998
0.54 998
0.54 999
0.54 999
0.54 999
0.54 1000
0.54 1000
0.54 1000
0.55 1001
0.55 1001
0.55 1001
0.55 1002
0.55 1002
0.55 1002
0.55 1003
0.55 1003
0.55 1003
0.55 1004
0.55 1004
0.55 1004
0.55 1005
0.55 1005
0.55 1005
0.55 1006
0.55 1006
0.55 1006
0.55 1007
0.55 1007
0.55 1007
0.55 1008
0.55 1008
0.55 1008
0.55 1009
0.55 1009
0.55 1009
0.55 1010
0.55 1010
0.55 1010
0.55 1011
0.55 1011
0.55 1011
0.55 1012
0.55 1012
0.55 1012
0.55 1013
0.55 1013
0.55 1013
0.55 1014
0.55 1014
0.55 1014
0.55 1015
0.55 1015
0.55 1015
0.55 1016
0.55 1016
0.56 1017
0.56 1017
0.56 1018
0.56 1018
0.56 1019
0.56 1019
0.56 1020
0.56 1020
0.56 1021
0.56 1021
0.56 1022
0.56 1022
0.56 1023
0.56 1023
0.56 1024
0.56 1024
0.56 1025
0.56 1025
0.56 1026
0.56 1026
0.56 1027
0.56 1027
0.56 1028
0.56 1028
0.56 1029
0.56 1029
0.56 1030
0.56 1030
0.56 1031
0.56 1031
0.56 1032
0.56 1032
0.56 1033
0.56 1033
0.56 1034
0.56 1034
0.57 1035
0.57 1035
0.57 1036
0.57 1036
0.57 1037
0.57 1037
0.57 1038
0.57 1038
0.57 1039
0.57 1039
0.57 1040
0.57 1040
0.57 1041
0.57 1041
0.57 1042
0.57 1042
0.57 1043
0.57 1043
0.57 1044
0.57 1044
0.57 1045
0.57 1045
0.57 1046
0.57 1046
0.57 1047
0.57 1047
0.57 1048
0.57 1048
0.57 1049
0.57 1049
0.57 1050
0.57 1050
0.57 1051
0.57 1051
0.57 1052
0.57 1052
0.58 1053
0.58 1053
0.58 1054
0.58 1054
0.58 1055
0.58 1055
0.58 1056
0.58 1056
0.58 1057
0.58 1057
0.58 1058
0.58 1058
0.58 1059
0.58 1059
0.58 1060
0.58 1060
0.58 1061
0.58 1061
0.58 1062
0.58 1062
0.58 1063
0.58 1063
0.58 1064
0.58 1064
0.58 1065
0.58 1065
0.58 1066
0.58 1066
0.58 1067
0.58 1067
0.58 1068
0.58 1068
0.58 1069
0.58 1069
0.58 1070
0.58 1070
0.58 1071
0.58 1071
0.59 1072
0.59 1072
0.59 1073
0.59 1073
0.59 1074
0.59 1074
0.59 1075
0.59 1075
0.59 1076
0.59 1076
0.59 1077
0.59 1077
0.59 1078
0.59 1078
0.59 1079
0.59 1079
0.59 1080
0.59 1080
0.59 1081
0.59 1081
0.59 1082
0.59 1082
0.59 1083
0.59 1083
0.59 1084
0.59 1084
0.59 1085
0.59 1085
0.59 1086
0.59 1086
0.59 1087
0.59 1087
0.59 1088
0.59 1088
0.59 1089
0.59 1089
0.59 1090
0.59 1090
0.6 1091
0.6 1091
0.6 1092
0.6 1092
0.6 1093
0.6 1093
0.6 1094
0.6 1094
0.6 1095
0.6 1095
0.6 1096
0.6 1096
0.6 1097
0.6 1097
0.6 1098
0.6 1098
0.6 1099
0.6 1099
0.6 1100
0.6 1100
0.6 1101
0.6 1101
0.6 1102
0.6 1102
0.6 1103
0.6 1103
0.6 1104
0.6 1104
0.6 1105
0.6 1105
0.6 1106
0.6 1106
0.6 1107
0.6 1107
0.6 1108
0.6 1108
0.6 1109
0.6 1109
0.6 1110
0.6 1110
0.61 1111
0.61 1111
0.61 1112
0.61 1112
0.61 1113
0.61 1113
0.61 1114
0.61 1114
0.61 1115
0.61 1115
0.61 1116
0.61 1116
0.61 1117
0.61 1117
0.61 1118
0.61 1118
0.61 1119
0.61 1119
0.61 1120
0.61 1120
0.61 1121
0.61 1121
0.61 1122
0.61 1122
0.61 1123
0.61 1123
0.61 1124
0.61 1124
0.61 1125
0.61 1125
0.61 1126
0.61 1126
0.61 1127
0.61 1127
0.61 1128
0.61 1128
0.61 1129
0.61 1129
0.62 1130
0.62 1130
0.62 1131
0.62 1131
0.62 1132
0.62 1132
0.62 1133
0.62 1133
0.62 1134
0.62 1134
0.62 1135
0.62 1135
0.62 1136
0.62 1136
0.62 1137
0.62 1137
0.62 1138
0.62 1138
0.62 1139
0.62 1139
0.62 1140
0.62 1140
0.62 1141
0.62 1141
0.62 1142
0.62 1142
0.62 1143
0.62 1143
0.62 1144
0.62 1144
0.62 1145
0.62 1145
0.62 1146
0.62 1146
0.62 1147
0.62 1147
0.62 1148
0.62 1148
0.63 1149
0.63 1149
0.63 1150
0.63 1150
0.63 1151
0.63 1151
0.63 1152
0.63 1152
0.63 1153
0.63 1153
0.63 1154
0.63 1154
0.63 1155
0.63 1155
0.63 1156
0.63 1156
0.63 1157
0.63 1157
0.63 1158
0.63 1158
0.63 1159
0.63 1159
0.63 1160
0.63 1160
0.63 1161
0.63 1161
0.63 1162
0.63 1162
0.63 1163
0.63 1163
0.63 1164
0.63 1164
0.63 1165
0.63 1165
0.63 1166
0.63 1166
0.63 1167
0.63 1167
0.64 1168
0.64 1168
0.64 1169
0.64 1169
0.64 1170
0.64 1170
0.64 1171
0.64 1171
0.64 1172
0.64 1172
0.64 1173
0.64 1173
0.64 1174
0.64 1174
0.64 1175
0.64 1175
0.64 1176
0.64 1176
0.64 1177
0.64 1177
0.64 1178
0.64 1178
0.64 1179
0.64 1179
0.64 1180
0.64 1180
0.64 1181
0.64 1181
0.64 1182
0.64 1182
0.64 1183
0.64 1183
0.64 1184
0.64 1184
0.64 1185
0.64 1185
0.64 1186
0.64 1186
0.65 1187
0.65 1187
0.65 1188
0.65 1188
0.65 1189
0.65 1189
0.65 1190
0.65 1190
0.65 1191
0.65 1191
0.65 1192
0.65 1192
0.65 1193
0.65 1193
0.65 1194
0.65 1194
0.65 1195
0.65 1195
0.65 1196
0.65 1196
0.65 1197
0.65 1197
0.65 1198
0.65 1198
0.65 1199
0.65 1199
0.65 1200
0.65 1200
0.65 1201
0.65 1201
0.65 1202
0.65 1202
0.65 1203
0.65 1203
0.65 1204
0.65 1204
0.65 1205
0.65 1205
0.65 1206
0.65 1206
0.66 1207
0.66 1207
0.66 1208
0.66 1208
0.66 1209
0.66 1209
0.66 1210
0.66 1210
0.66 1211
0.66 1211
0.66 1212
0.66 1212
0.66 1213
0.66 1213
0.66 1214
0.66 1214
0.66 1215
0.66 1215
0.66 1216
0.66 1216
0.66 1217
0.66 1217
0.66 1218
0.66 1218
0.66 1219
0.66 1219
0.66 1220
0.66 1220
0.66 1221
0.66 1221
0.66 1222
0.66 1222
0.66 1223
0.66 1223
0.66 1224
0.66 1224
0.67 1225
0.67 1225
0.67 1226
0.67 1226
0.67 1227
0.67 1227
0.67 1228
0.67 1228
0.67 1229
0.67 1229
0.67 1230
0.67 1230
0.67 1231
0.67 1231
0.67 1232
0.67 1232
0.67 1233
0.67 1233
0.67 1234
0.67 1234
0.67 1235
0.67 1235
0.67 1236
0.67 1236
0.67 1237
0.67 1237
0.67 1238
0.67 1238
0.67 1239
0.67 1239
0.67 1240
0.67 1240
0.67 1241
0.67 1241
0.67 1242
0.67 1242
0.67 1243
0.67 1243
0.68 1244
0.68 1244
0.68 1245
0.68 1245
0.68 1246
0.68 1246
0.68 1247
0.68 1247
0.68 1248
0.68 1248
0.68 1249
0.68 1249
0.68 1250
0.68 1250
0.68 1251
0.68 1251
0.68 1252
0.68 1252
0.68 1253
0.68 1253
0.68 1254
0.68 1254
0.68 1255
0.68 1255
0.68 1256
0.68 1256
0.68 1257
0.68 1257
0.68 1258
0.68 1258
0.68 1259
0.68 1259
0.68 1260
0.68 1260
0.68 1261
0.68 1261
0.68 1262
0.68 1262
0.68 1263
0.68 1263
0.69 1264
0.69 1264
0.69 1265
0.69 1265
0.69 1266
0.69 1266
0.69 1267
0.69 1267
0.69 1268
0.69 1268
0.69 1269
0.69 1269
0.69 1270
0.69 1270
0.69 1271
0.69 1271
0.69 1272
0.69 1272
0.69 1273
0.69 1273
0.69 1274
0.69 1274
0.69 1275
0.69 1275
0.69 1276
0.69 1276
0.69 1277
0.69 1277
0.69 1278
0.69 1278
0.69 1279
0.69 1279
0.69 1280
0.69 1280
0.69 1281
0.69 1281
0.69 1282
0.69 1282
0.7 1283
0.7 1283
0.7 1284
0.7 1284
0.7 1285
0.7 1285
0.7 1286
0.7 1286
0.7 1287
0.7 1287
0.7 1288
0.7 1288
0.7 1289
0.7 1289
0.7 1290
0.7 1290
0.7 1291
0.7 1291
0.7 1292
0.7 1292
0.7 1293
0.7 1293
0.7 1294
0.7 1294
0.7 1295
0.7 1295
0.7 1296
0.7 1296
0.7 1297
0.7 1297
0.7 1298
0.7 1298
0.7 1299
0.7 1299
0.7 1300
0.7 1300
0.7 1301
0.7 1301
0.7 1302
0.7 1302
0.71 1303
0.71 1303
0.71 1304
0.71 1304
0.71 1305
0.71 1305
0.71 1306
0.71 1306
0.71 1307
0.71 1307
0.71 1308
0.71 1308
0.71 1309
0.71 1309
0.71 1310
0.71 1310
0.71 1311
0.71 1311
0.71 1312
0.71 1312
0.71 1313
0.71 1313
0.71 1314
0.71 1314
0.71 1315
0.71 1315
0.71 1316
0.71 1316
0.71 1317
0.71 1317
0.71 1318
0.71 1318
0.71 1319
0.71 1319
0.71 1320
0.71 1320
0.71 1321
0.71 1321
0.72 1322
0.72 1322
0.72 1323
0.72 1323
0.72 1324
0.72 1324
0.72 1325
0.72 1325
0.72 1326
0.72 1326
0.72 1327
0.72 1327
0.72 1328
0.72 1328
0.72 1329
0.72 1329
0.72 1330
0.72 1330
0.72 1331
0.72 1331
0.72 1332
0.72 1332
0.72 1333
0.72 1333
0.72 1334
0.72 1334
0.72 1335
0.72 1335
0.72 1336
0.72 1336
0.72 1337
0.72 1337
0.72 1338
0.72 1338
0.72 1339
0.72 1339
0.72 1340
0.72 1340
0.73 1341
0.73 1341
0.73 1342
0.73 1342
0.73 1343
0.73 1343
0.73 1344
0.73 1344
0.73 1345
0.73 1345
0.73 1346
0.73 1346
0.73 1347
0.73 1347
0.73 1348
0.73 1348
0.73 1349
0.73 1349
0.73 1350
0.73 1350
0.73 1351
0.73 1351
0.73 1352
0.73 1352
0.73 1353
0.73 1353
0.73 1354
0.73 1354
0.73 1355
0.73 1355
0.73 1356
0.73 1356
0.73 1357
0.73 1357
0.73 1358
0.73 1358
0.73 1359
0.73 1359
0.74 1360
0.74 1360
0.74 1361
0.74 1361
0.74 1362
0.74 1362
0.74 1363
0.74 1363
0.74 1364
0.74 1364
0.74 1365
0.74 1365
0.74 1366
0.74 1366
0.74 1367
0.74 1367
0.74 1368
0.74 1368
0.74 1369
0.74 1369
0.74 1370
0.74 1370
0.74 1371
0.74 1371
0.74 1372
0.74 1372
0.74 1373
0.74 1373
0.74 1374
0.74 1374
0.74 1375
0.74 1375
0.74 1376
0.74 1376
0.74 1377
0.74 1377
0.74 1378
0.74 1378
0.74 1379
0.74 1379
0.75 1380
0.75 1380
0.75 1381
0.75 1381
0.75 1382
0.75 1382
0.75 1383
0.75 1383
0.75 1384
0.75 1384
0.75 1385
0.75 1385
0.75 1386
0.75 1386
0.75 1387
0.75 1387
0.75 1388
0.75 1388
0.75 1389
0.75 1389
0.75 1390
0.75 1390
0.75 1391
0.75 1391
0.75 1392
0.75 1392
0.75 1393
0.75 1393
0.75 1394
0.75 1394
0.75 1395
0.75 1395
0.75 1396
0.75 1396
0.75 1397
0.75 1397
0.75 1398
0.75 1398
0.76 1399
0.76 1399
0.76 1400
0.76 1400
0.76 1401
0.76 1401
0.76 1402
0.76 1402
0.76 1403
0.76 1403
0.76 1404
0.76 1404
0.76 1405
0.76 1405
0.76 1406
0.76 1406
0.76 1407
0.76 1407
0.76 1408
0.76 1408
0.76 1409
0.76 1409
0.76 1410
0.76 1410
0.76 1411
0.76 1411
0.76 1412
0.76 1412
0.76 1413
0.76 1413
0.76 1414
0.76 1414
0.76 1415
0.76 1415
0.76 1416
0.76 1416
0.76 1417
0.76 1417
0.77 1418
0.77 1418
0.77 1419
0.77 1419
0.77 1420
0.77 1420
0.77 1421
0.77 1421
0.77 1422
0.77 1422
0.77 1423
0.77 1423
0.77 1424
0.77 1424
0.77 1425
0.77 1425
0.77 1426
0.77 1426
0.77 1427
0.77 1427
0.77 1428
0.77 1428
0.77 1429
0.77 1429
0.77 1430
0.77 1430
0.77 1431
0.77 1431
0.77 1432
0.77 1432
0.77 1433
0.77 1433
0.77 1434
0.77 1434
0.77 1435
0.77 1435
0.77 1436
0.77 1436
0.78 1437
0.78 1437
0.78 1438
0.78 1438
0.78 1439
0.78 1439
0.78 1440
0.78 1440
0.78 1441
0.78 1441
0.78 1442
0.78 1442
0.78 1443
0.78 1443
0.78 1444
0.78 1444
0.78 1445
0.78 1445
0.78 1446
0.78 1446
0.78 1447
0.78 1447
0.78 1448
0.78 1448
0.78 1449
0.78 1449
0.78 1450
0.78 1450
0.78 1451
0.78 1451
0.78 1452
0.78 1452
0.78 1453
0.78 1453
0.79 1454
0.79 1454
0.79 1455
0.79 1455
0.79 1456
0.79 1456
0.79 1457
0.79 1457
0.79 1458
0.79 1458
0.79 1459
0.79 1459
0.79 1460
0.79 1460
0.79 1461
0.79 1461
0.79 1462
0.79 1462
0.79 1463
0.79 1463
0.79 1464
0.79 1464
0.79 1465
0.79 1465
0.79 1466
0.79 1466
0.79 1467
0.79 1467
0.79 1468
0.79 1468
0.79 1469
0.79 1469
0.79 1470
0.79 1470
0.79 1471
0.79 1471
0.8 1472
0.8 1472
0.8 1473
0.8 1473
0.8 1474
0.8 1474
0.8 1475
0.8 1475
0.8 1476
0.8 1476
0.8 1477
0.8 1477
0.8 1478
0.8 1478
0.8 1479
0.8 1479
0.8 1480
0.8 1480
0.8 1481
0.8 1481
0.8 1482
0.8 1482
0.8 1483
0.8 1483
0.8 1484
0.8 1484
0.8 1485
0.8 1485
0.8 1486
0.8 1486
0.8 1487
0.8 1487
0.8 1488
0.8 1488
0.81 1489
0.81 1489
0.81 1490
0.81 1490
0.81 1491
0.81 1491
0.81 1492
0.81 1492
0.81 1493
0.81 1493
0.81 1494
0.81 1494
0.81 1495
0.81 1495
0.81 1496
0.81 1496
0.81 1497
0.81 1497
0.81 1498
0.81 1498
0.81 1499
0.81 1499
0.81 1500
0.81 1500
0.81 1501
0.81 1501
0.81 1502
0.81 1502
0.81 1503
0.81 1503
0.81 1504
0.81 1504
0.81 1505
0.81 1505
0.82 1506
0.82 1506
0.82 1507
0.82 1507
0.82 1508
0.82 1508
0.82 1509
0.82 1509
0.82 1510
0.82 1510
0.82 1511
0.82 1511
0.82 1512
0.82 1512
0.82 1513
0.82 1513
0.82 1514
0.82 1514
0.82 1515
0.82 1515
0.82 1516
0.82 1516
0.82 1517
0.82 1517
0.82 1518
0.82 1518
0.82 1519
0.82 1519
0.82 1520
0.82 1520
0.82 1521
0.82 1521
0.82 1522
0.82 1522
0.83 1523
0.83 1523
0.83 1524
0.83 1524
0.83 1525
0.83 1525
0.83 1526
0.83 1526
0.83 1527
0.83 1527
0.83 1528
0.83 1528
0.83 1529
0.83 1529
0.83 1530
0.83 1530
0.83 1531
0.83 1531
0.83 1532
0.83 1532
0.83 1533
0.83 1533
0.83 1534
0.83 1534
0.83 1535
0.83 1535
0.83 1536
0.83 1536
0.83 1537
0.83 1537
0.83 1538
0.83 1538
0.83 1539
0.83 1539
0.84 1540
0.84 1540
0.84 1541
0.84 1541
0.84 1542
0.84 1542
0.84 1543
0.84 1543
0.84 1544
0.84 1544
0.84 1545
0.84 1545
0.84 1546
0.84 1546
0.84 1547
0.84 1547
0.84 1548
0.84 1548
0.84 1549
0.84 1549
0.84 1550
0.84 1550
0.84 1551
0.84 1551
0.84 1552
0.84 1552
0.84 1553
0.84 1553
0.84 1554
0.84 1554
0.84 1555
0.84 1555
0.84 1556
0.84 1556
0.84 1557
0.84 1557
0.85 1558
0.85 1558
0.85 1559
0.85 1559
0.85 1560
0.85 1560
0.85 1561
0.85 1561
0.85 1562
0.85 1562
0.85 1563
0.85 1563
0.85 1564
0.85 1564
0.85 1565
0.85 1565
0.85 1566
0.85 1566
0.85 1567
0.85 1567
0.85 1568
0.85 1568
0.85 1569
0.85 1569
0.85 1570
0.85 1570
0.85 1571
0.85 1571
0.85 1572
0.85 1572
0.85 1573
0.85 1573
0.85 1574
0.85 1574
0.85 1575
0.85 1575
0.86 1576
0.86 1576
0.86 1577
0.86 1577
0.86 1578
0.86 1578
0.86 1579
0.86 1579
0.86 1580
0.86 1580
0.86 1581
0.86 1581
0.86 1582
0.86 1582
0.86 1583
0.86 1583
0.86 1584
0.86 1584
0.86 1585
0.86 1585
0.86 1586
0.86 1586
0.86 1587
0.86 1587
0.86 1588
0.86 1588
0.86 1589
0.86 1589
0.86 1590
0.86 1590
0.86 1591
0.86 1591
0.86 1592
0.86 1592
0.86 1593
0.86 1593
0.86 1594
0.86 1594
0.87 1595
0.87 1595
0.87 1596
0.87 1596
0.87 1597
0.87 1597
0.87 1598
0.87 1598
0.87 1599
0.87 1599
0.87 1600
0.87 1600
0.87 1601
0.87 1601
0.87 1602
0.87 1602
0.87 1603
0.87 1603
0.87 1604
0.87 1604
0.87 1605
0.87 1605
0.87 1606
0.87 1606
0.87 1607
0.87 1607
0.87 1608
0.87 1608
0.87 1609
0.87 1609
0.87 1610
0.87 1610
0.87 1611
0.87 1611
0.87 1612
0.87 1612
0.87 1613
0.87 1613
0.88 1614
0.88 1614
0.88 1615
0.88 1615
0.88 1616
0.88 1616
0.88 1617
0.88 1617
0.88 1618
0.88 1618
0.88 1619
0.88 1619
0.88 1620
0.88 1620
0.88 1621
0.88 1621
0.88 1622
0.88 1622
0.88 1623
0.88 1623
0.88 1624
0.88 1624
0.88 1625
0.88 1625
0.88 1626
0.88 1626
0.88 1627
0.88 1627
0.88 1628
0.88 1628
0.88 1629
0.88 1629
0.88 1630
0.88 1630
0.88 1631
0.88 1631
0.88 1632
0.88 1632
0.88 1633
0.88 1633
0.89 1634
0.89 1634
0.89 1635
0.89 1635
0.89 1636
0.89 1637
0.89 1638
0.89 1639
0.89 1640
0.89 1641
0.89 1642
0.89 1643
0.89 1644
0.89 1645
0.89 1646
0.89 1647
0.89 1648
0.89 1649
0.89 1650
0.89 1651
0.89 1652
0.9 1653
0.9 1654
0.9 1655
0.9 1656
0.9 1657
0.9 1658
0.9 1659
0.9 1660
0.9 1661
0.9 1662
0.9 1663
0.9 1664
0.9 1665
0.9 1666
0.9 1667
0.9 1668
0.9 1669
0.9 1670
0.9 1671
0.9 1672
0.91 1673
0.91 1674
0.91 1675
0.91 1676
0.91 1677
0.91 1678
0.91 1679
0.91 1680
0.91 1681
0.91 1682
0.91 1683
0.91 1684
0.91 1685
0.91 1686
0.91 1687
0.91 1688
0.91 1689
0.91 1690
0.91 1691
0.91 1692
0.92 1693
0.92 1694
0.92 1695
0.92 1696
0.92 1697
0.92 1698
0.92 1699
0.92 1700
0.92 1701
0.92 1702
0.92 1703
0.92 1704
0.92 1705
0.92 1706
0.92 1707
0.92 1708
0.92 1709
0.92 1710
0.92 1711
0.92 1712
0.93 1713
0.93 1714
0.93 1715
0.93 1716
0.93 1717
0.93 1718
0.93 1719
0.93 1720
0.93 1721
0.93 1722
0.93 1723
0.93 1724
0.93 1725
0.93 1726
0.93 1727
0.93 1728
0.93 1729
0.93 1730
0.93 1731
0.93 1732
0.94 1733
0.94 1734
0.94 1735
0.94 1736
0.94 1737
0.94 1738
0.94 1739
0.94 1740
0.94 1741
0.94 1742
0.94 1743
0.94 1744
0.94 1745
0.94 1746
0.94 1747
0.94 1748
0.94 1749
0.94 1750
0.94 1751
0.94 1752
0.95 1753
0.95 1754
0.95 1755
0.95 1756
0.95 1757
0.95 1758
0.95 1759
0.95 1760
0.95 1761
0.95 1762
0.95 1763
0.95 1764
0.95 1765
0.95 1766
0.95 1767
0.95 1768
0.95 1769
0.95 1770
0.95 1771
0.95 1772
0.96 1773
0.96 1774
0.96 1775
0.96 1776
0.96 1777
0.96 1778
0.96 1779
0.96 1780
0.96 1781
0.96 1782
0.96 1783
0.96 1784
0.96 1785
0.96 1786
0.96 1787
0.96 1788
0.96 1789
0.96 1790
0.96 1791
0.97 1792
0.97 1793
0.97 1794
0.97 1795
0.97 1796
0.97 1797
0.97 1798
0.97 1799
0.97 1800
0.97 1801
0.97 1802
0.97 1803
0.97 1804
0.97 1805
0.97 1806
0.97 1807
0.97 1808
0.97 1809
0.97 1810
0.97 1811
0.98 1812
0.98 1813
0.98 1814
0.98 1815
0.98 1816
0.98 1817
0.98 1818
0.98 1819
0.98 1820
0.98 1821
0.98 1822
0.98 1823
0.98 1824
0.98 1825
0.98 1826
0.98 1827
0.98 1828
0.98 1829
0.98 1830
0.98 1831
0.99 1832
0.99 1833
0.99 1834
0.99 1835
0.99 1836
0.99 1837
0.99 1838
0.99 1839
0.99 1840
0.99 1841
0.99 1842
0.99 1843
0.99 1844
0.99 1845
0.99 1846
0.99 1847
0.99 1848
0.99 1849
0.99 1850
1.0 1851
1.0 1852
1.0 1853
1.0 1854
1.0 1855
1.0 1856
1.0 1857
1.0 1858
1.0 1859
1.0 1860
1.0 1861
1.0 1862
1.0 1863
1.0 1864
1.0 1865
1.0 1866
1.0 1867
1.0 1868
1.0 1869
1.0 1870
1.01 1871
1.01 1872
1.01 1873
1.01 1874
1.01 1875
1.01 1876
1.01 1877
1.01 1878
1.01 1879
1.01 1880
1.01 1881
1.01 1882
1.01 1883
1.01 1884
1.01 1885
1.01 1886
1.01 1887
1.01 1888
1.01 1889
1.01 1890
1.02 1891
1.02 1892
1.02 1893
1.02 1894
1.02 1895
1.02 1896
1.02 1897
1.02 1898
1.02 1899
1.02 1900
1.02 1901
1.02 1902
1.02 1903
1.02 1904
1.02 1905
1.02 1906
1.02 1907
1.02 1908
1.03 1909
1.03 1910
1.03 1911
1.03 1912
1.03 1913
1.03 1914
1.03 1915
1.03 1916
1.03 1917
1.03 1918
1.03 1919
1.03 1920
1.03 1921
1.03 1922
1.03 1923
1.03 1924
1.03 1925
1.03 1926
1.03 1927
1.04 1928
1.04 1929
1.04 1930
1.04 1931
1.04 1932
1.04 1933
1.04 1934
1.04 1935
1.04 1936
1.04 1937
1.04 1938
1.04 1939
1.04 1940
1.04 1941
1.04 1942
1.04 1943
1.04 1944
1.04 1945
1.04 1946
1.05 1947
1.05 1948
1.05 1949
1.05 1950
1.05 1951
1.05 1952
1.05 1953
1.05 1954
1.05 1955
1.05 1956
1.05 1957
1.05 1958
1.05 1959
1.05 1960
1.05 1961
1.05 1962
1.05 1963
1.05 1964
1.05 1965
1.05 1966
1.06 1967
1.06 1968
1.06 1969
1.06 1970
1.06 1971
1.06 1972
1.06 1973
1.06 1974
1.06 1975
1.06 1976
1.06 1977
1.06 1978
1.06 1979
1.06 1980
1.06 1981
1.06 1982
1.06 1983
1.06 1984
1.06 1985
1.06 1986
1.07 1987
1.07 1988
1.07 1989
1.07 1990
1.07 1991
1.07 1992
1.07 1993
1.07 1994
1.07 1995
1.07 1996
1.07 1997
1.07 1998
1.07 1999
1.07 2000
1.07 2001
1.07 2002
1.07 2003
1.07 2004
1.08 2005
1.08 2006
1.08 2007
1.08 2008
1.08 2009
1.08 2010
1.08 2011
1.08 2012
1.08 2013
1.08 2014
1.08 2015
1.08 2016
1.08 2017
1.08 2018
1.08 2019
1.08 2020
1.08 2021
1.08 2022
1.08 2023
1.09 2024
1.09 2025
1.09 2026
1.09 2027
1.09 2028
1.09 2029
1.09 2030
1.09 2031
1.09 2032
1.09 2033
1.09 2034
1.09 2035
1.09 2036
1.09 2037
1.09 2038
1.09 2039
1.09 2040
1.09 2041
1.1 2042
1.1 2043
1.1 2044
1.1 2045
1.1 2046
1.1 2047
1.1 2048
1.1 2049
1.1 2050
1.1 2051
1.1 2052
1.1 2053
1.1 2054
1.1 2055
1.1 2056
1.1 2057
1.1 2058
1.1 2059
1.11 2060
1.11 2061
1.11 2062
1.11 2063
1.11 2064
1.11 2065
1.11 2066
1.11 2067
1.11 2068
1.11 2069
1.11 2070
1.11 2071
1.11 2072
1.11 2073
1.11 2074
1.11 2075
1.11 2076
1.11 2077
1.11 2078
1.11 2079
1.11 2080
1.12 2081
1.12 2082
1.12 2083
1.12 2084
1.12 2085
1.12 2086
1.12 2087
1.12 2088
1.12 2089
1.12 2090
1.12 2091
1.12 2092
1.12 2093
1.12 2094
1.12 2095
1.12 2096
1.12 2097
1.12 2098
1.12 2099
1.13 2100
1.13 2101
1.13 2102
1.13 2103
1.13 2104
1.13 2105
1.13 2106
1.13 2107
1.13 2108
1.13 2109
1.13 2110
1.13 2111
1.13 2112
1.13 2113
1.13 2114
1.13 2115
1.13 2116
1.13 2117
1.13 2118
1.13 2119
1.14 2120
1.14 2121
1.14 2122
1.14 2123
1.14 2124
1.14 2125
1.14 2126
1.14 2127
1.14 2128
1.14 2129
1.14 2130
1.14 2131
1.14 2132
1.14 2133
1.14 2134
1.14 2135
1.14 2136
1.14 2137
1.14 2138
1.15 2139
1.15 2140
1.15 2141
1.15 2142
1.15 2143
1.15 2144
1.15 2145
1.15 2146
1.15 2147
1.15 2148
1.15 2149
1.15 2150
1.15 2151
1.15 2152
1.15 2153
1.15 2154
1.15 2155
1.15 2156
1.15 2157
1.15 2158
1.15 2159
1.16 2160
1.16 2161
1.16 2162
1.16 2163
1.16 2164
1.16 2165
1.16 2166
1.16 2167
1.16 2168
1.16 2169
1.16 2170
1.16 2171
1.16 2172
1.16 2173
1.16 2174
1.16 2175
1.16 2176
1.16 2177
1.16 2178
1.17 2179
1.17 2180
1.17 2181
1.17 2182
1.17 2183
1.17 2184
1.17 2185
1.17 2186
1.17 2187
1.17 2188
1.17 2189
1.17 2190
1.17 2191
1.17 2192
1.17 2193
1.17 2194
1.17 2195
1.17 2196
1.17 2197
1.17 2198
1.18 2199
1.18 2200
1.18 2201
1.18 2202
1.18 2203
1.18 2204
1.18 2205
1.18 2206
1.18 2207
1.18 2208
1.18 2209
1.18 2210
1.18 2211
1.18 2212
1.18 2213
1.18 2214
1.18 2215
1.18 2216
1.18 2217
1.19 2218
1.19 2219
1.19 2220
1.19 2221
1.19 2222
1.19 2223
1.19 2224
1.19 2225
1.19 2226
1.19 2227
1.19 2228
1.19 2229
1.19 2230
1.19 2231
1.19 2232
1.19 2233
1.19 2234
1.19 2235
1.19 2236
1.19 2237
1.2 2238
1.2 2239
1.2 2240
1.2 2241
1.2 2242
1.2 2243
1.2 2244
1.2 2245
1.2 2246
1.2 2247
1.2 2248
1.2 2249
1.2 2250
1.2 2251
1.2 2252
1.2 2253
1.2 2254
1.2 2255
1.2 2256
1.2 2257
1.21 2258
1.21 2259
1.21 2260
1.21 2261
1.21 2262
1.21 2263
1.21 2264
1.21 2265
1.21 2266
1.21 2267
1.21 2268
1.21 2269
1.21 2270
1.21 2271
1.21 2272
1.21 2273
1.21 2274
1.21 2275
1.21 2276
1.21 2277
