0.0 4941
0.02 4940
0.02 4939
0.02 4938
0.02 4937
0.02 4936
0.02 4935
0.02 4934
0.02 4933
0.02 4932
0.02 4931
0.02 4930
0.02 4929
0.02 4928
0.02 4927
0.02 4926
0.02 4925
0.02 4924
0.02 4923
0.02 4922
0.02 4921
0.02 4920
0.02 4919
0.02 4918
0.02 4917
0.02 4916
0.02 4915
0.02 4914
0.02 4913
0.02 4912
0.02 4911
0.02 4910
0.02 4909
0.02 4908
0.02 4907
0.02 4906
0.02 4905
0.02 4904
0.02 4903
0.02 4902
0.02 4901
0.02 4900
0.02 4899
0.02 4898
0.02 4897
0.02 4896
0.02 4895
0.02 4894
0.02 4893
0.02 4892
0.02 4891
0.02 4890
0.02 4889
0.02 4888
0.02 4887
0.02 4886
0.02 4885
0.02 4884
0.02 4883
0.02 4882
0.02 4881
0.02 4880
0.02 4879
0.02 4878
0.02 4877
0.02 4876
0.02 4875
0.02 4874
0.02 4873
0.02 4872
0.02 4871
0.02 4870
0.02 4869
0.02 4868
0.02 4867
0.03 4866
0.03 4865
0.03 4864
0.03 4863
0.03 4862
0.03 4861
0.03 4860
0.03 4859
0.03 4858
0.03 4857
0.03 4856
0.03 4855
0.03 4854
0.03 4853
0.03 4852
0.03 4851
0.03 4850
0.03 4849
0.03 4848
0.03 4847
0.03 4846
0.03 4845
0.03 4844
0.03 4843
0.03 4842
0.03 4841
0.03 4840
0.03 4839
0.03 4838
0.03 4837
0.03 4836
0.03 4835
0.03 4834
0.03 4833
0.03 4832
0.03 4831
0.03 4830
0.03 4829
0.03 4828
0.03 4827
0.03 4826
0.03 4825
0.03 4824
0.03 4823
0.03 4822
0.03 4821
0.03 4820
0.03 4819
0.03 4818
0.03 4817
0.03 4816
0.03 4815
0.03 4814
0.03 4813
0.03 4812
0.03 4811
0.03 4810
0.03 4809
0.03 4808
0.03 4807
0.03 4806
0.03 4805
0.03 4804
0.03 4803
0.03 4802
0.03 4801
0.03 4800
0.03 4799
0.03 4798
0.03 4797
0.03 4796
0.03 4795
0.03 4794
0.03 4793
0.03 4792
0.03 4791
0.03 4790
0.03 4789
0.03 4788
0.03 4787
0.03 4786
0.03 4785
0.03 4784
0.03 4783
0.03 4782
0.03 4781
0.03 4780
0.03 4779
0.03 4778
0.03 4777
0.03 4776
0.03 4775
0.03 4774
0.03 4773
0.03 4772
0.03 4771
0.03 4770
0.03 4769
0.03 4768
0.03 4767
0.03 4766
0.03 4765
0.03 4764
0.03 4763
0.03 4762
0.03 4761
0.03 4760
0.03 4759
0.03 4758
0.04 4757
0.04 4756
0.04 4755
0.04 4754
0.04 4753
0.04 4752
0.04 4751
0.04 4750
0.04 4749
0.04 4748
0.04 4747
0.04 4746
0.04 4745
0.04 4744
0.04 4743
0.04 4742
0.04 4741
0.04 4740
0.04 4739
0.04 4738
0.04 4737
0.04 4736
0.04 4735
0.04 4734
0.04 4733
0.04 4732
0.04 4731
0.04 4730
0.04 4729
0.04 4728
0.04 4727
0.04 4726
0.04 4725
0.04 4724
0.04 4723
0.04 4722
0.04 4721
0.04 4720
0.04 4719
0.04 4718
0.04 4717
0.04 4716
0.04 4715
0.04 4714
0.04 4713
0.04 4712
0.04 4711
0.04 4710
0.04 4709
0.04 4708
0.04 4707
0.04 4706
0.04 4705
0.04 4704
0.04 4703
0.04 4702
0.04 4701
0.04 4700
0.04 4699
0.04 4698
0.04 4697
0.04 4696
0.04 4695
0.04 4694
0.04 4693
0.04 4692
0.04 4691
0.04 4690
0.04 4689
0.04 4688
0.04 4687
0.04 4686
0.04 4685
0.04 4684
0.04 4683
0.04 4682
0.04 4681
0.04 4680
0.04 4679
0.04 4678
0.04 4677
0.04 4676
0.04 4675
0.04 4674
0.04 4673
0.04 4672
0.04 4671
0.04 4670
0.04 4669
0.04 4668
0.04 4667
0.04 4666
0.04 4665
0.04 4664
0.04 4663
0.04 4662
0.04 4661
0.04 4660
0.04 4659
0.04 4658
0.04 4657
0.04 4656
0.04 4655
0.04 4654
0.04 4653
0.04 4652
0.04 4651
0.04 4650
0.04 4649
0.04 4648
0.04 4647
0.04 4646
0.04 4645
0.04 4644
0.04 4643
0.04 4642
0.05 4641
0.05 4640
0.05 4639
0.05 4638
0.05 4637
0.05 4636
0.05 4635
0.05 4634
0.05 4633
0.05 4632
0.05 4631
0.05 4630
0.05 4629
0.05 4628
0.05 4627
0.05 4626
0.05 4625
0.05 4624
0.05 4623
0.05 4622
0.05 4621
0.05 4620
0.05 4619
0.05 4618
0.05 4617
0.05 4616
0.05 4615
0.05 4614
0.05 4613
0.05 4612
0.05 4611
0.05 4610
0.05 4609
0.05 4608
0.05 4607
0.05 4606
0.05 4605
0.05 4604
0.05 4603
0.05 4602
0.05 4601
0.05 4600
0.05 4599
0.05 4598
0.05 4597
0.05 4596
0.05 4595
0.05 4594
0.05 4593
0.05 4592
0.05 4591
0.05 4590
0.05 4589
0.05 4588
0.05 4587
0.05 4586
0.05 4585
0.05 4584
0.05 4583
0.05 4582
0.05 4581
0.05 4580
0.05 4579
0.05 4578
0.05 4577
0.05 4576
0.05 4575
0.05 4574
0.05 4573
0.05 4572
0.05 4571
0.05 4570
0.05 4569
0.05 4568
0.05 4567
0.05 4566
0.05 4565
0.05 4564
0.05 4563
0.05 4562
0.05 4561
0.05 4560
0.06 4559
0.06 4558
0.06 4557
0.06 4556
0.06 4555
0.06 4554
0.06 4553
0.06 4552
0.06 4551
0.06 4550
0.06 4549
0.06 4548
0.06 4547
0.06 4546
0.06 4545
0.06 4544
0.06 4543
0.06 4542
0.06 4541
0.06 4540
0.06 4539
0.06 4538
0.06 4537
0.06 4536
0.06 4535
0.06 4534
0.06 4533
0.06 4532
0.06 4531
0.06 4530
0.06 4529
0.06 4528
0.06 4527
0.06 4526
0.06 4525
0.06 4524
0.06 4523
0.06 4522
0.06 4521
0.06 4520
0.06 4519
0.06 4518
0.06 4517
0.06 4516
0.06 4515
0.06 4514
0.06 4513
0.06 4512
0.06 4511
0.06 4510
0.06 4509
0.06 4508
0.06 4507
0.06 4506
0.06 4505
0.06 4504
0.06 4503
0.06 4502
0.06 4501
0.06 4500
0.06 4499
0.06 4498
0.06 4497
0.06 4496
0.06 4495
0.06 4494
0.06 4493
0.06 4492
0.06 4491
0.06 4490
0.06 4489
0.06 4488
0.06 4487
0.06 4486
0.06 4485
0.06 4484
0.06 4483
0.06 4482
0.06 4481
0.07 4480
0.07 4479
0.07 4478
0.07 4477
0.07 4476
0.07 4475
0.07 4474
0.07 4473
0.07 4472
0.07 4471
0.07 4470
0.07 4469
0.07 4468
0.07 4467
0.07 4466
0.07 4465
0.07 4464
0.07 4463
0.07 4462
0.07 4461
0.07 4460
0.07 4459
0.07 4458
0.07 4457
0.07 4456
0.07 4455
0.07 4454
0.07 4453
0.07 4452
0.07 4451
0.07 4450
0.07 4449
0.07 4448
0.07 4447
0.07 4446
0.07 4445
0.07 4444
0.07 4443
0.07 4442
0.07 4441
0.07 4440
0.07 4439
0.07 4438
0.07 4437
0.07 4436
0.07 4435
0.07 4434
0.07 4433
0.07 4432
0.07 4431
0.07 4430
0.07 4429
0.07 4428
0.07 4427
0.07 4426
0.07 4425
0.07 4424
0.07 4423
0.07 4422
0.07 4421
0.07 4420
0.07 4419
0.07 4418
0.07 4417
0.07 4416
0.07 4415
0.07 4414
0.07 4413
0.07 4412
0.07 4411
0.07 4410
0.07 4409
0.07 4408
0.07 4407
0.07 4406
0.07 4405
0.07 4404
0.07 4403
0.07 4402
0.07 4401
0.07 4400
0.07 4399
0.07 4398
0.07 4397
0.07 4396
0.07 4395
0.07 4394
0.07 4393
0.07 4392
0.07 4391
0.07 4390
0.07 4389
0.07 4388
0.07 4387
0.07 4386
0.07 4385
0.07 4384
0.07 4383
0.07 4382
0.07 4381
0.07 4380
0.07 4379
0.07 4378
0.07 4377
0.07 4376
0.08 4375
0.08 4374
0.08 4373
0.08 4372
0.08 4371
0.08 4370
0.08 4369
0.08 4368
0.08 4367
0.08 4366
0.08 4365
0.08 4364
0.08 4363
0.08 4362
0.08 4361
0.08 4360
0.08 4359
0.08 4358
0.08 4357
0.08 4356
0.08 4355
0.08 4354
0.08 4353
0.08 4352
0.08 4351
0.08 4350
0.08 4349
0.08 4348
0.08 4347
0.08 4346
0.08 4345
0.08 4344
0.08 4343
0.08 4342
0.08 4341
0.08 4340
0.08 4339
0.08 4338
0.08 4337
0.08 4336
0.08 4335
0.08 4334
0.08 4333
0.08 4332
0.08 4331
0.08 4330
0.08 4329
0.08 4328
0.08 4327
0.08 4326
0.08 4325
0.08 4324
0.08 4323
0.08 4322
0.08 4321
0.08 4320
0.08 4319
0.08 4318
0.08 4317
0.08 4316
0.08 4315
0.08 4314
0.08 4313
0.08 4312
0.08 4311
0.08 4310
0.08 4309
0.08 4308
0.08 4307
0.08 4306
0.08 4305
0.08 4304
0.08 4303
0.08 4302
0.08 4301
0.08 4300
0.08 4299
0.08 4298
0.08 4297
0.08 4296
0.08 4295
0.08 4294
0.08 4293
0.08 4292
0.08 4291
0.08 4290
0.08 4289
0.08 4288
0.08 4287
0.08 4286
0.08 4285
0.08 4284
0.08 4283
0.08 4282
0.08 4281
0.08 4280
0.08 4279
0.08 4278
0.08 4277
0.08 4276
0.09 4275
0.09 4274
0.09 4273
0.09 4272
0.09 4271
0.09 4270
0.09 4269
0.09 4268
0.09 4267
0.09 4266
0.09 4265
0.09 4264
0.09 4263
0.09 4262
0.09 4261
0.09 4260
0.09 4259
0.09 4258
0.09 4257
0.09 4256
0.09 4255
0.09 4254
0.09 4253
0.09 4252
0.09 4251
0.09 4250
0.09 4249
0.09 4248
0.09 4247
0.09 4246
0.09 4245
0.09 4244
0.09 4243
0.09 4242
0.09 4241
0.09 4240
0.09 4239
0.09 4238
0.09 4237
0.09 4236
0.09 4235
0.09 4234
0.09 4233
0.09 4232
0.09 4231
0.09 4230
0.09 4229
0.09 4228
0.09 4227
0.09 4226
0.09 4225
0.09 4224
0.09 4223
0.09 4222
0.09 4221
0.09 4220
0.09 4219
0.09 4218
0.09 4217
0.09 4216
0.09 4215
0.09 4214
0.09 4213
0.09 4212
0.09 4211
0.09 4210
0.09 4209
0.09 4208
0.09 4207
0.09 4206
0.09 4205
0.09 4204
0.09 4203
0.09 4202
0.09 4201
0.09 4200
0.09 4199
0.09 4198
0.09 4197
0.09 4196
0.09 4195
0.09 4194
0.09 4193
0.09 4192
0.09 4191
0.09 4190
0.09 4189
0.09 4188
0.09 4187
0.09 4186
0.09 4185
0.09 4184
0.09 4183
0.09 4182
0.09 4181
0.09 4180
0.09 4179
0.09 4178
0.09 4177
0.09 4176
0.09 4175
0.09 4174
0.09 4173
0.09 4172
0.09 4171
0.09 4170
0.09 4169
0.1 4168
0.1 4167
0.1 4166
0.1 4165
0.1 4164
0.1 4163
0.1 4162
0.1 4161
0.1 4160
0.1 4159
0.1 4158
0.1 4157
0.1 4156
0.1 4155
0.1 4154
0.1 4153
0.1 4152
0.1 4151
0.1 4150
0.1 4149
0.1 4148
0.1 4147
0.1 4146
0.1 4145
0.1 4144
0.1 4143
0.1 4142
0.1 4141
0.1 4140
0.1 4139
0.1 4138
0.1 4137
0.1 4136
0.1 4135
0.1 4134
0.1 4133
0.1 4132
0.1 4131
0.1 4130
0.1 4129
0.1 4128
0.1 4127
0.1 4126
0.1 4125
0.1 4124
0.1 4123
0.1 4122
0.1 4121
0.1 4120
0.1 4119
0.1 4118
0.1 4117
0.1 4116
0.1 4115
0.1 4114
0.1 4113
0.1 4112
0.1 4111
0.1 4110
0.1 4109
0.1 4108
0.1 4107
0.1 4106
0.1 4105
0.1 4104
0.1 4103
0.1 4102
0.1 4101
0.1 4100
0.1 4099
0.1 4098
0.1 4097
0.1 4096
0.1 4095
0.1 4094
0.1 4093
0.1 4092
0.1 4091
0.1 4090
0.1 4089
0.1 4088
0.1 4087
0.1 4086
0.1 4085
0.1 4084
0.1 4083
0.1 4082
0.1 4081
0.1 4080
0.1 4079
0.1 4078
0.1 4077
0.1 4076
0.1 4075
0.1 4074
0.1 4073
0.1 4072
0.1 4071
0.1 4070
0.1 4069
0.1 4068
0.1 4067
0.1 4066
0.1 4065
0.1 4064
0.1 4063
0.1 4062
0.1 4061
0.1 4060
0.1 4059
0.1 4058
0.1 4057
0.1 4056
0.1 4055
0.1 4054
0.1 4053
0.1 4052
0.1 4051
0.1 4050
0.1 4049
0.1 4048
0.1 4047
0.1 4046
0.1 4045
0.1 4044
0.1 4043
0.1 4042
0.11 4041
0.11 4040
0.11 4039
0.11 4038
0.11 4037
0.11 4036
0.11 4035
0.11 4034
0.11 4033
0.11 4032
0.11 4031
0.11 4030
0.11 4029
0.11 4028
0.11 4027
0.11 4026
0.11 4025
0.11 4024
0.11 4023
0.11 4022
0.11 4021
0.11 4020
0.11 4019
0.11 4018
0.11 4017
0.11 4016
0.11 4015
0.11 4014
0.11 4013
0.11 4012
0.11 4011
0.11 4010
0.11 4009
0.11 4008
0.11 4007
0.11 4006
0.11 4005
0.11 4004
0.11 4003
0.11 4002
0.11 4001
0.11 4000
0.11 3999
0.11 3998
0.11 3997
0.11 3996
0.11 3995
0.11 3994
0.11 3993
0.11 3992
0.11 3991
0.11 3990
0.11 3989
0.11 3988
0.11 3987
0.11 3986
0.11 3985
0.11 3984
0.11 3983
0.11 3982
0.11 3981
0.11 3980
0.11 3979
0.11 3978
0.11 3977
0.11 3976
0.11 3975
0.11 3974
0.11 3973
0.11 3972
0.11 3971
0.11 3970
0.11 3969
0.11 3968
0.11 3967
0.11 3966
0.11 3965
0.11 3964
0.11 3963
0.11 3962
0.11 3961
0.11 3960
0.11 3959
0.11 3958
0.11 3957
0.11 3956
0.11 3955
0.11 3954
0.11 3953
0.11 3952
0.11 3951
0.11 3950
0.11 3949
0.11 3948
0.11 3947
0.11 3946
0.11 3945
0.11 3944
0.11 3943
0.11 3942
0.11 3941
0.11 3940
0.11 3939
0.11 3938
0.11 3937
0.11 3936
0.11 3935
0.11 3934
0.11 3933
0.11 3932
0.11 3931
0.11 3930
0.11 3929
0.11 3928
0.11 3927
0.11 3926
0.11 3925
0.12 3924
0.12 3923
0.12 3922
0.12 3921
0.12 3920
0.12 3919
0.12 3918
0.12 3917
0.12 3916
0.12 3915
0.12 3914
0.12 3913
0.12 3912
0.12 3911
0.12 3910
0.12 3909
0.12 3908
0.12 3907
0.12 3906
0.12 3905
0.12 3904
0.12 3903
0.12 3902
0.12 3901
0.12 3900
0.12 3899
0.12 3898
0.12 3897
0.12 3896
0.12 3895
0.12 3894
0.12 3893
0.12 3892
0.12 3891
0.12 3890
0.12 3889
0.12 3888
0.12 3887
0.12 3886
0.12 3885
0.12 3884
0.12 3883
0.12 3882
0.12 3881
0.12 3880
0.12 3879
0.12 3878
0.12 3877
0.12 3876
0.12 3875
0.12 3874
0.12 3873
0.12 3872
0.12 3871
0.12 3870
0.12 3869
0.12 3868
0.12 3867
0.12 3866
0.12 3865
0.12 3864
0.12 3863
0.12 3862
0.12 3861
0.12 3860
0.12 3859
0.12 3858
0.12 3857
0.12 3856
0.12 3855
0.12 3854
0.12 3853
0.12 3852
0.12 3851
0.12 3850
0.12 3849
0.12 3848
0.12 3847
0.12 3846
0.12 3845
0.12 3844
0.12 3843
0.12 3842
0.12 3841
0.12 3840
0.12 3839
0.12 3838
0.12 3837
0.12 3836
0.12 3835
0.12 3834
0.12 3833
0.12 3832
0.12 3831
0.12 3830
0.12 3829
0.12 3828
0.12 3827
0.12 3826
0.12 3825
0.12 3824
0.12 3823
0.12 3822
0.12 3821
0.12 3820
0.12 3819
0.12 3818
0.12 3817
0.12 3816
0.12 3815
0.12 3814
0.12 3813
0.12 3812
0.12 3811
0.12 3810
0.12 3809
0.12 3808
0.12 3807
0.12 3806
0.12 3805
0.12 3804
0.12 3803
0.13 3802
0.13 3801
0.13 3800
0.13 3799
0.13 3798
0.13 3797
0.13 3796
0.13 3795
0.13 3794
0.13 3793
0.13 3792
0.13 3791
0.13 3790
0.13 3789
0.13 3788
0.13 3787
0.13 3786
0.13 3785
0.13 3784
0.13 3783
0.13 3782
0.13 3781
0.13 3780
0.13 3779
0.13 3778
0.13 3777
0.13 3776
0.13 3775
0.13 3774
0.13 3773
0.13 3772
0.13 3771
0.13 3770
0.13 3769
0.13 3768
0.13 3767
0.13 3766
0.13 3765
0.13 3764
0.13 3763
0.13 3762
0.13 3761
0.13 3760
0.13 3759
0.13 3758
0.13 3757
0.13 3756
0.13 3755
0.13 3754
0.13 3753
0.13 3752
0.13 3751
0.13 3750
0.13 3749
0.13 3748
0.13 3747
0.13 3746
0.13 3745
0.13 3744
0.13 3743
0.13 3742
0.13 3741
0.13 3740
0.13 3739
0.13 3738
0.13 3737
0.13 3736
0.13 3735
0.13 3734
0.13 3733
0.13 3732
0.13 3731
0.13 3730
0.13 3729
0.13 3728
0.13 3727
0.13 3726
0.13 3725
0.13 3724
0.13 3723
0.13 3722
0.13 3721
0.13 3720
0.13 3719
0.13 3718
0.13 3717
0.13 3716
0.13 3715
0.13 3714
0.13 3713
0.13 3712
0.13 3711
0.13 3710
0.13 3709
0.13 3708
0.13 3707
0.13 3706
0.13 3705
0.13 3704
0.13 3703
0.13 3702
0.13 3701
0.13 3700
0.13 3699
0.13 3698
0.13 3697
0.13 3696
0.13 3695
0.13 3694
0.13 3693
0.13 3692
0.13 3691
0.13 3690
0.13 3689
0.13 3688
0.13 3687
0.13 3686
0.14 3685
0.14 3684
0.14 3683
0.14 3682
0.14 3681
0.14 3680
0.14 3679
0.14 3678
0.14 3677
0.14 3676
0.14 3675
0.14 3674
0.14 3673
0.14 3672
0.14 3671
0.14 3670
0.14 3669
0.14 3668
0.14 3667
0.14 3666
0.14 3665
0.14 3664
0.14 3663
0.14 3662
0.14 3661
0.14 3660
0.14 3659
0.14 3658
0.14 3657
0.14 3656
0.14 3655
0.14 3654
0.14 3653
0.14 3652
0.14 3651
0.14 3650
0.14 3649
0.14 3648
0.14 3647
0.14 3646
0.14 3645
0.14 3644
0.14 3643
0.14 3642
0.14 3641
0.14 3640
0.14 3639
0.14 3638
0.14 3637
0.14 3636
0.14 3635
0.14 3634
0.14 3633
0.14 3632
0.14 3631
0.14 3630
0.14 3629
0.14 3628
0.14 3627
0.14 3626
0.14 3625
0.14 3624
0.14 3623
0.14 3622
0.14 3621
0.14 3620
0.14 3619
0.14 3618
0.14 3617
0.14 3616
0.14 3615
0.14 3614
0.14 3613
0.14 3612
0.14 3611
0.14 3610
0.14 3609
0.14 3608
0.14 3607
0.14 3606
0.14 3605
0.14 3604
0.14 3603
0.14 3602
0.14 3601
0.15 3600
0.15 3599
0.15 3598
0.15 3597
0.15 3596
0.15 3595
0.15 3594
0.15 3593
0.15 3592
0.15 3591
0.15 3590
0.15 3589
0.15 3588
0.15 3587
0.15 3586
0.15 3585
0.15 3584
0.15 3583
0.15 3582
0.15 3581
0.15 3580
0.15 3579
0.15 3578
0.15 3577
0.15 3576
0.15 3575
0.15 3574
0.15 3573
0.15 3572
0.15 3571
0.15 3570
0.15 3569
0.15 3568
0.15 3567
0.15 3566
0.15 3565
0.15 3564
0.15 3563
0.15 3562
0.15 3561
0.15 3560
0.15 3559
0.15 3558
0.15 3557
0.15 3556
0.15 3555
0.15 3554
0.15 3553
0.15 3552
0.15 3551
0.15 3550
0.15 3549
0.15 3548
0.15 3547
0.15 3546
0.15 3545
0.15 3544
0.15 3543
0.15 3542
0.15 3541
0.15 3540
0.15 3539
0.15 3538
0.15 3537
0.15 3536
0.15 3535
0.15 3534
0.15 3533
0.15 3532
0.15 3531
0.15 3530
0.15 3529
0.15 3528
0.15 3527
0.15 3526
0.15 3525
0.15 3524
0.15 3523
0.15 3522
0.15 3521
0.15 3520
0.15 3519
0.15 3518
0.15 3517
0.15 3516
0.15 3515
0.15 3514
0.15 3513
0.15 3512
0.15 3511
0.15 3510
0.15 3509
0.15 3508
0.15 3507
0.16 3506
0.16 3505
0.16 3504
0.16 3503
0.16 3502
0.16 3501
0.16 3500
0.16 3499
0.16 3498
0.16 3497
0.16 3496
0.16 3495
0.16 3494
0.16 3493
0.16 3492
0.16 3491
0.16 3490
0.16 3489
0.16 3488
0.16 3487
0.16 3486
0.16 3485
0.16 3484
0.16 3483
0.16 3482
0.16 3481
0.16 3480
0.16 3479
0.16 3478
0.16 3477
0.16 3476
0.16 3475
0.16 3474
0.16 3473
0.16 3472
0.16 3471
0.16 3470
0.16 3469
0.16 3468
0.16 3467
0.16 3466
0.16 3465
0.16 3464
0.16 3463
0.16 3462
0.16 3461
0.16 3460
0.16 3459
0.16 3458
0.16 3457
0.16 3456
0.16 3455
0.16 3454
0.16 3453
0.16 3452
0.16 3451
0.16 3450
0.16 3449
0.16 3448
0.16 3447
0.16 3446
0.16 3445
0.16 3444
0.16 3443
0.16 3442
0.16 3441
0.16 3440
0.16 3439
0.16 3438
0.16 3437
0.16 3436
0.16 3435
0.16 3434
0.16 3433
0.17 3432
0.17 3431
0.17 3430
0.17 3429
0.17 3428
0.17 3427
0.17 3426
0.17 3425
0.17 3424
0.17 3423
0.17 3422
0.17 3421
0.17 3420
0.17 3419
0.17 3418
0.17 3417
0.17 3416
0.17 3415
0.17 3414
0.17 3413
0.17 3412
0.17 3411
0.17 3410
0.17 3409
0.17 3408
0.17 3407
0.17 3406
0.17 3405
0.17 3404
0.17 3403
0.17 3402
0.17 3401
0.17 3400
0.17 3399
0.17 3398
0.17 3397
0.17 3396
0.17 3395
0.17 3394
0.17 3393
0.17 3392
0.17 3391
0.17 3390
0.17 3389
0.17 3388
0.17 3387
0.17 3386
0.17 3385
0.17 3384
0.17 3383
0.17 3382
0.17 3381
0.17 3380
0.17 3379
0.17 3378
0.17 3377
0.17 3376
0.17 3375
0.17 3374
0.17 3373
0.17 3372
0.17 3371
0.17 3370
0.17 3369
0.17 3368
0.17 3367
0.17 3366
0.17 3365
0.17 3364
0.17 3363
0.17 3362
0.18 3361
0.18 3360
0.18 3359
0.18 3358
0.18 3357
0.18 3356
0.18 3355
0.18 3354
0.18 3353
0.18 3352
0.18 3351
0.18 3350
0.18 3349
0.18 3348
0.18 3347
0.18 3346
0.18 3345
0.18 3344
0.18 3343
0.18 3342
0.18 3341
0.18 3340
0.18 3339
0.18 3338
0.18 3337
0.18 3336
0.18 3335
0.18 3334
0.18 3333
0.18 3332
0.18 3331
0.18 3330
0.18 3329
0.18 3328
0.18 3327
0.18 3326
0.18 3325
0.18 3324
0.18 3323
0.18 3322
0.18 3321
0.18 3320
0.18 3319
0.18 3318
0.18 3317
0.18 3316
0.18 3315
0.18 3314
0.18 3313
0.18 3312
0.18 3311
0.18 3310
0.18 3309
0.18 3308
0.18 3307
0.18 3306
0.18 3305
0.18 3304
0.18 3303
0.18 3302
0.18 3301
0.19 3300
0.19 3299
0.19 3298
0.19 3297
0.19 3296
0.19 3295
0.19 3294
0.19 3293
0.19 3292
0.19 3291
0.19 3290
0.19 3289
0.19 3288
0.19 3287
0.19 3286
0.19 3285
0.19 3284
0.19 3283
0.19 3282
0.19 3281
0.19 3280
0.19 3279
0.19 3278
0.19 3277
0.19 3276
0.19 3275
0.19 3274
0.19 3273
0.19 3272
0.19 3271
0.19 3270
0.19 3269
0.19 3268
0.19 3267
0.19 3266
0.19 3265
0.19 3264
0.19 3263
0.19 3262
0.19 3261
0.19 3260
0.19 3259
0.19 3258
0.19 3257
0.19 3256
0.19 3255
0.19 3254
0.19 3253
0.2 3252
0.2 3251
0.2 3250
0.2 3249
0.2 3248
0.2 3247
0.2 3246
0.2 3245
0.2 3244
0.2 3243
0.2 3242
0.2 3241
0.2 3240
0.2 3239
0.2 3238
0.2 3237
0.2 3236
0.2 3235
0.2 3234
0.2 3233
0.2 3232
0.2 3231
0.2 3230
0.2 3229
0.2 3228
0.2 3227
0.2 3226
0.2 3225
0.2 3224
0.2 3223
0.2 3222
0.2 3221
0.2 3220
0.2 3219
0.2 3218
0.2 3217
0.2 3216
0.2 3215
0.2 3214
0.2 3213
0.2 3212
0.2 3211
0.2 3210
0.2 3209
0.2 3208
0.2 3207
0.2 3206
0.2 3205
0.2 3204
0.2 3203
0.2 3202
0.2 3201
0.2 3200
0.2 3199
0.2 3198
0.2 3197
0.2 3196
0.2 3195
0.2 3194
0.2 3193
0.2 3192
0.21 3191
0.21 3190
0.21 3189
0.21 3188
0.21 3187
0.21 3186
0.21 3185
0.21 3184
0.21 3183
0.21 3182
0.21 3181
0.21 3180
0.21 3179
0.21 3178
0.21 3177
0.21 3176
0.21 3175
0.21 3174
0.21 3173
0.21 3172
0.21 3171
0.21 3170
0.21 3169
0.21 3168
0.21 3167
0.21 3166
0.21 3165
0.21 3164
0.21 3163
0.21 3162
0.21 3161
0.21 3160
0.21 3159
0.21 3158
0.21 3157
0.21 3156
0.21 3155
0.21 3154
0.21 3153
0.21 3152
0.21 3151
0.21 3150
0.21 3149
0.21 3148
0.21 3147
0.21 3146
0.21 3145
0.21 3144
0.21 3143
0.21 3142
0.21 3141
0.21 3140
0.21 3139
0.21 3138
0.21 3137
0.21 3136
0.21 3135
0.21 3134
0.21 3133
0.21 3132
0.21 3131
0.21 3130
0.21 3129
0.21 3128
0.21 3127
0.21 3126
0.21 3125
0.21 3124
0.21 3123
0.22 3122
0.22 3121
0.22 3120
0.22 3119
0.22 3118
0.22 3117
0.22 3116
0.22 3115
0.22 3114
0.22 3113
0.22 3112
0.22 3111
0.22 3110
0.22 3109
0.22 3108
0.22 3107
0.22 3106
0.22 3105
0.22 3104
0.22 3103
0.22 3102
0.22 3101
0.22 3100
0.22 3099
0.22 3098
0.22 3097
0.22 3096
0.22 3095
0.22 3094
0.22 3093
0.22 3092
0.22 3091
0.22 3090
0.22 3089
0.22 3088
0.22 3087
0.22 3086
0.22 3085
0.22 3084
0.22 3083
0.22 3082
0.22 3081
0.22 3080
0.22 3079
0.22 3078
0.22 3077
0.22 3076
0.22 3075
0.22 3074
0.22 3073
0.22 3072
0.22 3071
0.22 3070
0.22 3069
0.22 3068
0.22 3067
0.22 3066
0.22 3065
0.22 3064
0.22 3063
0.22 3062
0.22 3061
0.22 3060
0.22 3059
0.22 3058
0.22 3057
0.22 3056
0.22 3055
0.22 3054
0.23 3053
0.23 3052
0.23 3051
0.23 3050
0.23 3049
0.23 3048
0.23 3047
0.23 3046
0.23 3045
0.23 3044
0.23 3043
0.23 3042
0.23 3041
0.23 3040
0.23 3039
0.23 3038
0.23 3037
0.23 3036
0.23 3035
0.23 3034
0.23 3033
0.23 3032
0.23 3031
0.23 3030
0.23 3029
0.23 3028
0.23 3027
0.23 3026
0.23 3025
0.23 3024
0.23 3023
0.23 3022
0.23 3021
0.23 3020
0.23 3019
0.23 3018
0.23 3017
0.23 3016
0.23 3015
0.23 3014
0.23 3013
0.23 3012
0.23 3011
0.23 3010
0.23 3009
0.23 3008
0.23 3007
0.23 3006
0.23 3005
0.23 3004
0.23 3003
0.23 3002
0.23 3001
0.23 3000
0.23 2999
0.23 2998
0.23 2997
0.23 2996
0.23 2995
0.23 2994
0.23 2993
0.23 2992
0.23 2991
0.23 2990
0.23 2989
0.23 2988
0.23 2987
0.23 2986
0.23 2985
0.23 2984
0.23 2983
0.23 2982
0.23 2981
0.24 2980
0.24 2979
0.24 2978
0.24 2977
0.24 2976
0.24 2975
0.24 2974
0.24 2973
0.24 2972
0.24 2971
0.24 2970
0.24 2969
0.24 2968
0.24 2967
0.24 2966
0.24 2965
0.24 2964
0.24 2963
0.24 2962
0.24 2961
0.24 2960
0.24 2959
0.24 2958
0.24 2957
0.24 2956
0.24 2955
0.24 2954
0.24 2953
0.24 2952
0.24 2951
0.24 2950
0.24 2949
0.24 2948
0.24 2947
0.24 2946
0.24 2945
0.24 2944
0.24 2943
0.24 2942
0.24 2941
0.24 2940
0.24 2939
0.24 2938
0.24 2937
0.24 2936
0.24 2935
0.24 2934
0.24 2933
0.24 2932
0.24 2931
0.24 2930
0.24 2929
0.24 2928
0.24 2927
0.24 2926
0.24 2925
0.24 2924
0.24 2923
0.24 2922
0.24 2921
0.24 2920
0.24 2919
0.24 2918
0.24 2917
0.24 2916
0.24 2915
0.25 2914
0.25 2913
0.25 2912
0.25 2911
0.25 2910
0.25 2909
0.25 2908
0.25 2907
0.25 2906
0.25 2905
0.25 2904
0.25 2903
0.25 2902
0.25 2901
0.25 2900
0.25 2899
0.25 2898
0.25 2897
0.25 2896
0.25 2895
0.25 2894
0.25 2893
0.25 2892
0.25 2891
0.25 2890
0.25 2889
0.25 2888
0.25 2887
0.25 2886
0.25 2885
0.25 2884
0.25 2883
0.25 2882
0.25 2881
0.25 2880
0.25 2879
0.25 2878
0.25 2877
0.25 2876
0.25 2875
0.25 2874
0.25 2873
0.25 2872
0.25 2871
0.25 2870
0.25 2869
0.25 2868
0.25 2867
0.25 2866
0.25 2865
0.25 2864
0.25 2863
0.25 2862
0.25 2861
0.25 2860
0.25 2859
0.25 2858
0.25 2857
0.25 2856
0.25 2855
0.25 2854
0.25 2853
0.25 2852
0.25 2851
0.25 2850
0.26 2849
0.26 2848
0.26 2847
0.26 2846
0.26 2845
0.26 2844
0.26 2843
0.26 2842
0.26 2841
0.26 2840
0.26 2839
0.26 2838
0.26 2837
0.26 2836
0.26 2835
0.26 2834
0.26 2833
0.26 2832
0.26 2831
0.26 2830
0.26 2829
0.26 2828
0.26 2827
0.26 2826
0.26 2825
0.26 2824
0.26 2823
0.26 2822
0.26 2821
0.26 2820
0.26 2819
0.26 2818
0.26 2817
0.26 2816
0.26 2815
0.26 2814
0.26 2813
0.26 2812
0.26 2811
0.26 2810
0.26 2809
0.26 2808
0.26 2807
0.26 2806
0.26 2805
0.26 2804
0.26 2803
0.26 2802
0.26 2801
0.26 2800
0.26 2799
0.26 2798
0.26 2797
0.26 2796
0.26 2795
0.26 2794
0.26 2793
0.26 2792
0.26 2791
0.26 2790
0.26 2789
0.26 2788
0.26 2787
0.26 2786
0.26 2785
0.26 2784
0.26 2783
0.26 2782
0.26 2781
0.26 2780
0.26 2779
0.26 2778
0.26 2777
0.27 2776
0.27 2775
0.27 2774
0.27 2773
0.27 2772
0.27 2771
0.27 2770
0.27 2769
0.27 2768
0.27 2767
0.27 2766
0.27 2765
0.27 2764
0.27 2763
0.27 2762
0.27 2761
0.27 2760
0.27 2759
0.27 2758
0.27 2757
0.27 2756
0.27 2755
0.27 2754
0.27 2753
0.27 2752
0.27 2751
0.27 2750
0.27 2749
0.27 2748
0.27 2747
0.27 2746
0.27 2745
0.27 2744
0.27 2743
0.27 2742
0.27 2741
0.27 2740
0.27 2739
0.27 2738
0.27 2737
0.27 2736
0.27 2735
0.27 2734
0.27 2733
0.27 2732
0.27 2731
0.27 2730
0.27 2729
0.27 2728
0.27 2727
0.27 2726
0.27 2725
0.27 2724
0.27 2723
0.27 2722
0.27 2721
0.27 2720
0.27 2719
0.27 2718
0.27 2717
0.27 2716
0.27 2715
0.27 2714
0.27 2713
0.27 2712
0.27 2711
0.27 2710
0.27 2709
0.27 2708
0.27 2707
0.27 2706
0.27 2705
0.28 2704
0.28 2703
0.28 2702
0.28 2701
0.28 2700
0.28 2699
0.28 2698
0.28 2697
0.28 2696
0.28 2695
0.28 2694
0.28 2693
0.28 2692
0.28 2691
0.28 2690
0.28 2689
0.28 2688
0.28 2687
0.28 2686
0.28 2685
0.28 2684
0.28 2683
0.28 2682
0.28 2681
0.28 2680
0.28 2679
0.28 2678
0.28 2677
0.28 2676
0.28 2675
0.28 2674
0.28 2673
0.28 2672
0.28 2671
0.28 2670
0.28 2669
0.28 2668
0.28 2667
0.28 2666
0.28 2665
0.28 2664
0.28 2663
0.28 2662
0.28 2661
0.28 2660
0.28 2659
0.28 2658
0.28 2657
0.28 2656
0.28 2655
0.28 2654
0.28 2653
0.28 2652
0.28 2651
0.28 2650
0.28 2649
0.28 2648
0.28 2647
0.28 2646
0.28 2645
0.28 2644
0.29 2643
0.29 2642
0.29 2641
0.29 2640
0.29 2639
0.29 2638
0.29 2637
0.29 2636
0.29 2635
0.29 2634
0.29 2633
0.29 2632
0.29 2631
0.29 2630
0.29 2629
0.29 2628
0.29 2627
0.29 2626
0.29 2625
0.29 2624
0.29 2623
0.29 2622
0.29 2621
0.29 2620
0.29 2619
0.29 2618
0.29 2617
0.29 2616
0.29 2615
0.29 2614
0.29 2613
0.29 2612
0.29 2611
0.29 2610
0.29 2609
0.29 2608
0.29 2607
0.29 2606
0.29 2605
0.29 2604
0.29 2603
0.29 2602
0.29 2601
0.29 2600
0.29 2599
0.3 2598
0.3 2597
0.3 2596
0.3 2595
0.3 2594
0.3 2593
0.3 2592
0.3 2591
0.3 2590
0.3 2589
0.3 2588
0.3 2587
0.3 2586
0.3 2585
0.3 2584
0.3 2583
0.3 2582
0.3 2581
0.3 2580
0.3 2579
0.3 2578
0.3 2577
0.3 2576
0.3 2575
0.3 2574
0.3 2573
0.3 2572
0.3 2571
0.3 2570
0.3 2569
0.3 2568
0.3 2567
0.3 2566
0.3 2565
0.31 2564
0.31 2563
0.31 2562
0.31 2561
0.31 2560
0.31 2559
0.31 2558
0.31 2557
0.31 2556
0.31 2555
0.31 2554
0.31 2553
0.31 2552
0.31 2551
0.31 2550
0.31 2549
0.31 2548
0.31 2547
0.31 2546
0.31 2545
0.31 2544
0.31 2543
0.31 2542
0.31 2541
0.31 2540
0.31 2539
0.31 2538
0.31 2537
0.31 2536
0.31 2535
0.31 2534
0.31 2533
0.32 2532
0.32 2531
0.32 2530
0.32 2529
0.32 2528
0.32 2527
0.32 2526
0.32 2525
0.32 2524
0.32 2523
0.32 2522
0.32 2521
0.32 2520
0.32 2519
0.32 2518
0.32 2517
0.32 2516
0.32 2515
0.32 2514
0.32 2513
0.32 2512
0.32 2511
0.32 2510
0.32 2509
0.32 2508
0.32 2507
0.32 2506
0.32 2505
0.32 2504
0.33 2503
0.33 2502
0.33 2501
0.33 2500
0.33 2499
0.33 2498
0.33 2497
0.33 2496
0.33 2495
0.33 2494
0.33 2493
0.33 2492
0.33 2491
0.33 2490
0.34 2489
0.34 2488
0.34 2487
0.34 2486
0.34 2485
0.34 2484
0.34 2483
0.34 2482
0.34 2481
0.34 2480
0.34 2479
0.34 2478
0.34 2477
0.34 2476
0.34 2475
0.34 2474
0.34 2473
0.34 2472
0.34 2471
0.34 2470
0.34 2469
0.34 2468
0.34 2467
0.34 2466
0.34 2465
0.34 2464
0.34 2463
0.34 2462
0.35 2461
0.35 2460
0.35 2459
0.35 2458
0.35 2457
0.35 2456
0.35 2455
0.35 2454
0.35 2453
0.35 2452
0.35 2451
0.35 2450
0.35 2449
0.35 2448
0.35 2447
0.35 2446
0.35 2445
0.35 2444
0.35 2443
0.35 2442
0.35 2441
0.35 2440
0.35 2439
0.35 2438
0.35 2437
0.35 2436
0.36 2435
0.36 2434
0.36 2433
0.36 2432
0.36 2431
0.36 2430
0.36 2429
0.36 2428
0.36 2427
0.36 2426
0.36 2425
0.36 2424
0.36 2423
0.36 2422
0.36 2421
0.36 2420
0.36 2419
0.36 2418
0.36 2417
0.36 2416
0.36 2415
0.36 2414
0.36 2413
0.36 2412
0.36 2411
0.36 2410
0.36 2409
0.36 2408
0.36 2407
0.37 2406
0.37 2405
0.37 2404
0.37 2403
0.37 2402
0.37 2401
0.37 2400
0.37 2399
0.37 2398
0.37 2397
0.37 2396
0.37 2395
0.37 2394
0.37 2393
0.37 2392
0.38 2391
0.38 2390
0.38 2389
0.38 2388
0.38 2387
0.38 2386
0.38 2385
0.38 2384
0.38 2383
0.38 2382
0.38 2381
0.38 2380
0.38 2379
0.38 2378
0.38 2377
0.38 2376
0.38 2375
0.38 2374
0.38 2373
0.38 2372
0.39 2371
0.39 2370
0.39 2369
0.39 2368
0.39 2367
0.39 2366
0.39 2365
0.39 2364
0.39 2363
0.39 2362
0.39 2361
0.39 2360
0.39 2359
0.39 2358
0.39 2357
0.39 2356
0.39 2355
0.39 2354
0.39 2353
0.39 2352
0.39 2351
0.39 2350
0.39 2349
0.39 2348
0.4 2347
0.4 2346
0.4 2345
0.4 2344
0.4 2343
0.4 2342
0.4 2341
0.4 2340
0.4 2339
0.4 2338
0.4 2337
0.4 2336
0.4 2335
0.4 2334
0.4 2333
0.4 2332
0.4 2331
0.4 2330
0.4 2329
0.4 2328
0.41 2327
0.41 2326
0.41 2325
0.41 2324
0.41 2323
0.41 2322
0.41 2321
0.41 2320
0.41 2319
0.42 2318
0.42 2317
0.42 2316
0.43 2315
0.43 2314
0.43 2313
0.43 2312
0.43 2311
0.43 2310
0.43 2309
0.43 2308
0.43 2307
0.43 2306
0.43 2305
0.44 2304
0.44 2303
0.44 2302
0.45 2301
0.45 2300
0.45 2299
0.45 2298
0.45 2297
0.45 2296
0.45 2295
0.45 2294
0.46 2293
0.46 2292
0.46 2291
0.47 2290
0.48 2289
0.48 2288
0.48 2287
0.48 2286
0.48 2285
0.49 2284
0.49 2283
0.49 2282
0.5 2281
0.5 2280
0.5 2279
0.51 2278
0.52 2277
0.52 2276
0.52 2275
0.52 2274
0.52 2273
0.54 2272
0.55 2271
0.56 2270
0.57 2269
