0.0 1
0.0 1
0.0 1
0.0 1
0.0 1
0.0 1
0.0 1
0.0 1
0.0 1
0.0 1
0.0 1
0.0 1
0.0 1
0.0 1
0.0 1
0.0 1
0.0 1
0.0 1
0.0 1
0.0 2
0.0 2
0.0 2
0.0 2
0.0 2
0.0 2
0.0 2
0.0 2
0.0 2
0.0 2
0.0 2
0.0 2
0.0 2
0.0 2
0.0 2
0.0 2
0.0 2
0.0 2
0.0 3
0.0 3
0.0 3
0.0 3
0.0 3
0.0 3
0.0 3
0.0 3
0.0 3
0.0 3
0.0 3
0.0 3
0.0 3
0.0 3
0.0 4
0.0 4
0.0 4
0.0 4
0.0 4
0.0 4
0.0 4
0.0 4
0.0 4
0.0 4
0.0 4
0.0 4
0.0 4
0.0 4
0.0 5
0.0 5
0.0 5
0.0 5
0.0 5
0.0 5
0.0 5
0.0 5
0.0 5
0.0 5
0.0 5
0.0 5
0.0 5
0.0 5
0.0 6
0.0 6
0.0 6
0.0 6
0.0 6
0.0 6
0.0 6
0.0 6
0.0 6
0.0 6
0.0 6
0.0 6
0.0 6
0.0 7
0.0 7
0.0 7
0.0 7
0.0 7
0.0 7
0.0 7
0.0 7
0.0 7
0.0 7
0.0 7
0.0 7
0.0 7
0.0 8
0.0 8
0.0 8
0.0 8
0.0 8
0.0 8
0.0 8
0.0 8
0.0 8
0.0 8
0.0 8
0.0 8
0.0 8
0.0 9
0.0 9
0.0 9
0.0 9
0.0 9
0.0 9
0.0 9
0.0 9
0.0 9
0.0 9
0.0 9
0.0 9
0.0 9
0.01 10
0.01 10
0.01 10
0.01 10
0.01 10
0.01 10
0.01 10
0.01 10
0.01 10
0.01 10
0.01 10
0.01 10
0.01 10
0.01 11
0.01 11
0.01 11
0.01 11
0.01 11
0.01 11
0.01 11
0.01 11
0.01 11
0.01 11
0.01 11
0.01 11
0.01 12
0.01 12
0.01 12
0.01 12
0.01 12
0.01 12
0.01 12
0.01 12
0.01 12
0.01 12
0.01 12
0.01 12
0.01 13
0.01 13
0.01 13
0.01 13
0.01 13
0.01 13
0.01 13
0.01 13
0.01 13
0.01 13
0.01 13
0.01 13
0.01 14
0.01 14
0.01 14
0.01 14
0.01 14
0.01 14
0.01 14
0.01 14
0.01 14
0.01 14
0.01 14
0.01 14
0.01 15
0.01 15
0.01 15
0.01 15
0.01 15
0.01 15
0.01 15
0.01 15
0.01 15
0.01 15
0.01 15
0.01 16
0.01 16
0.01 16
0.01 16
0.01 16
0.01 16
0.01 16
0.01 16
0.01 16
0.01 16
0.01 16
0.01 17
0.01 17
0.01 17
0.01 17
0.01 17
0.01 17
0.01 17
0.01 17
0.01 17
0.01 17
0.01 17
0.01 18
0.01 18
0.01 18
0.01 18
0.01 18
0.01 18
0.01 18
0.01 18
0.01 18
0.01 18
0.01 18
0.01 19
0.01 19
0.01 19
0.01 19
0.01 19
0.01 19
0.01 19
0.01 19
0.01 19
0.01 19
0.01 19
0.01 20
0.01 20
0.01 20
0.01 20
0.01 20
0.01 20
0.01 20
0.01 20
0.01 20
0.01 20
0.01 20
0.01 21
0.01 21
0.01 21
0.01 21
0.01 21
0.01 21
0.01 21
0.01 21
0.01 21
0.01 21
0.01 21
0.01 22
0.01 22
0.01 22
0.01 22
0.01 22
0.01 22
0.01 22
0.01 22
0.01 22
0.01 22
0.01 23
0.01 23
0.01 23
0.01 23
0.01 23
0.01 23
0.01 23
0.01 23
0.01 23
0.01 23
0.01 24
0.01 24
0.01 24
0.01 24
0.01 24
0.01 24
0.01 24
0.01 24
0.01 24
0.01 24
0.01 25
0.01 25
0.01 25
0.01 25
0.01 25
0.01 25
0.01 25
0.01 25
0.01 25
0.01 25
0.01 26
0.01 26
0.01 26
0.01 26
0.01 26
0.01 26
0.01 26
0.01 26
0.01 26
0.01 26
0.01 27
0.01 27
0.01 27
0.01 27
0.01 27
0.01 27
0.01 27
0.01 27
0.01 27
0.01 27
0.01 28
0.01 28
0.01 28
0.01 28
0.01 28
0.01 28
0.01 28
0.01 28
0.01 28
0.01 28
0.02 29
0.02 29
0.02 29
0.02 29
0.02 29
0.02 29
0.02 29
0.02 29
0.02 29
0.02 29
0.02 30
0.02 30
0.02 30
0.02 30
0.02 30
0.02 30
0.02 30
0.02 30
0.02 30
0.02 30
0.02 31
0.02 31
0.02 31
0.02 31
0.02 31
0.02 31
0.02 31
0.02 31
0.02 31
0.02 31
0.02 32
0.02 32
0.02 32
0.02 32
0.02 32
0.02 32
0.02 32
0.02 32
0.02 32
0.02 32
0.02 33
0.02 33
0.02 33
0.02 33
0.02 33
0.02 33
0.02 33
0.02 33
0.02 33
0.02 33
0.02 34
0.02 34
0.02 34
0.02 34
0.02 34
0.02 34
0.02 34
0.02 34
0.02 34
0.02 34
0.02 35
0.02 35
0.02 35
0.02 35
0.02 35
0.02 35
0.02 35
0.02 35
0.02 35
0.02 35
0.02 36
0.02 36
0.02 36
0.02 36
0.02 36
0.02 36
0.02 36
0.02 36
0.02 36
0.02 36
0.02 37
0.02 37
0.02 37
0.02 37
0.02 37
0.02 37
0.02 37
0.02 37
0.02 37
0.02 37
0.02 38
0.02 38
0.02 38
0.02 38
0.02 38
0.02 38
0.02 38
0.02 38
0.02 38
0.02 38
0.02 39
0.02 39
0.02 39
0.02 39
0.02 39
0.02 39
0.02 39
0.02 39
0.02 39
0.02 39
0.02 40
0.02 40
0.02 40
0.02 40
0.02 40
0.02 40
0.02 40
0.02 40
0.02 40
0.02 41
0.02 41
0.02 41
0.02 41
0.02 41
0.02 41
0.02 41
0.02 41
0.02 41
0.02 42
0.02 42
0.02 42
0.02 42
0.02 42
0.02 42
0.02 42
0.02 42
0.02 42
0.02 43
0.02 43
0.02 43
0.02 43
0.02 43
0.02 43
0.02 43
0.02 43
0.02 43
0.02 44
0.02 44
0.02 44
0.02 44
0.02 44
0.02 44
0.02 44
0.02 44
0.02 44
0.02 45
0.02 45
0.02 45
0.02 45
0.02 45
0.02 45
0.02 45
0.02 45
0.02 45
0.02 46
0.02 46
0.02 46
0.02 46
0.02 46
0.02 46
0.02 46
0.02 46
0.02 46
0.02 47
0.02 47
0.02 47
0.02 47
0.02 47
0.02 47
0.02 47
0.02 47
0.02 47
0.03 48
0.03 48
0.03 48
0.03 48
0.03 48
0.03 48
0.03 48
0.03 48
0.03 48
0.03 49
0.03 49
0.03 49
0.03 49
0.03 49
0.03 49
0.03 49
0.03 49
0.03 49
0.03 50
0.03 50
0.03 50
0.03 50
0.03 50
0.03 50
0.03 50
0.03 50
0.03 50
0.03 51
0.03 51
0.03 51
0.03 51
0.03 51
0.03 51
0.03 51
0.03 51
0.03 51
0.03 52
0.03 52
0.03 52
0.03 52
0.03 52
0.03 52
0.03 52
0.03 52
0.03 52
0.03 53
0.03 53
0.03 53
0.03 53
0.03 53
0.03 53
0.03 53
0.03 53
0.03 53
0.03 54
0.03 54
0.03 54
0.03 54
0.03 54
0.03 54
0.03 54
0.03 54
0.03 54
0.03 55
0.03 55
0.03 55
0.03 55
0.03 55
0.03 55
0.03 55
0.03 55
0.03 55
0.03 56
0.03 56
0.03 56
0.03 56
0.03 56
0.03 56
0.03 56
0.03 56
0.03 56
0.03 57
0.03 57
0.03 57
0.03 57
0.03 57
0.03 57
0.03 57
0.03 57
0.03 57
0.03 58
0.03 58
0.03 58
0.03 58
0.03 58
0.03 58
0.03 58
0.03 58
0.03 58
0.03 59
0.03 59
0.03 59
0.03 59
0.03 59
0.03 59
0.03 59
0.03 59
0.03 59
0.03 60
0.03 60
0.03 60
0.03 60
0.03 60
0.03 60
0.03 60
0.03 60
0.03 60
0.03 61
0.03 61
0.03 61
0.03 61
0.03 61
0.03 61
0.03 61
0.03 61
0.03 61
0.03 62
0.03 62
0.03 62
0.03 62
0.03 62
0.03 62
0.03 62
0.03 62
0.03 62
0.03 63
0.03 63
0.03 63
0.03 63
0.03 63
0.03 63
0.03 63
0.03 63
0.03 63
0.03 64
0.03 64
0.03 64
0.03 64
0.03 64
0.03 64
0.03 64
0.03 64
0.03 65
0.03 65
0.03 65
0.03 65
0.03 65
0.03 65
0.03 65
0.03 65
0.03 66
0.03 66
0.03 66
0.03 66
0.03 66
0.03 66
0.03 66
0.03 66
0.03 67
0.03 67
0.03 67
0.03 67
0.03 67
0.03 67
0.03 67
0.03 67
0.04 68
0.04 68
0.04 68
0.04 68
0.04 68
0.04 68
0.04 68
0.04 68
0.04 69
0.04 69
0.04 69
0.04 69
0.04 69
0.04 69
0.04 69
0.04 69
0.04 70
0.04 70
0.04 70
0.04 70
0.04 70
0.04 70
0.04 70
0.04 70
0.04 71
0.04 71
0.04 71
0.04 71
0.04 71
0.04 71
0.04 71
0.04 71
0.04 72
0.04 72
0.04 72
0.04 72
0.04 72
0.04 72
0.04 72
0.04 72
0.04 73
0.04 73
0.04 73
0.04 73
0.04 73
0.04 73
0.04 73
0.04 73
0.04 74
0.04 74
0.04 74
0.04 74
0.04 74
0.04 74
0.04 74
0.04 74
0.04 75
0.04 75
0.04 75
0.04 75
0.04 75
0.04 75
0.04 75
0.04 75
0.04 76
0.04 76
0.04 76
0.04 76
0.04 76
0.04 76
0.04 76
0.04 76
0.04 77
0.04 77
0.04 77
0.04 77
0.04 77
0.04 77
0.04 77
0.04 77
0.04 78
0.04 78
0.04 78
0.04 78
0.04 78
0.04 78
0.04 78
0.04 78
0.04 79
0.04 79
0.04 79
0.04 79
0.04 79
0.04 79
0.04 79
0.04 79
0.04 80
0.04 80
0.04 80
0.04 80
0.04 80
0.04 80
0.04 80
0.04 80
0.04 81
0.04 81
0.04 81
0.04 81
0.04 81
0.04 81
0.04 81
0.04 81
0.04 82
0.04 82
0.04 82
0.04 82
0.04 82
0.04 82
0.04 82
0.04 82
0.04 83
0.04 83
0.04 83
0.04 83
0.04 83
0.04 83
0.04 83
0.04 83
0.04 84
0.04 84
0.04 84
0.04 84
0.04 84
0.04 84
0.04 84
0.04 84
0.05 85
0.05 85
0.05 85
0.05 85
0.05 85
0.05 85
0.05 85
0.05 85
0.05 86
0.05 86
0.05 86
0.05 86
0.05 86
0.05 86
0.05 86
0.05 86
0.05 87
0.05 87
0.05 87
0.05 87
0.05 87
0.05 87
0.05 87
0.05 87
0.05 88
0.05 88
0.05 88
0.05 88
0.05 88
0.05 88
0.05 88
0.05 88
0.05 89
0.05 89
0.05 89
0.05 89
0.05 89
0.05 89
0.05 89
0.05 89
0.05 90
0.05 90
0.05 90
0.05 90
0.05 90
0.05 90
0.05 90
0.05 90
0.05 91
0.05 91
0.05 91
0.05 91
0.05 91
0.05 91
0.05 91
0.05 91
0.05 92
0.05 92
0.05 92
0.05 92
0.05 92
0.05 92
0.05 92
0.05 92
0.05 93
0.05 93
0.05 93
0.05 93
0.05 93
0.05 93
0.05 93
0.05 93
0.05 94
0.05 94
0.05 94
0.05 94
0.05 94
0.05 94
0.05 94
0.05 94
0.05 95
0.05 95
0.05 95
0.05 95
0.05 95
0.05 95
0.05 95
0.05 95
0.05 96
0.05 96
0.05 96
0.05 96
0.05 96
0.05 96
0.05 96
0.05 96
0.05 97
0.05 97
0.05 97
0.05 97
0.05 97
0.05 97
0.05 97
0.05 97
0.05 98
0.05 98
0.05 98
0.05 98
0.05 98
0.05 98
0.05 98
0.05 98
0.05 99
0.05 99
0.05 99
0.05 99
0.05 99
0.05 99
0.05 99
0.05 100
0.05 100
0.05 100
0.05 100
0.05 100
0.05 100
0.05 100
0.05 101
0.05 101
0.05 101
0.05 101
0.05 101
0.05 101
0.05 101
0.05 102
0.05 102
0.05 102
0.05 102
0.05 102
0.05 102
0.05 102
0.06 103
0.06 103
0.06 103
0.06 103
0.06 103
0.06 103
0.06 103
0.06 104
0.06 104
0.06 104
0.06 104
0.06 104
0.06 104
0.06 104
0.06 105
0.06 105
0.06 105
0.06 105
0.06 105
0.06 105
0.06 105
0.06 106
0.06 106
0.06 106
0.06 106
0.06 106
0.06 106
0.06 106
0.06 107
0.06 107
0.06 107
0.06 107
0.06 107
0.06 107
0.06 107
0.06 108
0.06 108
0.06 108
0.06 108
0.06 108
0.06 108
0.06 108
0.06 109
0.06 109
0.06 109
0.06 109
0.06 109
0.06 109
0.06 109
0.06 110
0.06 110
0.06 110
0.06 110
0.06 110
0.06 110
0.06 110
0.06 111
0.06 111
0.06 111
0.06 111
0.06 111
0.06 111
0.06 111
0.06 112
0.06 112
0.06 112
0.06 112
0.06 112
0.06 112
0.06 112
0.06 113
0.06 113
0.06 113
0.06 113
0.06 113
0.06 113
0.06 113
0.06 114
0.06 114
0.06 114
0.06 114
0.06 114
0.06 114
0.06 114
0.06 115
0.06 115
0.06 115
0.06 115
0.06 115
0.06 115
0.06 115
0.06 116
0.06 116
0.06 116
0.06 116
0.06 116
0.06 116
0.06 116
0.06 117
0.06 117
0.06 117
0.06 117
0.06 117
0.06 117
0.06 117
0.06 118
0.06 118
0.06 118
0.06 118
0.06 118
0.06 118
0.06 118
0.06 119
0.06 119
0.06 119
0.06 119
0.06 119
0.06 119
0.06 119
0.06 120
0.06 120
0.06 120
0.06 120
0.06 120
0.06 120
0.06 120
0.06 121
0.06 121
0.06 121
0.06 121
0.06 121
0.06 121
0.06 121
0.07 122
0.07 122
0.07 122
0.07 122
0.07 122
0.07 122
0.07 122
0.07 123
0.07 123
0.07 123
0.07 123
0.07 123
0.07 123
0.07 123
0.07 124
0.07 124
0.07 124
0.07 124
0.07 124
0.07 124
0.07 124
0.07 125
0.07 125
0.07 125
0.07 125
0.07 125
0.07 125
0.07 125
0.07 126
0.07 126
0.07 126
0.07 126
0.07 126
0.07 126
0.07 126
0.07 127
0.07 127
0.07 127
0.07 127
0.07 127
0.07 127
0.07 127
0.07 128
0.07 128
0.07 128
0.07 128
0.07 128
0.07 128
0.07 128
0.07 129
0.07 129
0.07 129
0.07 129
0.07 129
0.07 129
0.07 129
0.07 130
0.07 130
0.07 130
0.07 130
0.07 130
0.07 130
0.07 130
0.07 131
0.07 131
0.07 131
0.07 131
0.07 131
0.07 131
0.07 131
0.07 132
0.07 132
0.07 132
0.07 132
0.07 132
0.07 132
0.07 132
0.07 133
0.07 133
0.07 133
0.07 133
0.07 133
0.07 133
0.07 133
0.07 134
0.07 134
0.07 134
0.07 134
0.07 134
0.07 134
0.07 134
0.07 135
0.07 135
0.07 135
0.07 135
0.07 135
0.07 135
0.07 135
0.07 136
0.07 136
0.07 136
0.07 136
0.07 136
0.07 136
0.07 136
0.07 137
0.07 137
0.07 137
0.07 137
0.07 137
0.07 137
0.07 137
0.07 138
0.07 138
0.07 138
0.07 138
0.07 138
0.07 138
0.07 138
0.07 139
0.07 139
0.07 139
0.07 139
0.07 139
0.07 139
0.07 139
0.08 140
0.08 140
0.08 140
0.08 140
0.08 140
0.08 140
0.08 140
0.08 141
0.08 141
0.08 141
0.08 141
0.08 141
0.08 141
0.08 141
0.08 142
0.08 142
0.08 142
0.08 142
0.08 142
0.08 142
0.08 142
0.08 143
0.08 143
0.08 143
0.08 143
0.08 143
0.08 143
0.08 143
0.08 144
0.08 144
0.08 144
0.08 144
0.08 144
0.08 144
0.08 144
0.08 145
0.08 145
0.08 145
0.08 145
0.08 145
0.08 145
0.08 145
0.08 146
0.08 146
0.08 146
0.08 146
0.08 146
0.08 146
0.08 146
0.08 147
0.08 147
0.08 147
0.08 147
0.08 147
0.08 147
0.08 147
0.08 148
0.08 148
0.08 148
0.08 148
0.08 148
0.08 148
0.08 148
0.08 149
0.08 149
0.08 149
0.08 149
0.08 149
0.08 149
0.08 149
0.08 150
0.08 150
0.08 150
0.08 150
0.08 150
0.08 150
0.08 150
0.08 151
0.08 151
0.08 151
0.08 151
0.08 151
0.08 151
0.08 151
0.08 152
0.08 152
0.08 152
0.08 152
0.08 152
0.08 152
0.08 152
0.08 153
0.08 153
0.08 153
0.08 153
0.08 153
0.08 153
0.08 153
0.08 154
0.08 154
0.08 154
0.08 154
0.08 154
0.08 154
0.08 154
0.08 155
0.08 155
0.08 155
0.08 155
0.08 155
0.08 155
0.08 155
0.08 156
0.08 156
0.08 156
0.08 156
0.08 156
0.08 156
0.08 156
0.08 157
0.08 157
0.08 157
0.08 157
0.08 157
0.08 157
0.08 157
0.08 158
0.08 158
0.08 158
0.08 158
0.08 158
0.08 158
0.08 158
0.09 159
0.09 159
0.09 159
0.09 159
0.09 159
0.09 159
0.09 159
0.09 160
0.09 160
0.09 160
0.09 160
0.09 160
0.09 160
0.09 160
0.09 161
0.09 161
0.09 161
0.09 161
0.09 161
0.09 161
0.09 162
0.09 162
0.09 162
0.09 162
0.09 162
0.09 162
0.09 163
0.09 163
0.09 163
0.09 163
0.09 163
0.09 163
0.09 164
0.09 164
0.09 164
0.09 164
0.09 164
0.09 164
0.09 165
0.09 165
0.09 165
0.09 165
0.09 165
0.09 165
0.09 166
0.09 166
0.09 166
0.09 166
0.09 166
0.09 166
0.09 167
0.09 167
0.09 167
0.09 167
0.09 167
0.09 167
0.09 168
0.09 168
0.09 168
0.09 168
0.09 168
0.09 168
0.09 169
0.09 169
0.09 169
0.09 169
0.09 169
0.09 169
0.09 170
0.09 170
0.09 170
0.09 170
0.09 170
0.09 170
0.09 171
0.09 171
0.09 171
0.09 171
0.09 171
0.09 171
0.09 172
0.09 172
0.09 172
0.09 172
0.09 172
0.09 172
0.09 173
0.09 173
0.09 173
0.09 173
0.09 173
0.09 173
0.09 174
0.09 174
0.09 174
0.09 174
0.09 174
0.09 174
0.09 175
0.09 175
0.09 175
0.09 175
0.09 175
0.09 175
0.09 176
0.09 176
0.09 176
0.09 176
0.09 176
0.09 176
0.1 177
0.1 177
0.1 177
0.1 177
0.1 177
0.1 177
0.1 178
0.1 178
0.1 178
0.1 178
0.1 178
0.1 178
0.1 179
0.1 179
0.1 179
0.1 179
0.1 179
0.1 179
0.1 180
0.1 180
0.1 180
0.1 180
0.1 180
0.1 180
0.1 181
0.1 181
0.1 181
0.1 181
0.1 181
0.1 181
0.1 182
0.1 182
0.1 182
0.1 182
0.1 182
0.1 182
0.1 183
0.1 183
0.1 183
0.1 183
0.1 183
0.1 183
0.1 184
0.1 184
0.1 184
0.1 184
0.1 184
0.1 184
0.1 185
0.1 185
0.1 185
0.1 185
0.1 185
0.1 185
0.1 186
0.1 186
0.1 186
0.1 186
0.1 186
0.1 186
0.1 187
0.1 187
0.1 187
0.1 187
0.1 187
0.1 187
0.1 188
0.1 188
0.1 188
0.1 188
0.1 188
0.1 188
0.1 189
0.1 189
0.1 189
0.1 189
0.1 189
0.1 189
0.1 190
0.1 190
0.1 190
0.1 190
0.1 190
0.1 190
0.1 191
0.1 191
0.1 191
0.1 191
0.1 191
0.1 191
0.1 192
0.1 192
0.1 192
0.1 192
0.1 192
0.1 192
0.1 193
0.1 193
0.1 193
0.1 193
0.1 193
0.1 193
0.1 194
0.1 194
0.1 194
0.1 194
0.1 194
0.1 194
0.1 195
0.1 195
0.1 195
0.1 195
0.1 195
0.1 195
0.11 196
0.11 196
0.11 196
0.11 196
0.11 196
0.11 196
0.11 197
0.11 197
0.11 197
0.11 197
0.11 197
0.11 197
0.11 198
0.11 198
0.11 198
0.11 198
0.11 198
0.11 198
0.11 199
0.11 199
0.11 199
0.11 199
0.11 199
0.11 199
0.11 200
0.11 200
0.11 200
0.11 200
0.11 200
0.11 200
0.11 201
0.11 201
0.11 201
0.11 201
0.11 201
0.11 201
0.11 202
0.11 202
0.11 202
0.11 202
0.11 202
0.11 202
0.11 203
0.11 203
0.11 203
0.11 203
0.11 203
0.11 203
0.11 204
0.11 204
0.11 204
0.11 204
0.11 204
0.11 204
0.11 205
0.11 205
0.11 205
0.11 205
0.11 205
0.11 205
0.11 206
0.11 206
0.11 206
0.11 206
0.11 206
0.11 206
0.11 207
0.11 207
0.11 207
0.11 207
0.11 207
0.11 207
0.11 208
0.11 208
0.11 208
0.11 208
0.11 208
0.11 208
0.11 209
0.11 209
0.11 209
0.11 209
0.11 209
0.11 209
0.11 210
0.11 210
0.11 210
0.11 210
0.11 210
0.11 210
0.11 211
0.11 211
0.11 211
0.11 211
0.11 211
0.11 211
0.11 212
0.11 212
0.11 212
0.11 212
0.11 212
0.11 212
0.12 213
0.12 213
0.12 213
0.12 213
0.12 213
0.12 213
0.12 214
0.12 214
0.12 214
0.12 214
0.12 214
0.12 214
0.12 215
0.12 215
0.12 215
0.12 215
0.12 215
0.12 215
0.12 216
0.12 216
0.12 216
0.12 216
0.12 216
0.12 216
0.12 217
0.12 217
0.12 217
0.12 217
0.12 217
0.12 217
0.12 218
0.12 218
0.12 218
0.12 218
0.12 218
0.12 218
0.12 219
0.12 219
0.12 219
0.12 219
0.12 219
0.12 219
0.12 220
0.12 220
0.12 220
0.12 220
0.12 220
0.12 220
0.12 221
0.12 221
0.12 221
0.12 221
0.12 221
0.12 221
0.12 222
0.12 222
0.12 222
0.12 222
0.12 222
0.12 222
0.12 223
0.12 223
0.12 223
0.12 223
0.12 223
0.12 223
0.12 224
0.12 224
0.12 224
0.12 224
0.12 224
0.12 224
0.12 225
0.12 225
0.12 225
0.12 225
0.12 225
0.12 225
0.12 226
0.12 226
0.12 226
0.12 226
0.12 226
0.12 226
0.12 227
0.12 227
0.12 227
0.12 227
0.12 227
0.12 227
0.12 228
0.12 228
0.12 228
0.12 228
0.12 228
0.12 228
0.12 229
0.12 229
0.12 229
0.12 229
0.12 229
0.12 229
0.12 230
0.12 230
0.12 230
0.12 230
0.12 230
0.12 230
0.12 231
0.12 231
0.12 231
0.12 231
0.12 231
0.12 231
0.13 232
0.13 232
0.13 232
0.13 232
0.13 232
0.13 232
0.13 233
0.13 233
0.13 233
0.13 233
0.13 233
0.13 233
0.13 234
0.13 234
0.13 234
0.13 234
0.13 234
0.13 234
0.13 235
0.13 235
0.13 235
0.13 235
0.13 235
0.13 235
0.13 236
0.13 236
0.13 236
0.13 236
0.13 236
0.13 236
0.13 237
0.13 237
0.13 237
0.13 237
0.13 237
0.13 237
0.13 238
0.13 238
0.13 238
0.13 238
0.13 238
0.13 238
0.13 239
0.13 239
0.13 239
0.13 239
0.13 239
0.13 239
0.13 240
0.13 240
0.13 240
0.13 240
0.13 240
0.13 240
0.13 241
0.13 241
0.13 241
0.13 241
0.13 241
0.13 241
0.13 242
0.13 242
0.13 242
0.13 242
0.13 242
0.13 243
0.13 243
0.13 243
0.13 243
0.13 243
0.13 244
0.13 244
0.13 244
0.13 244
0.13 244
0.13 245
0.13 245
0.13 245
0.13 245
0.13 245
0.13 246
0.13 246
0.13 246
0.13 246
0.13 246
0.13 247
0.13 247
0.13 247
0.13 247
0.13 247
0.13 248
0.13 248
0.13 248
0.13 248
0.13 248
0.13 249
0.13 249
0.13 249
0.13 249
0.13 249
0.13 250
0.13 250
0.13 250
0.13 250
0.13 250
0.13 251
0.13 251
0.13 251
0.13 251
0.13 251
0.14 252
0.14 252
0.14 252
0.14 252
0.14 252
0.14 253
0.14 253
0.14 253
0.14 253
0.14 253
0.14 254
0.14 254
0.14 254
0.14 254
0.14 254
0.14 255
0.14 255
0.14 255
0.14 255
0.14 255
0.14 256
0.14 256
0.14 256
0.14 256
0.14 256
0.14 257
0.14 257
0.14 257
0.14 257
0.14 257
0.14 258
0.14 258
0.14 258
0.14 258
0.14 258
0.14 259
0.14 259
0.14 259
0.14 259
0.14 259
0.14 260
0.14 260
0.14 260
0.14 260
0.14 260
0.14 261
0.14 261
0.14 261
0.14 261
0.14 261
0.14 262
0.14 262
0.14 262
0.14 262
0.14 262
0.14 263
0.14 263
0.14 263
0.14 263
0.14 263
0.14 264
0.14 264
0.14 264
0.14 264
0.14 264
0.14 265
0.14 265
0.14 265
0.14 265
0.14 265
0.14 266
0.14 266
0.14 266
0.14 266
0.14 266
0.14 267
0.14 267
0.14 267
0.14 267
0.14 267
0.14 268
0.14 268
0.14 268
0.14 268
0.14 268
0.14 269
0.14 269
0.14 269
0.14 269
0.14 269
0.15 270
0.15 270
0.15 270
0.15 270
0.15 270
0.15 271
0.15 271
0.15 271
0.15 271
0.15 271
0.15 272
0.15 272
0.15 272
0.15 272
0.15 272
0.15 273
0.15 273
0.15 273
0.15 273
0.15 273
0.15 274
0.15 274
0.15 274
0.15 274
0.15 274
0.15 275
0.15 275
0.15 275
0.15 275
0.15 275
0.15 276
0.15 276
0.15 276
0.15 276
0.15 276
0.15 277
0.15 277
0.15 277
0.15 277
0.15 277
0.15 278
0.15 278
0.15 278
0.15 278
0.15 278
0.15 279
0.15 279
0.15 279
0.15 279
0.15 279
0.15 280
0.15 280
0.15 280
0.15 280
0.15 280
0.15 281
0.15 281
0.15 281
0.15 281
0.15 281
0.15 282
0.15 282
0.15 282
0.15 282
0.15 282
0.15 283
0.15 283
0.15 283
0.15 283
0.15 283
0.15 284
0.15 284
0.15 284
0.15 284
0.15 284
0.15 285
0.15 285
0.15 285
0.15 285
0.15 285
0.15 286
0.15 286
0.15 286
0.15 286
0.15 286
0.15 287
0.15 287
0.15 287
0.15 287
0.15 287
0.15 288
0.15 288
0.15 288
0.15 288
0.15 288
0.16 289
0.16 289
0.16 289
0.16 289
0.16 289
0.16 290
0.16 290
0.16 290
0.16 290
0.16 290
0.16 291
0.16 291
0.16 291
0.16 291
0.16 291
0.16 292
0.16 292
0.16 292
0.16 292
0.16 292
0.16 293
0.16 293
0.16 293
0.16 293
0.16 293
0.16 294
0.16 294
0.16 294
0.16 294
0.16 294
0.16 295
0.16 295
0.16 295
0.16 295
0.16 295
0.16 296
0.16 296
0.16 296
0.16 296
0.16 296
0.16 297
0.16 297
0.16 297
0.16 297
0.16 297
0.16 298
0.16 298
0.16 298
0.16 298
0.16 298
0.16 299
0.16 299
0.16 299
0.16 299
0.16 299
0.16 300
0.16 300
0.16 300
0.16 300
0.16 300
0.16 301
0.16 301
0.16 301
0.16 301
0.16 301
0.16 302
0.16 302
0.16 302
0.16 302
0.16 302
0.16 303
0.16 303
0.16 303
0.16 303
0.16 303
0.16 304
0.16 304
0.16 304
0.16 304
0.16 304
0.16 305
0.16 305
0.16 305
0.16 305
0.16 305
0.16 306
0.16 306
0.16 306
0.16 306
0.16 306
0.16 307
0.16 307
0.16 307
0.16 307
0.16 307
0.17 308
0.17 308
0.17 308
0.17 308
0.17 308
0.17 309
0.17 309
0.17 309
0.17 309
0.17 309
0.17 310
0.17 310
0.17 310
0.17 310
0.17 310
0.17 311
0.17 311
0.17 311
0.17 311
0.17 311
0.17 312
0.17 312
0.17 312
0.17 312
0.17 312
0.17 313
0.17 313
0.17 313
0.17 313
0.17 313
0.17 314
0.17 314
0.17 314
0.17 314
0.17 314
0.17 315
0.17 315
0.17 315
0.17 315
0.17 315
0.17 316
0.17 316
0.17 316
0.17 316
0.17 316
0.17 317
0.17 317
0.17 317
0.17 317
0.17 317
0.17 318
0.17 318
0.17 318
0.17 318
0.17 318
0.17 319
0.17 319
0.17 319
0.17 319
0.17 319
0.17 320
0.17 320
0.17 320
0.17 320
0.17 320
0.17 321
0.17 321
0.17 321
0.17 321
0.17 321
0.17 322
0.17 322
0.17 322
0.17 322
0.17 322
0.17 323
0.17 323
0.17 323
0.17 323
0.17 323
0.17 324
0.17 324
0.17 324
0.17 324
0.17 324
0.17 325
0.17 325
0.17 325
0.17 325
0.17 325
0.17 326
0.17 326
0.17 326
0.17 326
0.17 326
0.18 327
0.18 327
0.18 327
0.18 327
0.18 327
0.18 328
0.18 328
0.18 328
0.18 328
0.18 328
0.18 329
0.18 329
0.18 329
0.18 329
0.18 329
0.18 330
0.18 330
0.18 330
0.18 330
0.18 330
0.18 331
0.18 331
0.18 331
0.18 331
0.18 331
0.18 332
0.18 332
0.18 332
0.18 332
0.18 332
0.18 333
0.18 333
0.18 333
0.18 333
0.18 333
0.18 334
0.18 334
0.18 334
0.18 334
0.18 334
0.18 335
0.18 335
0.18 335
0.18 335
0.18 335
0.18 336
0.18 336
0.18 336
0.18 336
0.18 336
0.18 337
0.18 337
0.18 337
0.18 337
0.18 337
0.18 338
0.18 338
0.18 338
0.18 338
0.18 338
0.18 339
0.18 339
0.18 339
0.18 339
0.18 339
0.18 340
0.18 340
0.18 340
0.18 340
0.18 340
0.18 341
0.18 341
0.18 341
0.18 341
0.18 341
0.18 342
0.18 342
0.18 342
0.18 342
0.18 342
0.18 343
0.18 343
0.18 343
0.18 343
0.18 343
0.18 344
0.18 344
0.18 344
0.18 344
0.18 344
0.18 345
0.18 345
0.18 345
0.18 345
0.18 345
0.19 346
0.19 346
0.19 346
0.19 346
0.19 346
0.19 347
0.19 347
0.19 347
0.19 347
0.19 347
0.19 348
0.19 348
0.19 348
0.19 348
0.19 348
0.19 349
0.19 349
0.19 349
0.19 349
0.19 349
0.19 350
0.19 350
0.19 350
0.19 350
0.19 350
0.19 351
0.19 351
0.19 351
0.19 351
0.19 351
0.19 352
0.19 352
0.19 352
0.19 352
0.19 352
0.19 353
0.19 353
0.19 353
0.19 353
0.19 353
0.19 354
0.19 354
0.19 354
0.19 354
0.19 354
0.19 355
0.19 355
0.19 355
0.19 355
0.19 355
0.19 356
0.19 356
0.19 356
0.19 356
0.19 356
0.19 357
0.19 357
0.19 357
0.19 357
0.19 357
0.19 358
0.19 358
0.19 358
0.19 358
0.19 358
0.19 359
0.19 359
0.19 359
0.19 359
0.19 359
0.19 360
0.19 360
0.19 360
0.19 360
0.19 360
0.19 361
0.19 361
0.19 361
0.19 361
0.19 361
0.19 362
0.19 362
0.19 362
0.19 362
0.19 362
0.19 363
0.19 363
0.19 363
0.19 363
0.19 363
0.19 364
0.19 364
0.19 364
0.19 364
0.19 364
0.19 365
0.19 365
0.19 365
0.19 365
0.19 365
0.2 366
0.2 366
0.2 366
0.2 366
0.2 366
0.2 367
0.2 367
0.2 367
0.2 367
0.2 367
0.2 368
0.2 368
0.2 368
0.2 368
0.2 368
0.2 369
0.2 369
0.2 369
0.2 369
0.2 369
0.2 370
0.2 370
0.2 370
0.2 370
0.2 370
0.2 371
0.2 371
0.2 371
0.2 371
0.2 371
0.2 372
0.2 372
0.2 372
0.2 372
0.2 372
0.2 373
0.2 373
0.2 373
0.2 373
0.2 373
0.2 374
0.2 374
0.2 374
0.2 374
0.2 374
0.2 375
0.2 375
0.2 375
0.2 375
0.2 375
0.2 376
0.2 376
0.2 376
0.2 376
0.2 376
0.2 377
0.2 377
0.2 377
0.2 377
0.2 377
0.2 378
0.2 378
0.2 378
0.2 378
0.2 378
0.2 379
0.2 379
0.2 379
0.2 379
0.2 379
0.2 380
0.2 380
0.2 380
0.2 380
0.2 380
0.2 381
0.2 381
0.2 381
0.2 381
0.2 381
0.2 382
0.2 382
0.2 382
0.2 382
0.2 382
0.2 383
0.2 383
0.2 383
0.2 383
0.2 383
0.2 384
0.2 384
0.2 384
0.2 384
0.2 384
0.21 385
0.21 385
0.21 385
0.21 385
0.21 385
0.21 386
0.21 386
0.21 386
0.21 386
0.21 386
0.21 387
0.21 387
0.21 387
0.21 387
0.21 387
0.21 388
0.21 388
0.21 388
0.21 388
0.21 388
0.21 389
0.21 389
0.21 389
0.21 389
0.21 389
0.21 390
0.21 390
0.21 390
0.21 390
0.21 390
0.21 391
0.21 391
0.21 391
0.21 391
0.21 392
0.21 392
0.21 392
0.21 392
0.21 393
0.21 393
0.21 393
0.21 393
0.21 394
0.21 394
0.21 394
0.21 394
0.21 395
0.21 395
0.21 395
0.21 395
0.21 396
0.21 396
0.21 396
0.21 396
0.21 397
0.21 397
0.21 397
0.21 397
0.21 398
0.21 398
0.21 398
0.21 398
0.21 399
0.21 399
0.21 399
0.21 399
0.21 400
0.21 400
0.21 400
0.21 400
0.21 401
0.21 401
0.21 401
0.21 401
0.21 402
0.21 402
0.21 402
0.21 402
0.22 403
0.22 403
0.22 403
0.22 403
0.22 404
0.22 404
0.22 404
0.22 404
0.22 405
0.22 405
0.22 405
0.22 405
0.22 406
0.22 406
0.22 406
0.22 406
0.22 407
0.22 407
0.22 407
0.22 407
0.22 408
0.22 408
0.22 408
0.22 408
0.22 409
0.22 409
0.22 409
0.22 409
0.22 410
0.22 410
0.22 410
0.22 410
0.22 411
0.22 411
0.22 411
0.22 411
0.22 412
0.22 412
0.22 412
0.22 412
0.22 413
0.22 413
0.22 413
0.22 413
0.22 414
0.22 414
0.22 414
0.22 414
0.22 415
0.22 415
0.22 415
0.22 415
0.22 416
0.22 416
0.22 416
0.22 416
0.22 417
0.22 417
0.22 417
0.22 417
0.22 418
0.22 418
0.22 418
0.22 418
0.22 419
0.22 419
0.22 419
0.22 419
0.22 420
0.22 420
0.22 420
0.22 420
0.22 421
0.22 421
0.22 421
0.22 421
0.22 422
0.23 422
0.23 422
0.23 422
0.23 423
0.23 423
0.23 423
0.23 423
0.23 424
0.23 424
0.23 424
0.23 424
0.23 425
0.23 425
0.23 425
0.23 425
0.23 426
0.23 426
0.23 426
0.23 426
0.23 427
0.23 427
0.23 427
0.23 427
0.23 428
0.23 428
0.23 428
0.23 428
0.23 429
0.23 429
0.23 429
0.23 429
0.23 430
0.23 430
0.23 430
0.23 430
0.23 431
0.23 431
0.23 431
0.23 431
0.23 432
0.23 432
0.23 432
0.23 432
0.23 433
0.23 433
0.23 433
0.23 433
0.23 434
0.23 434
0.23 434
0.23 434
0.23 435
0.23 435
0.23 435
0.23 435
0.23 436
0.23 436
0.23 436
0.23 436
0.23 437
0.23 437
0.23 437
0.23 437
0.23 438
0.23 438
0.23 438
0.23 438
0.23 439
0.23 439
0.23 439
0.23 439
0.23 440
0.23 440
0.23 440
0.23 440
0.23 441
0.23 441
0.23 441
0.23 441
0.24 442
0.24 442
0.24 442
0.24 442
0.24 443
0.24 443
0.24 443
0.24 443
0.24 444
0.24 444
0.24 444
0.24 444
0.24 445
0.24 445
0.24 445
0.24 445
0.24 446
0.24 446
0.24 446
0.24 446
0.24 447
0.24 447
0.24 447
0.24 447
0.24 448
0.24 448
0.24 448
0.24 448
0.24 449
0.24 449
0.24 449
0.24 449
0.24 450
0.24 450
0.24 450
0.24 450
0.24 451
0.24 451
0.24 451
0.24 451
0.24 452
0.24 452
0.24 452
0.24 452
0.24 453
0.24 453
0.24 453
0.24 453
0.24 454
0.24 454
0.24 454
0.24 454
0.24 455
0.24 455
0.24 455
0.24 455
0.24 456
0.24 456
0.24 456
0.24 456
0.24 457
0.24 457
0.24 457
0.24 457
0.24 458
0.24 458
0.24 458
0.24 458
0.24 459
0.24 459
0.24 459
0.24 459
0.25 460
0.25 460
0.25 460
0.25 460
0.25 461
0.25 461
0.25 461
0.25 461
0.25 462
0.25 462
0.25 462
0.25 462
0.25 463
0.25 463
0.25 463
0.25 463
0.25 464
0.25 464
0.25 464
0.25 464
0.25 465
0.25 465
0.25 465
0.25 465
0.25 466
0.25 466
0.25 466
0.25 466
0.25 467
0.25 467
0.25 467
0.25 467
0.25 468
0.25 468
0.25 468
0.25 468
0.25 469
0.25 469
0.25 469
0.25 469
0.25 470
0.25 470
0.25 470
0.25 470
0.25 471
0.25 471
0.25 471
0.25 471
0.25 472
0.25 472
0.25 472
0.25 472
0.25 473
0.25 473
0.25 473
0.25 473
0.25 474
0.25 474
0.25 474
0.25 474
0.25 475
0.25 475
0.25 475
0.25 475
0.25 476
0.25 476
0.25 476
0.25 476
0.25 477
0.25 477
0.25 477
0.25 477
0.25 478
0.25 478
0.25 478
0.25 478
0.26 479
0.26 479
0.26 479
0.26 479
0.26 480
0.26 480
0.26 480
0.26 480
0.26 481
0.26 481
0.26 481
0.26 481
0.26 482
0.26 482
0.26 482
0.26 482
0.26 483
0.26 483
0.26 483
0.26 483
0.26 484
0.26 484
0.26 484
0.26 484
0.26 485
0.26 485
0.26 485
0.26 485
0.26 486
0.26 486
0.26 486
0.26 486
0.26 487
0.26 487
0.26 487
0.26 487
0.26 488
0.26 488
0.26 488
0.26 488
0.26 489
0.26 489
0.26 489
0.26 489
0.26 490
0.26 490
0.26 490
0.26 490
0.26 491
0.26 491
0.26 491
0.26 491
0.26 492
0.26 492
0.26 492
0.26 492
0.26 493
0.26 493
0.26 493
0.26 493
0.26 494
0.26 494
0.26 494
0.26 494
0.26 495
0.26 495
0.26 495
0.26 495
0.26 496
0.26 496
0.26 496
0.26 496
0.26 497
0.26 497
0.26 497
0.26 497
0.27 498
0.27 498
0.27 498
0.27 498
0.27 499
0.27 499
0.27 499
0.27 499
0.27 500
0.27 500
0.27 500
0.27 500
0.27 501
0.27 501
0.27 501
0.27 501
0.27 502
0.27 502
0.27 502
0.27 502
0.27 503
0.27 503
0.27 503
0.27 503
0.27 504
0.27 504
0.27 504
0.27 504
0.27 505
0.27 505
0.27 505
0.27 505
0.27 506
0.27 506
0.27 506
0.27 506
0.27 507
0.27 507
0.27 507
0.27 507
0.27 508
0.27 508
0.27 508
0.27 508
0.27 509
0.27 509
0.27 509
0.27 509
0.27 510
0.27 510
0.27 510
0.27 510
0.27 511
0.27 511
0.27 511
0.27 511
0.27 512
0.27 512
0.27 512
0.27 512
0.27 513
0.27 513
0.27 513
0.27 513
0.27 514
0.27 514
0.27 514
0.27 514
0.27 515
0.27 515
0.27 515
0.27 515
0.27 516
0.27 516
0.27 516
0.27 516
0.28 517
0.28 517
0.28 517
0.28 517
0.28 518
0.28 518
0.28 518
0.28 518
0.28 519
0.28 519
0.28 519
0.28 519
0.28 520
0.28 520
0.28 520
0.28 520
0.28 521
0.28 521
0.28 521
0.28 521
0.28 522
0.28 522
0.28 522
0.28 522
0.28 523
0.28 523
0.28 523
0.28 523
0.28 524
0.28 524
0.28 524
0.28 524
0.28 525
0.28 525
0.28 525
0.28 525
0.28 526
0.28 526
0.28 526
0.28 526
0.28 527
0.28 527
0.28 527
0.28 527
0.28 528
0.28 528
0.28 528
0.28 528
0.28 529
0.28 529
0.28 529
0.28 529
0.28 530
0.28 530
0.28 530
0.28 530
0.28 531
0.28 531
0.28 531
0.28 531
0.28 532
0.28 532
0.28 532
0.28 532
0.28 533
0.28 533
0.28 533
0.28 533
0.28 534
0.28 534
0.28 534
0.28 534
0.28 535
0.28 535
0.28 535
0.28 535
0.29 536
0.29 536
0.29 536
0.29 536
0.29 537
0.29 537
0.29 537
0.29 537
0.29 538
0.29 538
0.29 538
0.29 538
0.29 539
0.29 539
0.29 539
0.29 539
0.29 540
0.29 540
0.29 540
0.29 540
0.29 541
0.29 541
0.29 541
0.29 541
0.29 542
0.29 542
0.29 542
0.29 542
0.29 543
0.29 543
0.29 543
0.29 543
0.29 544
0.29 544
0.29 544
0.29 544
0.29 545
0.29 545
0.29 545
0.29 545
0.29 546
0.29 546
0.29 546
0.29 546
0.29 547
0.29 547
0.29 547
0.29 547
0.29 548
0.29 548
0.29 548
0.29 548
0.29 549
0.29 549
0.29 549
0.29 549
0.29 550
0.29 550
0.29 550
0.29 550
0.29 551
0.29 551
0.29 551
0.29 551
0.29 552
0.29 552
0.29 552
0.29 552
0.29 553
0.29 553
0.29 553
0.29 553
0.29 554
0.29 554
0.29 554
0.29 554
0.3 555
0.3 555
0.3 555
0.3 555
0.3 556
0.3 556
0.3 556
0.3 556
0.3 557
0.3 557
0.3 557
0.3 557
0.3 558
0.3 558
0.3 558
0.3 558
0.3 559
0.3 559
0.3 559
0.3 559
0.3 560
0.3 560
0.3 560
0.3 560
0.3 561
0.3 561
0.3 561
0.3 561
0.3 562
0.3 562
0.3 562
0.3 562
0.3 563
0.3 563
0.3 563
0.3 563
0.3 564
0.3 564
0.3 564
0.3 564
0.3 565
0.3 565
0.3 565
0.3 565
0.3 566
0.3 566
0.3 566
0.3 566
0.3 567
0.3 567
0.3 567
0.3 567
0.3 568
0.3 568
0.3 568
0.3 568
0.3 569
0.3 569
0.3 569
0.3 569
0.3 570
0.3 570
0.3 570
0.3 570
0.3 571
0.3 571
0.3 571
0.3 571
0.3 572
0.3 572
0.3 572
0.3 572
0.3 573
0.3 573
0.3 573
0.3 573
0.31 574
0.31 574
0.31 574
0.31 574
0.31 575
0.31 575
0.31 575
0.31 575
0.31 576
0.31 576
0.31 576
0.31 576
0.31 577
0.31 577
0.31 577
0.31 577
0.31 578
0.31 578
0.31 578
0.31 578
0.31 579
0.31 579
0.31 579
0.31 579
0.31 580
0.31 580
0.31 580
0.31 580
0.31 581
0.31 581
0.31 581
0.31 581
0.31 582
0.31 582
0.31 582
0.31 582
0.31 583
0.31 583
0.31 583
0.31 583
0.31 584
0.31 584
0.31 584
0.31 584
0.31 585
0.31 585
0.31 585
0.31 585
0.31 586
0.31 586
0.31 586
0.31 586
0.31 587
0.31 587
0.31 587
0.31 587
0.31 588
0.31 588
0.31 588
0.31 588
0.31 589
0.31 589
0.31 589
0.31 589
0.31 590
0.31 590
0.31 590
0.31 590
0.31 591
0.31 591
0.31 591
0.31 591
0.32 592
0.32 592
0.32 592
0.32 592
0.32 593
0.32 593
0.32 593
0.32 593
0.32 594
0.32 594
0.32 594
0.32 594
0.32 595
0.32 595
0.32 595
0.32 595
0.32 596
0.32 596
0.32 596
0.32 596
0.32 597
0.32 597
0.32 597
0.32 597
0.32 598
0.32 598
0.32 598
0.32 598
0.32 599
0.32 599
0.32 599
0.32 599
0.32 600
0.32 600
0.32 600
0.32 600
0.32 601
0.32 601
0.32 601
0.32 601
0.32 602
0.32 602
0.32 602
0.32 602
0.32 603
0.32 603
0.32 603
0.32 603
0.32 604
0.32 604
0.32 604
0.32 604
0.32 605
0.32 605
0.32 605
0.32 605
0.32 606
0.32 606
0.32 606
0.32 606
0.32 607
0.32 607
0.32 607
0.32 607
0.32 608
0.32 608
0.32 608
0.32 608
0.32 609
0.32 609
0.32 609
0.32 609
0.32 610
0.32 610
0.32 610
0.32 610
0.33 611
0.33 611
0.33 611
0.33 611
0.33 612
0.33 612
0.33 612
0.33 612
0.33 613
0.33 613
0.33 613
0.33 613
0.33 614
0.33 614
0.33 614
0.33 614
0.33 615
0.33 615
0.33 615
0.33 615
0.33 616
0.33 616
0.33 616
0.33 616
0.33 617
0.33 617
0.33 617
0.33 617
0.33 618
0.33 618
0.33 618
0.33 619
0.33 619
0.33 619
0.33 620
0.33 620
0.33 620
0.33 621
0.33 621
0.33 621
0.33 622
0.33 622
0.33 622
0.33 623
0.33 623
0.33 623
0.33 624
0.33 624
0.33 624
0.33 625
0.33 625
0.33 625
0.33 626
0.33 626
0.33 626
0.33 627
0.33 627
0.33 627
0.33 628
0.33 628
0.33 628
0.34 629
0.34 629
0.34 629
0.34 630
0.34 630
0.34 630
0.34 631
0.34 631
0.34 631
0.34 632
0.34 632
0.34 632
0.34 633
0.34 633
0.34 633
0.34 634
0.34 634
0.34 634
0.34 635
0.34 635
0.34 635
0.34 636
0.34 636
0.34 636
0.34 637
0.34 637
0.34 637
0.34 638
0.34 638
0.34 638
0.34 639
0.34 639
0.34 639
0.34 640
0.34 640
0.34 640
0.34 641
0.34 641
0.34 641
0.34 642
0.34 642
0.34 642
0.34 643
0.34 643
0.34 643
0.34 644
0.34 644
0.34 644
0.34 645
0.34 645
0.34 645
0.34 646
0.34 646
0.34 646
0.34 647
0.34 647
0.34 647
0.35 648
0.35 648
0.35 648
0.35 649
0.35 649
0.35 649
0.35 650
0.35 650
0.35 650
0.35 651
0.35 651
0.35 651
0.35 652
0.35 652
0.35 652
0.35 653
0.35 653
0.35 653
0.35 654
0.35 654
0.35 654
0.35 655
0.35 655
0.35 655
0.35 656
0.35 656
0.35 656
0.35 657
0.35 657
0.35 657
0.35 658
0.35 658
0.35 658
0.35 659
0.35 659
0.35 659
0.35 660
0.35 660
0.35 660
0.35 661
0.35 661
0.35 661
0.35 662
0.35 662
0.35 662
0.35 663
0.35 663
0.35 663
0.35 664
0.35 664
0.35 664
0.35 665
0.35 665
0.35 665
0.35 666
0.35 666
0.35 666
0.36 667
0.36 667
0.36 667
0.36 668
0.36 668
0.36 668
0.36 669
0.36 669
0.36 669
0.36 670
0.36 670
0.36 670
0.36 671
0.36 671
0.36 671
0.36 672
0.36 672
0.36 672
0.36 673
0.36 673
0.36 673
0.36 674
0.36 674
0.36 674
0.36 675
0.36 675
0.36 675
0.36 676
0.36 676
0.36 676
0.36 677
0.36 677
0.36 677
0.36 678
0.36 678
0.36 678
0.36 679
0.36 679
0.36 679
0.36 680
0.36 680
0.36 680
0.36 681
0.36 681
0.36 681
0.36 682
0.36 682
0.36 682
0.36 683
0.36 683
0.36 683
0.37 684
0.37 684
0.37 684
0.37 685
0.37 685
0.37 685
0.37 686
0.37 686
0.37 686
0.37 687
0.37 687
0.37 687
0.37 688
0.37 688
0.37 688
0.37 689
0.37 689
0.37 689
0.37 690
0.37 690
0.37 690
0.37 691
0.37 691
0.37 691
0.37 692
0.37 692
0.37 692
0.37 693
0.37 693
0.37 693
0.37 694
0.37 694
0.37 694
0.37 695
0.37 695
0.37 695
0.37 696
0.37 696
0.37 696
0.37 697
0.37 697
0.37 697
0.37 698
0.37 698
0.37 698
0.37 699
0.37 699
0.37 699
0.37 700
0.37 700
0.37 700
0.38 701
0.38 701
0.38 701
0.38 702
0.38 702
0.38 702
0.38 703
0.38 703
0.38 703
0.38 704
0.38 704
0.38 704
0.38 705
0.38 705
0.38 705
0.38 706
0.38 706
0.38 706
0.38 707
0.38 707
0.38 707
0.38 708
0.38 708
0.38 708
0.38 709
0.38 709
0.38 709
0.38 710
0.38 710
0.38 710
0.38 711
0.38 711
0.38 711
0.38 712
0.38 712
0.38 712
0.38 713
0.38 713
0.38 713
0.38 714
0.38 714
0.38 714
0.38 715
0.38 715
0.38 715
0.38 716
0.38 716
0.38 716
0.38 717
0.38 717
0.38 717
0.38 718
0.38 718
0.38 718
0.38 719
0.38 719
0.38 719
0.39 720
0.39 720
0.39 720
0.39 721
0.39 721
0.39 721
0.39 722
0.39 722
0.39 722
0.39 723
0.39 723
0.39 723
0.39 724
0.39 724
0.39 724
0.39 725
0.39 725
0.39 725
0.39 726
0.39 726
0.39 726
0.39 727
0.39 727
0.39 727
0.39 728
0.39 728
0.39 728
0.39 729
0.39 729
0.39 729
0.39 730
0.39 730
0.39 730
0.39 731
0.39 731
0.39 731
0.39 732
0.39 732
0.39 732
0.39 733
0.39 733
0.39 733
0.39 734
0.39 734
0.39 734
0.39 735
0.39 735
0.39 735
0.39 736
0.39 736
0.39 736
0.39 737
0.39 737
0.39 737
0.4 738
0.4 738
0.4 738
0.4 739
0.4 739
0.4 739
0.4 740
0.4 740
0.4 740
0.4 741
0.4 741
0.4 741
0.4 742
0.4 742
0.4 742
0.4 743
0.4 743
0.4 743
0.4 744
0.4 744
0.4 744
0.4 745
0.4 745
0.4 745
0.4 746
0.4 746
0.4 746
0.4 747
0.4 747
0.4 747
0.4 748
0.4 748
0.4 748
0.4 749
0.4 749
0.4 749
0.4 750
0.4 750
0.4 750
0.4 751
0.4 751
0.4 751
0.4 752
0.4 752
0.4 752
0.4 753
0.4 753
0.4 753
0.4 754
0.4 754
0.4 754
0.4 755
0.4 755
0.4 755
0.4 756
0.4 756
0.4 756
0.4 757
0.4 757
0.4 757
0.41 758
0.41 758
0.41 758
0.41 759
0.41 759
0.41 759
0.41 760
0.41 760
0.41 760
0.41 761
0.41 761
0.41 761
0.41 762
0.41 762
0.41 762
0.41 763
0.41 763
0.41 763
0.41 764
0.41 764
0.41 764
0.41 765
0.41 765
0.41 765
0.41 766
0.41 766
0.41 766
0.41 767
0.41 767
0.41 767
0.41 768
0.41 768
0.41 768
0.41 769
0.41 769
0.41 769
0.41 770
0.41 770
0.41 770
0.41 771
0.41 771
0.41 771
0.41 772
0.41 772
0.41 772
0.41 773
0.41 773
0.41 773
0.41 774
0.41 774
0.41 774
0.41 775
0.41 775
0.41 775
0.41 776
0.41 776
0.41 776
0.42 777
0.42 777
0.42 777
0.42 778
0.42 778
0.42 778
0.42 779
0.42 779
0.42 779
0.42 780
0.42 780
0.42 780
0.42 781
0.42 781
0.42 781
0.42 782
0.42 782
0.42 782
0.42 783
0.42 783
0.42 783
0.42 784
0.42 784
0.42 784
0.42 785
0.42 785
0.42 785
0.42 786
0.42 786
0.42 786
0.42 787
0.42 787
0.42 787
0.42 788
0.42 788
0.42 788
0.42 789
0.42 789
0.42 789
0.42 790
0.42 790
0.42 790
0.42 791
0.42 791
0.42 791
0.42 792
0.42 792
0.42 792
0.42 793
0.42 793
0.42 793
0.42 794
0.42 794
0.42 794
0.42 795
0.42 795
0.42 795
0.43 796
0.43 796
0.43 796
0.43 797
0.43 797
0.43 797
0.43 798
0.43 798
0.43 798
0.43 799
0.43 799
0.43 799
0.43 800
0.43 800
0.43 800
0.43 801
0.43 801
0.43 801
0.43 802
0.43 802
0.43 802
0.43 803
0.43 803
0.43 803
0.43 804
0.43 804
0.43 804
0.43 805
0.43 805
0.43 805
0.43 806
0.43 806
0.43 806
0.43 807
0.43 807
0.43 807
0.43 808
0.43 808
0.43 808
0.43 809
0.43 809
0.43 809
0.43 810
0.43 810
0.43 810
0.43 811
0.43 811
0.43 811
0.43 812
0.43 812
0.43 812
0.43 813
0.43 813
0.43 813
0.43 814
0.43 814
0.43 814
0.44 815
0.44 815
0.44 815
0.44 816
0.44 816
0.44 816
0.44 817
0.44 817
0.44 817
0.44 818
0.44 818
0.44 818
0.44 819
0.44 819
0.44 819
0.44 820
0.44 820
0.44 820
0.44 821
0.44 821
0.44 821
0.44 822
0.44 822
0.44 822
0.44 823
0.44 823
0.44 823
0.44 824
0.44 824
0.44 824
0.44 825
0.44 825
0.44 825
0.44 826
0.44 826
0.44 826
0.44 827
0.44 827
0.44 827
0.44 828
0.44 828
0.44 828
0.44 829
0.44 829
0.44 829
0.44 830
0.44 830
0.44 830
0.44 831
0.44 831
0.44 831
0.44 832
0.44 832
0.44 832
0.44 833
0.44 833
0.44 833
0.45 834
0.45 834
0.45 834
0.45 835
0.45 835
0.45 835
0.45 836
0.45 836
0.45 836
0.45 837
0.45 837
0.45 837
0.45 838
0.45 838
0.45 838
0.45 839
0.45 839
0.45 839
0.45 840
0.45 840
0.45 840
0.45 841
0.45 841
0.45 841
0.45 842
0.45 842
0.45 842
0.45 843
0.45 843
0.45 843
0.45 844
0.45 844
0.45 844
0.45 845
0.45 845
0.45 845
0.45 846
0.45 846
0.45 846
0.45 847
0.45 847
0.45 847
0.45 848
0.45 848
0.45 848
0.45 849
0.45 849
0.45 849
0.45 850
0.45 850
0.45 850
0.45 851
0.45 851
0.45 851
0.45 852
0.45 852
0.45 852
0.45 853
0.45 853
0.45 853
0.46 854
0.46 854
0.46 854
0.46 855
0.46 855
0.46 855
0.46 856
0.46 856
0.46 856
0.46 857
0.46 857
0.46 857
0.46 858
0.46 858
0.46 858
0.46 859
0.46 859
0.46 859
0.46 860
0.46 860
0.46 860
0.46 861
0.46 861
0.46 861
0.46 862
0.46 862
0.46 862
0.46 863
0.46 863
0.46 863
0.46 864
0.46 864
0.46 864
0.46 865
0.46 865
0.46 865
0.46 866
0.46 866
0.46 866
0.46 867
0.46 867
0.46 867
0.46 868
0.46 868
0.46 868
0.46 869
0.46 869
0.46 869
0.46 870
0.46 870
0.46 870
0.46 871
0.46 871
0.46 871
0.46 872
0.46 872
0.46 872
0.47 873
0.47 873
0.47 873
0.47 874
0.47 874
0.47 874
0.47 875
0.47 875
0.47 875
0.47 876
0.47 876
0.47 876
0.47 877
0.47 877
0.47 877
0.47 878
0.47 878
0.47 878
0.47 879
0.47 879
0.47 879
0.47 880
0.47 880
0.47 880
0.47 881
0.47 881
0.47 881
0.47 882
0.47 882
0.47 882
0.47 883
0.47 883
0.47 883
0.47 884
0.47 884
0.47 884
0.47 885
0.47 885
0.47 885
0.47 886
0.47 886
0.47 886
0.47 887
0.47 887
0.47 887
0.47 888
0.47 888
0.47 888
0.47 889
0.47 889
0.47 889
0.47 890
0.47 890
0.47 890
0.47 891
0.47 891
0.47 891
0.48 892
0.48 892
0.48 892
0.48 893
0.48 893
0.48 893
0.48 894
0.48 894
0.48 894
0.48 895
0.48 895
0.48 895
0.48 896
0.48 896
0.48 896
0.48 897
0.48 897
0.48 897
0.48 898
0.48 898
0.48 898
0.48 899
0.48 899
0.48 899
0.48 900
0.48 900
0.48 900
0.48 901
0.48 901
0.48 901
0.48 902
0.48 902
0.48 902
0.48 903
0.48 903
0.48 903
0.48 904
0.48 904
0.48 904
0.48 905
0.48 905
0.48 905
0.48 906
0.48 906
0.48 906
0.48 907
0.48 907
0.48 907
0.48 908
0.48 908
0.48 908
0.48 909
0.48 909
0.48 909
0.48 910
0.48 910
0.48 910
0.49 911
0.49 911
0.49 911
0.49 912
0.49 912
0.49 912
0.49 913
0.49 913
0.49 913
0.49 914
0.49 914
0.49 914
0.49 915
0.49 915
0.49 915
0.49 916
0.49 916
0.49 916
0.49 917
0.49 917
0.49 917
0.49 918
0.49 918
0.49 918
0.49 919
0.49 919
0.49 919
0.49 920
0.49 920
0.49 920
0.49 921
0.49 921
0.49 921
0.49 922
0.49 922
0.49 922
0.49 923
0.49 923
0.49 923
0.49 924
0.49 924
0.49 924
0.49 925
0.49 925
0.49 925
0.49 926
0.49 926
0.49 926
0.49 927
0.49 927
0.49 927
0.49 928
0.49 928
0.49 928
0.5 929
0.5 929
0.5 929
0.5 930
0.5 930
0.5 930
0.5 931
0.5 931
0.5 931
0.5 932
0.5 932
0.5 932
0.5 933
0.5 933
0.5 933
0.5 934
0.5 934
0.5 934
0.5 935
0.5 935
0.5 935
0.5 936
0.5 936
0.5 936
0.5 937
0.5 937
0.5 937
0.5 938
0.5 938
0.5 938
0.5 939
0.5 939
0.5 939
0.5 940
0.5 940
0.5 940
0.5 941
0.5 941
0.5 941
0.5 942
0.5 942
0.5 942
0.5 943
0.5 943
0.5 943
0.5 944
0.5 944
0.5 944
0.5 945
0.5 945
0.5 945
0.5 946
0.5 946
0.5 946
0.5 947
0.5 947
0.5 947
0.51 948
0.51 948
0.51 948
0.51 949
0.51 949
0.51 949
0.51 950
0.51 950
0.51 950
0.51 951
0.51 951
0.51 951
0.51 952
0.51 952
0.51 952
0.51 953
0.51 953
0.51 953
0.51 954
0.51 954
0.51 954
0.51 955
0.51 955
0.51 955
0.51 956
0.51 956
0.51 956
0.51 957
0.51 957
0.51 957
0.51 958
0.51 958
0.51 958
0.51 959
0.51 959
0.51 959
0.51 960
0.51 960
0.51 960
0.51 961
0.51 961
0.51 961
0.51 962
0.51 962
0.51 962
0.51 963
0.51 963
0.51 963
0.51 964
0.51 964
0.51 964
0.51 965
0.51 965
0.51 965
0.51 966
0.51 966
0.51 966
0.52 967
0.52 967
0.52 967
0.52 968
0.52 968
0.52 968
0.52 969
0.52 969
0.52 969
0.52 970
0.52 970
0.52 970
0.52 971
0.52 971
0.52 971
0.52 972
0.52 972
0.52 972
0.52 973
0.52 973
0.52 973
0.52 974
0.52 974
0.52 974
0.52 975
0.52 975
0.52 975
0.52 976
0.52 976
0.52 976
0.52 977
0.52 977
0.52 977
0.52 978
0.52 978
0.52 978
0.52 979
0.52 979
0.52 979
0.52 980
0.52 980
0.52 980
0.52 981
0.52 981
0.52 981
0.52 982
0.52 982
0.52 982
0.52 983
0.52 983
0.52 983
0.52 984
0.52 984
0.52 984
0.52 985
0.52 985
0.52 985
0.52 986
0.52 986
0.52 986
0.53 987
0.53 987
0.53 987
0.53 988
0.53 988
0.53 988
0.53 989
0.53 989
0.53 989
0.53 990
0.53 990
0.53 990
0.53 991
0.53 991
0.53 991
0.53 992
0.53 992
0.53 992
0.53 993
0.53 993
0.53 993
0.53 994
0.53 994
0.53 994
0.53 995
0.53 995
0.53 995
0.53 996
0.53 996
0.53 996
0.53 997
0.53 997
0.53 997
0.53 998
0.53 998
0.53 998
0.53 999
0.53 999
0.53 999
0.53 1000
0.53 1000
0.53 1000
0.53 1001
0.53 1001
0.53 1001
0.53 1002
0.53 1002
0.53 1002
0.53 1003
0.53 1003
0.53 1003
0.53 1004
0.53 1004
0.53 1004
0.53 1005
0.53 1005
0.53 1005
0.54 1006
0.54 1006
0.54 1006
0.54 1007
0.54 1007
0.54 1007
0.54 1008
0.54 1008
0.54 1008
0.54 1009
0.54 1009
0.54 1009
0.54 1010
0.54 1010
0.54 1010
0.54 1011
0.54 1011
0.54 1011
0.54 1012
0.54 1012
0.54 1012
0.54 1013
0.54 1013
0.54 1013
0.54 1014
0.54 1014
0.54 1014
0.54 1015
0.54 1015
0.54 1015
0.54 1016
0.54 1016
0.54 1017
0.54 1017
0.54 1018
0.54 1018
0.54 1019
0.54 1019
0.54 1020
0.54 1020
0.54 1021
0.54 1021
0.54 1022
0.54 1022
0.54 1023
0.54 1023
0.54 1024
0.54 1024
0.55 1025
0.55 1025
0.55 1026
0.55 1026
0.55 1027
0.55 1027
0.55 1028
0.55 1028
0.55 1029
0.55 1029
0.55 1030
0.55 1030
0.55 1031
0.55 1031
0.55 1032
0.55 1032
0.55 1033
0.55 1033
0.55 1034
0.55 1034
0.55 1035
0.55 1035
0.55 1036
0.55 1036
0.55 1037
0.55 1037
0.55 1038
0.55 1038
0.55 1039
0.55 1039
0.55 1040
0.55 1040
0.55 1041
0.55 1041
0.55 1042
0.55 1042
0.55 1043
0.55 1043
0.56 1044
0.56 1044
0.56 1045
0.56 1045
0.56 1046
0.56 1046
0.56 1047
0.56 1047
0.56 1048
0.56 1048
0.56 1049
0.56 1049
0.56 1050
0.56 1050
0.56 1051
0.56 1051
0.56 1052
0.56 1052
0.56 1053
0.56 1053
0.56 1054
0.56 1054
0.56 1055
0.56 1055
0.56 1056
0.56 1056
0.56 1057
0.56 1057
0.56 1058
0.56 1058
0.56 1059
0.56 1059
0.56 1060
0.56 1060
0.56 1061
0.56 1061
0.56 1062
0.56 1062
0.57 1063
0.57 1063
0.57 1064
0.57 1064
0.57 1065
0.57 1065
0.57 1066
0.57 1066
0.57 1067
0.57 1067
0.57 1068
0.57 1068
0.57 1069
0.57 1069
0.57 1070
0.57 1070
0.57 1071
0.57 1071
0.57 1072
0.57 1072
0.57 1073
0.57 1073
0.57 1074
0.57 1074
0.57 1075
0.57 1075
0.57 1076
0.57 1076
0.57 1077
0.57 1077
0.57 1078
0.57 1078
0.57 1079
0.57 1079
0.57 1080
0.57 1080
0.57 1081
0.57 1081
0.57 1082
0.57 1082
0.58 1083
0.58 1083
0.58 1084
0.58 1084
0.58 1085
0.58 1085
0.58 1086
0.58 1086
0.58 1087
0.58 1087
0.58 1088
0.58 1088
0.58 1089
0.58 1089
0.58 1090
0.58 1090
0.58 1091
0.58 1091
0.58 1092
0.58 1092
0.58 1093
0.58 1093
0.58 1094
0.58 1094
0.58 1095
0.58 1095
0.58 1096
0.58 1096
0.58 1097
0.58 1097
0.58 1098
0.58 1098
0.58 1099
0.58 1099
0.58 1100
0.58 1100
0.58 1101
0.58 1101
0.59 1102
0.59 1102
0.59 1103
0.59 1103
0.59 1104
0.59 1104
0.59 1105
0.59 1105
0.59 1106
0.59 1106
0.59 1107
0.59 1107
0.59 1108
0.59 1108
0.59 1109
0.59 1109
0.59 1110
0.59 1110
0.59 1111
0.59 1111
0.59 1112
0.59 1112
0.59 1113
0.59 1113
0.59 1114
0.59 1114
0.59 1115
0.59 1115
0.59 1116
0.59 1116
0.59 1117
0.59 1117
0.59 1118
0.59 1118
0.59 1119
0.59 1119
0.6 1120
0.6 1120
0.6 1121
0.6 1121
0.6 1122
0.6 1122
0.6 1123
0.6 1123
0.6 1124
0.6 1124
0.6 1125
0.6 1125
0.6 1126
0.6 1126
0.6 1127
0.6 1127
0.6 1128
0.6 1128
0.6 1129
0.6 1129
0.6 1130
0.6 1130
0.6 1131
0.6 1131
0.6 1132
0.6 1132
0.6 1133
0.6 1133
0.6 1134
0.6 1134
0.6 1135
0.6 1135
0.6 1136
0.6 1136
0.6 1137
0.6 1137
0.6 1138
0.6 1138
0.61 1139
0.61 1139
0.61 1140
0.61 1140
0.61 1141
0.61 1141
0.61 1142
0.61 1142
0.61 1143
0.61 1143
0.61 1144
0.61 1144
0.61 1145
0.61 1145
0.61 1146
0.61 1146
0.61 1147
0.61 1147
0.61 1148
0.61 1148
0.61 1149
0.61 1149
0.61 1150
0.61 1150
0.61 1151
0.61 1151
0.61 1152
0.61 1152
0.61 1153
0.61 1153
0.61 1154
0.61 1154
0.61 1155
0.61 1155
0.62 1156
0.62 1156
0.62 1157
0.62 1157
0.62 1158
0.62 1158
0.62 1159
0.62 1159
0.62 1160
0.62 1160
0.62 1161
0.62 1161
0.62 1162
0.62 1162
0.62 1163
0.62 1163
0.62 1164
0.62 1164
0.62 1165
0.62 1165
0.62 1166
0.62 1166
0.62 1167
0.62 1167
0.62 1168
0.62 1168
0.62 1169
0.62 1169
0.62 1170
0.62 1170
0.62 1171
0.62 1171
0.62 1172
0.62 1172
0.63 1173
0.63 1173
0.63 1174
0.63 1174
0.63 1175
0.63 1175
0.63 1176
0.63 1176
0.63 1177
0.63 1177
0.63 1178
0.63 1178
0.63 1179
0.63 1179
0.63 1180
0.63 1180
0.63 1181
0.63 1181
0.63 1182
0.63 1182
0.63 1183
0.63 1183
0.63 1184
0.63 1184
0.63 1185
0.63 1185
0.63 1186
0.63 1186
0.63 1187
0.63 1187
0.63 1188
0.63 1188
0.63 1189
0.63 1189
0.63 1190
0.63 1190
0.63 1191
0.63 1191
0.63 1192
0.63 1192
0.64 1193
0.64 1193
0.64 1194
0.64 1194
0.64 1195
0.64 1195
0.64 1196
0.64 1196
0.64 1197
0.64 1197
0.64 1198
0.64 1198
0.64 1199
0.64 1199
0.64 1200
0.64 1200
0.64 1201
0.64 1201
0.64 1202
0.64 1202
0.64 1203
0.64 1203
0.64 1204
0.64 1204
0.64 1205
0.64 1205
0.64 1206
0.64 1206
0.64 1207
0.64 1207
0.64 1208
0.64 1208
0.64 1209
0.64 1209
0.65 1210
0.65 1210
0.65 1211
0.65 1211
0.65 1212
0.65 1212
0.65 1213
0.65 1213
0.65 1214
0.65 1214
0.65 1215
0.65 1215
0.65 1216
0.65 1216
0.65 1217
0.65 1217
0.65 1218
0.65 1218
0.65 1219
0.65 1219
0.65 1220
0.65 1220
0.65 1221
0.65 1221
0.65 1222
0.65 1222
0.65 1223
0.65 1223
0.65 1224
0.65 1224
0.65 1225
0.65 1225
0.66 1226
0.66 1226
0.66 1227
0.66 1227
0.66 1228
0.66 1228
0.66 1229
0.66 1229
0.66 1230
0.66 1230
0.66 1231
0.66 1231
0.66 1232
0.66 1232
0.66 1233
0.66 1233
0.66 1234
0.66 1234
0.66 1235
0.66 1235
0.66 1236
0.66 1236
0.66 1237
0.66 1237
0.66 1238
0.66 1238
0.66 1239
0.66 1239
0.66 1240
0.66 1240
0.66 1241
0.66 1241
0.67 1242
0.67 1242
0.67 1243
0.67 1243
0.67 1244
0.67 1244
0.67 1245
0.67 1245
0.67 1246
0.67 1246
0.67 1247
0.67 1247
0.67 1248
0.67 1248
0.67 1249
0.67 1249
0.67 1250
0.67 1250
0.67 1251
0.67 1251
0.67 1252
0.67 1252
0.67 1253
0.67 1253
0.67 1254
0.67 1254
0.67 1255
0.67 1255
0.67 1256
0.67 1256
0.67 1257
0.67 1257
0.67 1258
0.67 1258
0.68 1259
0.68 1259
0.68 1260
0.68 1260
0.68 1261
0.68 1261
0.68 1262
0.68 1262
0.68 1263
0.68 1263
0.68 1264
0.68 1264
0.68 1265
0.68 1265
0.68 1266
0.68 1266
0.68 1267
0.68 1267
0.68 1268
0.68 1268
0.68 1269
0.68 1269
0.68 1270
0.68 1270
0.68 1271
0.68 1271
0.68 1272
0.68 1272
0.68 1273
0.68 1273
0.68 1274
0.68 1274
0.68 1275
0.68 1275
0.68 1276
0.68 1276
0.68 1277
0.68 1277
0.69 1278
0.69 1278
0.69 1279
0.69 1279
0.69 1280
0.69 1280
0.69 1281
0.69 1281
0.69 1282
0.69 1282
0.69 1283
0.69 1283
0.69 1284
0.69 1284
0.69 1285
0.69 1285
0.69 1286
0.69 1286
0.69 1287
0.69 1287
0.69 1288
0.69 1288
0.69 1289
0.69 1289
0.69 1290
0.69 1290
0.69 1291
0.69 1291
0.69 1292
0.69 1292
0.69 1293
0.69 1293
0.69 1294
0.69 1294
0.69 1295
0.69 1295
0.69 1296
0.69 1296
0.7 1297
0.7 1297
0.7 1298
0.7 1298
0.7 1299
0.7 1299
0.7 1300
0.7 1300
0.7 1301
0.7 1301
0.7 1302
0.7 1302
0.7 1303
0.7 1303
0.7 1304
0.7 1304
0.7 1305
0.7 1305
0.7 1306
0.7 1306
0.7 1307
0.7 1307
0.7 1308
0.7 1308
0.7 1309
0.7 1309
0.7 1310
0.7 1310
0.7 1311
0.7 1311
0.7 1312
0.7 1312
0.7 1313
0.7 1313
0.7 1314
0.7 1314
0.7 1315
0.7 1315
0.71 1316
0.71 1316
0.71 1317
0.71 1317
0.71 1318
0.71 1318
0.71 1319
0.71 1319
0.71 1320
0.71 1320
0.71 1321
0.71 1321
0.71 1322
0.71 1322
0.71 1323
0.71 1323
0.71 1324
0.71 1324
0.71 1325
0.71 1325
0.71 1326
0.71 1326
0.71 1327
0.71 1327
0.71 1328
0.71 1328
0.71 1329
0.71 1329
0.71 1330
0.71 1330
0.71 1331
0.71 1331
0.71 1332
0.71 1332
0.71 1333
0.71 1333
0.71 1334
0.71 1334
0.71 1335
0.71 1335
0.72 1336
0.72 1336
0.72 1337
0.72 1337
0.72 1338
0.72 1338
0.72 1339
0.72 1339
0.72 1340
0.72 1340
0.72 1341
0.72 1341
0.72 1342
0.72 1342
0.72 1343
0.72 1343
0.72 1344
0.72 1344
0.72 1345
0.72 1345
0.72 1346
0.72 1346
0.72 1347
0.72 1347
0.72 1348
0.72 1348
0.72 1349
0.72 1349
0.72 1350
0.72 1350
0.72 1351
0.72 1351
0.72 1352
0.72 1352
0.72 1353
0.72 1353
0.72 1354
0.72 1354
0.73 1355
0.73 1355
0.73 1356
0.73 1356
0.73 1357
0.73 1357
0.73 1358
0.73 1358
0.73 1359
0.73 1359
0.73 1360
0.73 1360
0.73 1361
0.73 1361
0.73 1362
0.73 1362
0.73 1363
0.73 1363
0.73 1364
0.73 1364
0.73 1365
0.73 1365
0.73 1366
0.73 1366
0.73 1367
0.73 1367
0.73 1368
0.73 1368
0.73 1369
0.73 1369
0.73 1370
0.73 1370
0.73 1371
0.73 1371
0.73 1372
0.73 1372
0.73 1373
0.73 1373
0.74 1374
0.74 1374
0.74 1375
0.74 1375
0.74 1376
0.74 1376
0.74 1377
0.74 1377
0.74 1378
0.74 1378
0.74 1379
0.74 1379
0.74 1380
0.74 1380
0.74 1381
0.74 1381
0.74 1382
0.74 1382
0.74 1383
0.74 1383
0.74 1384
0.74 1384
0.74 1385
0.74 1385
0.74 1386
0.74 1386
0.74 1387
0.74 1387
0.74 1388
0.74 1388
0.74 1389
0.74 1389
0.74 1390
0.74 1390
0.74 1391
0.74 1391
0.74 1392
0.74 1392
0.75 1393
0.75 1393
0.75 1394
0.75 1394
0.75 1395
0.75 1395
0.75 1396
0.75 1396
0.75 1397
0.75 1397
0.75 1398
0.75 1398
0.75 1399
0.75 1399
0.75 1400
0.75 1400
0.75 1401
0.75 1401
0.75 1402
0.75 1402
0.75 1403
0.75 1403
0.75 1404
0.75 1404
0.75 1405
0.75 1405
0.75 1406
0.75 1406
0.75 1407
0.75 1407
0.75 1408
0.75 1408
0.75 1409
0.75 1409
0.75 1410
0.75 1410
0.75 1411
0.75 1411
0.75 1412
0.75 1412
0.76 1413
0.76 1413
0.76 1414
0.76 1414
0.76 1415
0.76 1415
0.76 1416
0.76 1416
0.76 1417
0.76 1417
0.76 1418
0.76 1418
0.76 1419
0.76 1419
0.76 1420
0.76 1420
0.76 1421
0.76 1421
0.76 1422
0.76 1422
0.76 1423
0.76 1423
0.76 1424
0.76 1424
0.76 1425
0.76 1425
0.76 1426
0.76 1426
0.76 1427
0.76 1427
0.76 1428
0.76 1428
0.76 1429
0.76 1429
0.76 1430
0.76 1430
0.76 1431
0.76 1431
0.77 1432
0.77 1432
0.77 1433
0.77 1433
0.77 1434
0.77 1434
0.77 1435
0.77 1435
0.77 1436
0.77 1436
0.77 1437
0.77 1437
0.77 1438
0.77 1438
0.77 1439
0.77 1439
0.77 1440
0.77 1440
0.77 1441
0.77 1441
0.77 1442
0.77 1442
0.77 1443
0.77 1443
0.77 1444
0.77 1444
0.77 1445
0.77 1445
0.77 1446
0.77 1446
0.77 1447
0.77 1447
0.77 1448
0.77 1448
0.77 1449
0.77 1449
0.78 1450
0.78 1450
0.78 1451
0.78 1451
0.78 1452
0.78 1452
0.78 1453
0.78 1453
0.78 1454
0.78 1454
0.78 1455
0.78 1455
0.78 1456
0.78 1456
0.78 1457
0.78 1457
0.78 1458
0.78 1458
0.78 1459
0.78 1459
0.78 1460
0.78 1460
0.78 1461
0.78 1461
0.78 1462
0.78 1462
0.78 1463
0.78 1463
0.78 1464
0.78 1464
0.78 1465
0.78 1465
0.78 1466
0.78 1466
0.78 1467
0.78 1467
0.78 1468
0.78 1468
0.78 1469
0.78 1469
0.79 1470
0.79 1470
0.79 1471
0.79 1471
0.79 1472
0.79 1472
0.79 1473
0.79 1473
0.79 1474
0.79 1474
0.79 1475
0.79 1475
0.79 1476
0.79 1476
0.79 1477
0.79 1477
0.79 1478
0.79 1478
0.79 1479
0.79 1479
0.79 1480
0.79 1480
0.79 1481
0.79 1481
0.79 1482
0.79 1482
0.79 1483
0.79 1483
0.79 1484
0.79 1484
0.79 1485
0.79 1485
0.79 1486
0.79 1486
0.79 1487
0.79 1487
0.79 1488
0.79 1488
0.8 1489
0.8 1489
0.8 1490
0.8 1490
0.8 1491
0.8 1491
0.8 1492
0.8 1492
0.8 1493
0.8 1493
0.8 1494
0.8 1494
0.8 1495
0.8 1495
0.8 1496
0.8 1496
0.8 1497
0.8 1497
0.8 1498
0.8 1498
0.8 1499
0.8 1499
0.8 1500
0.8 1500
0.8 1501
0.8 1501
0.8 1502
0.8 1502
0.8 1503
0.8 1503
0.8 1504
0.8 1504
0.8 1505
0.8 1505
0.8 1506
0.8 1506
0.8 1507
0.8 1507
0.8 1508
0.8 1508
0.81 1509
0.81 1509
0.81 1510
0.81 1510
0.81 1511
0.81 1511
0.81 1512
0.81 1512
0.81 1513
0.81 1513
0.81 1514
0.81 1514
0.81 1515
0.81 1515
0.81 1516
0.81 1516
0.81 1517
0.81 1517
0.81 1518
0.81 1518
0.81 1519
0.81 1519
0.81 1520
0.81 1520
0.81 1521
0.81 1521
0.81 1522
0.81 1522
0.81 1523
0.81 1523
0.81 1524
0.81 1524
0.81 1525
0.81 1525
0.81 1526
0.81 1526
0.81 1527
0.81 1527
0.82 1528
0.82 1528
0.82 1529
0.82 1529
0.82 1530
0.82 1530
0.82 1531
0.82 1531
0.82 1532
0.82 1532
0.82 1533
0.82 1533
0.82 1534
0.82 1534
0.82 1535
0.82 1535
0.82 1536
0.82 1536
0.82 1537
0.82 1537
0.82 1538
0.82 1538
0.82 1539
0.82 1539
0.82 1540
0.82 1540
0.82 1541
0.82 1541
0.82 1542
0.82 1542
0.82 1543
0.82 1543
0.82 1544
0.82 1544
0.82 1545
0.82 1545
0.82 1546
0.82 1546
0.82 1547
0.82 1547
0.83 1548
0.83 1548
0.83 1549
0.83 1549
0.83 1550
0.83 1550
0.83 1551
0.83 1551
0.83 1552
0.83 1552
0.83 1553
0.83 1553
0.83 1554
0.83 1554
0.83 1555
0.83 1555
0.83 1556
0.83 1556
0.83 1557
0.83 1557
0.83 1558
0.83 1558
0.83 1559
0.83 1559
0.83 1560
0.83 1560
0.83 1561
0.83 1561
0.83 1562
0.83 1562
0.83 1563
0.83 1563
0.83 1564
0.83 1564
0.83 1565
0.83 1565
0.83 1566
0.83 1566
0.83 1567
0.83 1567
0.84 1568
0.84 1568
0.84 1569
0.84 1569
0.84 1570
0.84 1570
0.84 1571
0.84 1571
0.84 1572
0.84 1572
0.84 1573
0.84 1573
0.84 1574
0.84 1574
0.84 1575
0.84 1575
0.84 1576
0.84 1576
0.84 1577
0.84 1577
0.84 1578
0.84 1578
0.84 1579
0.84 1579
0.84 1580
0.84 1580
0.84 1581
0.84 1581
0.84 1582
0.84 1582
0.84 1583
0.84 1583
0.84 1584
0.84 1584
0.84 1585
0.84 1585
0.84 1586
0.84 1586
0.85 1587
0.85 1587
0.85 1588
0.85 1588
0.85 1589
0.85 1589
0.85 1590
0.85 1590
0.85 1591
0.85 1591
0.85 1592
0.85 1592
0.85 1593
0.85 1593
0.85 1594
0.85 1594
0.85 1595
0.85 1595
0.85 1596
0.85 1596
0.85 1597
0.85 1597
0.85 1598
0.85 1598
0.85 1599
0.85 1599
0.85 1600
0.85 1600
0.85 1601
0.85 1601
0.85 1602
0.85 1602
0.85 1603
0.85 1603
0.85 1604
0.85 1604
0.85 1605
0.85 1605
0.86 1606
0.86 1606
0.86 1607
0.86 1607
0.86 1608
0.86 1608
0.86 1609
0.86 1609
0.86 1610
0.86 1610
0.86 1611
0.86 1611
0.86 1612
0.86 1612
0.86 1613
0.86 1613
0.86 1614
0.86 1614
0.86 1615
0.86 1615
0.86 1616
0.86 1616
0.86 1617
0.86 1617
0.86 1618
0.86 1618
0.86 1619
0.86 1619
0.86 1620
0.86 1620
0.86 1621
0.86 1621
0.86 1622
0.86 1622
0.86 1623
0.86 1623
0.86 1624
0.86 1624
0.87 1625
0.87 1625
0.87 1626
0.87 1626
0.87 1627
0.87 1627
0.87 1628
0.87 1628
0.87 1629
0.87 1629
0.87 1630
0.87 1630
0.87 1631
0.87 1631
0.87 1632
0.87 1632
0.87 1633
0.87 1633
0.87 1634
0.87 1634
0.87 1635
0.87 1635
0.87 1636
0.87 1637
0.87 1638
0.87 1639
0.87 1640
0.87 1641
0.87 1642
0.87 1643
0.88 1644
0.88 1645
0.88 1646
0.88 1647
0.88 1648
0.88 1649
0.88 1650
0.88 1651
0.88 1652
0.88 1653
0.88 1654
0.88 1655
0.88 1656
0.88 1657
0.88 1658
0.88 1659
0.88 1660
0.88 1661
0.89 1662
0.89 1663
0.89 1664
0.89 1665
0.89 1666
0.89 1667
0.89 1668
0.89 1669
0.89 1670
0.89 1671
0.89 1672
0.89 1673
0.89 1674
0.89 1675
0.89 1676
0.89 1677
0.89 1678
0.89 1679
0.9 1680
0.9 1681
0.9 1682
0.9 1683
0.9 1684
0.9 1685
0.9 1686
0.9 1687
0.9 1688
0.9 1689
0.9 1690
0.9 1691
0.9 1692
0.9 1693
0.9 1694
0.9 1695
0.9 1696
0.91 1697
0.91 1698
0.91 1699
0.91 1700
0.91 1701
0.91 1702
0.91 1703
0.91 1704
0.91 1705
0.91 1706
0.91 1707
0.91 1708
0.91 1709
0.91 1710
0.91 1711
0.91 1712
0.92 1713
0.92 1714
0.92 1715
0.92 1716
0.92 1717
0.92 1718
0.92 1719
0.92 1720
0.92 1721
0.92 1722
0.92 1723
0.92 1724
0.92 1725
0.92 1726
0.92 1727
0.92 1728
0.92 1729
0.92 1730
0.93 1731
0.93 1732
0.93 1733
0.93 1734
0.93 1735
0.93 1736
0.93 1737
0.93 1738
0.93 1739
0.93 1740
0.93 1741
0.93 1742
0.93 1743
0.93 1744
0.93 1745
0.93 1746
0.93 1747
0.93 1748
0.93 1749
0.93 1750
0.94 1751
0.94 1752
0.94 1753
0.94 1754
0.94 1755
0.94 1756
0.94 1757
0.94 1758
0.94 1759
0.94 1760
0.94 1761
0.94 1762
0.94 1763
0.94 1764
0.94 1765
0.94 1766
0.94 1767
0.94 1768
0.94 1769
0.95 1770
0.95 1771
0.95 1772
0.95 1773
0.95 1774
0.95 1775
0.95 1776
0.95 1777
0.95 1778
0.95 1779
0.95 1780
0.95 1781
0.95 1782
0.95 1783
0.95 1784
0.95 1785
0.95 1786
0.95 1787
0.95 1788
0.95 1789
0.96 1790
0.96 1791
0.96 1792
0.96 1793
0.96 1794
0.96 1795
0.96 1796
0.96 1797
0.96 1798
0.96 1799
0.96 1800
0.96 1801
0.96 1802
0.96 1803
0.96 1804
0.96 1805
0.96 1806
0.96 1807
0.96 1808
0.96 1809
0.97 1810
0.97 1811
0.97 1812
0.97 1813
0.97 1814
0.97 1815
0.97 1816
0.97 1817
0.97 1818
0.97 1819
0.97 1820
0.97 1821
0.97 1822
0.97 1823
0.97 1824
0.97 1825
0.97 1826
0.97 1827
0.97 1828
0.97 1829
0.98 1830
0.98 1831
0.98 1832
0.98 1833
0.98 1834
0.98 1835
0.98 1836
0.98 1837
0.98 1838
0.98 1839
0.98 1840
0.98 1841
0.98 1842
0.98 1843
0.98 1844
0.98 1845
0.98 1846
0.98 1847
0.98 1848
0.99 1849
0.99 1850
0.99 1851
0.99 1852
0.99 1853
0.99 1854
0.99 1855
0.99 1856
0.99 1857
0.99 1858
0.99 1859
0.99 1860
0.99 1861
0.99 1862
0.99 1863
0.99 1864
0.99 1865
0.99 1866
0.99 1867
0.99 1868
1.0 1869
1.0 1870
1.0 1871
1.0 1872
1.0 1873
1.0 1874
1.0 1875
1.0 1876
1.0 1877
1.0 1878
1.0 1879
1.0 1880
1.0 1881
1.0 1882
1.0 1883
1.0 1884
1.0 1885
1.0 1886
1.0 1887
1.0 1888
1.01 1889
1.01 1890
1.01 1891
1.01 1892
1.01 1893
1.01 1894
1.01 1895
1.01 1896
1.01 1897
1.01 1898
1.01 1899
1.01 1900
1.01 1901
1.01 1902
1.01 1903
1.01 1904
1.01 1905
1.01 1906
1.01 1907
1.01 1908
1.02 1909
1.02 1910
1.02 1911
1.02 1912
1.02 1913
1.02 1914
1.02 1915
1.02 1916
1.02 1917
1.02 1918
1.02 1919
1.02 1920
1.02 1921
1.02 1922
1.02 1923
1.02 1924
1.02 1925
1.02 1926
1.02 1927
1.02 1928
1.03 1929
1.03 1930
1.03 1931
1.03 1932
1.03 1933
1.03 1934
1.03 1935
1.03 1936
1.03 1937
1.03 1938
1.03 1939
1.03 1940
1.03 1941
1.03 1942
1.03 1943
1.03 1944
1.03 1945
1.03 1946
1.03 1947
1.03 1948
1.04 1949
1.04 1950
1.04 1951
1.04 1952
1.04 1953
1.04 1954
1.04 1955
1.04 1956
1.04 1957
1.04 1958
1.04 1959
1.04 1960
1.04 1961
1.04 1962
1.04 1963
1.04 1964
1.04 1965
1.04 1966
1.04 1967
1.05 1968
1.05 1969
1.05 1970
1.05 1971
1.05 1972
1.05 1973
1.05 1974
1.05 1975
1.05 1976
1.05 1977
1.05 1978
1.05 1979
1.05 1980
1.05 1981
1.05 1982
1.05 1983
1.05 1984
1.05 1985
1.05 1986
1.05 1987
1.06 1988
1.06 1989
1.06 1990
1.06 1991
1.06 1992
1.06 1993
1.06 1994
1.06 1995
1.06 1996
1.06 1997
1.06 1998
1.06 1999
1.06 2000
1.06 2001
1.06 2002
1.06 2003
1.06 2004
1.06 2005
1.06 2006
1.06 2007
1.07 2008
1.07 2009
1.07 2010
1.07 2011
1.07 2012
1.07 2013
1.07 2014
1.07 2015
1.07 2016
1.07 2017
1.07 2018
1.07 2019
1.07 2020
1.07 2021
1.07 2022
1.07 2023
1.07 2024
1.07 2025
1.07 2026
1.07 2027
1.07 2028
1.08 2029
1.08 2030
1.08 2031
1.08 2032
1.08 2033
1.08 2034
1.08 2035
1.08 2036
1.08 2037
1.08 2038
1.08 2039
1.08 2040
1.08 2041
1.08 2042
1.08 2043
1.08 2044
1.08 2045
1.08 2046
1.08 2047
1.08 2048
1.09 2049
1.09 2050
1.09 2051
1.09 2052
1.09 2053
1.09 2054
1.09 2055
1.09 2056
1.09 2057
1.09 2058
1.09 2059
1.09 2060
1.09 2061
1.09 2062
1.09 2063
1.09 2064
1.09 2065
1.09 2066
1.09 2067
1.1 2068
1.1 2069
1.1 2070
1.1 2071
1.1 2072
1.1 2073
1.1 2074
1.1 2075
1.1 2076
1.1 2077
1.1 2078
1.1 2079
1.1 2080
1.1 2081
1.1 2082
1.1 2083
1.1 2084
1.1 2085
1.1 2086
1.1 2087
1.1 2088
1.11 2089
1.11 2090
1.11 2091
1.11 2092
1.11 2093
1.11 2094
1.11 2095
1.11 2096
1.11 2097
1.11 2098
1.11 2099
1.11 2100
1.11 2101
1.11 2102
1.11 2103
1.11 2104
1.11 2105
1.11 2106
1.11 2107
1.12 2108
1.12 2109
1.12 2110
1.12 2111
1.12 2112
1.12 2113
1.12 2114
1.12 2115
1.12 2116
1.12 2117
1.12 2118
1.12 2119
1.12 2120
1.12 2121
1.12 2122
1.12 2123
1.12 2124
1.12 2125
1.12 2126
1.12 2127
1.13 2128
1.13 2129
1.13 2130
1.13 2131
1.13 2132
1.13 2133
1.13 2134
1.13 2135
1.13 2136
1.13 2137
1.13 2138
1.13 2139
1.13 2140
1.13 2141
1.13 2142
1.13 2143
1.13 2144
1.13 2145
1.13 2146
1.13 2147
1.14 2148
1.14 2149
1.14 2150
1.14 2151
1.14 2152
1.14 2153
1.14 2154
1.14 2155
1.14 2156
1.14 2157
1.14 2158
1.14 2159
1.14 2160
1.14 2161
1.14 2162
1.14 2163
1.15 2164
1.15 2165
1.15 2166
1.15 2167
1.15 2168
1.15 2169
1.15 2170
1.15 2171
1.15 2172
1.15 2173
1.15 2174
1.15 2175
1.15 2176
1.15 2177
1.15 2178
1.15 2179
1.15 2180
1.15 2181
1.16 2182
1.16 2183
1.16 2184
1.16 2185
1.16 2186
1.16 2187
1.16 2188
1.16 2189
1.16 2190
1.16 2191
1.16 2192
1.16 2193
1.16 2194
1.16 2195
1.16 2196
1.16 2197
1.16 2198
1.16 2199
1.17 2200
1.17 2201
1.17 2202
1.17 2203
1.17 2204
1.17 2205
1.17 2206
1.17 2207
1.17 2208
1.17 2209
1.17 2210
1.17 2211
1.17 2212
1.17 2213
1.17 2214
1.17 2215
1.17 2216
1.18 2217
1.18 2218
1.18 2219
1.18 2220
1.18 2221
1.18 2222
1.18 2223
1.18 2224
1.18 2225
1.18 2226
1.18 2227
1.18 2228
1.18 2229
1.18 2230
1.18 2231
1.18 2232
1.18 2233
1.18 2234
1.19 2235
1.19 2236
1.19 2237
1.19 2238
1.19 2239
1.19 2240
1.19 2241
1.19 2242
1.19 2243
1.19 2244
1.19 2245
1.19 2246
1.19 2247
1.19 2248
1.19 2249
1.19 2250
1.19 2251
1.19 2252
1.19 2253
1.19 2254
1.2 2255
1.2 2256
1.2 2257
1.2 2258
1.2 2259
1.2 2260
1.2 2261
1.2 2262
1.2 2263
1.2 2264
1.2 2265
1.2 2266
1.2 2267
1.2 2268
1.2 2269
1.2 2270
1.2 2271
1.2 2272
1.2 2273
1.2 2274
1.21 2275
1.21 2276
1.21 2277
