0.0 2
0.0 3
0.0 4
0.0 5
0.0 6
0.01 7
0.01 8
0.01 9
0.01 10
0.01 11
0.01 12
0.01 13
0.01 14
0.01 15
0.01 16
0.01 17
0.01 18
0.01 19
0.02 20
0.02 21
0.02 22
0.02 23
0.02 24
0.02 25
0.02 26
0.02 27
0.02 28
0.02 29
0.02 30
0.02 31
0.02 32
0.03 33
0.03 34
0.03 35
0.03 36
0.03 37
0.03 38
0.03 39
0.03 40
0.03 41
0.03 42
0.03 43
0.03 44
0.03 45
0.04 46
0.04 47
0.04 48
0.04 49
0.04 50
0.04 51
0.04 52
0.04 53
0.04 54
0.04 55
0.04 56
0.04 57
0.04 58
0.04 59
0.05 60
0.05 61
0.05 62
0.05 63
0.05 64
0.05 65
0.05 66
0.05 67
0.05 68
0.05 69
0.05 70
0.05 71
0.05 72
0.06 73
0.06 74
0.06 75
0.06 76
0.06 77
0.06 78
0.06 79
0.06 80
0.06 81
0.06 82
0.06 83
0.06 84
0.06 85
0.07 86
0.07 87
0.07 88
0.07 89
0.07 90
0.07 91
0.07 92
0.07 93
0.07 94
0.07 95
0.07 96
0.07 97
0.07 98
0.08 99
0.08 100
0.08 101
0.08 102
0.08 103
0.08 104
0.08 105
0.08 106
0.08 107
0.08 108
0.08 109
0.08 110
0.08 111
0.09 112
0.09 113
0.09 114
0.09 115
0.09 116
0.09 117
0.09 118
0.09 119
0.09 120
0.09 121
0.09 122
0.09 123
0.09 124
0.09 125
0.1 126
0.1 127
0.1 128
0.1 129
0.1 130
0.1 131
0.1 132
0.1 133
0.1 134
0.1 135
0.1 136
0.1 137
0.1 138
0.11 139
0.11 140
0.11 141
0.11 142
0.11 143
0.11 144
0.11 145
0.11 146
0.11 147
0.11 148
0.11 149
0.11 150
0.11 151
0.12 152
0.12 153
0.12 154
0.12 155
0.12 156
0.12 157
0.12 158
0.12 159
0.12 160
0.12 161
0.12 162
0.12 163
0.12 164
0.13 165
0.13 166
0.13 167
0.13 168
0.13 169
0.13 170
0.13 171
0.13 172
0.13 173
0.13 174
0.13 175
0.13 176
0.13 177
0.13 178
0.14 179
0.14 180
0.14 181
0.14 182
0.14 183
0.14 184
0.14 185
0.14 186
0.14 187
0.14 188
0.14 189
0.14 190
0.14 191
0.15 192
0.15 193
0.15 194
0.15 195
0.15 196
0.15 197
0.15 198
0.15 199
0.15 200
0.15 201
0.15 202
0.15 203
0.15 204
0.16 205
0.16 206
0.16 207
0.16 208
0.16 209
0.16 210
0.16 211
0.16 212
0.16 213
0.16 214
0.16 215
0.16 216
0.16 217
0.17 218
0.17 219
0.17 220
0.17 221
0.17 222
0.17 223
0.17 224
0.17 225
0.17 226
0.17 227
0.17 228
0.17 229
0.17 230
0.18 231
0.18 232
0.18 233
0.18 234
0.18 235
0.18 236
0.18 237
0.18 238
0.18 239
0.18 240
0.18 241
0.18 242
0.19 243
0.19 244
0.19 245
0.19 246
0.19 247
0.19 248
0.19 249
0.19 250
0.19 251
0.19 252
0.19 253
0.19 254
0.2 255
0.2 256
0.2 257
0.2 258
0.2 259
0.2 260
0.2 261
0.2 262
0.2 263
0.2 264
0.2 265
0.2 266
0.2 267
0.21 268
0.21 269
0.21 270
0.21 271
0.21 272
0.21 273
0.21 274
0.21 275
0.21 276
0.21 277
0.21 278
0.21 279
0.21 280
0.22 281
0.22 282
0.22 283
0.22 284
0.22 285
0.22 286
0.22 287
0.22 288
0.22 289
0.22 290
0.22 291
0.22 292
0.22 293
0.23 294
0.23 295
0.23 296
0.23 297
0.23 298
0.23 299
0.23 300
0.23 301
0.23 302
0.23 303
0.23 304
0.23 305
0.23 306
0.24 307
0.24 308
0.24 309
0.24 310
0.24 311
0.24 312
0.24 313
0.24 314
0.24 315
0.24 316
0.24 317
0.24 318
0.24 319
0.25 320
0.25 321
0.25 322
0.25 323
0.25 324
0.25 325
0.25 326
0.25 327
0.25 328
0.25 329
0.25 330
0.25 331
0.25 332
0.26 333
0.26 334
0.26 335
0.26 336
0.26 337
0.26 338
0.26 339
0.26 340
0.26 341
0.26 342
0.26 343
0.26 344
0.26 345
0.27 346
0.27 347
0.27 348
0.27 349
0.27 350
0.27 351
0.27 352
0.27 353
0.27 354
0.27 355
0.27 356
0.27 357
0.27 358
0.28 359
0.28 360
0.28 361
0.28 362
0.28 363
0.28 364
0.28 365
0.28 366
0.28 367
0.28 368
0.28 369
0.28 370
0.28 371
0.28 372
0.29 373
0.29 374
0.29 375
0.29 376
0.29 377
0.29 378
0.29 379
0.29 380
0.29 381
0.29 382
0.29 383
0.29 384
0.29 385
0.3 386
0.3 387
0.3 388
0.3 389
0.3 390
0.3 391
0.3 392
0.3 393
0.3 394
0.3 395
0.3 396
0.3 397
0.3 398
0.31 399
0.31 400
0.31 401
0.31 402
0.31 403
0.31 404
0.31 405
0.31 406
0.31 407
0.31 408
0.31 409
0.31 410
0.31 411
0.32 412
0.32 413
0.32 414
0.32 415
0.32 416
0.32 417
0.32 418
0.32 419
0.32 420
0.32 421
0.32 422
0.32 423
0.32 424
0.32 425
0.33 426
0.33 427
0.33 428
0.33 429
0.33 430
0.33 431
0.33 432
0.33 433
0.33 434
0.33 435
0.33 436
0.33 437
0.33 438
0.34 439
0.34 440
0.34 441
0.34 442
0.34 443
0.34 444
0.34 445
0.34 446
0.34 447
0.34 448
0.34 449
0.34 450
0.34 451
0.35 452
0.35 453
0.35 454
0.35 455
0.35 456
0.35 457
0.35 458
0.35 459
0.35 460
0.35 461
0.35 462
0.35 463
0.35 464
0.36 465
0.36 466
0.36 467
0.36 468
0.36 469
0.36 470
0.36 471
0.36 472
0.36 473
0.36 474
0.36 475
0.36 476
0.36 477
0.37 478
0.37 479
0.37 480
0.37 481
0.37 482
0.37 483
0.37 484
0.37 485
0.37 486
0.37 487
0.37 488
0.37 489
0.37 490
0.38 491
0.38 492
0.38 493
0.38 494
0.38 495
0.38 496
0.38 497
0.38 498
0.38 499
0.38 500
0.38 501
0.38 502
0.38 503
0.39 504
0.39 505
0.39 506
0.39 507
0.39 508
0.39 509
0.39 510
0.39 511
0.39 512
0.39 513
0.39 514
0.39 515
0.39 516
0.4 517
0.4 518
0.4 519
0.4 520
0.4 521
0.4 522
0.4 523
0.4 524
0.4 525
0.4 526
0.4 527
0.4 528
0.4 529
0.41 530
0.41 531
0.41 532
0.41 533
0.41 534
0.41 535
0.41 536
0.41 537
0.41 538
0.41 539
0.41 540
0.41 541
0.41 542
0.41 543
0.42 544
0.42 545
0.42 546
0.42 547
0.42 548
0.42 549
0.42 550
0.42 551
0.42 552
0.42 553
0.42 554
0.42 555
0.42 556
0.43 557
0.43 558
0.43 559
0.43 560
0.43 561
0.43 562
0.43 563
0.43 564
0.43 565
0.43 566
0.43 567
0.43 568
0.43 569
0.44 570
0.44 571
0.44 572
0.44 573
0.44 574
0.44 575
0.44 576
0.44 577
0.44 578
0.44 579
0.44 580
0.44 581
0.44 582
0.45 583
0.45 584
0.45 585
0.45 586
0.45 587
0.45 588
0.45 589
0.45 590
0.45 591
0.45 592
0.45 593
0.45 594
0.45 595
0.46 596
0.46 597
0.46 598
0.46 599
0.46 600
0.46 601
0.46 602
0.46 603
0.46 604
0.46 605
0.46 606
0.46 607
0.47 608
0.47 609
0.47 610
0.47 611
0.47 612
0.47 613
0.47 614
0.47 615
0.47 616
0.47 617
0.47 618
0.47 619
0.47 620
0.48 621
0.48 622
0.48 623
0.48 624
0.48 625
0.48 626
0.48 627
0.48 628
0.48 629
0.48 630
0.48 631
0.49 632
0.49 633
0.49 634
0.49 635
0.49 636
0.49 637
0.49 638
0.49 639
0.49 640
0.49 641
0.49 642
0.49 643
0.49 644
0.5 645
0.5 646
0.5 647
0.5 648
0.5 649
0.5 650
0.5 651
0.5 652
0.5 653
0.5 654
0.5 655
0.5 656
0.51 657
0.51 658
0.51 659
0.51 660
0.51 661
0.51 662
0.51 663
0.51 664
0.51 665
0.51 666
0.51 667
0.51 668
0.51 669
0.52 670
0.52 671
0.52 672
0.52 673
0.52 674
0.52 675
0.52 676
0.52 677
0.52 678
0.52 679
0.52 680
0.52 681
0.52 682
0.53 683
0.53 684
0.53 685
0.53 686
0.53 687
0.53 688
0.53 689
0.53 690
0.53 691
0.53 692
0.53 693
0.53 694
0.53 695
0.54 696
0.54 697
0.54 698
0.54 699
0.54 700
0.54 701
0.54 702
0.54 703
0.54 704
0.54 705
0.54 706
0.54 707
0.54 708
0.55 709
0.55 710
0.55 711
0.55 712
0.55 713
0.55 714
0.55 715
0.55 716
0.55 717
0.55 718
0.55 719
0.55 720
0.55 721
0.56 722
0.56 723
0.56 724
0.56 725
0.56 726
0.56 727
0.56 728
0.56 729
0.56 730
0.56 731
0.56 732
0.56 733
0.56 734
0.57 735
0.57 736
0.57 737
0.57 738
0.57 739
0.57 740
0.57 741
0.57 742
0.57 743
0.57 744
0.57 745
0.57 746
0.57 747
0.58 748
0.58 749
0.58 750
0.58 751
0.58 752
0.58 753
0.58 754
0.58 755
0.58 756
0.58 757
0.58 758
0.58 759
0.58 760
0.59 761
0.59 762
0.59 763
0.59 764
0.59 765
0.59 766
0.59 767
0.59 768
0.59 769
0.59 770
0.59 771
0.59 772
0.59 773
0.6 774
0.6 775
0.6 776
0.6 777
0.6 778
0.6 779
0.6 780
0.6 781
0.6 782
0.6 783
0.6 784
0.6 785
0.6 786
0.61 787
0.61 788
0.61 789
0.61 790
0.61 791
0.61 792
0.61 793
0.61 794
0.61 795
0.61 796
0.61 797
0.61 798
0.61 799
0.62 800
0.62 801
0.62 802
0.62 803
0.62 804
0.62 805
0.62 806
0.62 807
0.62 808
0.62 809
0.62 810
0.62 811
0.62 812
0.63 813
0.63 814
0.63 815
0.63 816
0.63 817
0.63 818
0.63 819
0.63 820
0.63 821
0.63 822
0.63 823
0.63 824
0.63 825
0.64 826
0.64 827
0.64 828
0.64 829
0.64 830
0.64 831
0.64 832
0.64 833
0.64 834
0.64 835
0.64 836
0.64 837
0.64 838
0.64 839
0.65 840
0.65 841
0.65 842
0.65 843
0.65 844
0.65 845
0.65 846
0.65 847
0.65 848
0.65 849
0.65 850
0.65 851
0.66 852
0.66 853
0.66 854
0.66 855
0.66 856
0.66 857
0.66 858
0.66 859
0.66 860
0.66 861
0.66 862
0.66 863
0.66 864
0.67 865
0.67 866
0.67 867
0.67 868
0.67 869
0.67 870
0.67 871
0.67 872
0.67 873
0.67 874
0.67 875
0.67 876
0.67 877
0.68 878
0.68 879
0.68 880
0.68 881
0.68 882
0.68 883
0.68 884
0.68 885
0.68 886
0.68 887
0.68 888
0.68 889
0.68 890
0.69 891
0.69 892
0.69 893
0.69 894
0.69 895
0.69 896
0.69 897
0.69 898
0.69 899
0.69 900
0.69 901
0.69 902
0.69 903
0.7 904
0.7 905
0.7 906
0.7 907
0.7 908
0.7 909
0.7 910
0.7 911
0.7 912
0.7 913
0.7 914
0.7 915
0.7 916
0.71 917
0.71 918
0.71 919
0.71 920
0.71 921
0.71 922
0.71 923
0.71 924
0.71 925
0.71 926
0.71 927
0.71 928
0.71 929
0.72 930
0.72 931
0.72 932
0.72 933
0.72 934
0.72 935
0.72 936
0.72 937
0.72 938
0.72 939
0.72 940
0.72 941
0.73 942
0.73 943
0.73 944
0.73 945
0.73 946
0.73 947
0.73 948
0.73 949
0.73 950
0.73 951
0.73 952
0.73 953
0.73 954
0.74 955
0.74 956
0.74 957
0.74 958
0.74 959
0.74 960
0.74 961
0.74 962
0.74 963
0.74 964
0.74 965
0.74 966
0.74 967
0.75 968
0.75 969
0.75 970
0.75 971
0.75 972
0.75 973
0.75 974
0.75 975
0.75 976
0.75 977
0.75 978
0.75 979
0.76 980
0.76 981
0.76 982
0.76 983
0.76 984
0.76 985
0.76 986
0.76 987
0.76 988
0.76 989
0.76 990
0.76 991
0.76 992
0.77 993
0.77 994
0.77 995
0.77 996
0.77 997
0.77 998
0.77 999
0.77 1000
0.77 1001
0.77 1002
0.77 1003
0.77 1004
0.77 1005
0.78 1006
0.78 1007
0.78 1008
0.78 1009
0.78 1010
0.78 1011
0.78 1012
0.78 1013
0.78 1014
0.78 1015
0.78 1016
0.78 1017
0.78 1018
0.79 1019
0.79 1020
0.79 1021
0.79 1022
0.79 1023
0.79 1024
0.79 1025
0.79 1026
0.79 1027
0.79 1028
0.79 1029
0.79 1030
0.79 1031
0.8 1032
0.8 1033
0.8 1034
0.8 1035
0.8 1036
0.8 1037
0.8 1038
0.8 1039
0.8 1040
0.8 1041
0.8 1042
0.8 1043
0.8 1044
0.81 1045
0.81 1046
0.81 1047
0.81 1048
0.81 1049
0.81 1050
0.81 1051
0.81 1052
0.81 1053
0.81 1054
0.81 1055
0.81 1056
0.81 1057
0.82 1058
0.82 1059
0.82 1060
0.82 1061
0.82 1062
0.82 1063
0.82 1064
0.82 1065
0.82 1066
0.82 1067
0.82 1068
0.82 1069
0.83 1070
0.83 1071
0.83 1072
0.83 1073
0.83 1074
0.83 1075
0.83 1076
0.83 1077
0.83 1078
0.83 1079
0.83 1080
0.83 1081
0.83 1082
0.83 1083
0.84 1084
0.84 1085
0.84 1086
0.84 1087
0.84 1088
0.84 1089
0.84 1090
0.84 1091
0.84 1092
0.84 1093
0.84 1094
0.84 1095
0.84 1096
0.85 1097
0.85 1098
0.85 1099
0.85 1100
0.85 1101
0.85 1102
0.85 1103
0.85 1104
0.85 1105
0.85 1106
0.85 1107
0.85 1108
0.85 1109
0.86 1110
0.86 1111
0.86 1112
0.86 1113
0.86 1114
0.86 1115
0.86 1116
0.86 1117
0.86 1118
0.86 1119
0.86 1120
0.86 1121
0.86 1122
0.87 1123
0.87 1124
0.87 1125
0.87 1126
0.87 1127
0.87 1128
0.87 1129
0.87 1130
0.87 1131
0.87 1132
0.87 1133
0.87 1134
0.87 1135
0.88 1136
0.88 1137
0.88 1138
0.88 1139
0.88 1140
0.88 1141
0.88 1142
0.88 1143
0.88 1144
0.88 1145
0.88 1146
0.88 1147
0.88 1148
0.89 1149
0.89 1150
0.89 1151
0.89 1152
0.89 1153
0.89 1154
0.89 1155
0.89 1156
0.89 1157
0.89 1158
0.89 1159
0.89 1160
0.89 1161
0.9 1162
0.9 1163
0.9 1164
0.9 1165
0.9 1166
0.9 1167
0.9 1168
0.9 1169
0.9 1170
0.9 1171
0.9 1172
0.9 1173
0.9 1174
0.91 1175
0.91 1176
0.91 1177
0.91 1178
0.91 1179
0.91 1180
0.91 1181
0.91 1182
0.91 1183
0.91 1184
0.91 1185
0.91 1186
0.91 1187
0.92 1188
0.92 1189
0.92 1190
0.92 1191
0.92 1192
0.92 1193
0.92 1194
0.92 1195
0.92 1196
0.92 1197
0.92 1198
0.92 1199
0.92 1200
0.93 1201
0.93 1202
0.93 1203
0.93 1204
0.93 1205
0.93 1206
0.93 1207
0.93 1208
0.93 1209
0.93 1210
0.93 1211
0.93 1212
0.93 1213
0.94 1214
0.94 1215
0.94 1216
0.94 1217
0.94 1218
0.94 1219
0.94 1220
0.94 1221
0.94 1222
0.94 1223
0.94 1224
0.94 1225
0.94 1226
0.95 1227
0.95 1228
0.95 1229
0.95 1230
0.95 1231
0.95 1232
0.95 1233
0.95 1234
0.95 1235
0.95 1236
0.95 1237
0.95 1238
0.95 1239
0.96 1240
0.96 1241
0.96 1242
0.96 1243
0.96 1244
0.96 1245
0.96 1246
0.96 1247
0.96 1248
0.96 1249
0.96 1250
0.96 1251
0.96 1252
0.97 1253
0.97 1254
0.97 1255
0.97 1256
0.97 1257
0.97 1258
0.97 1259
0.97 1260
0.97 1261
0.97 1262
0.97 1263
0.97 1264
0.97 1265
0.98 1266
0.98 1267
0.98 1268
0.98 1269
0.98 1270
0.98 1271
0.98 1272
0.98 1273
0.98 1274
0.98 1275
0.98 1276
0.98 1277
0.98 1278
0.99 1279
0.99 1280
0.99 1281
0.99 1282
0.99 1283
0.99 1284
0.99 1285
0.99 1286
0.99 1287
0.99 1288
0.99 1289
0.99 1290
0.99 1291
1.0 1292
1.0 1293
1.0 1294
1.0 1295
1.0 1296
1.0 1297
1.0 1298
1.0 1299
1.0 1300
1.0 1301
1.0 1302
1.0 1303
1.01 1304
1.01 1305
1.01 1306
1.01 1307
1.01 1308
1.01 1309
1.01 1310
1.01 1311
1.01 1312
1.01 1313
1.01 1314
1.01 1315
1.01 1316
1.02 1317
1.02 1318
1.02 1319
1.02 1320
1.02 1321
1.02 1322
1.02 1323
1.02 1324
1.02 1325
1.02 1326
1.02 1327
1.02 1328
1.02 1329
1.03 1330
1.03 1331
1.03 1332
1.03 1333
1.03 1334
1.03 1335
1.03 1336
1.03 1337
1.03 1338
1.03 1339
1.03 1340
1.03 1341
1.03 1342
1.04 1343
1.04 1344
1.04 1345
1.04 1346
1.04 1347
1.04 1348
1.04 1349
1.04 1350
1.04 1351
1.04 1352
1.04 1353
1.04 1354
1.04 1355
1.05 1356
1.05 1357
1.05 1358
1.05 1359
1.05 1360
1.05 1361
1.05 1362
1.05 1363
1.05 1364
1.05 1365
1.05 1366
1.05 1367
1.05 1368
1.06 1369
1.06 1370
1.06 1371
1.06 1372
1.06 1373
1.06 1374
1.06 1375
1.06 1376
1.06 1377
1.06 1378
1.06 1379
1.06 1380
1.06 1381
1.07 1382
1.07 1383
1.07 1384
1.07 1385
1.07 1386
1.07 1387
1.07 1388
1.07 1389
1.07 1390
1.07 1391
1.07 1392
1.07 1393
1.07 1394
1.08 1395
1.08 1396
1.08 1397
1.08 1398
1.08 1399
1.08 1400
1.08 1401
1.08 1402
1.08 1403
1.08 1404
1.08 1405
1.08 1406
1.08 1407
1.09 1408
1.09 1409
1.09 1410
1.09 1411
1.09 1412
1.09 1413
1.09 1414
1.09 1415
1.09 1416
1.09 1417
1.09 1418
1.09 1419
1.09 1420
1.09 1421
1.1 1422
1.1 1423
1.1 1424
1.1 1425
1.1 1426
1.1 1427
1.1 1428
1.1 1429
1.1 1430
1.1 1431
1.1 1432
1.1 1433
1.1 1434
1.11 1435
1.11 1436
1.11 1437
1.11 1438
1.11 1439
1.11 1440
1.11 1441
1.11 1442
1.11 1443
1.11 1444
1.11 1445
1.11 1446
1.12 1447
1.12 1448
1.12 1449
1.12 1450
1.12 1451
1.12 1452
1.12 1453
1.12 1454
1.12 1455
1.12 1456
1.12 1457
1.12 1458
1.12 1459
1.13 1460
1.13 1461
1.13 1462
1.13 1463
1.13 1464
1.13 1465
1.13 1466
1.13 1467
1.13 1468
1.13 1469
1.13 1470
1.13 1471
1.14 1472
1.14 1473
1.14 1474
1.14 1475
1.14 1476
1.14 1477
1.14 1478
1.14 1479
1.14 1480
1.14 1481
1.14 1482
1.14 1483
1.14 1484
1.15 1485
1.15 1486
1.15 1487
1.15 1488
1.15 1489
1.15 1490
1.15 1491
1.15 1492
1.15 1493
1.15 1494
1.15 1495
1.15 1496
1.15 1497
1.16 1498
1.16 1499
1.16 1500
1.16 1501
1.16 1502
1.16 1503
1.16 1504
1.16 1505
1.16 1506
1.16 1507
1.16 1508
1.16 1509
1.16 1510
1.17 1511
1.17 1512
1.17 1513
1.17 1514
1.17 1515
1.17 1516
1.17 1517
1.17 1518
1.17 1519
1.17 1520
1.17 1521
1.17 1522
1.17 1523
1.17 1524
1.18 1525
1.18 1526
1.18 1527
1.18 1528
1.18 1529
1.18 1530
1.18 1531
1.18 1532
1.18 1533
1.18 1534
1.18 1535
1.18 1536
1.19 1537
1.19 1538
1.19 1539
1.19 1540
1.19 1541
1.19 1542
1.19 1543
1.19 1544
1.19 1545
1.19 1546
1.19 1547
1.19 1548
1.19 1549
1.19 1550
1.2 1551
1.2 1552
1.2 1553
1.2 1554
1.2 1555
1.2 1556
1.2 1557
1.2 1558
1.2 1559
1.2 1560
1.2 1561
1.2 1562
1.2 1563
1.21 1564
1.21 1565
1.21 1566
1.21 1567
1.21 1568
1.21 1569
1.21 1570
1.21 1571
1.21 1572
1.21 1573
1.21 1574
1.21 1575
1.21 1576
1.22 1577
1.22 1578
1.22 1579
1.22 1580
1.22 1581
1.22 1582
1.22 1583
1.22 1584
1.22 1585
1.22 1586
1.22 1587
1.22 1588
1.22 1589
1.23 1590
1.23 1591
1.23 1592
1.23 1593
1.23 1594
1.23 1595
1.23 1596
1.23 1597
1.23 1598
1.23 1599
1.23 1600
1.23 1601
1.23 1602
1.24 1603
1.24 1604
1.24 1605
1.24 1606
1.24 1607
1.24 1608
1.24 1609
1.24 1610
1.24 1611
1.24 1612
1.24 1613
1.24 1614
1.24 1615
1.25 1616
1.25 1617
1.25 1618
1.25 1619
1.25 1620
1.25 1621
1.25 1622
1.25 1623
1.25 1624
1.25 1625
1.25 1626
1.25 1627
1.25 1628
1.26 1629
1.26 1630
1.26 1631
1.26 1632
1.26 1633
1.26 1634
1.26 1635
1.26 1636
1.26 1637
1.26 1638
1.26 1639
1.26 1640
1.27 1641
1.27 1642
1.27 1643
1.27 1644
1.27 1645
1.27 1646
1.27 1647
1.27 1648
1.27 1649
1.27 1650
1.27 1651
1.27 1652
1.27 1653
1.28 1654
1.28 1655
1.28 1656
1.28 1657
1.28 1658
1.28 1659
1.28 1660
1.28 1661
1.28 1662
1.28 1663
1.28 1664
1.29 1665
1.29 1666
1.29 1667
1.29 1668
1.29 1669
1.29 1670
1.29 1671
1.29 1672
1.29 1673
1.29 1674
1.29 1675
1.29 1676
1.29 1677
1.3 1678
1.3 1679
1.3 1680
1.3 1681
1.3 1682
1.3 1683
1.3 1684
1.3 1685
1.3 1686
1.3 1687
1.3 1688
1.3 1689
1.3 1690
1.31 1691
1.31 1692
1.31 1693
1.31 1694
1.31 1695
1.31 1696
1.31 1697
1.31 1698
1.31 1699
1.31 1700
1.31 1701
1.31 1702
1.32 1703
1.32 1704
1.32 1705
1.32 1706
1.32 1707
1.32 1708
1.32 1709
1.32 1710
1.32 1711
1.32 1712
1.32 1713
1.32 1714
1.32 1715
1.32 1716
1.33 1717
1.33 1718
1.33 1719
1.33 1720
1.33 1721
1.33 1722
1.33 1723
1.33 1724
1.33 1725
1.33 1726
1.33 1727
1.33 1728
1.33 1729
1.34 1730
1.34 1731
1.34 1732
1.34 1733
1.34 1734
1.34 1735
1.34 1736
1.34 1737
1.34 1738
1.34 1739
1.34 1740
1.34 1741
1.34 1742
1.34 1743
1.35 1744
1.35 1745
1.35 1746
1.35 1747
1.35 1748
1.35 1749
1.35 1750
1.35 1751
1.35 1752
1.35 1753
1.35 1754
1.35 1755
1.36 1756
1.36 1757
1.36 1758
1.36 1759
1.36 1760
1.36 1761
1.36 1762
1.36 1763
1.36 1764
1.36 1765
1.36 1766
1.36 1767
1.36 1768
1.36 1769
1.37 1770
1.37 1771
1.37 1772
1.37 1773
1.37 1774
1.37 1775
1.37 1776
1.37 1777
1.37 1778
1.37 1779
1.37 1780
1.37 1781
1.37 1782
1.38 1783
1.38 1784
1.38 1785
1.38 1786
1.38 1787
1.38 1788
1.38 1789
1.38 1790
1.38 1791
1.38 1792
1.38 1793
1.38 1794
1.38 1795
1.38 1796
1.39 1797
1.39 1798
1.39 1799
1.39 1800
1.39 1801
1.39 1802
1.39 1803
1.39 1804
1.39 1805
1.39 1806
1.39 1807
1.39 1808
1.39 1809
1.4 1810
1.4 1811
1.4 1812
1.4 1813
1.4 1814
1.4 1815
1.4 1816
1.4 1817
1.4 1818
1.4 1819
1.4 1820
1.4 1821
1.4 1822
1.41 1823
1.41 1824
1.41 1825
1.41 1826
1.41 1827
1.41 1828
1.41 1829
1.41 1830
1.41 1831
1.41 1832
1.41 1833
1.41 1834
1.41 1835
1.41 1836
1.42 1837
1.42 1838
1.42 1839
1.42 1840
1.42 1841
1.42 1842
1.42 1843
1.42 1844
1.42 1845
1.42 1846
1.42 1847
1.42 1848
1.42 1849
1.43 1850
1.43 1851
1.43 1852
1.43 1853
1.43 1854
1.43 1855
1.43 1856
1.43 1857
1.43 1858
1.43 1859
1.43 1860
1.43 1861
1.43 1862
1.43 1863
1.44 1864
1.44 1865
1.44 1866
1.44 1867
1.44 1868
1.44 1869
1.44 1870
1.44 1871
1.44 1872
1.44 1873
1.44 1874
1.44 1875
1.44 1876
1.45 1877
1.45 1878
1.45 1879
1.45 1880
1.45 1881
1.45 1882
1.45 1883
1.45 1884
1.45 1885
1.45 1886
1.45 1887
1.45 1888
1.45 1889
1.46 1890
1.46 1891
1.46 1892
1.46 1893
1.46 1894
1.46 1895
1.46 1896
1.46 1897
1.46 1898
1.46 1899
1.46 1900
1.46 1901
1.46 1902
1.47 1903
1.47 1904
1.47 1905
1.47 1906
1.47 1907
1.47 1908
1.47 1909
1.47 1910
1.47 1911
1.47 1912
1.47 1913
1.47 1914
1.47 1915
1.47 1916
1.48 1917
1.48 1918
1.48 1919
1.48 1920
1.48 1921
1.48 1922
1.48 1923
1.48 1924
1.48 1925
1.48 1926
1.48 1927
1.48 1928
1.48 1929
1.49 1930
1.49 1931
1.49 1932
1.49 1933
1.49 1934
1.49 1935
1.49 1936
1.49 1937
1.49 1938
1.49 1939
1.49 1940
1.49 1941
1.49 1942
1.5 1943
1.5 1944
1.5 1945
1.5 1946
1.5 1947
1.5 1948
1.5 1949
1.5 1950
1.5 1951
1.5 1952
1.5 1953
1.5 1954
1.5 1955
1.5 1956
1.51 1957
1.51 1958
1.51 1959
1.51 1960
1.51 1961
1.51 1962
1.51 1963
1.51 1964
1.51 1965
1.51 1966
1.51 1967
1.51 1968
1.51 1969
1.52 1970
1.52 1971
1.52 1972
1.52 1973
1.52 1974
1.52 1975
1.52 1976
1.52 1977
1.52 1978
1.52 1979
1.52 1980
1.52 1981
1.52 1982
1.52 1983
1.53 1984
1.53 1985
1.53 1986
1.53 1987
1.53 1988
1.53 1989
1.53 1990
1.53 1991
1.53 1992
1.53 1993
1.53 1994
1.53 1995
1.53 1996
1.53 1997
1.54 1998
1.54 1999
1.54 2000
1.54 2001
1.54 2002
1.54 2003
1.54 2004
1.54 2005
1.54 2006
1.54 2007
1.54 2008
1.54 2009
1.54 2010
1.55 2011
1.55 2012
1.55 2013
1.55 2014
1.55 2015
1.55 2016
1.55 2017
1.55 2018
1.55 2019
1.55 2020
1.55 2021
1.55 2022
1.55 2023
1.55 2024
1.56 2025
1.56 2026
1.56 2027
1.56 2028
1.56 2029
1.56 2030
1.56 2031
1.56 2032
1.56 2033
1.56 2034
1.56 2035
1.56 2036
1.56 2037
1.57 2038
1.57 2039
1.57 2040
1.57 2041
1.57 2042
1.57 2043
1.57 2044
1.57 2045
1.57 2046
1.57 2047
1.57 2048
1.57 2049
1.57 2050
1.57 2051
1.58 2052
1.58 2053
1.58 2054
1.58 2055
1.58 2056
1.58 2057
1.58 2058
1.58 2059
1.58 2060
1.58 2061
1.58 2062
1.58 2063
1.59 2064
1.59 2065
1.59 2066
1.59 2067
1.59 2068
1.59 2069
1.59 2070
1.59 2071
1.59 2072
1.59 2073
1.59 2074
1.59 2075
1.59 2076
1.6 2077
1.6 2078
1.6 2079
1.6 2080
1.6 2081
1.6 2082
1.6 2083
1.6 2084
1.6 2085
1.6 2086
1.6 2087
1.6 2088
1.6 2089
1.6 2090
1.61 2091
1.61 2092
1.61 2093
1.61 2094
1.61 2095
1.61 2096
1.61 2097
1.61 2098
1.61 2099
1.61 2100
1.61 2101
1.61 2102
1.61 2103
1.62 2104
1.62 2105
1.62 2106
1.62 2107
1.62 2108
1.62 2109
1.62 2110
1.62 2111
1.62 2112
1.62 2113
1.62 2114
1.62 2115
1.62 2116
1.63 2117
1.63 2118
1.63 2119
1.63 2120
1.63 2121
1.63 2122
1.63 2123
1.63 2124
1.63 2125
1.63 2126
1.63 2127
1.63 2128
1.63 2129
1.63 2130
1.64 2131
1.64 2132
1.64 2133
1.64 2134
1.64 2135
1.64 2136
1.64 2137
1.64 2138
1.64 2139
1.64 2140
1.64 2141
1.64 2142
1.64 2143
1.64 2144
1.65 2145
1.65 2146
1.65 2147
1.65 2148
1.65 2149
1.65 2150
1.65 2151
1.65 2152
1.65 2153
1.65 2154
1.65 2155
1.65 2156
1.65 2157
1.66 2158
1.66 2159
1.66 2160
1.66 2161
1.66 2162
1.66 2163
1.66 2164
1.66 2165
1.66 2166
1.66 2167
1.66 2168
1.66 2169
1.66 2170
1.66 2171
1.67 2172
1.67 2173
1.67 2174
1.67 2175
1.67 2176
1.67 2177
1.67 2178
1.67 2179
1.67 2180
1.67 2181
1.67 2182
1.67 2183
1.67 2184
1.67 2185
1.68 2186
1.68 2187
1.68 2188
1.68 2189
1.68 2190
1.68 2191
1.68 2192
1.68 2193
1.68 2194
1.68 2195
1.68 2196
1.68 2197
1.68 2198
1.68 2199
1.69 2200
1.69 2201
1.69 2202
1.69 2203
1.69 2204
1.69 2205
1.69 2206
1.69 2207
1.69 2208
1.69 2209
1.69 2210
1.69 2211
1.69 2212
1.7 2213
1.7 2214
1.7 2215
1.7 2216
1.7 2217
1.7 2218
1.7 2219
1.7 2220
1.7 2221
1.7 2222
1.7 2223
1.7 2224
1.7 2225
1.7 2226
1.71 2227
1.71 2228
1.71 2229
1.71 2230
1.71 2231
1.71 2232
1.71 2233
1.71 2234
1.71 2235
1.71 2236
1.71 2237
1.71 2238
1.71 2239
1.71 2240
1.72 2241
1.72 2242
1.72 2243
1.72 2244
1.72 2245
1.72 2246
1.72 2247
1.72 2248
1.72 2249
1.72 2250
1.72 2251
1.72 2252
1.72 2253
1.73 2254
1.73 2255
1.73 2256
1.73 2257
1.73 2258
1.73 2259
1.73 2260
1.73 2261
1.73 2262
1.73 2263
1.73 2264
1.73 2265
1.73 2266
1.73 2267
1.74 2268
1.74 2269
1.74 2270
1.74 2271
1.74 2272
1.74 2273
1.74 2274
1.74 2275
1.74 2276
1.74 2277
1.74 2278
