0.02 2
0.03 3
0.05 4
0.06 5
0.08 6
0.09 7
0.1 8
0.12 9
0.13 10
0.14 11
0.16 12
0.17 13
0.18 14
0.19 15
0.21 16
0.22 17
0.23 18
0.24 19
0.26 20
0.27 21
0.28 22
0.29 23
0.3 24
0.32 25
0.33 26
0.34 27
0.35 28
0.36 29
0.37 30
0.38 31
0.4 32
0.41 33
0.42 34
0.43 35
0.44 36
0.45 37
0.47 38
0.48 39
0.49 40
0.5 41
0.51 42
0.52 43
0.53 44
0.54 45
0.55 46
0.56 47
0.57 48
0.58 49
0.59 50
0.6 51
0.6 52
0.6 53
0.61 54
0.61 55
0.61 56
0.61 57
0.62 58
0.62 59
0.62 60
0.62 61
0.62 62
0.63 63
0.63 64
0.63 65
0.63 66
0.64 67
0.64 68
0.64 69
0.64 70
0.64 71
0.65 72
0.65 73
0.65 74
0.65 75
0.66 76
0.66 77
0.66 78
0.66 79
0.67 80
0.67 81
0.67 82
0.67 83
0.68 84
0.68 85
0.68 86
0.68 87
0.69 88
0.69 89
0.69 90
0.69 91
0.7 92
0.7 93
0.7 94
0.7 95
0.7 96
0.71 97
0.71 98
0.71 99
0.72 100
0.72 101
0.72 102
0.72 103
0.73 104
0.73 105
0.73 106
0.74 107
0.74 108
0.74 109
0.75 110
0.75 111
0.75 112
0.75 113
0.76 114
0.76 115
0.76 116
0.76 117
0.77 118
0.77 119
0.77 120
0.77 121
0.77 122
0.78 123
0.78 124
0.78 125
0.78 126
0.79 127
0.79 128
0.79 129
0.79 130
0.8 131
0.8 132
0.8 133
0.8 134
0.8 135
0.81 136
0.81 137
0.81 138
0.81 139
0.81 140
0.82 141
0.82 142
0.82 143
0.82 144
0.83 145
0.83 146
0.83 147
0.83 148
0.84 149
0.84 150
0.84 151
0.85 152
0.85 153
0.85 154
0.85 155
0.86 156
0.86 157
0.86 158
0.86 159
0.86 160
0.87 161
0.87 162
0.87 163
0.87 164
0.87 165
0.88 166
0.88 167
0.88 168
0.88 169
0.88 170
0.89 171
0.89 172
0.89 173
0.89 174
0.9 175
0.9 176
0.9 177
0.9 178
0.9 179
0.91 180
0.91 181
0.91 182
0.91 183
0.92 184
0.92 185
0.92 186
0.92 187
0.93 188
0.93 189
0.93 190
0.93 191
0.93 192
0.94 193
0.94 194
0.94 195
0.94 196
0.95 197
0.95 198
0.95 199
0.95 200
0.96 201
0.96 202
0.96 203
0.96 204
0.97 205
0.97 206
0.97 207
0.97 208
0.97 209
0.98 210
0.98 211
0.98 212
0.99 213
0.99 214
0.99 215
0.99 216
1.0 217
1.0 218
1.0 219
1.01 220
1.01 221
1.01 222
1.01 223
1.02 224
1.02 225
1.02 226
1.02 227
1.03 228
1.03 229
1.03 230
1.03 231
1.04 232
1.04 233
1.04 234
1.04 235
1.05 236
1.05 237
1.05 238
1.05 239
1.06 240
1.06 241
1.06 242
1.06 243
1.07 244
1.07 245
1.07 246
1.07 247
1.08 248
1.08 249
1.08 250
1.08 251
1.08 252
1.09 253
1.09 254
1.09 255
1.09 256
1.09 257
1.1 258
1.1 259
1.1 260
1.1 261
1.11 262
1.11 263
1.11 264
1.12 265
1.12 266
1.12 267
1.12 268
1.13 269
1.13 270
1.13 271
1.13 272
1.14 273
1.14 274
1.14 275
1.14 276
1.14 277
1.15 278
1.15 279
1.15 280
1.15 281
1.16 282
1.16 283
1.16 284
1.16 285
1.16 286
1.17 287
1.17 288
1.17 289
1.17 290
1.17 291
1.18 292
1.18 293
1.18 294
1.18 295
1.19 296
1.19 297
1.19 298
1.19 299
1.19 300
1.2 301
1.2 302
1.2 303
1.2 304
1.2 305
1.21 306
1.21 307
1.21 308
1.21 309
1.22 310
1.22 311
1.22 312
1.22 313
1.22 314
1.23 315
1.23 316
1.23 317
1.23 318
1.23 319
1.24 320
1.24 321
1.24 322
1.24 323
1.25 324
1.25 325
1.25 326
1.25 327
1.26 328
1.26 329
1.26 330
1.27 331
1.27 332
1.27 333
1.27 334
1.28 335
1.28 336
1.28 337
1.29 338
1.29 339
1.29 340
1.29 341
1.29 342
1.3 343
1.3 344
1.3 345
1.3 346
1.31 347
1.31 348
1.31 349
1.31 350
1.31 351
1.32 352
1.32 353
1.32 354
1.32 355
1.33 356
1.33 357
1.33 358
1.33 359
1.33 360
1.34 361
1.34 362
1.34 363
1.34 364
1.35 365
1.35 366
1.35 367
1.35 368
1.35 369
1.36 370
1.36 371
1.36 372
1.36 373
1.37 374
1.37 375
1.37 376
1.37 377
1.37 378
1.38 379
1.38 380
1.38 381
1.38 382
1.38 383
1.39 384
1.39 385
1.39 386
1.39 387
1.4 388
1.4 389
1.4 390
1.4 391
1.41 392
1.41 393
1.41 394
1.42 395
1.42 396
1.42 397
1.42 398
1.43 399
1.43 400
1.43 401
1.43 402
1.43 403
1.44 404
1.44 405
1.44 406
1.44 407
1.44 408
1.45 409
1.45 410
1.45 411
1.45 412
1.45 413
1.46 414
1.46 415
1.46 416
1.46 417
1.46 418
1.47 419
1.47 420
1.47 421
1.47 422
1.48 423
1.48 424
1.48 425
1.48 426
1.48 427
1.49 428
1.49 429
1.49 430
1.49 431
1.49 432
1.5 433
1.5 434
1.5 435
1.5 436
1.5 437
1.51 438
1.51 439
1.51 440
1.51 441
1.52 442
1.52 443
1.52 444
1.52 445
1.53 446
1.53 447
1.53 448
1.53 449
1.54 450
1.54 451
1.54 452
1.55 453
1.55 454
1.55 455
1.55 456
1.55 457
1.56 458
1.56 459
1.56 460
1.56 461
1.56 462
1.57 463
1.57 464
1.57 465
1.57 466
1.58 467
1.58 468
1.58 469
1.58 470
1.58 471
1.59 472
1.59 473
1.59 474
1.59 475
1.6 476
1.6 477
1.6 478
1.6 479
1.6 480
1.61 481
1.61 482
1.61 483
1.61 484
1.61 485
1.62 486
1.62 487
1.62 488
1.62 489
1.62 490
1.63 491
1.63 492
1.63 493
1.63 494
1.64 495
1.64 496
1.64 497
1.64 498
1.64 499
1.65 500
1.65 501
1.65 502
1.65 503
1.66 504
1.66 505
1.66 506
1.67 507
1.67 508
1.67 509
1.68 510
1.68 511
1.68 512
1.68 513
1.69 514
1.69 515
1.69 516
1.69 517
1.69 518
1.7 519
1.7 520
1.7 521
1.7 522
1.7 523
1.71 524
1.71 525
1.71 526
1.71 527
1.72 528
1.72 529
1.72 530
1.72 531
1.72 532
1.73 533
1.73 534
1.73 535
1.73 536
1.73 537
1.74 538
1.74 539
1.74 540
1.74 541
1.75 542
1.75 543
1.75 544
1.75 545
1.75 546
1.76 547
1.76 548
1.76 549
1.76 550
1.76 551
1.77 552
1.77 553
1.77 554
1.77 555
1.78 556
1.78 557
1.78 558
1.78 559
1.79 560
1.79 561
1.79 562
1.8 563
1.8 564
1.8 565
1.8 566
1.81 567
1.81 568
1.81 569
1.81 570
1.81 571
1.82 572
1.82 573
1.82 574
1.82 575
1.83 576
1.83 577
1.83 578
1.83 579
1.83 580
1.84 581
1.84 582
1.84 583
1.84 584
1.85 585
1.85 586
1.85 587
1.85 588
1.85 589
1.86 590
1.86 591
1.86 592
1.86 593
1.86 594
1.87 595
1.87 596
1.87 597
1.87 598
1.87 599
1.88 600
1.88 601
1.88 602
1.88 603
1.89 604
1.89 605
1.89 606
1.89 607
1.89 608
1.9 609
1.9 610
1.9 611
1.9 612
1.9 613
1.91 614
1.91 615
1.91 616
1.91 617
1.92 618
1.92 619
1.92 620
1.92 621
1.93 622
1.93 623
1.93 624
1.93 625
1.94 626
1.94 627
1.94 628
1.95 629
1.95 630
1.95 631
1.95 632
1.96 633
1.96 634
1.96 635
1.96 636
1.97 637
1.97 638
1.97 639
1.97 640
1.97 641
1.98 642
1.98 643
1.98 644
1.98 645
1.99 646
1.99 647
1.99 648
1.99 649
1.99 650
2.0 651
2.0 652
2.0 653
2.0 654
2.0 655
2.01 656
2.01 657
2.01 658
2.01 659
2.02 660
2.02 661
2.02 662
2.02 663
2.02 664
2.03 665
2.03 666
2.03 667
2.03 668
2.04 669
2.04 670
2.04 671
2.04 672
2.05 673
2.05 674
2.05 675
2.05 676
2.06 677
2.06 678
2.06 679
2.06 680
2.07 681
2.07 682
2.07 683
2.08 684
2.08 685
2.08 686
2.08 687
2.09 688
2.09 689
2.09 690
2.09 691
2.1 692
2.1 693
2.1 694
2.1 695
2.1 696
2.11 697
2.11 698
2.11 699
2.11 700
2.11 701
2.12 702
2.12 703
2.12 704
2.12 705
2.13 706
2.13 707
2.13 708
2.13 709
2.13 710
2.14 711
2.14 712
2.14 713
2.14 714
2.14 715
2.15 716
2.15 717
2.15 718
2.15 719
2.15 720
2.16 721
2.16 722
2.16 723
2.16 724
2.17 725
2.17 726
2.17 727
2.17 728
2.17 729
2.18 730
2.18 731
2.18 732
2.18 733
2.19 734
2.19 735
2.19 736
2.19 737
2.2 738
2.2 739
2.2 740
2.21 741
2.21 742
2.21 743
2.21 744
2.22 745
2.22 746
2.22 747
2.22 748
2.23 749
2.23 750
2.23 751
2.23 752
2.23 753
2.24 754
2.24 755
2.24 756
2.24 757
2.24 758
2.25 759
2.25 760
2.25 761
2.25 762
2.26 763
2.26 764
2.26 765
2.26 766
2.26 767
2.27 768
2.27 769
2.27 770
2.27 771
2.27 772
2.28 773
2.28 774
2.28 775
2.28 776
2.29 777
2.29 778
2.29 779
2.29 780
2.29 781
2.3 782
2.3 783
2.3 784
2.3 785
2.31 786
2.31 787
2.31 788
2.31 789
2.32 790
2.32 791
2.32 792
2.33 793
2.33 794
2.33 795
2.33 796
2.34 797
2.34 798
2.34 799
2.34 800
2.34 801
2.35 802
2.35 803
2.35 804
2.35 805
2.36 806
2.36 807
2.36 808
2.36 809
2.36 810
2.37 811
2.37 812
2.37 813
2.37 814
2.37 815
2.38 816
2.38 817
2.38 818
2.38 819
2.39 820
2.39 821
2.39 822
2.39 823
2.39 824
2.4 825
2.4 826
2.4 827
2.4 828
2.4 829
2.41 830
2.41 831
2.41 832
2.41 833
2.41 834
2.42 835
2.42 836
2.42 837
2.42 838
2.43 839
2.43 840
2.43 841
2.43 842
2.43 843
2.44 844
2.44 845
2.44 846
2.44 847
2.45 848
2.45 849
2.45 850
2.45 851
2.45 852
2.46 853
2.46 854
2.46 855
2.46 856
2.46 857
2.47 858
2.47 859
2.47 860
2.48 861
2.48 862
2.48 863
2.49 864
2.49 865
2.49 866
2.49 867
2.5 868
2.5 869
2.5 870
2.5 871
2.51 872
2.51 873
2.51 874
2.51 875
2.52 876
2.52 877
2.52 878
2.52 879
2.52 880
2.53 881
2.53 882
2.53 883
2.53 884
2.54 885
2.54 886
2.54 887
2.54 888
2.55 889
2.55 890
2.55 891
2.55 892
2.55 893
2.56 894
2.56 895
2.56 896
2.56 897
2.57 898
2.57 899
2.57 900
2.57 901
2.57 902
2.58 903
2.58 904
2.58 905
2.58 906
2.59 907
2.59 908
2.59 909
2.59 910
2.6 911
2.6 912
2.6 913
2.61 914
2.61 915
2.61 916
2.61 917
2.62 918
2.62 919
2.62 920
2.62 921
2.62 922
2.63 923
2.63 924
2.63 925
2.63 926
2.64 927
2.64 928
2.64 929
2.64 930
2.64 931
2.65 932
2.65 933
2.65 934
2.65 935
2.65 936
2.66 937
2.66 938
2.66 939
2.66 940
2.66 941
2.67 942
2.67 943
2.67 944
2.67 945
2.67 946
2.68 947
2.68 948
2.68 949
2.68 950
2.69 951
2.69 952
2.69 953
2.69 954
2.69 955
2.7 956
2.7 957
2.7 958
2.7 959
2.7 960
2.71 961
2.71 962
2.71 963
2.71 964
2.72 965
2.72 966
2.72 967
2.72 968
2.72 969
2.73 970
2.73 971
2.73 972
2.74 973
2.74 974
2.74 975
2.74 976
2.75 977
2.75 978
2.75 979
2.75 980
2.76 981
2.76 982
2.76 983
2.76 984
2.76 985
2.77 986
2.77 987
2.77 988
2.77 989
2.78 990
2.78 991
2.78 992
2.78 993
2.78 994
2.79 995
2.79 996
2.79 997
2.79 998
2.79 999
2.8 1000
2.8 1001
2.8 1002
2.8 1003
2.81 1004
2.81 1005
2.81 1006
2.81 1007
2.82 1008
2.82 1009
2.82 1010
2.82 1011
2.82 1012
2.83 1013
2.83 1014
2.83 1015
2.83 1016
2.83 1017
2.84 1018
2.84 1019
2.84 1020
2.84 1021
2.85 1022
2.85 1023
2.85 1024
2.86 1025
2.86 1026
2.86 1027
2.86 1028
2.87 1029
2.87 1030
2.87 1031
2.87 1032
2.88 1033
2.88 1034
2.88 1035
2.88 1036
2.89 1037
2.89 1038
2.89 1039
2.89 1040
2.89 1041
2.9 1042
2.9 1043
2.9 1044
2.9 1045
2.9 1046
2.91 1047
2.91 1048
2.91 1049
2.91 1050
2.92 1051
2.92 1052
2.92 1053
2.92 1054
2.92 1055
2.93 1056
2.93 1057
2.93 1058
2.93 1059
2.94 1060
2.94 1061
2.94 1062
2.94 1063
2.94 1064
2.95 1065
2.95 1066
2.95 1067
2.95 1068
2.95 1069
2.96 1070
2.96 1071
2.96 1072
2.96 1073
2.96 1074
2.97 1075
2.97 1076
2.97 1077
2.97 1078
2.97 1079
2.98 1080
2.98 1081
2.98 1082
2.98 1083
2.99 1084
2.99 1085
2.99 1086
2.99 1087
2.99 1088
3.0 1089
3.0 1090
3.0 1091
3.0 1092
3.01 1093
3.01 1094
3.01 1095
3.02 1096
3.02 1097
3.02 1098
3.02 1099
3.03 1100
3.03 1101
3.03 1102
3.03 1103
3.04 1104
3.04 1105
3.04 1106
3.04 1107
3.05 1108
3.05 1109
3.05 1110
3.05 1111
3.06 1112
3.06 1113
3.06 1114
3.06 1115
3.07 1116
3.07 1117
3.07 1118
3.07 1119
3.08 1120
3.08 1121
3.08 1122
3.09 1123
3.09 1124
3.09 1125
3.09 1126
3.1 1127
3.1 1128
3.1 1129
3.1 1130
3.11 1131
3.11 1132
3.11 1133
3.12 1134
3.12 1135
3.12 1136
3.12 1137
3.13 1138
3.13 1139
3.13 1140
3.14 1141
3.14 1142
3.14 1143
3.15 1144
3.15 1145
3.15 1146
3.15 1147
3.15 1148
3.16 1149
3.16 1150
3.16 1151
3.16 1152
3.16 1153
3.17 1154
3.17 1155
3.17 1156
3.17 1157
3.18 1158
3.18 1159
3.18 1160
3.18 1161
3.18 1162
3.19 1163
3.19 1164
3.19 1165
3.19 1166
3.19 1167
3.2 1168
3.2 1169
3.2 1170
3.2 1171
3.21 1172
3.21 1173
3.21 1174
3.21 1175
3.21 1176
3.22 1177
3.22 1178
3.22 1179
3.22 1180
3.22 1181
3.23 1182
3.23 1183
3.23 1184
3.23 1185
3.23 1186
3.24 1187
3.24 1188
3.24 1189
3.24 1190
3.24 1191
3.25 1192
3.25 1193
3.25 1194
3.25 1195
3.25 1196
3.26 1197
3.26 1198
3.26 1199
3.27 1200
3.27 1201
3.27 1202
3.27 1203
3.28 1204
3.28 1205
3.28 1206
3.29 1207
3.29 1208
3.29 1209
3.29 1210
3.29 1211
3.3 1212
3.3 1213
3.3 1214
3.3 1215
3.3 1216
3.31 1217
3.31 1218
3.31 1219
3.31 1220
3.32 1221
3.32 1222
3.32 1223
3.32 1224
3.32 1225
3.33 1226
3.33 1227
3.33 1228
3.33 1229
3.33 1230
3.34 1231
3.34 1232
3.34 1233
3.34 1234
3.34 1235
3.35 1236
3.35 1237
3.35 1238
3.35 1239
3.36 1240
3.36 1241
3.36 1242
3.36 1243
3.36 1244
3.37 1245
3.37 1246
3.37 1247
3.37 1248
3.38 1249
3.38 1250
3.38 1251
3.38 1252
3.39 1253
3.39 1254
3.39 1255
3.39 1256
3.4 1257
3.4 1258
3.4 1259
3.41 1260
3.41 1261
3.41 1262
3.41 1263
3.42 1264
3.42 1265
3.42 1266
3.42 1267
3.42 1268
3.43 1269
3.43 1270
3.43 1271
3.44 1272
3.44 1273
3.44 1274
3.44 1275
3.45 1276
3.45 1277
3.45 1278
3.45 1279
3.46 1280
3.46 1281
3.46 1282
3.46 1283
3.46 1284
3.47 1285
3.47 1286
3.47 1287
3.47 1288
3.48 1289
3.48 1290
3.48 1291
3.48 1292
3.48 1293
3.49 1294
3.49 1295
3.49 1296
3.49 1297
3.49 1298
3.5 1299
3.5 1300
3.5 1301
3.5 1302
3.5 1303
3.51 1304
3.51 1305
3.51 1306
3.51 1307
3.52 1308
3.52 1309
3.52 1310
3.52 1311
3.52 1312
3.53 1313
3.53 1314
3.53 1315
3.53 1316
3.54 1317
3.54 1318
3.54 1319
3.54 1320
3.55 1321
3.55 1322
3.55 1323
3.56 1324
3.56 1325
3.56 1326
3.57 1327
3.57 1328
3.57 1329
3.57 1330
3.57 1331
3.58 1332
3.58 1333
3.58 1334
3.58 1335
3.59 1336
3.59 1337
3.59 1338
3.59 1339
3.59 1340
3.6 1341
3.6 1342
3.6 1343
3.6 1344
3.6 1345
3.61 1346
3.61 1347
3.61 1348
3.61 1349
3.61 1350
3.62 1351
3.62 1352
3.62 1353
3.62 1354
3.62 1355
3.63 1356
3.63 1357
3.63 1358
3.63 1359
3.64 1360
3.64 1361
3.64 1362
3.64 1363
3.64 1364
3.65 1365
3.65 1366
3.65 1367
3.65 1368
3.66 1369
3.66 1370
3.66 1371
3.66 1372
3.67 1373
3.67 1374
3.67 1375
3.68 1376
3.68 1377
3.68 1378
3.69 1379
3.69 1380
3.69 1381
3.69 1382
3.69 1383
3.7 1384
3.7 1385
3.7 1386
3.7 1387
3.71 1388
3.71 1389
3.71 1390
3.71 1391
3.72 1392
3.72 1393
3.72 1394
3.72 1395
3.72 1396
3.73 1397
3.73 1398
3.73 1399
3.73 1400
3.74 1401
3.74 1402
3.74 1403
3.74 1404
3.75 1405
3.75 1406
3.75 1407
3.75 1408
3.76 1409
3.76 1410
3.76 1411
3.76 1412
3.76 1413
3.77 1414
3.77 1415
3.77 1416
3.77 1417
3.77 1418
3.78 1419
3.78 1420
3.78 1421
3.78 1422
3.79 1423
3.79 1424
3.79 1425
3.79 1426
3.79 1427
3.8 1428
3.8 1429
3.8 1430
3.81 1431
3.81 1432
3.81 1433
3.82 1434
3.82 1435
3.82 1436
3.82 1437
3.82 1438
3.83 1439
3.83 1440
3.83 1441
3.83 1442
3.84 1443
3.84 1444
3.84 1445
3.84 1446
3.84 1447
3.85 1448
3.85 1449
3.85 1450
3.85 1451
3.86 1452
3.86 1453
3.86 1454
3.86 1455
3.86 1456
3.87 1457
3.87 1458
3.87 1459
3.87 1460
3.88 1461
3.88 1462
3.88 1463
3.88 1464
3.88 1465
3.89 1466
3.89 1467
3.89 1468
3.89 1469
3.89 1470
3.9 1471
3.9 1472
3.9 1473
3.9 1474
3.91 1475
3.91 1476
3.91 1477
3.91 1478
3.91 1479
3.92 1480
3.92 1481
3.92 1482
3.93 1483
3.93 1484
3.93 1485
3.93 1486
3.94 1487
3.94 1488
3.94 1489
3.95 1490
3.95 1491
3.95 1492
3.95 1493
3.96 1494
3.96 1495
3.96 1496
3.96 1497
3.96 1498
3.97 1499
3.97 1500
3.97 1501
3.97 1502
3.98 1503
3.98 1504
3.98 1505
3.98 1506
3.99 1507
3.99 1508
3.99 1509
3.99 1510
4.0 1511
4.0 1512
4.0 1513
4.0 1514
4.0 1515
4.01 1516
4.01 1517
4.01 1518
4.01 1519
4.02 1520
4.02 1521
4.02 1522
4.02 1523
4.02 1524
4.03 1525
4.03 1526
4.03 1527
4.03 1528
4.03 1529
4.04 1530
4.04 1531
4.04 1532
4.04 1533
4.05 1534
4.05 1535
4.05 1536
4.06 1537
4.06 1538
4.06 1539
4.06 1540
4.07 1541
4.07 1542
4.07 1543
4.08 1544
4.08 1545
4.08 1546
4.08 1547
4.09 1548
4.09 1549
4.09 1550
4.09 1551
4.09 1552
4.1 1553
4.1 1554
4.1 1555
4.1 1556
4.1 1557
4.11 1558
4.11 1559
4.11 1560
4.11 1561
4.12 1562
4.12 1563
4.12 1564
4.12 1565
4.12 1566
4.13 1567
4.13 1568
4.13 1569
4.13 1570
4.13 1571
4.14 1572
4.14 1573
4.14 1574
4.14 1575
4.15 1576
4.15 1577
4.15 1578
4.15 1579
4.16 1580
4.16 1581
4.16 1582
4.16 1583
4.16 1584
4.17 1585
4.17 1586
4.17 1587
4.17 1588
4.17 1589
4.18 1590
4.18 1591
4.18 1592
4.18 1593
4.19 1594
4.19 1595
4.19 1596
4.19 1597
4.2 1598
4.2 1599
4.2 1600
4.2 1601
4.21 1602
4.21 1603
4.21 1604
4.22 1605
4.22 1606
4.22 1607
4.22 1608
4.22 1609
4.23 1610
4.23 1611
4.23 1612
4.23 1613
4.23 1614
4.24 1615
4.24 1616
4.24 1617
4.24 1618
4.25 1619
4.25 1620
4.25 1621
4.25 1622
4.25 1623
4.26 1624
4.26 1625
4.26 1626
4.26 1627
4.27 1628
4.27 1629
4.27 1630
4.27 1631
4.27 1632
4.28 1633
4.28 1634
4.28 1635
4.28 1636
4.28 1637
4.29 1638
4.29 1639
4.29 1640
4.29 1641
4.29 1642
4.3 1643
4.3 1644
4.3 1645
4.3 1646
4.31 1647
4.31 1648
4.31 1649
4.31 1650
4.32 1651
4.32 1652
4.32 1653
4.32 1654
4.32 1655
4.33 1656
4.33 1657
4.33 1658
4.33 1659
4.34 1660
4.34 1661
4.34 1662
4.35 1663
4.35 1664
4.35 1665
4.35 1666
4.36 1667
4.36 1668
4.36 1669
4.36 1670
4.37 1671
4.37 1672
4.37 1673
4.37 1674
4.37 1675
4.38 1676
4.38 1677
4.38 1678
4.38 1679
4.39 1680
4.39 1681
4.39 1682
4.39 1683
4.39 1684
4.4 1685
4.4 1686
4.4 1687
4.4 1688
4.4 1689
4.41 1690
4.41 1691
4.41 1692
4.41 1693
4.41 1694
4.42 1695
4.42 1696
4.42 1697
4.42 1698
4.43 1699
4.43 1700
4.43 1701
4.43 1702
4.43 1703
4.44 1704
4.44 1705
4.44 1706
4.44 1707
4.44 1708
4.45 1709
4.45 1710
4.45 1711
4.45 1712
4.46 1713
4.46 1714
4.46 1715
4.47 1716
4.47 1717
4.47 1718
4.47 1719
4.48 1720
4.48 1721
4.48 1722
4.48 1723
4.48 1724
4.49 1725
4.49 1726
4.49 1727
4.49 1728
4.49 1729
4.5 1730
4.5 1731
4.5 1732
4.5 1733
4.51 1734
4.51 1735
4.51 1736
4.51 1737
4.51 1738
4.52 1739
4.52 1740
4.52 1741
4.52 1742
4.52 1743
4.53 1744
4.53 1745
4.53 1746
4.53 1747
4.53 1748
4.54 1749
4.54 1750
4.54 1751
4.54 1752
4.55 1753
4.55 1754
4.55 1755
4.55 1756
4.55 1757
4.56 1758
4.56 1759
4.56 1760
4.56 1761
4.56 1762
4.57 1763
4.57 1764
4.57 1765
4.57 1766
4.57 1767
4.58 1768
4.58 1769
4.58 1770
4.58 1771
4.58 1772
4.59 1773
4.59 1774
4.59 1775
4.59 1776
4.6 1777
4.6 1778
4.6 1779
4.61 1780
4.61 1781
4.61 1782
4.61 1783
4.62 1784
4.62 1785
4.62 1786
4.62 1787
4.62 1788
4.63 1789
4.63 1790
4.63 1791
4.63 1792
4.63 1793
4.64 1794
4.64 1795
4.64 1796
4.64 1797
4.64 1798
4.65 1799
4.65 1800
4.65 1801
4.65 1802
4.66 1803
4.66 1804
4.66 1805
4.66 1806
4.66 1807
4.67 1808
4.67 1809
4.67 1810
4.67 1811
4.67 1812
4.68 1813
4.68 1814
4.68 1815
4.68 1816
4.69 1817
4.69 1818
4.69 1819
4.69 1820
4.7 1821
4.7 1822
4.7 1823
4.7 1824
4.7 1825
4.71 1826
4.71 1827
4.71 1828
4.71 1829
4.72 1830
4.72 1831
4.72 1832
4.73 1833
4.73 1834
4.73 1835
4.73 1836
4.74 1837
4.74 1838
4.74 1839
4.74 1840
4.75 1841
4.75 1842
4.75 1843
4.75 1844
4.75 1845
4.76 1846
4.76 1847
4.76 1848
4.76 1849
4.76 1850
4.77 1851
4.77 1852
4.77 1853
4.77 1854
4.78 1855
4.78 1856
4.78 1857
4.78 1858
4.78 1859
4.79 1860
4.79 1861
4.79 1862
4.79 1863
4.79 1864
4.8 1865
4.8 1866
4.8 1867
4.8 1868
4.81 1869
4.81 1870
4.81 1871
4.81 1872
4.81 1873
4.82 1874
4.82 1875
4.82 1876
4.82 1877
4.83 1878
4.83 1879
4.83 1880
4.83 1881
4.83 1882
4.84 1883
4.84 1884
4.84 1885
4.84 1886
4.84 1887
4.85 1888
4.85 1889
4.85 1890
4.85 1891
4.86 1892
4.86 1893
4.86 1894
4.86 1895
4.86 1896
4.87 1897
4.87 1898
4.87 1899
4.88 1900
4.88 1901
4.88 1902
4.88 1903
4.89 1904
4.89 1905
4.89 1906
4.89 1907
4.9 1908
4.9 1909
4.9 1910
4.9 1911
4.91 1912
4.91 1913
4.91 1914
4.91 1915
4.92 1916
4.92 1917
4.92 1918
4.92 1919
4.92 1920
4.93 1921
4.93 1922
4.93 1923
4.93 1924
4.94 1925
4.94 1926
4.94 1927
4.94 1928
4.94 1929
4.95 1930
4.95 1931
4.95 1932
4.95 1933
4.95 1934
4.96 1935
4.96 1936
4.96 1937
4.96 1938
4.96 1939
4.97 1940
4.97 1941
4.97 1942
4.97 1943
4.98 1944
4.98 1945
4.98 1946
4.98 1947
4.99 1948
4.99 1949
4.99 1950
4.99 1951
5.0 1952
5.0 1953
