0.03 2
0.06 3
0.08 4
0.1 5
0.11 6
0.13 7
0.14 8
0.15 9
0.16 10
0.17 11
0.18 12
0.19 13
0.2 14
0.21 15
0.22 16
0.23 17
0.23 18
0.23 19
0.23 20
0.24 21
0.24 22
0.24 23
0.24 24
0.24 25
0.25 26
0.25 27
0.25 28
0.25 29
0.25 30
0.26 31
0.26 32
0.26 33
0.26 34
0.26 35
0.27 36
0.27 37
0.27 38
0.27 39
0.27 40
0.28 41
0.28 42
0.28 43
0.28 44
0.29 45
0.29 46
0.29 47
0.29 48
0.29 49
0.29 50
0.3 51
0.3 52
0.3 53
0.3 54
0.3 55
0.31 56
0.31 57
0.31 58
0.31 59
0.31 60
0.31 61
0.32 62
0.32 63
0.32 64
0.32 65
0.32 66
0.32 67
0.33 68
0.33 69
0.33 70
0.33 71
0.33 72
0.33 73
0.34 74
0.34 75
0.34 76
0.34 77
0.34 78
0.35 79
0.35 80
0.35 81
0.35 82
0.35 83
0.35 84
0.36 85
0.36 86
0.36 87
0.36 88
0.36 89
0.36 90
0.37 91
0.37 92
0.37 93
0.37 94
0.37 95
0.37 96
0.38 97
0.38 98
0.38 99
0.38 100
0.38 101
0.39 102
0.39 103
0.39 104
0.39 105
0.39 106
0.39 107
0.4 108
0.4 109
0.4 110
0.4 111
0.4 112
0.4 113
0.41 114
0.41 115
0.41 116
0.41 117
0.41 118
0.41 119
0.42 120
0.42 121
0.42 122
0.42 123
0.42 124
0.42 125
0.43 126
0.43 127
0.43 128
0.43 129
0.43 130
0.44 131
0.44 132
0.44 133
0.44 134
0.44 135
0.44 136
0.45 137
0.45 138
0.45 139
0.45 140
0.45 141
0.46 142
0.46 143
0.46 144
0.46 145
0.46 146
0.46 147
0.47 148
0.47 149
0.47 150
0.47 151
0.48 152
0.48 153
0.48 154
0.48 155
0.48 156
0.48 157
0.49 158
0.49 159
0.49 160
0.49 161
0.49 162
0.49 163
0.5 164
0.5 165
0.5 166
0.5 167
0.5 168
0.5 169
0.51 170
0.51 171
0.51 172
0.51 173
0.51 174
0.52 175
0.52 176
0.52 177
0.52 178
0.52 179
0.52 180
0.53 181
0.53 182
0.53 183
0.53 184
0.53 185
0.54 186
0.54 187
0.54 188
0.54 189
0.54 190
0.55 191
0.55 192
0.55 193
0.55 194
0.55 195
0.55 196
0.56 197
0.56 198
0.56 199
0.56 200
0.56 201
0.56 202
0.57 203
0.57 204
0.57 205
0.57 206
0.57 207
0.57 208
0.58 209
0.58 210
0.58 211
0.58 212
0.58 213
0.58 214
0.59 215
0.59 216
0.59 217
0.59 218
0.59 219
0.6 220
0.6 221
0.6 222
0.6 223
0.6 224
0.6 225
0.61 226
0.61 227
0.61 228
0.61 229
0.61 230
0.61 231
0.62 232
0.62 233
0.62 234
0.62 235
0.62 236
0.62 237
0.63 238
0.63 239
0.63 240
0.63 241
0.63 242
0.63 243
0.64 244
0.64 245
0.64 246
0.64 247
0.64 248
0.65 249
0.65 250
0.65 251
0.65 252
0.65 253
0.65 254
0.66 255
0.66 256
0.66 257
0.66 258
0.66 259
0.66 260
0.67 261
0.67 262
0.67 263
0.67 264
0.67 265
0.67 266
0.68 267
0.68 268
0.68 269
0.68 270
0.68 271
0.68 272
0.69 273
0.69 274
0.69 275
0.69 276
0.69 277
0.69 278
0.7 279
0.7 280
0.7 281
0.7 282
0.7 283
0.71 284
0.71 285
0.71 286
0.71 287
0.71 288
0.71 289
0.72 290
0.72 291
0.72 292
0.72 293
0.72 294
0.73 295
0.73 296
0.73 297
0.73 298
0.73 299
0.74 300
0.74 301
0.74 302
0.74 303
0.74 304
0.75 305
0.75 306
0.75 307
0.75 308
0.75 309
0.75 310
0.76 311
0.76 312
0.76 313
0.76 314
0.76 315
0.76 316
0.77 317
0.77 318
0.77 319
0.77 320
0.77 321
0.77 322
0.78 323
0.78 324
0.78 325
0.78 326
0.78 327
0.79 328
0.79 329
0.79 330
0.79 331
0.79 332
0.79 333
0.8 334
0.8 335
0.8 336
0.8 337
0.8 338
0.8 339
0.81 340
0.81 341
0.81 342
0.81 343
0.82 344
0.82 345
0.82 346
0.82 347
0.82 348
0.82 349
0.83 350
0.83 351
0.83 352
0.83 353
0.83 354
0.84 355
0.84 356
0.84 357
0.84 358
0.84 359
0.84 360
0.85 361
0.85 362
0.85 363
0.85 364
0.85 365
0.85 366
0.86 367
0.86 368
0.86 369
0.86 370
0.86 371
0.86 372
0.87 373
0.87 374
0.87 375
0.87 376
0.87 377
0.87 378
0.88 379
0.88 380
0.88 381
0.88 382
0.88 383
0.89 384
0.89 385
0.89 386
0.89 387
0.89 388
0.89 389
0.9 390
0.9 391
0.9 392
0.9 393
0.9 394
0.9 395
0.91 396
0.91 397
0.91 398
0.91 399
0.91 400
0.91 401
0.92 402
0.92 403
0.92 404
0.92 405
0.92 406
0.92 407
0.93 408
0.93 409
0.93 410
0.93 411
0.93 412
0.93 413
0.94 414
0.94 415
0.94 416
0.94 417
0.94 418
0.95 419
0.95 420
0.95 421
0.95 422
0.95 423
0.95 424
0.96 425
0.96 426
0.96 427
0.96 428
0.96 429
0.96 430
0.97 431
0.97 432
0.97 433
0.97 434
0.97 435
0.98 436
0.98 437
0.98 438
0.98 439
0.98 440
0.98 441
0.99 442
0.99 443
0.99 444
0.99 445
0.99 446
0.99 447
1.0 448
1.0 449
1.0 450
1.0 451
1.0 452
1.01 453
1.01 454
1.01 455
1.01 456
1.01 457
1.02 458
1.02 459
1.02 460
1.02 461
1.02 462
1.03 463
1.03 464
1.03 465
1.03 466
1.03 467
1.03 468
1.04 469
1.04 470
1.04 471
1.04 472
1.04 473
1.04 474
1.05 475
1.05 476
1.05 477
1.05 478
1.05 479
1.05 480
1.06 481
1.06 482
1.06 483
1.06 484
1.06 485
1.07 486
1.07 487
1.07 488
1.07 489
1.07 490
1.08 491
1.08 492
1.08 493
1.08 494
1.08 495
1.09 496
1.09 497
1.09 498
1.09 499
1.09 500
1.09 501
1.1 502
1.1 503
1.1 504
1.1 505
1.1 506
1.1 507
1.11 508
1.11 509
1.11 510
1.11 511
1.11 512
1.11 513
1.12 514
1.12 515
1.12 516
1.12 517
1.12 518
1.13 519
1.13 520
1.13 521
1.13 522
1.13 523
1.13 524
1.14 525
1.14 526
1.14 527
1.14 528
1.14 529
1.14 530
1.15 531
1.15 532
1.15 533
1.15 534
1.15 535
1.15 536
1.16 537
1.16 538
1.16 539
1.16 540
1.16 541
1.16 542
1.17 543
1.17 544
1.17 545
1.17 546
1.17 547
1.17 548
1.18 549
1.18 550
1.18 551
1.18 552
1.18 553
1.19 554
1.19 555
1.19 556
1.19 557
1.19 558
1.19 559
1.2 560
1.2 561
1.2 562
1.2 563
1.2 564
1.2 565
1.21 566
1.21 567
1.21 568
1.21 569
1.21 570
1.21 571
1.22 572
1.22 573
1.22 574
1.22 575
1.22 576
1.22 577
1.23 578
1.23 579
1.23 580
1.23 581
1.23 582
1.23 583
1.24 584
1.24 585
1.24 586
1.24 587
1.24 588
1.24 589
1.25 590
1.25 591
1.25 592
1.25 593
1.25 594
1.26 595
1.26 596
1.26 597
1.26 598
1.26 599
1.27 600
1.27 601
1.27 602
1.27 603
1.27 604
1.28 605
1.28 606
1.28 607
1.28 608
1.28 609
1.29 610
1.29 611
1.29 612
1.29 613
1.29 614
1.29 615
1.3 616
1.3 617
1.3 618
1.3 619
1.3 620
1.3 621
1.31 622
1.31 623
1.31 624
1.31 625
1.31 626
1.31 627
1.32 628
1.32 629
1.32 630
1.32 631
1.32 632
1.33 633
1.33 634
1.33 635
1.33 636
1.33 637
1.34 638
1.34 639
1.34 640
1.34 641
1.34 642
1.35 643
1.35 644
1.35 645
1.35 646
1.35 647
1.35 648
1.36 649
1.36 650
1.36 651
1.36 652
1.36 653
1.36 654
1.37 655
1.37 656
1.37 657
1.37 658
1.37 659
1.37 660
1.38 661
1.38 662
1.38 663
1.38 664
1.38 665
1.39 666
1.39 667
1.39 668
1.39 669
1.39 670
1.39 671
1.4 672
1.4 673
1.4 674
1.4 675
1.4 676
1.4 677
1.41 678
1.41 679
1.41 680
1.41 681
1.41 682
1.41 683
1.42 684
1.42 685
1.42 686
1.42 687
1.42 688
1.42 689
1.43 690
1.43 691
1.43 692
1.43 693
1.43 694
1.43 695
1.44 696
1.44 697
1.44 698
1.44 699
1.44 700
1.45 701
1.45 702
1.45 703
1.45 704
1.45 705
1.45 706
1.46 707
1.46 708
1.46 709
1.46 710
1.46 711
1.46 712
1.47 713
1.47 714
1.47 715
1.47 716
1.47 717
1.47 718
1.48 719
1.48 720
1.48 721
1.48 722
1.48 723
1.48 724
1.49 725
1.49 726
1.49 727
1.49 728
1.49 729
1.5 730
1.5 731
1.5 732
1.5 733
1.5 734
1.5 735
1.51 736
1.51 737
1.51 738
1.51 739
1.51 740
1.51 741
1.52 742
1.52 743
1.52 744
1.52 745
1.52 746
1.53 747
1.53 748
1.53 749
1.53 750
1.53 751
1.54 752
1.54 753
1.54 754
1.54 755
1.54 756
1.55 757
1.55 758
1.55 759
1.55 760
1.55 761
1.56 762
1.56 763
1.56 764
1.56 765
1.56 766
1.56 767
1.57 768
1.57 769
1.57 770
1.57 771
1.57 772
1.57 773
1.58 774
1.58 775
1.58 776
1.58 777
1.58 778
1.58 779
1.59 780
1.59 781
1.59 782
1.59 783
1.59 784
1.6 785
1.6 786
1.6 787
1.6 788
1.6 789
1.61 790
1.61 791
1.61 792
1.61 793
1.61 794
1.62 795
1.62 796
1.62 797
1.62 798
1.62 799
1.63 800
1.63 801
1.63 802
1.63 803
1.63 804
1.63 805
1.64 806
1.64 807
1.64 808
1.64 809
1.64 810
1.64 811
1.65 812
1.65 813
1.65 814
1.65 815
1.65 816
1.65 817
1.66 818
1.66 819
1.66 820
1.66 821
1.66 822
1.66 823
1.67 824
1.67 825
1.67 826
1.67 827
1.67 828
1.67 829
1.68 830
1.68 831
1.68 832
1.68 833
1.68 834
1.69 835
1.69 836
1.69 837
1.69 838
1.69 839
1.69 840
1.7 841
1.7 842
1.7 843
1.7 844
1.7 845
1.7 846
1.71 847
1.71 848
1.71 849
1.71 850
1.71 851
1.71 852
1.72 853
1.72 854
1.72 855
1.72 856
1.72 857
1.72 858
1.73 859
1.73 860
1.73 861
1.73 862
1.73 863
1.74 864
1.74 865
1.74 866
1.74 867
1.74 868
1.74 869
1.75 870
1.75 871
1.75 872
1.75 873
1.75 874
1.75 875
1.76 876
1.76 877
1.76 878
1.76 879
1.76 880
1.76 881
1.77 882
1.77 883
1.77 884
1.77 885
1.77 886
1.77 887
1.78 888
1.78 889
1.78 890
1.78 891
1.78 892
1.79 893
1.79 894
1.79 895
1.79 896
1.79 897
1.79 898
1.8 899
1.8 900
1.8 901
1.8 902
1.8 903
1.81 904
1.81 905
1.81 906
1.81 907
1.81 908
1.82 909
1.82 910
1.82 911
1.82 912
1.82 913
1.82 914
1.83 915
1.83 916
1.83 917
1.83 918
1.83 919
1.83 920
1.84 921
1.84 922
1.84 923
1.84 924
1.84 925
1.84 926
1.85 927
1.85 928
1.85 929
1.85 930
1.85 931
1.86 932
1.86 933
1.86 934
1.86 935
1.86 936
1.87 937
1.87 938
1.87 939
1.87 940
1.87 941
1.88 942
1.88 943
1.88 944
1.88 945
1.88 946
1.89 947
1.89 948
1.89 949
1.89 950
1.89 951
1.89 952
1.9 953
1.9 954
1.9 955
1.9 956
1.9 957
1.9 958
1.91 959
1.91 960
1.91 961
1.91 962
1.91 963
1.91 964
1.92 965
1.92 966
1.92 967
1.92 968
1.92 969
1.92 970
1.93 971
1.93 972
1.93 973
1.93 974
1.93 975
1.93 976
1.94 977
1.94 978
1.94 979
1.94 980
1.94 981
1.95 982
1.95 983
1.95 984
1.95 985
1.95 986
1.95 987
1.96 988
1.96 989
1.96 990
1.96 991
1.96 992
1.96 993
1.97 994
1.97 995
1.97 996
1.97 997
1.97 998
1.97 999
1.98 1000
1.98 1001
1.98 1002
1.98 1003
1.98 1004
1.99 1005
1.99 1006
1.99 1007
1.99 1008
1.99 1009
1.99 1010
2.0 1011
2.0 1012
2.0 1013
2.0 1014
2.0 1015
2.0 1016
2.01 1017
2.01 1018
2.01 1019
2.01 1020
2.01 1021
2.01 1022
2.02 1023
2.02 1024
2.02 1025
2.02 1026
2.02 1027
2.02 1028
2.03 1029
2.03 1030
2.03 1031
2.03 1032
2.03 1033
2.03 1034
2.04 1035
2.04 1036
2.04 1037
2.04 1038
2.04 1039
2.05 1040
2.05 1041
2.05 1042
2.05 1043
2.05 1044
2.06 1045
2.06 1046
2.06 1047
2.06 1048
2.06 1049
2.07 1050
2.07 1051
2.07 1052
2.07 1053
2.07 1054
2.08 1055
2.08 1056
2.08 1057
2.08 1058
2.08 1059
2.08 1060
2.09 1061
2.09 1062
2.09 1063
2.09 1064
2.09 1065
2.1 1066
2.1 1067
2.1 1068
2.1 1069
2.1 1070
2.1 1071
2.11 1072
2.11 1073
2.11 1074
2.11 1075
2.11 1076
2.11 1077
2.12 1078
2.12 1079
2.12 1080
2.12 1081
2.12 1082
2.12 1083
2.13 1084
2.13 1085
2.13 1086
2.13 1087
2.13 1088
2.14 1089
2.14 1090
2.14 1091
2.14 1092
2.14 1093
2.15 1094
2.15 1095
2.15 1096
2.15 1097
2.15 1098
2.16 1099
2.16 1100
2.16 1101
2.16 1102
2.16 1103
2.16 1104
2.17 1105
2.17 1106
2.17 1107
2.17 1108
2.17 1109
2.17 1110
2.18 1111
2.18 1112
2.18 1113
2.18 1114
2.18 1115
2.19 1116
2.19 1117
2.19 1118
2.19 1119
2.19 1120
2.19 1121
2.2 1122
2.2 1123
2.2 1124
2.2 1125
2.2 1126
2.2 1127
2.21 1128
2.21 1129
2.21 1130
2.21 1131
2.21 1132
2.21 1133
2.22 1134
2.22 1135
2.22 1136
2.22 1137
2.22 1138
2.23 1139
2.23 1140
2.23 1141
2.23 1142
2.23 1143
2.23 1144
2.24 1145
2.24 1146
2.24 1147
2.24 1148
2.24 1149
2.24 1150
2.25 1151
2.25 1152
2.25 1153
2.25 1154
2.25 1155
2.26 1156
2.26 1157
2.26 1158
2.26 1159
2.26 1160
2.26 1161
2.27 1162
2.27 1163
2.27 1164
2.27 1165
2.27 1166
2.27 1167
2.28 1168
2.28 1169
2.28 1170
2.28 1171
2.28 1172
2.28 1173
2.29 1174
2.29 1175
2.29 1176
2.29 1177
2.29 1178
2.3 1179
2.3 1180
2.3 1181
2.3 1182
2.3 1183
2.3 1184
2.31 1185
2.31 1186
2.31 1187
2.31 1188
2.31 1189
2.31 1190
2.32 1191
2.32 1192
2.32 1193
2.32 1194
2.32 1195
2.32 1196
2.33 1197
2.33 1198
2.33 1199
2.33 1200
2.33 1201
2.34 1202
2.34 1203
2.34 1204
2.34 1205
2.35 1206
2.35 1207
2.35 1208
2.35 1209
2.35 1210
2.35 1211
2.36 1212
2.36 1213
2.36 1214
2.36 1215
2.36 1216
2.37 1217
2.37 1218
2.37 1219
2.37 1220
2.37 1221
2.37 1222
2.38 1223
2.38 1224
2.38 1225
2.38 1226
2.38 1227
2.38 1228
2.39 1229
2.39 1230
2.39 1231
2.39 1232
2.39 1233
2.39 1234
2.4 1235
2.4 1236
2.4 1237
2.4 1238
2.4 1239
2.41 1240
2.41 1241
2.41 1242
2.41 1243
2.42 1244
2.42 1245
2.42 1246
2.42 1247
2.42 1248
2.42 1249
2.43 1250
2.43 1251
2.43 1252
2.43 1253
2.43 1254
2.43 1255
2.44 1256
2.44 1257
2.44 1258
2.44 1259
2.44 1260
2.44 1261
2.45 1262
2.45 1263
2.45 1264
2.45 1265
2.45 1266
2.46 1267
2.46 1268
2.46 1269
2.46 1270
2.46 1271
2.46 1272
2.47 1273
2.47 1274
2.47 1275
2.47 1276
2.47 1277
2.47 1278
2.48 1279
2.48 1280
2.48 1281
2.48 1282
2.48 1283
2.48 1284
2.49 1285
2.49 1286
2.49 1287
2.49 1288
2.49 1289
2.49 1290
2.5 1291
2.5 1292
2.5 1293
2.5 1294
2.5 1295
2.51 1296
2.51 1297
2.51 1298
2.51 1299
2.51 1300
2.51 1301
2.52 1302
2.52 1303
2.52 1304
2.52 1305
2.52 1306
2.52 1307
2.53 1308
2.53 1309
2.53 1310
2.53 1311
2.53 1312
2.53 1313
2.54 1314
2.54 1315
2.54 1316
2.54 1317
2.54 1318
2.54 1319
2.55 1320
2.55 1321
2.55 1322
2.55 1323
2.55 1324
2.56 1325
2.56 1326
2.56 1327
2.56 1328
2.56 1329
2.56 1330
2.57 1331
2.57 1332
2.57 1333
2.57 1334
2.57 1335
2.57 1336
2.58 1337
2.58 1338
2.58 1339
2.58 1340
2.58 1341
2.58 1342
2.59 1343
2.59 1344
2.59 1345
2.59 1346
2.59 1347
2.6 1348
2.6 1349
2.6 1350
2.6 1351
2.6 1352
2.61 1353
2.61 1354
2.61 1355
2.61 1356
2.61 1357
2.62 1358
2.62 1359
2.62 1360
2.62 1361
2.62 1362
2.62 1363
2.63 1364
2.63 1365
2.63 1366
2.63 1367
2.63 1368
2.63 1369
2.64 1370
2.64 1371
2.64 1372
2.64 1373
2.64 1374
2.64 1375
2.65 1376
2.65 1377
2.65 1378
2.65 1379
2.65 1380
2.66 1381
2.66 1382
2.66 1383
2.66 1384
2.66 1385
2.66 1386
2.67 1387
2.67 1388
2.67 1389
2.67 1390
2.67 1391
2.68 1392
2.68 1393
2.68 1394
2.68 1395
2.68 1396
2.69 1397
2.69 1398
2.69 1399
2.69 1400
2.69 1401
2.69 1402
2.7 1403
2.7 1404
2.7 1405
2.7 1406
2.7 1407
2.7 1408
2.71 1409
2.71 1410
2.71 1411
2.71 1412
2.71 1413
2.71 1414
2.72 1415
2.72 1416
2.72 1417
2.72 1418
2.72 1419
2.73 1420
2.73 1421
2.73 1422
2.73 1423
2.73 1424
2.73 1425
2.74 1426
2.74 1427
2.74 1428
2.74 1429
2.74 1430
2.74 1431
2.75 1432
2.75 1433
2.75 1434
2.75 1435
2.75 1436
2.75 1437
2.76 1438
2.76 1439
2.76 1440
2.76 1441
2.76 1442
2.76 1443
2.77 1444
2.77 1445
2.77 1446
2.77 1447
2.77 1448
2.77 1449
2.78 1450
2.78 1451
2.78 1452
2.78 1453
2.78 1454
2.78 1455
2.79 1456
2.79 1457
2.79 1458
2.79 1459
2.79 1460
2.8 1461
2.8 1462
2.8 1463
2.8 1464
2.8 1465
2.8 1466
2.81 1467
2.81 1468
2.81 1469
2.81 1470
2.81 1471
2.81 1472
2.82 1473
2.82 1474
2.82 1475
2.82 1476
2.82 1477
2.82 1478
2.83 1479
2.83 1480
2.83 1481
2.83 1482
2.83 1483
2.83 1484
2.84 1485
2.84 1486
2.84 1487
2.84 1488
2.84 1489
2.85 1490
2.85 1491
2.85 1492
2.85 1493
2.85 1494
2.86 1495
2.86 1496
2.86 1497
2.86 1498
2.86 1499
2.87 1500
2.87 1501
2.87 1502
2.87 1503
2.87 1504
2.88 1505
2.88 1506
2.88 1507
2.88 1508
2.88 1509
2.88 1510
2.89 1511
2.89 1512
2.89 1513
2.89 1514
2.89 1515
2.89 1516
2.9 1517
2.9 1518
2.9 1519
2.9 1520
2.9 1521
2.9 1522
2.91 1523
2.91 1524
2.91 1525
2.91 1526
2.91 1527
2.92 1528
2.92 1529
2.92 1530
2.92 1531
2.92 1532
2.92 1533
2.93 1534
2.93 1535
2.93 1536
2.93 1537
2.93 1538
2.93 1539
2.94 1540
2.94 1541
2.94 1542
2.94 1543
2.95 1544
2.95 1545
2.95 1546
2.95 1547
2.95 1548
2.96 1549
2.96 1550
2.96 1551
2.96 1552
2.96 1553
2.97 1554
2.97 1555
2.97 1556
2.97 1557
2.97 1558
2.97 1559
2.98 1560
2.98 1561
2.98 1562
2.98 1563
2.98 1564
2.98 1565
2.99 1566
2.99 1567
2.99 1568
2.99 1569
2.99 1570
2.99 1571
3.0 1572
3.0 1573
3.0 1574
3.0 1575
