32.62 4857
68.49 4856
68.49 4855
68.49 4854
68.49 4853
68.5 4852
68.5 4851
68.5 4850
68.5 4849
68.5 4848
68.51 4847
68.52 4846
68.52 4845
68.52 4844
68.52 4843
68.52 4842
68.52 4841
68.52 4840
68.52 4839
68.52 4838
68.52 4837
68.53 4836
68.53 4835
68.53 4834
68.53 4833
68.53 4832
68.53 4831
68.53 4830
68.53 4829
68.53 4828
68.53 4827
68.54 4826
68.54 4825
68.54 4824
68.54 4823
68.54 4822
68.55 4821
68.55 4820
68.55 4819
68.55 4818
68.56 4817
68.56 4816
68.56 4815
68.56 4814
68.56 4813
68.56 4812
68.56 4811
68.56 4810
68.56 4809
68.57 4808
68.57 4807
68.57 4806
68.57 4805
68.57 4804
68.57 4803
68.58 4802
68.58 4801
68.58 4800
68.58 4799
68.58 4798
68.59 4797
68.59 4796
68.59 4795
68.6 4794
68.6 4793
68.6 4792
68.62 4791
68.62 4790
68.63 4789
68.65 4788
68.65 4787
68.65 4786
68.65 4785
68.66 4784
68.66 4783
68.66 4782
68.66 4781
68.66 4780
68.67 4779
68.67 4778
68.67 4777
68.67 4776
68.67 4775
68.67 4774
68.67 4773
68.68 4772
68.68 4771
68.68 4770
68.68 4769
68.68 4768
68.68 4767
68.68 4766
68.68 4765
68.69 4764
68.69 4763
68.69 4762
68.69 4761
68.69 4760
68.69 4759
68.71 4758
68.71 4757
68.71 4756
68.72 4755
68.72 4754
68.72 4753
68.72 4752
68.72 4751
68.72 4750
68.72 4749
68.73 4748
68.73 4747
68.73 4746
68.73 4745
68.73 4744
68.74 4743
68.74 4742
68.74 4741
68.74 4740
68.75 4739
68.75 4738
68.75 4737
68.76 4736
68.77 4735
68.77 4734
68.77 4733
68.82 4732
68.82 4731
76.02 4730
77.72 4729
79.84 4728
81.65 4727
81.85 4726
99.79 4725
108.6 4724
121.66 4723
146.41 4722
151.88 4721
173.79 4720
173.79 4719
173.82 4718
180.25 4717
184.27 4716
184.27 4715
184.27 4714
199.14 4713
199.14 4712
