0.03 2
0.05 3
0.06 4
0.08 5
0.09 6
0.1 7
0.11 8
0.12 9
0.13 10
0.14 11
0.14 12
0.15 13
0.16 14
0.17 15
0.18 16
0.18 17
0.18 18
0.18 19
0.19 20
0.19 21
0.19 22
0.19 23
0.19 24
0.19 25
0.2 26
0.2 27
0.2 28
0.2 29
0.2 30
0.2 31
0.21 32
0.21 33
0.21 34
0.21 35
0.21 36
0.21 37
0.21 38
0.22 39
0.22 40
0.22 41
0.22 42
0.22 43
0.22 44
0.22 45
0.23 46
0.23 47
0.23 48
0.23 49
0.23 50
0.23 51
0.23 52
0.24 53
0.24 54
0.24 55
0.24 56
0.24 57
0.24 58
0.24 59
0.25 60
0.25 61
0.25 62
0.25 63
0.25 64
0.25 65
0.25 66
0.26 67
0.26 68
0.26 69
0.26 70
0.26 71
0.26 72
0.27 73
0.27 74
0.27 75
0.27 76
0.27 77
0.27 78
0.28 79
0.28 80
0.28 81
0.28 82
0.28 83
0.28 84
0.28 85
0.29 86
0.29 87
0.29 88
0.29 89
0.29 90
0.29 91
0.29 92
0.3 93
0.3 94
0.3 95
0.3 96
0.3 97
0.3 98
0.3 99
0.31 100
0.31 101
0.31 102
0.31 103
0.31 104
0.31 105
0.31 106
0.32 107
0.32 108
0.32 109
0.32 110
0.32 111
0.32 112
0.32 113
0.32 114
0.33 115
0.33 116
0.33 117
0.33 118
0.33 119
0.33 120
0.33 121
0.34 122
0.34 123
0.34 124
0.34 125
0.34 126
0.34 127
0.34 128
0.35 129
0.35 130
0.35 131
0.35 132
0.35 133
0.35 134
0.35 135
0.36 136
0.36 137
0.36 138
0.36 139
0.36 140
0.36 141
0.36 142
0.37 143
0.37 144
0.37 145
0.37 146
0.37 147
0.37 148
0.37 149
0.37 150
0.38 151
0.38 152
0.38 153
0.38 154
0.38 155
0.38 156
0.38 157
0.39 158
0.39 159
0.39 160
0.39 161
0.39 162
0.39 163
0.39 164
0.39 165
0.4 166
0.4 167
0.4 168
0.4 169
0.4 170
0.4 171
0.4 172
0.41 173
0.41 174
0.41 175
0.41 176
0.41 177
0.41 178
0.41 179
0.42 180
0.42 181
0.42 182
0.42 183
0.42 184
0.42 185
0.42 186
0.43 187
0.43 188
0.43 189
0.43 190
0.43 191
0.43 192
0.44 193
0.44 194
0.44 195
0.44 196
0.44 197
0.44 198
0.44 199
0.44 200
0.45 201
0.45 202
0.45 203
0.45 204
0.45 205
0.45 206
0.45 207
0.46 208
0.46 209
0.46 210
0.46 211
0.46 212
0.46 213
0.46 214
0.47 215
0.47 216
0.47 217
0.47 218
0.47 219
0.47 220
0.47 221
0.47 222
0.48 223
0.48 224
0.48 225
0.48 226
0.48 227
0.48 228
0.48 229
0.49 230
0.49 231
0.49 232
0.49 233
0.49 234
0.49 235
0.49 236
0.5 237
0.5 238
0.5 239
0.5 240
0.5 241
0.5 242
0.5 243
0.5 244
0.51 245
0.51 246
0.51 247
0.51 248
0.51 249
0.51 250
0.51 251
0.52 252
0.52 253
0.52 254
0.52 255
0.52 256
0.52 257
0.52 258
0.53 259
0.53 260
0.53 261
0.53 262
0.53 263
0.53 264
0.53 265
0.54 266
0.54 267
0.54 268
0.54 269
0.54 270
0.54 271
0.54 272
0.55 273
0.55 274
0.55 275
0.55 276
0.55 277
0.55 278
0.55 279
0.56 280
0.56 281
0.56 282
0.56 283
0.56 284
0.56 285
0.56 286
0.56 287
0.57 288
0.57 289
0.57 290
0.57 291
0.57 292
0.57 293
0.57 294
0.58 295
0.58 296
0.58 297
0.58 298
0.58 299
0.58 300
0.58 301
0.58 302
0.59 303
0.59 304
0.59 305
0.59 306
0.59 307
0.59 308
0.59 309
0.6 310
0.6 311
0.6 312
0.6 313
0.6 314
0.6 315
0.6 316
0.61 317
0.61 318
0.61 319
0.61 320
0.61 321
0.61 322
0.61 323
0.61 324
0.62 325
0.62 326
0.62 327
0.62 328
0.62 329
0.62 330
0.62 331
0.63 332
0.63 333
0.63 334
0.63 335
0.63 336
0.63 337
0.63 338
0.63 339
0.64 340
0.64 341
0.64 342
0.64 343
0.64 344
0.64 345
0.64 346
0.65 347
0.65 348
0.65 349
0.65 350
0.65 351
0.65 352
0.65 353
0.66 354
0.66 355
0.66 356
0.66 357
0.66 358
0.66 359
0.66 360
0.66 361
0.67 362
0.67 363
0.67 364
0.67 365
0.67 366
0.67 367
0.67 368
0.68 369
0.68 370
0.68 371
0.68 372
0.68 373
0.68 374
0.68 375
0.68 376
0.69 377
0.69 378
0.69 379
0.69 380
0.69 381
0.69 382
0.69 383
0.7 384
0.7 385
0.7 386
0.7 387
0.7 388
0.7 389
0.7 390
0.71 391
0.71 392
0.71 393
0.71 394
0.71 395
0.71 396
0.72 397
0.72 398
0.72 399
0.72 400
0.72 401
0.72 402
0.72 403
0.73 404
0.73 405
0.73 406
0.73 407
0.73 408
0.73 409
0.73 410
0.73 411
0.74 412
0.74 413
0.74 414
0.74 415
0.74 416
0.74 417
0.74 418
0.75 419
0.75 420
0.75 421
0.75 422
0.75 423
0.75 424
0.75 425
0.75 426
0.76 427
0.76 428
0.76 429
0.76 430
0.76 431
0.76 432
0.76 433
0.77 434
0.77 435
0.77 436
0.77 437
0.77 438
0.77 439
0.77 440
0.77 441
0.78 442
0.78 443
0.78 444
0.78 445
0.78 446
0.78 447
0.78 448
0.79 449
0.79 450
0.79 451
0.79 452
0.79 453
0.79 454
0.79 455
0.8 456
0.8 457
0.8 458
0.8 459
0.8 460
0.8 461
0.8 462
0.81 463
0.81 464
0.81 465
0.81 466
0.81 467
0.81 468
0.82 469
0.82 470
0.82 471
0.82 472
0.82 473
0.82 474
0.82 475
0.83 476
0.83 477
0.83 478
0.83 479
0.83 480
0.83 481
0.83 482
0.84 483
0.84 484
0.84 485
0.84 486
0.84 487
0.84 488
0.84 489
0.84 490
0.85 491
0.85 492
0.85 493
0.85 494
0.85 495
0.85 496
0.85 497
0.86 498
0.86 499
0.86 500
0.86 501
0.86 502
0.86 503
0.86 504
0.87 505
0.87 506
0.87 507
0.87 508
0.87 509
0.87 510
0.87 511
0.88 512
0.88 513
0.88 514
0.88 515
0.88 516
0.88 517
0.89 518
0.89 519
0.89 520
0.89 521
0.89 522
0.89 523
0.89 524
0.9 525
0.9 526
0.9 527
0.9 528
0.9 529
0.9 530
0.9 531
0.91 532
0.91 533
0.91 534
0.91 535
0.91 536
0.91 537
0.91 538
0.92 539
0.92 540
0.92 541
0.92 542
0.92 543
0.92 544
0.92 545
0.93 546
0.93 547
0.93 548
0.93 549
0.93 550
0.93 551
0.93 552
0.93 553
0.94 554
0.94 555
0.94 556
0.94 557
0.94 558
0.94 559
0.94 560
0.95 561
0.95 562
0.95 563
0.95 564
0.95 565
0.95 566
0.96 567
0.96 568
0.96 569
0.96 570
0.96 571
0.96 572
0.97 573
0.97 574
0.97 575
0.97 576
0.97 577
0.97 578
0.98 579
0.98 580
0.98 581
0.98 582
0.98 583
0.99 584
0.99 585
0.99 586
0.99 587
0.99 588
0.99 589
0.99 590
1.0 591
1.0 592
1.0 593
1.0 594
1.0 595
1.0 596
1.0 597
1.01 598
1.01 599
1.01 600
1.01 601
1.01 602
1.01 603
1.01 604
1.01 605
1.02 606
1.02 607
1.02 608
1.02 609
1.02 610
1.02 611
1.02 612
1.03 613
1.03 614
1.03 615
1.03 616
1.03 617
1.03 618
1.03 619
1.04 620
1.04 621
1.04 622
1.04 623
1.04 624
1.04 625
1.04 626
1.05 627
1.05 628
1.05 629
1.05 630
1.05 631
1.05 632
1.05 633
1.05 634
1.06 635
1.06 636
1.06 637
1.06 638
1.06 639
1.06 640
1.07 641
1.07 642
1.07 643
1.07 644
1.07 645
1.07 646
1.07 647
1.08 648
1.08 649
1.08 650
1.08 651
1.08 652
1.08 653
1.08 654
1.09 655
1.09 656
1.09 657
1.09 658
1.09 659
1.09 660
1.09 661
1.09 662
1.1 663
1.1 664
1.1 665
1.1 666
1.1 667
1.1 668
1.1 669
1.11 670
1.11 671
1.11 672
1.11 673
1.11 674
1.11 675
1.11 676
1.12 677
1.12 678
1.12 679
1.12 680
1.12 681
1.12 682
1.12 683
1.12 684
1.13 685
1.13 686
1.13 687
1.13 688
1.13 689
1.13 690
1.13 691
1.14 692
1.14 693
1.14 694
1.14 695
1.14 696
1.14 697
1.14 698
1.15 699
1.15 700
1.15 701
1.15 702
1.15 703
1.15 704
1.15 705
1.16 706
1.16 707
1.16 708
1.16 709
1.16 710
1.16 711
1.16 712
1.16 713
1.17 714
1.17 715
1.17 716
1.17 717
1.17 718
1.17 719
1.17 720
1.18 721
1.18 722
1.18 723
1.18 724
1.18 725
1.18 726
1.18 727
1.19 728
1.19 729
1.19 730
1.19 731
1.19 732
1.19 733
1.19 734
1.19 735
1.2 736
1.2 737
1.2 738
1.2 739
1.2 740
1.2 741
1.21 742
1.21 743
1.21 744
1.21 745
1.21 746
1.21 747
1.21 748
1.22 749
1.22 750
1.22 751
1.22 752
1.22 753
1.22 754
1.23 755
1.23 756
1.23 757
1.23 758
1.23 759
1.23 760
1.24 761
1.24 762
1.24 763
1.24 764
1.24 765
1.24 766
1.24 767
1.25 768
1.25 769
1.25 770
1.25 771
1.25 772
1.25 773
1.25 774
1.26 775
1.26 776
1.26 777
1.26 778
1.26 779
1.26 780
1.26 781
1.27 782
1.27 783
1.27 784
1.27 785
1.27 786
1.27 787
1.27 788
1.28 789
1.28 790
1.28 791
1.28 792
1.28 793
1.28 794
1.28 795
1.29 796
1.29 797
1.29 798
1.29 799
1.29 800
1.29 801
1.29 802
1.3 803
1.3 804
1.3 805
1.3 806
1.3 807
1.3 808
1.3 809
1.31 810
1.31 811
1.31 812
1.31 813
1.31 814
1.31 815
1.31 816
1.32 817
1.32 818
1.32 819
1.32 820
1.32 821
1.32 822
1.32 823
1.33 824
1.33 825
1.33 826
1.33 827
1.33 828
1.33 829
1.34 830
1.34 831
1.34 832
1.34 833
1.34 834
1.35 835
1.35 836
1.35 837
1.35 838
1.35 839
1.35 840
1.36 841
1.36 842
1.36 843
1.36 844
1.36 845
1.36 846
1.37 847
1.37 848
1.37 849
1.37 850
1.37 851
1.37 852
1.38 853
1.38 854
1.38 855
1.38 856
1.38 857
1.38 858
1.38 859
1.39 860
1.39 861
1.39 862
1.39 863
1.39 864
1.39 865
1.39 866
1.39 867
1.4 868
1.4 869
1.4 870
1.4 871
1.4 872
1.4 873
1.4 874
1.41 875
1.41 876
1.41 877
1.41 878
1.41 879
1.41 880
1.41 881
1.42 882
1.42 883
1.42 884
1.42 885
1.42 886
1.42 887
1.42 888
1.43 889
1.43 890
1.43 891
1.43 892
1.43 893
1.43 894
1.43 895
1.44 896
1.44 897
1.44 898
1.44 899
1.44 900
1.44 901
1.44 902
1.44 903
1.45 904
1.45 905
1.45 906
1.45 907
1.45 908
1.45 909
1.45 910
1.46 911
1.46 912
1.46 913
1.46 914
1.46 915
1.46 916
1.46 917
1.46 918
1.47 919
1.47 920
1.47 921
1.47 922
1.47 923
1.47 924
1.47 925
1.48 926
1.48 927
1.48 928
1.48 929
1.48 930
1.48 931
1.48 932
1.49 933
1.49 934
1.49 935
1.49 936
1.49 937
1.49 938
1.49 939
1.5 940
1.5 941
1.5 942
1.5 943
1.5 944
1.5 945
1.51 946
1.51 947
1.51 948
1.51 949
1.51 950
1.51 951
1.51 952
1.52 953
1.52 954
1.52 955
1.52 956
1.52 957
1.52 958
1.52 959
1.53 960
1.53 961
1.53 962
1.53 963
1.53 964
1.53 965
1.53 966
1.53 967
1.54 968
1.54 969
1.54 970
1.54 971
1.54 972
1.54 973
1.54 974
1.55 975
1.55 976
1.55 977
1.55 978
1.55 979
1.55 980
1.55 981
1.56 982
1.56 983
1.56 984
1.56 985
1.56 986
1.56 987
1.56 988
1.56 989
1.57 990
1.57 991
1.57 992
1.57 993
1.57 994
1.57 995
1.57 996
1.58 997
1.58 998
1.58 999
1.58 1000
1.58 1001
1.58 1002
1.58 1003
1.59 1004
1.59 1005
1.59 1006
1.59 1007
1.59 1008
1.59 1009
1.59 1010
1.6 1011
1.6 1012
1.6 1013
1.6 1014
1.6 1015
1.6 1016
1.6 1017
1.61 1018
1.61 1019
1.61 1020
1.61 1021
1.61 1022
1.61 1023
1.61 1024
1.62 1025
1.62 1026
1.62 1027
1.62 1028
1.62 1029
1.62 1030
1.62 1031
1.63 1032
1.63 1033
1.63 1034
1.63 1035
1.63 1036
1.63 1037
1.64 1038
1.64 1039
1.64 1040
1.64 1041
1.64 1042
1.65 1043
1.65 1044
1.65 1045
1.65 1046
1.65 1047
1.65 1048
1.66 1049
1.66 1050
1.66 1051
1.66 1052
1.67 1053
1.67 1054
1.67 1055
1.67 1056
1.67 1057
1.67 1058
1.68 1059
1.68 1060
1.68 1061
1.68 1062
1.68 1063
1.68 1064
1.69 1065
1.69 1066
1.69 1067
1.69 1068
1.69 1069
1.69 1070
1.7 1071
1.7 1072
1.7 1073
1.7 1074
1.7 1075
1.7 1076
1.7 1077
1.71 1078
1.71 1079
1.71 1080
1.71 1081
1.71 1082
1.71 1083
1.71 1084
1.72 1085
1.72 1086
1.72 1087
1.72 1088
1.72 1089
1.72 1090
1.72 1091
1.73 1092
1.73 1093
1.73 1094
1.73 1095
1.73 1096
1.73 1097
1.73 1098
1.74 1099
1.74 1100
1.74 1101
1.74 1102
1.74 1103
1.74 1104
1.74 1105
1.75 1106
1.75 1107
1.75 1108
1.75 1109
1.75 1110
1.75 1111
1.76 1112
1.76 1113
1.76 1114
1.76 1115
1.76 1116
1.76 1117
1.77 1118
1.77 1119
1.77 1120
1.77 1121
1.77 1122
1.77 1123
1.78 1124
1.78 1125
1.78 1126
1.78 1127
1.78 1128
1.78 1129
1.79 1130
1.79 1131
1.79 1132
1.79 1133
1.79 1134
1.79 1135
1.79 1136
1.8 1137
1.8 1138
1.8 1139
1.8 1140
1.8 1141
1.8 1142
1.8 1143
1.81 1144
1.81 1145
1.81 1146
1.81 1147
1.81 1148
1.81 1149
1.81 1150
1.82 1151
1.82 1152
1.82 1153
1.82 1154
1.82 1155
1.82 1156
1.82 1157
1.83 1158
1.83 1159
1.83 1160
1.83 1161
1.83 1162
1.83 1163
1.84 1164
1.84 1165
1.84 1166
1.84 1167
1.84 1168
1.84 1169
1.84 1170
1.85 1171
1.85 1172
1.85 1173
1.85 1174
1.85 1175
1.85 1176
1.85 1177
1.86 1178
1.86 1179
1.86 1180
1.86 1181
1.86 1182
1.86 1183
1.86 1184
1.87 1185
1.87 1186
1.87 1187
1.87 1188
1.87 1189
1.87 1190
1.87 1191
1.88 1192
1.88 1193
1.88 1194
1.88 1195
1.88 1196
1.88 1197
1.88 1198
1.89 1199
1.89 1200
1.89 1201
1.89 1202
1.89 1203
1.89 1204
1.9 1205
1.9 1206
1.9 1207
1.9 1208
1.9 1209
1.91 1210
1.91 1211
1.91 1212
1.91 1213
1.91 1214
1.91 1215
1.92 1216
1.92 1217
1.92 1218
1.92 1219
1.92 1220
1.92 1221
1.92 1222
1.93 1223
1.93 1224
1.93 1225
1.93 1226
1.93 1227
1.93 1228
1.93 1229
1.94 1230
1.94 1231
1.94 1232
1.94 1233
1.94 1234
1.94 1235
1.94 1236
1.95 1237
1.95 1238
1.95 1239
1.95 1240
1.95 1241
1.95 1242
1.95 1243
1.96 1244
1.96 1245
1.96 1246
1.96 1247
1.96 1248
1.96 1249
1.96 1250
1.97 1251
1.97 1252
1.97 1253
1.97 1254
1.97 1255
1.97 1256
1.97 1257
1.98 1258
1.98 1259
1.98 1260
1.98 1261
1.98 1262
1.99 1263
1.99 1264
1.99 1265
1.99 1266
1.99 1267
1.99 1268
1.99 1269
2.0 1270
2.0 1271
2.0 1272
2.0 1273
2.0 1274
2.0 1275
2.01 1276
2.01 1277
2.01 1278
2.01 1279
2.01 1280
2.01 1281
2.02 1282
2.02 1283
2.02 1284
2.02 1285
2.02 1286
2.03 1287
2.03 1288
2.03 1289
2.03 1290
2.03 1291
2.03 1292
2.04 1293
2.04 1294
2.04 1295
2.04 1296
2.04 1297
2.04 1298
2.05 1299
2.05 1300
2.05 1301
2.05 1302
2.05 1303
2.05 1304
2.05 1305
2.06 1306
2.06 1307
2.06 1308
2.06 1309
2.06 1310
2.06 1311
2.06 1312
2.07 1313
2.07 1314
2.07 1315
2.07 1316
2.07 1317
2.07 1318
2.07 1319
2.08 1320
2.08 1321
2.08 1322
2.08 1323
2.08 1324
2.08 1325
2.08 1326
2.09 1327
2.09 1328
2.09 1329
2.09 1330
2.09 1331
2.09 1332
2.09 1333
2.09 1334
2.1 1335
2.1 1336
2.1 1337
2.1 1338
2.1 1339
2.1 1340
2.1 1341
2.11 1342
2.11 1343
2.11 1344
2.11 1345
2.11 1346
2.11 1347
2.12 1348
2.12 1349
2.12 1350
2.12 1351
2.12 1352
2.12 1353
2.12 1354
2.13 1355
2.13 1356
2.13 1357
2.13 1358
2.13 1359
2.13 1360
2.13 1361
2.14 1362
2.14 1363
2.14 1364
2.14 1365
2.14 1366
2.14 1367
2.14 1368
2.15 1369
2.15 1370
2.15 1371
2.15 1372
2.15 1373
2.15 1374
2.15 1375
2.16 1376
2.16 1377
2.16 1378
2.16 1379
2.16 1380
2.16 1381
2.17 1382
2.17 1383
2.17 1384
2.17 1385
2.17 1386
2.18 1387
2.18 1388
2.18 1389
2.18 1390
2.18 1391
2.18 1392
2.19 1393
2.19 1394
2.19 1395
2.19 1396
2.19 1397
2.19 1398
2.2 1399
2.2 1400
2.2 1401
2.2 1402
2.2 1403
2.2 1404
2.2 1405
2.21 1406
2.21 1407
2.21 1408
2.21 1409
2.21 1410
2.21 1411
2.21 1412
2.22 1413
2.22 1414
2.22 1415
2.22 1416
2.22 1417
2.22 1418
2.22 1419
2.23 1420
2.23 1421
2.23 1422
2.23 1423
2.23 1424
2.23 1425
2.23 1426
2.24 1427
2.24 1428
2.24 1429
2.24 1430
2.24 1431
2.24 1432
2.24 1433
2.25 1434
2.25 1435
2.25 1436
2.25 1437
2.25 1438
2.25 1439
2.25 1440
2.26 1441
2.26 1442
2.26 1443
2.26 1444
2.26 1445
2.26 1446
2.26 1447
2.27 1448
2.27 1449
2.27 1450
2.27 1451
2.27 1452
2.27 1453
2.27 1454
2.28 1455
2.28 1456
2.28 1457
2.29 1458
2.29 1459
2.29 1460
2.3 1461
2.3 1462
2.31 1463
2.31 1464
2.31 1465
2.31 1466
2.32 1467
2.32 1468
2.32 1469
2.32 1470
2.32 1471
2.33 1472
2.33 1473
2.33 1474
2.33 1475
2.34 1476
2.34 1477
2.34 1478
2.35 1479
2.35 1480
2.36 1481
2.36 1482
2.36 1483
2.36 1484
2.37 1485
2.37 1486
2.37 1487
2.37 1488
2.38 1489
2.38 1490
2.38 1491
2.38 1492
2.38 1493
2.39 1494
2.39 1495
2.39 1496
2.39 1497
2.4 1498
2.4 1499
2.4 1500
2.4 1501
2.41 1502
2.41 1503
2.41 1504
2.41 1505
2.42 1506
2.42 1507
2.42 1508
2.42 1509
2.43 1510
2.43 1511
2.43 1512
2.43 1513
2.44 1514
2.44 1515
2.44 1516
2.44 1517
2.45 1518
2.45 1519
2.45 1520
2.45 1521
2.45 1522
2.45 1523
2.46 1524
2.46 1525
2.46 1526
2.46 1527
2.46 1528
2.47 1529
2.47 1530
2.47 1531
2.47 1532
2.47 1533
2.48 1534
2.48 1535
2.48 1536
2.48 1537
2.48 1538
2.48 1539
2.49 1540
2.49 1541
2.49 1542
2.49 1543
2.49 1544
2.49 1545
2.5 1546
2.5 1547
2.5 1548
2.5 1549
2.5 1550
2.5 1551
2.5 1552
2.5 1553
2.51 1554
2.51 1555
2.51 1556
2.51 1557
2.51 1558
2.51 1559
2.51 1560
2.52 1561
2.52 1562
2.52 1563
2.52 1564
2.52 1565
2.52 1566
2.52 1567
2.53 1568
2.53 1569
2.53 1570
2.53 1571
2.53 1572
2.53 1573
2.53 1574
2.54 1575
2.54 1576
2.54 1577
2.54 1578
2.54 1579
2.54 1580
2.55 1581
2.55 1582
2.55 1583
2.55 1584
2.55 1585
2.55 1586
2.56 1587
2.56 1588
2.56 1589
2.56 1590
2.56 1591
2.56 1592
2.57 1593
2.57 1594
2.57 1595
2.57 1596
2.57 1597
2.57 1598
2.57 1599
2.58 1600
2.58 1601
2.58 1602
2.58 1603
2.58 1604
2.58 1605
2.58 1606
2.59 1607
2.59 1608
2.59 1609
2.59 1610
2.59 1611
2.59 1612
2.6 1613
2.6 1614
2.6 1615
2.6 1616
2.6 1617
2.6 1618
2.6 1619
2.61 1620
2.61 1621
2.61 1622
2.61 1623
2.61 1624
2.61 1625
2.62 1626
2.62 1627
2.62 1628
2.62 1629
2.62 1630
2.62 1631
2.63 1632
2.63 1633
2.63 1634
2.63 1635
2.63 1636
2.63 1637
2.63 1638
2.64 1639
2.64 1640
2.64 1641
2.64 1642
2.64 1643
2.64 1644
2.65 1645
2.65 1646
2.65 1647
2.65 1648
2.65 1649
2.65 1650
2.65 1651
2.66 1652
2.66 1653
2.66 1654
2.66 1655
2.66 1656
2.66 1657
2.67 1658
2.67 1659
2.67 1660
2.67 1661
2.67 1662
2.67 1663
2.68 1664
2.68 1665
2.68 1666
2.68 1667
2.69 1668
2.69 1669
2.69 1670
2.69 1671
2.69 1672
2.7 1673
2.7 1674
2.7 1675
2.7 1676
2.7 1677
2.71 1678
2.71 1679
2.71 1680
2.71 1681
2.71 1682
2.72 1683
2.72 1684
2.72 1685
2.72 1686
2.72 1687
2.73 1688
2.73 1689
2.73 1690
2.73 1691
2.73 1692
2.74 1693
2.74 1694
2.74 1695
2.74 1696
2.74 1697
2.75 1698
2.75 1699
2.75 1700
2.75 1701
2.75 1702
2.75 1703
2.76 1704
2.76 1705
2.76 1706
2.76 1707
2.76 1708
2.77 1709
2.77 1710
2.77 1711
2.77 1712
2.77 1713
2.77 1714
2.78 1715
2.78 1716
2.78 1717
2.78 1718
2.78 1719
2.79 1720
2.79 1721
2.79 1722
2.79 1723
2.79 1724
2.8 1725
2.8 1726
2.8 1727
2.8 1728
2.8 1729
2.8 1730
2.8 1731
2.81 1732
2.81 1733
2.81 1734
2.81 1735
2.81 1736
2.81 1737
2.82 1738
2.82 1739
2.82 1740
2.82 1741
2.82 1742
2.83 1743
2.83 1744
2.83 1745
2.83 1746
2.84 1747
2.84 1748
2.84 1749
2.84 1750
2.84 1751
2.84 1752
2.85 1753
2.85 1754
2.85 1755
2.85 1756
2.85 1757
2.85 1758
2.85 1759
2.86 1760
2.86 1761
2.86 1762
2.86 1763
2.86 1764
2.86 1765
2.87 1766
2.87 1767
2.87 1768
2.87 1769
2.87 1770
2.87 1771
2.87 1772
2.88 1773
2.88 1774
2.88 1775
2.88 1776
2.88 1777
2.88 1778
2.88 1779
2.89 1780
2.89 1781
2.89 1782
2.89 1783
2.89 1784
2.89 1785
2.89 1786
2.9 1787
2.9 1788
2.9 1789
2.9 1790
2.9 1791
2.9 1792
2.9 1793
2.9 1794
2.91 1795
2.91 1796
2.91 1797
2.91 1798
2.91 1799
2.91 1800
2.92 1801
2.92 1802
2.92 1803
2.92 1804
2.92 1805
2.92 1806
2.92 1807
2.92 1808
2.93 1809
2.93 1810
2.93 1811
2.93 1812
2.93 1813
2.93 1814
2.93 1815
2.94 1816
2.94 1817
2.94 1818
2.94 1819
2.94 1820
2.94 1821
2.95 1822
2.95 1823
2.95 1824
2.95 1825
2.95 1826
2.96 1827
2.96 1828
2.96 1829
2.96 1830
2.96 1831
2.97 1832
2.97 1833
2.97 1834
2.97 1835
2.98 1836
2.98 1837
2.98 1838
2.98 1839
2.98 1840
2.99 1841
2.99 1842
2.99 1843
2.99 1844
2.99 1845
2.99 1846
3.0 1847
3.0 1848
3.0 1849
3.0 1850
3.0 1851
3.0 1852
3.01 1853
3.01 1854
3.01 1855
3.01 1856
3.01 1857
3.01 1858
3.01 1859
3.02 1860
3.02 1861
3.02 1862
3.02 1863
3.02 1864
3.02 1865
3.02 1866
3.03 1867
3.03 1868
3.03 1869
3.03 1870
3.03 1871
3.03 1872
3.03 1873
3.04 1874
3.04 1875
3.04 1876
3.04 1877
3.04 1878
3.04 1879
3.05 1880
3.05 1881
3.05 1882
3.05 1883
3.05 1884
3.05 1885
3.05 1886
3.06 1887
3.06 1888
3.06 1889
3.06 1890
3.06 1891
3.06 1892
3.07 1893
3.07 1894
3.07 1895
3.07 1896
3.07 1897
3.07 1898
3.07 1899
3.08 1900
3.08 1901
3.08 1902
3.08 1903
3.08 1904
3.08 1905
3.08 1906
3.09 1907
3.09 1908
3.09 1909
3.09 1910
3.09 1911
3.1 1912
3.1 1913
3.1 1914
3.1 1915
3.1 1916
3.1 1917
3.11 1918
3.11 1919
3.11 1920
3.11 1921
3.12 1922
3.12 1923
3.12 1924
3.12 1925
3.12 1926
3.12 1927
3.13 1928
3.13 1929
3.13 1930
3.13 1931
3.13 1932
3.13 1933
3.13 1934
3.14 1935
3.14 1936
3.14 1937
3.14 1938
3.14 1939
3.14 1940
3.14 1941
3.15 1942
3.15 1943
3.15 1944
3.15 1945
3.15 1946
3.15 1947
3.15 1948
3.16 1949
3.16 1950
3.16 1951
3.16 1952
3.16 1953
3.16 1954
3.16 1955
3.17 1956
3.17 1957
3.17 1958
3.17 1959
3.17 1960
3.17 1961
3.17 1962
3.18 1963
3.18 1964
3.18 1965
3.18 1966
3.18 1967
3.18 1968
3.18 1969
3.19 1970
3.19 1971
3.19 1972
3.19 1973
3.19 1974
3.19 1975
3.19 1976
3.2 1977
3.2 1978
3.2 1979
3.2 1980
3.2 1981
3.2 1982
3.2 1983
3.2 1984
3.21 1985
3.21 1986
3.21 1987
3.21 1988
3.21 1989
3.21 1990
3.21 1991
3.22 1992
3.22 1993
3.22 1994
3.22 1995
3.22 1996
3.22 1997
3.22 1998
3.23 1999
3.23 2000
3.23 2001
3.23 2002
3.23 2003
3.23 2004
3.24 2005
3.24 2006
3.24 2007
3.24 2008
3.24 2009
3.24 2010
3.25 2011
3.25 2012
3.25 2013
3.25 2014
3.25 2015
3.25 2016
3.26 2017
3.26 2018
3.26 2019
3.26 2020
3.26 2021
3.26 2022
3.26 2023
3.27 2024
3.27 2025
3.27 2026
3.27 2027
3.27 2028
3.27 2029
3.27 2030
3.28 2031
3.28 2032
3.28 2033
3.28 2034
3.28 2035
3.28 2036
3.28 2037
3.29 2038
3.29 2039
3.29 2040
3.29 2041
3.29 2042
3.29 2043
3.29 2044
3.3 2045
3.3 2046
3.3 2047
3.3 2048
3.3 2049
3.3 2050
3.3 2051
3.31 2052
3.31 2053
3.31 2054
3.31 2055
3.31 2056
3.31 2057
3.31 2058
3.32 2059
3.32 2060
3.32 2061
3.32 2062
3.32 2063
3.32 2064
3.32 2065
3.33 2066
3.33 2067
3.33 2068
3.33 2069
3.33 2070
3.33 2071
3.34 2072
3.34 2073
3.34 2074
3.34 2075
3.34 2076
3.34 2077
3.35 2078
3.35 2079
3.35 2080
3.35 2081
3.35 2082
3.35 2083
3.36 2084
3.36 2085
3.36 2086
3.36 2087
3.36 2088
3.37 2089
3.37 2090
3.37 2091
3.37 2092
3.37 2093
3.38 2094
3.38 2095
3.38 2096
3.38 2097
3.38 2098
3.39 2099
3.39 2100
3.39 2101
3.39 2102
3.39 2103
3.39 2104
3.4 2105
3.4 2106
3.4 2107
3.4 2108
3.4 2109
3.4 2110
3.41 2111
3.41 2112
3.41 2113
3.41 2114
3.41 2115
3.41 2116
3.42 2117
3.42 2118
3.42 2119
3.42 2120
3.42 2121
3.42 2122
3.43 2123
3.43 2124
3.43 2125
3.43 2126
3.43 2127
3.44 2128
3.44 2129
3.44 2130
3.44 2131
3.44 2132
3.44 2133
3.44 2134
3.45 2135
3.45 2136
3.45 2137
3.45 2138
3.45 2139
3.45 2140
3.46 2141
3.46 2142
3.46 2143
3.46 2144
3.46 2145
3.46 2146
3.47 2147
3.47 2148
3.47 2149
3.47 2150
3.47 2151
3.47 2152
3.48 2153
3.48 2154
3.48 2155
3.48 2156
3.48 2157
3.48 2158
3.49 2159
3.49 2160
3.49 2161
3.49 2162
3.49 2163
3.49 2164
3.5 2165
3.5 2166
3.5 2167
3.5 2168
3.5 2169
3.51 2170
3.51 2171
3.51 2172
3.51 2173
3.51 2174
3.52 2175
3.52 2176
3.52 2177
3.52 2178
3.52 2179
3.52 2180
3.52 2181
3.53 2182
3.53 2183
3.53 2184
3.53 2185
3.53 2186
3.53 2187
3.53 2188
3.54 2189
3.54 2190
3.54 2191
3.54 2192
3.54 2193
3.54 2194
3.54 2195
3.55 2196
3.55 2197
3.55 2198
3.55 2199
3.55 2200
3.55 2201
3.55 2202
3.55 2203
3.56 2204
3.56 2205
3.56 2206
3.56 2207
3.56 2208
3.56 2209
3.56 2210
3.57 2211
3.57 2212
3.57 2213
3.57 2214
3.57 2215
3.57 2216
3.57 2217
3.58 2218
3.58 2219
3.58 2220
3.58 2221
3.58 2222
3.58 2223
3.58 2224
3.59 2225
3.59 2226
3.59 2227
3.59 2228
3.59 2229
3.59 2230
3.59 2231
3.59 2232
3.6 2233
3.6 2234
3.6 2235
3.6 2236
3.6 2237
3.6 2238
3.6 2239
3.61 2240
3.61 2241
3.61 2242
3.61 2243
3.61 2244
3.61 2245
3.62 2246
3.62 2247
3.62 2248
3.62 2249
3.62 2250
3.62 2251
3.63 2252
3.63 2253
3.63 2254
3.63 2255
3.63 2256
3.63 2257
3.63 2258
3.64 2259
3.64 2260
3.64 2261
3.64 2262
3.64 2263
3.64 2264
3.64 2265
3.65 2266
3.65 2267
3.65 2268
3.65 2269
3.65 2270
3.65 2271
3.65 2272
3.66 2273
3.66 2274
3.66 2275
3.66 2276
3.66 2277
3.66 2278
3.66 2279
3.66 2280
3.67 2281
3.67 2282
3.67 2283
3.67 2284
3.67 2285
3.67 2286
3.67 2287
3.68 2288
3.68 2289
3.68 2290
3.68 2291
3.68 2292
3.68 2293
3.68 2294
3.69 2295
3.69 2296
3.69 2297
3.69 2298
3.69 2299
3.69 2300
3.69 2301
3.69 2302
3.7 2303
3.7 2304
3.7 2305
3.7 2306
3.7 2307
3.7 2308
3.7 2309
3.71 2310
3.71 2311
3.71 2312
3.71 2313
3.71 2314
3.71 2315
3.71 2316
3.72 2317
3.72 2318
3.72 2319
3.72 2320
3.72 2321
3.72 2322
3.72 2323
3.72 2324
3.73 2325
3.73 2326
3.73 2327
3.73 2328
3.73 2329
3.73 2330
3.73 2331
3.74 2332
3.74 2333
3.74 2334
3.74 2335
3.74 2336
3.74 2337
3.74 2338
3.75 2339
3.75 2340
3.75 2341
3.75 2342
3.75 2343
3.75 2344
3.75 2345
3.76 2346
3.76 2347
3.76 2348
3.76 2349
3.76 2350
3.76 2351
3.77 2352
3.77 2353
3.77 2354
3.77 2355
3.77 2356
3.77 2357
3.77 2358
3.78 2359
3.78 2360
3.78 2361
3.78 2362
3.78 2363
3.78 2364
3.78 2365
3.78 2366
3.79 2367
3.79 2368
3.79 2369
3.79 2370
3.79 2371
3.79 2372
3.79 2373
3.8 2374
3.8 2375
3.8 2376
3.8 2377
3.8 2378
3.8 2379
3.8 2380
3.8 2381
3.81 2382
3.81 2383
3.81 2384
3.81 2385
3.81 2386
3.81 2387
3.81 2388
3.82 2389
3.82 2390
3.82 2391
3.82 2392
3.82 2393
3.82 2394
3.82 2395
3.83 2396
3.83 2397
3.83 2398
3.83 2399
3.83 2400
3.83 2401
3.83 2402
3.84 2403
3.84 2404
3.84 2405
3.84 2406
3.84 2407
3.84 2408
3.84 2409
3.85 2410
3.85 2411
3.85 2412
3.85 2413
3.85 2414
3.85 2415
3.85 2416
3.86 2417
3.86 2418
3.86 2419
3.86 2420
3.86 2421
3.86 2422
3.86 2423
3.87 2424
3.87 2425
3.87 2426
3.87 2427
3.87 2428
3.87 2429
3.87 2430
3.87 2431
3.88 2432
3.88 2433
3.88 2434
3.88 2435
3.88 2436
3.88 2437
3.88 2438
3.89 2439
3.89 2440
3.89 2441
3.89 2442
3.89 2443
3.89 2444
3.9 2445
3.9 2446
3.9 2447
3.9 2448
3.9 2449
3.9 2450
3.9 2451
3.91 2452
3.91 2453
3.91 2454
3.91 2455
3.91 2456
3.91 2457
3.92 2458
3.92 2459
3.92 2460
3.92 2461
3.92 2462
3.92 2463
3.93 2464
3.93 2465
3.93 2466
3.93 2467
3.93 2468
3.93 2469
3.94 2470
3.94 2471
3.94 2472
3.94 2473
3.94 2474
3.94 2475
3.95 2476
3.95 2477
3.95 2478
3.95 2479
3.95 2480
3.95 2481
3.96 2482
3.96 2483
3.96 2484
3.96 2485
3.96 2486
3.97 2487
3.97 2488
3.97 2489
3.97 2490
3.97 2491
3.97 2492
3.97 2493
3.98 2494
3.98 2495
3.98 2496
3.98 2497
3.98 2498
3.99 2499
3.99 2500
3.99 2501
3.99 2502
3.99 2503
3.99 2504
4.0 2505
4.0 2506
4.0 2507
4.0 2508
4.0 2509
4.0 2510
4.01 2511
4.01 2512
4.01 2513
4.01 2514
4.01 2515
4.01 2516
4.02 2517
4.02 2518
4.02 2519
4.02 2520
4.02 2521
4.03 2522
4.03 2523
4.03 2524
4.03 2525
4.03 2526
4.04 2527
4.04 2528
4.04 2529
4.04 2530
4.04 2531
4.05 2532
4.05 2533
4.05 2534
4.05 2535
4.05 2536
4.05 2537
4.06 2538
4.06 2539
4.06 2540
4.06 2541
4.06 2542
4.07 2543
4.07 2544
4.07 2545
4.07 2546
4.07 2547
4.07 2548
4.08 2549
4.08 2550
4.08 2551
4.08 2552
4.08 2553
4.09 2554
4.09 2555
4.09 2556
4.09 2557
4.09 2558
4.09 2559
4.1 2560
4.1 2561
4.1 2562
4.1 2563
4.1 2564
4.1 2565
4.1 2566
4.11 2567
4.11 2568
4.11 2569
4.11 2570
4.11 2571
4.12 2572
4.12 2573
4.12 2574
4.12 2575
4.12 2576
4.12 2577
4.13 2578
4.13 2579
4.13 2580
4.13 2581
4.13 2582
4.13 2583
4.13 2584
4.14 2585
4.14 2586
4.14 2587
4.14 2588
4.14 2589
4.14 2590
4.15 2591
4.15 2592
4.15 2593
4.15 2594
4.15 2595
4.16 2596
4.16 2597
4.16 2598
4.16 2599
4.16 2600
4.17 2601
4.17 2602
4.17 2603
4.17 2604
4.17 2605
4.18 2606
4.18 2607
4.18 2608
4.18 2609
4.18 2610
4.18 2611
4.18 2612
4.19 2613
4.19 2614
4.19 2615
4.19 2616
4.19 2617
4.19 2618
4.19 2619
4.2 2620
4.2 2621
4.2 2622
4.2 2623
4.2 2624
4.2 2625
4.2 2626
4.21 2627
4.21 2628
4.21 2629
4.21 2630
4.21 2631
4.21 2632
4.21 2633
4.22 2634
4.22 2635
4.22 2636
4.22 2637
4.22 2638
4.22 2639
4.22 2640
4.22 2641
4.23 2642
4.23 2643
4.23 2644
4.23 2645
4.23 2646
4.23 2647
4.23 2648
4.24 2649
4.24 2650
4.24 2651
4.24 2652
4.24 2653
4.24 2654
4.24 2655
4.25 2656
4.25 2657
4.25 2658
4.25 2659
4.25 2660
4.25 2661
4.25 2662
4.26 2663
4.26 2664
4.26 2665
4.26 2666
4.26 2667
4.26 2668
4.26 2669
4.27 2670
4.27 2671
4.27 2672
4.27 2673
4.27 2674
4.27 2675
4.27 2676
4.28 2677
4.28 2678
4.28 2679
4.28 2680
4.28 2681
4.28 2682
4.28 2683
4.29 2684
4.29 2685
4.29 2686
4.29 2687
4.29 2688
4.29 2689
4.3 2690
4.3 2691
4.3 2692
4.3 2693
4.3 2694
4.3 2695
4.31 2696
4.31 2697
4.31 2698
4.31 2699
4.31 2700
4.31 2701
4.31 2702
4.32 2703
4.32 2704
4.32 2705
4.32 2706
4.32 2707
4.32 2708
4.32 2709
4.33 2710
4.33 2711
4.33 2712
4.33 2713
4.33 2714
4.33 2715
4.33 2716
4.34 2717
4.34 2718
4.34 2719
4.34 2720
4.34 2721
4.34 2722
4.34 2723
4.35 2724
4.35 2725
4.35 2726
4.35 2727
4.35 2728
4.35 2729
4.35 2730
4.36 2731
4.36 2732
4.36 2733
4.36 2734
4.36 2735
4.36 2736
4.36 2737
4.36 2738
4.37 2739
4.37 2740
4.37 2741
4.37 2742
4.37 2743
4.37 2744
4.37 2745
4.38 2746
4.38 2747
4.38 2748
4.38 2749
4.38 2750
4.38 2751
4.38 2752
4.39 2753
4.39 2754
4.39 2755
4.39 2756
4.39 2757
4.39 2758
4.39 2759
4.4 2760
4.4 2761
4.4 2762
4.4 2763
4.4 2764
4.4 2765
4.4 2766
4.41 2767
4.41 2768
4.41 2769
4.41 2770
4.41 2771
4.41 2772
4.42 2773
4.42 2774
4.42 2775
4.42 2776
4.42 2777
4.42 2778
4.42 2779
4.43 2780
4.43 2781
4.43 2782
4.43 2783
4.43 2784
4.44 2785
4.44 2786
4.44 2787
4.44 2788
4.44 2789
4.45 2790
4.45 2791
4.45 2792
4.45 2793
4.45 2794
4.45 2795
4.46 2796
4.46 2797
4.46 2798
4.46 2799
4.46 2800
4.46 2801
4.47 2802
4.47 2803
4.47 2804
4.47 2805
4.47 2806
4.48 2807
4.48 2808
4.48 2809
4.48 2810
4.48 2811
4.48 2812
4.49 2813
4.49 2814
4.49 2815
4.49 2816
4.49 2817
4.49 2818
4.5 2819
4.5 2820
4.5 2821
4.5 2822
4.5 2823
4.5 2824
4.51 2825
4.51 2826
4.51 2827
4.51 2828
4.51 2829
4.51 2830
4.52 2831
4.52 2832
4.52 2833
4.52 2834
4.52 2835
4.52 2836
4.52 2837
4.53 2838
4.53 2839
4.53 2840
4.53 2841
4.53 2842
4.53 2843
4.54 2844
4.54 2845
4.54 2846
4.54 2847
4.54 2848
4.54 2849
4.55 2850
4.55 2851
4.55 2852
4.55 2853
4.55 2854
4.55 2855
4.55 2856
4.56 2857
4.56 2858
4.56 2859
4.56 2860
4.57 2861
4.57 2862
4.57 2863
4.57 2864
4.57 2865
4.57 2866
4.58 2867
4.58 2868
4.58 2869
4.58 2870
4.58 2871
4.59 2872
4.59 2873
4.59 2874
4.59 2875
4.59 2876
4.59 2877
4.6 2878
4.6 2879
4.6 2880
4.6 2881
4.6 2882
4.6 2883
4.61 2884
4.61 2885
4.61 2886
4.61 2887
4.61 2888
4.61 2889
4.62 2890
4.62 2891
4.62 2892
4.62 2893
4.62 2894
4.62 2895
4.63 2896
4.63 2897
4.63 2898
4.63 2899
4.63 2900
4.63 2901
4.63 2902
4.64 2903
4.64 2904
4.64 2905
4.64 2906
4.64 2907
4.64 2908
4.64 2909
4.65 2910
4.65 2911
4.65 2912
4.65 2913
4.65 2914
4.65 2915
4.65 2916
4.66 2917
4.66 2918
4.66 2919
4.66 2920
4.66 2921
4.66 2922
4.66 2923
4.66 2924
4.67 2925
4.67 2926
4.67 2927
4.67 2928
4.67 2929
4.67 2930
4.67 2931
4.68 2932
4.68 2933
4.68 2934
4.68 2935
4.68 2936
4.68 2937
4.68 2938
4.69 2939
4.69 2940
4.69 2941
4.69 2942
4.69 2943
4.69 2944
4.69 2945
4.7 2946
4.7 2947
4.7 2948
4.7 2949
4.7 2950
4.7 2951
4.7 2952
4.71 2953
4.71 2954
4.71 2955
4.71 2956
4.71 2957
4.71 2958
4.71 2959
4.72 2960
4.72 2961
4.72 2962
4.72 2963
4.72 2964
4.72 2965
4.72 2966
4.73 2967
4.73 2968
4.73 2969
4.73 2970
4.73 2971
4.73 2972
4.73 2973
4.74 2974
4.74 2975
4.74 2976
4.74 2977
4.74 2978
4.74 2979
4.75 2980
4.75 2981
4.75 2982
4.75 2983
4.75 2984
4.75 2985
4.75 2986
4.75 2987
4.76 2988
4.76 2989
4.76 2990
4.76 2991
4.76 2992
4.76 2993
4.76 2994
4.77 2995
4.77 2996
4.77 2997
4.77 2998
4.77 2999
4.77 3000
4.77 3001
4.77 3002
4.78 3003
4.78 3004
4.78 3005
4.78 3006
4.78 3007
4.78 3008
4.78 3009
4.79 3010
4.79 3011
4.79 3012
4.79 3013
4.79 3014
4.79 3015
4.79 3016
4.8 3017
4.8 3018
4.8 3019
4.8 3020
4.8 3021
4.8 3022
4.8 3023
4.8 3024
4.81 3025
4.81 3026
4.81 3027
4.81 3028
4.81 3029
4.81 3030
4.81 3031
4.82 3032
4.82 3033
4.82 3034
4.82 3035
4.82 3036
4.82 3037
4.83 3038
4.83 3039
4.83 3040
4.83 3041
4.83 3042
4.83 3043
4.84 3044
4.84 3045
4.84 3046
4.84 3047
4.84 3048
4.84 3049
4.84 3050
4.85 3051
4.85 3052
4.85 3053
4.85 3054
4.85 3055
4.85 3056
4.85 3057
4.86 3058
4.86 3059
4.86 3060
4.86 3061
4.86 3062
4.86 3063
4.86 3064
4.86 3065
4.87 3066
4.87 3067
4.87 3068
4.87 3069
4.87 3070
4.87 3071
4.87 3072
4.88 3073
4.88 3074
4.88 3075
4.88 3076
4.88 3077
4.88 3078
4.88 3079
4.88 3080
4.89 3081
4.89 3082
4.89 3083
4.89 3084
4.89 3085
4.89 3086
4.89 3087
4.9 3088
4.9 3089
4.9 3090
4.9 3091
4.9 3092
4.9 3093
4.9 3094
4.91 3095
4.91 3096
4.91 3097
4.91 3098
4.91 3099
4.91 3100
4.91 3101
4.91 3102
4.92 3103
4.92 3104
4.92 3105
4.92 3106
4.92 3107
4.92 3108
4.92 3109
4.93 3110
4.93 3111
4.93 3112
4.93 3113
4.93 3114
4.93 3115
4.93 3116
4.94 3117
4.94 3118
4.94 3119
4.94 3120
4.94 3121
4.94 3122
4.94 3123
4.94 3124
4.95 3125
4.95 3126
4.95 3127
4.95 3128
4.95 3129
4.95 3130
4.96 3131
4.96 3132
4.96 3133
4.96 3134
4.96 3135
4.96 3136
4.96 3137
4.97 3138
4.97 3139
4.97 3140
4.97 3141
4.97 3142
4.97 3143
4.97 3144
4.98 3145
4.98 3146
4.98 3147
4.98 3148
4.98 3149
4.98 3150
4.99 3151
4.99 3152
4.99 3153
4.99 3154
4.99 3155
5.0 3156
5.0 3157
5.0 3158
5.0 3159
5.0 3160
5.01 3161
5.01 3162
5.01 3163
5.01 3164
5.01 3165
5.02 3166
5.02 3167
5.02 3168
5.02 3169
5.02 3170
5.02 3171
5.03 3172
5.03 3173
5.03 3174
5.03 3175
5.03 3176
5.03 3177
5.04 3178
5.04 3179
5.04 3180
5.04 3181
5.04 3182
5.04 3183
5.05 3184
5.05 3185
5.05 3186
5.05 3187
5.05 3188
5.05 3189
5.06 3190
5.06 3191
5.06 3192
5.06 3193
5.06 3194
5.06 3195
5.07 3196
5.07 3197
5.07 3198
5.07 3199
5.07 3200
5.07 3201
5.07 3202
5.08 3203
5.08 3204
5.08 3205
5.08 3206
5.08 3207
5.09 3208
5.09 3209
5.09 3210
5.09 3211
5.09 3212
5.09 3213
5.1 3214
5.1 3215
5.1 3216
5.1 3217
5.1 3218
5.11 3219
5.11 3220
5.11 3221
5.11 3222
5.11 3223
5.12 3224
5.12 3225
5.12 3226
5.12 3227
5.12 3228
5.12 3229
5.13 3230
5.13 3231
5.13 3232
5.13 3233
5.13 3234
5.13 3235
5.14 3236
5.14 3237
5.14 3238
5.14 3239
5.14 3240
5.14 3241
5.15 3242
5.15 3243
5.15 3244
5.15 3245
5.15 3246
5.15 3247
5.16 3248
5.16 3249
5.16 3250
5.16 3251
5.16 3252
5.16 3253
5.16 3254
5.17 3255
5.17 3256
5.17 3257
5.17 3258
5.17 3259
5.17 3260
5.18 3261
5.18 3262
5.18 3263
5.18 3264
5.18 3265
5.18 3266
5.18 3267
5.19 3268
5.19 3269
5.19 3270
5.19 3271
5.19 3272
5.19 3273
5.19 3274
5.19 3275
5.2 3276
5.2 3277
5.2 3278
5.2 3279
5.2 3280
5.2 3281
5.2 3282
5.21 3283
5.21 3284
5.21 3285
5.21 3286
5.21 3287
5.21 3288
5.22 3289
5.22 3290
5.22 3291
5.22 3292
5.22 3293
5.22 3294
5.22 3295
5.23 3296
5.23 3297
5.23 3298
5.23 3299
5.23 3300
5.23 3301
5.23 3302
5.24 3303
5.24 3304
5.24 3305
5.24 3306
5.24 3307
5.24 3308
5.24 3309
5.25 3310
5.25 3311
5.25 3312
5.25 3313
5.25 3314
5.25 3315
5.26 3316
5.26 3317
5.26 3318
5.26 3319
5.26 3320
5.26 3321
5.26 3322
5.27 3323
5.27 3324
5.27 3325
5.27 3326
5.27 3327
5.27 3328
5.27 3329
5.28 3330
5.28 3331
5.28 3332
5.28 3333
5.28 3334
5.28 3335
5.28 3336
5.29 3337
5.29 3338
5.29 3339
5.29 3340
5.29 3341
5.29 3342
5.29 3343
5.29 3344
5.3 3345
5.3 3346
5.3 3347
5.3 3348
5.3 3349
5.3 3350
5.3 3351
5.31 3352
5.31 3353
5.31 3354
5.31 3355
5.31 3356
5.31 3357
5.31 3358
5.31 3359
5.32 3360
5.32 3361
5.32 3362
5.32 3363
5.32 3364
5.32 3365
5.32 3366
5.33 3367
5.33 3368
5.33 3369
5.33 3370
5.33 3371
5.33 3372
5.33 3373
5.34 3374
5.34 3375
5.34 3376
5.34 3377
5.34 3378
5.34 3379
5.35 3380
5.35 3381
5.35 3382
5.35 3383
5.35 3384
5.35 3385
5.35 3386
5.36 3387
5.36 3388
5.36 3389
5.36 3390
5.36 3391
5.36 3392
5.36 3393
5.36 3394
5.37 3395
5.37 3396
5.37 3397
5.37 3398
5.37 3399
5.37 3400
5.38 3401
5.38 3402
5.38 3403
5.38 3404
5.38 3405
5.38 3406
5.39 3407
5.39 3408
5.39 3409
5.39 3410
5.39 3411
5.39 3412
5.39 3413
5.39 3414
5.4 3415
5.4 3416
5.4 3417
5.4 3418
5.4 3419
5.4 3420
5.4 3421
5.41 3422
5.41 3423
5.41 3424
5.41 3425
5.41 3426
5.41 3427
5.41 3428
5.42 3429
5.42 3430
5.42 3431
5.42 3432
5.42 3433
5.42 3434
5.42 3435
5.42 3436
5.43 3437
5.43 3438
5.43 3439
5.43 3440
5.43 3441
5.43 3442
5.43 3443
5.44 3444
5.44 3445
5.44 3446
5.44 3447
5.44 3448
5.44 3449
5.44 3450
5.45 3451
5.45 3452
5.45 3453
5.45 3454
5.45 3455
5.45 3456
5.45 3457
5.45 3458
5.46 3459
5.46 3460
5.46 3461
5.46 3462
5.46 3463
5.46 3464
5.46 3465
5.47 3466
5.47 3467
5.47 3468
5.47 3469
5.47 3470
5.47 3471
5.47 3472
5.48 3473
5.48 3474
5.48 3475
5.48 3476
5.48 3477
5.48 3478
5.48 3479
5.48 3480
5.49 3481
5.49 3482
5.49 3483
5.49 3484
5.49 3485
5.49 3486
5.49 3487
5.5 3488
5.5 3489
5.5 3490
5.5 3491
5.5 3492
5.5 3493
5.5 3494
5.51 3495
5.51 3496
5.51 3497
5.51 3498
5.51 3499
5.51 3500
5.51 3501
5.51 3502
5.52 3503
5.52 3504
5.52 3505
5.52 3506
5.52 3507
5.52 3508
5.53 3509
5.53 3510
5.53 3511
5.53 3512
5.53 3513
5.53 3514
5.53 3515
5.54 3516
5.54 3517
5.54 3518
5.54 3519
5.54 3520
5.54 3521
5.55 3522
5.55 3523
5.55 3524
5.55 3525
5.55 3526
5.55 3527
5.55 3528
5.55 3529
5.56 3530
5.56 3531
5.56 3532
5.56 3533
5.56 3534
5.56 3535
5.56 3536
5.57 3537
5.57 3538
5.57 3539
5.57 3540
5.57 3541
5.57 3542
5.57 3543
5.58 3544
5.58 3545
5.58 3546
5.58 3547
5.58 3548
5.58 3549
5.58 3550
5.58 3551
5.59 3552
5.59 3553
5.59 3554
5.59 3555
5.59 3556
5.59 3557
5.59 3558
5.6 3559
5.6 3560
5.6 3561
5.6 3562
5.6 3563
5.6 3564
5.6 3565
5.6 3566
5.61 3567
5.61 3568
5.61 3569
5.61 3570
5.61 3571
5.61 3572
5.61 3573
5.62 3574
5.62 3575
5.62 3576
5.62 3577
5.62 3578
5.62 3579
5.62 3580
5.63 3581
5.63 3582
5.63 3583
5.63 3584
5.63 3585
5.63 3586
5.64 3587
5.64 3588
5.64 3589
5.64 3590
5.64 3591
5.64 3592
5.65 3593
5.65 3594
5.65 3595
5.65 3596
5.65 3597
5.65 3598
5.65 3599
5.65 3600
5.66 3601
5.66 3602
5.66 3603
5.66 3604
5.66 3605
5.66 3606
5.66 3607
5.67 3608
5.67 3609
5.67 3610
5.67 3611
5.67 3612
5.67 3613
5.67 3614
5.68 3615
5.68 3616
5.68 3617
5.68 3618
5.68 3619
5.68 3620
5.68 3621
5.69 3622
5.69 3623
5.69 3624
5.69 3625
5.69 3626
5.69 3627
5.69 3628
5.69 3629
5.7 3630
5.7 3631
5.7 3632
5.7 3633
5.7 3634
5.7 3635
5.7 3636
5.71 3637
5.71 3638
5.71 3639
5.71 3640
5.71 3641
5.71 3642
5.71 3643
5.71 3644
5.72 3645
5.72 3646
5.72 3647
5.72 3648
5.72 3649
5.72 3650
5.72 3651
5.73 3652
5.73 3653
5.73 3654
5.73 3655
5.73 3656
5.73 3657
5.73 3658
5.74 3659
5.74 3660
5.74 3661
5.74 3662
5.74 3663
5.74 3664
5.74 3665
5.75 3666
5.75 3667
5.75 3668
5.75 3669
5.75 3670
5.75 3671
5.75 3672
5.75 3673
5.76 3674
5.76 3675
5.76 3676
5.76 3677
5.76 3678
5.76 3679
5.76 3680
5.77 3681
5.77 3682
5.77 3683
5.77 3684
5.77 3685
5.77 3686
5.77 3687
5.77 3688
5.78 3689
5.78 3690
5.78 3691
5.78 3692
5.78 3693
5.78 3694
5.78 3695
5.79 3696
5.79 3697
5.79 3698
5.79 3699
5.79 3700
5.79 3701
5.8 3702
5.8 3703
5.8 3704
5.8 3705
5.8 3706
5.8 3707
5.8 3708
5.81 3709
5.81 3710
5.81 3711
5.81 3712
5.81 3713
5.81 3714
5.81 3715
5.82 3716
5.82 3717
5.82 3718
5.82 3719
5.82 3720
5.82 3721
5.82 3722
5.82 3723
5.83 3724
5.83 3725
5.83 3726
5.83 3727
5.83 3728
5.83 3729
5.83 3730
5.84 3731
5.84 3732
5.84 3733
5.84 3734
5.84 3735
5.84 3736
5.84 3737
5.85 3738
5.85 3739
5.85 3740
5.85 3741
5.85 3742
5.85 3743
5.85 3744
5.86 3745
5.86 3746
5.86 3747
5.86 3748
5.86 3749
5.86 3750
5.86 3751
5.86 3752
5.87 3753
5.87 3754
5.87 3755
5.87 3756
5.87 3757
5.87 3758
5.87 3759
5.88 3760
5.88 3761
5.88 3762
5.88 3763
5.88 3764
5.88 3765
5.88 3766
5.89 3767
5.89 3768
5.89 3769
5.89 3770
5.89 3771
5.89 3772
5.9 3773
5.9 3774
5.9 3775
5.9 3776
5.9 3777
5.9 3778
5.9 3779
5.91 3780
5.91 3781
5.91 3782
5.91 3783
5.91 3784
5.91 3785
5.91 3786
5.92 3787
5.92 3788
5.92 3789
5.92 3790
5.92 3791
5.92 3792
5.92 3793
5.92 3794
5.93 3795
5.93 3796
5.93 3797
5.93 3798
5.93 3799
5.93 3800
5.93 3801
5.94 3802
5.94 3803
5.94 3804
5.94 3805
5.94 3806
5.94 3807
5.94 3808
5.95 3809
5.95 3810
5.95 3811
5.95 3812
5.95 3813
5.95 3814
5.95 3815
5.95 3816
5.96 3817
5.96 3818
5.96 3819
5.96 3820
5.96 3821
5.96 3822
5.96 3823
5.97 3824
5.97 3825
5.97 3826
5.97 3827
5.97 3828
5.97 3829
5.97 3830
5.97 3831
5.98 3832
5.98 3833
5.98 3834
5.98 3835
5.98 3836
5.98 3837
5.98 3838
5.99 3839
5.99 3840
5.99 3841
5.99 3842
5.99 3843
5.99 3844
5.99 3845
6.0 3846
6.0 3847
6.0 3848
6.0 3849
6.0 3850
6.0 3851
6.0 3852
6.0 3853
6.01 3854
6.01 3855
6.01 3856
6.01 3857
6.01 3858
6.01 3859
6.01 3860
6.02 3861
6.02 3862
6.02 3863
6.02 3864
6.02 3865
6.02 3866
6.02 3867
6.03 3868
6.03 3869
6.03 3870
6.03 3871
6.03 3872
6.03 3873
6.03 3874
6.03 3875
6.04 3876
6.04 3877
6.04 3878
6.04 3879
6.04 3880
6.04 3881
6.04 3882
6.05 3883
6.05 3884
6.05 3885
6.05 3886
6.05 3887
6.05 3888
6.05 3889
6.05 3890
6.06 3891
6.06 3892
6.06 3893
6.06 3894
6.06 3895
6.06 3896
6.07 3897
6.07 3898
6.07 3899
6.07 3900
6.07 3901
6.07 3902
6.07 3903
6.08 3904
6.08 3905
6.08 3906
6.08 3907
6.08 3908
6.08 3909
6.09 3910
6.09 3911
6.09 3912
6.09 3913
6.09 3914
6.09 3915
6.09 3916
6.09 3917
6.1 3918
6.1 3919
6.1 3920
6.1 3921
6.1 3922
6.1 3923
6.1 3924
6.11 3925
6.11 3926
6.11 3927
6.11 3928
6.11 3929
6.11 3930
6.11 3931
6.11 3932
6.12 3933
6.12 3934
6.12 3935
6.12 3936
6.12 3937
6.12 3938
6.12 3939
6.13 3940
6.13 3941
6.13 3942
6.13 3943
6.13 3944
6.13 3945
6.13 3946
6.13 3947
6.14 3948
6.14 3949
6.14 3950
6.14 3951
6.14 3952
6.14 3953
6.14 3954
6.15 3955
6.15 3956
6.15 3957
6.15 3958
6.15 3959
6.15 3960
6.15 3961
6.16 3962
6.16 3963
6.16 3964
6.16 3965
6.16 3966
6.16 3967
6.16 3968
6.17 3969
6.17 3970
6.17 3971
6.17 3972
6.17 3973
6.17 3974
6.17 3975
6.18 3976
6.18 3977
6.18 3978
6.18 3979
6.18 3980
6.18 3981
6.19 3982
6.19 3983
6.19 3984
6.19 3985
6.19 3986
6.19 3987
6.19 3988
6.2 3989
6.2 3990
6.2 3991
6.2 3992
6.2 3993
6.2 3994
6.2 3995
6.2 3996
6.21 3997
6.21 3998
6.21 3999
6.21 4000
6.21 4001
6.21 4002
6.21 4003
6.22 4004
6.22 4005
6.22 4006
6.22 4007
6.22 4008
6.22 4009
6.22 4010
6.23 4011
6.23 4012
6.23 4013
6.23 4014
6.23 4015
6.23 4016
6.23 4017
6.23 4018
6.24 4019
6.24 4020
6.24 4021
6.24 4022
6.24 4023
6.24 4024
6.24 4025
6.25 4026
6.25 4027
6.25 4028
6.25 4029
6.25 4030
6.25 4031
6.25 4032
6.26 4033
6.26 4034
6.26 4035
6.26 4036
6.26 4037
6.26 4038
6.26 4039
6.26 4040
6.27 4041
6.27 4042
6.27 4043
6.27 4044
6.27 4045
6.27 4046
6.27 4047
6.28 4048
6.28 4049
6.28 4050
6.28 4051
6.28 4052
6.28 4053
6.28 4054
6.29 4055
6.29 4056
6.29 4057
6.29 4058
6.29 4059
6.29 4060
6.29 4061
6.29 4062
6.3 4063
6.3 4064
6.3 4065
6.3 4066
6.3 4067
6.3 4068
6.3 4069
6.31 4070
6.31 4071
6.31 4072
6.31 4073
6.31 4074
6.31 4075
6.31 4076
6.31 4077
6.32 4078
6.32 4079
6.32 4080
6.32 4081
6.32 4082
6.32 4083
6.33 4084
6.33 4085
6.33 4086
6.33 4087
6.33 4088
6.33 4089
6.34 4090
6.34 4091
6.34 4092
6.34 4093
6.34 4094
6.34 4095
6.35 4096
6.35 4097
6.35 4098
6.35 4099
6.35 4100
6.35 4101
6.35 4102
6.35 4103
6.36 4104
6.36 4105
6.36 4106
6.36 4107
6.36 4108
6.36 4109
6.36 4110
6.37 4111
6.37 4112
6.37 4113
6.37 4114
6.37 4115
6.37 4116
6.37 4117
6.37 4118
6.38 4119
6.38 4120
6.38 4121
6.38 4122
6.38 4123
6.38 4124
6.38 4125
6.39 4126
6.39 4127
6.39 4128
6.39 4129
6.39 4130
6.39 4131
6.39 4132
6.4 4133
6.4 4134
6.4 4135
6.4 4136
6.4 4137
6.4 4138
6.4 4139
6.4 4140
6.41 4141
6.41 4142
6.41 4143
6.41 4144
6.41 4145
6.41 4146
6.41 4147
6.42 4148
6.42 4149
6.42 4150
6.42 4151
6.42 4152
6.42 4153
6.42 4154
6.43 4155
6.43 4156
6.43 4157
6.43 4158
6.43 4159
6.43 4160
6.43 4161
6.44 4162
6.44 4163
6.44 4164
6.44 4165
6.44 4166
6.44 4167
6.44 4168
6.45 4169
6.45 4170
6.45 4171
6.45 4172
6.45 4173
6.45 4174
6.45 4175
6.46 4176
6.46 4177
6.46 4178
6.46 4179
6.46 4180
6.46 4181
6.46 4182
6.46 4183
6.47 4184
6.47 4185
6.47 4186
6.47 4187
6.47 4188
6.47 4189
6.47 4190
6.48 4191
6.48 4192
6.48 4193
6.48 4194
6.48 4195
6.48 4196
6.48 4197
6.48 4198
6.49 4199
6.49 4200
6.49 4201
6.49 4202
6.49 4203
6.49 4204
6.49 4205
6.5 4206
6.5 4207
6.5 4208
6.5 4209
6.5 4210
6.5 4211
6.5 4212
6.51 4213
6.51 4214
6.51 4215
6.51 4216
6.51 4217
6.51 4218
6.51 4219
6.51 4220
6.52 4221
6.52 4222
6.52 4223
6.52 4224
6.52 4225
6.52 4226
6.52 4227
6.53 4228
6.53 4229
6.53 4230
6.53 4231
6.53 4232
6.53 4233
6.53 4234
6.54 4235
6.54 4236
6.54 4237
6.54 4238
6.54 4239
6.54 4240
6.54 4241
6.55 4242
6.55 4243
6.55 4244
6.55 4245
6.55 4246
6.55 4247
6.55 4248
6.56 4249
6.56 4250
6.56 4251
6.56 4252
6.56 4253
6.56 4254
6.56 4255
6.57 4256
6.57 4257
6.57 4258
6.57 4259
6.57 4260
6.57 4261
6.57 4262
6.58 4263
6.58 4264
6.58 4265
6.58 4266
6.58 4267
6.58 4268
6.58 4269
6.59 4270
6.59 4271
6.59 4272
6.59 4273
6.59 4274
6.59 4275
6.6 4276
6.6 4277
6.6 4278
6.6 4279
6.6 4280
6.61 4281
6.61 4282
6.61 4283
6.61 4284
6.61 4285
6.62 4286
6.62 4287
6.62 4288
6.62 4289
6.62 4290
6.62 4291
6.63 4292
6.63 4293
6.63 4294
6.63 4295
6.63 4296
6.63 4297
6.64 4298
6.64 4299
6.64 4300
6.64 4301
6.64 4302
6.64 4303
6.65 4304
6.65 4305
6.65 4306
6.65 4307
6.65 4308
6.65 4309
6.65 4310
6.66 4311
6.66 4312
6.66 4313
6.66 4314
6.66 4315
6.66 4316
6.67 4317
6.67 4318
6.67 4319
6.67 4320
6.67 4321
6.67 4322
6.67 4323
6.68 4324
6.68 4325
6.68 4326
6.68 4327
6.68 4328
6.68 4329
6.69 4330
6.69 4331
6.69 4332
6.69 4333
6.69 4334
6.69 4335
6.7 4336
6.7 4337
6.7 4338
6.7 4339
6.7 4340
6.7 4341
6.71 4342
6.71 4343
6.71 4344
6.71 4345
6.71 4346
6.72 4347
6.72 4348
6.72 4349
6.72 4350
6.72 4351
6.72 4352
6.72 4353
6.73 4354
6.73 4355
6.73 4356
6.73 4357
6.73 4358
6.73 4359
6.73 4360
6.73 4361
6.74 4362
6.74 4363
6.74 4364
6.74 4365
6.74 4366
6.74 4367
6.74 4368
6.75 4369
6.75 4370
6.75 4371
6.75 4372
6.75 4373
6.75 4374
6.75 4375
6.76 4376
6.76 4377
6.76 4378
6.76 4379
6.76 4380
6.76 4381
6.76 4382
6.77 4383
6.77 4384
6.77 4385
6.77 4386
6.77 4387
6.77 4388
6.77 4389
6.78 4390
6.78 4391
6.78 4392
6.78 4393
6.78 4394
6.78 4395
6.78 4396
6.79 4397
6.79 4398
6.79 4399
6.79 4400
6.79 4401
6.79 4402
6.79 4403
6.8 4404
6.8 4405
6.8 4406
6.8 4407
6.8 4408
6.8 4409
6.8 4410
6.81 4411
6.81 4412
6.81 4413
6.81 4414
6.81 4415
6.81 4416
6.82 4417
6.82 4418
6.82 4419
6.82 4420
6.82 4421
6.82 4422
6.82 4423
6.83 4424
6.83 4425
6.83 4426
6.83 4427
6.83 4428
6.84 4429
6.84 4430
6.84 4431
6.84 4432
6.84 4433
6.84 4434
6.85 4435
6.85 4436
6.85 4437
6.85 4438
6.85 4439
6.86 4440
6.86 4441
6.86 4442
6.86 4443
6.86 4444
6.87 4445
6.87 4446
6.87 4447
6.87 4448
6.87 4449
6.87 4450
6.88 4451
6.88 4452
6.88 4453
6.88 4454
6.88 4455
6.89 4456
6.89 4457
6.89 4458
6.89 4459
6.89 4460
6.89 4461
6.9 4462
6.9 4463
6.9 4464
6.9 4465
6.9 4466
6.9 4467
6.9 4468
6.91 4469
6.91 4470
6.91 4471
6.91 4472
6.91 4473
6.91 4474
6.92 4475
6.92 4476
6.92 4477
6.92 4478
6.92 4479
6.92 4480
6.92 4481
6.93 4482
6.93 4483
6.93 4484
6.93 4485
6.93 4486
6.93 4487
6.94 4488
6.94 4489
6.94 4490
6.94 4491
6.94 4492
6.94 4493
6.94 4494
6.95 4495
6.95 4496
6.95 4497
6.95 4498
6.95 4499
6.96 4500
6.96 4501
6.96 4502
6.96 4503
6.96 4504
6.97 4505
6.97 4506
6.97 4507
6.97 4508
6.97 4509
6.97 4510
6.98 4511
6.98 4512
6.98 4513
6.98 4514
6.98 4515
6.99 4516
6.99 4517
6.99 4518
6.99 4519
6.99 4520
6.99 4521
6.99 4522
7.0 4523
7.0 4524
7.0 4525
7.0 4526
7.0 4527
7.0 4528
7.0 4529
7.01 4530
7.01 4531
7.01 4532
7.01 4533
7.01 4534
7.01 4535
7.01 4536
7.02 4537
7.02 4538
7.02 4539
7.02 4540
7.02 4541
7.02 4542
7.02 4543
7.03 4544
7.03 4545
7.03 4546
7.03 4547
7.03 4548
7.03 4549
7.03 4550
7.04 4551
7.04 4552
7.04 4553
7.04 4554
7.04 4555
7.04 4556
7.04 4557
7.05 4558
7.05 4559
7.05 4560
7.05 4561
7.05 4562
7.05 4563
7.05 4564
7.05 4565
7.06 4566
7.06 4567
7.06 4568
7.06 4569
7.06 4570
7.06 4571
7.06 4572
7.07 4573
7.07 4574
7.07 4575
7.07 4576
7.07 4577
7.07 4578
7.07 4579
7.08 4580
7.08 4581
7.08 4582
7.08 4583
7.08 4584
7.08 4585
7.08 4586
7.09 4587
7.09 4588
7.09 4589
7.09 4590
7.09 4591
7.09 4592
7.09 4593
7.1 4594
7.1 4595
7.1 4596
7.1 4597
7.1 4598
7.1 4599
7.1 4600
7.1 4601
7.11 4602
7.11 4603
7.11 4604
7.11 4605
7.11 4606
7.11 4607
7.11 4608
7.12 4609
7.12 4610
7.12 4611
7.12 4612
7.12 4613
7.12 4614
7.12 4615
7.13 4616
7.13 4617
7.13 4618
7.13 4619
7.13 4620
7.13 4621
7.14 4622
7.14 4623
7.14 4624
7.14 4625
7.14 4626
7.14 4627
7.15 4628
7.15 4629
7.15 4630
7.15 4631
7.15 4632
7.15 4633
7.15 4634
7.16 4635
7.16 4636
7.16 4637
7.16 4638
7.16 4639
7.16 4640
7.16 4641
7.17 4642
7.17 4643
7.17 4644
7.17 4645
7.17 4646
7.17 4647
7.17 4648
7.17 4649
7.18 4650
7.18 4651
7.18 4652
7.18 4653
7.18 4654
7.18 4655
7.18 4656
7.19 4657
7.19 4658
7.19 4659
7.19 4660
7.19 4661
7.19 4662
7.2 4663
7.2 4664
7.2 4665
7.2 4666
7.2 4667
7.2 4668
7.2 4669
7.21 4670
7.21 4671
7.21 4672
7.21 4673
7.21 4674
7.21 4675
7.22 4676
7.22 4677
7.22 4678
7.22 4679
7.22 4680
7.22 4681
7.22 4682
7.23 4683
7.23 4684
7.23 4685
7.23 4686
7.23 4687
7.23 4688
7.24 4689
7.24 4690
7.24 4691
7.24 4692
7.24 4693
7.25 4694
7.25 4695
7.25 4696
7.25 4697
7.25 4698
7.26 4699
7.26 4700
7.26 4701
7.26 4702
7.26 4703
7.26 4704
7.27 4705
7.27 4706
7.27 4707
7.27 4708
7.27 4709
7.27 4710
7.28 4711
7.28 4712
7.28 4713
7.28 4714
7.28 4715
7.29 4716
7.29 4717
7.29 4718
7.29 4719
7.29 4720
7.29 4721
7.29 4722
7.3 4723
7.3 4724
7.3 4725
7.3 4726
7.3 4727
7.3 4728
7.3 4729
7.31 4730
7.31 4731
7.31 4732
7.31 4733
7.31 4734
7.32 4735
7.32 4736
7.32 4737
7.32 4738
7.32 4739
7.32 4740
7.32 4741
7.33 4742
7.33 4743
7.33 4744
7.33 4745
7.33 4746
7.33 4747
7.34 4748
7.34 4749
7.34 4750
7.34 4751
7.34 4752
7.34 4753
7.34 4754
7.35 4755
7.35 4756
7.35 4757
7.35 4758
7.35 4759
7.35 4760
7.35 4761
7.36 4762
7.36 4763
7.36 4764
7.36 4765
7.36 4766
7.36 4767
7.36 4768
7.37 4769
7.37 4770
7.37 4771
7.37 4772
7.37 4773
7.37 4774
7.37 4775
7.38 4776
7.38 4777
7.38 4778
7.38 4779
7.38 4780
7.38 4781
7.38 4782
7.39 4783
7.39 4784
7.39 4785
7.39 4786
7.39 4787
7.39 4788
7.39 4789
7.4 4790
7.4 4791
7.4 4792
7.4 4793
7.4 4794
7.4 4795
7.41 4796
7.41 4797
7.41 4798
7.41 4799
7.41 4800
7.41 4801
7.41 4802
7.42 4803
7.42 4804
7.42 4805
7.42 4806
7.42 4807
7.42 4808
7.42 4809
7.43 4810
7.43 4811
7.43 4812
7.43 4813
7.43 4814
7.43 4815
7.43 4816
7.43 4817
7.44 4818
7.44 4819
7.44 4820
7.44 4821
7.44 4822
7.44 4823
7.44 4824
7.45 4825
7.45 4826
7.45 4827
7.45 4828
7.45 4829
7.45 4830
7.45 4831
7.46 4832
7.46 4833
7.46 4834
7.46 4835
7.46 4836
7.46 4837
7.46 4838
7.46 4839
7.47 4840
7.47 4841
7.47 4842
7.47 4843
7.47 4844
7.47 4845
7.47 4846
7.48 4847
7.48 4848
7.48 4849
7.48 4850
7.48 4851
7.48 4852
7.49 4853
7.49 4854
7.49 4855
7.49 4856
7.49 4857
7.49 4858
7.5 4859
7.5 4860
7.5 4861
7.5 4862
7.5 4863
7.5 4864
7.51 4865
7.51 4866
7.51 4867
7.51 4868
7.51 4869
7.52 4870
7.52 4871
7.52 4872
7.52 4873
7.52 4874
7.52 4875
7.53 4876
7.53 4877
7.53 4878
7.53 4879
7.53 4880
7.53 4881
7.53 4882
7.54 4883
7.54 4884
7.54 4885
7.54 4886
7.54 4887
7.54 4888
7.54 4889
7.55 4890
7.55 4891
7.55 4892
7.55 4893
7.55 4894
7.55 4895
7.55 4896
7.55 4897
7.56 4898
7.56 4899
7.56 4900
7.56 4901
7.56 4902
7.56 4903
7.56 4904
7.57 4905
7.57 4906
7.57 4907
7.57 4908
7.57 4909
7.57 4910
7.57 4911
7.58 4912
7.58 4913
7.58 4914
7.58 4915
7.58 4916
7.58 4917
7.58 4918
7.59 4919
7.59 4920
7.59 4921
7.59 4922
7.59 4923
7.59 4924
7.59 4925
7.59 4926
7.6 4927
7.6 4928
7.6 4929
7.6 4930
7.6 4931
7.6 4932
7.6 4933
7.61 4934
7.61 4935
7.61 4936
7.61 4937
7.61 4938
7.61 4939
7.61 4940
7.62 4941
7.62 4942
7.62 4943
7.62 4944
7.62 4945
7.62 4946
7.62 4947
7.62 4948
7.63 4949
7.63 4950
7.63 4951
7.63 4952
7.63 4953
7.63 4954
7.63 4955
7.64 4956
7.64 4957
7.64 4958
7.64 4959
7.64 4960
7.64 4961
7.64 4962
7.65 4963
7.65 4964
7.65 4965
7.65 4966
7.65 4967
7.65 4968
7.65 4969
7.66 4970
7.66 4971
7.66 4972
7.66 4973
7.66 4974
7.66 4975
7.67 4976
7.67 4977
7.67 4978
7.67 4979
7.67 4980
7.67 4981
7.67 4982
7.68 4983
7.68 4984
7.68 4985
7.68 4986
7.68 4987
7.68 4988
7.68 4989
7.69 4990
7.69 4991
7.69 4992
7.69 4993
7.69 4994
7.69 4995
7.69 4996
7.7 4997
7.7 4998
7.7 4999
7.7 5000
7.7 5001
7.7 5002
7.7 5003
7.7 5004
7.71 5005
7.71 5006
7.71 5007
7.71 5008
7.71 5009
7.71 5010
7.72 5011
7.72 5012
7.72 5013
7.72 5014
7.72 5015
7.72 5016
7.72 5017
7.73 5018
7.73 5019
7.73 5020
7.73 5021
7.73 5022
7.73 5023
7.73 5024
7.74 5025
7.74 5026
7.74 5027
7.74 5028
7.74 5029
7.74 5030
7.75 5031
7.75 5032
7.75 5033
7.75 5034
7.75 5035
7.76 5036
7.76 5037
7.76 5038
7.76 5039
7.76 5040
7.77 5041
7.77 5042
7.77 5043
7.77 5044
7.77 5045
7.77 5046
7.78 5047
7.78 5048
7.78 5049
7.78 5050
7.78 5051
7.79 5052
7.79 5053
7.79 5054
7.79 5055
7.79 5056
7.79 5057
7.8 5058
7.8 5059
7.8 5060
7.8 5061
7.8 5062
7.8 5063
7.81 5064
7.81 5065
7.81 5066
7.81 5067
7.81 5068
7.81 5069
7.82 5070
7.82 5071
7.82 5072
7.82 5073
7.82 5074
7.82 5075
7.83 5076
7.83 5077
7.83 5078
7.83 5079
7.83 5080
7.83 5081
7.84 5082
7.84 5083
7.84 5084
7.84 5085
7.84 5086
7.85 5087
7.85 5088
7.85 5089
7.85 5090
7.85 5091
7.85 5092
7.86 5093
7.86 5094
7.86 5095
7.86 5096
7.86 5097
7.87 5098
7.87 5099
7.87 5100
7.87 5101
7.87 5102
7.87 5103
7.87 5104
7.88 5105
7.88 5106
7.88 5107
7.88 5108
7.88 5109
7.88 5110
7.89 5111
7.89 5112
7.89 5113
7.89 5114
7.89 5115
7.89 5116
7.89 5117
7.9 5118
7.9 5119
7.9 5120
7.9 5121
7.9 5122
7.9 5123
7.9 5124
7.9 5125
7.91 5126
7.91 5127
7.91 5128
7.91 5129
7.91 5130
7.91 5131
7.91 5132
7.92 5133
7.92 5134
7.92 5135
7.92 5136
7.92 5137
7.92 5138
7.93 5139
7.93 5140
7.93 5141
7.93 5142
7.93 5143
7.93 5144
7.94 5145
7.94 5146
7.94 5147
7.94 5148
7.94 5149
7.94 5150
7.95 5151
7.95 5152
7.95 5153
7.95 5154
7.95 5155
7.95 5156
7.96 5157
7.96 5158
7.96 5159
7.96 5160
7.96 5161
7.96 5162
7.97 5163
7.97 5164
7.97 5165
7.97 5166
7.97 5167
7.97 5168
7.98 5169
7.98 5170
7.98 5171
7.98 5172
7.98 5173
7.99 5174
7.99 5175
7.99 5176
7.99 5177
7.99 5178
7.99 5179
8.0 5180
8.0 5181
8.0 5182
8.0 5183
8.0 5184
8.01 5185
8.01 5186
8.01 5187
8.01 5188
8.01 5189
8.01 5190
8.02 5191
8.02 5192
8.02 5193
8.02 5194
8.02 5195
8.02 5196
8.03 5197
8.03 5198
8.03 5199
8.03 5200
8.03 5201
8.04 5202
8.04 5203
8.04 5204
8.04 5205
8.05 5206
8.05 5207
8.05 5208
8.05 5209
8.06 5210
8.06 5211
8.06 5212
8.06 5213
8.07 5214
8.07 5215
8.07 5216
8.07 5217
8.07 5218
8.07 5219
8.08 5220
8.08 5221
8.08 5222
8.08 5223
8.08 5224
8.09 5225
8.09 5226
8.09 5227
8.09 5228
8.1 5229
8.1 5230
8.1 5231
8.1 5232
8.1 5233
8.1 5234
8.11 5235
8.11 5236
8.11 5237
8.11 5238
8.11 5239
8.12 5240
8.12 5241
8.12 5242
8.12 5243
8.12 5244
8.12 5245
8.13 5246
8.13 5247
8.13 5248
8.13 5249
8.13 5250
8.13 5251
8.14 5252
8.14 5253
8.14 5254
8.14 5255
8.14 5256
8.14 5257
8.15 5258
8.15 5259
8.15 5260
8.15 5261
8.15 5262
8.15 5263
8.15 5264
8.16 5265
8.16 5266
8.16 5267
8.16 5268
8.16 5269
8.16 5270
8.16 5271
8.17 5272
8.17 5273
8.17 5274
8.17 5275
8.17 5276
8.17 5277
8.17 5278
8.17 5279
8.18 5280
8.18 5281
8.18 5282
8.18 5283
8.18 5284
8.18 5285
8.18 5286
8.19 5287
8.19 5288
8.19 5289
8.19 5290
8.19 5291
8.19 5292
8.2 5293
8.2 5294
8.2 5295
8.2 5296
8.2 5297
8.2 5298
8.2 5299
8.21 5300
8.21 5301
8.21 5302
8.21 5303
8.21 5304
8.21 5305
8.21 5306
8.22 5307
8.22 5308
8.22 5309
8.22 5310
8.22 5311
8.22 5312
8.22 5313
8.23 5314
8.23 5315
8.23 5316
8.23 5317
8.23 5318
8.23 5319
8.23 5320
8.24 5321
8.24 5322
8.24 5323
8.24 5324
8.24 5325
8.24 5326
8.24 5327
8.24 5328
8.25 5329
8.25 5330
8.25 5331
8.25 5332
8.25 5333
8.25 5334
8.25 5335
8.26 5336
8.26 5337
8.26 5338
8.26 5339
8.26 5340
8.26 5341
8.26 5342
8.27 5343
8.27 5344
8.27 5345
8.27 5346
8.27 5347
8.27 5348
8.27 5349
8.27 5350
8.28 5351
8.28 5352
8.28 5353
8.28 5354
8.28 5355
8.28 5356
8.28 5357
8.29 5358
8.29 5359
8.29 5360
8.29 5361
8.29 5362
8.29 5363
8.29 5364
8.3 5365
8.3 5366
8.3 5367
8.3 5368
8.3 5369
8.3 5370
8.31 5371
8.31 5372
8.31 5373
8.31 5374
8.31 5375
8.31 5376
8.31 5377
8.32 5378
8.32 5379
8.32 5380
8.32 5381
8.32 5382
8.32 5383
8.32 5384
8.33 5385
8.33 5386
8.33 5387
8.33 5388
8.33 5389
8.33 5390
8.33 5391
8.34 5392
8.34 5393
8.34 5394
8.34 5395
8.34 5396
8.34 5397
8.34 5398
8.35 5399
8.35 5400
8.35 5401
8.35 5402
8.35 5403
8.35 5404
8.35 5405
8.36 5406
8.36 5407
8.36 5408
8.36 5409
8.36 5410
8.36 5411
8.36 5412
8.37 5413
8.37 5414
8.37 5415
8.37 5416
8.37 5417
8.37 5418
8.37 5419
8.38 5420
8.38 5421
8.38 5422
8.38 5423
8.38 5424
8.38 5425
8.38 5426
8.38 5427
8.39 5428
8.39 5429
8.39 5430
8.39 5431
8.39 5432
8.39 5433
8.39 5434
8.4 5435
8.4 5436
8.4 5437
8.4 5438
8.4 5439
8.4 5440
8.4 5441
8.41 5442
8.41 5443
8.41 5444
8.41 5445
8.41 5446
8.41 5447
8.42 5448
8.42 5449
8.42 5450
8.42 5451
8.42 5452
8.42 5453
8.42 5454
8.43 5455
8.43 5456
8.43 5457
8.43 5458
8.43 5459
8.43 5460
8.43 5461
8.44 5462
8.44 5463
8.44 5464
8.44 5465
8.44 5466
8.44 5467
8.44 5468
8.45 5469
8.45 5470
8.45 5471
8.45 5472
8.45 5473
8.45 5474
8.46 5475
8.46 5476
8.46 5477
8.46 5478
8.46 5479
8.47 5480
8.47 5481
8.47 5482
8.47 5483
8.47 5484
8.48 5485
8.48 5486
8.48 5487
8.48 5488
8.49 5489
8.49 5490
8.49 5491
8.49 5492
8.49 5493
8.49 5494
8.5 5495
8.5 5496
8.5 5497
8.5 5498
8.5 5499
8.5 5500
8.51 5501
8.51 5502
8.51 5503
8.51 5504
8.51 5505
8.51 5506
8.52 5507
8.52 5508
8.52 5509
8.52 5510
8.52 5511
8.52 5512
8.52 5513
8.53 5514
8.53 5515
8.53 5516
8.53 5517
8.53 5518
8.53 5519
8.53 5520
8.54 5521
8.54 5522
8.54 5523
8.54 5524
8.54 5525
8.54 5526
8.54 5527
8.55 5528
8.55 5529
8.55 5530
8.55 5531
8.55 5532
8.55 5533
8.55 5534
8.55 5535
8.56 5536
8.56 5537
8.56 5538
8.56 5539
8.56 5540
8.56 5541
8.56 5542
8.57 5543
8.57 5544
8.57 5545
8.57 5546
8.57 5547
8.57 5548
8.57 5549
8.58 5550
8.58 5551
8.58 5552
8.58 5553
8.58 5554
8.58 5555
8.59 5556
8.59 5557
8.59 5558
8.59 5559
8.59 5560
8.59 5561
8.59 5562
8.6 5563
8.6 5564
8.6 5565
8.6 5566
8.6 5567
8.6 5568
8.6 5569
8.61 5570
8.61 5571
8.61 5572
8.61 5573
8.61 5574
8.61 5575
8.61 5576
8.62 5577
8.62 5578
8.62 5579
8.62 5580
8.62 5581
8.62 5582
8.62 5583
8.62 5584
8.63 5585
8.63 5586
8.63 5587
8.63 5588
8.63 5589
8.63 5590
8.63 5591
8.64 5592
8.64 5593
8.64 5594
8.64 5595
8.64 5596
8.64 5597
8.64 5598
8.65 5599
8.65 5600
8.65 5601
8.65 5602
8.65 5603
8.65 5604
8.65 5605
8.65 5606
8.66 5607
8.66 5608
8.66 5609
8.66 5610
8.66 5611
8.66 5612
8.67 5613
8.67 5614
8.67 5615
8.67 5616
8.67 5617
8.67 5618
8.67 5619
8.67 5620
8.68 5621
8.68 5622
8.68 5623
8.68 5624
8.68 5625
8.68 5626
8.69 5627
8.69 5628
8.69 5629
8.69 5630
8.69 5631
8.69 5632
8.69 5633
8.7 5634
8.7 5635
8.7 5636
8.7 5637
8.7 5638
8.7 5639
8.7 5640
8.71 5641
8.71 5642
8.71 5643
8.71 5644
8.71 5645
8.71 5646
8.72 5647
8.72 5648
8.72 5649
8.72 5650
8.72 5651
8.72 5652
8.73 5653
8.73 5654
8.73 5655
8.73 5656
8.73 5657
8.74 5658
8.74 5659
8.74 5660
8.74 5661
8.74 5662
8.74 5663
8.75 5664
8.75 5665
8.75 5666
8.75 5667
8.75 5668
8.75 5669
8.76 5670
8.76 5671
8.76 5672
8.76 5673
8.76 5674
8.76 5675
8.77 5676
8.77 5677
8.77 5678
8.77 5679
8.77 5680
8.77 5681
8.77 5682
8.78 5683
8.78 5684
8.78 5685
8.78 5686
8.78 5687
8.79 5688
8.79 5689
8.79 5690
8.79 5691
8.79 5692
8.79 5693
8.79 5694
8.8 5695
8.8 5696
8.8 5697
8.8 5698
8.8 5699
8.8 5700
8.8 5701
8.81 5702
8.81 5703
8.81 5704
8.81 5705
8.81 5706
8.81 5707
8.82 5708
8.82 5709
8.82 5710
8.82 5711
8.82 5712
8.82 5713
8.82 5714
8.83 5715
8.83 5716
8.83 5717
8.83 5718
8.83 5719
8.84 5720
8.84 5721
8.84 5722
8.84 5723
8.84 5724
8.85 5725
8.85 5726
8.85 5727
8.85 5728
8.85 5729
8.85 5730
8.86 5731
8.86 5732
8.86 5733
8.86 5734
8.86 5735
8.86 5736
8.87 5737
8.87 5738
8.87 5739
8.87 5740
8.87 5741
8.87 5742
8.87 5743
8.87 5744
8.88 5745
8.88 5746
8.88 5747
8.88 5748
8.88 5749
8.88 5750
8.89 5751
8.89 5752
8.89 5753
8.89 5754
8.89 5755
8.89 5756
8.89 5757
8.9 5758
8.9 5759
8.9 5760
8.9 5761
8.9 5762
8.9 5763
8.9 5764
8.9 5765
8.91 5766
8.91 5767
8.91 5768
8.91 5769
8.91 5770
8.91 5771
8.91 5772
8.92 5773
8.92 5774
8.92 5775
8.92 5776
8.92 5777
8.92 5778
8.92 5779
8.93 5780
8.93 5781
8.93 5782
8.93 5783
8.93 5784
8.93 5785
8.93 5786
8.94 5787
8.94 5788
8.94 5789
8.94 5790
8.94 5791
8.94 5792
8.94 5793
8.95 5794
8.95 5795
8.95 5796
8.95 5797
8.95 5798
8.95 5799
8.95 5800
8.96 5801
8.96 5802
8.96 5803
8.96 5804
8.96 5805
8.96 5806
8.96 5807
8.97 5808
8.97 5809
8.97 5810
8.97 5811
8.97 5812
8.97 5813
8.98 5814
8.98 5815
8.98 5816
8.98 5817
8.98 5818
8.98 5819
8.99 5820
8.99 5821
8.99 5822
8.99 5823
8.99 5824
8.99 5825
8.99 5826
9.0 5827
9.0 5828
9.0 5829
9.0 5830
9.0 5831
9.0 5832
9.01 5833
9.01 5834
9.01 5835
9.01 5836
9.01 5837
9.02 5838
9.02 5839
9.02 5840
9.02 5841
9.02 5842
9.02 5843
9.03 5844
9.03 5845
9.03 5846
9.03 5847
9.03 5848
9.03 5849
9.03 5850
9.04 5851
9.04 5852
9.04 5853
9.04 5854
9.04 5855
9.04 5856
9.04 5857
9.05 5858
9.05 5859
9.05 5860
9.05 5861
9.05 5862
9.05 5863
9.05 5864
9.06 5865
9.06 5866
9.06 5867
9.06 5868
9.06 5869
9.06 5870
9.06 5871
9.07 5872
9.07 5873
9.07 5874
9.07 5875
9.07 5876
9.07 5877
9.07 5878
9.08 5879
9.08 5880
9.08 5881
9.08 5882
9.08 5883
9.08 5884
9.09 5885
9.09 5886
9.09 5887
9.09 5888
9.09 5889
9.1 5890
9.1 5891
9.1 5892
9.1 5893
9.1 5894
9.1 5895
9.11 5896
9.11 5897
9.11 5898
9.11 5899
9.11 5900
9.11 5901
9.12 5902
9.12 5903
9.12 5904
9.12 5905
9.12 5906
9.12 5907
9.12 5908
9.13 5909
9.13 5910
9.13 5911
9.13 5912
9.13 5913
9.13 5914
9.13 5915
9.14 5916
9.14 5917
9.14 5918
9.14 5919
9.14 5920
9.14 5921
9.14 5922
9.15 5923
9.15 5924
9.15 5925
9.15 5926
9.15 5927
9.15 5928
9.15 5929
9.16 5930
9.16 5931
9.16 5932
9.16 5933
9.16 5934
9.16 5935
9.17 5936
9.17 5937
9.17 5938
9.17 5939
9.17 5940
9.17 5941
9.17 5942
9.18 5943
9.18 5944
9.18 5945
9.18 5946
9.18 5947
9.18 5948
9.19 5949
9.19 5950
9.19 5951
9.19 5952
9.19 5953
9.19 5954
9.19 5955
9.2 5956
9.2 5957
9.2 5958
9.2 5959
9.2 5960
9.2 5961
9.2 5962
9.2 5963
9.21 5964
9.21 5965
9.21 5966
9.21 5967
9.21 5968
9.21 5969
9.22 5970
9.22 5971
9.22 5972
9.22 5973
9.22 5974
9.22 5975
9.22 5976
9.23 5977
9.23 5978
9.23 5979
9.23 5980
9.23 5981
9.23 5982
9.23 5983
9.24 5984
9.24 5985
9.24 5986
9.24 5987
9.24 5988
9.24 5989
9.25 5990
9.25 5991
9.25 5992
9.25 5993
9.25 5994
9.25 5995
9.25 5996
9.26 5997
9.26 5998
9.26 5999
9.26 6000
9.26 6001
9.27 6002
9.27 6003
9.27 6004
9.27 6005
9.27 6006
9.27 6007
9.28 6008
9.28 6009
9.28 6010
9.28 6011
9.28 6012
9.29 6013
9.29 6014
9.29 6015
9.29 6016
9.29 6017
9.29 6018
9.3 6019
9.3 6020
9.3 6021
9.3 6022
9.3 6023
9.3 6024
9.3 6025
9.31 6026
9.31 6027
9.31 6028
9.31 6029
9.31 6030
9.31 6031
9.31 6032
9.32 6033
9.32 6034
9.32 6035
9.32 6036
9.32 6037
9.32 6038
9.33 6039
9.33 6040
9.33 6041
9.33 6042
9.33 6043
9.33 6044
9.33 6045
9.34 6046
9.34 6047
9.34 6048
9.34 6049
9.34 6050
9.34 6051
9.35 6052
9.35 6053
9.35 6054
9.35 6055
9.35 6056
9.35 6057
9.36 6058
9.36 6059
9.36 6060
9.36 6061
9.36 6062
9.36 6063
9.36 6064
9.37 6065
9.37 6066
9.37 6067
9.37 6068
9.37 6069
9.37 6070
9.38 6071
9.38 6072
9.38 6073
9.38 6074
9.38 6075
9.38 6076
9.38 6077
9.39 6078
9.39 6079
9.39 6080
9.39 6081
9.39 6082
9.39 6083
9.39 6084
9.4 6085
9.4 6086
9.4 6087
9.4 6088
9.4 6089
9.4 6090
9.4 6091
9.41 6092
9.41 6093
9.41 6094
9.41 6095
9.41 6096
9.41 6097
9.41 6098
9.41 6099
9.42 6100
9.42 6101
9.42 6102
9.42 6103
9.42 6104
9.42 6105
9.42 6106
9.43 6107
9.43 6108
9.43 6109
9.43 6110
9.43 6111
9.43 6112
9.43 6113
9.43 6114
9.44 6115
9.44 6116
9.44 6117
9.44 6118
9.44 6119
9.44 6120
9.44 6121
9.45 6122
9.45 6123
9.45 6124
9.45 6125
9.45 6126
9.45 6127
9.45 6128
9.46 6129
9.46 6130
9.46 6131
9.46 6132
9.46 6133
9.46 6134
9.46 6135
9.46 6136
9.47 6137
9.47 6138
9.47 6139
9.47 6140
9.47 6141
9.47 6142
9.47 6143
9.48 6144
9.48 6145
9.48 6146
9.48 6147
9.48 6148
9.48 6149
9.48 6150
9.49 6151
9.49 6152
9.49 6153
9.49 6154
9.49 6155
9.49 6156
9.49 6157
9.5 6158
9.5 6159
9.5 6160
9.5 6161
9.5 6162
9.5 6163
9.5 6164
9.5 6165
9.51 6166
9.51 6167
9.51 6168
9.51 6169
9.51 6170
9.51 6171
9.51 6172
9.52 6173
9.52 6174
9.52 6175
9.52 6176
9.52 6177
9.52 6178
9.53 6179
9.53 6180
9.53 6181
9.53 6182
9.53 6183
9.53 6184
9.54 6185
9.54 6186
9.54 6187
9.54 6188
9.54 6189
9.54 6190
9.55 6191
9.55 6192
9.55 6193
9.55 6194
9.55 6195
9.55 6196
9.55 6197
9.56 6198
9.56 6199
9.56 6200
9.56 6201
9.56 6202
9.57 6203
9.57 6204
9.57 6205
9.57 6206
9.57 6207
9.57 6208
9.58 6209
9.58 6210
9.58 6211
9.58 6212
9.58 6213
9.59 6214
9.59 6215
9.59 6216
9.59 6217
9.59 6218
9.59 6219
9.6 6220
9.6 6221
9.6 6222
9.6 6223
9.6 6224
9.61 6225
9.61 6226
9.61 6227
9.61 6228
9.61 6229
9.62 6230
9.62 6231
9.62 6232
9.62 6233
9.62 6234
9.63 6235
9.63 6236
9.63 6237
9.63 6238
9.63 6239
9.64 6240
9.64 6241
9.64 6242
9.64 6243
9.64 6244
9.65 6245
9.65 6246
9.65 6247
9.65 6248
9.65 6249
9.66 6250
9.66 6251
9.66 6252
9.66 6253
9.66 6254
9.67 6255
9.67 6256
9.67 6257
9.67 6258
9.67 6259
9.67 6260
9.67 6261
9.68 6262
9.68 6263
9.68 6264
9.68 6265
9.68 6266
9.68 6267
9.69 6268
9.69 6269
9.69 6270
9.69 6271
9.69 6272
9.69 6273
9.69 6274
9.69 6275
9.7 6276
9.7 6277
9.7 6278
9.7 6279
9.7 6280
9.7 6281
9.7 6282
9.71 6283
9.71 6284
9.71 6285
9.71 6286
9.71 6287
9.71 6288
9.71 6289
9.72 6290
9.72 6291
9.72 6292
9.72 6293
9.72 6294
9.72 6295
9.72 6296
9.73 6297
9.73 6298
9.73 6299
9.73 6300
9.73 6301
9.73 6302
9.73 6303
9.73 6304
9.74 6305
9.74 6306
9.74 6307
9.74 6308
9.74 6309
9.74 6310
9.74 6311
9.75 6312
9.75 6313
9.75 6314
9.75 6315
9.75 6316
9.75 6317
9.75 6318
9.76 6319
9.76 6320
9.76 6321
9.76 6322
9.76 6323
9.76 6324
9.76 6325
9.76 6326
9.77 6327
9.77 6328
9.77 6329
9.77 6330
9.77 6331
9.77 6332
9.77 6333
9.78 6334
9.78 6335
9.78 6336
9.78 6337
9.78 6338
9.78 6339
9.78 6340
9.79 6341
9.79 6342
9.79 6343
9.79 6344
9.79 6345
9.79 6346
9.79 6347
9.79 6348
9.8 6349
9.8 6350
9.8 6351
9.8 6352
9.8 6353
9.8 6354
9.81 6355
9.81 6356
9.81 6357
9.81 6358
9.81 6359
9.81 6360
9.82 6361
9.82 6362
9.82 6363
9.82 6364
9.82 6365
9.82 6366
9.83 6367
9.83 6368
9.83 6369
9.83 6370
9.83 6371
9.83 6372
9.84 6373
9.84 6374
9.84 6375
9.84 6376
9.84 6377
9.84 6378
9.85 6379
9.85 6380
9.85 6381
9.85 6382
9.85 6383
9.85 6384
9.86 6385
9.86 6386
9.86 6387
9.86 6388
9.86 6389
9.86 6390
9.87 6391
9.87 6392
9.87 6393
9.87 6394
9.87 6395
9.87 6396
9.87 6397
9.88 6398
9.88 6399
9.88 6400
9.88 6401
9.88 6402
9.89 6403
9.89 6404
9.89 6405
9.89 6406
9.89 6407
9.9 6408
9.9 6409
9.9 6410
9.9 6411
9.9 6412
9.9 6413
9.91 6414
9.91 6415
9.91 6416
9.91 6417
9.91 6418
9.92 6419
9.92 6420
9.92 6421
9.92 6422
9.92 6423
9.92 6424
9.93 6425
9.93 6426
9.93 6427
9.93 6428
9.93 6429
9.93 6430
9.94 6431
9.94 6432
9.94 6433
9.94 6434
9.94 6435
9.94 6436
9.94 6437
9.95 6438
9.95 6439
9.95 6440
9.95 6441
9.95 6442
9.95 6443
9.96 6444
9.96 6445
9.96 6446
9.96 6447
9.96 6448
9.96 6449
9.97 6450
9.97 6451
9.97 6452
9.97 6453
9.97 6454
9.97 6455
9.98 6456
9.98 6457
9.98 6458
9.98 6459
9.98 6460
9.99 6461
9.99 6462
9.99 6463
9.99 6464
9.99 6465
10.0 6466
10.0 6467
10.0 6468
10.0 6469
10.0 6470
10.0 6471
10.0 6472
10.01 6473
10.01 6474
10.01 6475
10.01 6476
10.01 6477
10.01 6478
10.02 6479
10.02 6480
10.02 6481
10.02 6482
10.02 6483
10.02 6484
10.03 6485
10.03 6486
10.03 6487
10.03 6488
10.03 6489
10.03 6490
10.04 6491
10.04 6492
10.04 6493
10.04 6494
10.04 6495
10.04 6496
10.04 6497
10.05 6498
10.05 6499
10.05 6500
10.05 6501
10.05 6502
10.06 6503
10.06 6504
10.06 6505
10.06 6506
10.06 6507
10.07 6508
10.07 6509
10.07 6510
10.07 6511
10.07 6512
10.07 6513
10.08 6514
10.08 6515
10.08 6516
10.08 6517
10.08 6518
10.08 6519
10.09 6520
10.09 6521
10.09 6522
10.09 6523
10.09 6524
10.09 6525
10.09 6526
10.1 6527
10.1 6528
10.1 6529
10.1 6530
10.1 6531
10.1 6532
10.1 6533
10.11 6534
10.11 6535
10.11 6536
10.11 6537
10.11 6538
10.11 6539
10.11 6540
10.12 6541
10.12 6542
10.12 6543
10.12 6544
10.12 6545
10.12 6546
10.12 6547
10.13 6548
10.13 6549
10.13 6550
10.13 6551
10.13 6552
10.13 6553
10.13 6554
10.13 6555
10.14 6556
10.14 6557
10.14 6558
10.14 6559
10.14 6560
10.14 6561
10.14 6562
10.15 6563
10.15 6564
10.15 6565
10.15 6566
10.15 6567
10.15 6568
10.16 6569
10.16 6570
10.16 6571
10.16 6572
10.16 6573
10.17 6574
10.17 6575
10.17 6576
10.17 6577
10.17 6578
10.18 6579
10.18 6580
10.18 6581
10.18 6582
10.18 6583
10.18 6584
10.19 6585
10.19 6586
10.19 6587
10.19 6588
10.19 6589
10.19 6590
10.2 6591
10.2 6592
10.2 6593
10.2 6594
10.2 6595
10.2 6596
10.2 6597
10.21 6598
10.21 6599
10.21 6600
10.21 6601
10.21 6602
10.21 6603
10.22 6604
10.22 6605
10.22 6606
10.22 6607
10.22 6608
10.22 6609
10.23 6610
10.23 6611
10.23 6612
10.23 6613
10.23 6614
10.23 6615
10.23 6616
10.24 6617
10.24 6618
10.24 6619
10.24 6620
10.24 6621
10.24 6622
10.25 6623
10.25 6624
10.25 6625
10.25 6626
10.25 6627
10.25 6628
10.25 6629
10.26 6630
10.26 6631
10.26 6632
10.26 6633
10.26 6634
10.26 6635
10.27 6636
10.27 6637
10.27 6638
10.27 6639
10.27 6640
10.27 6641
10.27 6642
10.28 6643
10.28 6644
10.28 6645
10.28 6646
10.28 6647
10.28 6648
10.28 6649
10.29 6650
10.29 6651
10.29 6652
10.29 6653
10.29 6654
10.29 6655
10.29 6656
10.3 6657
10.3 6658
10.3 6659
10.3 6660
10.3 6661
10.3 6662
10.3 6663
10.31 6664
10.31 6665
10.31 6666
10.31 6667
10.31 6668
10.31 6669
10.31 6670
10.32 6671
10.32 6672
10.32 6673
10.32 6674
10.32 6675
10.32 6676
10.33 6677
10.33 6678
10.33 6679
10.33 6680
10.33 6681
10.34 6682
10.34 6683
10.34 6684
10.34 6685
10.34 6686
10.35 6687
10.35 6688
10.35 6689
10.35 6690
10.35 6691
10.36 6692
10.36 6693
10.36 6694
10.36 6695
10.36 6696
10.36 6697
10.37 6698
10.37 6699
10.37 6700
10.37 6701
10.37 6702
10.37 6703
10.38 6704
10.38 6705
10.38 6706
10.38 6707
10.38 6708
10.38 6709
10.38 6710
10.39 6711
10.39 6712
10.39 6713
10.39 6714
10.39 6715
10.39 6716
10.4 6717
10.4 6718
10.4 6719
10.4 6720
10.4 6721
10.4 6722
10.4 6723
10.41 6724
10.41 6725
10.41 6726
10.41 6727
10.41 6728
10.42 6729
10.42 6730
10.42 6731
10.42 6732
10.42 6733
10.42 6734
10.43 6735
10.43 6736
10.43 6737
10.43 6738
10.43 6739
10.44 6740
10.44 6741
10.44 6742
10.44 6743
10.44 6744
10.44 6745
10.45 6746
10.45 6747
10.45 6748
10.45 6749
10.45 6750
10.45 6751
10.46 6752
10.46 6753
10.46 6754
10.46 6755
10.46 6756
10.46 6757
10.47 6758
10.47 6759
10.47 6760
10.47 6761
10.47 6762
10.47 6763
10.47 6764
10.48 6765
10.48 6766
10.48 6767
10.48 6768
10.48 6769
10.48 6770
10.48 6771
10.49 6772
10.49 6773
10.49 6774
10.49 6775
10.49 6776
10.49 6777
10.49 6778
10.5 6779
10.5 6780
10.5 6781
10.5 6782
10.5 6783
10.5 6784
10.5 6785
10.51 6786
10.51 6787
10.51 6788
10.51 6789
10.51 6790
10.51 6791
10.52 6792
10.52 6793
10.52 6794
10.52 6795
10.52 6796
10.52 6797
10.52 6798
10.53 6799
10.53 6800
10.53 6801
10.53 6802
10.53 6803
10.53 6804
10.53 6805
10.54 6806
10.54 6807
10.54 6808
10.54 6809
10.54 6810
10.54 6811
10.54 6812
10.55 6813
10.55 6814
10.55 6815
10.55 6816
10.55 6817
10.55 6818
10.56 6819
10.56 6820
10.56 6821
10.56 6822
10.56 6823
10.56 6824
10.56 6825
10.57 6826
10.57 6827
10.57 6828
10.57 6829
10.57 6830
10.57 6831
10.57 6832
10.57 6833
10.58 6834
10.58 6835
10.58 6836
10.58 6837
10.58 6838
10.58 6839
10.58 6840
10.59 6841
10.59 6842
10.59 6843
10.59 6844
10.59 6845
10.59 6846
10.6 6847
10.6 6848
10.6 6849
10.6 6850
10.6 6851
10.6 6852
10.61 6853
10.61 6854
10.61 6855
10.61 6856
10.61 6857
10.61 6858
10.62 6859
10.62 6860
10.62 6861
10.62 6862
10.62 6863
10.62 6864
10.62 6865
10.62 6866
10.63 6867
10.63 6868
10.63 6869
10.63 6870
10.63 6871
10.63 6872
10.63 6873
10.64 6874
10.64 6875
10.64 6876
10.64 6877
10.64 6878
10.64 6879
10.64 6880
10.65 6881
10.65 6882
10.65 6883
10.65 6884
10.65 6885
10.65 6886
10.65 6887
10.66 6888
10.66 6889
10.66 6890
10.66 6891
10.66 6892
10.66 6893
10.66 6894
10.67 6895
10.67 6896
10.67 6897
10.67 6898
10.67 6899
10.67 6900
10.67 6901
10.68 6902
10.68 6903
10.68 6904
10.68 6905
10.68 6906
10.68 6907
10.68 6908
10.69 6909
10.69 6910
10.69 6911
10.69 6912
10.69 6913
10.69 6914
10.7 6915
10.7 6916
10.7 6917
10.7 6918
10.7 6919
10.71 6920
10.71 6921
10.71 6922
10.71 6923
10.71 6924
10.71 6925
10.72 6926
10.72 6927
10.72 6928
10.72 6929
10.72 6930
10.72 6931
10.73 6932
10.73 6933
10.73 6934
10.73 6935
10.73 6936
10.73 6937
10.74 6938
10.74 6939
10.74 6940
10.74 6941
10.74 6942
10.74 6943
10.75 6944
10.75 6945
10.75 6946
10.75 6947
10.75 6948
10.75 6949
10.75 6950
10.76 6951
10.76 6952
10.76 6953
10.76 6954
10.76 6955
10.77 6956
10.77 6957
10.77 6958
10.77 6959
10.77 6960
10.77 6961
10.77 6962
10.78 6963
10.78 6964
10.78 6965
10.78 6966
10.78 6967
10.78 6968
10.79 6969
10.79 6970
10.79 6971
10.79 6972
10.79 6973
10.79 6974
10.8 6975
10.8 6976
10.8 6977
10.8 6978
10.8 6979
10.8 6980
10.81 6981
10.81 6982
10.81 6983
10.81 6984
10.81 6985
10.82 6986
10.82 6987
10.82 6988
10.82 6989
10.82 6990
10.82 6991
10.83 6992
10.83 6993
10.83 6994
10.83 6995
10.83 6996
10.84 6997
10.84 6998
10.84 6999
10.84 7000
10.84 7001
10.84 7002
10.85 7003
10.85 7004
10.85 7005
10.85 7006
10.85 7007
10.85 7008
10.86 7009
10.86 7010
10.86 7011
10.86 7012
10.87 7013
10.87 7014
10.87 7015
10.87 7016
10.87 7017
10.88 7018
10.88 7019
10.88 7020
10.88 7021
10.89 7022
10.89 7023
10.89 7024
10.89 7025
10.89 7026
10.9 7027
10.9 7028
10.9 7029
10.9 7030
10.9 7031
10.9 7032
10.91 7033
10.91 7034
10.91 7035
10.91 7036
10.91 7037
10.92 7038
10.92 7039
10.92 7040
10.92 7041
10.92 7042
10.93 7043
10.93 7044
10.93 7045
10.93 7046
10.93 7047
10.94 7048
10.94 7049
10.94 7050
10.94 7051
10.94 7052
10.94 7053
10.95 7054
10.95 7055
10.95 7056
10.95 7057
10.95 7058
10.96 7059
10.96 7060
10.96 7061
10.96 7062
10.96 7063
10.97 7064
10.97 7065
10.97 7066
10.97 7067
10.97 7068
10.97 7069
10.98 7070
10.98 7071
10.98 7072
10.98 7073
10.98 7074
10.98 7075
10.99 7076
10.99 7077
10.99 7078
10.99 7079
10.99 7080
10.99 7081
10.99 7082
11.0 7083
11.0 7084
11.0 7085
11.0 7086
11.0 7087
11.0 7088
11.0 7089
11.01 7090
11.01 7091
11.01 7092
11.01 7093
11.01 7094
11.01 7095
11.01 7096
11.02 7097
11.02 7098
11.02 7099
11.02 7100
11.02 7101
11.02 7102
11.02 7103
11.03 7104
11.03 7105
11.03 7106
11.03 7107
11.03 7108
11.03 7109
11.03 7110
11.04 7111
11.04 7112
11.04 7113
11.04 7114
11.04 7115
11.04 7116
11.04 7117
11.05 7118
11.05 7119
11.05 7120
11.05 7121
11.05 7122
11.05 7123
11.06 7124
11.06 7125
11.06 7126
11.06 7127
11.06 7128
11.06 7129
11.06 7130
11.07 7131
11.07 7132
11.07 7133
11.07 7134
11.07 7135
11.07 7136
11.07 7137
11.08 7138
11.08 7139
11.08 7140
11.08 7141
11.08 7142
11.08 7143
11.09 7144
11.09 7145
11.09 7146
11.09 7147
11.09 7148
11.09 7149
11.1 7150
11.1 7151
11.1 7152
11.1 7153
11.1 7154
11.1 7155
11.1 7156
11.11 7157
11.11 7158
11.11 7159
11.11 7160
11.11 7161
11.11 7162
11.12 7163
11.12 7164
11.12 7165
11.12 7166
11.12 7167
11.12 7168
11.13 7169
11.13 7170
11.13 7171
11.13 7172
11.13 7173
11.14 7174
11.14 7175
11.14 7176
11.14 7177
11.14 7178
11.14 7179
11.15 7180
11.15 7181
11.15 7182
11.15 7183
11.15 7184
11.16 7185
11.16 7186
11.16 7187
11.16 7188
11.16 7189
11.17 7190
11.17 7191
11.17 7192
11.17 7193
11.17 7194
11.17 7195
11.17 7196
11.18 7197
11.18 7198
11.18 7199
11.18 7200
11.18 7201
11.18 7202
11.19 7203
11.19 7204
11.19 7205
11.19 7206
11.19 7207
11.19 7208
11.2 7209
11.2 7210
11.2 7211
11.2 7212
11.2 7213
11.2 7214
11.2 7215
11.21 7216
11.21 7217
11.21 7218
11.21 7219
11.21 7220
11.22 7221
11.22 7222
11.22 7223
11.22 7224
11.22 7225
11.22 7226
11.22 7227
11.23 7228
11.23 7229
11.23 7230
11.23 7231
11.23 7232
11.24 7233
11.24 7234
11.24 7235
11.24 7236
11.24 7237
11.25 7238
11.25 7239
11.25 7240
11.25 7241
11.25 7242
11.25 7243
11.26 7244
11.26 7245
11.26 7246
11.26 7247
11.26 7248
11.26 7249
11.27 7250
11.27 7251
11.27 7252
11.27 7253
11.27 7254
11.28 7255
11.28 7256
11.28 7257
11.28 7258
11.28 7259
11.29 7260
11.29 7261
11.29 7262
11.29 7263
11.29 7264
11.3 7265
11.3 7266
11.3 7267
11.3 7268
11.3 7269
11.3 7270
11.31 7271
11.31 7272
11.31 7273
11.31 7274
11.32 7275
11.32 7276
11.32 7277
11.32 7278
11.32 7279
11.32 7280
11.33 7281
11.33 7282
11.33 7283
11.33 7284
11.33 7285
11.33 7286
11.34 7287
11.34 7288
11.34 7289
11.34 7290
11.34 7291
11.34 7292
11.35 7293
11.35 7294
11.35 7295
11.35 7296
11.35 7297
11.35 7298
11.36 7299
11.36 7300
11.36 7301
11.36 7302
11.36 7303
11.36 7304
11.37 7305
11.37 7306
11.37 7307
11.37 7308
11.37 7309
11.37 7310
11.37 7311
11.38 7312
11.38 7313
11.38 7314
11.38 7315
11.38 7316
11.39 7317
11.39 7318
11.39 7319
11.39 7320
11.39 7321
11.39 7322
11.4 7323
11.4 7324
11.4 7325
11.4 7326
11.4 7327
11.41 7328
11.41 7329
11.41 7330
11.41 7331
11.41 7332
11.41 7333
11.41 7334
11.42 7335
11.42 7336
11.42 7337
11.42 7338
11.42 7339
11.42 7340
11.42 7341
11.43 7342
11.43 7343
11.43 7344
11.43 7345
11.43 7346
11.43 7347
11.43 7348
11.44 7349
11.44 7350
11.44 7351
11.44 7352
11.44 7353
11.44 7354
11.44 7355
11.45 7356
11.45 7357
11.45 7358
11.45 7359
11.45 7360
11.45 7361
11.45 7362
11.46 7363
11.46 7364
11.46 7365
11.46 7366
11.46 7367
11.46 7368
11.46 7369
11.46 7370
11.47 7371
11.47 7372
11.47 7373
11.47 7374
