0.03 2
0.05 3
0.07 4
0.09 5
0.1 6
0.11 7
0.12 8
0.13 9
0.14 10
0.15 11
0.16 12
0.17 13
0.18 14
0.19 15
0.2 16
0.2 17
0.2 18
0.21 19
0.21 20
0.21 21
0.21 22
0.21 23
0.22 24
0.22 25
0.22 26
0.22 27
0.23 28
0.23 29
0.23 30
0.23 31
0.23 32
0.23 33
0.24 34
0.24 35
0.24 36
0.24 37
0.24 38
0.24 39
0.25 40
0.25 41
0.25 42
0.25 43
0.25 44
0.25 45
0.26 46
0.26 47
0.26 48
0.26 49
0.26 50
0.26 51
0.27 52
0.27 53
0.27 54
0.27 55
0.27 56
0.27 57
0.27 58
0.28 59
0.28 60
0.28 61
0.28 62
0.28 63
0.28 64
0.29 65
0.29 66
0.29 67
0.29 68
0.29 69
0.29 70
0.3 71
0.3 72
0.3 73
0.3 74
0.3 75
0.3 76
0.3 77
0.31 78
0.31 79
0.31 80
0.31 81
0.31 82
0.31 83
0.31 84
0.32 85
0.32 86
0.32 87
0.32 88
0.32 89
0.32 90
0.33 91
0.33 92
0.33 93
0.33 94
0.33 95
0.33 96
0.33 97
0.34 98
0.34 99
0.34 100
0.34 101
0.34 102
0.34 103
0.35 104
0.35 105
0.35 106
0.35 107
0.35 108
0.35 109
0.35 110
0.36 111
0.36 112
0.36 113
0.36 114
0.36 115
0.36 116
0.37 117
0.37 118
0.37 119
0.37 120
0.37 121
0.37 122
0.37 123
0.38 124
0.38 125
0.38 126
0.38 127
0.38 128
0.38 129
0.39 130
0.39 131
0.39 132
0.39 133
0.39 134
0.39 135
0.39 136
0.4 137
0.4 138
0.4 139
0.4 140
0.4 141
0.4 142
0.4 143
0.41 144
0.41 145
0.41 146
0.41 147
0.41 148
0.41 149
0.42 150
0.42 151
0.42 152
0.42 153
0.42 154
0.42 155
0.42 156
0.43 157
0.43 158
0.43 159
0.43 160
0.43 161
0.43 162
0.44 163
0.44 164
0.44 165
0.44 166
0.44 167
0.44 168
0.44 169
0.45 170
0.45 171
0.45 172
0.45 173
0.45 174
0.45 175
0.46 176
0.46 177
0.46 178
0.46 179
0.46 180
0.46 181
0.47 182
0.47 183
0.47 184
0.47 185
0.47 186
0.47 187
0.48 188
0.48 189
0.48 190
0.48 191
0.48 192
0.48 193
0.49 194
0.49 195
0.49 196
0.49 197
0.49 198
0.5 199
0.5 200
0.5 201
0.5 202
0.5 203
0.5 204
0.51 205
0.51 206
0.51 207
0.51 208
0.51 209
0.51 210
0.52 211
0.52 212
0.52 213
0.52 214
0.52 215
0.53 216
0.53 217
0.53 218
0.53 219
0.53 220
0.53 221
0.53 222
0.54 223
0.54 224
0.54 225
0.54 226
0.54 227
0.54 228
0.55 229
0.55 230
0.55 231
0.55 232
0.55 233
0.55 234
0.55 235
0.56 236
0.56 237
0.56 238
0.56 239
0.56 240
0.56 241
0.57 242
0.57 243
0.57 244
0.57 245
0.57 246
0.57 247
0.57 248
0.58 249
0.58 250
0.58 251
0.58 252
0.58 253
0.58 254
0.59 255
0.59 256
0.59 257
0.59 258
0.59 259
0.59 260
0.6 261
0.6 262
0.6 263
0.6 264
0.6 265
0.6 266
0.6 267
0.61 268
0.61 269
0.61 270
0.61 271
0.61 272
0.61 273
0.61 274
0.62 275
0.62 276
0.62 277
0.62 278
0.62 279
0.62 280
0.63 281
0.63 282
0.63 283
0.63 284
0.63 285
0.63 286
0.63 287
0.64 288
0.64 289
0.64 290
0.64 291
0.64 292
0.64 293
0.65 294
0.65 295
0.65 296
0.65 297
0.65 298
0.65 299
0.66 300
0.66 301
0.66 302
0.66 303
0.66 304
0.66 305
0.66 306
0.67 307
0.67 308
0.67 309
0.67 310
0.67 311
0.67 312
0.67 313
0.68 314
0.68 315
0.68 316
0.68 317
0.68 318
0.68 319
0.69 320
0.69 321
0.69 322
0.69 323
0.69 324
0.69 325
0.69 326
0.7 327
0.7 328
0.7 329
0.7 330
0.7 331
0.7 332
0.71 333
0.71 334
0.71 335
0.71 336
0.71 337
0.71 338
0.71 339
0.72 340
0.72 341
0.72 342
0.72 343
0.72 344
0.72 345
0.73 346
0.73 347
0.73 348
0.73 349
0.73 350
0.73 351
0.73 352
0.74 353
0.74 354
0.74 355
0.74 356
0.74 357
0.74 358
0.74 359
0.75 360
0.75 361
0.75 362
0.75 363
0.75 364
0.75 365
0.76 366
0.76 367
0.76 368
0.76 369
0.76 370
0.76 371
0.77 372
0.77 373
0.77 374
0.77 375
0.77 376
0.77 377
0.78 378
0.78 379
0.78 380
0.78 381
0.78 382
0.79 383
0.79 384
0.79 385
0.79 386
0.79 387
0.79 388
0.8 389
0.8 390
0.8 391
0.8 392
0.8 393
0.81 394
0.81 395
0.81 396
0.81 397
0.81 398
0.81 399
0.81 400
0.82 401
0.82 402
0.82 403
0.82 404
0.82 405
0.82 406
0.83 407
0.83 408
0.83 409
0.83 410
0.83 411
0.83 412
0.83 413
0.84 414
0.84 415
0.84 416
0.84 417
0.84 418
0.84 419
0.85 420
0.85 421
0.85 422
0.85 423
0.85 424
0.85 425
0.85 426
0.86 427
0.86 428
0.86 429
0.86 430
0.86 431
0.86 432
0.87 433
0.87 434
0.87 435
0.87 436
0.87 437
0.87 438
0.87 439
0.88 440
0.88 441
0.88 442
0.88 443
0.88 444
0.88 445
0.89 446
0.89 447
0.89 448
0.89 449
0.89 450
0.89 451
0.89 452
0.9 453
0.9 454
0.9 455
0.9 456
0.9 457
0.9 458
0.9 459
0.91 460
0.91 461
0.91 462
0.91 463
0.91 464
0.91 465
0.92 466
0.92 467
0.92 468
0.92 469
0.92 470
0.92 471
0.92 472
0.93 473
0.93 474
0.93 475
0.93 476
0.93 477
0.93 478
0.94 479
0.94 480
0.94 481
0.94 482
0.94 483
0.94 484
0.94 485
0.95 486
0.95 487
0.95 488
0.95 489
0.95 490
0.95 491
0.96 492
0.96 493
0.96 494
0.96 495
0.96 496
0.96 497
0.96 498
0.97 499
0.97 500
0.97 501
0.97 502
0.97 503
0.97 504
0.98 505
0.98 506
0.98 507
0.98 508
0.98 509
0.98 510
0.98 511
0.99 512
0.99 513
0.99 514
0.99 515
0.99 516
0.99 517
1.0 518
1.0 519
1.0 520
1.0 521
1.0 522
1.0 523
1.01 524
1.01 525
1.01 526
1.01 527
1.01 528
1.01 529
1.01 530
1.02 531
1.02 532
1.02 533
1.02 534
1.02 535
1.02 536
1.03 537
1.03 538
1.03 539
1.03 540
1.03 541
1.03 542
1.04 543
1.04 544
1.04 545
1.04 546
1.04 547
1.05 548
1.05 549
1.05 550
1.05 551
1.05 552
1.05 553
1.06 554
1.06 555
1.06 556
1.06 557
1.06 558
1.06 559
1.07 560
1.07 561
1.07 562
1.07 563
1.07 564
1.07 565
1.08 566
1.08 567
1.08 568
1.08 569
1.08 570
1.08 571
1.09 572
1.09 573
1.09 574
1.09 575
1.09 576
1.09 577
1.09 578
1.1 579
1.1 580
1.1 581
1.1 582
1.1 583
1.11 584
1.11 585
1.11 586
1.11 587
1.11 588
1.11 589
1.11 590
1.12 591
1.12 592
1.12 593
1.12 594
1.12 595
1.12 596
1.13 597
1.13 598
1.13 599
1.13 600
1.13 601
1.13 602
1.13 603
1.14 604
1.14 605
1.14 606
1.14 607
1.14 608
1.14 609
1.14 610
1.15 611
1.15 612
1.15 613
1.15 614
1.15 615
1.15 616
1.16 617
1.16 618
1.16 619
1.16 620
1.16 621
1.16 622
1.16 623
1.17 624
1.17 625
1.17 626
1.17 627
1.17 628
1.17 629
1.18 630
1.18 631
1.18 632
1.18 633
1.18 634
1.18 635
1.18 636
1.19 637
1.19 638
1.19 639
1.19 640
1.19 641
1.19 642
1.2 643
1.2 644
1.2 645
1.2 646
1.2 647
1.2 648
1.2 649
1.21 650
1.21 651
1.21 652
1.21 653
1.21 654
1.21 655
1.21 656
1.22 657
1.22 658
1.22 659
1.22 660
1.22 661
1.22 662
1.23 663
1.23 664
1.23 665
1.23 666
1.23 667
1.23 668
1.23 669
1.24 670
1.24 671
1.24 672
1.24 673
1.24 674
1.24 675
1.25 676
1.25 677
1.25 678
1.25 679
1.25 680
1.25 681
1.25 682
1.26 683
1.26 684
1.26 685
1.26 686
1.26 687
1.26 688
1.27 689
1.27 690
1.27 691
1.27 692
1.27 693
1.27 694
1.27 695
1.28 696
1.28 697
1.28 698
1.28 699
1.28 700
1.28 701
1.29 702
1.29 703
1.29 704
1.29 705
1.29 706
1.29 707
1.29 708
1.3 709
1.3 710
1.3 711
1.3 712
1.3 713
1.3 714
1.31 715
1.31 716
1.31 717
1.31 718
1.31 719
1.31 720
1.32 721
1.32 722
1.32 723
1.32 724
1.32 725
1.33 726
1.33 727
1.33 728
1.33 729
1.33 730
1.33 731
1.34 732
1.34 733
1.34 734
1.34 735
1.34 736
1.34 737
1.35 738
1.35 739
1.35 740
1.35 741
1.35 742
1.35 743
1.36 744
1.36 745
1.36 746
1.36 747
1.36 748
1.36 749
1.37 750
1.37 751
1.37 752
1.37 753
1.37 754
1.37 755
1.37 756
1.38 757
1.38 758
1.38 759
1.38 760
1.38 761
1.38 762
1.39 763
1.39 764
1.39 765
1.39 766
1.39 767
1.39 768
1.39 769
1.4 770
1.4 771
1.4 772
1.4 773
1.4 774
1.4 775
1.41 776
1.41 777
1.41 778
1.41 779
1.41 780
1.41 781
1.41 782
1.42 783
1.42 784
1.42 785
1.42 786
1.42 787
1.42 788
1.42 789
1.43 790
1.43 791
1.43 792
1.43 793
1.43 794
1.43 795
1.44 796
1.44 797
1.44 798
1.44 799
1.44 800
1.44 801
1.44 802
1.45 803
1.45 804
1.45 805
1.45 806
1.45 807
1.45 808
1.46 809
1.46 810
1.46 811
1.46 812
1.46 813
1.46 814
1.46 815
1.47 816
1.47 817
1.47 818
1.47 819
1.47 820
1.47 821
1.48 822
1.48 823
1.48 824
1.48 825
1.48 826
1.48 827
1.48 828
1.49 829
1.49 830
1.49 831
1.49 832
1.49 833
1.49 834
1.5 835
1.5 836
1.5 837
1.5 838
1.5 839
1.5 840
1.5 841
1.51 842
1.51 843
1.51 844
1.51 845
1.51 846
1.51 847
1.52 848
1.52 849
1.52 850
1.52 851
1.52 852
1.52 853
1.52 854
1.53 855
1.53 856
1.53 857
1.53 858
1.53 859
1.53 860
1.54 861
1.54 862
1.54 863
1.54 864
1.54 865
1.54 866
1.54 867
1.55 868
1.55 869
1.55 870
1.55 871
1.55 872
1.55 873
1.56 874
1.56 875
1.56 876
1.56 877
1.56 878
1.56 879
1.57 880
1.57 881
1.57 882
1.57 883
1.57 884
1.57 885
1.58 886
1.58 887
1.58 888
1.58 889
1.58 890
1.59 891
1.59 892
1.59 893
1.59 894
1.59 895
1.59 896
1.6 897
1.6 898
1.6 899
1.6 900
1.6 901
1.61 902
1.61 903
1.61 904
1.61 905
1.61 906
1.61 907
1.61 908
1.62 909
1.62 910
1.62 911
1.62 912
1.62 913
1.62 914
1.63 915
1.63 916
1.63 917
1.63 918
1.63 919
1.63 920
1.64 921
1.64 922
1.64 923
1.64 924
1.64 925
1.64 926
1.64 927
1.65 928
1.65 929
1.65 930
1.65 931
1.65 932
1.65 933
1.66 934
1.66 935
1.66 936
1.66 937
1.66 938
1.66 939
1.66 940
1.67 941
1.67 942
1.67 943
1.67 944
1.67 945
1.67 946
1.67 947
1.68 948
1.68 949
1.68 950
1.68 951
1.68 952
1.68 953
1.69 954
1.69 955
1.69 956
1.69 957
1.69 958
1.69 959
1.7 960
1.7 961
1.7 962
1.7 963
1.7 964
1.7 965
1.7 966
1.71 967
1.71 968
1.71 969
1.71 970
1.71 971
1.71 972
1.72 973
1.72 974
1.72 975
1.72 976
1.72 977
1.72 978
1.72 979
1.73 980
1.73 981
1.73 982
1.73 983
1.73 984
1.73 985
1.74 986
1.74 987
1.74 988
1.74 989
1.74 990
1.74 991
1.74 992
1.75 993
1.75 994
1.75 995
1.75 996
1.75 997
1.75 998
1.76 999
1.76 1000
1.76 1001
1.76 1002
1.76 1003
1.76 1004
1.76 1005
1.77 1006
1.77 1007
1.77 1008
1.77 1009
1.77 1010
1.77 1011
1.78 1012
1.78 1013
1.78 1014
1.78 1015
1.78 1016
1.78 1017
1.78 1018
1.79 1019
1.79 1020
1.79 1021
1.79 1022
1.79 1023
1.79 1024
1.8 1025
1.8 1026
1.8 1027
1.8 1028
1.8 1029
1.8 1030
1.8 1031
1.81 1032
1.81 1033
1.81 1034
1.81 1035
1.81 1036
1.81 1037
1.81 1038
1.82 1039
1.82 1040
1.82 1041
1.82 1042
1.82 1043
1.82 1044
1.83 1045
1.83 1046
1.83 1047
1.83 1048
1.83 1049
1.83 1050
1.84 1051
1.84 1052
1.84 1053
1.84 1054
1.84 1055
1.84 1056
1.85 1057
1.85 1058
1.85 1059
1.85 1060
1.85 1061
1.86 1062
1.86 1063
1.86 1064
1.86 1065
1.86 1066
1.86 1067
1.87 1068
1.87 1069
1.87 1070
1.87 1071
1.87 1072
1.87 1073
1.88 1074
1.88 1075
1.88 1076
1.88 1077
1.88 1078
1.88 1079
1.89 1080
1.89 1081
1.89 1082
1.89 1083
1.89 1084
1.89 1085
1.89 1086
1.9 1087
1.9 1088
1.9 1089
1.9 1090
1.9 1091
1.9 1092
1.91 1093
1.91 1094
1.91 1095
1.91 1096
1.91 1097
1.91 1098
1.91 1099
1.92 1100
1.92 1101
1.92 1102
1.92 1103
1.92 1104
1.92 1105
1.93 1106
1.93 1107
1.93 1108
1.93 1109
1.93 1110
1.93 1111
1.93 1112
1.94 1113
1.94 1114
1.94 1115
1.94 1116
1.94 1117
1.94 1118
1.95 1119
1.95 1120
1.95 1121
1.95 1122
1.95 1123
1.95 1124
1.95 1125
1.96 1126
1.96 1127
1.96 1128
1.96 1129
1.96 1130
1.96 1131
1.97 1132
1.97 1133
1.97 1134
1.97 1135
1.97 1136
1.97 1137
1.97 1138
1.98 1139
1.98 1140
1.98 1141
1.98 1142
1.98 1143
1.98 1144
1.99 1145
1.99 1146
1.99 1147
1.99 1148
1.99 1149
1.99 1150
1.99 1151
2.0 1152
2.0 1153
2.0 1154
2.0 1155
2.0 1156
2.0 1157
2.01 1158
2.01 1159
2.01 1160
2.01 1161
2.01 1162
2.01 1163
2.01 1164
2.02 1165
2.02 1166
2.02 1167
2.02 1168
2.02 1169
2.02 1170
2.03 1171
2.03 1172
2.03 1173
2.03 1174
2.03 1175
2.03 1176
2.03 1177
2.04 1178
2.04 1179
2.04 1180
2.04 1181
2.04 1182
2.04 1183
2.04 1184
2.05 1185
2.05 1186
2.05 1187
2.05 1188
2.05 1189
2.05 1190
2.06 1191
2.06 1192
2.06 1193
2.06 1194
2.06 1195
2.06 1196
2.06 1197
2.07 1198
2.07 1199
2.07 1200
2.07 1201
2.07 1202
2.07 1203
2.08 1204
2.08 1205
2.08 1206
2.08 1207
2.08 1208
2.08 1209
2.08 1210
2.09 1211
2.09 1212
2.09 1213
2.09 1214
2.09 1215
2.09 1216
2.1 1217
2.1 1218
2.1 1219
2.1 1220
2.1 1221
2.1 1222
2.11 1223
2.11 1224
2.11 1225
2.11 1226
2.11 1227
2.12 1228
2.12 1229
2.12 1230
2.12 1231
2.12 1232
2.12 1233
2.13 1234
2.13 1235
2.13 1236
2.13 1237
2.13 1238
2.13 1239
2.14 1240
2.14 1241
2.14 1242
2.14 1243
2.14 1244
2.15 1245
2.15 1246
2.15 1247
2.15 1248
2.15 1249
2.15 1250
2.15 1251
2.16 1252
2.16 1253
2.16 1254
2.16 1255
2.16 1256
2.16 1257
2.17 1258
2.17 1259
2.17 1260
2.17 1261
2.17 1262
2.17 1263
2.17 1264
2.18 1265
2.18 1266
2.18 1267
2.18 1268
2.18 1269
2.18 1270
2.19 1271
2.19 1272
2.19 1273
2.19 1274
2.19 1275
2.19 1276
2.19 1277
2.2 1278
2.2 1279
2.2 1280
2.2 1281
2.2 1282
2.2 1283
2.2 1284
2.21 1285
2.21 1286
2.21 1287
2.21 1288
2.21 1289
2.21 1290
2.22 1291
2.22 1292
2.22 1293
2.22 1294
2.22 1295
2.22 1296
2.22 1297
2.23 1298
2.23 1299
2.23 1300
2.23 1301
2.23 1302
2.23 1303
2.24 1304
2.24 1305
2.24 1306
2.24 1307
2.24 1308
2.24 1309
2.24 1310
2.25 1311
2.25 1312
2.25 1313
2.25 1314
2.25 1315
2.25 1316
2.26 1317
2.26 1318
2.26 1319
2.26 1320
2.26 1321
2.26 1322
2.26 1323
2.27 1324
2.27 1325
2.27 1326
2.27 1327
2.27 1328
2.27 1329
2.28 1330
2.28 1331
2.28 1332
2.28 1333
2.28 1334
2.28 1335
2.28 1336
2.29 1337
2.29 1338
2.29 1339
2.29 1340
2.29 1341
2.29 1342
2.3 1343
2.3 1344
2.3 1345
2.3 1346
2.3 1347
2.3 1348
2.3 1349
2.31 1350
2.31 1351
2.31 1352
2.31 1353
2.31 1354
2.31 1355
2.31 1356
2.32 1357
2.32 1358
2.32 1359
2.32 1360
2.32 1361
2.32 1362
2.33 1363
2.33 1364
2.33 1365
2.33 1366
2.33 1367
2.33 1368
2.33 1369
2.34 1370
2.34 1371
2.34 1372
2.34 1373
2.34 1374
2.34 1375
2.35 1376
2.35 1377
2.35 1378
2.35 1379
2.35 1380
2.35 1381
2.35 1382
2.36 1383
2.36 1384
2.36 1385
2.36 1386
2.36 1387
2.36 1388
2.37 1389
2.37 1390
2.37 1391
2.37 1392
2.37 1393
2.37 1394
2.38 1395
2.38 1396
2.38 1397
2.38 1398
2.38 1399
2.39 1400
2.39 1401
2.39 1402
2.39 1403
2.39 1404
2.39 1405
2.4 1406
2.4 1407
2.4 1408
2.4 1409
2.4 1410
2.4 1411
2.41 1412
2.41 1413
2.41 1414
2.41 1415
2.41 1416
2.41 1417
2.42 1418
2.42 1419
2.42 1420
2.42 1421
2.42 1422
2.42 1423
2.42 1424
2.43 1425
2.43 1426
2.43 1427
2.43 1428
2.43 1429
2.43 1430
2.44 1431
2.44 1432
2.44 1433
2.44 1434
2.44 1435
2.44 1436
2.44 1437
2.45 1438
2.45 1439
2.45 1440
2.45 1441
2.45 1442
2.45 1443
2.46 1444
2.46 1445
2.46 1446
2.46 1447
2.46 1448
2.46 1449
2.46 1450
2.47 1451
2.47 1452
2.47 1453
2.47 1454
2.47 1455
2.47 1456
2.47 1457
2.48 1458
2.48 1459
2.48 1460
2.48 1461
2.48 1462
2.48 1463
2.49 1464
2.49 1465
2.49 1466
2.49 1467
2.49 1468
2.49 1469
2.5 1470
2.5 1471
2.5 1472
2.5 1473
2.5 1474
2.5 1475
2.5 1476
2.51 1477
2.51 1478
2.51 1479
2.51 1480
2.51 1481
2.51 1482
2.52 1483
2.52 1484
2.52 1485
2.52 1486
2.52 1487
2.52 1488
2.52 1489
2.53 1490
2.53 1491
2.53 1492
2.53 1493
2.53 1494
2.53 1495
2.53 1496
2.54 1497
2.54 1498
2.54 1499
2.54 1500
2.54 1501
2.54 1502
2.55 1503
2.55 1504
2.55 1505
2.55 1506
2.55 1507
2.55 1508
2.55 1509
2.56 1510
2.56 1511
2.56 1512
2.56 1513
2.56 1514
2.56 1515
2.57 1516
2.57 1517
2.57 1518
2.57 1519
2.57 1520
2.57 1521
2.57 1522
2.58 1523
2.58 1524
2.58 1525
2.58 1526
2.58 1527
2.58 1528
2.59 1529
2.59 1530
2.59 1531
2.59 1532
2.59 1533
2.59 1534
2.59 1535
2.6 1536
2.6 1537
2.6 1538
2.6 1539
2.6 1540
2.6 1541
2.61 1542
2.61 1543
2.61 1544
2.61 1545
2.61 1546
2.61 1547
2.61 1548
2.62 1549
2.62 1550
2.62 1551
2.62 1552
2.62 1553
2.62 1554
2.63 1555
2.63 1556
2.63 1557
2.63 1558
2.63 1559
2.64 1560
2.64 1561
2.64 1562
2.64 1563
2.64 1564
2.64 1565
2.65 1566
2.65 1567
2.65 1568
2.65 1569
2.65 1570
2.66 1571
2.66 1572
2.66 1573
2.66 1574
2.66 1575
2.66 1576
2.67 1577
2.67 1578
2.67 1579
2.67 1580
2.67 1581
2.67 1582
2.68 1583
2.68 1584
2.68 1585
2.68 1586
2.68 1587
2.68 1588
2.68 1589
2.69 1590
2.69 1591
2.69 1592
2.69 1593
2.69 1594
2.69 1595
2.7 1596
2.7 1597
2.7 1598
2.7 1599
2.7 1600
2.7 1601
2.7 1602
2.71 1603
2.71 1604
2.71 1605
2.71 1606
2.71 1607
2.71 1608
2.72 1609
2.72 1610
2.72 1611
2.72 1612
2.72 1613
2.72 1614
2.72 1615
2.73 1616
2.73 1617
2.73 1618
2.73 1619
2.73 1620
2.73 1621
2.74 1622
2.74 1623
2.74 1624
2.74 1625
2.74 1626
2.74 1627
2.74 1628
2.75 1629
2.75 1630
2.75 1631
2.75 1632
2.75 1633
2.75 1634
2.76 1635
2.76 1636
2.76 1637
2.76 1638
2.76 1639
2.76 1640
2.77 1641
2.77 1642
2.77 1643
2.77 1644
2.77 1645
2.77 1646
2.77 1647
2.78 1648
2.78 1649
2.78 1650
2.78 1651
2.78 1652
2.78 1653
2.79 1654
2.79 1655
2.79 1656
2.79 1657
2.79 1658
2.79 1659
2.79 1660
2.8 1661
2.8 1662
2.8 1663
2.8 1664
2.8 1665
2.8 1666
2.81 1667
2.81 1668
2.81 1669
2.81 1670
2.81 1671
2.81 1672
2.81 1673
2.82 1674
2.82 1675
2.82 1676
2.82 1677
2.82 1678
2.82 1679
2.83 1680
2.83 1681
2.83 1682
2.83 1683
2.83 1684
2.83 1685
2.83 1686
2.84 1687
2.84 1688
2.84 1689
2.84 1690
2.84 1691
2.84 1692
2.84 1693
2.85 1694
2.85 1695
2.85 1696
2.85 1697
2.85 1698
2.85 1699
2.86 1700
2.86 1701
2.86 1702
2.86 1703
2.86 1704
2.86 1705
2.86 1706
2.87 1707
2.87 1708
2.87 1709
2.87 1710
2.87 1711
2.87 1712
2.88 1713
2.88 1714
2.88 1715
2.88 1716
2.88 1717
2.88 1718
2.88 1719
2.89 1720
2.89 1721
2.89 1722
2.89 1723
2.89 1724
2.89 1725
2.9 1726
2.9 1727
2.9 1728
2.9 1729
2.9 1730
2.9 1731
2.9 1732
2.91 1733
2.91 1734
2.91 1735
2.91 1736
2.91 1737
2.91 1738
2.92 1739
2.92 1740
2.92 1741
2.92 1742
2.92 1743
2.92 1744
2.93 1745
2.93 1746
2.93 1747
2.93 1748
2.93 1749
2.93 1750
2.94 1751
2.94 1752
2.94 1753
2.94 1754
2.94 1755
2.94 1756
2.95 1757
2.95 1758
2.95 1759
2.95 1760
2.95 1761
2.96 1762
2.96 1763
2.96 1764
2.96 1765
2.96 1766
2.96 1767
2.97 1768
2.97 1769
2.97 1770
2.97 1771
2.97 1772
2.97 1773
2.98 1774
2.98 1775
2.98 1776
2.98 1777
2.98 1778
2.98 1779
2.98 1780
2.99 1781
2.99 1782
2.99 1783
2.99 1784
2.99 1785
2.99 1786
3.0 1787
3.0 1788
3.0 1789
3.0 1790
3.0 1791
3.0 1792
3.01 1793
3.01 1794
3.01 1795
3.01 1796
3.01 1797
3.01 1798
3.01 1799
3.02 1800
3.02 1801
3.02 1802
3.02 1803
3.02 1804
3.02 1805
3.02 1806
3.03 1807
3.03 1808
3.03 1809
3.03 1810
3.03 1811
3.03 1812
3.04 1813
3.04 1814
3.04 1815
3.04 1816
3.04 1817
3.04 1818
3.04 1819
3.05 1820
3.05 1821
3.05 1822
3.05 1823
3.05 1824
3.05 1825
3.06 1826
3.06 1827
3.06 1828
3.06 1829
3.06 1830
3.06 1831
3.06 1832
3.07 1833
3.07 1834
3.07 1835
3.07 1836
3.07 1837
3.07 1838
3.08 1839
3.08 1840
3.08 1841
3.08 1842
3.08 1843
3.08 1844
3.08 1845
3.09 1846
3.09 1847
3.09 1848
3.09 1849
3.09 1850
3.09 1851
3.1 1852
3.1 1853
3.1 1854
3.1 1855
3.1 1856
3.1 1857
3.11 1858
3.11 1859
3.11 1860
3.11 1861
3.11 1862
3.11 1863
3.11 1864
3.12 1865
3.12 1866
3.12 1867
3.12 1868
3.12 1869
3.12 1870
3.12 1871
3.13 1872
3.13 1873
3.13 1874
3.13 1875
3.13 1876
3.13 1877
3.14 1878
3.14 1879
3.14 1880
3.14 1881
3.14 1882
3.14 1883
3.14 1884
3.15 1885
3.15 1886
3.15 1887
3.15 1888
3.15 1889
3.15 1890
3.16 1891
3.16 1892
3.16 1893
3.16 1894
3.16 1895
3.16 1896
3.17 1897
3.17 1898
3.17 1899
3.17 1900
3.17 1901
3.17 1902
3.17 1903
3.18 1904
3.18 1905
3.18 1906
3.18 1907
3.18 1908
3.19 1909
3.19 1910
3.19 1911
3.19 1912
3.19 1913
3.19 1914
3.2 1915
3.2 1916
3.2 1917
3.2 1918
3.2 1919
3.2 1920
3.21 1921
3.21 1922
3.21 1923
3.21 1924
3.21 1925
3.21 1926
3.21 1927
3.22 1928
3.22 1929
3.22 1930
3.22 1931
3.22 1932
3.22 1933
3.22 1934
3.23 1935
3.23 1936
3.23 1937
3.23 1938
3.23 1939
3.24 1940
3.24 1941
3.24 1942
3.24 1943
3.24 1944
3.24 1945
3.25 1946
3.25 1947
3.25 1948
3.25 1949
3.25 1950
3.25 1951
3.25 1952
3.26 1953
3.26 1954
3.26 1955
3.26 1956
3.26 1957
3.26 1958
3.27 1959
3.27 1960
3.27 1961
3.27 1962
3.27 1963
3.27 1964
3.27 1965
3.28 1966
3.28 1967
3.28 1968
3.28 1969
3.28 1970
3.28 1971
3.28 1972
3.29 1973
3.29 1974
3.29 1975
3.29 1976
3.29 1977
3.29 1978
3.3 1979
3.3 1980
3.3 1981
3.3 1982
3.3 1983
3.3 1984
3.3 1985
3.31 1986
3.31 1987
3.31 1988
3.31 1989
3.31 1990
3.31 1991
3.32 1992
3.32 1993
3.32 1994
3.32 1995
3.32 1996
3.32 1997
3.32 1998
3.33 1999
3.33 2000
3.33 2001
3.33 2002
3.33 2003
3.33 2004
3.34 2005
3.34 2006
3.34 2007
3.34 2008
3.34 2009
3.34 2010
3.34 2011
3.35 2012
3.35 2013
3.35 2014
3.35 2015
3.35 2016
3.35 2017
3.35 2018
3.36 2019
3.36 2020
3.36 2021
3.36 2022
3.36 2023
3.36 2024
3.37 2025
3.37 2026
3.37 2027
3.37 2028
3.37 2029
3.37 2030
3.37 2031
3.38 2032
3.38 2033
3.38 2034
3.38 2035
3.38 2036
3.38 2037
3.39 2038
3.39 2039
3.39 2040
3.39 2041
3.39 2042
3.39 2043
3.39 2044
3.4 2045
3.4 2046
3.4 2047
3.4 2048
3.4 2049
3.4 2050
3.41 2051
3.41 2052
3.41 2053
3.41 2054
3.41 2055
3.41 2056
3.41 2057
3.42 2058
3.42 2059
3.42 2060
3.42 2061
3.42 2062
3.42 2063
3.43 2064
3.43 2065
3.43 2066
3.43 2067
3.43 2068
3.43 2069
3.43 2070
3.44 2071
3.44 2072
3.44 2073
3.44 2074
3.44 2075
3.44 2076
3.45 2077
3.45 2078
3.45 2079
3.45 2080
3.45 2081
3.45 2082
3.45 2083
3.46 2084
3.46 2085
3.46 2086
3.46 2087
3.46 2088
3.46 2089
3.47 2090
3.47 2091
3.47 2092
3.47 2093
3.47 2094
3.47 2095
3.47 2096
3.48 2097
3.48 2098
3.48 2099
3.48 2100
3.48 2101
3.48 2102
3.49 2103
3.49 2104
3.49 2105
3.49 2106
3.49 2107
3.49 2108
3.5 2109
3.5 2110
3.5 2111
3.5 2112
3.5 2113
3.5 2114
3.51 2115
3.51 2116
3.51 2117
3.51 2118
3.51 2119
3.51 2120
3.51 2121
3.52 2122
3.52 2123
3.52 2124
3.52 2125
3.52 2126
3.52 2127
3.53 2128
3.53 2129
3.53 2130
3.53 2131
3.53 2132
3.53 2133
3.53 2134
3.54 2135
3.54 2136
3.54 2137
3.54 2138
3.54 2139
3.54 2140
3.55 2141
3.55 2142
3.55 2143
3.55 2144
3.55 2145
3.55 2146
3.55 2147
3.56 2148
3.56 2149
3.56 2150
3.56 2151
3.56 2152
3.56 2153
3.57 2154
3.57 2155
3.57 2156
3.57 2157
3.57 2158
3.57 2159
3.57 2160
3.58 2161
3.58 2162
3.58 2163
3.58 2164
3.58 2165
3.58 2166
3.59 2167
3.59 2168
3.59 2169
3.59 2170
3.59 2171
3.59 2172
3.59 2173
3.6 2174
3.6 2175
3.6 2176
3.6 2177
3.6 2178
3.6 2179
3.61 2180
3.61 2181
3.61 2182
3.61 2183
3.61 2184
3.61 2185
3.61 2186
3.62 2187
3.62 2188
3.62 2189
3.62 2190
3.62 2191
3.62 2192
3.63 2193
3.63 2194
3.63 2195
3.63 2196
3.63 2197
3.63 2198
3.63 2199
3.64 2200
3.64 2201
3.64 2202
3.64 2203
3.64 2204
3.64 2205
3.65 2206
3.65 2207
3.65 2208
3.65 2209
3.65 2210
3.65 2211
3.65 2212
3.66 2213
3.66 2214
3.66 2215
3.66 2216
3.66 2217
3.66 2218
3.67 2219
3.67 2220
3.67 2221
3.67 2222
3.67 2223
3.67 2224
3.67 2225
3.68 2226
3.68 2227
3.68 2228
3.68 2229
3.68 2230
3.68 2231
3.68 2232
3.69 2233
3.69 2234
3.69 2235
3.69 2236
3.69 2237
3.69 2238
3.7 2239
3.7 2240
3.7 2241
3.7 2242
3.7 2243
3.7 2244
3.7 2245
3.71 2246
3.71 2247
3.71 2248
3.71 2249
3.71 2250
3.72 2251
3.72 2252
3.72 2253
3.72 2254
3.72 2255
3.72 2256
3.73 2257
3.73 2258
3.73 2259
3.73 2260
3.73 2261
3.74 2262
3.74 2263
3.74 2264
3.74 2265
3.74 2266
3.74 2267
3.75 2268
3.75 2269
3.75 2270
3.75 2271
3.75 2272
3.76 2273
3.76 2274
3.76 2275
3.76 2276
3.76 2277
3.77 2278
3.77 2279
3.77 2280
3.77 2281
3.77 2282
3.77 2283
3.78 2284
3.78 2285
3.78 2286
3.78 2287
3.78 2288
3.78 2289
3.79 2290
3.79 2291
3.79 2292
3.79 2293
3.79 2294
3.79 2295
3.8 2296
3.8 2297
3.8 2298
3.8 2299
3.8 2300
3.8 2301
3.8 2302
3.81 2303
3.81 2304
3.81 2305
3.81 2306
3.81 2307
3.81 2308
3.82 2309
3.82 2310
3.82 2311
3.82 2312
3.82 2313
3.82 2314
3.82 2315
3.83 2316
3.83 2317
3.83 2318
3.83 2319
3.83 2320
3.83 2321
3.84 2322
3.84 2323
3.84 2324
3.84 2325
3.84 2326
3.84 2327
3.84 2328
3.85 2329
3.85 2330
3.85 2331
3.85 2332
3.85 2333
3.85 2334
3.86 2335
3.86 2336
3.86 2337
3.86 2338
3.86 2339
3.86 2340
3.86 2341
3.87 2342
3.87 2343
3.87 2344
3.87 2345
3.87 2346
3.87 2347
3.88 2348
3.88 2349
3.88 2350
3.88 2351
3.88 2352
3.88 2353
3.88 2354
3.89 2355
3.89 2356
3.89 2357
3.89 2358
3.89 2359
3.89 2360
3.9 2361
3.9 2362
3.9 2363
3.9 2364
3.9 2365
3.9 2366
3.9 2367
3.91 2368
3.91 2369
3.91 2370
3.91 2371
3.91 2372
3.91 2373
3.92 2374
3.92 2375
3.92 2376
3.92 2377
3.92 2378
3.92 2379
3.92 2380
3.93 2381
3.93 2382
3.93 2383
3.93 2384
3.93 2385
3.93 2386
3.94 2387
3.94 2388
3.94 2389
3.94 2390
3.94 2391
3.94 2392
3.94 2393
3.95 2394
3.95 2395
3.95 2396
3.95 2397
3.95 2398
3.95 2399
3.96 2400
3.96 2401
3.96 2402
3.96 2403
3.96 2404
3.96 2405
3.97 2406
3.97 2407
3.97 2408
3.97 2409
3.97 2410
3.97 2411
3.97 2412
3.98 2413
3.98 2414
3.98 2415
3.98 2416
3.98 2417
3.98 2418
3.98 2419
3.99 2420
3.99 2421
3.99 2422
3.99 2423
3.99 2424
4.0 2425
4.0 2426
4.0 2427
4.0 2428
4.0 2429
4.0 2430
4.0 2431
4.01 2432
4.01 2433
4.01 2434
4.01 2435
4.01 2436
4.01 2437
4.01 2438
4.02 2439
4.02 2440
4.02 2441
4.02 2442
4.02 2443
4.02 2444
4.03 2445
4.03 2446
4.03 2447
4.03 2448
4.03 2449
4.03 2450
4.04 2451
4.04 2452
4.04 2453
4.04 2454
4.04 2455
4.04 2456
4.05 2457
4.05 2458
4.05 2459
4.05 2460
4.05 2461
4.05 2462
4.06 2463
4.06 2464
4.06 2465
4.06 2466
4.06 2467
4.06 2468
4.07 2469
4.07 2470
4.07 2471
4.07 2472
4.07 2473
4.08 2474
4.08 2475
4.08 2476
4.08 2477
4.08 2478
4.08 2479
4.09 2480
4.09 2481
4.09 2482
4.09 2483
4.09 2484
4.09 2485
4.09 2486
4.1 2487
4.1 2488
4.1 2489
4.1 2490
4.1 2491
4.1 2492
4.11 2493
4.11 2494
4.11 2495
4.11 2496
4.11 2497
4.11 2498
4.11 2499
4.12 2500
4.12 2501
4.12 2502
4.12 2503
4.12 2504
4.12 2505
4.13 2506
4.13 2507
4.13 2508
4.13 2509
4.13 2510
4.13 2511
4.13 2512
4.14 2513
4.14 2514
4.14 2515
4.14 2516
4.14 2517
4.14 2518
4.15 2519
4.15 2520
4.15 2521
4.15 2522
4.15 2523
4.15 2524
4.15 2525
4.16 2526
4.16 2527
4.16 2528
4.16 2529
4.16 2530
4.16 2531
4.17 2532
4.17 2533
4.17 2534
4.17 2535
4.17 2536
4.17 2537
4.17 2538
4.18 2539
4.18 2540
4.18 2541
4.18 2542
4.18 2543
4.18 2544
4.19 2545
4.19 2546
4.19 2547
4.19 2548
4.19 2549
4.19 2550
4.2 2551
4.2 2552
4.2 2553
4.2 2554
4.2 2555
4.2 2556
4.2 2557
4.21 2558
4.21 2559
4.21 2560
4.21 2561
4.21 2562
4.21 2563
4.21 2564
4.22 2565
4.22 2566
4.22 2567
4.22 2568
4.22 2569
4.22 2570
4.23 2571
4.23 2572
4.23 2573
4.23 2574
4.23 2575
4.23 2576
4.23 2577
4.24 2578
4.24 2579
4.24 2580
4.24 2581
4.24 2582
4.24 2583
4.25 2584
4.25 2585
4.25 2586
4.25 2587
4.25 2588
4.25 2589
4.25 2590
4.26 2591
4.26 2592
4.26 2593
4.26 2594
4.26 2595
4.26 2596
4.26 2597
4.27 2598
4.27 2599
4.27 2600
4.27 2601
4.27 2602
4.27 2603
4.28 2604
4.28 2605
4.28 2606
4.28 2607
4.28 2608
4.28 2609
4.28 2610
4.29 2611
4.29 2612
4.29 2613
4.29 2614
4.29 2615
4.29 2616
4.3 2617
4.3 2618
4.3 2619
4.3 2620
4.3 2621
4.3 2622
4.3 2623
4.31 2624
4.31 2625
4.31 2626
4.31 2627
4.31 2628
4.31 2629
4.32 2630
4.32 2631
4.32 2632
4.32 2633
4.32 2634
4.32 2635
4.32 2636
4.33 2637
4.33 2638
4.33 2639
4.33 2640
4.33 2641
4.33 2642
4.34 2643
4.34 2644
4.34 2645
4.34 2646
4.34 2647
4.34 2648
4.35 2649
4.35 2650
4.35 2651
4.35 2652
4.35 2653
4.36 2654
4.36 2655
4.36 2656
4.36 2657
4.36 2658
4.36 2659
4.37 2660
4.37 2661
4.37 2662
4.37 2663
4.37 2664
4.37 2665
4.38 2666
4.38 2667
4.38 2668
4.38 2669
4.38 2670
4.38 2671
4.39 2672
4.39 2673
4.39 2674
4.39 2675
4.39 2676
4.39 2677
4.4 2678
4.4 2679
4.4 2680
4.4 2681
4.4 2682
4.4 2683
4.41 2684
4.41 2685
4.41 2686
4.41 2687
4.41 2688
4.41 2689
4.41 2690
4.42 2691
4.42 2692
4.42 2693
4.42 2694
4.42 2695
4.42 2696
4.43 2697
4.43 2698
4.43 2699
4.43 2700
4.43 2701
4.43 2702
4.43 2703
4.44 2704
4.44 2705
4.44 2706
4.44 2707
4.44 2708
4.44 2709
4.44 2710
4.45 2711
4.45 2712
4.45 2713
4.45 2714
4.45 2715
4.45 2716
4.46 2717
4.46 2718
4.46 2719
4.46 2720
4.46 2721
4.46 2722
4.46 2723
4.47 2724
4.47 2725
4.47 2726
4.47 2727
4.47 2728
4.47 2729
4.48 2730
4.48 2731
4.48 2732
4.48 2733
4.48 2734
4.48 2735
4.49 2736
4.49 2737
4.49 2738
4.49 2739
4.49 2740
4.49 2741
4.5 2742
4.5 2743
4.5 2744
4.5 2745
4.5 2746
4.5 2747
4.5 2748
4.51 2749
4.51 2750
4.51 2751
4.51 2752
4.51 2753
4.51 2754
4.51 2755
4.52 2756
4.52 2757
4.52 2758
4.52 2759
4.52 2760
4.52 2761
4.53 2762
4.53 2763
4.53 2764
4.53 2765
4.53 2766
4.53 2767
4.53 2768
4.54 2769
4.54 2770
4.54 2771
4.54 2772
4.54 2773
4.54 2774
4.55 2775
4.55 2776
4.55 2777
4.55 2778
4.55 2779
4.55 2780
4.55 2781
4.56 2782
4.56 2783
4.56 2784
4.56 2785
4.56 2786
4.56 2787
4.57 2788
4.57 2789
4.57 2790
4.57 2791
4.57 2792
4.57 2793
4.57 2794
4.58 2795
4.58 2796
4.58 2797
4.58 2798
4.58 2799
4.58 2800
4.59 2801
4.59 2802
4.59 2803
4.59 2804
4.59 2805
4.59 2806
4.59 2807
4.6 2808
4.6 2809
4.6 2810
4.6 2811
4.6 2812
4.6 2813
4.6 2814
4.61 2815
4.61 2816
4.61 2817
4.61 2818
4.61 2819
4.61 2820
4.62 2821
4.62 2822
4.62 2823
4.62 2824
4.62 2825
4.62 2826
4.63 2827
4.63 2828
4.63 2829
4.63 2830
4.63 2831
4.63 2832
4.64 2833
4.64 2834
4.64 2835
4.64 2836
4.64 2837
4.64 2838
4.65 2839
4.65 2840
4.65 2841
4.65 2842
4.65 2843
4.65 2844
4.66 2845
4.66 2846
4.66 2847
4.66 2848
4.66 2849
4.66 2850
4.67 2851
4.67 2852
4.67 2853
4.67 2854
4.67 2855
4.67 2856
4.68 2857
4.68 2858
4.68 2859
4.68 2860
4.68 2861
4.68 2862
4.69 2863
4.69 2864
4.69 2865
4.69 2866
4.69 2867
4.69 2868
4.7 2869
4.7 2870
4.7 2871
4.7 2872
4.7 2873
4.7 2874
4.7 2875
4.71 2876
4.71 2877
4.71 2878
4.71 2879
4.71 2880
4.71 2881
4.72 2882
4.72 2883
4.72 2884
4.72 2885
4.72 2886
4.72 2887
4.72 2888
4.73 2889
4.73 2890
4.73 2891
4.73 2892
4.73 2893
4.73 2894
4.74 2895
4.74 2896
4.74 2897
4.74 2898
4.74 2899
4.74 2900
4.74 2901
4.75 2902
4.75 2903
4.75 2904
4.75 2905
4.75 2906
4.75 2907
4.76 2908
4.76 2909
4.76 2910
4.76 2911
4.76 2912
4.76 2913
4.76 2914
4.77 2915
4.77 2916
4.77 2917
4.77 2918
4.77 2919
4.77 2920
4.77 2921
4.78 2922
4.78 2923
4.78 2924
4.78 2925
4.78 2926
4.78 2927
4.79 2928
4.79 2929
4.79 2930
4.79 2931
4.79 2932
4.79 2933
4.79 2934
4.8 2935
4.8 2936
4.8 2937
4.8 2938
4.8 2939
4.8 2940
4.81 2941
4.81 2942
4.81 2943
4.81 2944
4.81 2945
4.81 2946
4.81 2947
4.82 2948
4.82 2949
4.82 2950
4.82 2951
4.82 2952
4.82 2953
4.83 2954
4.83 2955
4.83 2956
4.83 2957
4.83 2958
4.83 2959
4.83 2960
4.84 2961
4.84 2962
4.84 2963
4.84 2964
4.84 2965
4.84 2966
4.85 2967
4.85 2968
4.85 2969
4.85 2970
4.85 2971
4.85 2972
4.85 2973
4.86 2974
4.86 2975
4.86 2976
4.86 2977
4.86 2978
4.86 2979
4.87 2980
4.87 2981
4.87 2982
4.87 2983
4.87 2984
4.87 2985
4.87 2986
4.88 2987
4.88 2988
4.88 2989
4.88 2990
4.88 2991
4.88 2992
4.88 2993
4.89 2994
4.89 2995
4.89 2996
4.89 2997
4.89 2998
4.89 2999
4.9 3000
4.9 3001
4.9 3002
4.9 3003
4.9 3004
4.9 3005
4.91 3006
4.91 3007
4.91 3008
4.91 3009
4.91 3010
4.91 3011
4.92 3012
4.92 3013
4.92 3014
4.92 3015
4.92 3016
4.92 3017
4.93 3018
4.93 3019
4.93 3020
4.93 3021
4.93 3022
4.94 3023
4.94 3024
4.94 3025
4.94 3026
4.94 3027
4.94 3028
4.95 3029
4.95 3030
4.95 3031
4.95 3032
4.95 3033
4.95 3034
4.96 3035
4.96 3036
4.96 3037
4.96 3038
4.96 3039
4.96 3040
4.97 3041
4.97 3042
4.97 3043
4.97 3044
4.97 3045
4.97 3046
4.97 3047
4.98 3048
4.98 3049
4.98 3050
4.98 3051
4.98 3052
4.99 3053
4.99 3054
4.99 3055
4.99 3056
4.99 3057
4.99 3058
5.0 3059
5.0 3060
5.0 3061
5.0 3062
5.0 3063
