0.0 14109
0.07 14108
0.07 14107
0.07 14106
0.07 14105
0.07 14104
0.07 14103
0.07 14102
0.07 14101
0.07 14100
0.07 14099
0.07 14098
0.07 14097
0.07 14096
0.07 14095
0.07 14094
0.07 14093
0.07 14092
0.07 14091
0.08 14090
0.08 14089
0.08 14088
0.08 14087
0.08 14086
0.08 14085
0.08 14084
0.08 14083
0.08 14082
0.08 14081
0.08 14080
0.08 14079
0.08 14078
0.08 14077
0.08 14076
0.08 14075
0.08 14074
0.08 14073
0.08 14072
0.08 14071
0.08 14070
0.08 14069
0.08 14068
0.08 14067
0.08 14066
0.09 14065
0.09 14064
0.09 14063
0.09 14062
0.09 14061
0.09 14060
0.09 14059
0.09 14058
0.09 14057
0.09 14056
0.09 14055
0.09 14054
0.09 14053
0.09 14052
0.09 14051
0.09 14050
0.09 14049
0.09 14048
0.09 14047
0.09 14046
0.09 14045
0.09 14044
0.09 14043
0.09 14042
0.09 14041
0.09 14040
0.09 14039
0.1 14038
0.1 14037
0.1 14036
0.1 14035
0.1 14034
0.1 14033
0.1 14032
0.1 14031
0.1 14030
0.1 14029
0.1 14028
0.1 14027
0.1 14026
0.1 14025
0.1 14024
0.1 14023
0.1 14022
0.1 14021
0.1 14020
0.1 14019
0.1 14018
0.1 14017
0.1 14016
0.1 14015
0.1 14014
0.1 14013
0.11 14012
0.11 14011
0.11 14010
0.11 14009
0.11 14008
0.11 14007
0.11 14006
0.11 14005
0.11 14004
0.11 14003
0.11 14002
0.11 14001
0.11 14000
0.11 13999
0.11 13998
0.11 13997
0.11 13996
0.11 13995
0.11 13994
0.11 13993
0.11 13992
0.11 13991
0.11 13990
0.11 13989
0.11 13988
0.11 13987
0.11 13986
0.11 13985
0.11 13984
0.11 13983
0.11 13982
0.12 13981
0.12 13980
0.12 13979
0.12 13978
0.12 13977
0.12 13976
0.12 13975
0.12 13974
0.12 13973
0.12 13972
0.12 13971
0.12 13970
0.12 13969
0.12 13968
0.12 13967
0.12 13966
0.12 13965
0.12 13964
0.12 13963
0.12 13962
0.12 13961
0.12 13960
0.12 13959
0.12 13958
0.12 13957
0.12 13956
0.12 13955
0.12 13954
0.12 13953
0.12 13952
0.12 13951
0.12 13950
0.12 13949
0.12 13948
0.13 13947
0.13 13946
0.13 13945
0.13 13944
0.13 13943
0.13 13942
0.13 13941
0.13 13940
0.13 13939
0.13 13938
0.13 13937
0.13 13936
0.13 13935
0.13 13934
0.13 13933
0.13 13932
0.13 13931
0.13 13930
0.13 13929
0.13 13928
0.13 13927
0.13 13926
0.13 13925
0.13 13924
0.13 13923
0.13 13922
0.13 13921
0.13 13920
0.13 13919
0.13 13918
0.13 13917
0.13 13916
0.13 13915
0.14 13914
0.14 13913
0.14 13912
0.14 13911
0.14 13910
0.14 13909
0.14 13908
0.14 13907
0.14 13906
0.14 13905
0.14 13904
0.14 13903
0.14 13902
0.14 13901
0.14 13900
0.14 13899
0.14 13898
0.14 13897
0.14 13896
0.14 13895
0.14 13894
0.14 13893
0.14 13892
0.14 13891
0.14 13890
0.14 13889
0.14 13888
0.14 13887
0.14 13886
0.15 13885
0.15 13884
0.15 13883
0.15 13882
0.15 13881
0.15 13880
0.15 13879
0.15 13878
0.15 13877
0.15 13876
0.15 13875
0.15 13874
0.15 13873
0.15 13872
0.15 13871
0.15 13870
0.15 13869
0.15 13868
0.15 13867
0.15 13866
0.16 13865
0.16 13864
0.16 13863
0.16 13862
0.16 13861
0.16 13860
0.16 13859
0.16 13858
0.16 13857
0.16 13856
0.16 13855
0.16 13854
0.16 13853
0.16 13852
0.16 13851
0.16 13850
0.16 13849
0.16 13848
0.16 13847
0.16 13846
0.16 13845
0.16 13844
0.17 13843
0.17 13842
0.17 13841
0.17 13840
0.17 13839
0.17 13838
0.17 13837
0.17 13836
0.17 13835
0.17 13834
0.17 13833
0.17 13832
0.17 13831
0.17 13830
0.17 13829
0.17 13828
0.17 13827
0.17 13826
0.17 13825
0.17 13824
0.17 13823
0.17 13822
0.18 13821
0.18 13820
0.18 13819
0.18 13818
0.18 13817
0.18 13816
0.18 13815
0.18 13814
0.18 13813
0.18 13812
0.18 13811
0.18 13810
0.18 13809
0.18 13808
0.18 13807
0.18 13806
0.18 13805
0.18 13804
0.18 13803
0.18 13802
0.18 13801
0.18 13800
0.18 13799
0.19 13798
0.19 13797
0.19 13796
0.19 13795
0.19 13794
0.19 13793
0.19 13792
0.19 13791
0.19 13790
0.19 13789
0.19 13788
0.19 13787
0.19 13786
0.19 13785
0.19 13784
0.19 13783
0.19 13782
0.19 13781
0.19 13780
0.19 13779
0.19 13778
0.19 13777
0.2 13776
0.2 13775
0.2 13774
0.2 13773
0.2 13772
0.2 13771
0.2 13770
0.2 13769
0.2 13768
0.2 13767
0.2 13766
0.2 13765
0.2 13764
0.2 13763
0.2 13762
0.2 13761
0.2 13760
0.2 13759
0.2 13758
0.2 13757
0.2 13756
0.2 13755
0.2 13754
0.21 13753
0.21 13752
0.21 13751
0.21 13750
0.21 13749
0.21 13748
0.21 13747
0.21 13746
0.21 13745
0.21 13744
0.21 13743
0.21 13742
0.21 13741
0.21 13740
0.21 13739
0.21 13738
0.21 13737
0.21 13736
0.21 13735
0.21 13734
0.21 13733
0.22 13732
0.22 13731
0.22 13730
0.22 13729
0.22 13728
0.22 13727
0.22 13726
0.22 13725
0.22 13724
0.22 13723
0.22 13722
0.22 13721
0.22 13720
0.22 13719
0.22 13718
0.22 13717
0.22 13716
0.22 13715
0.22 13714
0.22 13713
0.23 13712
0.23 13711
0.23 13710
0.23 13709
0.23 13708
0.23 13707
0.23 13706
0.23 13705
0.23 13704
0.23 13703
0.23 13702
0.23 13701
0.23 13700
0.23 13699
0.23 13698
0.23 13697
0.23 13696
0.23 13695
0.23 13694
0.23 13693
0.23 13692
0.24 13691
0.24 13690
0.24 13689
0.24 13688
0.24 13687
0.24 13686
0.24 13685
0.24 13684
0.24 13683
0.24 13682
0.24 13681
0.24 13680
0.24 13679
0.24 13678
0.24 13677
0.24 13676
0.24 13675
0.24 13674
0.25 13673
0.25 13672
0.25 13671
0.25 13670
0.25 13669
0.25 13668
0.25 13667
0.25 13666
0.25 13665
0.25 13664
0.25 13663
0.25 13662
0.25 13661
0.25 13660
0.25 13659
0.25 13658
0.25 13657
0.25 13656
0.25 13655
0.25 13654
0.26 13653
0.26 13652
0.26 13651
0.26 13650
0.26 13649
0.26 13648
0.26 13647
0.26 13646
0.26 13645
0.26 13644
0.26 13643
0.26 13642
0.26 13641
0.26 13640
0.26 13639
0.26 13638
0.26 13637
0.26 13636
0.26 13635
0.27 13634
0.27 13633
0.27 13632
0.27 13631
0.27 13630
0.27 13629
0.27 13628
0.27 13627
0.27 13626
0.27 13625
0.27 13624
0.27 13623
0.27 13622
0.27 13621
0.27 13620
0.27 13619
0.27 13618
0.27 13617
0.28 13616
0.28 13615
0.28 13614
0.28 13613
0.28 13612
0.28 13611
0.28 13610
0.28 13609
0.28 13608
0.28 13607
0.28 13606
0.28 13605
0.28 13604
0.28 13603
0.28 13602
0.28 13601
0.28 13600
0.28 13599
0.28 13598
0.29 13597
0.29 13596
0.29 13595
0.29 13594
0.29 13593
0.29 13592
0.29 13591
0.29 13590
0.29 13589
0.29 13588
0.29 13587
0.29 13586
0.29 13585
0.29 13584
0.29 13583
0.29 13582
0.29 13581
0.29 13580
0.29 13579
0.29 13578
0.3 13577
0.3 13576
0.3 13575
0.3 13574
0.3 13573
0.3 13572
0.3 13571
0.3 13570
0.3 13569
0.3 13568
0.3 13567
0.3 13566
0.3 13565
0.3 13564
0.3 13563
0.3 13562
0.3 13561
0.3 13560
0.3 13559
0.3 13558
0.3 13557
0.3 13556
0.3 13555
0.3 13554
0.31 13553
0.31 13552
0.31 13551
0.31 13550
0.31 13549
0.31 13548
0.31 13547
0.31 13546
0.31 13545
0.31 13544
0.31 13543
0.31 13542
0.31 13541
0.31 13540
0.31 13539
0.31 13538
0.31 13537
0.31 13536
0.31 13535
0.31 13534
0.31 13533
0.31 13532
0.31 13531
0.31 13530
0.31 13529
0.32 13528
0.32 13527
0.32 13526
0.32 13525
0.32 13524
0.32 13523
0.32 13522
0.32 13521
0.32 13520
0.32 13519
0.32 13518
0.32 13517
0.32 13516
0.32 13515
0.32 13514
0.32 13513
0.32 13512
0.32 13511
0.32 13510
0.32 13509
0.32 13508
0.32 13507
0.33 13506
0.33 13505
0.33 13504
0.33 13503
0.33 13502
0.33 13501
0.33 13500
0.33 13499
0.33 13498
0.33 13497
0.33 13496
0.33 13495
0.33 13494
0.33 13493
0.33 13492
0.33 13491
0.33 13490
0.33 13489
0.33 13488
0.33 13487
0.33 13486
0.33 13485
0.34 13484
0.34 13483
0.34 13482
0.34 13481
0.34 13480
0.34 13479
0.34 13478
0.34 13477
0.34 13476
0.34 13475
0.34 13474
0.34 13473
0.34 13472
0.34 13471
0.34 13470
0.34 13469
0.34 13468
0.34 13467
0.34 13466
0.34 13465
0.34 13464
0.35 13463
0.35 13462
0.35 13461
0.35 13460
0.35 13459
0.35 13458
0.35 13457
0.35 13456
0.35 13455
0.35 13454
0.35 13453
0.35 13452
0.35 13451
0.35 13450
0.35 13449
0.35 13448
0.35 13447
0.35 13446
0.35 13445
0.35 13444
0.35 13443
0.35 13442
0.35 13441
0.36 13440
0.36 13439
0.36 13438
0.36 13437
0.36 13436
0.36 13435
0.36 13434
0.36 13433
0.36 13432
0.36 13431
0.36 13430
0.36 13429
0.36 13428
0.36 13427
0.36 13426
0.36 13425
0.36 13424
0.36 13423
0.36 13422
0.36 13421
0.37 13420
0.37 13419
0.37 13418
0.37 13417
0.37 13416
0.37 13415
0.37 13414
0.37 13413
0.37 13412
0.37 13411
0.37 13410
0.37 13409
0.37 13408
0.37 13407
0.37 13406
0.37 13405
0.37 13404
0.37 13403
0.37 13402
0.37 13401
0.37 13400
0.37 13399
0.38 13398
0.38 13397
0.38 13396
0.38 13395
0.38 13394
0.38 13393
0.38 13392
0.38 13391
0.38 13390
0.38 13389
0.38 13388
0.38 13387
0.38 13386
0.38 13385
0.38 13384
0.38 13383
0.38 13382
0.38 13381
0.38 13380
0.38 13379
0.39 13378
0.39 13377
0.39 13376
0.39 13375
0.39 13374
0.39 13373
0.39 13372
0.39 13371
0.39 13370
0.39 13369
0.39 13368
0.39 13367
0.39 13366
0.39 13365
0.39 13364
0.39 13363
0.39 13362
0.39 13361
0.4 13360
0.4 13359
0.4 13358
0.4 13357
0.4 13356
0.4 13355
0.4 13354
0.4 13353
0.4 13352
0.4 13351
0.4 13350
0.4 13349
0.4 13348
0.4 13347
0.4 13346
0.4 13345
0.4 13344
0.4 13343
0.4 13342
0.4 13341
0.4 13340
0.41 13339
0.41 13338
0.41 13337
0.41 13336
0.41 13335
0.41 13334
0.41 13333
0.41 13332
0.41 13331
0.41 13330
0.41 13329
0.41 13328
0.41 13327
0.42 13326
0.42 13325
0.42 13324
0.42 13323
0.42 13322
0.42 13321
0.42 13320
0.42 13319
0.42 13318
0.42 13317
0.42 13316
0.42 13315
0.42 13314
0.42 13313
0.42 13312
0.43 13311
0.43 13310
0.43 13309
0.43 13308
0.43 13307
0.43 13306
0.43 13305
0.43 13304
0.43 13303
0.43 13302
0.43 13301
0.43 13300
0.43 13299
0.43 13298
0.43 13297
0.44 13296
0.44 13295
0.44 13294
0.44 13293
0.44 13292
0.44 13291
0.44 13290
0.44 13289
0.44 13288
0.44 13287
0.44 13286
0.44 13285
0.44 13284
0.44 13283
0.44 13282
0.44 13281
0.45 13280
0.45 13279
0.45 13278
0.45 13277
0.45 13276
0.45 13275
0.45 13274
0.45 13273
0.45 13272
0.45 13271
0.45 13270
0.45 13269
0.45 13268
0.45 13267
0.45 13266
0.46 13265
0.46 13264
0.46 13263
0.46 13262
0.46 13261
0.46 13260
0.46 13259
0.46 13258
0.46 13257
0.46 13256
0.46 13255
0.46 13254
0.46 13253
0.46 13252
0.46 13251
0.46 13250
0.47 13249
0.47 13248
0.47 13247
0.47 13246
0.47 13245
0.47 13244
0.47 13243
0.47 13242
0.47 13241
0.47 13240
0.47 13239
0.47 13238
0.47 13237
0.47 13236
0.47 13235
0.47 13234
0.48 13233
0.48 13232
0.48 13231
0.48 13230
0.48 13229
0.48 13228
0.48 13227
0.48 13226
0.48 13225
0.48 13224
0.48 13223
0.48 13222
0.48 13221
0.48 13220
0.49 13219
0.49 13218
0.49 13217
0.49 13216
0.49 13215
0.49 13214
0.49 13213
0.49 13212
0.49 13211
0.5 13210
0.5 13209
0.5 13208
0.5 13207
0.5 13206
0.5 13205
0.5 13204
0.5 13203
0.5 13202
0.5 13201
0.5 13200
0.5 13199
0.5 13198
0.5 13197
0.5 13196
0.51 13195
0.51 13194
0.51 13193
0.51 13192
0.51 13191
0.51 13190
0.51 13189
0.51 13188
0.51 13187
0.51 13186
0.51 13185
0.51 13184
0.52 13183
0.52 13182
0.52 13181
0.52 13180
0.52 13179
0.52 13178
0.52 13177
0.52 13176
0.52 13175
0.52 13174
0.52 13173
0.52 13172
0.52 13171
0.52 13170
0.52 13169
0.53 13168
0.53 13167
0.53 13166
0.53 13165
0.53 13164
0.53 13163
0.53 13162
0.53 13161
0.53 13160
0.53 13159
0.53 13158
0.53 13157
0.53 13156
0.54 13155
0.54 13154
0.54 13153
0.54 13152
0.54 13151
0.54 13150
0.54 13149
0.54 13148
0.54 13147
0.54 13146
0.54 13145
0.54 13144
0.55 13143
0.55 13142
0.55 13141
0.55 13140
0.55 13139
0.55 13138
0.55 13137
0.55 13136
0.55 13135
0.55 13134
0.55 13133
0.55 13132
0.55 13131
0.55 13130
0.56 13129
0.56 13128
0.56 13127
0.56 13126
0.56 13125
0.56 13124
0.56 13123
0.56 13122
0.56 13121
0.56 13120
0.56 13119
0.56 13118
0.56 13117
0.56 13116
0.57 13115
0.57 13114
0.57 13113
0.57 13112
0.57 13111
0.57 13110
0.57 13109
0.57 13108
0.57 13107
0.57 13106
0.57 13105
0.57 13104
0.57 13103
0.57 13102
0.57 13101
0.58 13100
0.58 13099
0.58 13098
0.58 13097
0.58 13096
0.58 13095
0.58 13094
0.58 13093
0.58 13092
0.58 13091
0.58 13090
0.58 13089
0.58 13088
0.58 13087
0.58 13086
0.58 13085
0.59 13084
0.59 13083
0.59 13082
0.59 13081
0.59 13080
0.59 13079
0.59 13078
0.59 13077
0.59 13076
0.59 13075
0.59 13074
0.59 13073
0.59 13072
0.59 13071
0.59 13070
0.6 13069
0.6 13068
0.6 13067
0.6 13066
0.6 13065
0.6 13064
0.6 13063
0.6 13062
0.6 13061
0.6 13060
0.6 13059
0.6 13058
0.6 13057
0.6 13056
0.6 13055
0.6 13054
0.6 13053
0.61 13052
0.61 13051
0.61 13050
0.61 13049
0.61 13048
0.61 13047
0.61 13046
0.61 13045
0.61 13044
0.61 13043
0.61 13042
0.61 13041
0.61 13040
0.61 13039
0.61 13038
0.62 13037
0.62 13036
0.62 13035
0.62 13034
0.62 13033
0.62 13032
0.62 13031
0.62 13030
0.62 13029
0.62 13028
0.62 13027
0.62 13026
0.62 13025
0.62 13024
0.62 13023
0.62 13022
0.63 13021
0.63 13020
0.63 13019
0.63 13018
0.63 13017
0.63 13016
0.63 13015
0.63 13014
0.63 13013
0.63 13012
0.63 13011
0.63 13010
0.63 13009
0.63 13008
0.63 13007
0.63 13006
0.63 13005
0.63 13004
0.63 13003
0.63 13002
0.64 13001
0.64 13000
0.64 12999
0.64 12998
0.64 12997
0.64 12996
0.64 12995
0.64 12994
0.64 12993
0.64 12992
0.64 12991
0.64 12990
0.64 12989
0.64 12988
0.64 12987
0.64 12986
0.64 12985
0.64 12984
0.64 12983
0.64 12982
0.64 12981
0.65 12980
0.65 12979
0.65 12978
0.65 12977
0.65 12976
0.65 12975
0.65 12974
0.65 12973
0.65 12972
0.65 12971
0.65 12970
0.65 12969
0.65 12968
0.65 12967
0.65 12966
0.65 12965
0.65 12964
0.65 12963
0.65 12962
0.65 12961
0.66 12960
0.66 12959
0.66 12958
0.66 12957
0.66 12956
0.66 12955
0.66 12954
0.66 12953
0.66 12952
0.66 12951
0.66 12950
0.66 12949
0.66 12948
0.66 12947
0.66 12946
0.66 12945
0.67 12944
0.67 12943
0.67 12942
0.67 12941
0.67 12940
0.67 12939
0.67 12938
0.67 12937
0.67 12936
0.67 12935
0.67 12934
0.67 12933
0.67 12932
0.67 12931
0.67 12930
0.67 12929
0.67 12928
0.67 12927
0.68 12926
0.68 12925
0.68 12924
0.68 12923
0.68 12922
0.68 12921
0.68 12920
0.68 12919
0.68 12918
0.68 12917
0.68 12916
0.68 12915
0.68 12914
0.68 12913
0.68 12912
0.68 12911
0.68 12910
0.69 12909
0.69 12908
0.69 12907
0.69 12906
0.69 12905
0.69 12904
0.69 12903
0.69 12902
0.69 12901
0.69 12900
0.69 12899
0.69 12898
0.69 12897
0.69 12896
0.69 12895
0.69 12894
0.7 12893
0.7 12892
0.7 12891
0.7 12890
0.7 12889
0.7 12888
0.7 12887
0.7 12886
0.7 12885
0.7 12884
0.7 12883
0.7 12882
0.7 12881
0.7 12880
0.7 12879
0.7 12878
0.71 12877
0.71 12876
0.71 12875
0.71 12874
0.71 12873
0.71 12872
0.71 12871
0.71 12870
0.71 12869
0.71 12868
0.71 12867
0.71 12866
0.71 12865
0.71 12864
0.71 12863
0.71 12862
0.71 12861
0.71 12860
0.72 12859
0.72 12858
0.72 12857
0.72 12856
0.72 12855
0.72 12854
0.72 12853
0.72 12852
0.72 12851
0.72 12850
0.72 12849
0.72 12848
0.72 12847
0.72 12846
0.72 12845
0.72 12844
0.72 12843
0.73 12842
0.73 12841
0.73 12840
0.73 12839
0.73 12838
0.73 12837
0.73 12836
0.73 12835
0.73 12834
0.73 12833
0.73 12832
0.73 12831
0.73 12830
0.73 12829
0.73 12828
0.73 12827
0.73 12826
0.73 12825
0.74 12824
0.74 12823
0.74 12822
0.74 12821
0.74 12820
0.74 12819
0.74 12818
0.74 12817
0.74 12816
0.74 12815
0.74 12814
0.74 12813
0.74 12812
0.74 12811
0.75 12810
0.75 12809
0.75 12808
0.75 12807
0.75 12806
0.75 12805
0.75 12804
0.75 12803
0.75 12802
0.75 12801
0.75 12800
0.75 12799
0.75 12798
0.75 12797
0.75 12796
0.76 12795
0.76 12794
0.76 12793
0.76 12792
0.76 12791
0.76 12790
0.76 12789
0.76 12788
0.76 12787
0.76 12786
0.76 12785
0.76 12784
0.76 12783
0.77 12782
0.77 12781
0.77 12780
0.77 12779
0.77 12778
0.77 12777
0.77 12776
0.77 12775
0.77 12774
0.77 12773
0.77 12772
0.77 12771
0.77 12770
0.77 12769
0.78 12768
0.78 12767
0.78 12766
0.78 12765
0.78 12764
0.78 12763
0.78 12762
0.78 12761
0.78 12760
0.78 12759
0.78 12758
0.78 12757
0.79 12756
0.79 12755
0.79 12754
0.79 12753
0.79 12752
0.79 12751
0.79 12750
0.79 12749
0.79 12748
0.79 12747
0.8 12746
0.8 12745
0.8 12744
0.8 12743
0.8 12742
0.8 12741
0.8 12740
0.8 12739
0.8 12738
0.8 12737
0.8 12736
0.8 12735
0.81 12734
0.81 12733
0.81 12732
0.81 12731
0.81 12730
0.81 12729
0.81 12728
0.81 12727
0.81 12726
0.82 12725
0.82 12724
0.82 12723
0.82 12722
0.82 12721
0.82 12720
0.82 12719
0.82 12718
0.82 12717
0.82 12716
0.82 12715
0.83 12714
0.83 12713
0.83 12712
0.83 12711
0.83 12710
0.83 12709
0.83 12708
0.83 12707
0.83 12706
0.83 12705
0.83 12704
0.83 12703
0.83 12702
0.83 12701
0.83 12700
0.84 12699
0.84 12698
0.84 12697
0.84 12696
0.84 12695
0.84 12694
0.84 12693
0.84 12692
0.84 12691
0.84 12690
0.84 12689
0.84 12688
0.84 12687
0.85 12686
0.85 12685
0.85 12684
0.85 12683
0.85 12682
0.85 12681
0.85 12680
0.85 12679
0.85 12678
0.85 12677
0.85 12676
0.85 12675
0.85 12674
0.86 12673
0.86 12672
0.86 12671
0.86 12670
0.86 12669
0.86 12668
0.86 12667
0.86 12666
0.86 12665
0.86 12664
0.87 12663
0.87 12662
0.87 12661
0.87 12660
0.87 12659
0.87 12658
0.87 12657
0.87 12656
0.87 12655
0.87 12654
0.87 12653
0.87 12652
0.87 12651
0.88 12650
0.88 12649
0.88 12648
0.88 12647
0.88 12646
0.88 12645
0.88 12644
0.88 12643
0.88 12642
0.88 12641
0.88 12640
0.88 12639
0.88 12638
0.89 12637
0.89 12636
0.89 12635
0.89 12634
0.89 12633
0.89 12632
0.89 12631
0.89 12630
0.89 12629
0.89 12628
0.89 12627
0.89 12626
0.89 12625
0.9 12624
0.9 12623
0.9 12622
0.9 12621
0.9 12620
0.9 12619
0.9 12618
0.9 12617
0.9 12616
0.9 12615
0.9 12614
0.9 12613
0.9 12612
0.91 12611
0.91 12610
0.91 12609
0.91 12608
0.91 12607
0.91 12606
0.91 12605
0.91 12604
0.91 12603
0.91 12602
0.91 12601
0.91 12600
0.91 12599
0.91 12598
0.91 12597
0.92 12596
0.92 12595
0.92 12594
0.92 12593
0.92 12592
0.92 12591
0.92 12590
0.92 12589
0.92 12588
0.92 12587
0.92 12586
0.92 12585
0.93 12584
0.93 12583
0.93 12582
0.93 12581
0.93 12580
0.93 12579
0.93 12578
0.93 12577
0.93 12576
0.93 12575
0.93 12574
0.93 12573
0.93 12572
0.94 12571
0.94 12570
0.94 12569
0.94 12568
0.94 12567
0.94 12566
0.94 12565
0.94 12564
0.94 12563
0.94 12562
0.94 12561
0.95 12560
0.95 12559
0.95 12558
0.95 12557
0.95 12556
0.95 12555
0.95 12554
0.95 12553
0.95 12552
0.95 12551
0.95 12550
0.96 12549
0.96 12548
0.96 12547
0.96 12546
0.96 12545
0.96 12544
0.96 12543
0.96 12542
0.96 12541
0.96 12540
0.96 12539
0.97 12538
0.97 12537
0.97 12536
0.97 12535
0.97 12534
0.97 12533
0.97 12532
0.97 12531
0.97 12530
0.97 12529
0.97 12528
0.97 12527
0.98 12526
0.98 12525
0.98 12524
0.98 12523
0.98 12522
0.98 12521
0.98 12520
0.98 12519
0.98 12518
0.98 12517
0.98 12516
0.98 12515
0.98 12514
0.99 12513
0.99 12512
0.99 12511
0.99 12510
0.99 12509
0.99 12508
0.99 12507
0.99 12506
0.99 12505
1.0 12504
1.0 12503
1.0 12502
1.0 12501
1.0 12500
1.0 12499
1.0 12498
1.0 12497
1.0 12496
1.0 12495
1.01 12494
1.01 12493
1.01 12492
1.01 12491
1.01 12490
1.01 12489
1.01 12488
1.01 12487
1.01 12486
1.01 12485
1.02 12484
1.02 12483
1.02 12482
1.02 12481
1.02 12480
1.02 12479
1.02 12478
1.02 12477
1.02 12476
1.02 12475
1.03 12474
1.03 12473
1.03 12472
1.03 12471
1.03 12470
1.03 12469
1.03 12468
1.03 12467
1.03 12466
1.03 12465
1.04 12464
1.04 12463
1.04 12462
1.04 12461
1.04 12460
1.04 12459
1.04 12458
1.04 12457
1.04 12456
1.04 12455
1.04 12454
1.04 12453
1.04 12452
1.04 12451
1.04 12450
1.05 12449
1.05 12448
1.05 12447
1.05 12446
1.05 12445
1.05 12444
1.05 12443
1.05 12442
1.05 12441
1.05 12440
1.05 12439
1.05 12438
1.05 12437
1.06 12436
1.06 12435
1.06 12434
1.06 12433
1.06 12432
1.06 12431
1.06 12430
1.06 12429
1.06 12428
1.06 12427
1.06 12426
1.07 12425
1.07 12424
1.07 12423
1.07 12422
1.07 12421
1.07 12420
1.07 12419
1.07 12418
1.07 12417
1.07 12416
1.07 12415
1.07 12414
1.07 12413
1.07 12412
1.08 12411
1.08 12410
1.08 12409
1.08 12408
1.08 12407
1.08 12406
1.08 12405
1.08 12404
1.08 12403
1.08 12402
1.08 12401
1.08 12400
1.09 12399
1.09 12398
1.09 12397
1.09 12396
1.09 12395
1.09 12394
1.09 12393
1.09 12392
1.09 12391
1.09 12390
1.09 12389
1.1 12388
1.1 12387
1.1 12386
1.1 12385
1.1 12384
1.1 12383
1.1 12382
1.1 12381
1.1 12380
1.1 12379
1.1 12378
1.1 12377
1.1 12376
1.11 12375
1.11 12374
1.11 12373
1.11 12372
1.11 12371
1.11 12370
1.11 12369
1.11 12368
1.11 12367
1.11 12366
1.11 12365
1.11 12364
1.12 12363
1.12 12362
1.12 12361
1.12 12360
1.12 12359
1.12 12358
1.12 12357
1.12 12356
1.12 12355
1.12 12354
1.12 12353
1.12 12352
1.13 12351
1.13 12350
1.13 12349
1.13 12348
1.13 12347
1.13 12346
1.13 12345
1.13 12344
1.13 12343
1.13 12342
1.13 12341
1.13 12340
1.13 12339
1.13 12338
1.14 12337
1.14 12336
1.14 12335
1.14 12334
1.14 12333
1.14 12332
1.14 12331
1.14 12330
1.14 12329
1.14 12328
1.14 12327
1.14 12326
1.14 12325
1.14 12324
1.14 12323
1.15 12322
1.15 12321
1.15 12320
1.15 12319
1.15 12318
1.15 12317
1.15 12316
1.15 12315
1.15 12314
1.15 12313
1.15 12312
1.15 12311
1.15 12310
1.16 12309
1.16 12308
1.16 12307
1.16 12306
1.16 12305
1.16 12304
1.16 12303
1.16 12302
1.16 12301
1.16 12300
1.16 12299
1.17 12298
1.17 12297
1.17 12296
1.17 12295
1.17 12294
1.17 12293
1.17 12292
1.17 12291
1.17 12290
1.17 12289
1.17 12288
1.17 12287
1.18 12286
1.18 12285
1.18 12284
1.18 12283
1.18 12282
1.18 12281
1.18 12280
1.18 12279
1.18 12278
1.18 12277
1.18 12276
1.19 12275
1.19 12274
1.19 12273
1.19 12272
1.19 12271
1.19 12270
1.19 12269
1.19 12268
1.19 12267
1.19 12266
1.19 12265
1.19 12264
1.19 12263
1.19 12262
1.2 12261
1.2 12260
1.2 12259
1.2 12258
1.2 12257
1.2 12256
1.2 12255
1.2 12254
1.2 12253
1.2 12252
1.2 12251
1.2 12250
1.21 12249
1.21 12248
1.21 12247
1.21 12246
1.21 12245
1.21 12244
1.21 12243
1.21 12242
1.21 12241
1.21 12240
1.21 12239
1.21 12238
1.21 12237
1.21 12236
1.22 12235
1.22 12234
1.22 12233
1.22 12232
1.22 12231
1.22 12230
1.22 12229
1.22 12228
1.22 12227
1.22 12226
1.22 12225
1.22 12224
1.22 12223
1.22 12222
1.23 12221
1.23 12220
1.23 12219
1.23 12218
1.23 12217
1.23 12216
1.23 12215
1.23 12214
1.23 12213
1.23 12212
1.23 12211
1.23 12210
1.23 12209
1.23 12208
1.24 12207
1.24 12206
1.24 12205
1.24 12204
1.24 12203
1.24 12202
1.24 12201
1.24 12200
1.24 12199
1.24 12198
1.25 12197
1.25 12196
1.25 12195
1.25 12194
1.25 12193
1.25 12192
1.25 12191
1.25 12190
1.25 12189
1.25 12188
1.25 12187
1.25 12186
1.25 12185
1.25 12184
1.25 12183
1.26 12182
1.26 12181
1.26 12180
1.26 12179
1.26 12178
1.26 12177
1.26 12176
1.26 12175
1.26 12174
1.26 12173
1.26 12172
1.26 12171
1.26 12170
1.26 12169
1.27 12168
1.27 12167
1.27 12166
1.27 12165
1.27 12164
1.27 12163
1.27 12162
1.27 12161
1.27 12160
1.27 12159
1.27 12158
1.27 12157
1.28 12156
1.28 12155
1.28 12154
1.28 12153
1.28 12152
1.28 12151
1.28 12150
1.28 12149
1.28 12148
1.28 12147
1.28 12146
1.29 12145
1.29 12144
1.29 12143
1.29 12142
1.29 12141
1.29 12140
1.29 12139
1.29 12138
1.29 12137
1.29 12136
1.29 12135
1.3 12134
1.3 12133
1.3 12132
1.3 12131
1.3 12130
1.3 12129
1.3 12128
1.3 12127
1.3 12126
1.3 12125
1.3 12124
1.3 12123
1.3 12122
1.31 12121
1.31 12120
1.31 12119
1.31 12118
1.31 12117
1.31 12116
1.31 12115
1.31 12114
1.31 12113
1.31 12112
1.31 12111
1.31 12110
1.31 12109
1.31 12108
1.32 12107
1.32 12106
1.32 12105
1.32 12104
1.32 12103
1.32 12102
1.32 12101
1.32 12100
1.32 12099
1.32 12098
1.32 12097
1.33 12096
1.33 12095
1.33 12094
1.33 12093
1.33 12092
1.33 12091
1.33 12090
1.33 12089
1.33 12088
1.33 12087
1.33 12086
1.34 12085
1.34 12084
1.34 12083
1.34 12082
1.34 12081
1.34 12080
1.34 12079
1.34 12078
1.34 12077
1.34 12076
1.34 12075
1.35 12074
1.35 12073
1.35 12072
1.35 12071
1.35 12070
1.35 12069
1.35 12068
1.35 12067
1.35 12066
1.35 12065
1.35 12064
1.36 12063
1.36 12062
1.36 12061
1.36 12060
1.36 12059
1.36 12058
1.36 12057
1.37 12056
1.37 12055
1.37 12054
1.37 12053
1.37 12052
1.37 12051
1.37 12050
1.37 12049
1.37 12048
1.37 12047
1.38 12046
1.38 12045
1.38 12044
1.38 12043
1.38 12042
1.38 12041
1.38 12040
1.39 12039
1.39 12038
1.39 12037
1.39 12036
1.39 12035
1.39 12034
1.39 12033
1.39 12032
1.39 12031
1.4 12030
1.4 12029
1.4 12028
1.4 12027
1.4 12026
1.4 12025
1.4 12024
1.4 12023
1.41 12022
1.41 12021
1.41 12020
1.41 12019
1.41 12018
1.41 12017
1.41 12016
1.41 12015
1.41 12014
1.41 12013
1.41 12012
1.41 12011
1.41 12010
1.42 12009
1.42 12008
1.42 12007
1.42 12006
1.42 12005
1.42 12004
1.42 12003
1.43 12002
1.43 12001
1.43 12000
1.43 11999
1.43 11998
1.44 11997
1.44 11996
1.44 11995
1.44 11994
1.44 11993
1.44 11992
1.44 11991
1.44 11990
1.44 11989
1.44 11988
1.44 11987
1.45 11986
1.45 11985
1.45 11984
1.45 11983
1.45 11982
1.45 11981
1.45 11980
1.45 11979
1.45 11978
1.45 11977
1.45 11976
1.45 11975
1.45 11974
1.46 11973
1.46 11972
1.46 11971
1.46 11970
1.46 11969
1.46 11968
1.46 11967
1.46 11966
1.46 11965
1.46 11964
1.46 11963
1.47 11962
1.47 11961
1.47 11960
1.47 11959
1.47 11958
1.47 11957
1.47 11956
1.47 11955
1.47 11954
1.47 11953
1.47 11952
1.48 11951
1.48 11950
1.48 11949
1.48 11948
1.48 11947
1.49 11946
1.49 11945
1.49 11944
1.49 11943
1.49 11942
1.49 11941
1.5 11940
1.5 11939
1.5 11938
1.5 11937
1.5 11936
1.51 11935
1.51 11934
1.51 11933
1.51 11932
1.51 11931
1.51 11930
1.52 11929
1.52 11928
1.52 11927
1.52 11926
1.52 11925
1.52 11924
1.52 11923
1.52 11922
1.52 11921
1.52 11920
1.53 11919
1.53 11918
1.53 11917
1.53 11916
1.53 11915
1.53 11914
1.53 11913
1.53 11912
1.53 11911
1.53 11910
1.53 11909
1.54 11908
1.54 11907
1.54 11906
1.54 11905
1.54 11904
1.54 11903
1.54 11902
1.54 11901
1.54 11900
1.54 11899
1.55 11898
1.55 11897
1.55 11896
1.55 11895
1.55 11894
1.55 11893
1.55 11892
1.55 11891
1.56 11890
1.56 11889
1.56 11888
1.56 11887
1.56 11886
1.56 11885
1.56 11884
1.56 11883
1.56 11882
1.56 11881
1.57 11880
1.57 11879
1.57 11878
1.57 11877
1.57 11876
1.57 11875
1.57 11874
1.57 11873
1.57 11872
1.57 11871
1.57 11870
1.58 11869
1.58 11868
1.58 11867
1.58 11866
1.58 11865
1.58 11864
1.58 11863
1.58 11862
1.58 11861
1.58 11860
1.58 11859
1.59 11858
1.59 11857
1.59 11856
1.59 11855
1.59 11854
1.59 11853
1.59 11852
1.59 11851
1.59 11850
1.59 11849
1.6 11848
1.6 11847
1.6 11846
1.6 11845
1.6 11844
1.6 11843
1.6 11842
1.6 11841
1.6 11840
1.6 11839
1.61 11838
1.61 11837
1.61 11836
1.61 11835
1.61 11834
1.61 11833
1.61 11832
1.61 11831
1.61 11830
1.62 11829
1.62 11828
1.62 11827
1.62 11826
1.62 11825
1.62 11824
1.62 11823
1.62 11822
1.63 11821
1.63 11820
1.63 11819
1.63 11818
1.63 11817
1.63 11816
1.63 11815
1.63 11814
1.63 11813
1.63 11812
1.63 11811
1.63 11810
1.64 11809
1.64 11808
1.64 11807
1.64 11806
1.64 11805
1.64 11804
1.64 11803
1.64 11802
1.65 11801
1.65 11800
1.65 11799
1.65 11798
1.65 11797
1.65 11796
1.65 11795
1.65 11794
1.65 11793
1.65 11792
1.66 11791
1.66 11790
1.66 11789
1.66 11788
1.66 11787
1.66 11786
1.66 11785
1.66 11784
1.66 11783
1.67 11782
1.67 11781
1.67 11780
1.67 11779
1.67 11778
1.67 11777
1.67 11776
1.67 11775
1.67 11774
1.67 11773
1.67 11772
1.68 11771
1.68 11770
1.68 11769
1.68 11768
1.68 11767
1.68 11766
1.68 11765
1.69 11764
1.69 11763
1.69 11762
1.69 11761
1.69 11760
1.69 11759
1.69 11758
1.7 11757
1.7 11756
1.7 11755
1.7 11754
1.7 11753
1.7 11752
1.7 11751
1.7 11750
1.7 11749
1.7 11748
1.71 11747
1.71 11746
1.71 11745
1.71 11744
1.71 11743
1.71 11742
1.71 11741
1.71 11740
1.71 11739
1.71 11738
1.71 11737
1.72 11736
1.72 11735
1.72 11734
1.72 11733
1.72 11732
1.72 11731
1.72 11730
1.72 11729
1.72 11728
1.73 11727
1.73 11726
1.73 11725
1.73 11724
1.73 11723
1.73 11722
1.73 11721
1.73 11720
1.73 11719
1.73 11718
1.74 11717
1.74 11716
1.74 11715
1.74 11714
1.74 11713
1.74 11712
1.75 11711
1.75 11710
1.75 11709
1.75 11708
1.75 11707
1.75 11706
1.75 11705
1.75 11704
1.75 11703
1.75 11702
1.76 11701
1.76 11700
1.76 11699
1.76 11698
1.76 11697
1.76 11696
1.76 11695
1.76 11694
1.76 11693
1.77 11692
1.77 11691
1.77 11690
1.77 11689
1.77 11688
1.77 11687
1.77 11686
1.77 11685
1.77 11684
1.77 11683
1.78 11682
1.78 11681
1.78 11680
1.78 11679
1.78 11678
1.78 11677
1.78 11676
1.78 11675
1.78 11674
1.78 11673
1.79 11672
1.79 11671
1.79 11670
1.79 11669
1.79 11668
1.79 11667
1.79 11666
1.79 11665
1.79 11664
1.8 11663
1.8 11662
1.8 11661
1.8 11660
1.8 11659
1.8 11658
1.8 11657
1.8 11656
1.8 11655
1.8 11654
1.8 11653
1.8 11652
1.8 11651
1.81 11650
1.81 11649
1.81 11648
1.81 11647
1.81 11646
1.81 11645
1.81 11644
1.81 11643
1.81 11642
1.81 11641
1.81 11640
1.81 11639
1.81 11638
1.81 11637
1.81 11636
1.81 11635
1.82 11634
1.82 11633
1.82 11632
1.82 11631
1.82 11630
1.82 11629
1.82 11628
1.82 11627
1.82 11626
1.82 11625
1.82 11624
1.82 11623
1.83 11622
1.83 11621
1.83 11620
1.83 11619
1.83 11618
1.83 11617
1.83 11616
1.83 11615
1.83 11614
1.83 11613
1.83 11612
1.83 11611
1.83 11610
1.84 11609
1.84 11608
1.84 11607
1.84 11606
1.84 11605
1.84 11604
1.84 11603
1.84 11602
1.84 11601
1.84 11600
1.84 11599
1.85 11598
1.85 11597
1.85 11596
1.85 11595
1.85 11594
1.85 11593
1.85 11592
1.85 11591
1.85 11590
1.85 11589
1.85 11588
1.86 11587
1.86 11586
1.86 11585
1.86 11584
1.86 11583
1.86 11582
1.86 11581
1.86 11580
1.86 11579
1.86 11578
1.87 11577
1.87 11576
1.87 11575
1.87 11574
1.87 11573
1.87 11572
1.87 11571
1.87 11570
1.88 11569
1.88 11568
1.88 11567
1.88 11566
1.88 11565
1.88 11564
1.88 11563
1.89 11562
1.89 11561
1.89 11560
1.89 11559
1.89 11558
1.89 11557
1.89 11556
1.89 11555
1.89 11554
1.89 11553
1.89 11552
1.9 11551
1.9 11550
1.9 11549
1.9 11548
1.9 11547
1.9 11546
1.9 11545
1.9 11544
1.91 11543
1.91 11542
1.91 11541
1.91 11540
1.91 11539
1.91 11538
1.91 11537
1.91 11536
1.91 11535
1.92 11534
1.92 11533
1.92 11532
1.92 11531
1.92 11530
1.92 11529
1.92 11528
1.92 11527
1.92 11526
1.93 11525
1.93 11524
1.93 11523
1.93 11522
1.93 11521
1.93 11520
1.93 11519
1.93 11518
1.93 11517
1.94 11516
1.94 11515
1.94 11514
1.94 11513
1.94 11512
1.94 11511
1.94 11510
1.95 11509
1.95 11508
1.95 11507
1.95 11506
1.95 11505
1.95 11504
1.95 11503
1.95 11502
1.95 11501
1.96 11500
1.96 11499
1.96 11498
1.96 11497
1.96 11496
1.96 11495
1.96 11494
1.96 11493
1.97 11492
1.97 11491
1.97 11490
1.97 11489
1.97 11488
1.97 11487
1.97 11486
1.97 11485
1.97 11484
1.97 11483
1.98 11482
1.98 11481
1.98 11480
1.98 11479
1.98 11478
1.98 11477
1.98 11476
1.98 11475
1.98 11474
1.99 11473
1.99 11472
1.99 11471
1.99 11470
1.99 11469
1.99 11468
2.0 11467
2.0 11466
2.0 11465
2.0 11464
2.0 11463
2.0 11462
2.0 11461
2.0 11460
2.0 11459
2.01 11458
2.01 11457
2.01 11456
2.01 11455
2.01 11454
2.01 11453
2.01 11452
2.01 11451
2.01 11450
2.01 11449
2.02 11448
2.02 11447
2.02 11446
2.02 11445
2.02 11444
2.02 11443
2.02 11442
2.02 11441
2.02 11440
2.03 11439
2.03 11438
2.03 11437
2.03 11436
2.03 11435
2.03 11434
2.03 11433
2.03 11432
2.03 11431
2.03 11430
2.03 11429
2.04 11428
2.04 11427
2.04 11426
2.04 11425
2.04 11424
2.04 11423
2.04 11422
2.04 11421
2.04 11420
2.04 11419
2.05 11418
2.05 11417
2.05 11416
2.05 11415
2.05 11414
2.05 11413
2.05 11412
2.05 11411
2.05 11410
2.05 11409
2.05 11408
2.06 11407
2.06 11406
2.06 11405
2.06 11404
2.06 11403
2.06 11402
2.06 11401
2.06 11400
2.06 11399
2.06 11398
2.06 11397
2.07 11396
2.07 11395
2.07 11394
2.07 11393
2.07 11392
2.07 11391
2.07 11390
2.07 11389
2.07 11388
2.07 11387
2.08 11386
2.08 11385
2.08 11384
2.08 11383
2.08 11382
2.08 11381
2.08 11380
2.08 11379
2.08 11378
2.08 11377
2.08 11376
2.08 11375
2.09 11374
2.09 11373
2.09 11372
2.09 11371
2.09 11370
2.09 11369
2.09 11368
2.09 11367
2.09 11366
2.09 11365
2.09 11364
2.09 11363
2.1 11362
2.1 11361
2.1 11360
2.1 11359
2.1 11358
2.1 11357
2.1 11356
2.1 11355
2.1 11354
2.1 11353
2.1 11352
2.1 11351
2.1 11350
2.11 11349
2.11 11348
2.11 11347
2.11 11346
2.11 11345
2.11 11344
2.11 11343
2.11 11342
2.11 11341
2.11 11340
2.12 11339
2.12 11338
2.12 11337
2.12 11336
2.12 11335
2.12 11334
2.12 11333
2.12 11332
2.12 11331
2.12 11330
2.12 11329
2.12 11328
2.12 11327
2.13 11326
2.13 11325
2.13 11324
2.13 11323
2.13 11322
2.13 11321
2.13 11320
2.13 11319
2.13 11318
2.13 11317
2.14 11316
2.14 11315
2.14 11314
2.14 11313
2.14 11312
2.14 11311
2.14 11310
2.14 11309
2.15 11308
2.15 11307
2.15 11306
2.15 11305
2.15 11304
2.15 11303
2.15 11302
2.15 11301
2.16 11300
2.16 11299
2.16 11298
2.17 11297
2.17 11296
2.17 11295
2.17 11294
2.17 11293
2.17 11292
2.18 11291
2.18 11290
2.18 11289
2.18 11288
2.18 11287
2.18 11286
2.19 11285
2.19 11284
2.19 11283
2.19 11282
2.19 11281
2.19 11280
2.19 11279
2.19 11278
2.2 11277
2.2 11276
2.2 11275
2.2 11274
2.21 11273
2.21 11272
2.21 11271
2.21 11270
2.21 11269
2.21 11268
2.22 11267
2.22 11266
2.22 11265
2.22 11264
2.22 11263
2.23 11262
2.23 11261
2.23 11260
2.23 11259
2.23 11258
2.23 11257
2.23 11256
2.24 11255
2.24 11254
2.24 11253
2.25 11252
2.25 11251
2.25 11250
2.25 11249
2.25 11248
2.25 11247
2.26 11246
2.26 11245
2.26 11244
2.27 11243
2.27 11242
2.27 11241
2.27 11240
2.28 11239
2.28 11238
2.28 11237
2.28 11236
2.29 11235
2.29 11234
2.3 11233
2.3 11232
2.3 11231
2.3 11230
2.3 11229
2.31 11228
2.31 11227
2.31 11226
2.31 11225
2.31 11224
2.31 11223
2.31 11222
2.32 11221
2.32 11220
2.32 11219
2.32 11218
2.32 11217
2.32 11216
2.33 11215
2.33 11214
2.33 11213
2.33 11212
2.33 11211
2.33 11210
2.33 11209
2.33 11208
2.33 11207
2.34 11206
2.34 11205
2.34 11204
2.35 11203
2.35 11202
2.35 11201
2.35 11200
2.35 11199
2.36 11198
2.36 11197
2.36 11196
2.36 11195
2.36 11194
2.37 11193
2.37 11192
2.37 11191
2.37 11190
2.38 11189
2.38 11188
2.38 11187
2.38 11186
2.38 11185
2.38 11184
2.38 11183
2.38 11182
2.38 11181
2.39 11180
2.39 11179
2.39 11178
2.39 11177
2.39 11176
2.39 11175
2.39 11174
2.39 11173
2.4 11172
2.4 11171
2.4 11170
2.4 11169
2.4 11168
2.4 11167
2.4 11166
2.4 11165
2.4 11164
2.4 11163
2.41 11162
2.41 11161
2.41 11160
2.41 11159
2.41 11158
2.41 11157
2.41 11156
2.41 11155
2.42 11154
2.42 11153
2.42 11152
2.42 11151
2.42 11150
2.42 11149
2.42 11148
2.42 11147
2.42 11146
2.43 11145
2.43 11144
2.43 11143
2.43 11142
2.43 11141
2.43 11140
2.43 11139
2.43 11138
2.43 11137
2.43 11136
2.44 11135
2.44 11134
2.44 11133
2.44 11132
2.44 11131
2.44 11130
2.44 11129
2.44 11128
2.45 11127
2.45 11126
2.45 11125
2.45 11124
2.45 11123
2.45 11122
2.45 11121
2.45 11120
2.45 11119
2.45 11118
2.45 11117
2.46 11116
2.46 11115
2.46 11114
2.46 11113
2.46 11112
2.46 11111
2.46 11110
2.47 11109
2.47 11108
2.47 11107
2.47 11106
2.47 11105
2.47 11104
2.47 11103
2.47 11102
2.48 11101
2.48 11100
2.48 11099
2.48 11098
2.48 11097
2.48 11096
2.48 11095
2.48 11094
2.49 11093
2.49 11092
2.49 11091
2.49 11090
2.49 11089
2.49 11088
2.49 11087
2.5 11086
2.5 11085
2.5 11084
2.5 11083
2.5 11082
2.5 11081
2.5 11080
2.5 11079
2.51 11078
2.51 11077
2.51 11076
2.51 11075
2.51 11074
2.51 11073
2.51 11072
2.52 11071
2.52 11070
2.52 11069
2.52 11068
2.52 11067
2.52 11066
2.52 11065
2.53 11064
2.53 11063
2.53 11062
2.53 11061
2.53 11060
2.53 11059
2.53 11058
2.53 11057
2.53 11056
2.53 11055
2.54 11054
2.54 11053
2.54 11052
2.54 11051
2.54 11050
2.54 11049
2.54 11048
2.55 11047
2.55 11046
2.55 11045
2.55 11044
2.55 11043
2.55 11042
2.55 11041
2.55 11040
2.55 11039
2.56 11038
2.56 11037
2.56 11036
2.56 11035
2.56 11034
2.56 11033
2.56 11032
2.57 11031
2.57 11030
2.57 11029
2.57 11028
2.57 11027
2.57 11026
2.57 11025
2.57 11024
2.57 11023
2.57 11022
2.57 11021
2.58 11020
2.58 11019
2.58 11018
2.58 11017
2.58 11016
2.58 11015
2.58 11014
2.58 11013
2.58 11012
2.59 11011
2.59 11010
2.59 11009
2.59 11008
2.59 11007
2.59 11006
2.59 11005
2.59 11004
2.59 11003
2.59 11002
2.59 11001
2.6 11000
2.6 10999
2.6 10998
2.6 10997
2.6 10996
2.6 10995
2.6 10994
2.6 10993
2.6 10992
2.6 10991
2.61 10990
2.61 10989
2.61 10988
2.61 10987
2.61 10986
2.61 10985
2.61 10984
2.61 10983
2.61 10982
2.62 10981
2.62 10980
2.62 10979
2.62 10978
2.62 10977
2.62 10976
2.62 10975
2.62 10974
2.62 10973
2.62 10972
2.62 10971
2.62 10970
2.63 10969
2.63 10968
2.63 10967
2.63 10966
2.63 10965
2.63 10964
2.63 10963
2.63 10962
2.63 10961
2.63 10960
2.64 10959
2.64 10958
2.64 10957
2.64 10956
2.64 10955
2.64 10954
2.64 10953
2.64 10952
2.65 10951
2.65 10950
2.65 10949
2.65 10948
2.65 10947
2.65 10946
2.65 10945
2.65 10944
2.65 10943
2.66 10942
2.66 10941
2.66 10940
2.66 10939
2.66 10938
2.66 10937
2.66 10936
2.66 10935
2.66 10934
2.66 10933
2.67 10932
2.67 10931
2.67 10930
2.67 10929
2.67 10928
2.67 10927
2.67 10926
2.67 10925
2.67 10924
2.67 10923
2.67 10922
2.68 10921
2.68 10920
2.68 10919
2.68 10918
2.68 10917
2.68 10916
2.68 10915
2.68 10914
2.68 10913
2.68 10912
2.69 10911
2.69 10910
2.69 10909
2.69 10908
2.69 10907
2.69 10906
2.69 10905
2.69 10904
2.69 10903
2.7 10902
2.7 10901
2.7 10900
2.7 10899
2.7 10898
2.7 10897
2.7 10896
2.7 10895
2.7 10894
2.71 10893
2.71 10892
2.71 10891
2.71 10890
2.71 10889
2.71 10888
2.71 10887
2.71 10886
2.71 10885
2.71 10884
2.71 10883
2.71 10882
2.72 10881
2.72 10880
2.72 10879
2.72 10878
2.72 10877
2.72 10876
2.72 10875
2.72 10874
2.72 10873
2.72 10872
2.72 10871
2.73 10870
2.73 10869
2.73 10868
2.73 10867
2.73 10866
2.73 10865
2.73 10864
2.73 10863
2.73 10862
2.73 10861
2.73 10860
2.73 10859
2.74 10858
2.74 10857
2.74 10856
2.74 10855
2.74 10854
2.75 10853
2.75 10852
2.75 10851
2.75 10850
2.75 10849
2.76 10848
2.76 10847
2.76 10846
2.76 10845
2.76 10844
2.76 10843
2.76 10842
2.76 10841
2.77 10840
2.77 10839
2.77 10838
2.77 10837
2.77 10836
2.77 10835
2.77 10834
2.77 10833
2.77 10832
2.77 10831
2.78 10830
2.78 10829
2.78 10828
2.78 10827
2.78 10826
2.78 10825
2.78 10824
2.78 10823
2.78 10822
2.79 10821
2.79 10820
2.79 10819
2.79 10818
2.79 10817
2.79 10816
2.79 10815
2.8 10814
2.8 10813
2.8 10812
2.8 10811
2.8 10810
2.8 10809
2.8 10808
2.8 10807
2.8 10806
2.8 10805
2.81 10804
2.81 10803
2.81 10802
2.81 10801
2.81 10800
2.81 10799
2.81 10798
2.81 10797
2.81 10796
2.81 10795
2.82 10794
2.82 10793
2.82 10792
2.82 10791
2.82 10790
2.82 10789
2.82 10788
2.82 10787
2.82 10786
2.82 10785
2.83 10784
2.83 10783
2.83 10782
2.83 10781
2.83 10780
2.83 10779
2.83 10778
2.83 10777
2.83 10776
2.83 10775
2.83 10774
2.83 10773
2.84 10772
2.84 10771
2.84 10770
2.84 10769
2.84 10768
2.84 10767
2.84 10766
2.84 10765
2.84 10764
2.84 10763
2.85 10762
2.85 10761
2.85 10760
2.85 10759
2.85 10758
2.85 10757
2.85 10756
2.85 10755
2.85 10754
2.85 10753
2.86 10752
2.86 10751
2.86 10750
2.86 10749
2.86 10748
2.86 10747
2.86 10746
2.86 10745
2.86 10744
2.86 10743
2.86 10742
2.87 10741
2.87 10740
2.87 10739
2.87 10738
2.87 10737
2.87 10736
2.87 10735
2.87 10734
2.87 10733
2.87 10732
2.87 10731
2.87 10730
2.88 10729
2.88 10728
2.88 10727
2.88 10726
2.88 10725
2.88 10724
2.88 10723
2.88 10722
2.88 10721
2.88 10720
2.89 10719
2.89 10718
2.89 10717
2.89 10716
2.89 10715
2.89 10714
2.89 10713
2.89 10712
2.89 10711
2.89 10710
2.9 10709
2.9 10708
2.9 10707
2.9 10706
2.9 10705
2.9 10704
2.9 10703
2.9 10702
2.9 10701
2.9 10700
2.9 10699
2.91 10698
2.91 10697
2.91 10696
2.91 10695
2.91 10694
2.91 10693
2.91 10692
2.91 10691
2.91 10690
2.91 10689
2.91 10688
2.91 10687
2.92 10686
2.92 10685
2.92 10684
2.92 10683
2.92 10682
2.92 10681
2.92 10680
2.92 10679
2.92 10678
2.92 10677
2.93 10676
2.93 10675
2.93 10674
2.93 10673
2.93 10672
2.93 10671
2.93 10670
2.93 10669
2.93 10668
2.93 10667
2.93 10666
2.94 10665
2.94 10664
2.94 10663
2.94 10662
2.94 10661
2.94 10660
2.94 10659
2.94 10658
2.94 10657
2.94 10656
2.95 10655
2.95 10654
2.95 10653
2.95 10652
2.95 10651
2.95 10650
2.95 10649
2.95 10648
2.95 10647
2.95 10646
2.96 10645
2.96 10644
2.96 10643
2.96 10642
2.96 10641
2.96 10640
2.96 10639
2.96 10638
2.96 10637
2.96 10636
2.96 10635
2.97 10634
2.97 10633
2.97 10632
2.97 10631
2.97 10630
2.97 10629
2.97 10628
2.97 10627
2.97 10626
2.97 10625
2.97 10624
2.98 10623
2.98 10622
2.98 10621
2.98 10620
2.98 10619
2.98 10618
2.98 10617
2.98 10616
2.98 10615
2.98 10614
2.99 10613
2.99 10612
2.99 10611
2.99 10610
2.99 10609
2.99 10608
3.0 10607
3.0 10606
3.0 10605
3.0 10604
3.0 10603
3.0 10602
3.01 10601
3.01 10600
3.01 10599
3.01 10598
3.01 10597
3.01 10596
3.01 10595
3.01 10594
3.02 10593
3.02 10592
3.02 10591
3.02 10590
3.02 10589
3.02 10588
3.02 10587
3.02 10586
3.02 10585
3.02 10584
3.03 10583
3.03 10582
3.03 10581
3.03 10580
3.03 10579
3.03 10578
3.03 10577
3.03 10576
3.04 10575
3.04 10574
3.04 10573
3.04 10572
3.04 10571
3.04 10570
3.04 10569
3.04 10568
3.05 10567
3.05 10566
3.05 10565
3.05 10564
3.05 10563
3.05 10562
3.05 10561
3.05 10560
3.05 10559
3.05 10558
3.05 10557
3.06 10556
3.06 10555
3.06 10554
3.06 10553
3.06 10552
3.06 10551
3.06 10550
3.06 10549
3.06 10548
3.06 10547
3.07 10546
3.07 10545
3.07 10544
3.07 10543
3.07 10542
3.07 10541
3.07 10540
3.07 10539
3.07 10538
3.07 10537
3.07 10536
3.08 10535
3.08 10534
3.08 10533
3.08 10532
3.08 10531
3.08 10530
3.08 10529
3.08 10528
3.08 10527
3.08 10526
3.09 10525
3.09 10524
3.09 10523
3.09 10522
3.09 10521
3.09 10520
3.09 10519
3.09 10518
3.09 10517
3.09 10516
3.1 10515
3.1 10514
3.1 10513
3.1 10512
3.1 10511
3.1 10510
3.1 10509
3.1 10508
3.1 10507
3.1 10506
3.1 10505
3.1 10504
3.11 10503
3.11 10502
3.11 10501
3.11 10500
3.11 10499
3.11 10498
3.11 10497
3.11 10496
3.11 10495
3.12 10494
3.12 10493
3.12 10492
3.12 10491
3.12 10490
3.12 10489
3.12 10488
3.12 10487
3.12 10486
3.12 10485
3.13 10484
3.13 10483
3.13 10482
3.13 10481
3.13 10480
3.14 10479
3.14 10478
3.14 10477
3.14 10476
3.14 10475
3.14 10474
3.14 10473
3.15 10472
3.15 10471
3.15 10470
3.15 10469
3.16 10468
3.16 10467
3.16 10466
3.16 10465
3.17 10464
3.17 10463
3.17 10462
3.18 10461
3.18 10460
3.18 10459
3.18 10458
3.18 10457
3.18 10456
3.18 10455
3.18 10454
3.19 10453
3.19 10452
3.19 10451
3.19 10450
3.2 10449
3.2 10448
3.2 10447
3.2 10446
3.2 10445
3.2 10444
3.21 10443
3.21 10442
3.21 10441
3.22 10440
3.22 10439
3.22 10438
3.22 10437
3.23 10436
3.23 10435
3.24 10434
3.24 10433
3.24 10432
3.24 10431
3.26 10430
3.26 10429
3.27 10428
3.27 10427
3.27 10426
3.28 10425
3.29 10424
3.29 10423
3.3 10422
3.3 10421
3.31 10420
3.31 10419
3.32 10418
3.32 10417
3.32 10416
3.33 10415
3.33 10414
3.33 10413
3.34 10412
3.34 10411
3.35 10410
3.35 10409
3.35 10408
3.36 10407
3.36 10406
3.36 10405
3.37 10404
3.37 10403
3.37 10402
3.37 10401
3.37 10400
3.37 10399
3.37 10398
3.38 10397
3.38 10396
3.38 10395
3.38 10394
3.39 10393
3.39 10392
3.39 10391
3.4 10390
3.4 10389
3.41 10388
3.41 10387
3.41 10386
3.42 10385
3.42 10384
3.42 10383
3.42 10382
3.42 10381
3.42 10380
3.42 10379
3.43 10378
3.43 10377
3.43 10376
3.43 10375
3.43 10374
3.43 10373
3.43 10372
3.43 10371
3.43 10370
3.43 10369
3.43 10368
3.44 10367
3.44 10366
3.44 10365
3.44 10364
3.44 10363
3.44 10362
3.44 10361
3.45 10360
3.45 10359
3.45 10358
3.45 10357
3.45 10356
3.45 10355
3.45 10354
3.45 10353
3.45 10352
3.46 10351
3.46 10350
3.46 10349
3.46 10348
3.46 10347
3.46 10346
3.46 10345
3.46 10344
3.46 10343
3.46 10342
3.47 10341
3.47 10340
3.47 10339
3.47 10338
3.47 10337
3.47 10336
3.47 10335
3.47 10334
3.47 10333
3.47 10332
3.48 10331
3.48 10330
3.48 10329
3.48 10328
3.48 10327
3.48 10326
3.48 10325
3.49 10324
3.49 10323
3.49 10322
3.49 10321
3.5 10320
3.5 10319
3.5 10318
3.5 10317
3.5 10316
3.5 10315
3.5 10314
3.51 10313
3.51 10312
3.51 10311
3.51 10310
3.51 10309
3.51 10308
3.51 10307
3.52 10306
3.52 10305
3.52 10304
3.52 10303
3.52 10302
3.52 10301
3.53 10300
3.53 10299
3.53 10298
3.53 10297
3.53 10296
3.53 10295
3.53 10294
3.54 10293
3.54 10292
3.54 10291
3.54 10290
3.55 10289
3.55 10288
3.55 10287
3.55 10286
3.55 10285
3.55 10284
3.55 10283
3.55 10282
3.56 10281
3.56 10280
3.56 10279
3.56 10278
3.56 10277
3.56 10276
3.56 10275
3.56 10274
3.56 10273
3.57 10272
3.57 10271
3.57 10270
3.57 10269
3.58 10268
3.58 10267
3.58 10266
3.58 10265
3.58 10264
3.58 10263
3.58 10262
3.58 10261
3.58 10260
3.59 10259
3.59 10258
3.59 10257
3.59 10256
3.59 10255
3.59 10254
3.59 10253
3.59 10252
3.6 10251
3.6 10250
3.6 10249
3.6 10248
3.6 10247
3.6 10246
3.6 10245
3.61 10244
3.61 10243
3.61 10242
3.61 10241
3.61 10240
3.61 10239
3.61 10238
3.61 10237
3.62 10236
3.62 10235
3.62 10234
3.62 10233
3.62 10232
3.62 10231
3.62 10230
3.62 10229
3.62 10228
3.62 10227
3.62 10226
3.62 10225
3.63 10224
3.63 10223
3.63 10222
3.63 10221
3.63 10220
3.63 10219
3.63 10218
3.63 10217
3.63 10216
3.63 10215
3.64 10214
3.64 10213
3.64 10212
3.64 10211
3.64 10210
3.64 10209
3.64 10208
3.64 10207
3.64 10206
3.65 10205
3.65 10204
3.65 10203
3.65 10202
3.65 10201
3.65 10200
3.65 10199
3.66 10198
3.66 10197
3.66 10196
3.66 10195
3.66 10194
3.66 10193
3.66 10192
3.67 10191
3.67 10190
3.67 10189
3.67 10188
3.67 10187
3.67 10186
3.67 10185
3.67 10184
3.68 10183
3.68 10182
3.68 10181
3.68 10180
3.68 10179
3.68 10178
3.68 10177
3.69 10176
3.69 10175
3.69 10174
3.69 10173
3.69 10172
3.69 10171
3.69 10170
3.69 10169
3.69 10168
3.69 10167
3.7 10166
3.7 10165
3.7 10164
3.7 10163
3.7 10162
3.7 10161
3.7 10160
3.7 10159
3.7 10158
3.7 10157
3.7 10156
3.71 10155
3.71 10154
3.71 10153
3.71 10152
3.71 10151
3.71 10150
3.71 10149
3.71 10148
3.71 10147
3.71 10146
3.71 10145
3.72 10144
3.72 10143
3.72 10142
3.72 10141
3.72 10140
3.72 10139
3.72 10138
3.72 10137
3.73 10136
3.73 10135
3.73 10134
3.73 10133
3.73 10132
3.73 10131
3.73 10130
3.73 10129
3.73 10128
3.73 10127
3.74 10126
3.74 10125
3.74 10124
3.74 10123
3.74 10122
3.74 10121
3.74 10120
3.74 10119
3.74 10118
3.75 10117
3.75 10116
3.75 10115
3.75 10114
3.75 10113
3.75 10112
3.75 10111
3.75 10110
3.76 10109
3.76 10108
3.76 10107
3.76 10106
3.76 10105
3.76 10104
3.76 10103
3.76 10102
3.76 10101
3.77 10100
3.77 10099
3.77 10098
3.77 10097
3.77 10096
3.77 10095
3.77 10094
3.77 10093
3.78 10092
3.78 10091
3.78 10090
3.78 10089
3.78 10088
3.78 10087
3.78 10086
3.79 10085
3.79 10084
3.79 10083
3.79 10082
3.79 10081
3.79 10080
3.79 10079
3.79 10078
3.79 10077
3.8 10076
3.8 10075
3.8 10074
3.8 10073
3.8 10072
3.8 10071
3.8 10070
3.81 10069
3.81 10068
3.81 10067
3.81 10066
3.81 10065
3.81 10064
3.81 10063
3.81 10062
3.81 10061
3.82 10060
3.82 10059
3.82 10058
3.82 10057
3.82 10056
3.82 10055
3.82 10054
3.82 10053
3.82 10052
3.83 10051
3.83 10050
3.83 10049
3.83 10048
3.83 10047
3.83 10046
3.83 10045
3.83 10044
3.83 10043
3.84 10042
3.84 10041
3.84 10040
3.84 10039
3.84 10038
3.84 10037
3.84 10036
3.84 10035
3.84 10034
3.85 10033
3.85 10032
3.85 10031
3.85 10030
3.85 10029
3.85 10028
3.85 10027
3.85 10026
3.85 10025
3.85 10024
3.85 10023
3.86 10022
3.86 10021
3.86 10020
3.86 10019
3.86 10018
3.86 10017
3.86 10016
3.86 10015
3.86 10014
3.86 10013
3.86 10012
3.87 10011
3.87 10010
3.87 10009
3.87 10008
3.87 10007
3.87 10006
3.87 10005
3.87 10004
3.87 10003
3.88 10002
3.88 10001
3.88 10000
3.88 9999
3.88 9998
3.88 9997
3.88 9996
3.88 9995
3.88 9994
3.88 9993
3.89 9992
3.89 9991
3.89 9990
3.89 9989
3.89 9988
3.89 9987
3.89 9986
3.89 9985
3.89 9984
3.89 9983
3.89 9982
3.9 9981
3.9 9980
3.9 9979
3.9 9978
3.9 9977
3.9 9976
3.9 9975
3.9 9974
3.9 9973
3.9 9972
3.91 9971
3.91 9970
3.91 9969
3.91 9968
3.91 9967
3.91 9966
3.91 9965
3.91 9964
3.91 9963
3.91 9962
3.92 9961
3.92 9960
3.92 9959
3.92 9958
3.92 9957
3.92 9956
3.92 9955
3.92 9954
3.92 9953
3.92 9952
3.92 9951
3.93 9950
3.93 9949
3.93 9948
3.93 9947
3.93 9946
3.93 9945
3.93 9944
3.93 9943
3.93 9942
3.93 9941
3.93 9940
3.94 9939
3.94 9938
3.94 9937
3.94 9936
3.94 9935
3.94 9934
3.94 9933
3.94 9932
3.94 9931
3.94 9930
3.95 9929
3.95 9928
3.95 9927
3.95 9926
3.95 9925
3.95 9924
3.95 9923
3.95 9922
3.96 9921
3.96 9920
3.96 9919
3.96 9918
3.96 9917
3.96 9916
3.96 9915
3.96 9914
3.96 9913
3.96 9912
3.96 9911
3.97 9910
3.97 9909
3.97 9908
3.97 9907
3.97 9906
3.97 9905
3.97 9904
3.97 9903
3.98 9902
3.98 9901
3.98 9900
3.98 9899
3.98 9898
3.98 9897
3.98 9896
3.98 9895
3.98 9894
3.98 9893
3.99 9892
3.99 9891
3.99 9890
3.99 9889
3.99 9888
3.99 9887
3.99 9886
4.0 9885
4.0 9884
4.0 9883
4.0 9882
4.0 9881
4.0 9880
4.0 9879
4.0 9878
4.0 9877
4.01 9876
4.01 9875
4.01 9874
4.01 9873
4.01 9872
4.01 9871
4.01 9870
4.01 9869
4.01 9868
4.02 9867
4.02 9866
4.02 9865
4.02 9864
4.02 9863
4.02 9862
4.02 9861
4.02 9860
4.02 9859
4.03 9858
4.03 9857
4.03 9856
4.03 9855
4.03 9854
4.03 9853
4.03 9852
4.03 9851
4.03 9850
4.04 9849
4.04 9848
4.04 9847
4.04 9846
4.04 9845
4.04 9844
4.04 9843
4.04 9842
4.04 9841
4.04 9840
4.05 9839
4.05 9838
4.05 9837
4.05 9836
4.05 9835
4.05 9834
4.05 9833
4.05 9832
4.05 9831
4.05 9830
4.06 9829
4.06 9828
4.06 9827
4.06 9826
4.06 9825
4.06 9824
4.06 9823
4.06 9822
4.06 9821
4.07 9820
4.07 9819
4.07 9818
4.07 9817
4.07 9816
4.07 9815
4.07 9814
4.07 9813
4.08 9812
4.08 9811
4.08 9810
4.08 9809
4.08 9808
4.08 9807
4.08 9806
4.08 9805
4.08 9804
4.08 9803
4.09 9802
4.09 9801
4.09 9800
4.09 9799
4.09 9798
4.09 9797
4.09 9796
4.09 9795
4.09 9794
4.09 9793
4.09 9792
4.09 9791
4.1 9790
4.1 9789
4.1 9788
4.1 9787
4.1 9786
4.1 9785
4.1 9784
4.1 9783
4.1 9782
4.1 9781
4.11 9780
4.11 9779
4.11 9778
4.11 9777
4.11 9776
4.11 9775
4.11 9774
4.11 9773
4.11 9772
4.12 9771
4.12 9770
4.12 9769
4.12 9768
4.12 9767
4.12 9766
4.12 9765
4.12 9764
4.12 9763
4.12 9762
4.12 9761
4.12 9760
4.13 9759
4.13 9758
4.13 9757
4.13 9756
4.13 9755
4.13 9754
4.13 9753
4.13 9752
4.13 9751
4.13 9750
4.14 9749
4.14 9748
4.14 9747
4.14 9746
4.14 9745
4.14 9744
4.14 9743
4.14 9742
4.14 9741
4.14 9740
4.14 9739
4.14 9738
4.15 9737
4.15 9736
4.15 9735
4.15 9734
4.15 9733
4.15 9732
4.15 9731
4.15 9730
4.15 9729
4.15 9728
4.15 9727
4.16 9726
4.16 9725
4.16 9724
4.16 9723
4.16 9722
4.16 9721
4.16 9720
4.16 9719
4.16 9718
4.16 9717
4.17 9716
4.17 9715
4.17 9714
4.17 9713
4.17 9712
4.17 9711
4.17 9710
4.17 9709
4.17 9708
4.17 9707
4.17 9706
4.18 9705
4.18 9704
4.18 9703
4.18 9702
4.18 9701
4.18 9700
4.18 9699
4.18 9698
4.18 9697
4.18 9696
4.19 9695
4.19 9694
4.19 9693
4.19 9692
4.19 9691
4.19 9690
4.19 9689
4.19 9688
4.19 9687
4.2 9686
4.2 9685
4.2 9684
4.2 9683
4.2 9682
4.2 9681
4.2 9680
4.2 9679
4.2 9678
4.2 9677
4.2 9676
4.21 9675
4.21 9674
4.21 9673
4.21 9672
4.21 9671
4.21 9670
4.21 9669
4.21 9668
4.21 9667
4.21 9666
4.21 9665
4.22 9664
4.22 9663
4.22 9662
4.22 9661
4.22 9660
4.22 9659
4.22 9658
4.23 9657
4.23 9656
4.23 9655
4.23 9654
4.23 9653
4.23 9652
4.23 9651
4.23 9650
4.23 9649
4.23 9648
4.23 9647
4.23 9646
4.24 9645
4.24 9644
4.24 9643
4.24 9642
4.24 9641
4.24 9640
4.24 9639
4.24 9638
4.24 9637
4.25 9636
4.25 9635
4.25 9634
4.25 9633
4.25 9632
4.25 9631
4.25 9630
4.25 9629
4.25 9628
4.25 9627
4.25 9626
4.26 9625
4.26 9624
4.26 9623
4.26 9622
4.26 9621
4.26 9620
4.26 9619
4.26 9618
4.26 9617
4.26 9616
4.27 9615
4.27 9614
4.27 9613
4.27 9612
4.27 9611
4.27 9610
4.27 9609
4.27 9608
4.27 9607
4.28 9606
4.28 9605
4.28 9604
4.28 9603
4.28 9602
4.28 9601
4.28 9600
4.28 9599
4.28 9598
4.28 9597
4.29 9596
4.29 9595
4.29 9594
4.29 9593
4.29 9592
4.29 9591
4.29 9590
4.3 9589
4.3 9588
4.3 9587
4.3 9586
4.3 9585
4.3 9584
4.3 9583
4.3 9582
4.3 9581
4.31 9580
4.31 9579
4.31 9578
4.31 9577
4.31 9576
4.31 9575
4.31 9574
4.31 9573
4.31 9572
4.32 9571
4.32 9570
4.32 9569
4.32 9568
4.32 9567
4.32 9566
4.32 9565
4.32 9564
4.33 9563
4.33 9562
4.33 9561
4.33 9560
4.34 9559
4.34 9558
4.35 9557
4.35 9556
4.35 9555
4.36 9554
4.36 9553
4.37 9552
4.37 9551
4.38 9550
4.38 9549
4.38 9548
4.39 9547
4.39 9546
4.39 9545
4.4 9544
4.4 9543
4.4 9542
4.4 9541
4.4 9540
4.41 9539
4.41 9538
4.41 9537
4.41 9536
4.42 9535
4.42 9534
4.43 9533
4.44 9532
4.45 9531
4.45 9530
4.46 9529
4.47 9528
4.48 9527
4.49 9526
4.5 9525
4.5 9524
4.51 9523
4.51 9522
4.51 9521
4.53 9520
4.54 9519
4.54 9518
4.55 9517
4.55 9516
4.58 9515
4.58 9514
4.6 9513
4.61 9512
4.61 9511
4.61 9510
4.62 9509
4.62 9508
4.62 9507
4.64 9506
4.64 9505
4.65 9504
4.65 9503
4.65 9502
4.65 9501
4.66 9500
4.66 9499
4.66 9498
4.66 9497
4.66 9496
4.66 9495
4.67 9494
4.67 9493
4.67 9492
4.67 9491
4.67 9490
4.67 9489
4.67 9488
4.67 9487
4.68 9486
4.68 9485
4.68 9484
4.68 9483
4.68 9482
4.68 9481
4.69 9480
4.69 9479
4.69 9478
4.69 9477
4.69 9476
4.69 9475
4.7 9474
4.7 9473
4.7 9472
4.7 9471
4.7 9470
4.7 9469
4.7 9468
4.71 9467
4.71 9466
4.71 9465
4.71 9464
4.71 9463
4.71 9462
4.71 9461
4.72 9460
4.72 9459
4.72 9458
4.72 9457
4.72 9456
4.73 9455
4.73 9454
4.73 9453
4.73 9452
4.73 9451
4.73 9450
4.73 9449
4.74 9448
4.74 9447
4.74 9446
4.74 9445
4.74 9444
4.74 9443
4.75 9442
4.75 9441
4.75 9440
4.75 9439
4.75 9438
4.75 9437
4.75 9436
4.76 9435
4.76 9434
4.76 9433
4.76 9432
4.76 9431
4.76 9430
4.77 9429
4.77 9428
4.77 9427
4.77 9426
4.77 9425
4.77 9424
4.78 9423
4.78 9422
4.78 9421
4.78 9420
4.78 9419
4.78 9418
4.78 9417
4.78 9416
4.79 9415
4.79 9414
4.79 9413
4.79 9412
4.79 9411
4.79 9410
4.8 9409
4.8 9408
4.8 9407
4.8 9406
4.8 9405
4.8 9404
4.8 9403
4.8 9402
4.81 9401
4.81 9400
4.81 9399
4.81 9398
4.81 9397
4.81 9396
4.81 9395
4.82 9394
4.82 9393
4.82 9392
4.82 9391
4.82 9390
4.82 9389
4.82 9388
4.82 9387
4.83 9386
4.83 9385
4.83 9384
4.83 9383
4.83 9382
4.83 9381
4.83 9380
4.84 9379
4.84 9378
4.84 9377
4.84 9376
4.85 9375
4.85 9374
4.85 9373
4.85 9372
4.85 9371
4.86 9370
4.86 9369
4.86 9368
4.86 9367
4.86 9366
4.86 9365
4.86 9364
4.86 9363
4.86 9362
4.87 9361
4.87 9360
4.87 9359
4.87 9358
4.87 9357
4.87 9356
4.87 9355
4.87 9354
4.87 9353
4.87 9352
4.88 9351
4.88 9350
4.88 9349
4.88 9348
4.88 9347
4.88 9346
4.88 9345
4.88 9344
4.89 9343
4.89 9342
4.89 9341
4.89 9340
4.89 9339
4.89 9338
4.89 9337
4.89 9336
4.89 9335
4.89 9334
4.9 9333
4.9 9332
4.9 9331
4.9 9330
4.9 9329
4.9 9328
4.9 9327
4.9 9326
4.91 9325
4.91 9324
4.91 9323
4.91 9322
4.91 9321
4.91 9320
4.91 9319
4.91 9318
4.92 9317
4.92 9316
4.92 9315
4.92 9314
4.92 9313
4.92 9312
4.92 9311
4.92 9310
4.92 9309
4.92 9308
4.93 9307
4.93 9306
4.93 9305
4.93 9304
4.93 9303
4.93 9302
4.93 9301
4.93 9300
4.93 9299
4.93 9298
4.94 9297
4.94 9296
4.94 9295
4.94 9294
4.94 9293
4.94 9292
4.94 9291
4.94 9290
4.94 9289
4.94 9288
4.94 9287
4.95 9286
4.95 9285
4.95 9284
4.95 9283
4.95 9282
4.95 9281
4.95 9280
4.95 9279
4.96 9278
4.96 9277
4.96 9276
4.96 9275
4.96 9274
4.96 9273
4.96 9272
4.97 9271
4.97 9270
4.97 9269
4.97 9268
4.97 9267
4.98 9266
4.98 9265
4.98 9264
4.98 9263
4.98 9262
4.99 9261
4.99 9260
4.99 9259
4.99 9258
5.0 9257
5.0 9256
5.0 9255
5.0 9254
5.01 9253
5.01 9252
5.01 9251
5.01 9250
5.01 9249
5.02 9248
5.02 9247
5.02 9246
5.02 9245
5.02 9244
5.02 9243
5.02 9242
5.03 9241
5.03 9240
5.03 9239
5.03 9238
5.03 9237
5.03 9236
5.03 9235
5.03 9234
5.03 9233
5.04 9232
5.04 9231
5.04 9230
5.04 9229
5.04 9228
5.04 9227
5.04 9226
5.05 9225
5.05 9224
5.05 9223
5.05 9222
5.05 9221
5.05 9220
5.05 9219
5.06 9218
5.06 9217
5.06 9216
5.06 9215
5.06 9214
5.06 9213
5.06 9212
5.06 9211
5.06 9210
5.07 9209
5.07 9208
5.07 9207
5.07 9206
5.07 9205
5.07 9204
5.07 9203
5.07 9202
5.07 9201
5.08 9200
5.08 9199
5.08 9198
5.08 9197
5.08 9196
5.09 9195
5.09 9194
5.09 9193
5.09 9192
5.09 9191
5.09 9190
5.09 9189
5.09 9188
5.09 9187
5.1 9186
5.1 9185
5.1 9184
5.1 9183
5.1 9182
5.1 9181
5.1 9180
5.1 9179
5.1 9178
5.11 9177
5.11 9176
5.11 9175
5.11 9174
5.11 9173
5.11 9172
5.11 9171
5.11 9170
5.11 9169
5.12 9168
5.12 9167
5.12 9166
5.12 9165
5.12 9164
5.12 9163
5.12 9162
5.12 9161
5.13 9160
5.13 9159
5.13 9158
5.13 9157
5.13 9156
5.13 9155
5.13 9154
5.13 9153
5.14 9152
5.14 9151
5.14 9150
5.14 9149
5.14 9148
5.14 9147
5.14 9146
5.14 9145
5.14 9144
5.14 9143
5.15 9142
5.15 9141
5.15 9140
5.15 9139
5.15 9138
5.15 9137
5.15 9136
5.15 9135
5.16 9134
5.16 9133
5.16 9132
5.16 9131
5.16 9130
5.16 9129
5.16 9128
5.16 9127
5.16 9126
5.17 9125
5.17 9124
5.17 9123
5.17 9122
5.17 9121
5.17 9120
5.17 9119
5.18 9118
5.18 9117
5.18 9116
5.18 9115
5.18 9114
5.18 9113
5.18 9112
5.18 9111
5.19 9110
5.19 9109
5.19 9108
5.19 9107
5.19 9106
5.19 9105
5.19 9104
5.19 9103
5.19 9102
5.2 9101
5.2 9100
5.2 9099
5.2 9098
5.2 9097
5.2 9096
5.2 9095
5.2 9094
5.2 9093
5.2 9092
5.2 9091
5.21 9090
5.21 9089
5.21 9088
5.21 9087
5.21 9086
5.21 9085
5.21 9084
5.21 9083
5.21 9082
5.21 9081
5.22 9080
5.22 9079
5.22 9078
5.22 9077
5.22 9076
5.22 9075
5.22 9074
5.22 9073
5.22 9072
5.22 9071
5.23 9070
5.23 9069
5.23 9068
5.23 9067
5.23 9066
5.23 9065
5.23 9064
5.23 9063
5.24 9062
5.24 9061
5.24 9060
5.24 9059
5.24 9058
5.24 9057
5.24 9056
5.24 9055
5.24 9054
5.24 9053
5.25 9052
5.25 9051
5.25 9050
5.25 9049
5.25 9048
5.25 9047
5.25 9046
5.26 9045
5.26 9044
5.26 9043
5.26 9042
5.26 9041
5.26 9040
5.26 9039
5.26 9038
5.26 9037
5.27 9036
5.27 9035
5.27 9034
5.27 9033
5.27 9032
5.27 9031
5.27 9030
5.27 9029
5.28 9028
5.28 9027
5.28 9026
5.28 9025
5.28 9024
5.28 9023
5.28 9022
5.28 9021
5.29 9020
5.29 9019
5.29 9018
5.29 9017
5.29 9016
5.29 9015
5.29 9014
5.29 9013
5.29 9012
5.3 9011
5.3 9010
5.3 9009
5.3 9008
5.3 9007
5.3 9006
5.3 9005
5.3 9004
5.3 9003
5.31 9002
5.31 9001
5.31 9000
5.31 8999
5.31 8998
5.31 8997
5.31 8996
5.31 8995
5.31 8994
5.31 8993
5.32 8992
5.32 8991
5.32 8990
5.32 8989
5.32 8988
5.32 8987
5.32 8986
5.32 8985
5.32 8984
5.33 8983
5.33 8982
5.33 8981
5.33 8980
5.33 8979
5.33 8978
5.33 8977
5.33 8976
5.33 8975
5.34 8974
5.34 8973
5.34 8972
5.34 8971
5.34 8970
5.34 8969
5.34 8968
5.34 8967
5.34 8966
5.34 8965
5.35 8964
5.35 8963
5.35 8962
5.35 8961
5.35 8960
5.35 8959
5.35 8958
5.35 8957
5.35 8956
5.35 8955
5.36 8954
5.36 8953
5.36 8952
5.36 8951
5.36 8950
5.36 8949
5.36 8948
5.36 8947
5.36 8946
5.37 8945
5.37 8944
5.37 8943
5.37 8942
5.37 8941
5.37 8940
5.37 8939
5.37 8938
5.37 8937
5.37 8936
5.38 8935
5.38 8934
5.38 8933
5.38 8932
5.38 8931
5.38 8930
5.38 8929
5.38 8928
5.38 8927
5.39 8926
5.39 8925
5.39 8924
5.39 8923
5.39 8922
5.39 8921
5.4 8920
5.4 8919
5.4 8918
5.4 8917
5.4 8916
5.4 8915
5.4 8914
5.4 8913
5.4 8912
5.4 8911
5.41 8910
5.41 8909
5.41 8908
5.41 8907
5.41 8906
5.41 8905
5.41 8904
5.41 8903
5.41 8902
5.41 8901
5.42 8900
5.42 8899
5.42 8898
5.42 8897
5.42 8896
5.42 8895
5.42 8894
5.42 8893
5.42 8892
5.43 8891
5.43 8890
5.43 8889
5.43 8888
5.43 8887
5.43 8886
5.43 8885
5.43 8884
5.43 8883
5.43 8882
5.44 8881
5.44 8880
5.44 8879
5.44 8878
5.44 8877
5.44 8876
5.44 8875
5.44 8874
5.44 8873
5.44 8872
5.44 8871
5.44 8870
5.45 8869
5.45 8868
5.45 8867
5.45 8866
5.45 8865
5.45 8864
5.45 8863
5.45 8862
5.45 8861
5.46 8860
5.46 8859
5.46 8858
5.46 8857
5.46 8856
5.46 8855
5.46 8854
5.46 8853
5.46 8852
5.46 8851
5.47 8850
5.47 8849
5.47 8848
5.47 8847
5.47 8846
5.47 8845
5.47 8844
5.47 8843
5.47 8842
5.47 8841
5.47 8840
5.48 8839
5.48 8838
5.48 8837
5.48 8836
5.48 8835
5.48 8834
5.48 8833
5.48 8832
5.48 8831
5.49 8830
5.49 8829
5.49 8828
5.49 8827
5.49 8826
5.49 8825
5.5 8824
5.5 8823
5.5 8822
5.5 8821
5.5 8820
5.5 8819
5.5 8818
5.5 8817
5.5 8816
5.51 8815
5.51 8814
5.51 8813
5.51 8812
5.51 8811
5.51 8810
5.51 8809
5.51 8808
5.51 8807
5.52 8806
5.52 8805
5.52 8804
5.52 8803
5.52 8802
5.52 8801
5.53 8800
5.53 8799
5.53 8798
5.53 8797
5.53 8796
5.53 8795
5.54 8794
5.54 8793
5.54 8792
5.54 8791
5.54 8790
5.54 8789
5.54 8788
5.54 8787
5.54 8786
5.55 8785
5.55 8784
5.55 8783
5.55 8782
5.55 8781
5.55 8780
5.55 8779
5.55 8778
5.55 8777
5.55 8776
5.55 8775
5.56 8774
5.56 8773
5.56 8772
5.56 8771
5.56 8770
5.56 8769
5.56 8768
5.56 8767
5.56 8766
5.56 8765
5.57 8764
5.57 8763
5.57 8762
5.57 8761
5.57 8760
5.57 8759
5.57 8758
5.57 8757
5.57 8756
5.57 8755
5.57 8754
5.58 8753
5.58 8752
5.58 8751
5.58 8750
5.58 8749
5.58 8748
5.58 8747
5.58 8746
5.58 8745
5.59 8744
5.59 8743
5.59 8742
5.59 8741
5.59 8740
5.59 8739
5.59 8738
5.59 8737
5.59 8736
5.59 8735
5.59 8734
5.6 8733
5.6 8732
5.6 8731
5.6 8730
5.6 8729
5.6 8728
5.6 8727
5.6 8726
5.6 8725
5.61 8724
5.61 8723
5.61 8722
5.61 8721
5.61 8720
5.61 8719
5.61 8718
5.61 8717
5.61 8716
5.61 8715
5.61 8714
5.62 8713
5.62 8712
5.62 8711
5.62 8710
5.62 8709
5.62 8708
5.62 8707
5.62 8706
5.62 8705
5.62 8704
5.62 8703
5.63 8702
5.63 8701
5.63 8700
5.63 8699
5.63 8698
5.63 8697
5.63 8696
5.63 8695
5.63 8694
5.64 8693
5.64 8692
5.64 8691
5.64 8690
5.64 8689
5.64 8688
5.64 8687
5.64 8686
5.64 8685
5.65 8684
5.65 8683
5.65 8682
5.65 8681
5.65 8680
5.65 8679
5.65 8678
5.65 8677
5.65 8676
5.65 8675
5.66 8674
5.66 8673
5.66 8672
5.66 8671
5.66 8670
5.66 8669
5.66 8668
5.66 8667
5.66 8666
5.67 8665
5.67 8664
5.67 8663
5.67 8662
5.67 8661
5.67 8660
5.67 8659
5.67 8658
5.67 8657
5.67 8656
5.67 8655
5.68 8654
5.68 8653
5.68 8652
5.68 8651
5.68 8650
5.68 8649
5.68 8648
5.68 8647
5.68 8646
5.69 8645
5.69 8644
5.69 8643
5.69 8642
5.69 8641
5.69 8640
5.69 8639
5.69 8638
5.7 8637
5.7 8636
5.7 8635
5.7 8634
5.7 8633
5.7 8632
5.7 8631
5.7 8630
5.7 8629
5.71 8628
5.71 8627
5.71 8626
5.71 8625
5.71 8624
5.71 8623
5.71 8622
5.71 8621
5.71 8620
5.71 8619
5.72 8618
5.72 8617
5.72 8616
5.72 8615
5.72 8614
5.72 8613
5.72 8612
5.72 8611
5.72 8610
5.72 8609
5.72 8608
5.72 8607
5.73 8606
5.73 8605
5.73 8604
5.73 8603
5.73 8602
5.73 8601
5.73 8600
5.73 8599
5.73 8598
5.73 8597
5.73 8596
5.74 8595
5.74 8594
5.74 8593
5.74 8592
5.74 8591
5.74 8590
5.74 8589
5.74 8588
5.74 8587
5.75 8586
5.75 8585
5.75 8584
5.75 8583
5.75 8582
5.75 8581
5.75 8580
5.75 8579
5.75 8578
5.76 8577
5.76 8576
5.76 8575
5.76 8574
5.76 8573
5.76 8572
5.76 8571
5.76 8570
5.77 8569
5.77 8568
5.77 8567
5.77 8566
5.77 8565
5.77 8564
5.77 8563
5.77 8562
5.77 8561
5.78 8560
5.78 8559
5.78 8558
5.78 8557
5.78 8556
5.78 8555
5.78 8554
5.79 8553
5.79 8552
5.79 8551
5.79 8550
5.79 8549
5.8 8548
5.8 8547
5.8 8546
5.8 8545
5.8 8544
5.8 8543
5.81 8542
5.81 8541
5.81 8540
5.83 8539
5.83 8538
5.83 8537
5.83 8536
5.84 8535
5.84 8534
5.85 8533
5.85 8532
5.85 8531
5.85 8530
5.86 8529
5.86 8528
5.86 8527
5.86 8526
5.86 8525
5.87 8524
5.87 8523
5.87 8522
5.88 8521
5.9 8520
5.94 8519
5.94 8518
5.94 8517
5.95 8516
5.95 8515
5.96 8514
5.96 8513
5.96 8512
5.97 8511
5.97 8510
5.97 8509
6.0 8508
6.05 8507
6.05 8506
6.06 8505
6.07 8504
6.08 8503
6.1 8502
6.11 8501
6.11 8500
6.12 8499
6.13 8498
6.13 8497
6.21 8496
6.21 8495
6.21 8494
6.21 8493
6.21 8492
6.22 8491
6.22 8490
6.22 8489
6.22 8488
6.23 8487
6.23 8486
6.23 8485
6.23 8484
6.23 8483
6.24 8482
6.24 8481
6.24 8480
6.25 8479
6.25 8478
6.25 8477
6.25 8476
6.26 8475
6.26 8474
6.26 8473
6.26 8472
6.27 8471
6.27 8470
6.27 8469
6.27 8468
6.27 8467
6.27 8466
6.27 8465
6.28 8464
6.28 8463
6.28 8462
6.28 8461
6.29 8460
6.29 8459
6.29 8458
6.29 8457
6.29 8456
6.29 8455
6.29 8454
6.29 8453
6.29 8452
6.3 8451
6.3 8450
6.3 8449
6.3 8448
6.31 8447
6.31 8446
6.31 8445
6.31 8444
6.31 8443
6.31 8442
6.31 8441
6.31 8440
6.32 8439
6.32 8438
6.32 8437
6.32 8436
6.32 8435
6.33 8434
6.33 8433
6.33 8432
6.33 8431
6.33 8430
6.33 8429
6.34 8428
6.34 8427
6.34 8426
6.34 8425
6.34 8424
6.34 8423
6.34 8422
6.34 8421
6.34 8420
6.34 8419
6.35 8418
6.35 8417
6.35 8416
6.35 8415
6.35 8414
6.35 8413
6.36 8412
6.36 8411
6.36 8410
6.36 8409
6.36 8408
6.36 8407
6.37 8406
6.37 8405
6.37 8404
6.37 8403
6.37 8402
6.38 8401
6.38 8400
6.38 8399
6.38 8398
6.38 8397
6.38 8396
6.38 8395
6.38 8394
6.39 8393
6.39 8392
6.39 8391
6.39 8390
6.39 8389
6.39 8388
6.39 8387
6.4 8386
6.4 8385
6.4 8384
6.4 8383
6.4 8382
6.4 8381
6.4 8380
6.4 8379
6.4 8378
6.41 8377
6.41 8376
6.41 8375
6.41 8374
6.41 8373
6.41 8372
6.41 8371
6.41 8370
6.41 8369
6.42 8368
6.42 8367
6.42 8366
6.42 8365
6.42 8364
6.42 8363
6.42 8362
6.42 8361
6.42 8360
6.43 8359
6.43 8358
6.43 8357
6.43 8356
6.43 8355
6.43 8354
6.43 8353
6.43 8352
6.43 8351
6.44 8350
6.44 8349
6.44 8348
6.44 8347
6.44 8346
6.44 8345
6.44 8344
6.45 8343
6.45 8342
6.45 8341
6.45 8340
6.45 8339
6.45 8338
6.45 8337
6.45 8336
6.46 8335
6.46 8334
6.46 8333
6.46 8332
6.46 8331
6.46 8330
6.46 8329
6.47 8328
6.47 8327
6.47 8326
6.47 8325
6.47 8324
6.47 8323
6.47 8322
6.47 8321
6.48 8320
6.48 8319
6.48 8318
6.48 8317
6.48 8316
6.48 8315
6.48 8314
6.48 8313
6.48 8312
6.48 8311
6.49 8310
6.49 8309
6.49 8308
6.49 8307
6.49 8306
6.49 8305
6.49 8304
6.49 8303
6.5 8302
6.5 8301
6.5 8300
6.5 8299
6.5 8298
6.5 8297
6.5 8296
6.5 8295
6.51 8294
6.51 8293
6.51 8292
6.51 8291
6.51 8290
6.51 8289
6.51 8288
6.51 8287
6.52 8286
6.52 8285
6.52 8284
6.52 8283
6.52 8282
6.52 8281
6.52 8280
6.52 8279
6.53 8278
6.53 8277
6.53 8276
6.53 8275
6.53 8274
6.53 8273
6.53 8272
6.53 8271
6.54 8270
6.54 8269
6.54 8268
6.54 8267
6.54 8266
6.54 8265
6.54 8264
6.55 8263
6.55 8262
6.55 8261
6.55 8260
6.55 8259
6.55 8258
6.55 8257
6.55 8256
6.56 8255
6.56 8254
6.56 8253
6.56 8252
6.56 8251
6.56 8250
6.56 8249
6.56 8248
6.57 8247
6.57 8246
6.57 8245
6.57 8244
6.57 8243
6.57 8242
6.57 8241
6.57 8240
6.58 8239
6.58 8238
6.58 8237
6.58 8236
6.58 8235
6.58 8234
6.58 8233
6.59 8232
6.59 8231
6.59 8230
6.59 8229
6.59 8228
6.59 8227
6.59 8226
6.59 8225
6.59 8224
6.6 8223
6.6 8222
6.6 8221
6.6 8220
6.6 8219
6.6 8218
6.6 8217
6.6 8216
6.61 8215
6.61 8214
6.61 8213
6.61 8212
6.61 8211
6.61 8210
6.61 8209
6.61 8208
6.61 8207
6.61 8206
6.62 8205
6.62 8204
6.62 8203
6.62 8202
6.62 8201
6.62 8200
6.62 8199
6.62 8198
6.63 8197
6.63 8196
6.63 8195
6.63 8194
6.63 8193
6.63 8192
6.63 8191
6.63 8190
6.63 8189
6.63 8188
6.64 8187
6.64 8186
6.64 8185
6.64 8184
6.64 8183
6.64 8182
6.64 8181
6.64 8180
6.64 8179
6.65 8178
6.65 8177
6.65 8176
6.65 8175
6.65 8174
6.65 8173
6.65 8172
6.65 8171
6.65 8170
6.65 8169
6.66 8168
6.66 8167
6.66 8166
6.66 8165
6.66 8164
6.66 8163
6.66 8162
6.67 8161
6.67 8160
6.67 8159
6.67 8158
6.67 8157
6.67 8156
6.67 8155
6.67 8154
6.68 8153
6.68 8152
6.68 8151
6.68 8150
6.68 8149
6.69 8148
6.69 8147
6.69 8146
6.69 8145
6.69 8144
6.69 8143
6.69 8142
6.69 8141
6.69 8140
6.7 8139
6.7 8138
6.7 8137
6.7 8136
6.7 8135
6.7 8134
6.7 8133
6.7 8132
6.7 8131
6.71 8130
6.71 8129
6.71 8128
6.71 8127
6.71 8126
6.71 8125
6.71 8124
6.71 8123
6.71 8122
6.72 8121
6.72 8120
6.72 8119
6.72 8118
6.72 8117
6.72 8116
6.72 8115
6.73 8114
6.73 8113
6.73 8112
6.73 8111
6.73 8110
6.73 8109
6.73 8108
6.74 8107
6.74 8106
6.74 8105
6.74 8104
6.74 8103
6.74 8102
6.74 8101
6.74 8100
6.75 8099
6.75 8098
6.75 8097
6.75 8096
6.75 8095
6.76 8094
6.76 8093
6.76 8092
6.76 8091
6.76 8090
6.76 8089
6.77 8088
6.77 8087
6.77 8086
6.77 8085
6.77 8084
6.77 8083
6.77 8082
6.77 8081
6.77 8080
6.78 8079
6.78 8078
6.78 8077
6.78 8076
6.78 8075
6.78 8074
6.78 8073
6.79 8072
6.79 8071
6.79 8070
6.79 8069
6.79 8068
6.79 8067
6.79 8066
6.79 8065
6.79 8064
6.8 8063
6.8 8062
6.8 8061
6.8 8060
6.8 8059
6.8 8058
6.8 8057
6.8 8056
6.8 8055
6.81 8054
6.81 8053
6.81 8052
6.81 8051
6.81 8050
6.81 8049
6.81 8048
6.81 8047
6.81 8046
6.81 8045
6.82 8044
6.82 8043
6.82 8042
6.82 8041
6.82 8040
6.82 8039
6.82 8038
6.82 8037
6.82 8036
6.82 8035
6.82 8034
6.83 8033
6.83 8032
6.83 8031
6.83 8030
6.83 8029
6.83 8028
6.83 8027
6.83 8026
6.83 8025
6.83 8024
6.84 8023
6.84 8022
6.84 8021
6.84 8020
6.84 8019
6.84 8018
6.84 8017
6.85 8016
6.85 8015
6.85 8014
6.85 8013
6.85 8012
6.85 8011
6.85 8010
6.85 8009
6.85 8008
6.86 8007
6.86 8006
6.86 8005
6.86 8004
6.86 8003
6.86 8002
6.86 8001
6.86 8000
6.86 7999
6.87 7998
6.87 7997
6.87 7996
6.87 7995
6.87 7994
6.87 7993
6.87 7992
6.87 7991
6.87 7990
6.88 7989
6.88 7988
6.88 7987
6.88 7986
6.88 7985
6.88 7984
6.88 7983
6.88 7982
6.88 7981
6.88 7980
6.88 7979
6.89 7978
6.89 7977
6.89 7976
6.89 7975
6.89 7974
6.89 7973
6.89 7972
6.89 7971
6.89 7970
6.89 7969
6.9 7968
6.9 7967
6.9 7966
6.9 7965
6.9 7964
6.9 7963
6.9 7962
6.9 7961
6.9 7960
6.9 7959
6.91 7958
6.91 7957
6.91 7956
6.91 7955
6.91 7954
6.91 7953
6.91 7952
6.91 7951
6.91 7950
6.91 7949
6.92 7948
6.92 7947
6.92 7946
6.92 7945
6.92 7944
6.92 7943
6.92 7942
6.92 7941
6.92 7940
6.92 7939
6.92 7938
6.93 7937
6.93 7936
6.93 7935
6.93 7934
6.93 7933
6.93 7932
6.93 7931
6.93 7930
6.93 7929
6.93 7928
6.93 7927
6.94 7926
6.94 7925
6.94 7924
6.94 7923
6.94 7922
6.94 7921
6.94 7920
6.94 7919
6.94 7918
6.95 7917
6.95 7916
6.95 7915
6.95 7914
6.95 7913
6.95 7912
6.95 7911
6.95 7910
6.95 7909
6.95 7908
6.96 7907
6.96 7906
6.96 7905
6.96 7904
6.96 7903
6.96 7902
6.96 7901
6.96 7900
6.96 7899
6.96 7898
6.97 7897
6.97 7896
6.97 7895
6.97 7894
6.97 7893
6.97 7892
6.97 7891
6.97 7890
6.97 7889
6.97 7888
6.98 7887
6.98 7886
6.98 7885
6.98 7884
6.98 7883
6.98 7882
6.98 7881
6.98 7880
6.99 7879
6.99 7878
6.99 7877
6.99 7876
6.99 7875
6.99 7874
6.99 7873
6.99 7872
6.99 7871
6.99 7870
7.0 7869
7.0 7868
7.0 7867
7.0 7866
7.0 7865
7.01 7864
7.01 7863
7.01 7862
7.01 7861
7.01 7860
7.01 7859
7.02 7858
7.02 7857
7.02 7856
7.02 7855
7.02 7854
7.02 7853
7.03 7852
7.03 7851
7.03 7850
7.03 7849
7.03 7848
7.03 7847
7.03 7846
7.03 7845
7.03 7844
7.03 7843
7.04 7842
7.04 7841
7.04 7840
7.04 7839
7.04 7838
7.04 7837
7.04 7836
7.05 7835
7.05 7834
7.05 7833
7.05 7832
7.05 7831
7.05 7830
7.05 7829
7.05 7828
7.05 7827
7.06 7826
7.06 7825
7.06 7824
7.06 7823
7.06 7822
7.06 7821
7.06 7820
7.06 7819
7.06 7818
7.07 7817
7.07 7816
7.07 7815
7.07 7814
7.07 7813
7.07 7812
7.07 7811
7.07 7810
7.08 7809
7.08 7808
7.08 7807
7.08 7806
7.08 7805
7.08 7804
7.08 7803
7.08 7802
7.08 7801
7.09 7800
7.09 7799
7.09 7798
7.09 7797
7.09 7796
7.09 7795
7.09 7794
7.09 7793
7.09 7792
7.09 7791
7.1 7790
7.1 7789
7.1 7788
7.1 7787
7.1 7786
7.1 7785
7.1 7784
7.1 7783
7.1 7782
7.11 7781
7.11 7780
7.11 7779
7.11 7778
7.11 7777
7.11 7776
7.11 7775
7.12 7774
7.12 7773
7.12 7772
7.12 7771
7.12 7770
7.12 7769
7.12 7768
7.12 7767
7.12 7766
7.12 7765
7.13 7764
7.13 7763
7.13 7762
7.13 7761
7.13 7760
7.13 7759
7.13 7758
7.13 7757
7.13 7756
7.13 7755
7.13 7754
7.14 7753
7.14 7752
7.14 7751
7.14 7750
7.14 7749
7.14 7748
7.14 7747
7.14 7746
7.14 7745
7.14 7744
7.14 7743
7.14 7742
7.15 7741
7.15 7740
7.15 7739
7.15 7738
7.15 7737
7.15 7736
7.15 7735
7.15 7734
7.15 7733
7.16 7732
7.16 7731
7.16 7730
7.16 7729
7.16 7728
7.16 7727
7.16 7726
7.16 7725
7.16 7724
7.17 7723
7.17 7722
7.17 7721
7.17 7720
7.17 7719
7.17 7718
7.17 7717
7.17 7716
7.17 7715
7.17 7714
7.17 7713
7.18 7712
7.18 7711
7.18 7710
7.18 7709
7.18 7708
7.18 7707
7.18 7706
7.18 7705
7.19 7704
7.19 7703
7.19 7702
7.19 7701
7.19 7700
7.19 7699
7.19 7698
7.2 7697
7.2 7696
7.2 7695
7.2 7694
7.2 7693
7.2 7692
7.2 7691
7.2 7690
7.2 7689
7.21 7688
7.21 7687
7.21 7686
7.21 7685
7.21 7684
7.21 7683
7.21 7682
7.21 7681
7.21 7680
7.21 7679
7.21 7678
7.22 7677
7.22 7676
7.22 7675
7.22 7674
7.22 7673
7.22 7672
7.22 7671
7.22 7670
7.22 7669
7.22 7668
7.23 7667
7.23 7666
7.23 7665
7.23 7664
7.23 7663
7.23 7662
7.23 7661
7.23 7660
7.23 7659
7.24 7658
7.24 7657
7.24 7656
7.24 7655
7.24 7654
7.24 7653
7.24 7652
7.24 7651
7.25 7650
7.25 7649
7.25 7648
7.25 7647
7.26 7646
7.26 7645
7.26 7644
7.26 7643
7.26 7642
7.26 7641
7.27 7640
7.27 7639
7.27 7638
7.27 7637
7.27 7636
7.27 7635
7.27 7634
7.28 7633
7.28 7632
7.28 7631
7.28 7630
7.28 7629
7.28 7628
7.28 7627
7.29 7626
7.29 7625
7.29 7624
7.29 7623
7.29 7622
7.29 7621
7.29 7620
7.29 7619
7.3 7618
7.3 7617
7.3 7616
7.3 7615
7.3 7614
7.3 7613
7.3 7612
7.3 7611
7.3 7610
7.31 7609
7.31 7608
7.31 7607
7.31 7606
7.31 7605
7.31 7604
7.31 7603
7.31 7602
7.31 7601
7.32 7600
7.32 7599
7.32 7598
7.32 7597
7.32 7596
7.32 7595
7.32 7594
7.32 7593
7.33 7592
7.33 7591
7.33 7590
7.33 7589
7.33 7588
7.33 7587
7.33 7586
7.33 7585
7.33 7584
7.33 7583
7.33 7582
7.33 7581
7.33 7580
7.34 7579
7.34 7578
7.34 7577
7.34 7576
7.34 7575
7.34 7574
7.34 7573
7.34 7572
7.34 7571
7.34 7570
7.35 7569
7.35 7568
7.35 7567
7.35 7566
7.35 7565
7.35 7564
7.35 7563
7.35 7562
7.35 7561
7.35 7560
7.35 7559
7.36 7558
7.36 7557
7.36 7556
7.36 7555
7.36 7554
7.36 7553
7.36 7552
7.36 7551
7.36 7550
7.36 7549
7.37 7548
7.37 7547
7.37 7546
7.37 7545
7.37 7544
7.37 7543
7.37 7542
7.37 7541
7.37 7540
7.37 7539
7.38 7538
7.38 7537
7.38 7536
7.38 7535
7.38 7534
7.39 7533
7.39 7532
7.39 7531
7.4 7530
7.4 7529
7.4 7528
7.4 7527
7.41 7526
7.41 7525
7.41 7524
7.42 7523
7.43 7522
7.43 7521
7.44 7520
7.44 7519
7.45 7518
7.46 7517
7.46 7516
7.48 7515
7.48 7514
7.5 7513
7.52 7512
7.57 7511
7.57 7510
7.58 7509
7.6 7508
7.6 7507
7.61 7506
7.63 7505
7.63 7504
7.64 7503
7.66 7502
7.69 7501
7.69 7500
7.69 7499
7.69 7498
7.69 7497
7.69 7496
7.69 7495
7.7 7494
7.7 7493
7.7 7492
7.7 7491
7.7 7490
7.71 7489
7.71 7488
7.71 7487
7.71 7486
7.71 7485
7.71 7484
7.71 7483
7.72 7482
7.72 7481
7.72 7480
7.72 7479
7.72 7478
7.72 7477
7.72 7476
7.73 7475
7.73 7474
7.73 7473
7.73 7472
7.73 7471
7.73 7470
7.73 7469
7.73 7468
7.73 7467
7.74 7466
7.74 7465
7.74 7464
7.74 7463
7.74 7462
7.74 7461
7.74 7460
7.75 7459
7.75 7458
7.75 7457
7.75 7456
7.76 7455
7.76 7454
7.76 7453
7.76 7452
7.77 7451
7.77 7450
7.77 7449
7.77 7448
7.77 7447
7.78 7446
7.78 7445
7.78 7444
7.78 7443
7.78 7442
7.78 7441
7.79 7440
7.79 7439
7.79 7438
7.79 7437
7.8 7436
7.8 7435
7.8 7434
7.8 7433
7.8 7432
7.81 7431
7.81 7430
7.81 7429
7.81 7428
7.81 7427
7.81 7426
7.82 7425
7.82 7424
7.82 7423
7.82 7422
7.82 7421
7.82 7420
7.82 7419
7.83 7418
7.83 7417
7.83 7416
7.83 7415
7.83 7414
7.83 7413
7.83 7412
7.84 7411
7.84 7410
7.84 7409
7.84 7408
7.84 7407
7.84 7406
7.84 7405
7.84 7404
7.84 7403
7.84 7402
7.84 7401
7.85 7400
7.85 7399
7.85 7398
7.85 7397
7.85 7396
7.85 7395
7.85 7394
7.85 7393
7.86 7392
7.86 7391
7.86 7390
7.86 7389
7.86 7388
7.86 7387
7.86 7386
7.86 7385
7.86 7384
7.87 7383
7.87 7382
7.87 7381
7.87 7380
7.87 7379
7.87 7378
7.87 7377
7.87 7376
7.87 7375
7.87 7374
7.88 7373
7.88 7372
7.88 7371
7.88 7370
7.88 7369
7.88 7368
7.88 7367
7.88 7366
7.89 7365
7.89 7364
7.89 7363
7.89 7362
7.89 7361
7.89 7360
7.89 7359
7.89 7358
7.9 7357
7.9 7356
7.9 7355
7.9 7354
7.9 7353
7.9 7352
7.9 7351
7.9 7350
7.9 7349
7.91 7348
7.91 7347
7.91 7346
7.91 7345
7.91 7344
7.91 7343
7.91 7342
7.91 7341
7.91 7340
7.92 7339
7.92 7338
7.92 7337
7.92 7336
7.92 7335
7.92 7334
7.92 7333
7.92 7332
7.92 7331
7.92 7330
7.93 7329
7.93 7328
7.93 7327
7.93 7326
7.93 7325
7.93 7324
7.93 7323
7.93 7322
7.94 7321
7.94 7320
7.94 7319
7.94 7318
7.94 7317
7.94 7316
7.94 7315
7.94 7314
7.95 7313
7.95 7312
7.95 7311
7.95 7310
7.95 7309
7.95 7308
7.95 7307
7.95 7306
7.95 7305
7.95 7304
7.96 7303
7.96 7302
7.96 7301
7.96 7300
7.96 7299
7.96 7298
7.96 7297
7.96 7296
7.96 7295
7.96 7294
7.97 7293
7.97 7292
7.97 7291
7.97 7290
7.97 7289
7.97 7288
7.97 7287
7.97 7286
7.97 7285
7.98 7284
7.98 7283
7.98 7282
7.98 7281
7.98 7280
7.98 7279
7.98 7278
7.98 7277
7.98 7276
7.99 7275
7.99 7274
7.99 7273
7.99 7272
7.99 7271
7.99 7270
7.99 7269
7.99 7268
7.99 7267
7.99 7266
8.0 7265
8.0 7264
8.0 7263
8.0 7262
8.0 7261
8.0 7260
8.0 7259
8.0 7258
8.01 7257
8.01 7256
8.01 7255
8.01 7254
8.01 7253
8.01 7252
8.01 7251
8.01 7250
8.02 7249
8.02 7248
8.02 7247
8.02 7246
8.02 7245
8.02 7244
8.02 7243
8.03 7242
8.03 7241
8.03 7240
8.03 7239
8.03 7238
8.03 7237
8.03 7236
8.03 7235
8.04 7234
8.04 7233
8.04 7232
8.04 7231
8.04 7230
8.05 7229
8.05 7228
8.05 7227
8.05 7226
8.05 7225
8.05 7224
8.05 7223
8.05 7222
8.06 7221
8.06 7220
8.06 7219
8.06 7218
8.06 7217
8.06 7216
8.06 7215
8.06 7214
8.07 7213
8.07 7212
8.07 7211
8.07 7210
8.07 7209
8.07 7208
8.07 7207
8.08 7206
8.08 7205
8.08 7204
8.08 7203
8.08 7202
8.09 7201
8.09 7200
8.09 7199
8.09 7198
8.09 7197
8.1 7196
8.1 7195
8.1 7194
8.1 7193
8.11 7192
8.11 7191
8.11 7190
8.12 7189
8.12 7188
8.12 7187
8.12 7186
8.12 7185
8.13 7184
8.13 7183
8.14 7182
8.14 7181
8.14 7180
8.14 7179
8.14 7178
8.14 7177
8.14 7176
8.15 7175
8.15 7174
8.15 7173
8.15 7172
8.15 7171
8.15 7170
8.16 7169
8.16 7168
8.16 7167
8.16 7166
8.16 7165
8.16 7164
8.16 7163
8.17 7162
8.17 7161
8.17 7160
8.17 7159
8.17 7158
8.17 7157
8.17 7156
8.17 7155
8.17 7154
8.18 7153
8.18 7152
8.18 7151
8.18 7150
8.18 7149
8.18 7148
8.19 7147
8.19 7146
8.19 7145
8.19 7144
8.19 7143
8.19 7142
8.19 7141
8.19 7140
8.2 7139
8.2 7138
8.2 7137
8.2 7136
8.2 7135
8.2 7134
8.2 7133
8.21 7132
8.21 7131
8.21 7130
8.21 7129
8.21 7128
8.21 7127
8.21 7126
8.21 7125
8.21 7124
8.21 7123
8.22 7122
8.22 7121
8.22 7120
8.22 7119
8.22 7118
8.22 7117
8.22 7116
8.22 7115
8.22 7114
8.23 7113
8.23 7112
8.23 7111
8.23 7110
8.23 7109
8.23 7108
8.23 7107
8.23 7106
8.24 7105
8.24 7104
8.24 7103
8.24 7102
8.24 7101
8.24 7100
8.24 7099
8.24 7098
8.24 7097
8.24 7096
8.24 7095
8.25 7094
8.25 7093
8.25 7092
8.25 7091
8.25 7090
8.25 7089
8.25 7088
8.26 7087
8.26 7086
8.26 7085
8.26 7084
8.26 7083
8.26 7082
8.27 7081
8.27 7080
8.27 7079
8.27 7078
8.27 7077
8.27 7076
8.27 7075
8.28 7074
8.28 7073
8.28 7072
8.28 7071
8.28 7070
8.28 7069
8.28 7068
8.28 7067
8.28 7066
8.29 7065
8.29 7064
8.29 7063
8.29 7062
8.29 7061
8.29 7060
8.29 7059
8.29 7058
8.3 7057
8.3 7056
8.3 7055
8.3 7054
8.3 7053
8.3 7052
8.3 7051
8.3 7050
8.3 7049
8.3 7048
8.31 7047
8.31 7046
8.31 7045
8.31 7044
8.31 7043
8.31 7042
8.32 7041
8.32 7040
8.32 7039
8.32 7038
8.32 7037
8.32 7036
8.32 7035
8.33 7034
8.33 7033
8.33 7032
8.33 7031
8.33 7030
8.33 7029
8.33 7028
8.34 7027
8.34 7026
8.34 7025
8.34 7024
8.34 7023
8.35 7022
8.35 7021
8.35 7020
8.35 7019
8.35 7018
8.35 7017
8.35 7016
8.35 7015
8.36 7014
8.36 7013
8.36 7012
8.36 7011
8.36 7010
8.36 7009
8.36 7008
8.36 7007
8.36 7006
8.37 7005
8.37 7004
8.37 7003
8.37 7002
8.37 7001
8.37 7000
8.37 6999
8.37 6998
8.37 6997
8.38 6996
8.38 6995
8.38 6994
8.38 6993
8.38 6992
8.38 6991
8.39 6990
8.39 6989
8.39 6988
8.39 6987
8.39 6986
8.39 6985
8.39 6984
8.39 6983
8.4 6982
8.4 6981
8.4 6980
8.4 6979
8.4 6978
8.4 6977
8.4 6976
8.4 6975
8.4 6974
8.4 6973
8.4 6972
8.41 6971
8.41 6970
8.41 6969
8.41 6968
8.41 6967
8.41 6966
8.41 6965
8.41 6964
8.41 6963
8.42 6962
8.42 6961
8.42 6960
8.42 6959
8.42 6958
8.42 6957
8.42 6956
8.42 6955
8.42 6954
8.42 6953
8.42 6952
8.43 6951
8.43 6950
8.43 6949
8.43 6948
8.43 6947
8.43 6946
8.43 6945
8.43 6944
8.43 6943
8.43 6942
8.44 6941
8.44 6940
8.44 6939
8.44 6938
8.44 6937
8.44 6936
8.44 6935
8.44 6934
8.44 6933
8.44 6932
8.44 6931
8.45 6930
8.45 6929
8.45 6928
8.45 6927
8.45 6926
8.45 6925
8.45 6924
8.45 6923
8.45 6922
8.45 6921
8.46 6920
8.46 6919
8.46 6918
8.46 6917
8.46 6916
8.46 6915
8.46 6914
8.46 6913
8.47 6912
8.47 6911
8.47 6910
8.47 6909
8.47 6908
8.47 6907
8.47 6906
8.47 6905
8.47 6904
8.47 6903
8.47 6902
8.48 6901
8.48 6900
8.48 6899
8.48 6898
8.48 6897
8.48 6896
8.48 6895
8.48 6894
8.48 6893
8.48 6892
8.48 6891
8.49 6890
8.49 6889
8.49 6888
8.49 6887
8.49 6886
8.49 6885
8.49 6884
8.49 6883
8.49 6882
8.5 6881
8.5 6880
8.5 6879
8.5 6878
8.5 6877
8.5 6876
8.5 6875
8.5 6874
8.5 6873
8.5 6872
8.51 6871
8.51 6870
8.51 6869
8.51 6868
8.51 6867
8.51 6866
8.52 6865
8.52 6864
8.52 6863
8.52 6862
8.52 6861
8.52 6860
8.52 6859
8.52 6858
8.52 6857
8.53 6856
8.53 6855
8.53 6854
8.53 6853
8.53 6852
8.53 6851
8.53 6850
8.53 6849
8.53 6848
8.54 6847
8.54 6846
8.54 6845
8.54 6844
8.54 6843
8.54 6842
8.54 6841
8.54 6840
8.54 6839
8.54 6838
8.55 6837
8.55 6836
8.55 6835
8.55 6834
8.55 6833
8.55 6832
8.55 6831
8.55 6830
8.55 6829
8.55 6828
8.56 6827
8.56 6826
8.56 6825
8.56 6824
8.56 6823
8.56 6822
8.56 6821
8.56 6820
8.56 6819
8.57 6818
8.57 6817
8.57 6816
8.57 6815
8.57 6814
8.57 6813
8.57 6812
8.58 6811
8.58 6810
8.58 6809
8.58 6808
8.58 6807
8.58 6806
8.58 6805
8.58 6804
8.58 6803
8.58 6802
8.58 6801
8.59 6800
8.59 6799
8.59 6798
8.59 6797
8.59 6796
8.59 6795
8.59 6794
8.59 6793
8.59 6792
8.59 6791
8.6 6790
8.6 6789
8.6 6788
8.6 6787
8.6 6786
8.6 6785
8.6 6784
8.6 6783
8.6 6782
8.6 6781
8.6 6780
8.61 6779
8.61 6778
8.61 6777
8.61 6776
8.61 6775
8.61 6774
8.61 6773
8.61 6772
8.61 6771
8.61 6770
8.62 6769
8.62 6768
8.62 6767
8.62 6766
8.62 6765
8.62 6764
8.62 6763
8.62 6762
8.62 6761
8.62 6760
8.63 6759
8.63 6758
8.63 6757
8.63 6756
8.63 6755
8.63 6754
8.63 6753
8.63 6752
8.63 6751
8.63 6750
8.64 6749
8.64 6748
8.64 6747
8.64 6746
8.64 6745
8.64 6744
8.64 6743
8.64 6742
8.64 6741
8.64 6740
8.65 6739
8.65 6738
8.65 6737
8.65 6736
8.65 6735
8.65 6734
8.65 6733
8.65 6732
8.65 6731
8.66 6730
8.66 6729
8.66 6728
8.66 6727
8.66 6726
8.66 6725
8.66 6724
8.66 6723
8.66 6722
8.66 6721
8.67 6720
8.67 6719
8.67 6718
8.67 6717
8.67 6716
8.67 6715
8.67 6714
8.67 6713
8.67 6712
8.67 6711
8.67 6710
8.67 6709
8.68 6708
8.68 6707
8.68 6706
8.68 6705
8.68 6704
8.68 6703
8.68 6702
8.68 6701
8.68 6700
8.68 6699
8.68 6698
8.69 6697
8.69 6696
8.69 6695
8.69 6694
8.69 6693
8.69 6692
8.69 6691
8.69 6690
8.69 6689
8.69 6688
8.69 6687
8.69 6686
8.7 6685
8.7 6684
8.7 6683
8.7 6682
8.7 6681
8.7 6680
8.7 6679
8.7 6678
8.7 6677
8.71 6676
8.71 6675
8.71 6674
8.71 6673
8.71 6672
8.71 6671
8.71 6670
8.71 6669
8.71 6668
8.71 6667
8.71 6666
8.72 6665
8.72 6664
8.72 6663
8.72 6662
8.72 6661
8.72 6660
8.72 6659
8.72 6658
8.72 6657
8.72 6656
8.73 6655
8.73 6654
8.73 6653
8.73 6652
8.73 6651
8.73 6650
8.73 6649
8.73 6648
8.73 6647
8.73 6646
8.73 6645
8.73 6644
8.74 6643
8.74 6642
8.74 6641
8.74 6640
8.74 6639
8.74 6638
8.74 6637
8.74 6636
8.74 6635
8.74 6634
8.75 6633
8.75 6632
8.75 6631
8.75 6630
8.75 6629
8.75 6628
8.75 6627
8.75 6626
8.75 6625
8.76 6624
8.76 6623
8.76 6622
8.76 6621
8.76 6620
8.76 6619
8.76 6618
8.76 6617
8.76 6616
8.77 6615
8.78 6614
8.78 6613
8.78 6612
8.79 6611
8.79 6610
8.79 6609
8.79 6608
8.8 6607
8.8 6606
8.81 6605
8.84 6604
8.84 6603
8.86 6602
8.86 6601
8.9 6600
8.91 6599
8.92 6598
8.94 6597
8.95 6596
8.96 6595
8.96 6594
9.04 6593
9.04 6592
9.04 6591
9.04 6590
9.04 6589
9.05 6588
9.05 6587
9.05 6586
9.05 6585
9.06 6584
9.06 6583
9.06 6582
9.06 6581
9.06 6580
9.06 6579
9.07 6578
9.07 6577
9.07 6576
9.08 6575
9.08 6574
9.08 6573
9.08 6572
9.08 6571
9.09 6570
9.09 6569
9.09 6568
9.09 6567
9.09 6566
9.09 6565
9.09 6564
9.09 6563
9.1 6562
9.1 6561
9.1 6560
9.1 6559
9.1 6558
9.1 6557
9.1 6556
9.1 6555
9.11 6554
9.11 6553
9.11 6552
9.11 6551
9.11 6550
9.12 6549
9.12 6548
9.12 6547
9.12 6546
9.12 6545
9.12 6544
9.12 6543
9.12 6542
9.13 6541
9.13 6540
9.13 6539
9.13 6538
9.13 6537
9.13 6536
9.13 6535
9.13 6534
9.13 6533
9.13 6532
9.13 6531
9.14 6530
9.14 6529
9.14 6528
9.14 6527
9.14 6526
9.14 6525
9.14 6524
9.14 6523
9.14 6522
9.14 6521
9.14 6520
9.14 6519
9.15 6518
9.15 6517
9.15 6516
9.15 6515
9.15 6514
9.15 6513
9.15 6512
9.16 6511
9.16 6510
9.16 6509
9.16 6508
9.16 6507
9.16 6506
9.16 6505
9.16 6504
9.17 6503
9.17 6502
9.17 6501
9.17 6500
9.17 6499
9.17 6498
9.17 6497
9.17 6496
9.18 6495
9.18 6494
9.18 6493
9.18 6492
9.18 6491
9.18 6490
9.18 6489
9.18 6488
9.18 6487
9.19 6486
9.19 6485
9.19 6484
9.19 6483
9.19 6482
9.19 6481
9.19 6480
9.19 6479
9.2 6478
9.2 6477
9.2 6476
9.2 6475
9.2 6474
9.2 6473
9.2 6472
9.2 6471
9.21 6470
9.21 6469
9.21 6468
9.21 6467
9.21 6466
9.21 6465
9.21 6464
9.21 6463
9.21 6462
9.21 6461
9.21 6460
9.21 6459
9.22 6458
9.22 6457
9.22 6456
9.22 6455
9.22 6454
9.22 6453
9.22 6452
9.22 6451
9.22 6450
9.22 6449
9.23 6448
9.23 6447
9.23 6446
9.23 6445
9.23 6444
9.23 6443
9.23 6442
9.23 6441
9.23 6440
9.24 6439
9.24 6438
9.24 6437
9.24 6436
9.24 6435
9.24 6434
9.24 6433
9.24 6432
9.24 6431
9.24 6430
9.24 6429
9.25 6428
9.25 6427
9.25 6426
9.25 6425
9.25 6424
9.25 6423
9.25 6422
9.25 6421
9.25 6420
9.25 6419
9.26 6418
9.26 6417
9.26 6416
9.26 6415
9.26 6414
9.26 6413
9.26 6412
9.27 6411
9.27 6410
9.27 6409
9.27 6408
9.27 6407
9.27 6406
9.27 6405
9.27 6404
9.27 6403
9.28 6402
9.28 6401
9.28 6400
9.28 6399
9.28 6398
9.28 6397
9.28 6396
9.28 6395
9.28 6394
9.28 6393
9.29 6392
9.29 6391
9.29 6390
9.29 6389
9.29 6388
9.29 6387
9.29 6386
9.29 6385
9.3 6384
9.3 6383
9.3 6382
9.3 6381
9.3 6380
9.3 6379
9.3 6378
9.3 6377
9.31 6376
9.31 6375
9.31 6374
9.31 6373
9.31 6372
9.31 6371
9.31 6370
9.31 6369
9.31 6368
9.32 6367
9.32 6366
9.32 6365
9.32 6364
9.32 6363
9.32 6362
9.32 6361
9.33 6360
9.33 6359
9.33 6358
9.33 6357
9.33 6356
9.33 6355
9.33 6354
9.33 6353
9.34 6352
9.34 6351
9.34 6350
9.34 6349
9.34 6348
9.34 6347
9.34 6346
9.34 6345
9.34 6344
9.35 6343
9.35 6342
9.35 6341
9.35 6340
9.35 6339
9.35 6338
9.35 6337
9.36 6336
9.36 6335
9.36 6334
9.36 6333
9.36 6332
9.36 6331
9.36 6330
9.36 6329
9.36 6328
9.37 6327
9.37 6326
9.37 6325
9.37 6324
9.37 6323
9.37 6322
9.37 6321
9.37 6320
9.37 6319
9.38 6318
9.38 6317
9.38 6316
9.38 6315
9.38 6314
9.38 6313
9.38 6312
9.38 6311
9.39 6310
9.39 6309
9.39 6308
9.39 6307
9.39 6306
9.39 6305
9.39 6304
9.39 6303
9.4 6302
9.4 6301
9.4 6300
9.4 6299
9.4 6298
9.4 6297
9.4 6296
9.4 6295
9.4 6294
9.41 6293
9.41 6292
9.41 6291
9.41 6290
9.41 6289
9.41 6288
9.41 6287
9.41 6286
9.42 6285
9.42 6284
9.42 6283
9.42 6282
9.42 6281
9.42 6280
9.42 6279
9.42 6278
9.42 6277
9.42 6276
9.42 6275
9.43 6274
9.43 6273
9.43 6272
9.43 6271
9.43 6270
9.43 6269
9.43 6268
9.43 6267
9.43 6266
9.43 6265
9.43 6264
9.44 6263
9.44 6262
9.44 6261
9.44 6260
9.44 6259
9.44 6258
9.44 6257
9.44 6256
9.45 6255
9.45 6254
9.45 6253
9.45 6252
9.45 6251
9.45 6250
9.45 6249
9.45 6248
9.45 6247
9.45 6246
9.45 6245
9.46 6244
9.46 6243
9.46 6242
9.46 6241
9.46 6240
9.46 6239
9.46 6238
9.46 6237
9.46 6236
9.46 6235
9.46 6234
9.47 6233
9.47 6232
9.47 6231
9.47 6230
9.47 6229
9.47 6228
9.47 6227
9.48 6226
9.48 6225
9.48 6224
9.48 6223
9.48 6222
9.48 6221
9.48 6220
9.48 6219
9.48 6218
9.48 6217
9.48 6216
9.49 6215
9.49 6214
9.49 6213
9.49 6212
9.49 6211
9.49 6210
9.49 6209
9.49 6208
9.5 6207
9.5 6206
9.5 6205
9.5 6204
9.5 6203
9.5 6202
9.5 6201
9.51 6200
9.51 6199
9.51 6198
9.51 6197
9.51 6196
9.51 6195
9.51 6194
9.51 6193
9.52 6192
9.52 6191
9.52 6190
9.52 6189
9.52 6188
9.52 6187
9.52 6186
9.52 6185
9.53 6184
9.53 6183
9.53 6182
9.53 6181
9.53 6180
9.53 6179
9.53 6178
9.54 6177
9.54 6176
9.54 6175
9.54 6174
9.54 6173
9.54 6172
9.54 6171
9.54 6170
9.54 6169
9.54 6168
9.54 6167
9.55 6166
9.55 6165
9.55 6164
9.55 6163
9.55 6162
9.55 6161
9.55 6160
9.55 6159
9.55 6158
9.55 6157
9.55 6156
9.55 6155
9.56 6154
9.56 6153
9.56 6152
9.56 6151
9.56 6150
9.56 6149
9.56 6148
9.56 6147
9.56 6146
9.57 6145
9.57 6144
9.57 6143
9.57 6142
9.57 6141
9.57 6140
9.57 6139
9.57 6138
9.57 6137
9.57 6136
9.57 6135
9.58 6134
9.58 6133
9.58 6132
9.58 6131
9.58 6130
9.58 6129
9.58 6128
9.58 6127
9.58 6126
9.58 6125
9.58 6124
9.59 6123
9.59 6122
9.59 6121
9.59 6120
9.59 6119
9.59 6118
9.59 6117
9.59 6116
9.59 6115
9.59 6114
9.59 6113
9.59 6112
9.6 6111
9.6 6110
9.6 6109
9.6 6108
9.6 6107
9.6 6106
9.6 6105
9.6 6104
9.6 6103
9.61 6102
9.61 6101
9.61 6100
9.61 6099
9.61 6098
9.61 6097
9.61 6096
9.62 6095
9.62 6094
9.62 6093
9.62 6092
9.62 6091
9.62 6090
9.62 6089
9.63 6088
9.63 6087
9.63 6086
9.63 6085
9.63 6084
9.63 6083
9.63 6082
9.63 6081
9.63 6080
9.63 6079
9.64 6078
9.64 6077
9.64 6076
9.64 6075
9.64 6074
9.64 6073
9.64 6072
9.64 6071
9.65 6070
9.65 6069
9.65 6068
9.65 6067
9.65 6066
9.65 6065
9.65 6064
9.65 6063
9.65 6062
9.65 6061
9.66 6060
9.66 6059
9.66 6058
9.66 6057
9.66 6056
9.66 6055
9.66 6054
9.66 6053
9.67 6052
9.67 6051
9.67 6050
9.67 6049
9.67 6048
9.67 6047
9.67 6046
9.68 6045
9.68 6044
9.68 6043
9.68 6042
9.68 6041
9.68 6040
9.68 6039
9.68 6038
9.68 6037
9.68 6036
9.69 6035
9.69 6034
9.69 6033
9.69 6032
9.69 6031
9.69 6030
9.69 6029
9.69 6028
9.7 6027
9.7 6026
9.7 6025
9.7 6024
9.7 6023
9.7 6022
9.7 6021
9.7 6020
9.7 6019
9.7 6018
9.71 6017
9.71 6016
9.71 6015
9.71 6014
9.71 6013
9.71 6012
9.71 6011
9.71 6010
9.72 6009
9.72 6008
9.72 6007
9.72 6006
9.72 6005
9.72 6004
9.72 6003
9.72 6002
9.72 6001
9.73 6000
9.73 5999
9.73 5998
9.73 5997
9.73 5996
9.73 5995
9.73 5994
9.73 5993
9.73 5992
9.73 5991
9.74 5990
9.74 5989
9.74 5988
9.74 5987
9.74 5986
9.74 5985
9.74 5984
9.74 5983
9.74 5982
9.74 5981
9.75 5980
9.75 5979
9.75 5978
9.75 5977
9.75 5976
9.75 5975
9.75 5974
9.75 5973
9.76 5972
9.76 5971
9.76 5970
9.76 5969
9.76 5968
9.76 5967
9.76 5966
9.76 5965
9.76 5964
9.76 5963
9.77 5962
9.77 5961
9.77 5960
9.77 5959
9.77 5958
9.77 5957
9.77 5956
9.77 5955
9.78 5954
9.78 5953
9.81 5952
9.85 5951
9.93 5950
9.99 5949
9.99 5948
9.99 5947
9.99 5946
9.99 5945
9.99 5944
10.0 5943
10.0 5942
10.0 5941
10.01 5940
10.01 5939
10.01 5938
10.02 5937
10.02 5936
10.02 5935
10.02 5934
10.03 5933
10.03 5932
10.03 5931
10.03 5930
10.03 5929
10.03 5928
10.03 5927
10.04 5926
10.04 5925
10.04 5924
10.04 5923
10.04 5922
10.04 5921
10.04 5920
10.04 5919
10.04 5918
10.04 5917
10.04 5916
10.05 5915
10.05 5914
10.05 5913
10.05 5912
10.05 5911
10.05 5910
10.05 5909
10.05 5908
10.06 5907
10.06 5906
10.06 5905
10.06 5904
10.06 5903
10.06 5902
10.06 5901
10.06 5900
10.06 5899
10.06 5898
10.06 5897
10.07 5896
10.07 5895
10.07 5894
10.07 5893
10.07 5892
10.07 5891
10.07 5890
10.07 5889
10.07 5888
10.08 5887
10.08 5886
10.08 5885
10.08 5884
10.08 5883
10.08 5882
10.09 5881
10.09 5880
10.09 5879
10.09 5878
10.09 5877
10.09 5876
10.09 5875
10.09 5874
10.09 5873
10.09 5872
10.1 5871
10.1 5870
10.1 5869
10.1 5868
10.1 5867
10.1 5866
10.1 5865
10.1 5864
10.1 5863
10.11 5862
10.11 5861
10.11 5860
10.11 5859
10.11 5858
10.11 5857
10.11 5856
10.11 5855
10.11 5854
10.11 5853
10.12 5852
10.12 5851
10.12 5850
10.12 5849
10.12 5848
10.12 5847
10.12 5846
10.12 5845
10.12 5844
10.13 5843
10.13 5842
10.13 5841
10.13 5840
10.13 5839
10.13 5838
10.13 5837
10.13 5836
10.14 5835
10.14 5834
10.14 5833
10.14 5832
10.14 5831
10.14 5830
10.14 5829
10.15 5828
10.15 5827
10.15 5826
10.15 5825
10.15 5824
10.15 5823
10.15 5822
10.15 5821
10.16 5820
10.16 5819
10.16 5818
10.16 5817
10.16 5816
10.16 5815
10.16 5814
10.16 5813
10.16 5812
10.16 5811
10.17 5810
10.17 5809
10.17 5808
10.17 5807
10.17 5806
10.17 5805
10.17 5804
10.17 5803
10.18 5802
10.18 5801
10.18 5800
10.18 5799
10.18 5798
10.18 5797
10.18 5796
10.18 5795
10.18 5794
10.18 5793
10.19 5792
10.19 5791
10.19 5790
10.19 5789
10.19 5788
10.19 5787
10.19 5786
10.19 5785
10.2 5784
10.2 5783
10.2 5782
10.2 5781
10.2 5780
10.2 5779
10.2 5778
10.2 5777
10.2 5776
10.21 5775
10.21 5774
10.21 5773
10.21 5772
10.21 5771
10.21 5770
10.21 5769
10.21 5768
10.22 5767
10.22 5766
10.22 5765
10.22 5764
10.22 5763
10.22 5762
10.22 5761
10.22 5760
10.22 5759
10.22 5758
10.22 5757
10.23 5756
10.23 5755
10.23 5754
10.23 5753
10.23 5752
10.23 5751
10.23 5750
10.23 5749
10.23 5748
10.23 5747
10.24 5746
10.24 5745
10.24 5744
10.24 5743
10.24 5742
10.25 5741
10.25 5740
10.25 5739
10.25 5738
10.25 5737
10.25 5736
10.25 5735
10.26 5734
10.26 5733
10.26 5732
10.26 5731
10.26 5730
10.26 5729
10.26 5728
10.26 5727
10.27 5726
10.27 5725
10.27 5724
10.27 5723
10.27 5722
10.27 5721
10.28 5720
10.28 5719
10.28 5718
10.28 5717
10.28 5716
10.28 5715
10.29 5714
10.29 5713
10.29 5712
10.29 5711
10.29 5710
10.29 5709
10.29 5708
10.29 5707
10.29 5706
10.29 5705
10.29 5704
10.29 5703
10.3 5702
10.3 5701
10.3 5700
10.3 5699
10.3 5698
10.3 5697
10.3 5696
10.3 5695
10.3 5694
10.3 5693
10.31 5692
10.31 5691
10.31 5690
10.31 5689
10.31 5688
10.31 5687
10.31 5686
10.31 5685
10.31 5684
10.31 5683
10.31 5682
10.31 5681
10.32 5680
10.32 5679
10.32 5678
10.32 5677
10.32 5676
10.32 5675
10.32 5674
10.32 5673
10.32 5672
10.32 5671
10.32 5670
10.32 5669
10.33 5668
10.33 5667
10.33 5666
10.33 5665
10.33 5664
10.33 5663
10.33 5662
10.33 5661
10.33 5660
10.33 5659
10.34 5658
10.34 5657
10.34 5656
10.34 5655
10.34 5654
10.34 5653
10.34 5652
10.35 5651
10.35 5650
10.35 5649
10.35 5648
10.35 5647
10.35 5646
10.35 5645
10.35 5644
10.35 5643
10.35 5642
10.35 5641
10.35 5640
10.35 5639
10.36 5638
10.36 5637
10.36 5636
10.36 5635
10.36 5634
10.36 5633
10.36 5632
10.36 5631
10.36 5630
10.36 5629
10.37 5628
10.37 5627
10.37 5626
10.37 5625
10.37 5624
10.38 5623
10.38 5622
10.38 5621
10.38 5620
10.38 5619
10.38 5618
10.38 5617
10.38 5616
10.38 5615
10.38 5614
10.39 5613
10.39 5612
10.39 5611
10.39 5610
10.39 5609
10.39 5608
10.39 5607
10.39 5606
10.39 5605
10.39 5604
10.39 5603
10.4 5602
10.4 5601
10.4 5600
10.4 5599
10.4 5598
10.4 5597
10.4 5596
10.41 5595
10.41 5594
10.41 5593
10.41 5592
10.41 5591
10.41 5590
10.41 5589
10.41 5588
10.41 5587
10.41 5586
10.41 5585
10.42 5584
10.42 5583
10.42 5582
10.42 5581
10.42 5580
10.42 5579
10.42 5578
10.42 5577
10.42 5576
10.43 5575
10.43 5574
10.43 5573
10.43 5572
10.43 5571
10.43 5570
10.43 5569
10.43 5568
10.43 5567
10.44 5566
10.44 5565
10.44 5564
10.44 5563
10.44 5562
10.44 5561
10.44 5560
10.44 5559
10.44 5558
10.45 5557
10.45 5556
10.45 5555
10.45 5554
10.45 5553
10.45 5552
10.45 5551
10.46 5550
10.46 5549
10.46 5548
10.46 5547
10.46 5546
10.46 5545
10.47 5544
10.47 5543
10.47 5542
10.47 5541
10.47 5540
10.47 5539
10.47 5538
10.48 5537
10.48 5536
10.48 5535
10.48 5534
10.48 5533
10.48 5532
10.48 5531
10.48 5530
10.48 5529
10.48 5528
10.48 5527
10.49 5526
10.49 5525
10.49 5524
10.49 5523
10.49 5522
10.49 5521
10.49 5520
10.49 5519
10.49 5518
10.49 5517
10.49 5516
10.5 5515
10.5 5514
10.5 5513
10.5 5512
10.5 5511
10.5 5510
10.5 5509
10.5 5508
10.5 5507
10.5 5506
10.51 5505
10.51 5504
10.51 5503
10.51 5502
10.51 5501
10.51 5500
10.52 5499
10.52 5498
10.52 5497
10.53 5496
10.54 5495
10.55 5494
10.57 5493
10.6 5492
10.63 5491
10.66 5490
10.69 5489
10.69 5488
10.69 5487
10.69 5486
10.7 5485
10.7 5484
10.71 5483
10.71 5482
10.71 5481
10.71 5480
10.71 5479
10.71 5478
10.71 5477
10.71 5476
10.72 5475
10.72 5474
10.72 5473
10.72 5472
10.72 5471
10.72 5470
10.72 5469
10.72 5468
10.72 5467
10.73 5466
10.73 5465
10.73 5464
10.73 5463
10.73 5462
10.73 5461
10.73 5460
10.73 5459
10.73 5458
10.74 5457
10.74 5456
10.74 5455
10.74 5454
10.74 5453
10.74 5452
10.74 5451
10.74 5450
10.74 5449
10.75 5448
10.75 5447
10.75 5446
10.75 5445
10.75 5444
10.75 5443
10.75 5442
10.76 5441
10.76 5440
10.76 5439
10.76 5438
10.76 5437
10.76 5436
10.76 5435
10.77 5434
10.77 5433
10.77 5432
10.77 5431
10.77 5430
10.77 5429
10.77 5428
10.77 5427
10.78 5426
10.78 5425
10.78 5424
10.78 5423
10.79 5422
10.79 5421
10.79 5420
10.79 5419
10.79 5418
10.79 5417
10.79 5416
10.79 5415
10.79 5414
10.8 5413
10.8 5412
10.8 5411
10.8 5410
10.8 5409
10.8 5408
10.8 5407
10.8 5406
10.81 5405
10.81 5404
10.81 5403
10.81 5402
10.81 5401
10.81 5400
10.81 5399
10.82 5398
10.82 5397
10.82 5396
10.82 5395
10.82 5394
10.82 5393
10.83 5392
10.83 5391
10.83 5390
10.83 5389
10.83 5388
10.83 5387
10.83 5386
10.83 5385
10.83 5384
10.84 5383
10.84 5382
10.84 5381
10.84 5380
10.84 5379
10.84 5378
10.84 5377
10.84 5376
10.85 5375
10.85 5374
10.85 5373
10.85 5372
10.85 5371
10.85 5370
10.85 5369
10.85 5368
10.86 5367
10.86 5366
10.86 5365
10.86 5364
10.86 5363
10.86 5362
10.86 5361
10.87 5360
10.87 5359
10.87 5358
10.87 5357
10.87 5356
10.88 5355
10.88 5354
10.88 5353
10.88 5352
10.88 5351
10.88 5350
10.88 5349
10.88 5348
10.89 5347
10.89 5346
10.89 5345
10.89 5344
10.89 5343
10.89 5342
10.89 5341
10.89 5340
10.89 5339
10.9 5338
10.9 5337
10.9 5336
10.9 5335
10.9 5334
10.9 5333
10.9 5332
10.9 5331
10.91 5330
10.91 5329
10.91 5328
10.91 5327
10.91 5326
10.91 5325
10.91 5324
10.91 5323
10.92 5322
10.92 5321
10.92 5320
10.92 5319
10.92 5318
10.92 5317
10.92 5316
10.92 5315
10.93 5314
10.93 5313
10.93 5312
10.93 5311
10.93 5310
10.93 5309
10.93 5308
10.93 5307
10.93 5306
10.93 5305
10.94 5304
10.94 5303
10.94 5302
10.94 5301
10.94 5300
10.94 5299
10.94 5298
10.94 5297
10.94 5296
10.95 5295
10.95 5294
10.95 5293
10.95 5292
10.95 5291
10.95 5290
10.95 5289
10.96 5288
10.96 5287
10.96 5286
10.96 5285
10.96 5284
10.96 5283
10.96 5282
10.97 5281
10.97 5280
10.97 5279
10.97 5278
10.97 5277
10.97 5276
10.97 5275
10.97 5274
10.97 5273
10.98 5272
10.98 5271
10.98 5270
10.98 5269
10.98 5268
10.99 5267
10.99 5266
10.99 5265
10.99 5264
10.99 5263
10.99 5262
10.99 5261
10.99 5260
11.0 5259
11.0 5258
11.0 5257
11.0 5256
11.0 5255
11.0 5254
11.0 5253
11.01 5252
11.01 5251
11.01 5250
11.01 5249
11.01 5248
11.01 5247
11.02 5246
11.02 5245
11.02 5244
11.02 5243
11.02 5242
11.02 5241
11.02 5240
11.02 5239
11.03 5238
11.03 5237
11.03 5236
11.03 5235
11.03 5234
11.03 5233
11.04 5232
11.04 5231
11.04 5230
11.04 5229
11.04 5228
11.04 5227
11.04 5226
11.05 5225
11.05 5224
11.05 5223
11.05 5222
11.05 5221
11.06 5220
11.06 5219
11.06 5218
11.06 5217
11.06 5216
11.06 5215
11.06 5214
11.06 5213
11.07 5212
11.07 5211
11.07 5210
11.07 5209
11.07 5208
11.07 5207
11.07 5206
11.07 5205
11.08 5204
11.08 5203
11.08 5202
11.1 5201
11.14 5200
11.16 5199
11.21 5198
11.21 5197
11.21 5196
11.22 5195
11.22 5194
11.22 5193
11.22 5192
11.22 5191
11.22 5190
11.22 5189
11.23 5188
11.23 5187
11.23 5186
11.24 5185
11.24 5184
11.24 5183
11.24 5182
11.25 5181
11.25 5180
11.26 5179
11.26 5178
11.26 5177
11.27 5176
11.27 5175
11.27 5174
11.27 5173
11.27 5172
11.28 5171
11.28 5170
11.28 5169
11.28 5168
11.28 5167
11.29 5166
11.29 5165
11.29 5164
11.29 5163
11.29 5162
11.29 5161
11.29 5160
11.29 5159
11.3 5158
11.3 5157
11.3 5156
11.3 5155
11.3 5154
11.3 5153
11.31 5152
11.31 5151
11.31 5150
11.31 5149
11.31 5148
11.31 5147
11.32 5146
11.32 5145
11.32 5144
11.32 5143
11.32 5142
11.33 5141
11.33 5140
11.33 5139
11.33 5138
11.33 5137
11.33 5136
11.33 5135
11.33 5134
11.34 5133
11.34 5132
11.34 5131
11.34 5130
11.34 5129
11.34 5128
11.35 5127
11.35 5126
11.35 5125
11.35 5124
11.35 5123
11.35 5122
11.35 5121
11.36 5120
11.36 5119
11.36 5118
11.36 5117
11.36 5116
11.36 5115
11.36 5114
11.37 5113
11.37 5112
11.37 5111
11.37 5110
11.38 5109
11.38 5108
11.38 5107
11.38 5106
11.38 5105
11.38 5104
11.38 5103
11.38 5102
11.39 5101
11.39 5100
11.39 5099
11.39 5098
11.39 5097
11.39 5096
11.39 5095
11.39 5094
11.39 5093
11.39 5092
11.39 5091
11.4 5090
11.4 5089
11.4 5088
11.4 5087
11.4 5086
11.4 5085
11.4 5084
11.41 5083
11.41 5082
11.41 5081
11.41 5080
11.41 5079
11.41 5078
11.41 5077
11.41 5076
11.41 5075
11.41 5074
11.42 5073
11.42 5072
11.42 5071
11.42 5070
11.42 5069
11.42 5068
11.42 5067
11.42 5066
11.43 5065
11.43 5064
11.43 5063
11.43 5062
11.43 5061
11.43 5060
11.43 5059
11.43 5058
11.43 5057
11.44 5056
11.44 5055
11.44 5054
11.44 5053
11.44 5052
11.44 5051
11.44 5050
11.44 5049
11.45 5048
11.45 5047
11.45 5046
11.45 5045
11.45 5044
11.49 5043
11.52 5042
11.53 5041
11.59 5040
11.59 5039
11.59 5038
11.59 5037
11.6 5036
11.6 5035
11.6 5034
11.6 5033
11.6 5032
11.6 5031
11.6 5030
11.6 5029
11.61 5028
11.61 5027
11.61 5026
11.61 5025
11.61 5024
11.62 5023
11.62 5022
11.62 5021
11.62 5020
11.62 5019
11.62 5018
11.63 5017
11.63 5016
11.63 5015
11.63 5014
11.64 5013
11.64 5012
11.64 5011
11.64 5010
11.64 5009
11.64 5008
11.64 5007
11.64 5006
11.64 5005
11.64 5004
11.64 5003
11.64 5002
11.64 5001
11.65 5000
11.65 4999
11.65 4998
11.65 4997
11.65 4996
11.65 4995
11.65 4994
11.66 4993
11.66 4992
11.66 4991
11.66 4990
11.66 4989
11.66 4988
11.67 4987
11.67 4986
11.67 4985
11.67 4984
11.67 4983
11.67 4982
11.67 4981
11.67 4980
11.67 4979
11.68 4978
11.68 4977
11.68 4976
11.68 4975
11.68 4974
11.69 4973
11.69 4972
11.69 4971
11.69 4970
11.69 4969
11.69 4968
11.7 4967
11.7 4966
11.7 4965
11.7 4964
11.7 4963
11.7 4962
11.7 4961
11.7 4960
11.7 4959
11.71 4958
11.71 4957
11.71 4956
11.71 4955
11.71 4954
11.71 4953
11.71 4952
11.71 4951
11.72 4950
11.72 4949
11.72 4948
11.72 4947
11.72 4946
11.72 4945
11.73 4944
11.73 4943
11.73 4942
11.73 4941
11.74 4940
11.74 4939
11.78 4938
11.78 4937
11.79 4936
11.79 4935
11.8 4934
11.84 4933
11.84 4932
11.84 4931
11.85 4930
11.85 4929
11.85 4928
11.85 4927
11.85 4926
11.85 4925
11.85 4924
11.86 4923
11.86 4922
11.86 4921
11.86 4920
11.86 4919
11.87 4918
11.87 4917
11.87 4916
11.87 4915
11.87 4914
11.87 4913
11.87 4912
11.88 4911
11.88 4910
11.89 4909
11.89 4908
11.89 4907
11.9 4906
11.9 4905
11.9 4904
11.9 4903
11.9 4902
11.91 4901
11.92 4900
12.0 4899
12.0 4898
12.01 4897
12.01 4896
12.01 4895
12.01 4894
12.01 4893
12.02 4892
12.02 4891
12.02 4890
12.02 4889
12.02 4888
12.02 4887
12.03 4886
12.03 4885
12.03 4884
12.03 4883
12.04 4882
12.04 4881
12.05 4880
12.1 4879
12.12 4878
12.12 4877
12.12 4876
12.13 4875
12.13 4874
12.14 4873
12.15 4872
12.19 4871
12.19 4870
12.19 4869
12.23 4868
12.25 4867
12.26 4866
12.27 4865
12.32 4864
12.34 4863
12.37 4862
12.41 4861
12.41 4860
12.49 4859
12.49 4858
