9.45 7373
15.17 7372
15.18 7371
15.19 7370
15.2 7369
15.36 7368
15.37 7367
15.44 7366
15.54 7365
15.72 7364
15.72 7363
15.73 7362
15.74 7361
15.74 7360
16.53 7359
16.53 7358
16.54 7357
16.59 7356
16.62 7355
16.62 7354
16.62 7353
16.62 7352
16.64 7351
16.64 7350
16.64 7349
16.71 7348
16.71 7347
16.71 7346
16.74 7345
16.74 7344
16.75 7343
16.75 7342
16.8 7341
16.85 7340
16.85 7339
16.86 7338
16.87 7337
16.87 7336
16.88 7335
17.2 7334
17.28 7333
17.3 7332
17.3 7331
17.31 7330
17.32 7329
21.89 7328
21.89 7327
21.91 7326
21.93 7325
22.03 7324
24.87 7323
24.87 7322
25.01 7321
25.53 7320
25.6 7319
25.6 7318
25.62 7317
25.74 7316
25.74 7315
25.74 7314
25.76 7313
25.95 7312
26.17 7311
26.32 7310
27.0 7309
27.0 7308
27.0 7307
27.0 7306
27.0 7305
27.0 7304
27.0 7303
27.0 7302
27.03 7301
27.03 7300
27.09 7299
27.09 7298
27.09 7297
27.14 7296
27.24 7295
27.24 7294
27.27 7293
27.47 7292
27.48 7291
27.59 7290
27.59 7289
27.59 7288
27.59 7287
27.61 7286
27.92 7285
27.97 7284
27.97 7283
27.97 7282
27.97 7281
28.16 7280
28.17 7279
28.19 7278
28.19 7277
28.2 7276
28.27 7275
28.27 7274
28.28 7273
28.5 7272
29.04 7271
29.57 7270
29.57 7269
29.62 7268
29.62 7267
29.88 7266
29.88 7265
29.92 7264
29.94 7263
29.94 7262
30.18 7261
30.18 7260
30.86 7259
30.89 7258
30.9 7257
30.9 7256
30.9 7255
30.91 7254
31.25 7253
31.48 7252
31.54 7251
31.54 7250
31.59 7249
33.16 7248
33.16 7247
33.23 7246
33.44 7245
33.44 7244
33.45 7243
35.03 7242
35.03 7241
35.05 7240
35.08 7239
35.1 7238
35.42 7237
36.23 7236
36.23 7235
36.23 7234
36.23 7233
36.23 7232
36.23 7231
36.23 7230
36.23 7229
36.23 7228
36.23 7227
37.98 7226
38.01 7225
38.44 7224
39.22 7223
39.22 7222
40.63 7221
40.63 7220
40.99 7219
42.14 7218
42.15 7217
42.16 7216
42.36 7215
43.29 7214
48.03 7213
48.03 7212
48.03 7211
48.03 7210
48.03 7209
48.42 7208
49.49 7207
49.5 7206
50.08 7205
50.08 7204
53.32 7203
53.32 7202
56.32 7201
56.32 7200
56.32 7199
56.32 7198
56.32 7197
56.32 7196
56.32 7195
56.32 7194
56.32 7193
56.32 7192
56.32 7191
56.32 7190
56.32 7189
56.33 7188
56.33 7187
56.33 7186
56.37 7185
56.37 7184
56.38 7183
57.62 7182
57.63 7181
57.65 7180
57.71 7179
57.74 7178
57.74 7177
57.99 7176
58.18 7175
58.18 7174
58.22 7173
58.23 7172
58.31 7171
58.6 7170
61.19 7169
61.19 7168
63.37 7167
64.94 7166
65.22 7165
65.22 7164
68.29 7163
68.29 7162
68.41 7161
70.05 7160
71.5 7159
72.39 7158
72.6 7157
73.17 7156
73.21 7155
75.18 7154
75.77 7153
79.97 7152
80.24 7151
81.95 7150
81.95 7149
83.95 7148
84.52 7147
85.23 7146
85.85 7145
86.52 7144
91.07 7143
97.65 7142
99.28 7141
105.47 7140
106.19 7139
106.19 7138
106.29 7137
106.75 7136
106.95 7135
106.96 7134
106.96 7133
106.99 7132
107.25 7131
107.26 7130
115.67 7129
117.08 7128
117.11 7127
117.11 7126
122.66 7125
122.66 7124
124.34 7123
127.99 7122
128.04 7121
134.32 7120
146.51 7119
146.51 7118
147.0 7117
151.45 7116
151.45 7115
154.02 7114
154.88 7113
158.52 7112
160.96 7111
166.22 7110
169.63 7109
169.96 7108
189.78 7107
190.08 7106
191.66 7105
202.5 7104
203.12 7103
204.47 7102
205.93 7101
215.32 7100
215.81 7099
216.03 7098
216.03 7097
216.06 7096
216.06 7095
216.06 7094
232.63 7093
235.92 7092
236.21 7091
236.35 7090
248.61 7089
275.11 7088
275.17 7087
275.17 7086
277.15 7085
277.62 7084
277.91 7083
281.13 7082
283.79 7081
284.38 7080
293.46 7079
297.91 7078
302.19 7077
302.27 7076
303.53 7075
313.47 7074
331.41 7073
331.92 7072
337.66 7071
353.85 7070
355.15 7069
367.14 7068
383.25 7067
383.43 7066
383.68 7065
391.47 7064
404.47 7063
413.75 7062
478.9 7061
515.27 7060
515.36 7059
519.56 7058
519.79 7057
572.69 7056
572.83 7055
572.83 7054
584.94 7053
