0.02 2
0.03 3
0.04 4
0.06 5
0.07 6
0.08 7
0.09 8
0.11 9
0.12 10
0.13 11
0.14 12
0.15 13
0.17 14
0.18 15
0.19 16
0.2 17
0.21 18
0.22 19
0.23 20
0.24 21
0.25 22
0.26 23
0.27 24
0.29 25
0.3 26
0.31 27
0.32 28
0.33 29
0.34 30
0.35 31
0.36 32
0.37 33
0.38 34
0.39 35
0.4 36
0.41 37
0.42 38
0.43 39
0.44 40
0.45 41
0.46 42
0.47 43
0.48 44
0.49 45
0.5 46
0.5 47
0.51 48
0.52 49
0.53 50
0.54 51
0.54 52
0.54 53
0.54 54
0.54 55
0.55 56
0.55 57
0.55 58
0.55 59
0.55 60
0.56 61
0.56 62
0.56 63
0.56 64
0.56 65
0.57 66
0.57 67
0.57 68
0.57 69
0.57 70
0.57 71
0.58 72
0.58 73
0.58 74
0.58 75
0.58 76
0.59 77
0.59 78
0.59 79
0.59 80
0.59 81
0.6 82
0.6 83
0.6 84
0.6 85
0.6 86
0.61 87
0.61 88
0.61 89
0.61 90
0.61 91
0.62 92
0.62 93
0.62 94
0.62 95
0.62 96
0.63 97
0.63 98
0.63 99
0.64 100
0.64 101
0.64 102
0.64 103
0.65 104
0.65 105
0.65 106
0.65 107
0.66 108
0.66 109
0.66 110
0.66 111
0.67 112
0.67 113
0.67 114
0.68 115
0.68 116
0.68 117
0.68 118
0.68 119
0.69 120
0.69 121
0.69 122
0.69 123
0.69 124
0.7 125
0.7 126
0.7 127
0.7 128
0.7 129
0.71 130
0.71 131
0.71 132
0.71 133
0.71 134
0.71 135
0.72 136
0.72 137
0.72 138
0.72 139
0.72 140
0.73 141
0.73 142
0.73 143
0.73 144
0.73 145
0.74 146
0.74 147
0.74 148
0.74 149
0.74 150
0.75 151
0.75 152
0.75 153
0.75 154
0.75 155
0.76 156
0.76 157
0.76 158
0.76 159
0.76 160
0.77 161
0.77 162
0.77 163
0.77 164
0.77 165
0.78 166
0.78 167
0.78 168
0.78 169
0.78 170
0.78 171
0.79 172
0.79 173
0.79 174
0.79 175
0.79 176
0.8 177
0.8 178
0.8 179
0.8 180
0.8 181
0.81 182
0.81 183
0.81 184
0.81 185
0.81 186
0.82 187
0.82 188
0.82 189
0.82 190
0.82 191
0.83 192
0.83 193
0.83 194
0.83 195
0.83 196
0.84 197
0.84 198
0.84 199
0.84 200
0.84 201
0.85 202
0.85 203
0.85 204
0.85 205
0.85 206
0.86 207
0.86 208
0.86 209
0.86 210
0.86 211
0.87 212
0.87 213
0.87 214
0.87 215
0.88 216
0.88 217
0.88 218
0.88 219
0.89 220
0.89 221
0.89 222
0.89 223
0.9 224
0.9 225
0.9 226
0.9 227
0.9 228
0.91 229
0.91 230
0.91 231
0.91 232
0.91 233
0.92 234
0.92 235
0.92 236
0.92 237
0.92 238
0.93 239
0.93 240
0.93 241
0.93 242
0.93 243
0.93 244
0.94 245
0.94 246
0.94 247
0.94 248
0.95 249
0.95 250
0.95 251
0.96 252
0.96 253
0.96 254
0.96 255
0.96 256
0.97 257
0.97 258
0.97 259
0.97 260
0.97 261
0.98 262
0.98 263
0.98 264
0.98 265
0.98 266
0.99 267
0.99 268
0.99 269
0.99 270
0.99 271
0.99 272
1.0 273
1.0 274
1.0 275
1.0 276
1.0 277
1.01 278
1.01 279
1.01 280
1.01 281
1.01 282
1.02 283
1.02 284
1.02 285
1.02 286
1.02 287
1.03 288
1.03 289
1.03 290
1.03 291
1.03 292
1.04 293
1.04 294
1.04 295
1.04 296
1.04 297
1.04 298
1.05 299
1.05 300
1.05 301
1.05 302
1.05 303
1.06 304
1.06 305
1.06 306
1.06 307
1.06 308
1.07 309
1.07 310
1.07 311
1.07 312
1.07 313
1.08 314
1.08 315
1.08 316
1.08 317
1.08 318
1.09 319
1.09 320
1.09 321
1.09 322
1.09 323
1.1 324
1.1 325
1.1 326
1.1 327
1.1 328
1.1 329
1.11 330
1.11 331
1.11 332
1.11 333
1.11 334
1.12 335
1.12 336
1.12 337
1.12 338
1.12 339
1.13 340
1.13 341
1.13 342
1.13 343
1.14 344
1.14 345
1.14 346
1.14 347
1.15 348
1.15 349
1.15 350
1.15 351
1.16 352
1.16 353
1.16 354
1.16 355
1.16 356
1.17 357
1.17 358
1.17 359
1.17 360
1.17 361
1.17 362
1.18 363
1.18 364
1.18 365
1.18 366
1.18 367
1.19 368
1.19 369
1.19 370
1.19 371
1.19 372
1.2 373
1.2 374
1.2 375
1.2 376
1.2 377
1.21 378
1.21 379
1.21 380
1.21 381
1.21 382
1.22 383
1.22 384
1.22 385
1.22 386
1.23 387
1.23 388
1.23 389
1.24 390
1.24 391
1.24 392
1.24 393
1.25 394
1.25 395
1.25 396
1.25 397
1.25 398
1.25 399
1.26 400
1.26 401
1.26 402
1.26 403
1.26 404
1.27 405
1.27 406
1.27 407
1.27 408
1.27 409
1.28 410
1.28 411
1.28 412
1.28 413
1.28 414
1.29 415
1.29 416
1.29 417
1.29 418
1.29 419
1.29 420
1.3 421
1.3 422
1.3 423
1.3 424
1.3 425
1.31 426
1.31 427
1.31 428
1.31 429
1.31 430
1.32 431
1.32 432
1.32 433
1.32 434
1.32 435
1.33 436
1.33 437
1.33 438
1.33 439
1.33 440
1.33 441
1.34 442
1.34 443
1.34 444
1.34 445
1.34 446
1.35 447
1.35 448
1.35 449
1.35 450
1.35 451
1.36 452
1.36 453
1.36 454
1.36 455
1.36 456
1.36 457
1.37 458
1.37 459
1.37 460
1.37 461
1.37 462
1.38 463
1.38 464
1.38 465
1.38 466
1.38 467
1.39 468
1.39 469
1.39 470
1.39 471
1.39 472
1.4 473
1.4 474
1.4 475
1.41 476
1.41 477
1.41 478
1.41 479
1.42 480
1.42 481
1.42 482
1.42 483
1.42 484
1.42 485
1.43 486
1.43 487
1.43 488
1.43 489
1.43 490
1.44 491
1.44 492
1.44 493
1.44 494
1.44 495
1.45 496
1.45 497
1.45 498
1.45 499
1.45 500
1.46 501
1.46 502
1.46 503
1.46 504
1.46 505
1.47 506
1.47 507
1.47 508
1.47 509
1.47 510
1.47 511
1.48 512
1.48 513
1.48 514
1.48 515
1.49 516
1.49 517
1.49 518
1.49 519
1.5 520
1.5 521
1.5 522
1.5 523
1.51 524
1.51 525
1.51 526
1.51 527
1.51 528
1.52 529
1.52 530
1.52 531
1.52 532
1.52 533
1.53 534
1.53 535
1.53 536
1.53 537
1.53 538
1.53 539
1.54 540
1.54 541
1.54 542
1.54 543
1.54 544
1.55 545
1.55 546
1.55 547
1.55 548
1.55 549
1.56 550
1.56 551
1.56 552
1.56 553
1.56 554
1.56 555
1.57 556
1.57 557
1.57 558
1.57 559
1.57 560
1.58 561
1.58 562
1.58 563
1.58 564
1.58 565
1.59 566
1.59 567
1.59 568
1.59 569
1.59 570
1.59 571
1.6 572
1.6 573
1.6 574
1.6 575
1.6 576
1.61 577
1.61 578
1.61 579
1.61 580
1.61 581
1.62 582
1.62 583
1.62 584
1.62 585
1.63 586
1.63 587
1.63 588
1.63 589
1.63 590
1.64 591
1.64 592
1.64 593
1.64 594
1.65 595
1.65 596
1.65 597
1.65 598
1.65 599
1.65 600
1.66 601
1.66 602
1.66 603
1.66 604
1.66 605
1.67 606
1.67 607
1.67 608
1.67 609
1.68 610
1.68 611
1.68 612
1.68 613
1.69 614
1.69 615
1.69 616
1.69 617
1.7 618
1.7 619
1.7 620
1.7 621
1.7 622
1.7 623
1.71 624
1.71 625
1.71 626
1.71 627
1.71 628
1.72 629
1.72 630
1.72 631
1.72 632
1.72 633
1.73 634
1.73 635
1.73 636
1.73 637
1.73 638
1.73 639
1.74 640
1.74 641
1.74 642
1.74 643
1.75 644
1.75 645
1.75 646
1.75 647
1.76 648
1.76 649
1.76 650
1.76 651
1.77 652
1.77 653
1.77 654
1.77 655
1.77 656
1.78 657
1.78 658
1.78 659
1.78 660
1.78 661
1.79 662
1.79 663
1.79 664
1.79 665
1.79 666
1.79 667
1.8 668
1.8 669
1.8 670
1.8 671
1.8 672
1.81 673
1.81 674
1.81 675
1.81 676
1.81 677
1.82 678
1.82 679
1.82 680
1.82 681
1.82 682
1.82 683
1.83 684
1.83 685
1.83 686
1.83 687
1.84 688
1.84 689
1.84 690
1.84 691
1.84 692
1.85 693
1.85 694
1.85 695
1.85 696
1.85 697
1.85 698
1.86 699
1.86 700
1.86 701
1.86 702
1.86 703
1.87 704
1.87 705
1.87 706
1.87 707
1.87 708
1.88 709
1.88 710
1.88 711
1.88 712
1.88 713
1.89 714
1.89 715
1.89 716
1.89 717
1.89 718
1.89 719
1.9 720
1.9 721
1.9 722
1.9 723
1.9 724
1.91 725
1.91 726
1.91 727
1.91 728
1.91 729
1.92 730
1.92 731
1.92 732
1.92 733
1.92 734
1.92 735
1.93 736
1.93 737
1.93 738
1.93 739
1.94 740
1.94 741
1.94 742
1.94 743
1.95 744
1.95 745
1.95 746
1.95 747
1.96 748
1.96 749
1.96 750
1.96 751
1.96 752
1.97 753
1.97 754
1.97 755
1.97 756
1.97 757
1.98 758
1.98 759
1.98 760
1.98 761
1.98 762
1.99 763
1.99 764
1.99 765
1.99 766
1.99 767
1.99 768
2.0 769
2.0 770
2.0 771
2.0 772
2.0 773
2.01 774
2.01 775
2.01 776
2.01 777
2.02 778
2.02 779
2.02 780
2.02 781
2.03 782
2.03 783
2.03 784
2.03 785
2.03 786
2.04 787
2.04 788
2.04 789
2.04 790
2.04 791
2.05 792
2.05 793
2.05 794
2.05 795
2.05 796
2.06 797
2.06 798
2.06 799
2.06 800
2.06 801
2.06 802
2.07 803
2.07 804
2.07 805
2.07 806
2.07 807
2.08 808
2.08 809
2.08 810
2.08 811
2.08 812
2.09 813
2.09 814
2.09 815
2.09 816
2.09 817
2.09 818
2.1 819
2.1 820
2.1 821
2.1 822
2.1 823
2.11 824
2.11 825
2.11 826
2.11 827
2.11 828
2.11 829
2.12 830
2.12 831
2.12 832
2.12 833
2.12 834
2.13 835
2.13 836
2.13 837
2.13 838
2.13 839
2.14 840
2.14 841
2.14 842
2.14 843
2.14 844
2.15 845
2.15 846
2.15 847
2.15 848
2.15 849
2.15 850
2.16 851
2.16 852
2.16 853
2.16 854
2.16 855
2.17 856
2.17 857
2.17 858
2.17 859
2.17 860
2.18 861
2.18 862
2.18 863
2.18 864
2.18 865
2.18 866
2.19 867
2.19 868
2.19 869
2.19 870
2.19 871
2.2 872
2.2 873
2.2 874
2.21 875
2.21 876
2.21 877
2.21 878
2.22 879
2.22 880
2.22 881
2.22 882
2.22 883
2.22 884
2.23 885
2.23 886
2.23 887
2.23 888
2.23 889
2.24 890
2.24 891
2.24 892
2.24 893
2.24 894
2.25 895
2.25 896
2.25 897
2.25 898
2.25 899
2.25 900
2.26 901
2.26 902
2.26 903
2.26 904
2.26 905
2.27 906
2.27 907
2.27 908
2.27 909
2.27 910
2.28 911
2.28 912
2.28 913
2.28 914
2.28 915
2.29 916
2.29 917
2.29 918
2.29 919
2.3 920
2.3 921
2.3 922
2.3 923
2.31 924
2.31 925
2.31 926
2.31 927
2.31 928
2.32 929
2.32 930
2.32 931
2.32 932
2.32 933
2.32 934
2.33 935
2.33 936
2.33 937
2.33 938
2.33 939
2.34 940
2.34 941
2.34 942
2.34 943
2.34 944
2.35 945
2.35 946
2.35 947
2.35 948
2.35 949
2.35 950
2.36 951
2.36 952
2.36 953
2.36 954
2.36 955
2.37 956
2.37 957
2.37 958
2.37 959
2.37 960
2.38 961
2.38 962
2.38 963
2.38 964
2.38 965
2.38 966
2.39 967
2.39 968
2.39 969
2.39 970
2.39 971
2.4 972
2.4 973
2.4 974
2.4 975
2.4 976
2.41 977
2.41 978
2.41 979
2.41 980
2.41 981
2.41 982
2.42 983
2.42 984
2.42 985
2.42 986
2.42 987
2.43 988
2.43 989
2.43 990
2.43 991
2.43 992
2.43 993
2.44 994
2.44 995
2.44 996
2.44 997
2.44 998
2.45 999
2.45 1000
2.45 1001
2.45 1002
2.45 1003
2.46 1004
2.46 1005
2.46 1006
2.46 1007
2.46 1008
2.46 1009
2.47 1010
2.47 1011
2.47 1012
2.47 1013
2.47 1014
2.48 1015
2.48 1016
2.48 1017
2.48 1018
2.49 1019
2.49 1020
2.49 1021
2.49 1022
2.5 1023
2.5 1024
2.5 1025
2.5 1026
2.5 1027
2.51 1028
2.51 1029
2.51 1030
2.51 1031
2.51 1032
2.52 1033
2.52 1034
2.52 1035
2.52 1036
2.52 1037
2.52 1038
2.53 1039
2.53 1040
2.53 1041
2.53 1042
2.53 1043
2.54 1044
2.54 1045
2.54 1046
2.54 1047
2.54 1048
2.55 1049
2.55 1050
2.55 1051
2.55 1052
2.56 1053
2.56 1054
2.56 1055
2.56 1056
2.57 1057
2.57 1058
2.57 1059
2.57 1060
2.58 1061
2.58 1062
2.58 1063
2.58 1064
2.58 1065
2.58 1066
2.59 1067
2.59 1068
2.59 1069
2.59 1070
2.59 1071
2.6 1072
2.6 1073
2.6 1074
2.6 1075
2.6 1076
2.6 1077
2.61 1078
2.61 1079
2.61 1080
2.61 1081
2.61 1082
2.62 1083
2.62 1084
2.62 1085
2.62 1086
2.62 1087
2.63 1088
2.63 1089
2.63 1090
2.63 1091
2.63 1092
2.64 1093
2.64 1094
2.64 1095
2.64 1096
2.64 1097
2.65 1098
2.65 1099
2.65 1100
2.65 1101
2.65 1102
2.65 1103
2.66 1104
2.66 1105
2.66 1106
2.66 1107
2.66 1108
2.67 1109
2.67 1110
2.67 1111
2.67 1112
2.67 1113
2.68 1114
2.68 1115
2.68 1116
2.68 1117
2.68 1118
2.68 1119
2.69 1120
2.69 1121
2.69 1122
2.69 1123
2.69 1124
2.7 1125
2.7 1126
2.7 1127
2.7 1128
2.7 1129
2.71 1130
2.71 1131
2.71 1132
2.71 1133
2.71 1134
2.71 1135
2.72 1136
2.72 1137
2.72 1138
2.72 1139
2.72 1140
2.73 1141
2.73 1142
2.73 1143
2.73 1144
2.74 1145
2.74 1146
2.74 1147
2.74 1148
2.75 1149
2.75 1150
2.75 1151
2.75 1152
2.76 1153
2.76 1154
2.76 1155
2.76 1156
2.76 1157
2.76 1158
2.77 1159
2.77 1160
2.77 1161
2.77 1162
2.77 1163
2.78 1164
2.78 1165
2.78 1166
2.78 1167
2.78 1168
2.79 1169
2.79 1170
2.79 1171
2.79 1172
2.79 1173
2.79 1174
2.8 1175
2.8 1176
2.8 1177
2.8 1178
2.81 1179
2.81 1180
2.81 1181
2.81 1182
2.82 1183
2.82 1184
2.82 1185
2.82 1186
2.83 1187
2.83 1188
2.83 1189
2.83 1190
2.83 1191
2.84 1192
2.84 1193
2.84 1194
2.84 1195
2.84 1196
2.84 1197
2.85 1198
2.85 1199
2.85 1200
2.85 1201
2.85 1202
2.86 1203
2.86 1204
2.86 1205
2.86 1206
2.86 1207
2.87 1208
2.87 1209
2.87 1210
2.87 1211
2.87 1212
2.87 1213
2.88 1214
2.88 1215
2.88 1216
2.88 1217
2.88 1218
2.89 1219
2.89 1220
2.89 1221
2.89 1222
2.89 1223
2.89 1224
2.9 1225
2.9 1226
2.9 1227
2.9 1228
2.9 1229
2.91 1230
2.91 1231
2.91 1232
2.91 1233
2.91 1234
2.92 1235
2.92 1236
2.92 1237
2.92 1238
2.92 1239
2.93 1240
2.93 1241
2.93 1242
2.93 1243
2.93 1244
2.93 1245
2.94 1246
2.94 1247
2.94 1248
2.94 1249
2.94 1250
2.95 1251
2.95 1252
2.95 1253
2.95 1254
2.95 1255
2.96 1256
2.96 1257
2.96 1258
2.96 1259
2.96 1260
2.96 1261
2.97 1262
2.97 1263
2.97 1264
2.97 1265
2.97 1266
2.98 1267
2.98 1268
2.98 1269
2.98 1270
2.98 1271
2.99 1272
2.99 1273
2.99 1274
2.99 1275
2.99 1276
3.0 1277
3.0 1278
3.0 1279
3.0 1280
3.01 1281
3.01 1282
3.01 1283
3.01 1284
3.02 1285
3.02 1286
3.02 1287
3.02 1288
3.02 1289
3.03 1290
3.03 1291
3.03 1292
3.03 1293
3.03 1294
3.04 1295
3.04 1296
3.04 1297
3.04 1298
3.04 1299
3.04 1300
3.05 1301
3.05 1302
3.05 1303
3.05 1304
3.05 1305
3.06 1306
3.06 1307
3.06 1308
3.06 1309
3.06 1310
3.06 1311
3.07 1312
3.07 1313
3.07 1314
3.07 1315
3.07 1316
3.08 1317
3.08 1318
3.08 1319
3.08 1320
3.08 1321
3.09 1322
3.09 1323
3.09 1324
3.09 1325
3.1 1326
3.1 1327
3.1 1328
3.11 1329
3.11 1330
3.11 1331
3.11 1332
3.11 1333
3.11 1334
3.12 1335
3.12 1336
3.12 1337
3.12 1338
3.12 1339
3.13 1340
3.13 1341
3.13 1342
3.13 1343
3.13 1344
3.14 1345
3.14 1346
3.14 1347
3.14 1348
3.14 1349
3.15 1350
3.15 1351
3.15 1352
3.15 1353
3.15 1354
3.15 1355
3.16 1356
3.16 1357
3.16 1358
3.16 1359
3.16 1360
3.17 1361
3.17 1362
3.17 1363
3.17 1364
3.17 1365
3.18 1366
3.18 1367
3.18 1368
3.18 1369
3.18 1370
3.18 1371
3.19 1372
3.19 1373
3.19 1374
3.19 1375
3.19 1376
3.2 1377
3.2 1378
3.2 1379
3.2 1380
3.2 1381
3.2 1382
3.21 1383
3.21 1384
3.21 1385
3.21 1386
3.21 1387
3.22 1388
3.22 1389
3.22 1390
3.22 1391
3.22 1392
3.23 1393
3.23 1394
3.23 1395
3.23 1396
3.23 1397
3.24 1398
3.24 1399
3.24 1400
3.24 1401
3.24 1402
3.24 1403
3.25 1404
3.25 1405
3.25 1406
3.25 1407
3.25 1408
3.26 1409
3.26 1410
3.26 1411
3.26 1412
3.26 1413
3.27 1414
3.27 1415
3.27 1416
3.27 1417
3.27 1418
3.28 1419
3.28 1420
3.28 1421
3.28 1422
3.29 1423
3.29 1424
3.29 1425
3.29 1426
3.3 1427
3.3 1428
3.3 1429
3.3 1430
3.3 1431
3.31 1432
3.31 1433
3.31 1434
3.31 1435
3.31 1436
3.31 1437
3.32 1438
3.32 1439
3.32 1440
3.32 1441
3.32 1442
3.33 1443
3.33 1444
3.33 1445
3.33 1446
3.33 1447
3.34 1448
3.34 1449
3.34 1450
3.34 1451
3.34 1452
3.35 1453
3.35 1454
3.35 1455
3.35 1456
3.36 1457
3.36 1458
3.36 1459
3.36 1460
3.37 1461
3.37 1462
3.37 1463
3.37 1464
3.37 1465
3.38 1466
3.38 1467
3.38 1468
3.38 1469
3.38 1470
3.38 1471
3.39 1472
3.39 1473
3.39 1474
3.39 1475
3.39 1476
3.4 1477
3.4 1478
3.4 1479
3.4 1480
3.4 1481
3.41 1482
3.41 1483
3.41 1484
3.41 1485
3.41 1486
3.41 1487
3.42 1488
3.42 1489
3.42 1490
3.42 1491
3.42 1492
3.43 1493
3.43 1494
3.43 1495
3.43 1496
3.43 1497
3.43 1498
3.44 1499
3.44 1500
3.44 1501
3.44 1502
3.44 1503
3.45 1504
3.45 1505
3.45 1506
3.45 1507
3.45 1508
3.46 1509
3.46 1510
3.46 1511
3.46 1512
3.46 1513
3.46 1514
3.47 1515
3.47 1516
3.47 1517
3.47 1518
3.47 1519
3.48 1520
3.48 1521
3.48 1522
3.48 1523
3.48 1524
3.49 1525
3.49 1526
3.49 1527
3.49 1528
3.49 1529
3.49 1530
3.5 1531
3.5 1532
3.5 1533
3.5 1534
3.5 1535
3.51 1536
3.51 1537
3.51 1538
3.51 1539
3.51 1540
3.51 1541
3.52 1542
3.52 1543
3.52 1544
3.52 1545
3.52 1546
3.53 1547
3.53 1548
3.53 1549
3.53 1550
3.53 1551
3.54 1552
3.54 1553
3.54 1554
3.54 1555
3.55 1556
3.55 1557
3.55 1558
3.55 1559
3.56 1560
3.56 1561
3.56 1562
3.56 1563
3.56 1564
3.57 1565
3.57 1566
3.57 1567
3.57 1568
3.57 1569
3.58 1570
3.58 1571
3.58 1572
3.58 1573
3.58 1574
3.58 1575
3.59 1576
3.59 1577
3.59 1578
3.59 1579
3.59 1580
3.6 1581
3.6 1582
3.6 1583
3.6 1584
3.6 1585
3.61 1586
3.61 1587
3.61 1588
3.61 1589
3.62 1590
3.62 1591
3.62 1592
3.62 1593
3.63 1594
3.63 1595
3.63 1596
3.63 1597
3.64 1598
3.64 1599
3.64 1600
3.64 1601
3.64 1602
3.64 1603
3.65 1604
3.65 1605
3.65 1606
3.65 1607
3.65 1608
3.66 1609
3.66 1610
3.66 1611
3.66 1612
3.66 1613
3.66 1614
3.67 1615
3.67 1616
3.67 1617
3.67 1618
3.67 1619
3.68 1620
3.68 1621
3.68 1622
3.68 1623
3.68 1624
3.69 1625
3.69 1626
3.69 1627
3.69 1628
3.69 1629
3.69 1630
3.7 1631
3.7 1632
3.7 1633
3.7 1634
3.7 1635
3.71 1636
3.71 1637
3.71 1638
3.71 1639
3.71 1640
3.71 1641
3.72 1642
3.72 1643
3.72 1644
3.72 1645
3.72 1646
3.73 1647
3.73 1648
3.73 1649
3.73 1650
3.73 1651
3.74 1652
3.74 1653
3.74 1654
3.74 1655
3.74 1656
3.74 1657
3.75 1658
3.75 1659
3.75 1660
3.75 1661
3.75 1662
3.76 1663
3.76 1664
3.76 1665
3.76 1666
3.76 1667
3.76 1668
3.77 1669
3.77 1670
3.77 1671
3.77 1672
3.77 1673
3.78 1674
3.78 1675
3.78 1676
3.78 1677
3.78 1678
3.79 1679
3.79 1680
3.79 1681
3.79 1682
3.79 1683
3.8 1684
3.8 1685
3.8 1686
3.8 1687
3.81 1688
3.81 1689
3.81 1690
3.81 1691
3.82 1692
3.82 1693
3.82 1694
3.82 1695
3.82 1696
3.83 1697
3.83 1698
3.83 1699
3.83 1700
3.83 1701
3.84 1702
3.84 1703
3.84 1704
3.84 1705
3.84 1706
3.85 1707
3.85 1708
3.85 1709
3.85 1710
3.85 1711
3.85 1712
3.86 1713
3.86 1714
3.86 1715
3.86 1716
3.86 1717
3.87 1718
3.87 1719
3.87 1720
3.87 1721
3.87 1722
3.88 1723
3.88 1724
3.88 1725
3.88 1726
3.88 1727
3.89 1728
3.89 1729
3.89 1730
3.89 1731
3.9 1732
3.9 1733
3.9 1734
3.9 1735
3.91 1736
3.91 1737
3.91 1738
3.91 1739
3.91 1740
3.92 1741
3.92 1742
3.92 1743
3.92 1744
3.92 1745
3.92 1746
3.93 1747
3.93 1748
3.93 1749
3.93 1750
3.93 1751
3.94 1752
3.94 1753
3.94 1754
3.94 1755
3.94 1756
3.94 1757
3.95 1758
3.95 1759
3.95 1760
3.95 1761
3.95 1762
3.96 1763
3.96 1764
3.96 1765
3.96 1766
3.96 1767
3.97 1768
3.97 1769
3.97 1770
3.97 1771
3.97 1772
3.98 1773
3.98 1774
3.98 1775
3.98 1776
3.98 1777
3.98 1778
3.99 1779
3.99 1780
3.99 1781
3.99 1782
3.99 1783
4.0 1784
4.0 1785
4.0 1786
4.0 1787
4.0 1788
4.01 1789
4.01 1790
4.01 1791
4.01 1792
4.01 1793
4.01 1794
4.02 1795
4.02 1796
4.02 1797
4.02 1798
4.02 1799
4.03 1800
4.03 1801
4.03 1802
4.03 1803
4.03 1804
4.04 1805
4.04 1806
4.04 1807
4.04 1808
4.04 1809
4.04 1810
4.05 1811
4.05 1812
4.05 1813
4.05 1814
4.05 1815
4.06 1816
4.06 1817
4.06 1818
4.06 1819
4.06 1820
4.07 1821
4.07 1822
4.07 1823
4.07 1824
4.07 1825
4.08 1826
4.08 1827
4.08 1828
4.08 1829
4.09 1830
4.09 1831
4.09 1832
4.09 1833
4.1 1834
4.1 1835
4.1 1836
4.1 1837
4.1 1838
4.11 1839
4.11 1840
4.11 1841
4.11 1842
4.11 1843
4.11 1844
4.12 1845
4.12 1846
4.12 1847
4.12 1848
4.12 1849
4.13 1850
4.13 1851
4.13 1852
4.13 1853
4.13 1854
4.14 1855
4.14 1856
4.14 1857
4.14 1858
4.15 1859
4.15 1860
4.15 1861
4.15 1862
4.16 1863
4.16 1864
4.16 1865
4.16 1866
4.17 1867
4.17 1868
4.17 1869
4.17 1870
4.17 1871
4.18 1872
4.18 1873
4.18 1874
4.18 1875
4.18 1876
4.18 1877
4.19 1878
4.19 1879
4.19 1880
4.19 1881
4.19 1882
4.2 1883
4.2 1884
4.2 1885
4.2 1886
4.2 1887
4.21 1888
4.21 1889
4.21 1890
4.21 1891
4.21 1892
4.21 1893
4.22 1894
4.22 1895
4.22 1896
4.22 1897
4.22 1898
4.23 1899
4.23 1900
4.23 1901
4.23 1902
4.23 1903
4.23 1904
4.24 1905
4.24 1906
4.24 1907
4.24 1908
4.24 1909
4.25 1910
4.25 1911
4.25 1912
4.25 1913
4.25 1914
4.25 1915
4.26 1916
4.26 1917
4.26 1918
4.26 1919
4.26 1920
4.27 1921
4.27 1922
4.27 1923
4.27 1924
4.27 1925
4.28 1926
4.28 1927
4.28 1928
4.28 1929
4.28 1930
4.28 1931
4.29 1932
4.29 1933
4.29 1934
4.29 1935
4.29 1936
4.3 1937
4.3 1938
4.3 1939
4.3 1940
4.3 1941
4.31 1942
4.31 1943
4.31 1944
4.31 1945
4.31 1946
4.31 1947
4.32 1948
4.32 1949
4.32 1950
4.32 1951
4.32 1952
4.33 1953
4.33 1954
4.33 1955
4.33 1956
4.33 1957
4.34 1958
4.34 1959
4.34 1960
4.34 1961
4.35 1962
4.35 1963
4.35 1964
4.35 1965
4.36 1966
4.36 1967
4.36 1968
4.36 1969
4.37 1970
4.37 1971
4.37 1972
4.37 1973
4.37 1974
4.38 1975
4.38 1976
4.38 1977
4.38 1978
4.38 1979
4.38 1980
4.39 1981
4.39 1982
4.39 1983
4.39 1984
4.39 1985
4.4 1986
4.4 1987
4.4 1988
4.4 1989
4.4 1990
4.41 1991
4.41 1992
4.41 1993
4.41 1994
4.41 1995
4.41 1996
4.42 1997
4.42 1998
4.42 1999
4.42 2000
4.43 2001
4.43 2002
4.43 2003
4.43 2004
4.44 2005
4.44 2006
4.44 2007
4.44 2008
4.44 2009
4.45 2010
4.45 2011
4.45 2012
4.45 2013
4.45 2014
4.46 2015
4.46 2016
4.46 2017
4.46 2018
4.46 2019
4.47 2020
4.47 2021
4.47 2022
4.47 2023
4.47 2024
4.47 2025
4.48 2026
4.48 2027
4.48 2028
4.48 2029
4.48 2030
4.49 2031
4.49 2032
4.49 2033
4.49 2034
4.49 2035
4.49 2036
4.5 2037
4.5 2038
4.5 2039
4.5 2040
4.5 2041
4.51 2042
4.51 2043
4.51 2044
4.51 2045
4.51 2046
4.52 2047
4.52 2048
4.52 2049
4.52 2050
4.52 2051
4.52 2052
4.53 2053
4.53 2054
4.53 2055
4.53 2056
4.53 2057
4.54 2058
4.54 2059
4.54 2060
4.54 2061
4.54 2062
4.54 2063
4.55 2064
4.55 2065
4.55 2066
4.55 2067
4.55 2068
4.56 2069
4.56 2070
4.56 2071
4.56 2072
4.56 2073
4.57 2074
4.57 2075
4.57 2076
4.57 2077
4.57 2078
4.57 2079
4.58 2080
4.58 2081
4.58 2082
4.58 2083
4.58 2084
4.59 2085
4.59 2086
4.59 2087
4.59 2088
4.59 2089
4.59 2090
4.6 2091
4.6 2092
4.6 2093
4.6 2094
4.6 2095
4.61 2096
4.61 2097
4.61 2098
4.61 2099
4.62 2100
4.62 2101
4.62 2102
4.62 2103
4.63 2104
4.63 2105
4.63 2106
4.63 2107
4.64 2108
4.64 2109
4.64 2110
4.64 2111
4.64 2112
4.65 2113
4.65 2114
4.65 2115
4.65 2116
4.65 2117
4.65 2118
4.66 2119
4.66 2120
4.66 2121
4.66 2122
4.66 2123
4.67 2124
4.67 2125
4.67 2126
4.67 2127
4.67 2128
4.68 2129
4.68 2130
4.68 2131
4.68 2132
4.68 2133
4.69 2134
4.69 2135
4.69 2136
4.69 2137
4.7 2138
4.7 2139
4.7 2140
4.7 2141
4.71 2142
4.71 2143
4.71 2144
4.71 2145
4.71 2146
4.72 2147
4.72 2148
4.72 2149
4.72 2150
4.72 2151
4.72 2152
4.73 2153
4.73 2154
4.73 2155
4.73 2156
4.73 2157
4.74 2158
4.74 2159
4.74 2160
4.74 2161
4.74 2162
4.74 2163
4.75 2164
4.75 2165
4.75 2166
4.75 2167
4.75 2168
4.76 2169
4.76 2170
4.76 2171
4.76 2172
4.76 2173
4.76 2174
4.77 2175
4.77 2176
4.77 2177
4.77 2178
4.77 2179
4.78 2180
4.78 2181
4.78 2182
4.78 2183
4.78 2184
4.79 2185
4.79 2186
4.79 2187
4.79 2188
4.79 2189
4.79 2190
4.8 2191
4.8 2192
4.8 2193
4.8 2194
4.8 2195
4.81 2196
4.81 2197
4.81 2198
4.81 2199
4.81 2200
4.82 2201
4.82 2202
4.82 2203
4.82 2204
4.82 2205
4.82 2206
4.83 2207
4.83 2208
4.83 2209
4.83 2210
4.83 2211
4.84 2212
4.84 2213
4.84 2214
4.84 2215
4.84 2216
4.85 2217
4.85 2218
4.85 2219
4.85 2220
4.85 2221
4.85 2222
4.86 2223
4.86 2224
4.86 2225
4.86 2226
4.86 2227
4.87 2228
4.87 2229
4.87 2230
4.87 2231
4.88 2232
4.88 2233
4.88 2234
4.88 2235
4.89 2236
4.89 2237
4.89 2238
4.89 2239
4.9 2240
4.9 2241
4.9 2242
4.9 2243
4.9 2244
4.91 2245
4.91 2246
4.91 2247
4.91 2248
4.91 2249
4.91 2250
4.92 2251
4.92 2252
4.92 2253
4.92 2254
4.92 2255
4.93 2256
4.93 2257
4.93 2258
4.93 2259
4.93 2260
4.94 2261
4.94 2262
4.94 2263
4.94 2264
4.94 2265
4.95 2266
4.95 2267
4.95 2268
4.95 2269
4.96 2270
4.96 2271
4.96 2272
4.96 2273
4.97 2274
4.97 2275
4.97 2276
4.97 2277
4.97 2278
4.98 2279
4.98 2280
4.98 2281
4.98 2282
4.98 2283
4.98 2284
4.99 2285
4.99 2286
4.99 2287
4.99 2288
4.99 2289
5.0 2290
5.0 2291
5.0 2292
5.0 2293
5.0 2294
5.01 2295
5.01 2296
5.01 2297
5.01 2298
5.01 2299
5.01 2300
5.02 2301
5.02 2302
5.02 2303
5.02 2304
5.02 2305
5.03 2306
5.03 2307
5.03 2308
5.03 2309
5.03 2310
5.03 2311
5.04 2312
5.04 2313
5.04 2314
5.04 2315
5.04 2316
5.05 2317
5.05 2318
5.05 2319
5.05 2320
5.05 2321
5.05 2322
5.06 2323
5.06 2324
5.06 2325
5.06 2326
5.06 2327
5.07 2328
5.07 2329
5.07 2330
5.07 2331
5.07 2332
5.08 2333
5.08 2334
5.08 2335
5.08 2336
5.08 2337
5.08 2338
5.09 2339
5.09 2340
5.09 2341
5.09 2342
5.09 2343
5.1 2344
5.1 2345
5.1 2346
5.1 2347
5.1 2348
5.11 2349
5.11 2350
5.11 2351
5.11 2352
5.11 2353
5.11 2354
5.12 2355
5.12 2356
5.12 2357
5.12 2358
5.12 2359
5.13 2360
5.13 2361
5.13 2362
5.13 2363
5.14 2364
5.14 2365
5.14 2366
5.14 2367
5.15 2368
5.15 2369
5.15 2370
5.16 2371
5.16 2372
5.16 2373
5.16 2374
5.16 2375
5.17 2376
5.17 2377
5.17 2378
5.17 2379
5.17 2380
5.18 2381
5.18 2382
5.18 2383
5.18 2384
5.18 2385
5.18 2386
5.19 2387
5.19 2388
5.19 2389
5.19 2390
5.19 2391
5.2 2392
5.2 2393
5.2 2394
5.2 2395
5.2 2396
5.21 2397
5.21 2398
5.21 2399
5.21 2400
5.22 2401
5.22 2402
5.22 2403
5.22 2404
5.23 2405
5.23 2406
5.23 2407
5.23 2408
5.23 2409
5.24 2410
5.24 2411
5.24 2412
5.24 2413
5.24 2414
5.25 2415
5.25 2416
5.25 2417
5.25 2418
5.25 2419
5.25 2420
5.26 2421
5.26 2422
5.26 2423
5.26 2424
5.26 2425
5.27 2426
5.27 2427
5.27 2428
5.27 2429
5.27 2430
5.27 2431
5.28 2432
5.28 2433
5.28 2434
5.28 2435
5.28 2436
5.29 2437
5.29 2438
5.29 2439
5.29 2440
5.29 2441
5.29 2442
5.3 2443
5.3 2444
5.3 2445
5.3 2446
5.3 2447
5.31 2448
5.31 2449
5.31 2450
5.31 2451
5.31 2452
5.32 2453
5.32 2454
5.32 2455
5.32 2456
5.32 2457
5.32 2458
5.33 2459
5.33 2460
5.33 2461
5.33 2462
5.33 2463
5.34 2464
5.34 2465
5.34 2466
5.34 2467
5.34 2468
5.34 2469
5.35 2470
5.35 2471
5.35 2472
5.35 2473
5.35 2474
5.36 2475
5.36 2476
5.36 2477
5.36 2478
5.36 2479
5.37 2480
5.37 2481
5.37 2482
5.37 2483
5.37 2484
5.37 2485
5.38 2486
5.38 2487
5.38 2488
5.38 2489
5.38 2490
5.39 2491
5.39 2492
5.39 2493
5.39 2494
5.39 2495
5.39 2496
5.4 2497
5.4 2498
5.4 2499
5.4 2500
5.4 2501
5.41 2502
5.41 2503
5.41 2504
5.41 2505
5.41 2506
5.42 2507
5.42 2508
5.42 2509
5.42 2510
5.43 2511
5.43 2512
5.43 2513
5.43 2514
5.44 2515
5.44 2516
5.44 2517
5.44 2518
5.44 2519
5.45 2520
5.45 2521
5.45 2522
5.45 2523
5.45 2524
5.45 2525
5.46 2526
5.46 2527
5.46 2528
5.46 2529
5.46 2530
5.47 2531
5.47 2532
5.47 2533
5.47 2534
5.47 2535
5.48 2536
5.48 2537
5.48 2538
5.48 2539
5.48 2540
5.49 2541
5.49 2542
5.49 2543
5.49 2544
5.5 2545
5.5 2546
5.5 2547
5.5 2548
5.51 2549
5.51 2550
5.51 2551
5.51 2552
5.51 2553
5.52 2554
5.52 2555
5.52 2556
5.52 2557
5.52 2558
5.52 2559
5.53 2560
5.53 2561
5.53 2562
5.53 2563
5.53 2564
5.54 2565
5.54 2566
5.54 2567
5.54 2568
5.54 2569
5.55 2570
5.55 2571
5.55 2572
5.55 2573
5.55 2574
5.55 2575
5.56 2576
5.56 2577
5.56 2578
5.56 2579
5.56 2580
5.57 2581
5.57 2582
5.57 2583
5.57 2584
5.57 2585
5.57 2586
5.58 2587
5.58 2588
5.58 2589
5.58 2590
5.58 2591
5.59 2592
5.59 2593
5.59 2594
5.59 2595
5.59 2596
5.59 2597
5.6 2598
5.6 2599
5.6 2600
5.6 2601
5.6 2602
5.61 2603
5.61 2604
5.61 2605
5.61 2606
5.61 2607
5.62 2608
5.62 2609
5.62 2610
5.62 2611
5.62 2612
5.63 2613
5.63 2614
5.63 2615
5.63 2616
5.63 2617
5.64 2618
5.64 2619
5.64 2620
5.64 2621
5.64 2622
5.64 2623
5.65 2624
5.65 2625
5.65 2626
5.65 2627
5.65 2628
5.66 2629
5.66 2630
5.66 2631
5.66 2632
5.66 2633
5.67 2634
5.67 2635
5.67 2636
5.67 2637
5.67 2638
5.68 2639
5.68 2640
5.68 2641
5.68 2642
5.69 2643
5.69 2644
5.69 2645
5.69 2646
5.7 2647
5.7 2648
5.7 2649
5.7 2650
5.7 2651
5.71 2652
5.71 2653
5.71 2654
5.71 2655
5.71 2656
5.71 2657
5.72 2658
5.72 2659
5.72 2660
5.72 2661
5.72 2662
5.73 2663
5.73 2664
5.73 2665
5.73 2666
5.73 2667
5.73 2668
5.74 2669
5.74 2670
5.74 2671
5.74 2672
5.74 2673
5.75 2674
5.75 2675
5.75 2676
5.75 2677
5.76 2678
5.76 2679
5.76 2680
5.76 2681
5.77 2682
5.77 2683
5.77 2684
5.77 2685
5.77 2686
5.78 2687
5.78 2688
5.78 2689
5.78 2690
5.78 2691
5.79 2692
5.79 2693
5.79 2694
5.79 2695
5.79 2696
5.79 2697
5.8 2698
5.8 2699
5.8 2700
5.8 2701
5.8 2702
5.81 2703
5.81 2704
5.81 2705
5.81 2706
5.81 2707
5.82 2708
5.82 2709
5.82 2710
5.82 2711
5.82 2712
5.82 2713
5.83 2714
5.83 2715
5.83 2716
5.83 2717
5.83 2718
5.84 2719
5.84 2720
5.84 2721
5.84 2722
5.84 2723
5.84 2724
5.85 2725
5.85 2726
5.85 2727
5.85 2728
5.85 2729
5.86 2730
5.86 2731
5.86 2732
5.86 2733
5.86 2734
5.87 2735
5.87 2736
5.87 2737
5.87 2738
5.87 2739
5.87 2740
5.88 2741
5.88 2742
5.88 2743
5.88 2744
5.88 2745
5.89 2746
5.89 2747
5.89 2748
5.89 2749
5.89 2750
5.89 2751
5.9 2752
5.9 2753
5.9 2754
5.9 2755
5.9 2756
5.91 2757
5.91 2758
5.91 2759
5.91 2760
5.91 2761
5.92 2762
5.92 2763
5.92 2764
5.92 2765
5.92 2766
5.92 2767
5.93 2768
5.93 2769
5.93 2770
5.93 2771
5.93 2772
5.94 2773
5.94 2774
5.94 2775
5.95 2776
5.95 2777
5.95 2778
5.95 2779
5.96 2780
5.96 2781
5.96 2782
5.96 2783
5.96 2784
5.96 2785
5.97 2786
5.97 2787
5.97 2788
5.97 2789
5.97 2790
5.98 2791
5.98 2792
5.98 2793
5.98 2794
5.98 2795
5.98 2796
5.99 2797
5.99 2798
5.99 2799
5.99 2800
5.99 2801
6.0 2802
6.0 2803
6.0 2804
6.0 2805
6.0 2806
6.01 2807
6.01 2808
6.01 2809
6.01 2810
6.02 2811
6.02 2812
6.02 2813
6.02 2814
6.03 2815
6.03 2816
6.03 2817
6.03 2818
6.03 2819
6.04 2820
6.04 2821
6.04 2822
6.04 2823
6.04 2824
6.04 2825
6.05 2826
6.05 2827
6.05 2828
6.05 2829
6.05 2830
6.06 2831
6.06 2832
6.06 2833
6.06 2834
6.06 2835
6.07 2836
6.07 2837
6.07 2838
6.07 2839
6.07 2840
6.08 2841
6.08 2842
6.08 2843
6.08 2844
6.08 2845
6.08 2846
6.09 2847
6.09 2848
6.09 2849
6.09 2850
6.09 2851
6.1 2852
6.1 2853
6.1 2854
6.1 2855
6.1 2856
6.1 2857
6.11 2858
6.11 2859
6.11 2860
6.11 2861
6.11 2862
6.12 2863
6.12 2864
6.12 2865
6.12 2866
6.12 2867
6.13 2868
6.13 2869
6.13 2870
6.13 2871
6.13 2872
6.14 2873
6.14 2874
6.14 2875
6.14 2876
6.14 2877
6.14 2878
6.15 2879
6.15 2880
6.15 2881
6.15 2882
6.15 2883
6.16 2884
6.16 2885
6.16 2886
6.16 2887
6.16 2888
6.17 2889
6.17 2890
6.17 2891
6.17 2892
6.17 2893
6.17 2894
6.18 2895
6.18 2896
6.18 2897
6.18 2898
6.18 2899
6.19 2900
6.19 2901
6.19 2902
6.19 2903
6.19 2904
6.2 2905
6.2 2906
6.2 2907
6.2 2908
6.2 2909
6.2 2910
6.21 2911
6.21 2912
6.21 2913
6.21 2914
6.22 2915
6.22 2916
6.22 2917
6.22 2918
6.23 2919
6.23 2920
6.23 2921
6.23 2922
6.24 2923
6.24 2924
6.24 2925
6.24 2926
6.24 2927
6.25 2928
6.25 2929
6.25 2930
6.25 2931
6.25 2932
6.25 2933
6.26 2934
6.26 2935
6.26 2936
6.26 2937
6.26 2938
6.27 2939
6.27 2940
6.27 2941
6.27 2942
6.27 2943
6.28 2944
6.28 2945
6.28 2946
6.28 2947
6.28 2948
6.29 2949
6.29 2950
6.29 2951
6.29 2952
6.3 2953
6.3 2954
6.3 2955
6.3 2956
6.31 2957
6.31 2958
6.31 2959
6.31 2960
6.31 2961
6.32 2962
6.32 2963
6.32 2964
6.32 2965
6.32 2966
6.33 2967
6.33 2968
6.33 2969
6.33 2970
6.33 2971
6.33 2972
6.34 2973
6.34 2974
6.34 2975
6.34 2976
6.34 2977
6.35 2978
6.35 2979
6.35 2980
6.35 2981
6.35 2982
6.36 2983
6.36 2984
6.36 2985
6.36 2986
6.36 2987
6.36 2988
6.37 2989
6.37 2990
6.37 2991
6.37 2992
6.37 2993
6.38 2994
6.38 2995
6.38 2996
6.38 2997
6.38 2998
6.38 2999
6.39 3000
6.39 3001
6.39 3002
6.39 3003
6.39 3004
6.4 3005
6.4 3006
6.4 3007
6.4 3008
6.4 3009
6.4 3010
6.41 3011
6.41 3012
6.41 3013
6.41 3014
6.41 3015
6.42 3016
6.42 3017
6.42 3018
6.42 3019
6.42 3020
6.42 3021
6.43 3022
6.43 3023
6.43 3024
6.43 3025
6.43 3026
6.44 3027
6.44 3028
6.44 3029
6.44 3030
6.44 3031
6.45 3032
6.45 3033
6.45 3034
6.45 3035
6.45 3036
6.45 3037
6.46 3038
6.46 3039
6.46 3040
6.46 3041
6.46 3042
6.47 3043
6.47 3044
6.47 3045
6.47 3046
6.47 3047
6.48 3048
6.48 3049
6.48 3050
6.48 3051
6.49 3052
6.49 3053
6.49 3054
6.49 3055
6.5 3056
6.5 3057
6.5 3058
6.5 3059
6.5 3060
6.51 3061
6.51 3062
6.51 3063
6.51 3064
6.51 3065
6.51 3066
6.52 3067
6.52 3068
6.52 3069
6.52 3070
6.52 3071
6.53 3072
6.53 3073
6.53 3074
6.53 3075
6.53 3076
6.53 3077
6.54 3078
6.54 3079
6.54 3080
6.54 3081
6.55 3082
6.55 3083
6.55 3084
6.55 3085
6.56 3086
6.56 3087
6.56 3088
6.56 3089
6.57 3090
6.57 3091
6.57 3092
6.57 3093
6.57 3094
6.57 3095
6.58 3096
6.58 3097
6.58 3098
6.58 3099
6.58 3100
6.59 3101
6.59 3102
6.59 3103
6.59 3104
6.59 3105
6.59 3106
6.6 3107
6.6 3108
6.6 3109
6.6 3110
6.6 3111
6.61 3112
6.61 3113
6.61 3114
6.61 3115
6.61 3116
6.62 3117
6.62 3118
6.62 3119
6.62 3120
6.62 3121
6.62 3122
6.63 3123
6.63 3124
6.63 3125
6.63 3126
6.63 3127
6.64 3128
6.64 3129
6.64 3130
6.64 3131
6.64 3132
6.65 3133
6.65 3134
6.65 3135
6.65 3136
6.65 3137
6.65 3138
6.66 3139
6.66 3140
6.66 3141
6.66 3142
6.66 3143
6.67 3144
6.67 3145
6.67 3146
6.67 3147
6.67 3148
6.67 3149
6.68 3150
6.68 3151
6.68 3152
6.68 3153
6.68 3154
6.69 3155
6.69 3156
6.69 3157
6.69 3158
6.69 3159
6.7 3160
6.7 3161
6.7 3162
6.7 3163
6.7 3164
6.7 3165
6.71 3166
6.71 3167
6.71 3168
6.71 3169
6.71 3170
6.72 3171
6.72 3172
6.72 3173
6.72 3174
6.72 3175
6.72 3176
6.73 3177
6.73 3178
6.73 3179
6.73 3180
6.74 3181
6.74 3182
6.74 3183
6.74 3184
6.75 3185
6.75 3186
6.75 3187
6.75 3188
6.75 3189
6.76 3190
6.76 3191
6.76 3192
6.76 3193
6.76 3194
6.77 3195
6.77 3196
6.77 3197
6.77 3198
6.77 3199
6.78 3200
6.78 3201
6.78 3202
6.78 3203
6.78 3204
6.78 3205
6.79 3206
6.79 3207
6.79 3208
6.79 3209
6.79 3210
6.8 3211
6.8 3212
6.8 3213
6.8 3214
6.8 3215
6.81 3216
6.81 3217
6.81 3218
6.81 3219
6.81 3220
6.81 3221
6.82 3222
6.82 3223
6.82 3224
6.82 3225
6.83 3226
6.83 3227
6.83 3228
6.83 3229
6.84 3230
6.84 3231
6.84 3232
6.84 3233
6.85 3234
6.85 3235
6.85 3236
6.85 3237
6.85 3238
6.85 3239
6.86 3240
6.86 3241
6.86 3242
6.86 3243
6.86 3244
6.87 3245
6.87 3246
6.87 3247
6.87 3248
6.87 3249
6.88 3250
6.88 3251
6.88 3252
6.88 3253
6.89 3254
6.89 3255
6.89 3256
6.89 3257
6.9 3258
6.9 3259
6.9 3260
6.9 3261
6.91 3262
6.91 3263
6.91 3264
6.91 3265
6.91 3266
6.92 3267
6.92 3268
6.92 3269
6.92 3270
6.92 3271
6.92 3272
6.93 3273
6.93 3274
6.93 3275
6.93 3276
6.93 3277
6.94 3278
6.94 3279
6.94 3280
6.94 3281
6.94 3282
6.95 3283
6.95 3284
6.95 3285
6.95 3286
6.95 3287
6.95 3288
6.96 3289
6.96 3290
6.96 3291
6.96 3292
6.96 3293
6.97 3294
6.97 3295
6.97 3296
6.97 3297
6.97 3298
6.97 3299
6.98 3300
6.98 3301
6.98 3302
6.98 3303
6.98 3304
6.99 3305
6.99 3306
6.99 3307
6.99 3308
6.99 3309
6.99 3310
7.0 3311
7.0 3312
7.0 3313
7.0 3314
7.0 3315
7.01 3316
7.01 3317
7.01 3318
7.01 3319
7.02 3320
7.02 3321
7.02 3322
7.02 3323
7.02 3324
7.03 3325
7.03 3326
7.03 3327
7.03 3328
7.04 3329
7.04 3330
7.04 3331
7.04 3332
7.04 3333
7.05 3334
7.05 3335
7.05 3336
7.05 3337
7.05 3338
7.05 3339
7.06 3340
7.06 3341
7.06 3342
7.06 3343
7.06 3344
7.07 3345
7.07 3346
7.07 3347
7.07 3348
7.07 3349
7.08 3350
7.08 3351
7.08 3352
7.08 3353
7.08 3354
7.09 3355
7.09 3356
7.09 3357
7.09 3358
7.1 3359
7.1 3360
7.1 3361
7.1 3362
7.11 3363
7.11 3364
7.11 3365
7.11 3366
7.11 3367
7.12 3368
7.12 3369
7.12 3370
7.12 3371
7.12 3372
7.13 3373
7.13 3374
7.13 3375
7.13 3376
7.13 3377
7.13 3378
7.14 3379
7.14 3380
7.14 3381
7.14 3382
7.14 3383
7.15 3384
7.15 3385
7.15 3386
7.15 3387
7.15 3388
7.15 3389
7.16 3390
7.16 3391
7.16 3392
7.16 3393
7.17 3394
7.17 3395
7.17 3396
7.17 3397
7.17 3398
7.17 3399
7.18 3400
7.18 3401
7.18 3402
7.18 3403
7.18 3404
7.19 3405
7.19 3406
7.19 3407
7.19 3408
7.19 3409
7.19 3410
7.2 3411
7.2 3412
7.2 3413
7.2 3414
7.2 3415
7.21 3416
7.21 3417
7.21 3418
7.21 3419
7.21 3420
7.21 3421
7.22 3422
7.22 3423
7.22 3424
7.22 3425
7.22 3426
7.23 3427
7.23 3428
7.23 3429
7.23 3430
7.23 3431
7.23 3432
7.24 3433
7.24 3434
7.24 3435
7.24 3436
7.24 3437
7.25 3438
7.25 3439
7.25 3440
7.25 3441
7.25 3442
7.25 3443
7.26 3444
7.26 3445
7.26 3446
7.26 3447
7.26 3448
7.27 3449
7.27 3450
7.27 3451
7.27 3452
7.27 3453
7.28 3454
7.28 3455
7.28 3456
7.28 3457
7.29 3458
7.29 3459
7.29 3460
7.29 3461
7.3 3462
7.3 3463
7.3 3464
7.3 3465
7.3 3466
7.31 3467
7.31 3468
7.31 3469
7.31 3470
7.31 3471
7.32 3472
7.32 3473
7.32 3474
7.32 3475
7.32 3476
7.32 3477
7.33 3478
7.33 3479
7.33 3480
7.33 3481
7.33 3482
7.34 3483
7.34 3484
7.34 3485
7.34 3486
7.34 3487
7.35 3488
7.35 3489
7.35 3490
7.35 3491
7.36 3492
7.36 3493
7.36 3494
7.36 3495
7.37 3496
7.37 3497
7.37 3498
7.37 3499
7.37 3500
7.38 3501
7.38 3502
7.38 3503
7.38 3504
7.38 3505
7.39 3506
7.39 3507
7.39 3508
7.39 3509
7.39 3510
7.39 3511
7.4 3512
7.4 3513
7.4 3514
7.4 3515
7.4 3516
7.41 3517
7.41 3518
7.41 3519
7.41 3520
7.41 3521
7.41 3522
7.42 3523
7.42 3524
7.42 3525
7.42 3526
7.42 3527
7.43 3528
7.43 3529
7.43 3530
7.43 3531
7.43 3532
7.43 3533
7.44 3534
7.44 3535
7.44 3536
7.44 3537
7.44 3538
7.45 3539
7.45 3540
7.45 3541
7.45 3542
7.45 3543
7.45 3544
7.46 3545
7.46 3546
7.46 3547
7.46 3548
7.46 3549
7.47 3550
7.47 3551
7.47 3552
7.47 3553
7.47 3554
7.48 3555
7.48 3556
7.48 3557
7.48 3558
7.48 3559
7.48 3560
7.49 3561
7.49 3562
7.49 3563
7.49 3564
7.49 3565
7.5 3566
7.5 3567
7.5 3568
7.5 3569
7.5 3570
7.5 3571
7.51 3572
7.51 3573
7.51 3574
7.51 3575
7.51 3576
7.52 3577
7.52 3578
7.52 3579
7.52 3580
7.52 3581
7.52 3582
7.53 3583
7.53 3584
7.53 3585
7.53 3586
7.54 3587
7.54 3588
7.54 3589
7.54 3590
7.55 3591
7.55 3592
7.55 3593
7.55 3594
7.55 3595
7.56 3596
7.56 3597
7.56 3598
7.56 3599
7.56 3600
7.57 3601
7.57 3602
7.57 3603
7.57 3604
7.57 3605
7.58 3606
7.58 3607
7.58 3608
7.58 3609
7.58 3610
7.58 3611
7.59 3612
7.59 3613
7.59 3614
7.59 3615
7.59 3616
7.6 3617
7.6 3618
7.6 3619
7.6 3620
7.6 3621
7.6 3622
7.61 3623
7.61 3624
7.61 3625
7.61 3626
7.61 3627
7.62 3628
7.62 3629
7.62 3630
7.62 3631
7.63 3632
7.63 3633
7.63 3634
7.64 3635
7.64 3636
7.64 3637
7.64 3638
7.64 3639
7.65 3640
7.65 3641
7.65 3642
7.65 3643
7.65 3644
7.66 3645
7.66 3646
7.66 3647
7.66 3648
7.66 3649
7.66 3650
7.67 3651
7.67 3652
7.67 3653
7.67 3654
7.67 3655
7.68 3656
7.68 3657
7.68 3658
7.68 3659
7.68 3660
7.68 3661
7.69 3662
7.69 3663
7.69 3664
7.69 3665
7.69 3666
7.7 3667
7.7 3668
7.7 3669
7.7 3670
7.7 3671
7.7 3672
7.71 3673
7.71 3674
7.71 3675
7.71 3676
7.71 3677
7.72 3678
7.72 3679
7.72 3680
7.72 3681
7.72 3682
7.72 3683
7.73 3684
7.73 3685
7.73 3686
7.73 3687
7.73 3688
7.74 3689
7.74 3690
7.74 3691
7.74 3692
7.74 3693
7.74 3694
7.75 3695
7.75 3696
7.75 3697
7.75 3698
7.75 3699
7.76 3700
7.76 3701
7.76 3702
7.76 3703
7.76 3704
7.76 3705
7.77 3706
7.77 3707
7.77 3708
7.77 3709
7.77 3710
7.78 3711
7.78 3712
7.78 3713
7.78 3714
7.78 3715
7.78 3716
7.79 3717
7.79 3718
7.79 3719
7.79 3720
7.79 3721
7.8 3722
7.8 3723
7.8 3724
7.8 3725
7.8 3726
7.81 3727
7.81 3728
7.81 3729
7.81 3730
7.81 3731
7.82 3732
7.82 3733
7.82 3734
7.82 3735
7.83 3736
7.83 3737
7.83 3738
7.83 3739
7.84 3740
7.84 3741
7.84 3742
7.84 3743
7.84 3744
7.85 3745
7.85 3746
7.85 3747
7.85 3748
7.85 3749
7.85 3750
7.86 3751
7.86 3752
7.86 3753
7.86 3754
7.86 3755
7.87 3756
7.87 3757
7.87 3758
7.87 3759
7.87 3760
7.87 3761
7.88 3762
7.88 3763
7.88 3764
7.88 3765
7.89 3766
7.89 3767
7.89 3768
7.89 3769
7.9 3770
7.9 3771
7.9 3772
7.9 3773
7.9 3774
7.91 3775
7.91 3776
7.91 3777
7.91 3778
7.91 3779
7.92 3780
7.92 3781
7.92 3782
7.92 3783
7.92 3784
7.93 3785
7.93 3786
7.93 3787
7.93 3788
7.93 3789
7.93 3790
7.94 3791
7.94 3792
7.94 3793
7.94 3794
7.94 3795
7.95 3796
7.95 3797
7.95 3798
7.95 3799
7.95 3800
7.95 3801
7.96 3802
7.96 3803
7.96 3804
7.96 3805
7.96 3806
7.97 3807
7.97 3808
7.97 3809
7.97 3810
7.97 3811
7.97 3812
7.98 3813
7.98 3814
7.98 3815
7.98 3816
7.98 3817
7.99 3818
7.99 3819
7.99 3820
7.99 3821
7.99 3822
7.99 3823
8.0 3824
8.0 3825
8.0 3826
8.0 3827
8.0 3828
8.01 3829
8.01 3830
8.01 3831
8.01 3832
8.01 3833
8.01 3834
8.02 3835
8.02 3836
8.02 3837
8.02 3838
8.02 3839
8.03 3840
8.03 3841
8.03 3842
8.03 3843
8.03 3844
8.03 3845
8.04 3846
8.04 3847
8.04 3848
8.04 3849
8.04 3850
8.05 3851
8.05 3852
8.05 3853
8.05 3854
8.05 3855
8.05 3856
8.06 3857
8.06 3858
8.06 3859
8.06 3860
8.06 3861
8.07 3862
8.07 3863
8.07 3864
8.07 3865
8.07 3866
8.08 3867
8.08 3868
8.08 3869
8.08 3870
8.09 3871
8.09 3872
8.09 3873
8.09 3874
8.1 3875
8.1 3876
8.1 3877
8.1 3878
8.1 3879
8.11 3880
8.11 3881
8.11 3882
8.11 3883
8.11 3884
8.11 3885
8.12 3886
8.12 3887
8.12 3888
8.12 3889
8.12 3890
8.13 3891
8.13 3892
8.13 3893
8.13 3894
8.13 3895
8.14 3896
8.14 3897
8.14 3898
8.14 3899
8.14 3900
8.15 3901
8.15 3902
8.15 3903
8.15 3904
8.16 3905
8.16 3906
8.16 3907
8.16 3908
8.17 3909
8.17 3910
8.17 3911
8.17 3912
8.17 3913
8.17 3914
8.18 3915
8.18 3916
8.18 3917
8.18 3918
8.18 3919
8.19 3920
8.19 3921
8.19 3922
8.19 3923
8.19 3924
8.19 3925
8.2 3926
8.2 3927
8.2 3928
8.2 3929
8.2 3930
8.21 3931
8.21 3932
8.21 3933
8.21 3934
8.21 3935
8.21 3936
8.22 3937
8.22 3938
8.22 3939
8.22 3940
8.22 3941
8.23 3942
8.23 3943
8.23 3944
8.23 3945
8.23 3946
8.23 3947
8.24 3948
8.24 3949
8.24 3950
8.24 3951
8.24 3952
8.25 3953
8.25 3954
8.25 3955
8.25 3956
8.25 3957
8.25 3958
8.26 3959
8.26 3960
8.26 3961
8.26 3962
8.26 3963
8.27 3964
8.27 3965
8.27 3966
8.27 3967
8.27 3968
8.27 3969
8.28 3970
8.28 3971
8.28 3972
8.28 3973
8.28 3974
8.29 3975
8.29 3976
8.29 3977
8.29 3978
8.29 3979
8.29 3980
8.3 3981
8.3 3982
8.3 3983
8.3 3984
8.3 3985
8.31 3986
8.31 3987
8.31 3988
8.31 3989
8.31 3990
8.31 3991
8.32 3992
8.32 3993
8.32 3994
8.32 3995
8.32 3996
8.33 3997
8.33 3998
8.33 3999
8.33 4000
8.33 4001
8.33 4002
8.34 4003
8.34 4004
8.34 4005
8.34 4006
8.34 4007
8.35 4008
8.35 4009
8.35 4010
8.35 4011
8.36 4012
8.36 4013
8.36 4014
8.36 4015
8.37 4016
8.37 4017
8.37 4018
8.37 4019
8.37 4020
8.38 4021
8.38 4022
8.38 4023
8.38 4024
8.38 4025
8.39 4026
8.39 4027
8.39 4028
8.39 4029
8.39 4030
8.39 4031
8.4 4032
8.4 4033
8.4 4034
8.4 4035
8.4 4036
8.41 4037
8.41 4038
8.41 4039
8.41 4040
8.41 4041
8.41 4042
8.42 4043
8.42 4044
8.42 4045
8.42 4046
8.43 4047
8.43 4048
8.43 4049
8.43 4050
8.44 4051
8.44 4052
8.44 4053
8.44 4054
8.44 4055
8.45 4056
8.45 4057
8.45 4058
8.45 4059
8.45 4060
8.46 4061
8.46 4062
8.46 4063
8.46 4064
8.46 4065
8.46 4066
8.47 4067
8.47 4068
8.47 4069
8.47 4070
8.47 4071
8.48 4072
8.48 4073
8.48 4074
8.48 4075
8.48 4076
8.48 4077
8.49 4078
8.49 4079
8.49 4080
8.49 4081
8.49 4082
8.5 4083
8.5 4084
8.5 4085
8.5 4086
8.5 4087
8.5 4088
8.51 4089
8.51 4090
8.51 4091
8.51 4092
8.51 4093
8.52 4094
8.52 4095
8.52 4096
8.52 4097
8.52 4098
8.52 4099
8.53 4100
8.53 4101
8.53 4102
8.53 4103
8.53 4104
8.54 4105
8.54 4106
8.54 4107
8.54 4108
8.54 4109
8.54 4110
8.55 4111
8.55 4112
8.55 4113
8.55 4114
8.55 4115
8.56 4116
8.56 4117
8.56 4118
8.56 4119
8.56 4120
8.56 4121
8.57 4122
8.57 4123
8.57 4124
8.57 4125
8.57 4126
8.58 4127
8.58 4128
8.58 4129
8.58 4130
8.58 4131
8.58 4132
8.59 4133
8.59 4134
8.59 4135
8.59 4136
8.59 4137
8.6 4138
8.6 4139
8.6 4140
8.6 4141
8.6 4142
8.6 4143
8.61 4144
8.61 4145
8.61 4146
8.61 4147
8.62 4148
8.62 4149
8.62 4150
8.62 4151
8.63 4152
8.63 4153
8.63 4154
8.63 4155
8.64 4156
8.64 4157
8.64 4158
8.64 4159
8.64 4160
8.64 4161
8.65 4162
8.65 4163
8.65 4164
8.65 4165
8.65 4166
8.66 4167
8.66 4168
8.66 4169
8.66 4170
8.66 4171
8.66 4172
8.67 4173
8.67 4174
8.67 4175
8.67 4176
8.67 4177
8.68 4178
8.68 4179
8.68 4180
8.68 4181
8.69 4182
8.69 4183
8.69 4184
8.69 4185
8.69 4186
8.7 4187
8.7 4188
8.7 4189
8.7 4190
8.71 4191
8.71 4192
8.71 4193
8.71 4194
8.71 4195
8.71 4196
8.72 4197
8.72 4198
8.72 4199
8.72 4200
8.72 4201
8.73 4202
8.73 4203
8.73 4204
8.73 4205
8.73 4206
8.73 4207
8.74 4208
8.74 4209
8.74 4210
8.74 4211
8.74 4212
8.75 4213
8.75 4214
8.75 4215
8.75 4216
8.75 4217
8.75 4218
8.76 4219
8.76 4220
8.76 4221
8.76 4222
8.76 4223
8.77 4224
8.77 4225
8.77 4226
8.77 4227
8.77 4228
8.77 4229
8.78 4230
8.78 4231
8.78 4232
8.78 4233
8.78 4234
8.79 4235
8.79 4236
8.79 4237
8.79 4238
8.79 4239
8.79 4240
8.8 4241
8.8 4242
8.8 4243
8.8 4244
8.8 4245
8.81 4246
8.81 4247
8.81 4248
8.81 4249
8.81 4250
8.82 4251
8.82 4252
8.82 4253
8.82 4254
8.82 4255
8.82 4256
8.83 4257
8.83 4258
8.83 4259
8.83 4260
8.83 4261
8.83 4262
8.84 4263
8.84 4264
8.84 4265
8.84 4266
8.84 4267
8.85 4268
8.85 4269
8.85 4270
8.85 4271
8.85 4272
8.85 4273
8.86 4274
8.86 4275
8.86 4276
8.86 4277
8.86 4278
8.87 4279
8.87 4280
8.87 4281
8.87 4282
8.87 4283
8.88 4284
8.88 4285
8.88 4286
8.88 4287
8.89 4288
8.89 4289
8.89 4290
8.89 4291
8.9 4292
8.9 4293
8.9 4294
8.9 4295
8.9 4296
8.9 4297
8.91 4298
8.91 4299
8.91 4300
8.91 4301
8.91 4302
8.92 4303
8.92 4304
8.92 4305
8.92 4306
8.92 4307
8.92 4308
8.93 4309
8.93 4310
8.93 4311
8.93 4312
8.93 4313
8.94 4314
8.94 4315
8.94 4316
8.94 4317
8.95 4318
8.95 4319
8.95 4320
8.95 4321
8.95 4322
8.96 4323
8.96 4324
8.96 4325
8.96 4326
8.97 4327
8.97 4328
8.97 4329
8.97 4330
8.97 4331
8.98 4332
8.98 4333
8.98 4334
8.98 4335
8.98 4336
8.98 4337
8.99 4338
8.99 4339
8.99 4340
8.99 4341
8.99 4342
8.99 4343
9.0 4344
9.0 4345
9.0 4346
9.0 4347
9.0 4348
9.01 4349
9.01 4350
9.01 4351
9.01 4352
9.01 4353
9.01 4354
9.02 4355
9.02 4356
9.02 4357
9.02 4358
9.02 4359
9.03 4360
9.03 4361
9.03 4362
9.03 4363
9.03 4364
9.03 4365
9.04 4366
9.04 4367
9.04 4368
9.04 4369
9.04 4370
9.05 4371
9.05 4372
9.05 4373
9.05 4374
9.05 4375
9.05 4376
9.06 4377
9.06 4378
9.06 4379
9.06 4380
9.06 4381
9.07 4382
9.07 4383
9.07 4384
9.07 4385
9.07 4386
9.07 4387
9.08 4388
9.08 4389
9.08 4390
9.08 4391
9.08 4392
9.09 4393
9.09 4394
9.09 4395
9.09 4396
9.09 4397
9.1 4398
9.1 4399
9.1 4400
9.1 4401
9.1 4402
9.1 4403
9.11 4404
9.11 4405
9.11 4406
9.11 4407
9.11 4408
9.12 4409
9.12 4410
9.12 4411
9.12 4412
9.12 4413
9.12 4414
9.13 4415
9.13 4416
9.13 4417
9.13 4418
9.13 4419
9.14 4420
9.14 4421
9.14 4422
9.14 4423
9.14 4424
9.14 4425
9.15 4426
9.15 4427
9.15 4428
9.15 4429
9.16 4430
9.16 4431
9.16 4432
9.16 4433
9.17 4434
9.17 4435
9.17 4436
9.17 4437
9.17 4438
9.18 4439
9.18 4440
9.18 4441
9.18 4442
9.18 4443
9.19 4444
9.19 4445
9.19 4446
9.19 4447
9.19 4448
9.19 4449
9.2 4450
9.2 4451
9.2 4452
9.2 4453
9.2 4454
9.21 4455
9.21 4456
9.21 4457
9.21 4458
9.21 4459
9.21 4460
9.22 4461
9.22 4462
9.22 4463
9.22 4464
9.23 4465
9.23 4466
9.23 4467
9.23 4468
9.24 4469
9.24 4470
9.24 4471
9.24 4472
9.24 4473
9.25 4474
9.25 4475
9.25 4476
9.25 4477
9.25 4478
9.25 4479
9.26 4480
9.26 4481
9.26 4482
9.26 4483
9.26 4484
9.27 4485
9.27 4486
9.27 4487
9.27 4488
9.27 4489
9.27 4490
9.28 4491
9.28 4492
9.28 4493
9.28 4494
9.28 4495
9.29 4496
9.29 4497
9.29 4498
9.29 4499
9.29 4500
9.29 4501
9.3 4502
9.3 4503
9.3 4504
9.3 4505
9.3 4506
9.31 4507
9.31 4508
9.31 4509
9.31 4510
9.31 4511
9.31 4512
9.32 4513
9.32 4514
9.32 4515
9.32 4516
9.32 4517
9.33 4518
9.33 4519
9.33 4520
9.33 4521
9.33 4522
9.33 4523
9.34 4524
9.34 4525
9.34 4526
9.34 4527
9.34 4528
9.34 4529
9.35 4530
9.35 4531
9.35 4532
9.35 4533
9.35 4534
9.36 4535
9.36 4536
9.36 4537
9.36 4538
9.36 4539
9.36 4540
9.37 4541
9.37 4542
9.37 4543
9.37 4544
9.37 4545
9.38 4546
9.38 4547
9.38 4548
9.38 4549
9.38 4550
9.38 4551
9.39 4552
9.39 4553
9.39 4554
9.39 4555
9.39 4556
9.4 4557
9.4 4558
9.4 4559
9.4 4560
9.4 4561
9.4 4562
9.41 4563
9.41 4564
9.41 4565
9.41 4566
9.42 4567
9.42 4568
9.42 4569
9.42 4570
9.42 4571
9.43 4572
9.43 4573
9.43 4574
9.43 4575
9.44 4576
9.44 4577
9.44 4578
9.44 4579
9.44 4580
9.44 4581
9.45 4582
9.45 4583
9.45 4584
9.45 4585
9.45 4586
9.46 4587
9.46 4588
9.46 4589
9.46 4590
9.46 4591
9.47 4592
9.47 4593
9.47 4594
9.47 4595
9.47 4596
9.47 4597
9.48 4598
9.48 4599
9.48 4600
9.48 4601
9.49 4602
9.49 4603
9.49 4604
9.49 4605
9.49 4606
9.5 4607
9.5 4608
9.5 4609
9.5 4610
9.51 4611
9.51 4612
9.51 4613
9.51 4614
9.51 4615
9.51 4616
9.52 4617
9.52 4618
9.52 4619
9.52 4620
9.52 4621
9.53 4622
9.53 4623
9.53 4624
9.53 4625
9.53 4626
9.53 4627
9.54 4628
9.54 4629
9.54 4630
9.54 4631
9.54 4632
9.54 4633
9.55 4634
9.55 4635
9.55 4636
9.55 4637
9.55 4638
9.56 4639
9.56 4640
9.56 4641
9.56 4642
9.56 4643
9.56 4644
9.57 4645
9.57 4646
9.57 4647
9.57 4648
9.57 4649
9.58 4650
9.58 4651
9.58 4652
9.58 4653
9.58 4654
9.58 4655
9.59 4656
9.59 4657
9.59 4658
9.59 4659
9.59 4660
9.6 4661
9.6 4662
9.6 4663
9.6 4664
9.6 4665
9.6 4666
9.61 4667
9.61 4668
9.61 4669
9.61 4670
9.61 4671
9.62 4672
9.62 4673
9.62 4674
9.62 4675
9.62 4676
9.62 4677
9.63 4678
9.63 4679
9.63 4680
9.63 4681
9.63 4682
9.64 4683
9.64 4684
9.64 4685
9.64 4686
9.64 4687
9.64 4688
9.65 4689
9.65 4690
9.65 4691
9.65 4692
9.65 4693
9.66 4694
9.66 4695
9.66 4696
9.66 4697
