0.0 14109
0.0 14108.0
0.0 14107.0
0.0 14106.0
0.01 14105.0
0.01 14104.0
0.01 14103.0
0.01 14102.0
0.01 14101.0
0.01 14100.0
0.01 14099.0
0.01 14098.0
0.01 14097.0
0.01 14096.0
0.01 14095.0
0.01 14094.0
0.01 14093.0
0.01 14092.0
0.01 14091.0
0.01 14090.0
0.01 14089.0
0.01 14088.0
0.01 14087.0
0.01 14086.0
9.57 5761.0
19.33 5315.0
29.96 5226.0
37.8 5205.0
47.05 5112.0
56.35 5111.0
56.37 5110.0
64.5 5065.0
79.0 5001.0
91.08 4992.0
104.18 4991.0
104.72 4990.0
115.47 4987.0
124.76 4986.0
124.86 4985.0
137.87 4969.0
148.47 4960.0
164.12 4952.0
181.8 4951.0
181.85 4950.0
194.11 4949.0
194.28 4948.0
205.76 4946.0
215.35 4945.0
215.4 4944.0
225.47 4943.0
225.51 4942.0
235.33 4941.0
235.66 4940.0
248.28 4919.0
