10.43 7373
20.48 7372
21.06 7371
21.06 7370
21.06 7369
21.08 7368
21.13 7367
21.14 7366
21.15 7365
21.15 7364
21.15 7363
21.22 7362
21.23 7361
21.23 7360
21.24 7359
21.24 7358
21.24 7357
21.26 7356
21.26 7355
21.47 7354
21.47 7353
21.47 7352
21.49 7351
21.85 7350
21.85 7349
21.85 7348
21.85 7347
21.85 7346
21.86 7345
21.89 7344
21.92 7343
21.92 7342
21.93 7341
21.93 7340
21.93 7339
23.06 7338
23.08 7337
23.08 7336
23.11 7335
23.11 7334
23.12 7333
23.14 7332
23.14 7331
23.14 7330
23.14 7329
28.64 7328
28.66 7327
28.67 7326
28.87 7325
29.03 7324
29.03 7323
29.1 7322
29.27 7321
29.27 7320
29.27 7319
29.3 7318
29.31 7317
29.32 7316
29.74 7315
29.77 7314
29.83 7313
29.86 7312
29.87 7311
29.87 7310
29.87 7309
29.89 7308
29.9 7307
29.91 7306
29.94 7305
30.04 7304
30.04 7303
30.04 7302
30.14 7301
30.14 7300
31.09 7299
31.09 7298
31.11 7297
31.12 7296
31.7 7295
31.7 7294
32.11 7293
32.36 7292
32.36 7291
32.36 7290
32.37 7289
32.37 7288
32.37 7287
32.37 7286
32.37 7285
32.37 7284
32.37 7283
32.37 7282
32.42 7281
32.43 7280
32.45 7279
33.34 7278
33.34 7277
33.34 7276
33.34 7275
33.36 7274
33.38 7273
33.81 7272
33.81 7271
33.86 7270
33.86 7269
34.67 7268
34.67 7267
34.67 7266
34.68 7265
34.7 7264
35.28 7263
35.3 7262
35.38 7261
35.38 7260
35.6 7259
36.35 7258
36.35 7257
38.04 7256
38.24 7255
38.24 7254
38.56 7253
38.96 7252
38.96 7251
38.96 7250
38.96 7249
38.96 7248
38.96 7247
38.96 7246
40.48 7245
40.49 7244
40.52 7243
40.52 7242
41.32 7241
41.35 7240
41.35 7239
41.35 7238
44.97 7237
54.04 7236
54.47 7235
55.24 7234
58.62 7233
58.62 7232
58.63 7231
58.63 7230
58.63 7229
58.63 7228
58.63 7227
58.63 7226
58.63 7225
58.63 7224
58.63 7223
58.63 7222
58.63 7221
58.63 7220
58.63 7219
58.64 7218
66.37 7217
67.85 7216
70.3 7215
70.36 7214
70.64 7213
70.72 7212
70.97 7211
70.97 7210
73.16 7209
73.49 7208
74.0 7207
74.0 7206
74.67 7205
75.56 7204
75.82 7203
79.2 7202
79.2 7201
79.42 7200
80.48 7199
80.63 7198
80.76 7197
80.81 7196
80.94 7195
81.02 7194
81.39 7193
81.39 7192
81.76 7191
81.76 7190
83.18 7189
85.71 7188
87.9 7187
87.9 7186
93.67 7185
93.67 7184
94.1 7183
94.29 7182
94.29 7181
94.29 7180
94.77 7179
94.77 7178
98.47 7177
98.98 7176
106.88 7175
109.42 7174
109.42 7173
109.5 7172
112.03 7171
112.1 7170
118.79 7169
123.04 7168
124.86 7167
127.52 7166
127.76 7165
127.99 7164
129.18 7163
130.3 7162
131.44 7161
134.45 7160
141.06 7159
141.13 7158
143.03 7157
146.09 7156
149.15 7155
149.15 7154
149.15 7153
149.27 7152
150.6 7151
151.14 7150
151.14 7149
151.35 7148
152.0 7147
153.59 7146
157.14 7145
157.43 7144
160.44 7143
160.44 7142
162.16 7141
162.17 7140
163.8 7139
164.82 7138
166.58 7137
166.63 7136
169.1 7135
169.11 7134
170.22 7133
171.01 7132
179.04 7131
193.51 7130
