0.02 2
0.04 3
0.06 4
0.07 5
0.09 6
0.11 7
0.13 8
0.14 9
0.16 10
0.18 11
0.19 12
0.21 13
0.22 14
0.24 15
0.25 16
0.27 17
0.28 18
0.29 19
0.31 20
0.32 21
0.34 22
0.35 23
0.36 24
0.38 25
0.39 26
0.41 27
0.42 28
0.43 29
0.45 30
0.46 31
0.47 32
0.49 33
0.5 34
0.51 35
0.52 36
0.54 37
0.55 38
0.56 39
0.57 40
0.59 41
0.6 42
0.61 43
0.62 44
0.63 45
0.65 46
0.66 47
0.67 48
0.68 49
0.69 50
0.7 51
0.71 52
0.71 53
0.71 54
0.71 55
0.72 56
0.72 57
0.72 58
0.72 59
0.73 60
0.73 61
0.73 62
0.74 63
0.74 64
0.74 65
0.74 66
0.75 67
0.75 68
0.75 69
0.75 70
0.76 71
0.76 72
0.76 73
0.76 74
0.77 75
0.77 76
0.77 77
0.77 78
0.78 79
0.78 80
0.78 81
0.79 82
0.79 83
0.79 84
0.79 85
0.8 86
0.8 87
0.8 88
0.8 89
0.81 90
0.81 91
0.81 92
0.81 93
0.82 94
0.82 95
0.82 96
0.82 97
0.83 98
0.83 99
0.83 100
0.83 101
0.84 102
0.84 103
0.84 104
0.84 105
0.85 106
0.85 107
0.85 108
0.85 109
0.86 110
0.86 111
0.86 112
0.87 113
0.87 114
0.87 115
0.87 116
0.88 117
0.88 118
0.88 119
0.88 120
0.89 121
0.89 122
0.89 123
0.89 124
0.9 125
0.9 126
0.9 127
0.9 128
0.91 129
0.91 130
0.91 131
0.91 132
0.92 133
0.92 134
0.92 135
0.93 136
0.93 137
0.93 138
0.94 139
0.94 140
0.94 141
0.95 142
0.95 143
0.95 144
0.96 145
0.96 146
0.96 147
0.97 148
0.97 149
0.97 150
0.98 151
0.98 152
0.98 153
0.98 154
0.99 155
0.99 156
0.99 157
0.99 158
1.0 159
1.0 160
1.0 161
1.0 162
1.01 163
1.01 164
1.01 165
1.01 166
1.02 167
1.02 168
1.02 169
1.02 170
1.03 171
1.03 172
1.03 173
1.03 174
1.04 175
1.04 176
1.04 177
1.05 178
1.05 179
1.05 180
1.05 181
1.06 182
1.06 183
1.06 184
1.06 185
1.07 186
1.07 187
1.07 188
1.07 189
1.08 190
1.08 191
1.08 192
1.08 193
1.09 194
1.09 195
1.09 196
1.09 197
1.1 198
1.1 199
1.1 200
1.1 201
1.11 202
1.11 203
1.11 204
1.11 205
1.12 206
1.12 207
1.12 208
1.12 209
1.13 210
1.13 211
1.13 212
1.13 213
1.14 214
1.14 215
1.14 216
1.14 217
1.15 218
1.15 219
1.15 220
1.15 221
1.16 222
1.16 223
1.16 224
1.16 225
1.17 226
1.17 227
1.17 228
1.17 229
1.18 230
1.18 231
1.18 232
1.19 233
1.19 234
1.19 235
1.2 236
1.2 237
1.2 238
1.21 239
1.21 240
1.21 241
1.22 242
1.22 243
1.22 244
1.23 245
1.23 246
1.23 247
1.24 248
1.24 249
1.24 250
1.24 251
1.25 252
1.25 253
1.25 254
1.26 255
1.26 256
1.26 257
1.26 258
1.27 259
1.27 260
1.27 261
1.27 262
1.28 263
1.28 264
1.28 265
1.28 266
1.29 267
1.29 268
1.29 269
1.29 270
1.3 271
1.3 272
1.3 273
1.3 274
1.31 275
1.31 276
1.31 277
1.31 278
1.32 279
1.32 280
1.32 281
1.32 282
1.33 283
1.33 284
1.33 285
1.33 286
1.34 287
1.34 288
1.34 289
1.34 290
1.35 291
1.35 292
1.35 293
1.35 294
1.36 295
1.36 296
1.36 297
1.36 298
1.37 299
1.37 300
1.37 301
1.37 302
1.38 303
1.38 304
1.38 305
1.38 306
1.39 307
1.39 308
1.39 309
1.39 310
1.4 311
1.4 312
1.4 313
1.4 314
1.41 315
1.41 316
1.41 317
1.41 318
1.42 319
1.42 320
1.42 321
1.42 322
1.43 323
1.43 324
1.43 325
1.43 326
1.44 327
1.44 328
1.44 329
1.44 330
1.45 331
1.45 332
1.45 333
1.46 334
1.46 335
1.46 336
1.46 337
1.47 338
1.47 339
1.47 340
1.48 341
1.48 342
1.48 343
1.49 344
1.49 345
1.49 346
1.5 347
1.5 348
1.5 349
1.51 350
1.51 351
1.51 352
1.52 353
1.52 354
1.52 355
1.52 356
1.53 357
1.53 358
1.53 359
1.53 360
1.54 361
1.54 362
1.54 363
1.54 364
1.55 365
1.55 366
1.55 367
1.55 368
1.56 369
1.56 370
1.56 371
1.56 372
1.57 373
1.57 374
1.57 375
1.57 376
1.58 377
1.58 378
1.58 379
1.59 380
1.59 381
1.59 382
1.59 383
1.6 384
1.6 385
1.6 386
1.6 387
1.61 388
1.61 389
1.61 390
1.61 391
1.62 392
1.62 393
1.62 394
1.62 395
1.63 396
1.63 397
1.63 398
1.63 399
1.63 400
1.64 401
1.64 402
1.64 403
1.64 404
1.65 405
1.65 406
1.65 407
1.65 408
1.66 409
1.66 410
1.66 411
1.66 412
1.67 413
1.67 414
1.67 415
1.67 416
1.68 417
1.68 418
1.68 419
1.68 420
1.69 421
1.69 422
1.69 423
1.69 424
1.7 425
1.7 426
1.7 427
1.7 428
1.71 429
1.71 430
1.71 431
1.71 432
1.72 433
1.72 434
1.72 435
1.73 436
1.73 437
1.73 438
1.74 439
1.74 440
1.74 441
1.75 442
1.75 443
1.75 444
1.76 445
1.76 446
1.76 447
1.77 448
1.77 449
1.77 450
1.78 451
1.78 452
1.78 453
1.78 454
1.79 455
1.79 456
1.79 457
1.79 458
1.8 459
1.8 460
1.8 461
1.8 462
1.81 463
1.81 464
1.81 465
1.81 466
1.82 467
1.82 468
1.82 469
1.82 470
1.83 471
1.83 472
1.83 473
1.83 474
1.84 475
1.84 476
1.84 477
1.84 478
1.85 479
1.85 480
1.85 481
1.85 482
1.85 483
1.86 484
1.86 485
1.86 486
1.86 487
1.87 488
1.87 489
1.87 490
1.87 491
1.88 492
1.88 493
1.88 494
1.88 495
1.89 496
1.89 497
1.89 498
1.89 499
1.9 500
1.9 501
1.9 502
1.9 503
1.91 504
1.91 505
1.91 506
1.91 507
1.92 508
1.92 509
1.92 510
1.92 511
1.93 512
1.93 513
1.93 514
1.93 515
1.94 516
1.94 517
1.94 518
1.94 519
1.95 520
1.95 521
1.95 522
1.95 523
1.96 524
1.96 525
1.96 526
1.96 527
1.97 528
1.97 529
1.97 530
1.97 531
1.98 532
1.98 533
1.98 534
1.98 535
1.99 536
1.99 537
1.99 538
2.0 539
2.0 540
2.0 541
2.01 542
2.01 543
2.01 544
2.02 545
2.02 546
2.02 547
2.03 548
2.03 549
2.03 550
2.04 551
2.04 552
2.04 553
2.05 554
2.05 555
2.05 556
2.05 557
2.06 558
2.06 559
2.06 560
2.06 561
2.07 562
2.07 563
2.07 564
2.07 565
2.08 566
2.08 567
2.08 568
2.08 569
2.09 570
2.09 571
2.09 572
2.09 573
2.1 574
2.1 575
2.1 576
2.1 577
2.11 578
2.11 579
2.11 580
2.11 581
2.12 582
2.12 583
2.12 584
2.12 585
2.13 586
2.13 587
2.13 588
2.13 589
2.14 590
2.14 591
2.14 592
2.14 593
2.15 594
2.15 595
2.15 596
2.15 597
2.16 598
2.16 599
2.16 600
2.16 601
2.17 602
2.17 603
2.17 604
2.17 605
2.18 606
2.18 607
2.18 608
2.18 609
2.19 610
2.19 611
2.19 612
2.19 613
2.19 614
2.2 615
2.2 616
2.2 617
2.21 618
2.21 619
2.21 620
2.21 621
2.22 622
2.22 623
2.22 624
2.22 625
2.23 626
2.23 627
2.23 628
2.23 629
2.24 630
2.24 631
2.24 632
2.24 633
2.25 634
2.25 635
2.25 636
2.25 637
2.26 638
2.26 639
2.26 640
2.26 641
2.27 642
2.27 643
2.27 644
2.28 645
2.28 646
2.28 647
2.29 648
2.29 649
2.29 650
2.3 651
2.3 652
2.3 653
2.31 654
2.31 655
2.31 656
2.32 657
2.32 658
2.32 659
2.32 660
2.33 661
2.33 662
2.33 663
2.33 664
2.34 665
2.34 666
2.34 667
2.34 668
2.35 669
2.35 670
2.35 671
2.35 672
2.36 673
2.36 674
2.36 675
2.36 676
2.36 677
2.37 678
2.37 679
2.37 680
2.38 681
2.38 682
2.38 683
2.39 684
2.39 685
2.39 686
2.39 687
2.4 688
2.4 689
2.4 690
2.4 691
2.41 692
2.41 693
2.41 694
2.41 695
2.42 696
2.42 697
2.42 698
2.42 699
2.43 700
2.43 701
2.43 702
2.43 703
2.44 704
2.44 705
2.44 706
2.44 707
2.45 708
2.45 709
2.45 710
2.45 711
2.46 712
2.46 713
2.46 714
2.46 715
2.47 716
2.47 717
2.47 718
2.47 719
2.48 720
2.48 721
2.48 722
2.48 723
2.49 724
2.49 725
2.49 726
2.49 727
2.5 728
2.5 729
2.5 730
2.51 731
2.51 732
2.51 733
2.52 734
2.52 735
2.52 736
2.53 737
2.53 738
2.53 739
2.54 740
2.54 741
2.55 742
2.55 743
2.55 744
2.56 745
2.56 746
2.56 747
2.57 748
2.57 749
2.58 750
2.58 751
2.58 752
2.59 753
2.59 754
2.59 755
2.6 756
2.6 757
2.6 758
2.6 759
2.61 760
2.61 761
2.61 762
2.61 763
2.62 764
2.62 765
2.62 766
2.62 767
2.63 768
2.63 769
2.63 770
2.63 771
2.64 772
2.64 773
2.64 774
2.64 775
2.65 776
2.65 777
2.65 778
2.65 779
2.66 780
2.66 781
2.66 782
2.66 783
2.67 784
2.67 785
2.67 786
2.67 787
2.68 788
2.68 789
2.68 790
2.68 791
2.69 792
2.69 793
2.69 794
2.69 795
2.7 796
2.7 797
2.7 798
2.71 799
2.71 800
2.71 801
2.71 802
2.72 803
2.72 804
2.72 805
2.73 806
2.73 807
2.73 808
2.73 809
2.74 810
2.74 811
2.74 812
2.75 813
2.75 814
2.75 815
2.75 816
2.76 817
2.76 818
2.76 819
2.76 820
2.77 821
2.77 822
2.77 823
2.77 824
2.78 825
2.78 826
2.78 827
2.79 828
2.79 829
2.79 830
2.8 831
2.8 832
2.8 833
2.8 834
2.81 835
2.81 836
2.81 837
2.82 838
2.82 839
2.82 840
2.83 841
2.83 842
2.83 843
2.84 844
2.84 845
2.84 846
2.84 847
2.85 848
2.85 849
2.85 850
2.85 851
2.86 852
2.86 853
2.86 854
2.86 855
2.87 856
2.87 857
2.87 858
2.87 859
2.88 860
2.88 861
2.88 862
2.88 863
2.89 864
2.89 865
2.89 866
2.89 867
2.9 868
2.9 869
2.9 870
2.9 871
2.9 872
2.91 873
2.91 874
2.91 875
2.91 876
2.92 877
2.92 878
2.92 879
2.92 880
2.93 881
2.93 882
2.93 883
2.93 884
2.94 885
2.94 886
2.94 887
2.94 888
2.95 889
2.95 890
2.95 891
2.95 892
2.96 893
2.96 894
2.96 895
2.96 896
2.97 897
2.97 898
2.97 899
2.97 900
2.98 901
2.98 902
2.98 903
2.98 904
2.99 905
2.99 906
2.99 907
2.99 908
3.0 909
3.0 910
3.0 911
