9.81 7373
16.51 7372
16.61 7371
16.7 7370
16.72 7369
16.76 7368
16.77 7367
18.4 7366
18.42 7365
18.42 7364
19.0 7363
19.04 7362
19.05 7361
19.07 7360
19.08 7359
19.08 7358
19.09 7357
23.6 7356
23.62 7355
26.12 7354
26.45 7353
26.45 7352
26.45 7351
26.47 7350
26.49 7349
26.59 7348
26.59 7347
26.59 7346
26.59 7345
26.66 7344
26.77 7343
26.83 7342
26.83 7341
26.83 7340
26.83 7339
26.83 7338
26.83 7337
26.85 7336
26.85 7335
26.85 7334
26.86 7333
26.89 7332
26.9 7331
26.9 7330
26.96 7329
26.96 7328
27.01 7327
27.06 7326
27.06 7325
27.06 7324
27.1 7323
27.16 7322
27.16 7321
27.24 7320
27.36 7319
27.36 7318
27.36 7317
27.36 7316
27.52 7315
27.52 7314
27.53 7313
27.53 7312
27.53 7311
27.53 7310
27.53 7309
27.53 7308
27.53 7307
28.31 7306
28.34 7305
28.35 7304
28.35 7303
28.37 7302
28.37 7301
28.37 7300
28.4 7299
28.44 7298
28.44 7297
28.59 7296
28.68 7295
28.68 7294
28.82 7293
29.6 7292
29.6 7291
29.61 7290
29.62 7289
29.74 7288
29.99 7287
30.27 7286
30.27 7285
30.27 7284
30.74 7283
31.0 7282
31.0 7281
31.0 7280
31.0 7279
31.0 7278
31.0 7277
31.0 7276
31.0 7275
31.0 7274
31.0 7273
31.09 7272
31.14 7271
31.15 7270
31.49 7269
31.54 7268
31.54 7267
31.6 7266
31.6 7265
31.6 7264
31.6 7263
31.97 7262
32.24 7261
32.48 7260
32.48 7259
32.49 7258
32.49 7257
32.58 7256
33.09 7255
33.09 7254
33.09 7253
33.09 7252
33.09 7251
33.1 7250
33.1 7249
33.8 7248
33.81 7247
34.4 7246
34.4 7245
35.01 7244
35.01 7243
35.01 7242
35.01 7241
35.45 7240
35.45 7239
35.45 7238
35.46 7237
35.46 7236
35.47 7235
35.47 7234
35.52 7233
37.39 7232
37.82 7231
37.82 7230
37.82 7229
37.82 7228
37.82 7227
37.82 7226
37.82 7225
37.83 7224
37.83 7223
38.22 7222
38.22 7221
42.26 7220
42.27 7219
44.02 7218
45.22 7217
49.99 7216
54.7 7215
56.83 7214
56.83 7213
56.83 7212
56.83 7211
56.83 7210
56.84 7209
56.84 7208
59.53 7207
59.53 7206
59.53 7205
59.53 7204
59.54 7203
59.54 7202
59.54 7201
59.54 7200
59.54 7199
59.54 7198
59.54 7197
59.54 7196
59.54 7195
59.54 7194
59.54 7193
59.54 7192
59.54 7191
59.54 7190
59.55 7189
64.8 7188
67.13 7187
68.44 7186
68.51 7185
68.59 7184
68.76 7183
68.82 7182
69.5 7181
70.33 7180
70.46 7179
70.51 7178
71.09 7177
71.47 7176
71.48 7175
72.59 7174
72.96 7173
74.84 7172
74.87 7171
74.97 7170
77.9 7169
80.37 7168
80.38 7167
80.38 7166
80.73 7165
81.38 7164
89.72 7163
89.88 7162
92.85 7161
92.85 7160
94.41 7159
95.84 7158
99.5 7157
100.21 7156
109.59 7155
109.6 7154
110.65 7153
111.47 7152
111.55 7151
113.79 7150
115.8 7149
119.58 7148
121.05 7147
121.05 7146
121.14 7145
121.25 7144
124.42 7143
124.51 7142
133.8 7141
133.8 7140
134.36 7139
134.66 7138
135.14 7137
142.25 7136
142.33 7135
146.42 7134
147.65 7133
147.68 7132
147.74 7131
147.77 7130
147.77 7129
156.06 7128
156.13 7127
162.86 7126
163.15 7125
169.6 7124
169.79 7123
173.97 7122
175.53 7121
175.53 7120
183.13 7119
184.14 7118
190.15 7117
211.66 7116
212.56 7115
212.56 7114
212.57 7113
212.57 7112
217.3 7111
239.99 7110
243.41 7109
245.6 7108
254.35 7107
255.84 7106
255.84 7105
264.35 7104
265.91 7103
265.91 7102
266.19 7101
270.27 7100
270.71 7099
281.1 7098
281.1 7097
297.21 7096
297.88 7095
