0.0 11023
0.05 11022
0.05 11021
0.05 11020
0.05 11019
0.05 11018
0.05 11017
0.05 11016
0.05 11015
0.05 11014
0.05 11013
0.05 11012
0.05 11011
0.05 11010
0.05 11009
0.05 11008
0.05 11007
0.05 11006
0.05 11005
0.05 11004
0.05 11003
0.05 11002
0.05 11001
0.05 11000
0.05 10999
0.05 10998
0.05 10997
0.05 10996
0.05 10995
0.05 10994
0.05 10993
0.05 10992
0.05 10991
0.05 10990
0.06 10989
0.06 10988
0.06 10987
0.06 10986
0.06 10985
0.06 10984
0.06 10983
0.06 10982
0.06 10981
0.06 10980
0.06 10979
0.06 10978
0.06 10977
0.06 10976
0.06 10975
0.06 10974
0.06 10973
0.06 10972
0.06 10971
0.06 10970
0.06 10969
0.06 10968
0.06 10967
0.06 10966
0.06 10965
0.06 10964
0.06 10963
0.06 10962
0.06 10961
0.06 10960
0.06 10959
0.06 10958
0.06 10957
0.06 10956
0.06 10955
0.06 10954
0.06 10953
0.06 10952
0.06 10951
0.06 10950
0.06 10949
0.07 10948
0.07 10947
0.07 10946
0.07 10945
0.07 10944
0.07 10943
0.07 10942
0.07 10941
0.07 10940
0.07 10939
0.07 10938
0.07 10937
0.07 10936
0.07 10935
0.07 10934
0.07 10933
0.07 10932
0.07 10931
0.07 10930
0.07 10929
0.07 10928
0.07 10927
0.07 10926
0.07 10925
0.07 10924
0.07 10923
0.07 10922
0.07 10921
0.07 10920
0.07 10919
0.07 10918
0.07 10917
0.07 10916
0.07 10915
0.07 10914
0.07 10913
0.07 10912
0.07 10911
0.08 10910
0.08 10909
0.08 10908
0.08 10907
0.08 10906
0.08 10905
0.08 10904
0.08 10903
0.08 10902
0.08 10901
0.08 10900
0.08 10899
0.08 10898
0.08 10897
0.08 10896
0.08 10895
0.08 10894
0.08 10893
0.09 10892
0.09 10891
0.09 10890
0.09 10889
0.09 10888
0.09 10887
0.09 10886
0.09 10885
0.09 10884
0.09 10883
0.09 10882
0.09 10881
0.09 10880
0.09 10879
0.09 10878
0.09 10877
0.09 10876
0.09 10875
0.09 10874
0.1 10873
0.1 10872
0.1 10871
0.1 10870
0.1 10869
0.1 10868
0.1 10867
0.1 10866
0.1 10865
0.1 10864
0.1 10863
0.1 10862
0.1 10861
0.1 10860
0.1 10859
0.1 10858
0.1 10857
0.1 10856
0.1 10855
0.1 10854
0.1 10853
0.1 10852
0.1 10851
0.1 10850
0.1 10849
0.1 10848
0.11 10847
0.11 10846
0.11 10845
0.11 10844
0.11 10843
0.11 10842
0.11 10841
0.11 10840
0.11 10839
0.11 10838
0.11 10837
0.11 10836
0.11 10835
0.11 10834
0.11 10833
0.11 10832
0.11 10831
0.11 10830
0.11 10829
0.11 10828
0.11 10827
0.11 10826
0.11 10825
0.11 10824
0.11 10823
0.11 10822
0.11 10821
0.11 10820
0.11 10819
0.12 10818
0.12 10817
0.12 10816
0.12 10815
0.12 10814
0.12 10813
0.12 10812
0.12 10811
0.12 10810
0.12 10809
0.12 10808
0.12 10807
0.12 10806
0.12 10805
0.12 10804
0.12 10803
0.12 10802
0.13 10801
0.13 10800
0.13 10799
0.13 10798
0.13 10797
0.13 10796
0.13 10795
0.13 10794
0.13 10793
0.13 10792
0.13 10791
0.13 10790
0.13 10789
0.13 10788
0.13 10787
0.13 10786
0.13 10785
0.14 10784
0.14 10783
0.14 10782
0.14 10781
0.14 10780
0.14 10779
0.14 10778
0.14 10777
0.14 10776
0.14 10775
0.14 10774
0.14 10773
0.14 10772
0.14 10771
0.14 10770
0.14 10769
0.14 10768
0.14 10767
0.14 10766
0.14 10765
0.14 10764
0.14 10763
0.14 10762
0.14 10761
0.14 10760
0.14 10759
0.14 10758
0.14 10757
0.14 10756
0.14 10755
0.14 10754
0.14 10753
0.14 10752
0.15 10751
0.15 10750
0.15 10749
0.15 10748
0.15 10747
0.15 10746
0.15 10745
0.15 10744
0.15 10743
0.15 10742
0.15 10741
0.15 10740
0.15 10739
0.15 10738
0.15 10737
0.15 10736
0.15 10735
0.15 10734
0.15 10733
0.15 10732
0.15 10731
0.15 10730
0.15 10729
0.15 10728
0.15 10727
0.15 10726
0.15 10725
0.15 10724
0.15 10723
0.15 10722
0.15 10721
0.16 10720
0.16 10719
0.16 10718
0.16 10717
0.16 10716
0.16 10715
0.16 10714
0.16 10713
0.16 10712
0.16 10711
0.16 10710
0.16 10709
0.16 10708
0.16 10707
0.16 10706
0.16 10705
0.16 10704
0.16 10703
0.16 10702
0.16 10701
0.16 10700
0.16 10699
0.16 10698
0.16 10697
0.16 10696
0.16 10695
0.16 10694
0.16 10693
0.16 10692
0.16 10691
0.16 10690
0.17 10689
0.17 10688
0.17 10687
0.17 10686
0.17 10685
0.17 10684
0.17 10683
0.17 10682
0.17 10681
0.17 10680
0.17 10679
0.17 10678
0.17 10677
0.17 10676
0.17 10675
0.17 10674
0.17 10673
0.17 10672
0.17 10671
0.17 10670
0.17 10669
0.17 10668
0.17 10667
0.17 10666
0.17 10665
0.17 10664
0.17 10663
0.17 10662
0.17 10661
0.17 10660
0.17 10659
0.17 10658
0.17 10657
0.17 10656
0.17 10655
0.17 10654
0.17 10653
0.17 10652
0.17 10651
0.17 10650
0.17 10649
0.17 10648
0.17 10647
0.17 10646
0.18 10645
0.18 10644
0.18 10643
0.18 10642
0.18 10641
0.18 10640
0.18 10639
0.18 10638
0.18 10637
0.18 10636
0.18 10635
0.18 10634
0.18 10633
0.18 10632
0.18 10631
0.18 10630
0.18 10629
0.18 10628
0.18 10627
0.18 10626
0.18 10625
0.18 10624
0.18 10623
0.18 10622
0.18 10621
0.18 10620
0.18 10619
0.18 10618
0.18 10617
0.18 10616
0.18 10615
0.18 10614
0.18 10613
0.18 10612
0.18 10611
0.18 10610
0.18 10609
0.18 10608
0.18 10607
0.18 10606
0.18 10605
0.19 10604
0.19 10603
0.19 10602
0.19 10601
0.19 10600
0.19 10599
0.19 10598
0.19 10597
0.19 10596
0.19 10595
0.19 10594
0.19 10593
0.19 10592
0.19 10591
0.19 10590
0.19 10589
0.19 10588
0.19 10587
0.19 10586
0.19 10585
0.19 10584
0.19 10583
0.19 10582
0.19 10581
0.19 10580
0.19 10579
0.19 10578
0.19 10577
0.19 10576
0.19 10575
0.19 10574
0.19 10573
0.19 10572
0.19 10571
0.19 10570
0.19 10569
0.2 10568
0.2 10567
0.2 10566
0.2 10565
0.2 10564
0.2 10563
0.2 10562
0.2 10561
0.2 10560
0.2 10559
0.2 10558
0.2 10557
0.2 10556
0.2 10555
0.2 10554
0.2 10553
0.2 10552
0.2 10551
0.2 10550
0.2 10549
0.2 10548
0.2 10547
0.2 10546
0.2 10545
0.2 10544
0.2 10543
0.2 10542
0.21 10541
0.21 10540
0.21 10539
0.21 10538
0.21 10537
0.21 10536
0.21 10535
0.21 10534
0.21 10533
0.21 10532
0.21 10531
0.21 10530
0.21 10529
0.21 10528
0.21 10527
0.21 10526
0.21 10525
0.21 10524
0.21 10523
0.21 10522
0.21 10521
0.21 10520
0.21 10519
0.21 10518
0.21 10517
0.21 10516
0.21 10515
0.21 10514
0.21 10513
0.21 10512
0.21 10511
0.21 10510
0.21 10509
0.21 10508
0.21 10507
0.22 10506
0.22 10505
0.22 10504
0.22 10503
0.22 10502
0.22 10501
0.22 10500
0.22 10499
0.22 10498
0.22 10497
0.22 10496
0.22 10495
0.22 10494
0.22 10493
0.22 10492
0.22 10491
0.22 10490
0.22 10489
0.22 10488
0.22 10487
0.22 10486
0.22 10485
0.22 10484
0.22 10483
0.22 10482
0.22 10481
0.22 10480
0.22 10479
0.22 10478
0.22 10477
0.22 10476
0.22 10475
0.22 10474
0.22 10473
0.22 10472
0.22 10471
0.22 10470
0.23 10469
0.23 10468
0.23 10467
0.23 10466
0.23 10465
0.23 10464
0.23 10463
0.23 10462
0.23 10461
0.23 10460
0.23 10459
0.23 10458
0.23 10457
0.23 10456
0.23 10455
0.23 10454
0.23 10453
0.23 10452
0.23 10451
0.23 10450
0.23 10449
0.23 10448
0.23 10447
0.23 10446
0.23 10445
0.23 10444
0.23 10443
0.23 10442
0.23 10441
0.23 10440
0.23 10439
0.23 10438
0.23 10437
0.23 10436
0.23 10435
0.23 10434
0.23 10433
0.23 10432
0.23 10431
0.23 10430
0.23 10429
0.24 10428
0.24 10427
0.24 10426
0.24 10425
0.24 10424
0.24 10423
0.24 10422
0.24 10421
0.24 10420
0.24 10419
0.24 10418
0.24 10417
0.24 10416
0.24 10415
0.24 10414
0.24 10413
0.24 10412
0.24 10411
0.24 10410
0.24 10409
0.24 10408
0.24 10407
0.24 10406
0.24 10405
0.24 10404
0.24 10403
0.24 10402
0.24 10401
0.24 10400
0.24 10399
0.24 10398
0.24 10397
0.24 10396
0.24 10395
0.25 10394
0.25 10393
0.25 10392
0.25 10391
0.25 10390
0.25 10389
0.25 10388
0.25 10387
0.25 10386
0.25 10385
0.25 10384
0.25 10383
0.25 10382
0.25 10381
0.25 10380
0.25 10379
0.25 10378
0.25 10377
0.25 10376
0.25 10375
0.25 10374
0.25 10373
0.25 10372
0.25 10371
0.25 10370
0.25 10369
0.25 10368
0.25 10367
0.25 10366
0.25 10365
0.25 10364
0.25 10363
0.25 10362
0.25 10361
0.25 10360
0.25 10359
0.25 10358
0.25 10357
0.25 10356
0.25 10355
0.25 10354
0.25 10353
0.26 10352
0.26 10351
0.26 10350
0.26 10349
0.26 10348
0.26 10347
0.26 10346
0.26 10345
0.26 10344
0.26 10343
0.26 10342
0.26 10341
0.26 10340
0.26 10339
0.26 10338
0.26 10337
0.26 10336
0.26 10335
0.26 10334
0.26 10333
0.26 10332
0.26 10331
0.26 10330
0.26 10329
0.26 10328
0.26 10327
0.26 10326
0.26 10325
0.26 10324
0.26 10323
0.26 10322
0.26 10321
0.26 10320
0.26 10319
0.26 10318
0.26 10317
0.26 10316
0.26 10315
0.26 10314
0.26 10313
0.26 10312
0.26 10311
0.26 10310
0.26 10309
0.26 10308
0.27 10307
0.27 10306
0.27 10305
0.27 10304
0.27 10303
0.27 10302
0.27 10301
0.27 10300
0.27 10299
0.27 10298
0.27 10297
0.27 10296
0.27 10295
0.27 10294
0.27 10293
0.27 10292
0.27 10291
0.27 10290
0.27 10289
0.27 10288
0.27 10287
0.27 10286
0.27 10285
0.27 10284
0.27 10283
0.27 10282
0.27 10281
0.27 10280
0.27 10279
0.27 10278
0.27 10277
0.27 10276
0.27 10275
0.27 10274
0.27 10273
0.27 10272
0.27 10271
0.27 10270
0.27 10269
0.27 10268
0.27 10267
0.27 10266
0.27 10265
0.27 10264
0.27 10263
0.27 10262
0.27 10261
0.27 10260
0.28 10259
0.28 10258
0.28 10257
0.28 10256
0.28 10255
0.28 10254
0.28 10253
0.28 10252
0.28 10251
0.28 10250
0.28 10249
0.28 10248
0.28 10247
0.28 10246
0.28 10245
0.28 10244
0.28 10243
0.28 10242
0.28 10241
0.28 10240
0.28 10239
0.28 10238
0.28 10237
0.28 10236
0.28 10235
0.28 10234
0.28 10233
0.28 10232
0.28 10231
0.28 10230
0.28 10229
0.28 10228
0.28 10227
0.28 10226
0.28 10225
0.28 10224
0.28 10223
0.28 10222
0.28 10221
0.28 10220
0.29 10219
0.29 10218
0.29 10217
0.29 10216
0.29 10215
0.29 10214
0.29 10213
0.29 10212
0.29 10211
0.29 10210
0.29 10209
0.29 10208
0.29 10207
0.29 10206
0.29 10205
0.29 10204
0.29 10203
0.29 10202
0.29 10201
0.29 10200
0.29 10199
0.29 10198
0.29 10197
0.29 10196
0.29 10195
0.29 10194
0.29 10193
0.29 10192
0.29 10191
0.29 10190
0.29 10189
0.29 10188
0.29 10187
0.29 10186
0.29 10185
0.29 10184
0.29 10183
0.29 10182
0.29 10181
0.29 10180
0.29 10179
0.29 10178
0.29 10177
0.3 10176
0.3 10175
0.3 10174
0.3 10173
0.3 10172
0.3 10171
0.3 10170
0.3 10169
0.3 10168
0.3 10167
0.3 10166
0.3 10165
0.3 10164
0.3 10163
0.3 10162
0.3 10161
0.3 10160
0.3 10159
0.3 10158
0.3 10157
0.3 10156
0.3 10155
0.3 10154
0.3 10153
0.3 10152
0.3 10151
0.3 10150
0.3 10149
0.3 10148
0.3 10147
0.3 10146
0.3 10145
0.3 10144
0.3 10143
0.3 10142
0.3 10141
0.3 10140
0.3 10139
0.3 10138
0.3 10137
0.3 10136
0.3 10135
0.3 10134
0.3 10133
0.3 10132
0.3 10131
0.3 10130
0.3 10129
0.31 10128
0.31 10127
0.31 10126
0.31 10125
0.31 10124
0.31 10123
0.31 10122
0.31 10121
0.31 10120
0.31 10119
0.31 10118
0.31 10117
0.31 10116
0.31 10115
0.31 10114
0.31 10113
0.31 10112
0.31 10111
0.31 10110
0.31 10109
0.31 10108
0.31 10107
0.31 10106
0.31 10105
0.31 10104
0.31 10103
0.31 10102
0.31 10101
0.31 10100
0.31 10099
0.31 10098
0.31 10097
0.31 10096
0.31 10095
0.31 10094
0.31 10093
0.31 10092
0.31 10091
0.31 10090
0.31 10089
0.31 10088
0.31 10087
0.31 10086
0.31 10085
0.32 10084
0.32 10083
0.32 10082
0.32 10081
0.32 10080
0.32 10079
0.32 10078
0.32 10077
0.32 10076
0.32 10075
0.32 10074
0.32 10073
0.32 10072
0.32 10071
0.32 10070
0.32 10069
0.32 10068
0.32 10067
0.32 10066
0.32 10065
0.32 10064
0.32 10063
0.32 10062
0.32 10061
0.32 10060
0.32 10059
0.32 10058
0.32 10057
0.32 10056
0.32 10055
0.32 10054
0.32 10053
0.32 10052
0.32 10051
0.32 10050
0.32 10049
0.32 10048
0.32 10047
0.32 10046
0.32 10045
0.32 10044
0.32 10043
0.32 10042
0.32 10041
0.32 10040
0.32 10039
0.32 10038
0.33 10037
0.33 10036
0.33 10035
0.33 10034
0.33 10033
0.33 10032
0.33 10031
0.33 10030
0.33 10029
0.33 10028
0.33 10027
0.33 10026
0.33 10025
0.33 10024
0.33 10023
0.33 10022
0.33 10021
0.33 10020
0.33 10019
0.33 10018
0.33 10017
0.33 10016
0.33 10015
0.33 10014
0.33 10013
0.33 10012
0.33 10011
0.33 10010
0.33 10009
0.33 10008
0.33 10007
0.33 10006
0.33 10005
0.33 10004
0.33 10003
0.33 10002
0.34 10001
0.34 10000
0.34 9999
0.34 9998
0.34 9997
0.34 9996
0.34 9995
0.34 9994
0.34 9993
0.34 9992
0.34 9991
0.34 9990
0.34 9989
0.34 9988
0.34 9987
0.34 9986
0.34 9985
0.34 9984
0.34 9983
0.34 9982
0.34 9981
0.34 9980
0.34 9979
0.34 9978
0.34 9977
0.34 9976
0.34 9975
0.34 9974
0.34 9973
0.34 9972
0.34 9971
0.34 9970
0.34 9969
0.34 9968
0.34 9967
0.34 9966
0.34 9965
0.34 9964
0.34 9963
0.34 9962
0.35 9961
0.35 9960
0.35 9959
0.35 9958
0.35 9957
0.35 9956
0.35 9955
0.35 9954
0.35 9953
0.35 9952
0.35 9951
0.35 9950
0.35 9949
0.35 9948
0.35 9947
0.35 9946
0.35 9945
0.35 9944
0.35 9943
0.35 9942
0.35 9941
0.35 9940
0.35 9939
0.35 9938
0.35 9937
0.35 9936
0.35 9935
0.35 9934
0.35 9933
0.35 9932
0.35 9931
0.35 9930
0.35 9929
0.35 9928
0.35 9927
0.35 9926
0.35 9925
0.35 9924
0.35 9923
0.35 9922
0.35 9921
0.35 9920
0.35 9919
0.36 9918
0.36 9917
0.36 9916
0.36 9915
0.36 9914
0.36 9913
0.36 9912
0.36 9911
0.36 9910
0.36 9909
0.36 9908
0.36 9907
0.36 9906
0.36 9905
0.36 9904
0.36 9903
0.36 9902
0.36 9901
0.36 9900
0.36 9899
0.36 9898
0.36 9897
0.36 9896
0.36 9895
0.36 9894
0.36 9893
0.36 9892
0.36 9891
0.36 9890
0.36 9889
0.36 9888
0.36 9887
0.36 9886
0.37 9885
0.37 9884
0.37 9883
0.37 9882
0.37 9881
0.37 9880
0.37 9879
0.37 9878
0.37 9877
0.37 9876
0.37 9875
0.37 9874
0.37 9873
0.37 9872
0.37 9871
0.37 9870
0.37 9869
0.37 9868
0.37 9867
0.37 9866
0.37 9865
0.37 9864
0.37 9863
0.37 9862
0.37 9861
0.37 9860
0.37 9859
0.37 9858
0.37 9857
0.37 9856
0.37 9855
0.37 9854
0.37 9853
0.37 9852
0.37 9851
0.37 9850
0.38 9849
0.38 9848
0.38 9847
0.38 9846
0.38 9845
0.38 9844
0.38 9843
0.38 9842
0.38 9841
0.38 9840
0.38 9839
0.38 9838
0.38 9837
0.38 9836
0.38 9835
0.38 9834
0.38 9833
0.38 9832
0.38 9831
0.38 9830
0.38 9829
0.38 9828
0.38 9827
0.38 9826
0.38 9825
0.38 9824
0.38 9823
0.38 9822
0.38 9821
0.38 9820
0.38 9819
0.38 9818
0.38 9817
0.38 9816
0.38 9815
0.38 9814
0.38 9813
0.38 9812
0.38 9811
0.39 9810
0.39 9809
0.39 9808
0.39 9807
0.39 9806
0.39 9805
0.39 9804
0.39 9803
0.39 9802
0.39 9801
0.39 9800
0.39 9799
0.39 9798
0.39 9797
0.39 9796
0.39 9795
0.39 9794
0.39 9793
0.39 9792
0.39 9791
0.39 9790
0.39 9789
0.39 9788
0.39 9787
0.39 9786
0.39 9785
0.39 9784
0.39 9783
0.39 9782
0.39 9781
0.39 9780
0.39 9779
0.39 9778
0.39 9777
0.39 9776
0.39 9775
0.39 9774
0.39 9773
0.39 9772
0.4 9771
0.4 9770
0.4 9769
0.4 9768
0.4 9767
0.4 9766
0.4 9765
0.4 9764
0.4 9763
0.4 9762
0.4 9761
0.4 9760
0.4 9759
0.4 9758
0.4 9757
0.4 9756
0.4 9755
0.4 9754
0.4 9753
0.4 9752
0.4 9751
0.4 9750
0.4 9749
0.4 9748
0.4 9747
0.4 9746
0.4 9745
0.4 9744
0.4 9743
0.4 9742
0.4 9741
0.4 9740
0.4 9739
0.4 9738
0.4 9737
0.4 9736
0.4 9735
0.4 9734
0.41 9733
0.41 9732
0.41 9731
0.41 9730
0.41 9729
0.41 9728
0.41 9727
0.41 9726
0.41 9725
0.41 9724
0.41 9723
0.41 9722
0.41 9721
0.41 9720
0.41 9719
0.41 9718
0.41 9717
0.41 9716
0.41 9715
0.41 9714
0.41 9713
0.41 9712
0.41 9711
0.41 9710
0.41 9709
0.41 9708
0.41 9707
0.41 9706
0.41 9705
0.41 9704
0.41 9703
0.41 9702
0.41 9701
0.41 9700
0.41 9699
0.41 9698
0.41 9697
0.41 9696
0.41 9695
0.41 9694
0.41 9693
0.42 9692
0.42 9691
0.42 9690
0.42 9689
0.42 9688
0.42 9687
0.42 9686
0.42 9685
0.42 9684
0.42 9683
0.42 9682
0.42 9681
0.42 9680
0.42 9679
0.42 9678
0.42 9677
0.42 9676
0.42 9675
0.42 9674
0.42 9673
0.42 9672
0.42 9671
0.42 9670
0.42 9669
0.42 9668
0.42 9667
0.42 9666
0.42 9665
0.42 9664
0.42 9663
0.42 9662
0.42 9661
0.42 9660
0.42 9659
0.42 9658
0.42 9657
0.42 9656
0.42 9655
0.42 9654
0.42 9653
0.42 9652
0.42 9651
0.42 9650
0.42 9649
0.42 9648
0.43 9647
0.43 9646
0.43 9645
0.43 9644
0.43 9643
0.43 9642
0.43 9641
0.43 9640
0.43 9639
0.43 9638
0.43 9637
0.43 9636
0.43 9635
0.43 9634
0.43 9633
0.43 9632
0.43 9631
0.43 9630
0.43 9629
0.43 9628
0.43 9627
0.43 9626
0.43 9625
0.43 9624
0.43 9623
0.43 9622
0.43 9621
0.43 9620
0.43 9619
0.43 9618
0.43 9617
0.43 9616
0.43 9615
0.43 9614
0.43 9613
0.43 9612
0.43 9611
0.43 9610
0.43 9609
0.43 9608
0.43 9607
0.43 9606
0.43 9605
0.43 9604
0.44 9603
0.44 9602
0.44 9601
0.44 9600
0.44 9599
0.44 9598
0.44 9597
0.44 9596
0.44 9595
0.44 9594
0.44 9593
0.44 9592
0.44 9591
0.44 9590
0.44 9589
0.44 9588
0.44 9587
0.44 9586
0.44 9585
0.44 9584
0.44 9583
0.44 9582
0.44 9581
0.44 9580
0.44 9579
0.44 9578
0.44 9577
0.44 9576
0.44 9575
0.44 9574
0.44 9573
0.44 9572
0.44 9571
0.44 9570
0.44 9569
0.44 9568
0.45 9567
0.45 9566
0.45 9565
0.45 9564
0.45 9563
0.45 9562
0.45 9561
0.45 9560
0.45 9559
0.45 9558
0.45 9557
0.45 9556
0.45 9555
0.45 9554
0.45 9553
0.45 9552
0.45 9551
0.45 9550
0.45 9549
0.45 9548
0.45 9547
0.45 9546
0.45 9545
0.45 9544
0.45 9543
0.45 9542
0.45 9541
0.45 9540
0.45 9539
0.45 9538
0.45 9537
0.46 9536
0.46 9535
0.46 9534
0.46 9533
0.46 9532
0.46 9531
0.46 9530
0.46 9529
0.46 9528
0.46 9527
0.46 9526
0.46 9525
0.46 9524
0.46 9523
0.46 9522
0.46 9521
0.46 9520
0.46 9519
0.46 9518
0.46 9517
0.46 9516
0.46 9515
0.46 9514
0.46 9513
0.46 9512
0.46 9511
0.46 9510
0.46 9509
0.46 9508
0.46 9507
0.46 9506
0.46 9505
0.46 9504
0.46 9503
0.46 9502
0.46 9501
0.46 9500
0.46 9499
0.47 9498
0.47 9497
0.47 9496
0.47 9495
0.47 9494
0.47 9493
0.47 9492
0.47 9491
0.47 9490
0.47 9489
0.47 9488
0.47 9487
0.47 9486
0.47 9485
0.47 9484
0.47 9483
0.47 9482
0.47 9481
0.47 9480
0.47 9479
0.47 9478
0.47 9477
0.47 9476
0.47 9475
0.47 9474
0.47 9473
0.47 9472
0.47 9471
0.47 9470
0.47 9469
0.47 9468
0.47 9467
0.47 9466
0.47 9465
0.47 9464
0.47 9463
0.47 9462
0.48 9461
0.48 9460
0.48 9459
0.48 9458
0.48 9457
0.48 9456
0.48 9455
0.48 9454
0.48 9453
0.48 9452
0.48 9451
0.48 9450
0.48 9449
0.48 9448
0.48 9447
0.48 9446
0.48 9445
0.48 9444
0.48 9443
0.48 9442
0.48 9441
0.48 9440
0.48 9439
0.48 9438
0.48 9437
0.48 9436
0.48 9435
0.48 9434
0.48 9433
0.48 9432
0.48 9431
0.48 9430
0.48 9429
0.48 9428
0.48 9427
0.48 9426
0.48 9425
0.48 9424
0.49 9423
0.49 9422
0.49 9421
0.49 9420
0.49 9419
0.49 9418
0.49 9417
0.49 9416
0.49 9415
0.49 9414
0.49 9413
0.49 9412
0.49 9411
0.49 9410
0.49 9409
0.49 9408
0.49 9407
0.49 9406
0.49 9405
0.49 9404
0.49 9403
0.49 9402
0.49 9401
0.49 9400
0.49 9399
0.49 9398
0.49 9397
0.49 9396
0.49 9395
0.49 9394
0.49 9393
0.49 9392
0.49 9391
0.49 9390
0.49 9389
0.49 9388
0.49 9387
0.49 9386
0.49 9385
0.49 9384
0.5 9383
0.5 9382
0.5 9381
0.5 9380
0.5 9379
0.5 9378
0.5 9377
0.5 9376
0.5 9375
0.5 9374
0.5 9373
0.5 9372
0.5 9371
0.5 9370
0.5 9369
0.5 9368
0.5 9367
0.5 9366
0.5 9365
0.5 9364
0.5 9363
0.5 9362
0.5 9361
0.5 9360
0.5 9359
0.5 9358
0.5 9357
0.5 9356
0.5 9355
0.5 9354
0.5 9353
0.5 9352
0.5 9351
0.5 9350
0.5 9349
0.5 9348
0.5 9347
0.5 9346
0.5 9345
0.5 9344
0.5 9343
0.5 9342
0.5 9341
0.5 9340
0.5 9339
0.5 9338
0.5 9337
0.51 9336
0.51 9335
0.51 9334
0.51 9333
0.51 9332
0.51 9331
0.51 9330
0.51 9329
0.51 9328
0.51 9327
0.51 9326
0.51 9325
0.51 9324
0.51 9323
0.51 9322
0.51 9321
0.51 9320
0.51 9319
0.51 9318
0.51 9317
0.51 9316
0.51 9315
0.51 9314
0.51 9313
0.51 9312
0.51 9311
0.51 9310
0.51 9309
0.51 9308
0.51 9307
0.51 9306
0.51 9305
0.51 9304
0.51 9303
0.51 9302
0.51 9301
0.51 9300
0.51 9299
0.51 9298
0.51 9297
0.51 9296
0.52 9295
0.52 9294
0.52 9293
0.52 9292
0.52 9291
0.52 9290
0.52 9289
0.52 9288
0.52 9287
0.52 9286
0.52 9285
0.52 9284
0.52 9283
0.52 9282
0.52 9281
0.52 9280
0.52 9279
0.52 9278
0.52 9277
0.52 9276
0.52 9275
0.52 9274
0.52 9273
0.52 9272
0.52 9271
0.52 9270
0.52 9269
0.52 9268
0.52 9267
0.52 9266
0.52 9265
0.52 9264
0.52 9263
0.52 9262
0.52 9261
0.52 9260
0.52 9259
0.52 9258
0.52 9257
0.52 9256
0.52 9255
0.53 9254
0.53 9253
0.53 9252
0.53 9251
0.53 9250
0.53 9249
0.53 9248
0.53 9247
0.53 9246
0.53 9245
0.53 9244
0.53 9243
0.53 9242
0.53 9241
0.53 9240
0.53 9239
0.53 9238
0.53 9237
0.53 9236
0.53 9235
0.53 9234
0.53 9233
0.53 9232
0.53 9231
0.53 9230
0.53 9229
0.53 9228
0.53 9227
0.53 9226
0.53 9225
0.53 9224
0.53 9223
0.53 9222
0.54 9221
0.54 9220
0.54 9219
0.54 9218
0.54 9217
0.54 9216
0.54 9215
0.54 9214
0.54 9213
0.54 9212
0.54 9211
0.54 9210
0.54 9209
0.54 9208
0.54 9207
0.54 9206
0.54 9205
0.54 9204
0.54 9203
0.54 9202
0.54 9201
0.54 9200
0.54 9199
0.54 9198
0.54 9197
0.54 9196
0.54 9195
0.54 9194
0.54 9193
0.54 9192
0.54 9191
0.54 9190
0.54 9189
0.54 9188
0.54 9187
0.54 9186
0.55 9185
0.55 9184
0.55 9183
0.55 9182
0.55 9181
0.55 9180
0.55 9179
0.55 9178
0.55 9177
0.55 9176
0.55 9175
0.55 9174
0.55 9173
0.55 9172
0.55 9171
0.55 9170
0.55 9169
0.55 9168
0.55 9167
0.55 9166
0.55 9165
0.55 9164
0.55 9163
0.55 9162
0.55 9161
0.55 9160
0.55 9159
0.55 9158
0.55 9157
0.55 9156
0.55 9155
0.55 9154
0.55 9153
0.55 9152
0.55 9151
0.56 9150
0.56 9149
0.56 9148
0.56 9147
0.56 9146
0.56 9145
0.56 9144
0.56 9143
0.56 9142
0.56 9141
0.56 9140
0.56 9139
0.56 9138
0.56 9137
0.56 9136
0.56 9135
0.56 9134
0.56 9133
0.56 9132
0.56 9131
0.56 9130
0.56 9129
0.56 9128
0.56 9127
0.56 9126
0.56 9125
0.56 9124
0.56 9123
0.56 9122
0.56 9121
0.56 9120
0.56 9119
0.56 9118
0.56 9117
0.56 9116
0.56 9115
0.57 9114
0.57 9113
0.57 9112
0.57 9111
0.57 9110
0.57 9109
0.57 9108
0.57 9107
0.57 9106
0.57 9105
0.57 9104
0.57 9103
0.57 9102
0.57 9101
0.57 9100
0.57 9099
0.57 9098
0.57 9097
0.57 9096
0.57 9095
0.57 9094
0.57 9093
0.57 9092
0.57 9091
0.57 9090
0.57 9089
0.57 9088
0.57 9087
0.57 9086
0.57 9085
0.57 9084
0.57 9083
0.58 9082
0.58 9081
0.58 9080
0.58 9079
0.58 9078
0.58 9077
0.58 9076
0.58 9075
0.58 9074
0.58 9073
0.58 9072
0.58 9071
0.58 9070
0.58 9069
0.58 9068
0.58 9067
0.58 9066
0.58 9065
0.58 9064
0.58 9063
0.58 9062
0.58 9061
0.58 9060
0.58 9059
0.58 9058
0.58 9057
0.58 9056
0.58 9055
0.58 9054
0.58 9053
0.58 9052
0.58 9051
0.58 9050
0.58 9049
0.58 9048
0.59 9047
0.59 9046
0.59 9045
0.59 9044
0.59 9043
0.59 9042
0.59 9041
0.59 9040
0.59 9039
0.59 9038
0.59 9037
0.59 9036
0.59 9035
0.59 9034
0.59 9033
0.59 9032
0.59 9031
0.59 9030
0.59 9029
0.59 9028
0.59 9027
0.59 9026
0.59 9025
0.59 9024
0.59 9023
0.59 9022
0.59 9021
0.59 9020
0.59 9019
0.59 9018
0.59 9017
0.59 9016
0.59 9015
0.6 9014
0.6 9013
0.6 9012
0.6 9011
0.6 9010
0.6 9009
0.6 9008
0.6 9007
0.6 9006
0.6 9005
0.6 9004
0.6 9003
0.6 9002
0.6 9001
0.6 9000
0.6 8999
0.6 8998
0.6 8997
0.6 8996
0.6 8995
0.6 8994
0.6 8993
0.6 8992
0.6 8991
0.6 8990
0.6 8989
0.6 8988
0.6 8987
0.6 8986
0.6 8985
0.6 8984
0.6 8983
0.61 8982
0.61 8981
0.61 8980
0.61 8979
0.61 8978
0.61 8977
0.61 8976
0.61 8975
0.61 8974
0.61 8973
0.61 8972
0.61 8971
0.61 8970
0.61 8969
0.61 8968
0.61 8967
0.61 8966
0.61 8965
0.61 8964
0.61 8963
0.61 8962
0.61 8961
0.61 8960
0.61 8959
0.61 8958
0.61 8957
0.61 8956
0.61 8955
0.61 8954
0.61 8953
0.61 8952
0.62 8951
0.62 8950
0.62 8949
0.62 8948
0.62 8947
0.62 8946
0.62 8945
0.62 8944
0.62 8943
0.62 8942
0.62 8941
0.62 8940
0.62 8939
0.62 8938
0.62 8937
0.62 8936
0.62 8935
0.62 8934
0.62 8933
0.62 8932
0.62 8931
0.62 8930
0.62 8929
0.62 8928
0.62 8927
0.62 8926
0.62 8925
0.63 8924
0.63 8923
0.63 8922
0.63 8921
0.63 8920
0.63 8919
0.63 8918
0.63 8917
0.63 8916
0.63 8915
0.63 8914
0.63 8913
0.63 8912
0.63 8911
0.63 8910
0.63 8909
0.63 8908
0.63 8907
0.63 8906
0.63 8905
0.63 8904
0.63 8903
0.63 8902
0.63 8901
0.63 8900
0.63 8899
0.63 8898
0.63 8897
0.63 8896
0.63 8895
0.63 8894
0.63 8893
0.64 8892
0.64 8891
0.64 8890
0.64 8889
0.64 8888
0.64 8887
0.64 8886
0.64 8885
0.64 8884
0.64 8883
0.64 8882
0.64 8881
0.64 8880
0.64 8879
0.64 8878
0.64 8877
0.64 8876
0.64 8875
0.64 8874
0.64 8873
0.64 8872
0.64 8871
0.64 8870
0.64 8869
0.64 8868
0.64 8867
0.64 8866
0.64 8865
0.64 8864
0.64 8863
0.64 8862
0.64 8861
0.64 8860
0.64 8859
0.64 8858
0.64 8857
0.65 8856
0.65 8855
0.65 8854
0.65 8853
0.65 8852
0.65 8851
0.65 8850
0.65 8849
0.65 8848
0.65 8847
0.65 8846
0.65 8845
0.65 8844
0.65 8843
0.65 8842
0.65 8841
0.65 8840
0.65 8839
0.65 8838
0.65 8837
0.65 8836
0.65 8835
0.65 8834
0.65 8833
0.65 8832
0.65 8831
0.65 8830
0.65 8829
0.65 8828
0.65 8827
0.65 8826
0.65 8825
0.65 8824
0.66 8823
0.66 8822
0.66 8821
0.66 8820
0.66 8819
0.66 8818
0.66 8817
0.66 8816
0.66 8815
0.66 8814
0.66 8813
0.66 8812
0.66 8811
0.66 8810
0.66 8809
0.66 8808
0.66 8807
0.66 8806
0.66 8805
0.66 8804
0.66 8803
0.66 8802
0.66 8801
0.66 8800
0.66 8799
0.66 8798
0.66 8797
0.66 8796
0.66 8795
0.66 8794
0.66 8793
0.67 8792
0.67 8791
0.67 8790
0.67 8789
0.67 8788
0.67 8787
0.67 8786
0.67 8785
0.67 8784
0.67 8783
0.67 8782
0.67 8781
0.67 8780
0.67 8779
0.67 8778
0.67 8777
0.67 8776
0.67 8775
0.67 8774
0.67 8773
0.67 8772
0.67 8771
0.67 8770
0.67 8769
0.67 8768
0.67 8767
0.67 8766
0.67 8765
0.67 8764
0.67 8763
0.67 8762
0.67 8761
0.67 8760
0.68 8759
0.68 8758
0.68 8757
0.68 8756
0.68 8755
0.68 8754
0.68 8753
0.68 8752
0.68 8751
0.68 8750
0.68 8749
0.68 8748
0.68 8747
0.68 8746
0.68 8745
0.68 8744
0.68 8743
0.68 8742
0.68 8741
0.68 8740
0.68 8739
0.68 8738
0.68 8737
0.68 8736
0.68 8735
0.68 8734
0.68 8733
0.68 8732
0.68 8731
0.68 8730
0.68 8729
0.68 8728
0.68 8727
0.68 8726
0.68 8725
0.68 8724
0.68 8723
0.68 8722
0.68 8721
0.69 8720
0.69 8719
0.69 8718
0.69 8717
0.69 8716
0.69 8715
0.69 8714
0.69 8713
0.69 8712
0.69 8711
0.69 8710
0.69 8709
0.69 8708
0.69 8707
0.69 8706
0.69 8705
0.69 8704
0.69 8703
0.69 8702
0.69 8701
0.69 8700
0.69 8699
0.69 8698
0.69 8697
0.69 8696
0.69 8695
0.69 8694
0.69 8693
0.69 8692
0.7 8691
0.7 8690
0.7 8689
0.7 8688
0.7 8687
0.7 8686
0.7 8685
0.7 8684
0.7 8683
0.7 8682
0.7 8681
0.7 8680
0.7 8679
0.7 8678
0.7 8677
0.7 8676
0.7 8675
0.7 8674
0.7 8673
0.7 8672
0.7 8671
0.7 8670
0.7 8669
0.7 8668
0.7 8667
0.7 8666
0.7 8665
0.71 8664
0.71 8663
0.71 8662
0.71 8661
0.71 8660
0.71 8659
0.71 8658
0.71 8657
0.71 8656
0.71 8655
0.71 8654
0.71 8653
0.71 8652
0.71 8651
0.71 8650
0.71 8649
0.71 8648
0.71 8647
0.71 8646
0.71 8645
0.71 8644
0.71 8643
0.71 8642
0.71 8641
0.71 8640
0.71 8639
0.71 8638
0.71 8637
0.71 8636
0.71 8635
0.72 8634
0.72 8633
0.72 8632
0.72 8631
0.72 8630
0.72 8629
0.72 8628
0.72 8627
0.72 8626
0.72 8625
0.72 8624
0.72 8623
0.72 8622
0.72 8621
0.72 8620
0.72 8619
0.72 8618
0.72 8617
0.72 8616
0.72 8615
0.72 8614
0.72 8613
0.72 8612
0.72 8611
0.72 8610
0.72 8609
0.72 8608
0.73 8607
0.73 8606
0.73 8605
0.73 8604
0.73 8603
0.73 8602
0.73 8601
0.73 8600
0.73 8599
0.73 8598
0.73 8597
0.73 8596
0.73 8595
0.73 8594
0.73 8593
0.73 8592
0.73 8591
0.73 8590
0.73 8589
0.73 8588
0.73 8587
0.73 8586
0.73 8585
0.73 8584
0.73 8583
0.73 8582
0.73 8581
0.74 8580
0.74 8579
0.74 8578
0.74 8577
0.74 8576
0.74 8575
0.74 8574
0.74 8573
0.74 8572
0.74 8571
0.74 8570
0.74 8569
0.74 8568
0.74 8567
0.74 8566
0.74 8565
0.74 8564
0.74 8563
0.74 8562
0.74 8561
0.74 8560
0.74 8559
0.74 8558
0.74 8557
0.74 8556
0.74 8555
0.74 8554
0.74 8553
0.75 8552
0.75 8551
0.75 8550
0.75 8549
0.75 8548
0.75 8547
0.75 8546
0.75 8545
0.75 8544
0.75 8543
0.75 8542
0.79 8541
0.79 8540
0.8 8539
0.8 8538
0.8 8537
0.8 8536
0.8 8535
0.8 8534
0.8 8533
0.8 8532
0.8 8531
0.8 8530
0.8 8529
0.8 8528
0.8 8527
0.8 8526
0.8 8525
0.8 8524
0.8 8523
0.8 8522
0.8 8521
0.8 8520
0.82 8519
0.82 8518
0.82 8517
0.86 8516
0.86 8515
0.86 8514
0.86 8513
0.86 8512
0.86 8511
0.86 8510
0.86 8509
0.86 8508
0.86 8507
0.86 8506
0.87 8505
0.87 8504
0.87 8503
0.87 8502
0.87 8501
0.87 8500
0.87 8499
0.87 8498
0.88 8497
0.88 8496
0.88 8495
0.88 8494
0.88 8493
0.88 8492
0.88 8491
0.88 8490
0.88 8489
0.89 8488
0.89 8487
0.89 8486
0.89 8485
0.89 8484
0.89 8483
0.89 8482
0.89 8481
0.89 8480
0.9 8479
0.9 8478
0.9 8477
0.9 8476
0.9 8475
0.9 8474
0.9 8473
0.91 8472
0.91 8471
0.91 8470
0.91 8469
0.91 8468
0.91 8467
0.91 8466
0.91 8465
0.91 8464
0.91 8463
0.92 8462
0.92 8461
0.92 8460
0.92 8459
0.92 8458
0.92 8457
0.92 8456
0.92 8455
0.92 8454
0.92 8453
0.93 8452
0.93 8451
0.93 8450
0.93 8449
0.93 8448
0.93 8447
0.93 8446
0.93 8445
0.93 8444
0.94 8443
0.94 8442
0.94 8441
0.94 8440
0.94 8439
0.94 8438
0.94 8437
0.95 8436
0.95 8435
0.95 8434
0.95 8433
0.95 8432
0.95 8431
0.96 8430
0.96 8429
0.96 8428
0.96 8427
0.96 8426
0.96 8425
0.96 8424
0.96 8423
0.96 8422
0.96 8421
0.96 8420
0.96 8419
0.96 8418
0.97 8417
0.97 8416
0.97 8415
0.97 8414
0.97 8413
0.97 8412
0.97 8411
0.97 8410
0.97 8409
0.98 8408
0.98 8407
0.98 8406
0.98 8405
0.98 8404
0.98 8403
0.98 8402
0.98 8401
0.98 8400
0.98 8399
0.98 8398
0.99 8397
0.99 8396
0.99 8395
0.99 8394
0.99 8393
0.99 8392
0.99 8391
0.99 8390
0.99 8389
0.99 8388
0.99 8387
0.99 8386
1.0 8385
1.0 8384
1.0 8383
1.0 8382
1.0 8381
1.0 8380
1.0 8379
1.0 8378
1.0 8377
1.0 8376
1.0 8375
1.0 8374
1.01 8373
1.01 8372
1.01 8371
1.01 8370
1.01 8369
1.01 8368
1.01 8367
1.01 8366
1.01 8365
1.01 8364
1.01 8363
1.01 8362
1.01 8361
1.02 8360
1.02 8359
1.02 8358
1.02 8357
1.02 8356
1.02 8355
1.02 8354
1.02 8353
1.02 8352
1.02 8351
1.02 8350
1.02 8349
1.03 8348
1.03 8347
1.03 8346
1.03 8345
1.03 8344
1.03 8343
1.03 8342
1.56 8341
1.57 8340
1.57 8339
1.57 8338
1.57 8337
1.57 8336
1.57 8335
1.57 8334
1.6 8333
1.6 8332
1.61 8331
1.61 8330
1.61 8329
1.61 8328
1.61 8327
1.61 8326
1.61 8325
1.75 8324
1.75 8323
1.75 8322
1.75 8321
1.75 8320
1.76 8319
1.76 8318
1.76 8317
1.76 8316
1.77 8315
1.77 8314
1.77 8313
1.77 8312
1.77 8311
1.78 8310
1.78 8309
1.78 8308
1.78 8307
1.78 8306
1.79 8305
1.79 8304
1.79 8303
1.79 8302
1.79 8301
1.79 8300
1.8 8299
1.8 8298
1.8 8297
1.8 8296
1.8 8295
1.8 8294
1.81 8293
1.81 8292
1.81 8291
1.81 8290
1.81 8289
1.81 8288
1.82 8287
1.82 8286
1.82 8285
1.83 8284
1.83 8283
1.83 8282
1.83 8281
1.84 8280
1.84 8279
1.84 8278
1.85 8277
1.85 8276
1.86 8275
1.86 8274
1.86 8273
1.87 8272
1.87 8271
1.87 8270
1.87 8269
1.88 8268
1.88 8267
1.88 8266
1.89 8265
1.89 8264
1.89 8263
1.9 8262
1.9 8261
1.91 8260
1.91 8259
1.91 8258
1.91 8257
1.92 8256
1.92 8255
1.92 8254
1.92 8253
1.93 8252
1.93 8251
1.93 8250
1.94 8249
1.95 8248
1.95 8247
1.95 8246
1.96 8245
1.97 8244
1.97 8243
1.97 8242
1.97 8241
1.98 8240
1.98 8239
1.98 8238
1.99 8237
2.0 8236
2.0 8235
2.0 8234
2.01 8233
2.01 8232
2.01 8231
2.01 8230
2.02 8229
2.02 8228
2.03 8227
2.03 8226
2.03 8225
2.03 8224
2.04 8223
2.04 8222
2.04 8221
2.04 8220
2.05 8219
2.05 8218
2.05 8217
2.06 8216
2.06 8215
2.06 8214
2.07 8213
2.07 8212
2.07 8211
2.08 8210
2.08 8209
2.08 8208
2.08 8207
2.09 8206
2.09 8205
2.09 8204
2.09 8203
2.1 8202
2.1 8201
2.1 8200
2.1 8199
2.11 8198
2.11 8197
2.11 8196
2.11 8195
2.12 8194
2.12 8193
2.12 8192
2.13 8191
2.13 8190
2.13 8189
2.13 8188
2.14 8187
2.14 8186
2.14 8185
2.14 8184
2.15 8183
2.15 8182
2.15 8181
2.15 8180
2.15 8179
2.16 8178
2.16 8177
2.16 8176
2.17 8175
2.17 8174
2.17 8173
2.18 8172
2.18 8171
2.19 8170
2.19 8169
2.19 8168
2.19 8167
2.2 8166
2.21 8165
2.21 8164
2.21 8163
2.22 8162
2.22 8161
2.23 8160
2.23 8159
2.24 8158
2.24 8157
2.24 8156
2.25 8155
2.25 8154
2.26 8153
2.26 8152
2.26 8151
2.27 8150
2.27 8149
2.28 8148
2.28 8147
2.28 8146
2.29 8145
2.29 8144
2.29 8143
2.3 8142
2.3 8141
2.3 8140
2.31 8139
2.32 8138
2.32 8137
2.32 8136
2.32 8135
2.32 8134
2.32 8133
2.33 8132
2.33 8131
2.33 8130
2.33 8129
2.33 8128
2.33 8127
2.34 8126
2.34 8125
2.34 8124
2.34 8123
2.35 8122
2.35 8121
2.35 8120
2.35 8119
2.35 8118
2.35 8117
2.35 8116
2.36 8115
2.36 8114
2.36 8113
2.36 8112
2.36 8111
2.36 8110
2.36 8109
2.36 8108
2.36 8107
2.37 8106
2.37 8105
2.37 8104
2.37 8103
2.37 8102
2.37 8101
2.37 8100
2.37 8099
2.37 8098
2.38 8097
2.38 8096
2.38 8095
2.38 8094
2.39 8093
2.39 8092
2.39 8091
2.39 8090
2.39 8089
2.39 8088
2.4 8087
2.4 8086
2.4 8085
2.4 8084
2.4 8083
2.41 8082
2.41 8081
2.41 8080
2.41 8079
2.42 8078
2.42 8077
2.42 8076
2.42 8075
2.43 8074
2.43 8073
2.43 8072
2.43 8071
2.43 8070
2.44 8069
2.44 8068
2.44 8067
2.44 8066
2.45 8065
2.45 8064
2.45 8063
2.45 8062
2.46 8061
2.46 8060
2.46 8059
2.47 8058
2.47 8057
2.47 8056
2.48 8055
2.48 8054
2.48 8053
2.48 8052
2.49 8051
2.49 8050
2.49 8049
2.5 8048
2.5 8047
2.5 8046
2.51 8045
2.51 8044
2.51 8043
2.51 8042
2.52 8041
2.52 8040
2.52 8039
2.53 8038
2.53 8037
2.53 8036
2.53 8035
2.54 8034
2.54 8033
2.54 8032
2.54 8031
2.55 8030
2.55 8029
2.55 8028
2.56 8027
2.56 8026
2.56 8025
2.56 8024
2.57 8023
2.57 8022
2.57 8021
2.57 8020
2.57 8019
2.57 8018
2.58 8017
2.58 8016
2.58 8015
2.58 8014
2.59 8013
2.59 8012
2.59 8011
2.59 8010
2.6 8009
2.6 8008
2.6 8007
2.6 8006
2.6 8005
2.6 8004
2.6 8003
2.61 8002
2.61 8001
2.61 8000
2.61 7999
2.62 7998
2.62 7997
2.62 7996
2.62 7995
2.62 7994
2.62 7993
2.63 7992
2.63 7991
2.63 7990
2.63 7989
2.64 7988
2.64 7987
2.64 7986
2.64 7985
2.64 7984
2.65 7983
2.65 7982
2.65 7981
2.65 7980
2.65 7979
2.66 7978
2.66 7977
2.66 7976
2.67 7975
2.67 7974
2.67 7973
2.67 7972
2.68 7971
2.68 7970
2.68 7969
2.68 7968
2.68 7967
2.69 7966
2.69 7965
2.69 7964
2.7 7963
2.7 7962
2.71 7961
2.71 7960
2.71 7959
2.71 7958
2.72 7957
2.72 7956
2.72 7955
2.72 7954
2.75 7953
2.75 7952
2.76 7951
2.76 7950
2.76 7949
2.77 7948
2.77 7947
2.77 7946
2.78 7945
2.78 7944
2.78 7943
2.79 7942
2.79 7941
2.79 7940
2.79 7939
2.8 7938
2.8 7937
2.81 7936
2.81 7935
2.81 7934
2.81 7933
2.82 7932
2.82 7931
2.82 7930
2.82 7929
2.82 7928
2.83 7927
2.83 7926
2.84 7925
2.84 7924
2.84 7923
2.84 7922
2.85 7921
2.85 7920
2.86 7919
2.86 7918
2.87 7917
2.87 7916
2.87 7915
2.87 7914
2.87 7913
2.87 7912
2.88 7911
2.88 7910
2.89 7909
2.89 7908
2.89 7907
2.89 7906
2.9 7905
2.9 7904
2.91 7903
2.91 7902
2.91 7901
2.91 7900
2.92 7899
2.92 7898
2.93 7897
2.93 7896
2.93 7895
2.93 7894
2.94 7893
2.94 7892
2.94 7891
2.94 7890
2.94 7889
2.94 7888
2.95 7887
2.95 7886
2.95 7885
2.96 7884
2.96 7883
2.96 7882
2.97 7881
2.97 7880
2.97 7879
2.97 7878
2.98 7877
2.98 7876
2.99 7875
2.99 7874
2.99 7873
3.0 7872
3.0 7871
3.0 7870
3.01 7869
3.01 7868
3.02 7867
3.02 7866
3.02 7865
3.03 7864
3.03 7863
3.03 7862
3.04 7861
3.04 7860
3.04 7859
3.05 7858
3.05 7857
3.05 7856
3.05 7855
3.06 7854
3.26 7853
3.26 7852
3.26 7851
3.26 7850
3.26 7849
3.27 7848
3.27 7847
3.27 7846
3.27 7845
3.27 7844
3.27 7843
3.27 7842
3.27 7841
3.27 7840
3.27 7839
3.27 7838
3.27 7837
3.28 7836
3.28 7835
3.28 7834
3.28 7833
3.28 7832
3.28 7831
3.28 7830
3.28 7829
3.28 7828
3.28 7827
3.29 7826
3.29 7825
3.29 7824
3.29 7823
3.29 7822
3.29 7821
3.29 7820
3.29 7819
3.29 7818
3.29 7817
3.3 7816
3.3 7815
3.3 7814
3.3 7813
3.3 7812
3.3 7811
3.3 7810
3.3 7809
3.3 7808
3.3 7807
3.3 7806
3.31 7805
3.31 7804
3.31 7803
3.31 7802
3.31 7801
3.31 7800
3.31 7799
3.31 7798
3.31 7797
3.31 7796
3.32 7795
3.32 7794
3.32 7793
3.32 7792
3.32 7791
3.32 7790
3.32 7789
3.32 7788
3.32 7787
3.32 7786
3.33 7785
3.33 7784
3.33 7783
3.33 7782
3.33 7781
3.33 7780
3.33 7779
3.33 7778
3.33 7777
3.33 7776
3.33 7775
3.34 7774
3.34 7773
3.34 7772
3.34 7771
3.34 7770
3.34 7769
3.34 7768
3.34 7767
3.34 7766
3.44 7765
3.44 7764
3.45 7763
3.45 7762
3.45 7761
3.45 7760
3.45 7759
3.45 7758
3.45 7757
3.45 7756
3.46 7755
3.46 7754
3.46 7753
3.46 7752
3.46 7751
3.46 7750
3.46 7749
3.46 7748
3.47 7747
3.47 7746
3.47 7745
3.47 7744
3.47 7743
3.47 7742
3.47 7741
3.47 7740
3.47 7739
3.48 7738
3.48 7737
3.48 7736
3.48 7735
3.48 7734
3.5 7733
3.5 7732
3.51 7731
3.51 7730
3.51 7729
3.52 7728
3.52 7727
3.53 7726
3.54 7725
3.54 7724
3.55 7723
3.55 7722
3.55 7721
3.56 7720
3.61 7719
3.68 7718
3.69 7717
3.69 7716
3.7 7715
3.7 7714
3.71 7713
3.71 7712
3.72 7711
3.72 7710
3.73 7709
3.73 7708
3.73 7707
3.73 7706
3.73 7705
3.74 7704
3.75 7703
3.75 7702
3.76 7701
3.76 7700
3.76 7699
3.76 7698
3.87 7697
3.9 7696
3.9 7695
3.9 7694
3.9 7693
3.9 7692
3.93 7691
3.94 7690
3.95 7689
3.95 7688
3.96 7687
3.97 7686
3.97 7685
3.98 7684
3.98 7683
3.99 7682
3.99 7681
4.0 7680
4.01 7679
4.01 7678
4.01 7677
4.02 7676
4.02 7675
4.03 7674
4.03 7673
4.04 7672
4.04 7671
4.05 7670
4.05 7669
4.06 7668
4.06 7667
4.07 7666
4.07 7665
4.08 7664
4.09 7663
4.09 7662
4.1 7661
4.1 7660
4.11 7659
4.11 7658
4.12 7657
4.12 7656
4.13 7655
4.14 7654
4.14 7653
4.15 7652
4.15 7651
4.16 7650
4.17 7649
4.17 7648
4.18 7647
4.18 7646
4.19 7645
4.19 7644
4.2 7643
4.2 7642
4.21 7641
4.21 7640
4.22 7639
4.22 7638
4.23 7637
4.23 7636
4.24 7635
4.24 7634
4.25 7633
4.25 7632
4.25 7631
4.26 7630
4.26 7629
4.27 7628
4.27 7627
4.28 7626
4.28 7625
4.28 7624
4.29 7623
4.3 7622
4.3 7621
4.31 7620
4.31 7619
4.32 7618
4.32 7617
4.33 7616
4.33 7615
4.33 7614
4.34 7613
4.34 7612
4.34 7611
4.35 7610
4.35 7609
4.36 7608
4.36 7607
4.36 7606
4.36 7605
4.37 7604
4.37 7603
4.37 7602
4.38 7601
4.38 7600
4.39 7599
4.39 7598
4.39 7597
4.4 7596
4.4 7595
4.41 7594
4.41 7593
4.42 7592
4.42 7591
4.43 7590
4.43 7589
4.44 7588
4.44 7587
4.44 7586
4.45 7585
4.46 7584
4.47 7583
4.47 7582
4.47 7581
4.48 7580
4.48 7579
4.48 7578
4.49 7577
4.5 7576
4.5 7575
4.51 7574
4.51 7573
4.51 7572
4.52 7571
4.52 7570
4.53 7569
4.54 7568
4.54 7567
4.55 7566
4.56 7565
4.56 7564
4.57 7563
4.57 7562
4.57 7561
4.58 7560
4.59 7559
4.59 7558
4.6 7557
4.61 7556
4.61 7555
4.62 7554
4.62 7553
4.62 7552
4.63 7551
4.64 7550
4.64 7549
4.65 7548
4.66 7547
4.66 7546
4.66 7545
4.67 7544
4.67 7543
4.68 7542
4.69 7541
4.69 7540
4.7 7539
4.7 7538
4.71 7537
4.71 7536
4.72 7535
4.73 7534
4.73 7533
4.74 7532
4.74 7531
4.75 7530
4.75 7529
4.76 7528
4.76 7527
4.77 7526
4.77 7525
4.78 7524
4.78 7523
4.79 7522
4.79 7521
4.79 7520
4.81 7519
4.81 7518
4.82 7517
4.83 7516
4.84 7515
4.85 7514
4.85 7513
4.86 7512
4.87 7511
4.87 7510
4.89 7509
4.89 7508
4.9 7507
4.9 7506
4.91 7505
4.91 7504
4.92 7503
4.92 7502
4.92 7501
4.95 7500
4.95 7499
4.96 7498
4.96 7497
4.96 7496
4.97 7495
4.98 7494
4.98 7493
4.99 7492
4.99 7491
5.0 7490
5.0 7489
5.01 7488
5.01 7487
5.02 7486
5.02 7485
5.02 7484
5.03 7483
5.03 7482
5.04 7481
5.04 7480
5.05 7479
5.05 7478
5.06 7477
5.06 7476
5.07 7475
5.07 7474
5.07 7473
5.08 7472
5.08 7471
5.09 7470
5.09 7469
5.1 7468
5.1 7467
5.11 7466
5.11 7465
5.11 7464
5.12 7463
5.12 7462
5.13 7461
5.13 7460
5.13 7459
5.14 7458
5.14 7457
5.14 7456
5.15 7455
5.15 7454
5.16 7453
5.17 7452
5.17 7451
5.17 7450
5.18 7449
5.18 7448
5.19 7447
5.19 7446
5.19 7445
5.2 7444
5.21 7443
5.21 7442
5.21 7441
5.22 7440
5.23 7439
5.23 7438
5.23 7437
5.24 7436
5.25 7435
5.26 7434
5.26 7433
5.27 7432
5.28 7431
5.28 7430
5.29 7429
5.29 7428
5.3 7427
5.31 7426
5.31 7425
5.32 7424
5.33 7423
5.33 7422
5.34 7421
5.34 7420
5.35 7419
5.35 7418
5.36 7417
5.36 7416
5.37 7415
5.38 7414
5.38 7413
5.39 7412
5.4 7411
5.4 7410
5.42 7409
5.42 7408
5.42 7407
5.43 7406
5.43 7405
5.44 7404
5.45 7403
5.46 7402
5.46 7401
5.47 7400
5.48 7399
5.48 7398
5.49 7397
5.5 7396
5.5 7395
5.51 7394
5.51 7393
5.52 7392
5.52 7391
5.53 7390
5.53 7389
5.53 7388
5.54 7387
5.54 7386
5.55 7385
5.55 7384
5.56 7383
5.56 7382
5.57 7381
5.57 7380
5.58 7379
5.58 7378
5.58 7377
5.59 7376
5.59 7375
5.59 7374
5.61 7373
5.61 7372
5.61 7371
5.62 7370
5.62 7369
5.62 7368
5.64 7367
5.65 7366
5.66 7365
5.66 7364
5.67 7363
5.67 7362
5.68 7361
5.68 7360
5.69 7359
5.69 7358
5.69 7357
5.7 7356
5.7 7355
5.7 7354
5.71 7353
5.72 7352
5.72 7351
5.73 7350
5.73 7349
5.74 7348
5.75 7347
5.75 7346
5.75 7345
5.76 7344
5.76 7343
5.77 7342
5.77 7341
5.78 7340
5.78 7339
5.78 7338
5.79 7337
5.79 7336
5.8 7335
5.8 7334
5.81 7333
5.81 7332
5.81 7331
5.83 7330
5.83 7329
5.83 7328
5.84 7327
5.85 7326
5.85 7325
5.85 7324
5.86 7323
5.86 7322
5.86 7321
5.87 7320
5.87 7319
5.87 7318
5.88 7317
5.88 7316
5.88 7315
5.89 7314
5.89 7313
5.9 7312
5.9 7311
5.91 7310
5.91 7309
5.92 7308
5.92 7307
5.93 7306
5.94 7305
5.95 7304
5.95 7303
5.96 7302
5.96 7301
5.96 7300
5.97 7299
5.97 7298
5.98 7297
5.98 7296
5.99 7295
5.99 7294
6.0 7293
6.0 7292
6.01 7291
6.01 7290
6.02 7289
6.02 7288
6.03 7287
6.04 7286
6.05 7285
6.06 7284
6.06 7283
6.07 7282
6.08 7281
6.08 7280
6.09 7279
6.09 7278
6.1 7277
6.1 7276
6.11 7275
6.12 7274
6.12 7273
6.12 7272
6.13 7271
6.14 7270
6.14 7269
6.14 7268
6.15 7267
6.15 7266
6.15 7265
6.15 7264
6.16 7263
6.16 7262
6.17 7261
6.17 7260
6.17 7259
6.18 7258
6.18 7257
6.18 7256
6.18 7255
6.19 7254
6.19 7253
6.2 7252
6.2 7251
6.2 7250
6.21 7249
6.22 7248
6.22 7247
6.23 7246
6.23 7245
6.24 7244
6.24 7243
6.25 7242
6.25 7241
6.26 7240
6.27 7239
6.28 7238
6.28 7237
6.29 7236
6.3 7235
6.3 7234
6.31 7233
6.32 7232
6.32 7231
6.32 7230
6.33 7229
6.33 7228
6.33 7227
6.34 7226
6.34 7225
6.35 7224
6.36 7223
6.37 7222
6.37 7221
6.37 7220
6.37 7219
6.37 7218
6.37 7217
6.37 7216
6.38 7215
6.38 7214
6.38 7213
6.38 7212
6.38 7211
6.38 7210
6.38 7209
6.38 7208
6.38 7207
6.38 7206
6.39 7205
6.39 7204
6.39 7203
6.39 7202
6.39 7201
6.39 7200
6.39 7199
6.39 7198
6.39 7197
6.39 7196
6.4 7195
6.4 7194
6.4 7193
6.4 7192
6.4 7191
6.4 7190
6.4 7189
6.4 7188
6.4 7187
6.4 7186
6.41 7185
6.41 7184
6.41 7183
6.41 7182
6.41 7181
6.41 7180
6.41 7179
6.41 7178
6.41 7177
6.41 7176
6.42 7175
6.42 7174
6.42 7173
6.42 7172
6.42 7171
6.42 7170
6.42 7169
6.42 7168
6.42 7167
6.42 7166
6.43 7165
6.43 7164
6.43 7163
6.43 7162
6.43 7161
6.43 7160
6.43 7159
6.43 7158
6.43 7157
6.43 7156
6.44 7155
6.44 7154
6.44 7153
6.44 7152
6.44 7151
6.44 7150
6.44 7149
6.44 7148
6.44 7147
6.45 7146
6.45 7145
6.45 7144
6.45 7143
6.45 7142
6.45 7141
6.45 7140
6.45 7139
6.45 7138
6.46 7137
6.46 7136
6.46 7135
6.46 7134
6.46 7133
6.46 7132
6.47 7131
6.47 7130
6.63 7129
6.63 7128
6.63 7127
6.63 7126
6.63 7125
6.63 7124
6.63 7123
6.64 7122
6.64 7121
6.64 7120
6.64 7119
6.64 7118
6.64 7117
6.64 7116
6.64 7115
6.64 7114
6.65 7113
6.65 7112
6.65 7111
6.65 7110
6.65 7109
6.65 7108
6.65 7107
6.65 7106
6.66 7105
6.66 7104
6.72 7103
6.84 7102
6.85 7101
6.88 7100
7.02 7099
7.11 7098
7.15 7097
7.17 7096
7.17 7095
7.17 7094
7.17 7093
7.17 7092
7.19 7091
7.25 7090
7.51 7089
8.55 7088
8.55 7087
8.56 7086
8.56 7085
8.56 7084
8.56 7083
8.57 7082
8.57 7081
8.57 7080
8.57 7079
8.58 7078
8.58 7077
8.58 7076
8.58 7075
8.59 7074
8.59 7073
8.59 7072
8.59 7071
8.6 7070
8.6 7069
8.6 7068
8.6 7067
8.61 7066
8.61 7065
8.61 7064
8.62 7063
8.62 7062
8.62 7061
8.63 7060
8.63 7059
8.64 7058
8.64 7057
8.65 7056
8.65 7055
8.66 7054
8.66 7053
8.67 7052
8.67 7051
8.68 7050
8.69 7049
8.69 7048
8.7 7047
8.7 7046
8.71 7045
8.71 7044
8.72 7043
8.73 7042
8.74 7041
8.75 7040
8.76 7039
8.77 7038
8.78 7037
8.79 7036
8.8 7035
8.82 7034
8.84 7033
8.85 7032
8.92 7031
9.0 7030
9.06 7029
9.13 7028
9.21 7027
9.3 7026
9.37 7025
9.44 7024
9.53 7023
9.61 7022
9.69 7021
9.81 7020
9.93 7019
10.07 7018
10.21 7017
