0.0 11023
0.0 11022.0
0.0 11021.0
0.0 11020.0
0.0 11019.0
0.0 11018.0
0.0 11017.0
0.0 11016.0
0.0 11015.0
0.0 11014.0
0.01 11013.0
0.01 11012.0
0.01 11011.0
0.01 11010.0
0.01 11009.0
0.01 11008.0
0.01 11007.0
0.01 11006.0
0.01 11005.0
0.01 11004.0
0.01 11003.0
0.01 11002.0
0.01 11001.0
0.01 11000.0
0.01 10999.0
0.01 10998.0
0.01 10997.0
0.01 10996.0
0.01 10995.0
0.01 10994.0
0.01 10993.0
0.01 10992.0
0.01 10991.0
0.01 10990.0
0.01 10989.0
3.86 7756.0
12.06 7578.0
18.07 7577.0
18.14 7576.0
24.91 7564.0
32.96 7563.0
33.17 7562.0
39.24 7561.0
39.57 7560.0
46.09 7549.0
52.0 7534.0
60.35 7533.0
60.38 7532.0
71.34 7531.0
71.63 7530.0
78.09 7529.0
78.23 7528.0
85.72 7524.0
94.2 7516.0
100.21 7515.0
100.23 7514.0
